3380 1.577526
3381 1.940013
3382 0.755502
3383 1.652642
3385 0.969059
3386 1.116751
3387 1.95801
3388 1.435354
3389 1.555812
3390 1.477328
3391 1.671348
3392 2.000823
3393 2.014327
3394 1.51699
3395 1.064048
3396 1.860851
3397 1.475619
3398 1.497638
3399 1.996771
3400 2.103167
3401 1.976008
3402 1.951643
3403 2.060784
3404 2.065774
3405 1.994218
3406 1.975509
3407 1.210123
3408 2.069185
3409 2.063273
3410 1.93863
3412 1.972567
3413 2.187409
3414 2.029378
3415 2.021054
3416 2.091212
3417 1.880793
3418 1.947453
3419 1.949877
3420 1.993357
3421 2.117365
3422 2.525538
3423 1.934612
3424 1.867813
3425 1.886865
3426 2.459691
3427 1.892604
3428 1.629027
3429 1.281307
3430 3.018286
3431 2.508
3432 1.681407
3433 1.953253
3434 2.511401
3435 2.513298
3436 3.12219
3437 2.801012
3438 2.628706
3439 3.003495
3440 2.9963
3441 3.259397
3442 3.019663
3443 3.003561
3444 3.042336
3446 2.326949
3447 3.066781
3448 2.951928
3449 3.187714
3450 2.81077
3451 3.301786
3452 2.593745
3453 2.674603
3454 2.93937
3455 2.193766
3456 2.860228
3457 3.032
3458 3.66519
3459 2.42653
3460 2.644835
3461 2.578331
3462 2.339676
3463 1.675227
3464 1.263318
3465 1.869283
3466 2.242978
3467 1.557075
3468 2.13818
3469 1.542769
3470 1.77209
3471 1.073521
3472 1.432232
3473 1.22465
3474 1.821171
3475 2.480795
3476 2.654433
3477 3.335253
3478 3.726126
3479 2.799394
3481 2.917187
3482 2.662969
3483 2.99395
3484 2.670857
3485 2.262114
3486 2.329464
3487 2.809798
3488 1.641043
3489 1.773831
3490 2.418965
3491 2.325188
3492 1.910796
3493 3.400184
3494 3.180833
3495 3.049582
3496 2.390189
3497 3.148723
3498 1.879746
3499 1.698709
3500 1.760224
3501 1.792424
3502 1.337023
3503 0.660974
3504 0.866851
3505 1.029386
3506 0.896943
3507 1.377491
3508 1.374609
3509 1.360784
3510 1.816833
3511 1.490132
3512 1.191184
3513 1.049574
3514 0.928024
3515 1.26697
3516 1.066115
3517 1.923269
3518 3.222036
3519 2.360957
3520 3.006503
3521 1.82602
3522 1.676172
3523 1.631936
3524 0.727286
3525 0.834345
3526 0.840857
3527 1.137743
3528 0.899835
3529 1.289442
3530 1.027137
3532 0.979665
3533 1.221307
3534 1.376127
3535 1.053663
3536 1.1104
3537 1.374766
3538 1.066236
3539 1.377566
3540 0.939206
3541 1.891421
3542 1.428476
3543 1.285209
3544 1.376127
3545 1.216998
3546 1.777046
3547 1.565442
3548 1.051057
3549 0.600639
3550 0.826975
3551 0.873291
3552 1.660893
3553 2.388324
3554 2.24969
3555 1.503547
3556 1.949964
3557 2.255143
3558 1.65005
3559 1.439152
3560 1.158905
3561 1.553006
3563 1.181272
3564 0.51984
3565 1.2044
3566 0.850046
3567 1.0944
3568 0.943493
3569 0.710649
3570 1.126907
3571 0.735009
3572 1.323259
3573 1.675726
3574 2.026265
3575 1.41337
3576 2.158865
3577 2.66
3578 1.264665
3579 3.123788
3580 2.743786
3581 1.917909
3582 1.393156
3583 1.738358
3584 1.878833
3585 2.27427
3586 2.0421
3587 2.893117
3588 2.210398
3589 1.530733
3590 2.502087
3591 2.262409
3592 2.363275
3593 2.070346
3594 1.800659
3595 1.722289
3596 1.641479
3597 2.133093
3598 1.9678
3599 2.433212
3600 1.874995
3601 2.045019
3602 1.518494
3603 1.141299
3605 1.472914
3606 1.486897
3607 1.670343
3608 1.543375
3609 2.219413
3610 2.180123
3611 1.79044
3612 1.388337
3613 1.923507
3614 2.27774
3615 2.00019
3616 1.864547
3617 0.455097
3618 0.634118
3619 1.224503
3620 1.131897
3621 1.336431
3622 0.039688
3623 1.767128
3624 1.886058
3625 1.955135
3626 2.134691
3627 2.238792
3628 1.792759
3629 1.854505
3630 1.823715
3631 1.868523
3632 1.666527
3633 2.081558
3634 2.458294
3635 2.186613
3636 1.58948
3637 1.356173
3638 1.365291
3639 1.312192
3640 1.20874
3641 1.591458
3642 2.133459
3643 2.478721
3644 1.908222
3645 1.936815
3646 2.249514
3648 1.85823
3649 2.667668
3650 2.129405
3651 1.503955
3652 1.770353
3653 1.773547
3654 1.780887
3655 1.690022
3656 2.31781
3657 1.766809
3658 1.454857
3659 0.623185
3660 0.981288
3661 2.029239
3662 2.933796
3663 2.339676
3664 2.581138
3665 3.140755
3666 4.052531
3667 3.34976
3668 3.878012
3669 3.819858
3670 3.221376
3671 2.722714
3672 2.846498
3673 3.993468
3674 2.223986
3675 3.311385
3676 2.842188
3677 3.18754
3678 2.510913
3679 4.11025
3681 4.506385
3682 4.76206
3683 0.924378
3684 5.943812
3685 2.263145
3686 2.201688
3687 2.325016
3688 2.632119
3689 2.964211
3690 3.570364
3691 2.890642
3692 4.058455
3693 4.571053
3694 3.91039
3695 3.626521
3696 3.270274
3697 3.411865
3698 3.541524
3700 2.926781
3701 3.045381
3702 3.337856
3703 3.811237
3704 3.993523
3705 3.301278
3706 3.272991
3707 4.225493
3708 3.455041
3709 3.916687
3710 4.679353
3711 0.36279
3712 6.159832
3713 3.199683
3714 2.460762
3715 2.689534
3716 2.487672
3717 1.903914
3718 2.219413
3719 2.144522
3720 2.041143
3721 1.074091
3722 1.224428
3723 0.83527
3725 0.439806
3726 0.329383
3727 0.102023
3728 2.586757
3729 1.883551
3730 2.195353
3731 1.965897
3732 2.102115
3733 1.724158
3734 1.967952
3735 1.718486
3736 1.835908
3737 1.921322
3738 1.911349
3739 2.03355
3740 2.093352
3741 1.69759
3742 1.963195
3743 1.329259
3744 1.410297
3745 1.733703
3746 1.614018
3747 1.691588
3748 1.804456
3749 1.675941
3750 1.979596
3751 1.984547
3752 2.007357
3753 2.058772
3754 1.615224
3756 1.379702
3757 2.241279
3758 1.314957
3759 1.235095
3760 1.541562
3761 1.29684
3762 1.01855
3763 0.896024
3764 1.136617
3765 0.748404
3766 1.064
3767 0.767042
3768 1.148578
3769 0.549704
3770 1.373407
3771 1.078492
3772 0.749448
3773 0.709137
3774 0.875137
3775 1.34362
3776 1.181085
3777 0.857439
3778 1.063254
3779 0.884657
3780 1.019294
3781 0.876886
3782 1.17025
3783 0.95464
3784 0.817311
3785 0.578906
3786 0.912
3787 0.736665
3788 1.040222
3789 0.785972
3790 0.773601
3791 0.926362
3792 0.73437
3793 0.954482
3794 0.685568
3795 0.942701
3797 0.527302
3798 0.661857
3799 0.750323
3800 0.846018
3801 0.705733
3802 0.629714
3803 0.307365
3805 0.145519
3806 0.130157
3807 0.086105
3820 0.004251
3821 0.623185
3822 0.31937
3823 0.999493
3824 1.033039
3825 1.053491
3826 0.982902
3827 1.078285
3828 1.035857
3829 1.281223
3830 0.908242
3831 1.205387
3832 1.368
