2376 1.750513
2378 1.837997
2379 0.439623
2380 0.500341
2381 1.097525
2382 0.913455
2383 1.21703
2384 0.846289
2385 1.222761
2386 1.01096
2387 1.748832
2388 1.308238
2389 1.902094
2390 1.825391
2391 1.461888
2392 1.800368
2393 1.944135
2394 1.891076
2396 1.912071
2397 1.611298
2398 1.390462
2399 1.621639
2400 1.70884
2401 1.667498
2402 1.0944
2403 0.8832
2404 1.54066
2405 1.221003
2406 1.361874
2407 1.710338
2408 1.433655
2409 1.551382
2410 1.728585
2411 1.863899
2412 1.987061
2413 1.876919
2415 1.942317
2416 1.873958
2417 1.82887
2418 1.998212
2419 1.905492
2420 1.673331
2421 1.975095
2422 1.76983
2423 1.941502
2424 1.648975
2425 2.285011
2426 1.111706
2427 0.194601
2428 1.924081
2429 1.071441
2430 2.178717
2431 2.418826
2432 2.824112
2433 3.039833
2434 2.998036
2436 2.222222
2437 2.831794
2438 2.778918
2439 3.095477
2440 3.597082
2441 3.193798
2442 4.266997
2443 3.609674
2444 3.859921
2445 3.252643
2446 3.374002
2447 3.127548
2448 2.594206
2449 2.432
2450 2.201311
2451 1.905824
2452 1.883818
2453 2.405275
2454 1.579822
2455 1.831224
2456 1.289442
2457 0.873489
2458 1.4592
2459 0.237569
2460 1.45337
2461 2.17568
2462 1.79075
2463 1.55002
2464 2.350609
2465 1.495841
2466 1.465031
2467 1.294971
2469 1.508199
2470 1.872712
2471 1.54599
2472 1.704571
2473 1.917909
2474 1.195459
2475 1.181315
2476 1.441141
2477 0.996116
2478 1.670343
2479 1.808554
2480 1.873576
2481 1.524672
2482 1.439715
2483 1.333228
2484 0.856864
2485 0.747659
2486 0.725988
2487 0.533275
2488 0.728885
2489 0.7484
2490 0.586315
2491 0.911107
2492 0.867711
2493 0.841779
2494 1.594418
2495 1.308076
2496 1.507753
2497 1.606857
2498 1.270598
2499 0.952562
2500 1.661826
2501 0.91189
2502 0.921943
2503 0.96211
2504 0.233983
2505 1.150694
2507 1.525752
2508 1.421666
2509 1.426504
2510 0.615635
2511 1.694625
2512 2.08168
2514 0.575423
2515 0.780166
2516 0.578874
2517 0.999796
2518 1.133746
2519 1.76796
2520 1.160032
2521 1.269027
2522 0.902077
2523 1.160451
2524 1.53794
2525 1.941299
2526 2.152587
2527 1.418943
2528 1.3557
2529 1.492779
2530 1.886406
2531 1.488817
2532 0.633035
2533 0.758495
2534 0.568659
2535 1.036361
2536 1.585295
2537 1.563429
2538 1.252675
2539 1.411087
2540 1.297147
2541 0.580444
2542 0.856016
2543 1.101122
2544 1.32402
2545 1.281779
2546 1.377566
2547 2.43793
2548 1.912329
2549 2.173411
2550 2.050941
2551 2.287233
2552 2.464571
2553 1.594216
2554 1.563127
2555 1.935153
2556 1.990108
2557 2.128
2558 1.891937
2559 2.578883
2560 2.068079
2561 1.486897
2562 1.684405
2564 1.874473
2565 1.993758
2566 1.578063
2567 1.668689
2568 1.601143
2569 2.383409
2570 1.56923
2571 1.693593
2572 1.972087
2573 1.690527
2574 2.210471
2575 1.933538
2576 2.624825
2577 1.56682
2578 2.326419
2579 1.825369
2580 2.28479
2581 1.748429
2582 1.640428
2583 1.768703
2584 2.26465
2585 2.293019
2586 2.446354
2587 1.76796
2588 0.55826
2589 1.650893
2590 0.870285
2591 2.000751
2593 0.597457
2594 0.578789
2595 2.306877
2596 1.994869
2597 1.852876
2598 2.667668
2599 1.994667
2600 2.065998
2601 2.07227
2602 2.417431
2603 2.103776
2604 2.25681
2605 2.352799
2606 1.751532
2607 1.755374
2608 1.131842
2609 1.106331
2610 0.962184
2611 0.996858
2612 0.803429
2613 1.206633
2614 1.654978
2615 1.280951
2616 1.169395
2617 1.316278
2618 1.893145
2619 2.287826
2620 2.251996
2621 2.066826
2622 2.131053
2627 0.285693
2628 5.431458
2629 1.506154
2630 2.396611
2631 2.825679
2632 2.854668
2633 2.889103
2634 2.55638
2635 3.27687
2636 3.744008
2637 3.753606
2638 3.899157
2639 3.7996
2640 4.620603
2641 3.108733
2642 3.845381
2643 4.198715
2644 3.728144
2645 2.920864
2646 4.786113
2647 4.246865
2648 3.967778
2649 5.493844
2650 0.395658
2651 6.187357
2652 2.592853
2653 2.156608
2654 3.115924
2655 3.249191
2656 5.133413
2657 0.661526
2658 2.670857
2659 2.897263
2660 2.553582
2661 3.289714
2662 3.817925
2663 5.258805
2664 3.139157
2665 4.270386
2666 3.738566
2667 3.392511
2668 4.154789
2669 4.318561
2670 3.067385
2672 0.500706
2673 5.557859
2674 1.650893
2675 2.302888
2676 2.658288
2677 2.012555
2678 3.459996
2679 3.733315
2680 4.063042
2681 3.470627
2682 3.95777
2683 3.096879
2684 3.104991
2685 3.192456
2686 2.586262
2687 2.086642
2688 1.972252
2689 1.982923
2690 1.642965
2691 1.386962
2692 0.832508
2695 0.133223
2696 2.267489
2697 1.618094
2698 1.288629
2699 1.474629
2700 1.528056
2701 1.539874
2702 1.902354
2703 2.017702
2704 2.067996
2705 2.472975
2706 1.989235
2707 2.581439
2708 2.164008
2709 2.570593
2710 1.844412
2711 1.830402
2712 1.791429
2713 1.253106
2714 1.549497
2715 1.591284
2716 1.91981
2717 1.737894
2718 2.210471
2719 2.029208
2720 2.569271
2721 1.887741
2722 2.331266
2723 1.822696
2724 1.973109
2725 1.52934
2726 1.399433
2727 1.121758
2728 2.361542
2729 1.588976
2730 1.277341
2731 1.042016
2732 1.874566
2733 1.147216
2734 1.572725
2735 0.78146
2736 0.879812
2737 0.690769
2738 1.190742
2739 0.937239
2740 0.996513
2741 1.147442
2742 0.652274
2743 1.285865
2744 1.332784
2745 0.923806
2746 0.976451
2748 1.050884
2749 1.365291
2750 1.11002
2751 1.091501
2752 1.465031
2753 1.068503
2754 0.983837
2755 1.105236
2756 0.80705
2757 0.840189
2758 1.126907
2759 0.946918
2760 1.321949
2761 1.123612
2762 1.245241
2763 0.656044
2764 1.073608
2765 1.158905
2766 0.958351
2767 1.239961
2768 1.346286
2769 0.81791
2770 0.509275
2771 0.408118
2773 0.085835
2775 0.082163
2788 0.006647
2789 0.0152
2796 0.003075
2797 0.346398
2798 0.236976
2800 0.39645
