1264 1.066179
1265 1.049574
1266 0.979996
1267 1.363405
1268 0.7538
1269 0.900943
1270 0.681374
1271 0.894817
1272 0.575741
1273 0.708259
1274 0.725879
1275 0.964865
1276 0.95841
1277 1.05891
1278 0.815829
1279 0.972235
1280 1.018849
1281 1.096352
1282 1.298802
1283 0.928879
1284 0.906831
1285 0.953933
1287 1.035207
1288 1.135397
1289 1.160341
1290 1.320641
1291 1.067461
1292 1.237714
1293 0.839541
1294 0.891873
1295 1.105236
1296 0.869187
1297 0.894004
1298 0.89805
1299 1.085714
1300 0.854384
1301 0.946983
1302 0.871882
1304 0.825111
1305 1.051057
1306 0.982125
1307 1.268236
1308 0.413021
1309 0.411347
1310 0.656112
1311 1.652622
1312 1.722877
1313 2.161094
1314 1.903722
1315 2.065471
1316 2.690901
1317 1.486354
1318 2.565233
1319 1.9984
1320 2.15337
1321 1.233949
1322 2.74595
1323 2.491461
1325 1.48853
1326 2.655473
1327 2.905077
1328 1.712568
1329 2.530661
1330 2.282967
1331 2.036992
1332 2.951928
1333 1.951184
1334 1.344074
1335 2.199636
1336 1.542905
1337 1.974042
1338 1.547839
1339 1.735421
1340 1.202725
1341 1.311113
1342 0.852092
1343 1.563429
1344 0.411754
1345 1.281622
1346 2.432663
1347 2.931452
1348 2.791057
1349 1.702359
1350 2.231533
1351 2.581275
1352 2.416671
1353 2.812754
1354 2.912822
1355 3.53433
1356 2.310803
1357 2.02165
1358 2.667668
1359 1.505111
1360 1.93814
1361 2.386847
1362 3.437049
1363 2.551984
1364 2.908274
1365 2.07849
1366 2.067149
1367 1.748743
1368 1.486755
1369 2.219413
1370 1.593283
1371 1.681853
1372 1.670343
1373 1.26777
1374 0.783303
1375 1.213592
1376 1.148578
1377 0.982224
1378 1.475964
1379 1.437796
1380 1.825822
1381 1.400143
1382 1.397798
1383 1.101669
1384 1.135904
1385 1.074857
1387 0.652816
1388 0.942701
1389 0.628467
1390 0.436451
1391 0.324698
1392 0.501918
1393 2.086642
1394 1.949371
1395 0.99077
1396 1.591279
1397 1.511314
1398 0.551136
1399 1.618094
1400 1.645133
1401 1.332226
1402 0.910595
1403 1.312684
1404 1.015603
1405 1.963018
1406 1.859765
1407 1.809552
1409 0.866765
1410 1.431889
1411 1.024642
1412 1.473648
1413 0.71802
1414 0.996879
1415 0.443783
1416 0.479081
1417 0.847411
1418 0.659913
1419 1.104142
1420 0.812614
1421 1.159414
1422 0.53547
1423 1.964028
1424 1.358895
1425 2.004594
1426 1.013156
1427 1.574362
1429 0.845715
1430 1.509595
1431 1.185202
1432 1.082374
1433 0.985552
1434 1.27164
1435 1.535103
1436 1.449727
1437 1.49783
1438 1.568048
1439 1.302479
1440 1.344951
1441 0.862069
1442 1.225641
1443 0.861608
1444 1.667472
1445 2.361542
1446 1.38324
1447 1.632293
1448 2.295944
1449 2.124452
1450 2.13497
1451 1.739718
1452 2.232143
1453 1.620987
1454 2.055417
1455 1.446931
1456 1.56525
1457 2.145457
1458 1.573095
1459 2.351335
1460 1.791409
1461 2.490251
1462 2.059009
1463 2.49958
1464 2.56688
1465 2.319721
1466 2.203881
1467 1.841918
1469 2.226585
1470 2.930062
1471 1.976232
1472 1.791429
1473 2.348263
1474 1.723897
1475 2.254202
1476 2.875397
1477 2.27291
1478 2.401811
1480 0.464764
1481 5.860107
1482 1.902354
1483 1.605265
1484 1.722653
1485 2.208016
1486 2.055417
1487 2.113403
1488 1.762962
1489 0.547737
1490 1.030024
1491 1.364582
1492 1.225641
1493 0.931865
1495 0.017358
1496 1.520396
1497 1.76553
1498 1.845427
1499 1.958
1500 1.709442
1501 1.74639
1502 1.746305
1503 1.905061
1504 1.493487
1505 2.190194
1506 2.109695
1507 2.210471
1508 1.262406
1509 1.187262
1510 0.978472
1511 0.985068
1512 1.92422
1513 1.886785
1514 2.128
1515 2.131948
1516 1.314549
1517 1.400571
1518 1.479115
1519 2.091279
1520 1.670314
1521 2.071659
1522 2.129996
1523 2.130754
1524 1.700364
1525 1.831224
1526 1.797365
1527 2.153847
1528 0.947391
1529 0.375529
1530 2.000751
1531 2.572835
1532 2.904542
1533 2.961353
1534 3.512854
1535 2.303968
1536 2.847049
1537 3.02277
1538 3.896783
1540 4.08355
1541 2.900268
1542 3.729686
1543 3.182622
1544 3.302025
1545 4.235445
1546 2.568176
1547 2.883034
1548 2.246655
1549 2.125049
1550 2.377873
1551 2.261894
1552 3.170589
1553 3.253706
1554 2.687756
1555 3.121239
1556 2.871416
1557 4.067564
1558 4.161341
1560 3.35359
1561 5.357203
1562 3.29481
1563 4.612581
1564 1.220888
1565 7.265795
1566 3.903105
1567 3.459149
1568 3.678713
1569 3.701643
1570 4.078745
1571 3.564226
1572 3.859373
1573 3.057958
1574 3.360983
1575 2.871485
1576 3.155811
1577 2.645802
1578 3.302641
1579 3.727698
1580 3.903105
1581 3.625782
1582 4.093143
1583 4.046887
1584 2.922797
1585 3.378318
1586 2.742297
1587 3.236188
1588 1.975714
1589 2.405275
1590 2.147584
1591 1.530875
1592 2.842597
1593 2.164985
1594 1.41681
1595 1.257303
1597 0.673363
1598 0.974749
1599 1.126106
1600 1.355798
1601 1.077448
1602 1.289442
1603 1.443165
1604 1.255667
1605 1.647018
1606 1.301035
1607 1.658196
1608 1.809417
1609 2.622226
1610 2.021117
1611 2.232143
1612 1.64382
1613 1.758857
1614 1.386864
1616 1.358976
1617 1.845714
1618 1.714099
1619 1.777178
1620 1.848855
1621 1.93437
1622 2.547405
1623 2.027588
1624 1.720783
1625 1.87536
1626 1.556116
1627 2.071651
1628 2.170797
1629 2.634869
1630 1.876297
1631 1.672759
1632 1.223128
1633 1.332132
1634 1.996794
1635 1.593285
1636 2.245201
1637 0.913349
1638 1.073354
1639 0.856016
1640 0.884317
1641 0.606796
1642 0.650139
1643 0.281727
1644 0.415804
1645 0.567309
1646 0.743449
1647 0.618099
1648 0.877687
1649 0.996879
1650 0.923913
1651 0.590386
1652 0.751796
1653 0.632816
1654 0.728298
1655 0.98006
1656 0.845039
1658 0.994421
1659 1.224503
1660 1.088182
1661 0.86177
1662 0.955973
1663 1.202756
1664 1.040408
1665 1.09864
1666 0.949189
1667 1.180228
1668 1.039429
1669 0.944639
1670 1.021439
1671 0.739517
1672 0.439475
1673 0.379195
1675 0.096158
1676 0.035882
1700 0.0
