4371 1.892643
4372 2.66444
4373 0.797133
4374 1.525927
4375 1.009055
4376 1.131263
4377 1.507021
4378 1.475571
4379 1.368871
4380 1.537065
4381 1.916332
4382 2.011253
4383 1.506919
4384 1.932198
4385 2.052491
4386 1.586246
4387 2.505514
4388 1.367928
4389 2.029241
4390 1.892947
4391 1.966774
4392 1.848152
4393 1.843656
4394 1.981415
4395 1.897003
4396 2.080663
4397 2.022969
4398 1.959118
4399 2.101162
4400 1.904195
4401 2.004196
4403 2.082158
4404 2.005155
4405 2.205357
4406 2.022074
4407 2.012067
4408 1.971285
4409 2.340499
4410 1.905734
4411 1.820725
4412 1.823916
4413 2.286321
4414 1.900507
4415 1.978885
4418 0.25493
4419 0.909261
4420 2.517556
4421 2.146987
4422 3.140603
4423 2.535489
4425 2.976715
4426 2.7468
4427 3.405978
4428 2.482693
4429 2.778627
4430 2.398524
4431 2.583363
4432 2.854115
4433 3.110513
4434 3.407405
4435 3.316539
4436 3.075261
4437 3.214264
4438 2.307992
4439 2.128783
4440 2.017539
4441 1.805798
4442 2.361542
4443 1.874079
4444 2.121015
4445 1.596349
4446 1.462812
4447 1.366644
4448 1.132004
4449 1.137039
4450 1.247857
4451 1.603028
4453 2.672807
4454 2.501717
4455 2.908341
4456 3.131501
4457 2.551984
4458 1.27173
4459 2.056623
4460 2.220528
4461 2.159123
4462 2.228966
4463 2.415971
4464 2.448855
4465 2.396691
4466 2.953356
4467 2.844982
4468 2.400464
4469 3.140156
4470 2.302178
4471 2.097618
4472 2.470527
4473 1.378629
4474 2.346688
4475 1.433143
4476 0.721917
4477 0.675953
4478 1.051057
4479 1.287529
4481 0.913003
4482 1.007715
4483 1.227713
4484 1.214884
4485 1.419469
4486 1.132146
4487 1.225505
4488 1.491388
4489 1.232024
4490 1.568063
4491 0.967698
4492 0.96211
4493 0.934375
4494 0.543993
4495 2.263079
4497 2.525901
4498 2.294963
4499 2.256244
4500 1.72518
4501 0.729035
4502 1.745215
4503 0.941419
4504 1.062945
4505 0.999632
4506 1.3557
4507 1.208008
4508 1.998754
4509 1.168127
4510 0.701266
4511 0.488761
4512 1.141132
4513 1.748183
4514 2.321452
4515 1.82874
4516 1.151385
4517 1.803386
4518 1.759482
4519 1.909835
4521 1.32383
4522 1.343305
4523 1.17025
4524 1.222178
4525 1.589719
4526 1.713728
4527 1.325123
4528 1.41414
4529 1.321013
4530 1.108523
4531 0.92103
4532 0.818154
4533 1.448471
4534 1.809325
4535 2.231056
4536 1.93215
4537 1.866918
4538 1.973107
4539 2.36536
4540 2.53885
4541 3.069043
4542 2.486824
4543 1.496974
4544 1.780571
4545 1.327929
4546 2.036592
4547 1.85313
4548 2.123786
4549 1.837687
4550 2.372476
4551 2.125733
4552 2.143031
4553 2.143313
4554 2.258059
4555 2.222355
4556 1.877243
4557 2.197546
4558 1.998098
4559 2.342819
4560 2.268995
4561 2.641282
4562 2.169665
4563 2.16236
4564 3.020154
4567 0.830558
4568 5.76249
4569 1.967952
4570 1.837911
4571 2.197546
4572 1.613411
4573 1.758857
4574 1.68705
4575 1.923026
4576 2.275485
4577 1.105877
4578 0.594669
4579 0.162374
4580 1.651162
4581 1.498286
4582 1.94091
4583 2.19323
4584 2.405275
4585 2.070422
4586 2.01568
4587 1.856983
4588 2.257706
4589 2.032941
4590 2.198619
4591 2.256064
4592 2.703776
4593 2.493275
4594 2.433816
4595 2.671279
4596 2.037101
4597 1.842059
4598 1.056253
4599 1.410366
4600 0.956377
4601 1.439715
4602 2.200128
4603 2.505163
4604 2.186635
4605 1.038827
4606 0.815435
4607 0.382509
4608 1.650893
4609 2.050141
4610 2.330105
4611 2.459101
4612 2.600476
4613 1.749291
4614 1.373853
4616 2.67918
4617 3.181522
4618 1.151434
4619 1.354935
4620 1.373575
4621 0.468227
4622 2.760984
4623 4.167768
4624 3.344064
4625 3.212426
4626 3.361063
4627 3.422018
4628 2.774016
4629 3.17195
4630 3.211237
4631 3.922318
4632 2.753922
4633 3.005499
4634 3.33417
4636 2.165956
4637 2.457485
4638 3.420292
4639 3.121709
4640 3.363037
4641 2.124048
4642 3.388231
4643 4.247345
4644 4.121463
4645 3.534338
4646 5.695681
4647 3.903976
4648 3.484638
4649 1.064033
4650 6.169155
4651 2.541344
4652 2.947295
4653 2.667108
4654 4.165499
4655 3.089183
4656 3.634078
4657 4.25031
4658 3.965846
4659 3.082478
4660 2.856135
4661 3.629778
4662 2.682427
4663 2.683654
4664 2.879928
4665 3.618845
4666 2.861634
4667 2.743183
4668 4.253017
4669 3.521303
4671 0.463729
4672 6.978121
4673 2.820731
4674 4.227623
4675 3.443806
4676 2.568048
4677 2.624825
4678 2.016309
4679 2.328743
4680 2.076995
4681 1.842059
4682 0.917778
4683 1.092216
4684 1.171804
4685 0.433426
4686 0.579267
4687 0.224
4688 0.826165
4689 1.760224
4690 0.833387
4691 2.029496
4692 1.706394
4693 1.978885
4694 1.579493
4695 2.294884
4696 1.958279
4697 2.569271
4698 2.007604
4699 2.093954
4700 2.27774
4701 1.775017
4702 2.169277
4703 1.366566
4704 1.69877
4705 1.47961
4706 1.724935
4707 1.847192
4708 2.092436
4709 2.131498
4710 2.261158
4712 2.080307
4713 1.83056
4714 2.060813
4715 1.423057
4716 1.084352
4717 1.607161
4718 1.11728
4719 0.985068
4720 1.042286
4721 0.79022
4722 0.754254
4723 1.453415
4724 0.956779
4725 1.144182
4726 0.840389
4727 0.933459
4728 0.265631
4729 0.074763
4730 0.248309
4731 0.439906
4732 0.432997
4733 0.477241
4734 0.399718
4735 0.379248
4736 0.433426
4737 0.363092
4738 0.520111
4739 0.492212
4740 0.787181
4741 0.73355
4742 0.898501
4743 1.101312
4744 1.062002
4745 1.241205
4746 1.158384
4747 1.052811
4748 0.991611
4749 0.954805
4750 0.74449
4751 0.757562
4753 0.711757
4754 0.696729
4755 0.633574
4756 0.594727
4757 0.807518
4758 0.676836
4759 0.821874
4760 0.55052
4761 0.374342
4762 0.407718
4763 0.129584
4764 0.019543
4781 0.004647
4782 0.477046
4785 0.004145
4786 0.18525
4786 0.598033
