5276 2.016642
5277 2.464596
5278 0.81395
5279 1.349025
5280 0.933698
5282 1.233766
5283 1.545719
5284 1.500155
5285 1.500827
5286 1.577605
5287 1.711674
5288 2.63224
5289 1.975571
5290 1.380015
5291 1.865966
5292 1.944135
5294 1.619849
5295 2.157393
5296 2.041606
5297 1.956308
5298 2.109092
5299 1.672184
5300 1.782553
5301 2.075084
5302 2.051916
5303 2.073468
5304 2.146682
5305 1.933535
5306 1.980624
5307 1.998234
5308 1.99067
5309 2.004196
5310 2.072218
5311 2.037954
5312 2.056783
5313 1.877746
5314 2.148412
5315 2.064119
5316 2.383842
5317 2.075013
5318 1.737911
5319 1.521509
5320 0.875786
5321 1.869554
5322 2.737574
5323 2.963766
5324 2.677156
5325 3.824288
5326 3.586957
5327 3.437277
5328 3.09668
5329 3.71769
5330 3.122706
5331 2.576655
5332 2.938866
5333 3.587389
5334 4.421363
5336 3.358991
5337 3.818094
5338 3.476321
5339 2.146645
5340 3.480535
5341 4.430961
5342 4.000497
5343 4.185766
5344 4.293753
5345 3.017072
5346 2.091756
5347 2.503672
5348 1.552714
5349 1.446297
5350 1.978885
5351 1.475611
5352 1.742813
5353 1.40461
5354 1.647018
5355 1.597719
5356 1.105236
5357 1.599058
5358 3.027586
5359 2.931516
5360 2.942202
5361 2.769365
5362 2.802667
5363 2.722092
5364 2.27037
5365 3.006593
5366 2.572436
5368 2.099401
5369 3.031702
5370 3.205754
5371 2.816032
5372 2.671809
5373 2.924423
5374 3.003593
5375 2.199921
5376 2.536472
5377 0.939117
5378 1.443165
5379 1.421491
5380 1.552496
5381 1.082212
5382 0.812673
5383 1.311113
5384 1.033109
5385 1.289442
5386 1.434928
5387 1.248262
5388 1.596228
5389 1.547964
5390 1.063262
5391 1.342291
5392 1.355798
5393 1.267424
5394 1.716492
5395 1.393141
5396 1.473648
5397 1.418065
5398 1.206804
5399 0.898997
5400 1.048527
5401 1.76637
5402 2.142495
5403 2.576559
5404 2.413263
5405 2.752388
5406 2.956622
5407 2.38754
5408 1.433143
5409 0.804554
5410 2.141733
5411 1.75365
5412 1.527826
5414 1.049967
5415 1.043241
5416 1.602089
5417 1.005658
5418 1.168777
5419 0.439906
5420 0.360007
5421 1.626957
5422 1.782665
5423 2.316348
5424 2.477062
5425 1.67053
5426 1.562535
5427 2.106118
5428 1.749558
5429 1.198629
5430 0.601442
5431 1.49783
5432 1.100484
5433 1.568031
5434 1.512631
5435 1.666209
5436 1.907073
5437 1.132016
5438 1.26777
5439 0.830234
5440 0.976174
5441 0.647227
5442 1.10424
5443 1.612131
5444 1.295886
5445 2.525538
5446 2.720184
5447 2.657565
5448 2.276423
5449 1.995631
5450 1.361301
5451 1.498846
5453 1.207079
5454 1.794772
5455 2.104312
5456 1.835892
5457 2.828838
5458 2.431778
5459 2.60207
5460 1.884884
5461 2.512096
5462 2.251661
5463 2.025813
5464 2.60207
5466 2.170505
5467 0.15345
5468 5.496982
5469 2.123786
5470 1.721024
5471 2.315497
5472 2.264492
5473 1.916269
5474 2.364511
5475 2.082446
5476 1.82647
5478 2.130674
5479 1.714778
5480 1.693817
5481 2.137376
5482 2.044484
5483 1.846045
5484 1.420204
5485 0.037428
5486 2.019429
5487 1.56179
5488 1.678947
5489 1.956883
5490 2.109532
5491 2.158307
5492 2.667668
5493 1.916563
5494 2.034086
5495 1.873814
5496 2.118661
5497 3.072192
5498 2.353732
5499 2.536472
5500 2.524705
5501 2.112663
5502 2.254482
5503 2.064906
5504 1.342322
5505 1.365291
5506 0.90762
5507 1.574286
5508 1.227176
5509 2.06635
5510 1.680357
5511 1.831481
5512 1.744539
5513 1.190827
5514 0.524787
5515 1.191704
5517 1.963532
5518 2.45994
5519 2.138857
5520 1.88243
5521 1.77374
5522 1.78209
5523 1.18762
5524 1.699173
5525 1.447844
5526 0.53704
5527 1.968681
5528 3.60792
5529 3.546773
5530 3.596123
5531 2.394565
5532 2.898087
5533 3.339098
5534 3.808864
5535 2.978142
5536 4.119138
5537 3.593302
5538 1.290446
5539 2.080444
5540 2.294186
5541 2.667668
5542 2.951127
5543 3.581698
5544 3.337942
5545 3.744424
5547 4.622413
5548 4.485522
5549 4.477333
5550 4.548156
5551 3.755948
5552 4.524499
5553 3.65889
5554 3.145407
5555 0.181603
5556 6.956691
5557 4.0999
5558 3.371684
5559 3.369222
5560 3.341533
5561 4.360869
5562 4.701333
5563 4.411824
5564 4.277474
5565 3.255225
5566 4.110833
5567 3.419718
5569 1.430954
5570 8.951518
5571 4.154565
5572 4.643893
5573 4.437653
5574 3.827461
5575 4.220164
5576 3.437392
5577 3.796851
5578 3.990569
5579 3.689862
5580 3.876
5581 2.241835
5582 3.527856
5583 3.496
5586 0.489837
5587 6.032218
5588 1.563429
5589 1.907073
5590 1.319718
5591 1.287529
5592 0.794323
5593 0.2688
5594 1.501806
5595 1.582004
5596 1.51651
5597 1.982923
5598 1.676036
5599 2.285011
5600 1.663326
5601 1.997852
5602 2.030191
5603 1.066869
5604 1.711586
5605 2.000751
5606 1.764
5607 1.572325
5608 1.700024
5609 1.896238
5611 1.326875
5612 1.571168
5613 1.349059
5614 1.700739
5615 1.596408
5616 1.926885
5617 2.38103
5618 1.94619
5619 1.945231
5620 2.037101
5621 1.64836
5622 2.031848
5623 2.018198
5624 2.048626
5625 1.717866
5626 1.742813
5627 0.972929
5628 1.050018
5629 0.997867
5630 1.054818
5631 1.78209
5632 1.253212
5633 1.534105
5634 1.066092
5635 0.836894
5636 0.38318
5637 0.273836
5638 0.363375
5639 0.456907
5640 0.382509
5641 0.323018
5642 0.435635
5643 0.472094
5644 0.330406
5645 0.553166
5646 0.606196
5647 0.516297
5648 0.556547
5649 0.846018
5650 0.592306
5651 0.751796
5652 0.483863
5654 0.582378
5655 0.661629
5656 0.540795
5657 0.592996
5658 0.616276
5659 0.49533
5660 0.437685
5661 0.462446
5662 0.650783
5663 0.455294
5664 0.585125
5665 0.402454
5666 0.564012
5667 0.453755
5668 0.379195
5669 0.341628
5670 0.300129
5671 0.286882
5673 0.020912
5692 0.004617
5694 0.008516
5695 0.084185
5697 0.251009
5698 0.210469
5699 0.238803
5700 0.343341
5700 0.235475
