3360 0.008628
3361 0.922281
3362 1.022563
3363 1.024637
3364 0.875452
3365 0.88077
3366 0.512748
3367 0.574592
3368 0.553487
3369 0.657154
3370 0.48198
3371 0.445487
3372 0.694471
3373 0.653532
3374 0.530069
3375 0.677452
3376 0.686458
3378 0.79477
3379 0.650885
3380 0.541994
3381 0.847636
3382 0.348753
3383 0.375752
3384 0.440338
3385 0.398804
3386 0.280532
3399 0.0017
3400 0.259836
3401 0.467377
3402 0.706709
3403 1.082143
3404 1.305105
3405 1.672693
3406 1.621521
3407 1.754901
3408 2.040368
3409 1.67018
3410 1.785817
3411 1.447528
3412 1.613445
3413 1.720032
3414 1.680267
3416 1.464492
3417 1.468641
3418 2.163017
3419 1.653665
3420 1.738052
3421 1.760979
3422 1.718019
3423 1.399576
3424 1.554302
3425 2.025034
3426 1.772316
3427 1.481654
3428 1.205898
3429 1.96426
3430 1.928575
3432 1.64784
3433 2.191533
3434 2.263533
3435 1.803924
3436 1.581576
3437 1.512599
3438 1.670584
3439 2.011541
3440 1.669209
3441 2.105189
3442 1.646713
3443 2.357439
3444 1.942769
3445 2.029814
3446 2.125171
3447 1.641533
3449 1.751093
3450 1.889183
3451 1.796461
3452 1.816043
3453 1.780083
3454 2.22423
3455 1.442908
3456 1.607893
3457 1.670202
3459 1.644383
3460 1.335279
3461 1.70982
3462 1.767217
3463 1.982274
3464 2.003245
3465 2.023009
3466 1.373383
3467 1.757014
3468 1.62069
3469 1.734561
3470 1.825806
3471 1.691809
3472 2.040839
3473 1.519561
3474 1.340933
3475 1.606441
3477 1.785889
3478 1.913143
3479 1.515794
3480 1.930315
3481 1.522422
3482 1.23823
3483 1.543414
3484 1.809467
3485 1.404598
3486 2.066915
3487 1.60564
3488 1.843424
3489 2.147652
3490 1.402757
3492 1.685336
3493 1.107477
3494 1.363953
3495 1.774024
3496 1.456766
3497 1.699857
3498 1.578585
3499 1.648408
3500 1.695704
3501 1.511233
3502 1.438032
3503 1.270385
3504 1.290786
3505 1.073357
3506 1.378884
3507 1.746794
3508 1.555275
3509 1.505095
3510 1.018878
3511 1.83419
3512 1.991001
3513 1.667619
3514 1.51218
3515 2.08227
3517 1.739993
3518 1.897298
3519 2.107327
3520 1.945742
3521 1.585802
3522 1.782142
3523 1.77843
3524 1.737622
3525 1.987948
3526 1.160655
3527 1.270147
3528 1.196357
3529 1.577136
3530 1.531788
3532 1.8122
3533 1.54786
3534 1.474616
3535 1.873554
3536 0.94786
3537 1.272044
3538 0.791857
3539 1.069665
3540 1.31833
3541 1.281366
3542 1.191702
3543 0.874813
3544 0.849837
3545 1.265221
3546 1.497279
3547 1.129269
3548 1.701315
3549 1.435366
3550 1.412236
3551 1.424611
3552 1.790202
3553 1.506334
3555 1.544865
3556 1.505793
3557 1.632373
3558 1.27782
3559 1.465777
3560 1.445944
3561 1.707057
3562 1.629517
3563 1.522006
3564 1.268304
3565 1.692835
3566 1.229387
3567 0.957331
3568 0.910447
3569 0.934881
3570 1.286578
3571 1.303289
3572 1.614332
3573 1.689007
3575 1.215696
3576 1.402395
3577 1.52051
3578 1.590186
3579 1.266685
3580 1.516111
3581 1.270641
3582 1.545502
3583 1.858141
3584 1.380415
3585 1.175035
3586 1.093903
3587 1.237409
3588 1.742773
3589 1.651678
3591 1.273369
3592 1.543832
3593 1.185519
3594 1.393279
3595 1.220369
3596 0.920607
3597 0.611701
3598 0.412982
3599 0.919517
3600 1.067982
3601 1.060341
3602 0.565704
3603 0.450635
3604 0.158947
3605 1.224864
3606 0.94692
3607 1.011948
3608 0.798558
3609 1.040626
3610 0.935311
3611 1.068372
3612 1.171504
3614 0.794951
3615 0.951586
3616 0.594404
3617 0.655794
3618 0.740063
3619 0.511384
3620 0.417624
3621 0.346398
3622 0.193457
3623 0.562779
3624 0.498501
3625 0.379248
3626 0.272466
3627 0.573231
3628 0.546727
3629 0.549448
3630 0.515631
3631 0.234008
3632 0.557586
3633 0.388726
3634 0.661435
3636 0.644048
3637 0.518084
3638 0.575517
3639 0.579515
3640 0.500282
3641 0.511945
3642 0.443914
3643 0.636963
3644 0.696967
3645 0.645191
3646 0.46857
3647 0.377521
3648 0.459854
3649 0.300424
3650 0.210055
3651 0.450635
3652 0.404467
3653 0.479867
3654 0.446827
3656 0.136282
3657 0.185195
3658 0.361827
3659 0.388987
3660 0.360072
3661 0.325702
3662 0.431882
3663 0.417104
3664 0.482689
3665 0.458771
3666 0.355773
3667 0.24922
3668 0.24922
3669 0.347184
3670 0.661035
3671 0.520737
3672 0.629379
3673 0.830129
3674 0.984903
3675 0.633481
3676 0.7095
3677 0.981203
3678 0.833427
3679 0.709743
3681 0.486582
3682 0.699889
3683 0.639446
3684 0.486051
3685 0.581859
3686 0.578944
3687 0.447317
3688 0.379248
3689 0.25143
3690 0.250149
3710 0.010049
3712 0.10228
3713 0.101333
3714 0.094182
3715 0.071338
3716 0.946786
3717 1.062384
3718 1.24198
3719 1.145901
3720 0.854139
3721 0.639573
3723 0.598847
3724 0.717331
3725 0.639076
3726 0.982646
3727 0.815782
3728 1.030455
3729 0.760185
3730 1.022405
3731 0.865835
3732 0.69342
3733 0.447608
3734 0.44283
3735 0.2592
3736 0.394115
3737 0.837323
3738 0.647485
3739 0.852218
3740 0.837931
3741 0.5848
3743 0.408353
3744 0.465087
3745 0.373275
3746 0.678561
3747 0.520993
3748 0.689034
3749 0.621224
3750 0.564698
3751 0.645595
3752 0.642208
3753 0.633454
3754 0.567209
3755 0.980884
3756 0.597449
3757 0.821749
3758 0.649272
3759 0.52164
3760 0.488261
3761 0.609966
3762 0.547268
3763 0.514403
3764 0.961462
3765 0.800991
3766 0.605613
3767 0.692623
3768 0.286882
3769 0.23621
3770 0.528227
3771 0.80651
3773 0.42501
3774 0.284927
3775 0.386259
3776 0.399075
3777 0.4547
3778 0.336566
3779 0.347262
3780 0.316824
3781 0.476016
3782 0.309255
3783 0.195042
3784 0.198069
3785 0.596103
3786 0.735754
3787 0.561349
3788 0.484973
3789 0.411332
3790 0.339309
3791 0.631081
3792 0.576932
3793 0.592995
3794 0.853381
3795 0.991854
3796 0.923341
3797 0.470122
3798 0.334845
3799 0.326091
3801 0.52324
3802 1.079493
3803 1.107414
3804 1.034557
3805 1.10105
3806 0.978482
3807 0.917357
3808 1.082178
3809 0.811796
3810 0.867827
3811 0.863577
3812 1.117193
3813 0.966981
3814 0.821595
3815 0.948442
3817 0.913167
3818 0.965533
3819 0.874422
3820 0.951939
3821 1.0924
3822 1.164963
3823 0.742725
3824 0.779565
3825 0.879112
3826 0.547932
3827 0.855333
3828 0.607462
3829 1.031568
3830 1.041118
3831 1.282677
3832 0.964826
3833 0.932932
3834 1.060868
3835 0.81996
3836 0.78798
3837 0.464618
3838 0.581631
3839 0.586749
3840 0.565173
3841 0.618198
3842 0.454097
3843 0.768583
3844 0.770688
3845 0.806368
3847 0.631751
3848 0.879835
3849 0.650917
3850 0.483132
3851 0.480667
3853 0.054096
3854 0.706226
3855 1.197307
3856 0.810238
3857 0.696174
3858 0.338776
3859 0.053126
3860 0.198447
3862 0.212505
3863 0.206686
3864 0.194849
3876 0.013247
3877 0.015414
3879 0.008805
3880 0.026477
3882 0.023435
3883 0.02567
3885 0.0228
3886 0.026057
3891 0.024661
3892 1.100166
3893 1.551896
3894 0.431513
3895 0.734749
3896 0.59257
3897 0.687865
3899 0.733872
3900 0.835408
3901 0.582885
3902 0.444261
3903 0.420667
3904 0.492538
3905 0.568659
3906 0.461497
3907 0.676745
3908 0.773489
3909 1.451876
3910 1.394573
3911 1.43722
3912 1.029045
3913 1.284618
3914 1.204042
3915 1.159262
3916 1.252004
3917 1.244851
3918 1.39604
3919 1.173139
3920 1.177566
3922 1.318301
3923 1.507173
3924 1.112877
3925 0.944288
3926 0.963406
3927 1.509411
3928 1.144414
3929 1.359137
3930 1.367736
3931 1.050788
3932 1.334574
3933 0.925791
3934 1.235189
3935 1.345467
3936 0.972502
3937 1.100778
3939 1.033006
3940 1.333395
3941 1.031262
3942 0.879207
3943 0.776756
3944 0.851926
3945 1.170923
3946 0.94979
3947 0.894216
3948 0.616951
3949 0.326019
3950 0.315996
3951 0.617214
3952 0.195346
3954 0.963432
3955 1.136691
3956 0.89041
3957 1.015688
3958 0.990202
3959 1.200444
3960 1.374681
3961 1.542057
3962 1.180559
3963 1.362374
3964 1.355968
3965 0.968113
3966 1.033447
3967 0.698494
3968 0.993183
3969 0.853897
3970 0.950516
3971 1.03444
3972 0.947924
3973 0.909061
3974 0.759446
3976 0.621652
3977 1.150669
3978 0.68335
3979 0.857926
3980 0.89469
3981 0.898252
3982 1.063296
3983 1.286723
3984 0.933894
3985 0.886349
3986 1.136416
3987 0.659045
3988 1.028095
3989 0.754918
3990 0.880127
3991 1.178677
3992 0.960454
3993 1.105315
3994 1.065275
3996 0.77858
3997 0.79671
3998 0.700246
3999 0.791588
4000 0.787042
4001 0.774986
4002 0.783224
4003 0.508686
4004 0.443721
4005 0.647576
4006 0.603984
4007 0.505228
4008 0.585365
4009 0.451119
4010 0.375581
4011 0.325815
4012 0.578571
4013 0.434243
4014 0.919713
4015 0.852897
4016 0.996131
4017 0.95785
4018 0.830777
4020 0.764447
4021 0.806329
4022 0.736236
4023 0.790291
4024 1.00481
4025 0.855292
4026 0.703705
4027 0.847849
4028 0.732063
4029 0.81313
4030 0.854218
4031 1.191398
4032 0.911466
4033 0.71168
4034 0.536934
4035 0.526498
4036 0.787683
4037 0.729354
4038 0.787216
4039 0.688807
4040 0.720471
4041 0.622454
4042 0.551018
4043 0.801284
4044 1.070082
4045 0.889314
4046 1.429786
4048 1.27659
4049 1.347932
4050 1.013722
4051 0.778265
4052 0.961773
4053 0.567835
4054 0.49844
4055 0.40601
4056 0.870055
4057 0.861471
4058 1.149505
4059 1.140907
4060 1.010151
4061 1.068467
4062 0.97657
4063 0.952015
4064 1.51322
4065 1.225708
4066 1.581864
4067 1.295952
4068 1.314147
4069 1.432722
4070 1.480219
4072 1.672162
4073 1.010204
4074 1.036054
4075 1.511896
4076 1.28884
4077 1.112954
4078 1.298978
4079 1.440165
4080 1.340373
4081 1.092173
4082 1.397365
4083 1.389558
4084 1.373142
4085 1.5934
4086 1.784072
4087 1.671527
4088 1.508016
4089 1.27773
4090 1.412778
4091 1.398251
4092 1.247588
4093 1.245169
4094 1.505547
4095 1.521452
4096 1.417569
4097 1.372155
4098 1.058997
4100 1.32725
4101 1.493139
4102 1.610947
4103 0.946915
4104 1.269608
4105 1.407441
4106 1.014214
4107 0.845629
4108 1.216911
4109 1.077727
4110 1.212109
4111 1.582096
4112 1.17824
4113 1.53584
4114 0.696044
4116 1.02329
4117 0.946033
4118 0.449361
4119 0.103334
4120 1.02041
4121 1.198919
4122 1.336405
4123 1.686475
4124 1.433903
4125 1.27516
4126 1.568088
4128 1.278435
4129 1.561911
4130 0.940736
4131 1.154173
4132 1.110895
4133 1.360586
4134 1.211005
4135 1.357003
4136 0.910519
4137 0.853671
4138 0.772546
4139 0.79675
4140 0.765505
4141 0.493692
4142 0.196981
4143 0.892321
4144 0.635469
4145 0.656935
4146 0.542828
4147 0.306915
4148 0.30604
4149 0.393694
4150 0.384339
4151 0.494353
4152 0.55543
4153 0.426066
4154 0.384118
4156 0.397265
4157 0.509339
4158 0.427485
4159 0.415191
4160 0.367297
4161 0.604755
4162 0.593908
4163 0.297347
4164 0.375146
4165 0.724103
4166 1.075957
4167 0.853043
4168 0.837428
4169 1.167704
4170 1.052488
4171 1.201315
4172 1.35981
4173 1.158544
4174 0.772317
4175 0.619785
4176 0.994022
4177 1.083678
4178 1.095289
4179 0.943745
4180 0.978
4181 0.936289
4183 0.883482
4184 1.205435
4185 1.235437
4186 1.039111
4187 0.840626
4188 0.568063
4189 0.545766
4190 0.763928
4191 1.160428
4192 0.710537
4193 0.880493
4194 0.787125
4195 0.661158
4196 0.767231
4197 0.671596
4198 0.574321
4199 0.291099
4200 0.224187
4201 1.024063
4202 0.885272
4203 1.216791
4204 1.099376
4206 1.088013
4207 1.394313
4208 1.389724
4209 1.1931
4210 1.475928
4211 0.996487
4212 1.116317
4213 1.213019
4214 1.004839
4215 1.145782
4216 0.86575
4217 1.243483
4218 1.264321
4219 0.780507
4220 0.481224
4221 0.571139
4222 0.857162
4223 0.876
4224 0.119064
4225 1.385557
4226 1.35399
4227 1.664087
4228 1.33393
4230 1.254122
4231 1.38361
4232 1.332438
4233 1.626398
4234 1.353397
4235 1.562965
4236 1.69847
4237 0.949794
4238 1.066346
4239 1.301996
4240 1.270275
4241 1.066294
4242 0.848333
4243 0.496969
4244 0.594841
4245 1.131656
4246 1.521025
4248 1.41122
4249 1.674387
4250 1.191887
4251 1.61196
4252 0.709319
4253 0.821485
4254 0.910294
4255 1.406028
4256 1.087386
4257 1.460765
4258 1.550505
4259 1.637363
4260 1.593403
4262 1.483909
4263 1.396447
4264 1.540112
4265 1.151767
4266 1.55173
4267 1.307772
4268 1.31569
4269 1.379964
4270 1.086224
4271 1.167512
4272 1.21885
4274 1.440186
4275 1.831114
4276 1.097499
4277 1.348914
4278 1.593247
4279 1.130343
4280 1.230087
4281 0.732681
4282 0.825517
4283 1.043286
4284 0.505959
4285 1.322463
4286 1.366641
4287 1.140562
4288 1.381486
4289 1.597946
4290 1.193768
4291 0.931971
4293 1.278408
4294 1.480135
4295 1.298941
4296 0.951199
4297 1.290501
4298 1.215835
4299 1.315002
4300 1.256773
4301 1.416314
4302 1.327644
4303 1.361339
4304 1.286193
4305 0.954877
4306 1.001394
4307 1.117077
4308 1.06937
4309 1.3027
4310 0.936655
4311 0.942874
4312 0.970026
4313 0.921464
4315 0.535109
4316 0.587282
4317 0.482824
4318 0.412527
4319 0.441956
4320 0.612252
4321 0.671083
4322 0.703952
4323 0.651192
4324 0.42491
4325 0.557929
4326 0.408583
4327 0.536471
4328 0.360526
4329 0.446718
4330 0.43583
4331 0.547683
4332 0.741637
4333 0.324932
4334 0.450492
4335 0.622026
4336 0.720799
4337 0.907386
4338 0.565499
4339 0.74042
4340 0.734597
4341 0.858986
4342 0.852316
4343 0.937269
4344 0.89718
4345 0.606489
4346 0.842136
4347 0.653399
4348 0.671303
4349 0.665877
4350 0.504154
4351 0.76016
4352 0.610687
4353 0.544248
4354 0.687255
4356 0.5956
4357 0.962831
4358 0.939473
4359 0.913724
4360 0.820768
4361 0.77353
4362 0.738958
4363 0.986226
4364 0.72691
4365 0.983564
4366 0.730653
4367 0.690596
4368 0.628889
4369 0.38137
4370 0.435711
4371 0.357856
4372 0.350633
4373 0.202345
4374 0.297507
4375 0.209477
4376 0.34925
4377 0.411754
4378 0.27364
4379 0.216499
4380 0.075956
4381 0.143193
4383 0.091889
4388 0.041985
4389 0.400522
4390 0.303564
4405 0.015764
4406 0.697174
4407 1.05403
4408 0.132755
4409 0.219435
4410 0.840455
4411 0.86088
4412 0.88548
4413 0.830953
4415 0.957562
4417 0.422457
4418 0.690685
4419 0.91889
4420 0.566907
4421 0.890986
4423 0.161134
4424 1.035357
4425 0.914525
4426 0.918008
4428 1.06066
4429 0.950193
4430 0.896657
4431 1.073713
4432 0.980007
4433 0.796865
4434 0.998614
4435 0.876985
4436 0.957842
4437 0.90818
4438 0.934463
4439 0.817212
4440 0.779549
4441 0.898758
4442 1.083525
4443 0.82373
4444 1.09036
4445 0.441592
4446 0.404138
4448 0.413121
4449 0.574764
4450 0.481397
4451 0.519289
4452 0.555113
4453 0.548447
4454 0.354473
4455 0.477793
4456 0.558306
4457 0.630641
4458 0.557251
4459 0.660087
4460 0.577507
4461 0.440206
4462 0.463754
4463 0.542279
4464 0.567337
4465 0.578183
4466 0.529687
4467 0.430002
4468 0.418858
4469 0.273545
4471 0.352126
4472 0.418858
4473 0.376562
4474 0.439325
4475 0.507992
4476 0.597489
4477 0.675948
4478 0.337063
4479 0.568856
4480 0.574289
4481 0.494313
4482 0.444262
4483 0.418447
4484 0.391403
4485 0.248349
4486 0.162133
4487 0.160646
4488 0.180629
4489 0.09955
4490 0.094708
4491 0.3648
4492 0.208975
4493 0.302263
4495 0.230266
4496 0.312686
4497 0.312578
4498 0.440338
4499 0.374828
4500 0.339263
4501 0.450635
4502 0.337443
4503 0.493553
4504 0.314899
4505 0.310848
4506 0.175122
4507 0.051762
4508 0.641442
4509 0.628467
4510 0.596141
4511 0.669259
4513 0.250398
4514 0.166114
4515 0.499176
4516 0.397806
4517 0.216384
4518 0.083365
4519 0.400522
4520 0.349
4521 0.332588
4522 0.411754
4523 0.337118
4524 0.3318
4525 0.340407
4526 0.332938
4527 0.327952
4528 0.351736
4529 0.204515
4530 0.328909
4532 0.385924
4533 0.513854
4534 0.391074
4535 0.425741
4536 0.436216
4537 0.492458
4538 0.437236
4539 0.448869
4540 0.448612
4541 0.435808
4542 0.451812
4543 0.478779
4544 0.461244
4545 0.414299
4546 0.460101
4547 0.475441
4548 0.472043
4549 0.481489
4550 0.510051
4551 0.621806
4552 0.652646
4553 0.625782
4554 0.536784
4555 0.648288
4556 0.500341
4557 0.631545
4558 0.64579
4559 0.651549
4561 0.533689
4562 0.69868
4563 0.692333
4564 0.480145
4565 0.632646
4566 0.660336
4567 0.826851
4568 0.57976
4569 0.712665
4570 0.693228
4571 0.476849
4572 0.642439
4573 0.456147
4574 0.697378
4575 0.679255
4576 0.521718
4577 0.213862
4578 0.654503
4580 0.531851
4581 0.682733
4582 0.697885
4583 0.642646
4584 0.684365
4585 0.532822
4586 0.67562
4587 0.6692
4588 0.676024
4589 0.475984
4590 0.434875
4591 0.506322
4592 0.488942
4593 0.316694
4594 0.499459
4595 0.547321
4596 0.593528
4597 0.629529
4598 0.669806
4599 0.688713
4600 0.676824
4601 0.569341
4602 0.646661
4604 0.609465
4605 0.653175
4606 0.552762
4607 0.536703
4608 0.576715
4609 0.557368
4610 0.54755
4611 0.5984
4612 0.59995
4613 0.643134
4614 0.420196
4615 0.566626
4616 0.558072
4617 0.523969
4618 0.538143
4619 0.547976
4620 0.593844
4621 0.603289
4622 0.548474
4624 0.51812
4625 0.536839
4626 0.544407
4627 0.59596
4628 0.477853
4629 0.536847
4630 0.559303
4631 0.616595
4632 0.697933
4633 0.59609
4634 0.50649
4635 0.678178
4636 0.522223
4637 0.766162
4638 0.79044
4639 0.671057
4640 0.925419
4641 0.814914
4642 1.128483
4643 0.931683
4645 0.842186
4646 0.981285
4647 1.131526
4648 0.569127
4649 0.575548
4650 1.079169
4651 0.532516
4652 1.03638
4653 0.667414
4654 0.607952
4655 0.857283
4656 0.651343
4657 0.823927
4658 0.912278
4659 0.551311
4660 0.764863
4661 0.796443
4662 0.62709
4663 0.53055
4664 0.491762
4665 0.518
4666 0.482275
4667 0.292646
4669 0.097813
4670 0.519183
4671 0.301862
4672 0.769687
4673 0.648371
4674 0.84967
4675 0.573998
4676 0.864752
4677 0.60493
4678 0.846701
4679 0.852156
4680 0.652731
4681 0.639848
4682 0.811479
4683 0.618376
4684 0.544768
4685 0.652188
4686 0.882962
4687 0.628683
4688 0.897335
4689 0.846788
4690 0.685863
4692 0.846204
4693 0.862474
4694 0.685341
4695 0.81198
4696 0.854723
4697 0.615457
4698 0.815286
4699 0.647919
4700 0.615888
4701 0.752016
4702 0.56521
4703 0.720063
4704 0.721902
4705 0.852551
4706 0.764182
4707 0.618925
4708 0.562353
4709 0.865262
4710 0.587653
4711 0.864991
4712 0.685901
4713 0.855241
4715 0.652833
4716 0.854368
4717 0.637307
4718 0.785904
4719 0.602525
4720 0.895278
4721 0.573552
4722 0.653067
4723 0.936809
4724 0.694086
4725 0.91996
4726 0.757396
4727 1.037153
4728 0.904745
4729 0.819733
4730 0.498654
4731 0.552871
4732 0.653019
4733 0.709866
4734 0.511572
4735 0.603969
4736 0.475213
4737 0.532047
4739 0.491534
4740 0.609713
4741 0.306871
4742 0.729077
4743 0.692196
4744 0.484322
4745 0.363153
4746 0.399752
4748 0.410893
4749 0.521143
4750 0.342781
4751 0.372083
4752 0.356893
4753 0.4275
4754 0.110026
4755 0.548814
4756 0.517344
4757 0.496586
4758 0.467325
4759 0.494016
4760 0.534575
4761 0.508772
4762 0.44254
4763 0.293477
4764 0.390669
4765 0.334327
4766 0.314322
4767 0.454244
4769 0.495328
4770 0.461184
4771 0.528214
4772 0.556587
4773 0.609707
4774 0.656461
4775 0.686031
4776 0.65048
4777 0.709909
4778 0.52991
4779 0.664222
4780 0.15625
4781 0.465672
4782 0.532392
4783 0.559802
4784 0.608226
4785 0.631295
4787 0.585641
4788 0.62854
4789 0.723002
4790 0.699881
4791 0.531663
4792 0.320526
4793 0.493553
4794 0.159788
4795 0.478326
4796 0.469505
4798 0.395478
4799 0.412998
4800 0.370026
4801 0.302551
4802 0.255663
4803 0.448941
4804 0.509561
4805 0.548
4806 0.574638
4807 0.476885
4808 0.574741
4809 0.605822
4810 0.505829
4811 0.564067
4812 0.620869
4813 0.476875
4814 0.205785
4815 0.772495
4817 0.962438
4818 0.884899
4819 0.225539
4820 0.159386
4821 0.530348
4822 0.421471
4823 0.518874
4824 0.356849
4825 0.55575
4826 0.445352
4827 0.488663
4829 0.455931
4830 0.325475
4831 0.35661
4832 0.538402
4833 0.520593
4834 0.546981
4835 0.471632
4836 0.308924
4837 0.299836
4838 0.371836
4839 0.329383
4840 0.182028
4841 0.640515
4842 0.526789
4843 0.446188
4844 0.583207
4845 0.465114
4846 0.443822
4847 0.49349
4848 0.494161
4849 0.586059
4850 0.255278
4851 0.311639
4852 0.498243
4854 0.574161
4855 0.184946
4856 0.372988
4857 0.793447
4858 0.383926
4860 0.376337
4861 0.520111
4862 0.320715
4863 0.363303
4864 0.460746
4865 0.323473
4866 0.3744
4867 0.348939
4868 0.28807
4868 0.272142
