1020 0.985378
1021 1.226717
1022 1.195393
1023 0.736564
1024 0.769391
1025 0.923465
1027 0.827553
1028 0.766501
1029 0.624138
1030 1.077187
1031 0.895404
1032 0.847097
1033 0.990346
1034 1.092771
1035 1.34698
1036 1.10123
1037 1.191373
1038 1.345646
1039 0.93813
1040 1.238049
1041 1.354751
1042 1.17827
1044 1.064452
1045 1.382408
1046 1.279481
1047 0.932859
1048 1.489282
1049 0.770887
1050 1.312575
1051 0.95494
1052 1.390657
1053 0.975578
1054 1.261163
1055 1.317767
1056 0.980121
1057 1.249802
1058 1.388293
1059 1.396904
1060 1.346813
1061 1.441315
1062 1.456903
1063 1.111171
1064 1.448296
1066 1.008123
1067 1.086324
1068 1.318362
1069 1.187724
1070 1.053463
1071 1.057562
1072 0.913593
1073 0.736816
1074 0.836556
1075 0.972254
1076 0.961518
1077 1.0124
1078 1.01924
1079 1.119255
1081 0.940085
1082 1.038978
1083 0.781552
1084 0.927443
1085 1.068863
1086 0.671556
1087 0.73444
1088 0.656824
1089 0.61494
1090 0.337208
1091 0.475757
1092 1.01958
1093 0.808047
1094 0.814466
1095 1.093806
1096 1.074702
1097 0.938198
1098 1.068051
1099 1.334744
1100 0.898675
1101 0.9654
1103 0.89237
1104 0.956845
1105 1.233061
1106 0.971916
1107 1.120521
1108 1.213646
1109 1.006691
1110 1.013059
1112 1.002842
1113 1.042919
1114 1.061624
1115 1.0287
1116 1.077898
1117 0.976837
1118 1.195029
1119 1.228557
1120 1.051435
1121 1.230772
1122 1.333111
1123 1.27574
1124 1.006038
1125 0.856187
1126 1.215121
1127 1.139501
1128 0.911605
1129 1.290802
1130 0.482347
1131 1.260835
1133 0.463161
1134 0.97229
1135 1.208703
1136 1.018854
1137 1.172404
1138 1.404699
1139 1.167693
1140 1.356064
1141 1.241267
1142 1.038969
1143 0.996488
1144 0.802352
1145 1.285545
1146 0.765362
1147 0.930145
1148 0.979863
1149 0.975976
1151 0.776137
1152 1.11516
1153 0.805172
1154 0.931993
1155 0.849357
1156 0.841681
1158 0.649393
1159 0.874804
1160 0.850052
1161 0.983899
1162 0.899052
1163 0.840023
1164 0.926007
1165 0.876683
1166 1.128879
1167 0.729309
1169 0.777224
1170 1.014954
1171 0.762819
1172 0.894936
1173 0.808442
1174 0.865956
1175 1.083195
1176 1.119414
1177 0.806521
1178 0.872325
1179 1.019152
1180 0.962714
1181 1.161126
1182 1.020691
1183 0.974841
1184 1.041507
1185 0.951162
1186 1.423345
1187 0.888167
1188 1.013384
1189 0.902431
1190 0.727403
1191 0.922294
1193 0.895171
1194 0.998483
1195 0.952714
1196 1.307885
1197 1.059105
1198 0.636567
1199 0.980265
1200 0.705558
1201 0.799334
1202 0.537438
1203 0.774042
1204 0.632063
1205 0.458919
1206 0.443063
1207 0.467953
1208 0.340186
1209 0.260571
1210 0.13055
1211 0.689491
1213 0.71339
1214 0.88811
1215 0.986382
1216 0.88605
1217 0.9594
1218 1.177787
1219 1.096778
1220 1.073055
1221 1.097911
1222 0.903992
1223 0.99663
1224 0.897749
1225 1.366352
1226 1.234217
1227 1.12375
1229 1.046831
1230 0.975452
1231 0.943111
1232 1.196103
1233 0.873447
1234 1.021621
1235 0.91798
1236 0.939643
1237 0.500443
1238 0.505273
1239 0.680262
1240 0.497434
1241 0.517131
1242 0.896911
1243 0.708965
1244 0.554846
1245 0.511206
1246 0.291042
1247 0.750455
1248 0.589267
1249 0.35851
1251 0.620898
1252 0.495167
1253 0.428756
1255 0.099353
1256 0.593542
1257 0.658421
1258 0.961879
1259 0.786682
1260 0.764208
1261 0.51704
1262 0.496096
1263 0.486727
1265 0.764166
1266 0.895065
1267 0.906366
1268 0.824904
1269 0.830399
1270 0.858333
1271 1.066091
1272 0.851252
1273 0.847578
1274 0.797815
1275 0.503837
1276 0.210664
1277 0.697988
1278 0.534177
1279 0.324933
1280 0.52165
1281 0.366612
1283 0.275697
1284 0.106597
1285 0.199938
1286 0.263034
1287 0.482824
1288 0.427081
1289 0.3648
1290 0.258928
1291 0.801838
1293 0.620982
1294 0.567713
1295 0.732436
1296 0.53738
1297 0.605616
1298 0.581695
1299 0.305553
1300 0.289694
1301 0.240578
1302 0.297507
1303 0.211533
1304 0.318757
1305 0.28376
1306 0.501007
1307 0.243541
1308 0.413392
1309 0.322796
1310 0.361354
1311 0.331838
1312 0.33459
1313 0.138262
1314 0.154722
1315 0.195042
1317 0.180761
1318 0.346741
1319 0.172987
1320 0.35404
1321 0.151183
1322 0.238384
1325 0.028519
1326 0.11691
1328 0.083768
1340 0.006616
1341 0.42499
1343 0.379132
1344 0.213715
1345 0.104008
1346 0.130765
1347 0.092921
1348 0.118024
1349 0.157846
1350 0.138192
1351 0.227549
1352 0.204059
1353 0.205674
1354 0.154333
1355 0.254019
1356 0.322832
1357 0.420519
1358 0.291562
1359 0.124011
1360 0.087661
1362 0.159534
1363 0.168369
1364 0.194583
1365 0.237464
1366 0.18575
1367 0.318757
1368 0.211277
1369 0.268499
1370 0.372836
1371 0.286882
1372 0.193129
1373 0.220215
1374 0.270891
1375 0.241231
1376 0.332612
1377 0.208191
1378 0.478136
1380 0.233218
1381 0.217143
1382 0.221197
1383 0.174034
1384 0.304907
1385 0.180784
1386 0.400919
1387 0.284416
1388 0.324123
1389 0.244878
1390 0.187611
1391 0.150511
1392 0.361258
1393 0.187984
1394 0.216713
1395 0.198034
1396 0.218505
1397 0.317059
1398 0.412292
1399 0.354622
1400 0.400919
1401 0.294602
1402 0.1886
1403 0.24922
1404 0.29346
1405 0.289757
1406 0.444261
1407 0.313164
1408 0.289711
1409 0.441969
1410 0.297584
1411 0.446915
1412 0.593339
1413 0.465988
1414 0.392007
1415 0.439906
1416 0.177123
1418 0.17053
1419 0.11842
1420 0.129899
1421 0.122051
1422 0.06958
1423 0.093008
1424 0.160941
1425 0.218598
1426 0.515517
1427 0.316697
1428 0.281727
1429 0.241566
1430 0.167692
1431 0.180629
1432 0.17337
1433 0.19836
1434 0.22313
1435 0.221602
1436 0.238602
1437 0.231063
1438 0.193699
1440 0.199746
1441 0.173888
1442 0.289694
1443 0.299735
1444 0.300718
1445 0.292562
1446 0.380933
1447 0.4088
1448 0.559349
1449 0.345343
1450 0.406006
1451 0.403201
1452 0.493611
1453 0.588586
1454 0.429835
1455 0.342055
1456 0.517452
1457 0.581687
1458 0.61684
1459 0.726218
1460 0.60597
1461 0.734996
1462 0.824072
1463 0.744675
1464 0.751186
1465 0.858257
1466 0.973666
1468 0.808269
1469 1.004008
1470 0.683619
1471 1.06874
1472 0.761752
1473 0.94984
1474 0.96065
1475 0.50542
1476 0.955969
1477 0.657757
1478 0.759992
1479 0.881886
1480 0.642934
1481 0.862206
1482 0.600139
1483 0.750482
1484 0.560119
1486 0.438723
1487 0.555758
1488 0.804779
1489 0.75898
1490 0.906596
1491 0.623145
1492 0.972206
1493 0.948475
1494 0.695524
1495 0.839072
1496 0.795109
1497 0.69872
1498 1.034091
1499 0.72724
1500 0.655636
1501 0.514763
1502 0.635727
1503 0.577657
1504 0.57417
1505 0.461538
1506 0.436058
1512 0.009305
1513 0.008466
1514 0.662202
1515 1.310442
1516 1.198895
1517 1.565687
1518 1.261687
1519 1.213331
1520 1.131655
1521 1.169543
1522 1.003434
1523 1.544926
1524 1.44434
1525 1.204146
1527 1.302597
1528 1.197385
1529 0.638668
1530 1.503417
1531 1.245518
1532 1.704704
1533 1.580285
1534 1.143263
1535 1.24643
1536 1.301439
1537 1.567289
1538 1.229128
1539 1.010027
1540 1.48687
1541 0.868502
1542 1.390593
1543 1.099043
1545 1.06139
1546 1.693038
1547 1.783762
1548 1.496127
1549 1.437003
1550 1.127702
1551 1.468885
1552 1.415856
1553 1.351916
1554 1.52453
1555 1.485468
1556 1.40537
1557 1.596819
1558 1.057578
1559 1.408333
1560 1.20938
1561 1.25818
1562 1.24487
1563 1.403402
1565 1.433134
1566 1.315664
1567 1.136
1568 1.266783
1569 0.839624
1570 1.099469
1571 0.64537
1572 0.897354
1573 1.023781
1574 1.512526
1575 1.549608
1576 1.139494
1577 1.069108
1578 0.371779
1579 0.7412
1580 0.476965
1581 0.614458
1582 0.588725
1584 0.772821
1585 0.492148
1586 0.991813
1587 1.291064
1588 1.563395
1589 1.838065
1590 1.366139
1591 1.451368
1592 1.428907
1593 1.490844
1594 1.689359
1595 1.700683
1596 1.682545
1598 1.316272
1599 1.189027
1600 0.255073
1601 0.314234
1602 0.342289
1603 1.013155
1604 0.684711
1605 0.646698
1606 0.367557
1607 0.225318
1608 0.212905
1609 0.625467
1610 0.648127
1611 0.556188
1612 0.461365
1613 0.464396
1614 0.349527
1615 0.407718
1616 0.418513
1617 0.153175
1618 0.400738
1619 0.849856
1620 1.180236
1621 1.341195
1622 1.149677
1623 0.997278
1624 0.721517
1625 0.32304
1626 0.80224
1627 0.444314
1629 0.515485
1630 0.803627
1631 0.710976
1632 0.916074
1633 0.300836
1634 0.191231
1635 1.202628
1636 1.64824
1637 1.648056
1638 1.638362
1639 1.24475
1640 1.319568
1641 1.213312
1642 0.819371
1643 0.757471
1645 0.904786
1646 0.771192
1647 0.422874
1648 0.323423
1649 0.76484
1650 1.069439
1651 1.052945
1652 1.274776
1653 1.098632
1654 1.352336
1656 1.498012
1657 1.544312
1658 1.890597
1659 1.747381
1660 1.063327
1661 1.35659
1662 1.213407
1663 1.280444
1664 1.226789
1665 1.341291
1666 1.370044
1667 1.190573
1668 1.397333
1669 1.723034
1670 1.242549
1671 1.152341
1672 1.551616
1673 1.146085
1674 1.289213
1675 1.272322
1676 1.400466
1677 1.22122
1679 1.384559
1680 1.439564
1681 1.172
1682 1.450618
1683 1.259238
1684 1.345901
1685 1.534428
1686 1.146136
1687 1.494561
1688 1.147804
1689 1.267644
1690 1.579196
1691 1.412615
1692 1.483345
1694 1.624285
1695 1.319267
1696 1.604212
1697 1.6072
1698 1.723929
1699 1.760839
1700 1.371185
1701 1.540569
1702 1.308068
1703 0.933943
1704 1.638329
1705 1.261562
1706 1.535614
1707 1.728392
1708 1.928436
1709 1.349709
1710 1.577722
1712 1.294122
1713 1.374311
1714 1.404649
1715 1.48624
1716 1.678029
1717 1.563165
1718 1.576222
1719 1.187038
1720 1.297734
1721 1.434818
1722 0.911126
1723 1.038022
1724 0.49309
1725 0.535834
1726 0.594226
1727 0.841853
1728 0.740721
1729 1.158191
1730 1.631443
1731 0.996385
1733 1.20903
1734 1.079004
1735 1.101155
1736 1.234643
1737 1.286755
1738 1.07322
1739 1.005735
1740 1.001632
1741 0.878657
1742 0.841213
1743 0.7775
1744 1.002448
1745 0.950606
1746 0.537085
1747 0.488652
1748 0.434247
1749 0.499306
1750 0.736754
1751 0.773666
1752 1.057926
1753 0.836133
1754 1.042729
1755 1.039913
1756 1.185687
1757 1.23422
1758 1.109326
1759 1.017621
1761 1.071489
1762 1.000618
1763 0.816634
1764 0.751368
1765 0.512981
1766 1.033718
1767 0.967739
1768 0.755814
1769 0.964643
1770 1.171493
1771 1.025789
1772 1.140766
1773 0.943342
1774 0.962481
1775 0.901037
1776 0.594165
1777 0.57302
1778 0.740659
1779 0.875746
1780 0.515852
1782 0.305128
1783 0.016082
1784 0.400522
1785 0.190817
1786 0.278237
1787 0.159401
1788 0.270891
1789 0.16769
1790 0.081867
1791 0.408118
1792 0.192847
1794 0.199938
1795 0.157751
1796 0.239366
1797 0.452546
1798 0.300424
1799 0.230492
1800 0.462591
1801 0.365148
1803 0.195217
1804 0.709172
1805 0.442981
1806 0.684696
1807 0.600259
1808 0.234002
1809 0.290835
1810 0.632299
1811 0.684642
1812 0.734961
1813 0.939965
1814 0.860911
1815 0.690749
1816 0.863439
1817 1.080361
1819 1.247628
1820 1.264084
1821 0.953752
1822 1.047252
1823 1.624422
1824 1.424489
1825 1.345248
1826 1.046602
1827 1.608509
1828 1.584623
1829 1.602463
1830 1.779628
1831 1.274717
1832 1.587974
1833 1.310471
1835 1.483237
1836 1.596747
1837 1.550312
1838 1.89003
1839 1.657024
1840 1.343329
1841 1.603434
1842 1.271758
1843 1.245098
1844 1.199508
1845 1.198521
1846 0.976976
1847 1.067106
1848 0.970206
1849 0.876247
1850 0.886322
1852 0.778257
1853 1.070273
1854 1.078494
1855 1.020417
1856 1.081038
1857 0.9137
1858 0.987618
1859 1.027563
1860 0.888108
1861 0.871014
1863 0.902998
1864 1.162899
1865 1.238186
1866 0.802685
1867 0.9848
1868 0.915159
1869 1.121629
1870 1.111921
1871 0.854446
1872 1.095667
1873 0.706677
1874 0.669933
1875 0.788464
1876 0.695952
1877 0.934705
1878 1.317804
1879 2.209311
1880 1.711393
1881 1.855742
1882 1.836706
1883 1.490803
1885 1.925732
1886 1.743433
1887 1.028224
1888 1.428899
1889 1.347748
1890 1.241994
1891 1.311677
1892 1.267057
1893 1.222172
1894 0.871573
1895 1.111065
1897 1.122131
1898 1.249046
1899 1.000643
1900 1.157257
1901 0.651072
1902 1.134229
1903 1.565151
1904 1.557193
1905 1.510689
1906 1.587645
1907 1.057784
1908 0.957463
1909 1.177314
1910 1.28188
1911 1.769823
1913 1.626449
1914 1.338112
1915 0.70568
1916 0.99806
1917 1.346494
1918 1.03177
1919 1.214447
1920 1.524587
1921 1.324325
1922 0.671675
1923 1.113897
1924 1.427243
1925 2.0365
1926 1.273359
1928 1.300555
1929 1.284994
1930 1.270122
1931 1.053177
1932 1.322277
1933 1.134402
1934 1.134973
1935 0.96999
1936 0.878184
1937 0.881948
1938 1.069655
1939 0.902947
1940 0.88732
1941 0.968243
1942 0.772618
1943 0.796963
1944 0.756537
1946 0.923277
1947 0.901046
1948 0.861131
1949 0.696149
1950 0.563685
1951 0.886321
1952 0.936841
1953 1.409022
1954 1.033604
1955 1.370912
1956 1.538926
1957 1.503744
1958 0.605929
1959 1.286555
1960 1.13673
1961 0.607525
1962 0.235816
1964 0.108773
1965 0.102972
1967 0.037479
1968 1.178495
1969 0.869608
1970 0.712767
1971 0.706993
1972 0.624119
1973 0.549091
1974 0.718272
1975 0.824021
1976 0.891132
1977 0.967161
1978 0.976887
1979 0.854139
1980 0.680595
1981 0.728419
1982 0.963845
1983 1.025391
1984 1.103945
1985 0.651608
1986 1.048944
1987 0.575586
1988 0.702081
1989 0.729606
1990 0.86815
1991 0.732086
1992 0.461365
1993 0.322925
1994 0.290218
1995 0.826478
1996 0.773137
1997 1.289638
1998 1.031469
1999 1.319343
2000 1.184488
2001 1.681459
2002 1.122962
2006 0.195126
2007 0.031539
2008 0.194585
2009 0.515012
2010 1.128935
2011 0.871576
2012 0.139209
2013 0.459225
2015 0.298138
2016 0.587219
2017 0.39666
2018 0.403471
2019 0.302263
2020 0.485442
2021 0.153404
2022 0.514353
2023 0.590575
2024 0.856119
2026 0.876578
2027 1.221471
2028 0.850752
2029 1.115517
2030 0.878794
2031 1.056808
2032 1.116428
2033 1.307216
2034 1.026338
2035 1.646194
2036 1.131819
2037 1.019318
2038 1.125923
2039 1.367444
2040 0.980016
2041 1.355945
2042 1.005299
2044 1.065078
2045 0.973637
2046 0.91135
2047 1.087137
2048 1.029427
2049 0.940316
2050 1.068275
2051 1.479056
2052 1.200137
2053 1.728096
2054 1.829502
2055 1.14749
2056 1.56221
2057 1.539089
2058 1.703555
2060 1.600204
2061 1.6864
2062 1.836317
2063 1.478897
2064 1.620135
2065 1.258185
2066 1.624527
2067 1.325548
2068 1.329452
2069 1.443569
2070 1.400096
2071 1.354103
2072 1.240792
2073 1.398849
2074 1.746026
2075 1.891868
2076 1.539309
2077 1.243509
2078 1.704198
2079 1.999873
2080 1.400137
2082 1.573066
2083 1.336241
2084 0.886907
2085 1.164713
2086 1.055057
2087 0.83644
2088 0.773933
2089 0.622649
2090 0.256157
2091 0.094345
2092 0.699817
2093 1.123371
2094 1.104174
2095 0.538157
2096 0.544833
2097 0.654999
2098 0.476386
2099 0.407182
2100 0.393516
2101 0.47866
2103 0.71682
2104 0.815719
2105 0.707953
2106 0.949169
2107 0.930754
2108 0.455192
2109 0.246776
2110 0.086857
2111 0.500562
2112 0.656942
2113 0.750405
2114 0.679549
2115 0.806082
2116 0.689521
2117 0.544646
2118 0.685443
2119 0.621877
2120 0.84249
2122 0.907857
2123 0.787168
2124 0.635667
2125 0.727856
2126 0.770062
2127 1.025231
2128 0.88348
2129 0.865125
2130 0.863647
2131 0.798476
2132 0.7811
2133 0.87638
2134 0.627796
2135 0.904168
2136 1.21687
2137 0.980831
2138 0.715453
2139 0.677066
2140 0.568671
2142 0.466691
2143 0.717315
2144 0.789459
2145 0.676911
2146 0.820336
2147 0.844552
2148 0.589458
2149 0.501737
2150 0.505871
2151 0.46598
2152 0.489891
2153 0.764356
2154 0.622383
2155 0.782545
2156 0.745586
2157 0.563414
2158 0.728206
2159 0.516787
2160 0.496885
2161 0.720557
2162 0.831325
2163 0.778738
2164 0.992466
2165 0.95839
2166 0.896886
2167 0.866973
2169 0.811068
2170 0.909307
2171 0.832115
2172 0.936403
2173 1.039168
2174 0.969846
2175 0.815881
2176 0.950434
2177 0.683443
2178 1.005655
2179 0.715504
2180 0.970115
2181 0.867739
2182 0.918553
2183 0.653755
2184 0.731616
2185 0.98756
2186 0.673539
2187 1.058521
2188 0.914222
2189 0.455914
2190 0.318661
2191 0.470793
2192 0.907037
2193 0.855608
2194 0.984895
2195 0.953254
2196 0.868679
2197 1.021328
2199 0.976326
2200 1.008702
2201 1.081646
2202 1.124925
2203 1.180813
2204 1.013491
2205 0.99956
2206 0.948857
2207 1.113423
2208 0.969028
2209 0.871065
2210 1.078601
2211 0.949219
2213 0.927297
2214 1.073335
2215 1.028682
2216 1.05337
2217 0.958617
2218 0.912983
2219 0.922608
2220 0.840364
2221 0.956492
2222 1.058141
2223 0.876618
2224 0.743688
2225 0.831774
2226 0.491292
2227 1.018134
2228 0.864872
2229 0.888786
2230 0.986063
2231 1.034416
2232 1.093762
2233 0.994854
2234 1.143744
2235 0.864975
2236 1.275176
2237 1.044236
2238 1.030898
2240 0.788998
2241 0.753727
2242 0.619795
2243 0.783619
2244 0.718752
2245 1.357889
2246 1.490216
2247 1.644296
2248 1.464326
2249 1.367145
2250 1.423433
2251 1.24684
2252 1.77176
2253 1.275949
2254 1.071592
2255 1.624398
2256 1.223708
2257 1.172301
2258 1.074508
2260 1.127753
2261 1.171077
2262 1.06225
2263 1.018368
2264 0.849758
2265 0.999435
2266 1.06924
2267 1.085306
2268 0.785488
2269 1.062679
2270 1.16424
2271 1.240143
2272 1.372554
2273 0.938877
2274 1.103129
2275 1.068569
2277 1.026088
2278 0.813082
2279 0.469985
2280 0.658269
2281 0.809844
2282 0.860463
2283 0.614319
2284 0.401912
2285 0.402513
2286 0.178648
2287 0.260536
2288 0.303699
2289 0.293299
2290 0.281727
2290 0.22823
