2147 1.759552
2148 1.908258
2149 0.114686
2150 0.574093
2151 0.960673
2152 0.939634
2153 0.784381
2155 0.799292
2156 0.847302
2157 0.915105
2158 0.789407
2159 0.970779
2160 0.859824
2161 0.927912
2162 1.063007
2163 0.97411
2164 1.054864
2165 1.183367
2166 1.239912
2167 1.229986
2168 1.170766
2169 1.055798
2170 1.274014
2171 1.460436
2173 1.022746
2174 1.25648
2175 1.282846
2176 1.056296
2177 1.185814
2178 0.93425
2179 1.15013
2180 0.87389
2181 0.472094
2182 0.761567
2183 0.922071
2184 0.927763
2185 0.790938
2186 1.179596
2187 0.934121
2189 0.811796
2190 1.057118
2191 1.100107
2192 1.375663
2193 0.925592
2194 1.005267
2195 1.178693
2196 1.066978
2197 0.763065
2198 0.845201
2199 0.486171
2200 1.002474
2201 1.364587
2202 0.943161
2203 0.863335
2204 1.478749
2205 0.706796
2206 0.850873
2207 1.159285
2208 1.253921
2209 1.108092
2210 1.293069
2211 1.376727
2212 1.134483
2213 1.743161
2215 1.07005
2216 1.07224
2217 0.963876
2218 1.396317
2219 1.081239
2220 1.30515
2221 1.15538
2222 1.350761
2223 1.066198
2224 0.976407
2225 1.359968
2226 0.827708
2227 0.988667
2228 0.9235
2229 1.032733
2231 1.201687
2232 0.785235
2233 0.764047
2234 0.342741
2235 0.617278
2236 0.659572
2237 0.663337
2238 0.67931
2239 0.68701
2240 0.613138
2241 0.762595
2242 0.545556
2243 0.449481
2244 0.56822
2245 0.585299
2246 0.684634
2247 0.659319
2248 0.504295
2249 0.660114
2250 0.7472
2251 0.567199
2252 0.946438
2253 1.044448
2254 0.900341
2255 1.077842
2256 0.909843
2258 0.690582
2259 1.209077
2260 0.85627
2261 0.871473
2262 1.010252
2263 0.856926
2264 0.909267
2265 1.072302
2266 0.943208
2267 1.01556
2268 0.67918
2269 0.816808
2270 1.02456
2271 1.037085
2272 1.024551
2273 1.406986
2274 1.160984
2276 1.068597
2277 1.136123
2278 1.08255
2279 1.078482
2280 0.904952
2281 1.435173
2282 1.261354
2283 1.259695
2284 1.276492
2285 1.242
2286 1.161121
2287 1.326289
2288 1.208214
2289 0.987268
2290 1.351461
2292 0.851738
2293 1.049391
2294 1.185922
2295 1.24215
2296 0.871606
2297 1.071897
2298 1.099421
2299 1.05364
2300 1.169067
2301 1.060102
2302 0.985439
2303 0.935481
2304 0.944228
2305 1.027945
2306 0.888064
2307 0.879057
2308 0.817283
2309 0.849898
2310 1.101867
2311 0.651116
2312 0.713956
2313 0.889814
2314 1.017293
2316 0.900166
2317 0.86419
2318 0.967358
2319 1.011311
2320 0.558503
2321 1.002573
2322 0.6873
2323 0.575917
2324 0.948499
2325 0.797339
2326 0.715954
2327 1.064008
2328 0.976656
2329 1.210533
2330 1.115392
2332 0.763945
2333 0.9947
2334 1.084349
2335 0.85983
2336 0.848538
2337 0.869811
2338 0.834687
2339 0.93185
2340 0.727337
2341 0.813123
2342 0.742266
2343 0.905598
2344 0.585958
2345 0.864698
2346 0.677352
2348 0.722772
2349 0.639142
2350 0.673275
2351 0.396198
2352 0.230717
2353 0.070214
2354 0.425947
2355 0.026671
2356 0.708544
2357 0.863909
2358 0.928588
2360 0.99507
2361 1.172519
2362 1.28062
2363 1.118756
2364 1.195045
2365 1.127818
2366 1.018706
2367 1.023303
2368 1.393556
2369 1.349895
2370 1.213355
2371 0.904007
2372 1.246048
2373 1.030218
2374 0.870037
2375 1.214717
2376 0.725147
2378 0.778153
2379 0.971438
2380 0.497784
2381 0.671253
2382 0.718189
2383 0.529426
2384 0.503225
2385 0.448233
2386 0.510962
2387 0.321895
2388 0.411493
2389 0.824879
2390 0.700555
2391 0.462006
2392 0.265904
2394 0.309736
2396 0.094388
2397 0.659816
2398 0.539717
2400 0.323706
2401 0.440935
2402 0.567176
2403 0.7291
2404 0.583014
2405 0.827377
2406 0.981612
2407 0.834883
2408 0.927786
2409 1.03287
2410 0.82227
2411 1.117019
2412 0.741808
2413 1.14157
2414 1.109386
2415 0.780444
2416 0.574755
2417 0.884135
2419 0.763481
2420 0.881044
2421 0.974247
2422 0.978733
2423 0.821541
2424 1.029426
2425 0.78125
2426 0.917917
2427 0.496135
2428 0.620032
2429 0.460913
2430 0.225267
2432 0.257627
2433 0.09229
2434 0.256852
2435 0.270891
2436 0.203088
2437 0.600847
2438 0.581931
2439 0.458902
2440 0.541246
2441 0.239285
2442 0.440237
2443 0.656024
2444 0.567712
2445 0.432469
2446 0.573721
2447 0.421798
2448 0.307324
2449 0.455548
2450 0.455961
2452 0.302029
2453 0.476768
2454 0.291462
2455 0.278965
2456 0.178151
2457 0.278965
2458 0.205285
2459 0.185206
2460 0.500251
2461 0.280539
2462 0.395259
2463 0.478601
2464 0.132625
2465 0.178892
2467 0.242807
2468 0.44716
2469 0.448729
2470 0.349887
2471 0.388767
2472 0.387398
2473 0.2292
2474 0.421521
2475 0.415042
2476 0.350014
2477 0.38465
2479 0.36398
2480 0.427648
2481 0.513978
2482 0.584964
2483 0.476366
2484 0.567161
2485 0.475322
2486 0.454687
2487 0.366471
2488 0.457774
2489 0.280142
2490 0.26333
2491 0.323883
2492 0.716841
2493 0.593972
2494 0.522178
2496 0.195833
2497 0.354715
2498 0.327286
2499 0.46337
2500 0.439076
2501 0.58065
2503 0.745529
2504 0.614627
2505 0.53383
2506 0.55779
2507 0.657727
2508 0.780701
2509 1.035888
2510 1.067603
2511 1.131778
2512 0.765629
2514 0.537807
2515 0.645984
2516 0.725853
2517 0.705069
2518 0.539338
2519 0.476768
2520 0.333851
2521 0.487519
2522 0.341418
2523 0.246776
2524 0.199938
2525 0.152075
2527 0.089173
2528 0.1368
2529 0.195164
2530 0.143193
2531 0.119192
2532 0.150212
2533 0.154206
2534 0.265631
2535 0.195042
2536 0.149982
2537 0.206296
2538 0.191191
2540 0.101838
2541 0.386572
2542 0.600334
2543 0.372247
2544 0.354418
2545 0.60239
2546 0.532269
2547 0.468071
2548 0.311146
2550 0.115707
2551 0.368196
2552 0.148753
2553 0.281448
2555 0.250424
2556 0.216713
2557 0.197351
2558 0.174052
2559 0.236047
2560 0.157501
2561 0.148753
2562 0.157846
2563 0.217297
2564 0.340008
2565 0.242463
2566 0.334491
2568 0.358394
2569 0.382509
2570 0.2248
2571 0.237059
2572 0.351034
2573 0.284317
2574 0.306131
2575 0.239882
2576 0.428756
2577 0.254095
2578 0.304784
2579 0.44964
2580 0.465933
2581 0.210906
2582 0.267438
2583 0.332612
2585 0.068732
2586 0.47406
2588 0.096362
2589 0.334588
2590 0.650783
2591 0.806948
2592 0.724797
2594 0.885193
2595 0.881503
2596 0.845455
2597 0.978589
2598 0.499525
2599 0.700425
2600 0.901919
2601 0.713196
2602 0.776729
2603 0.989945
2604 0.834693
2606 0.940928
2607 0.946889
2608 0.994327
2609 1.073167
2610 1.045362
2611 1.030471
2612 0.911136
2614 0.910153
2615 1.171205
2616 1.246533
2617 1.133066
2618 1.065678
2619 0.663302
2620 1.190953
2621 0.442285
2622 1.018941
2623 0.949709
2624 1.174561
2625 1.297486
2626 1.22965
2627 0.871692
2628 0.902645
2629 0.851181
2630 0.900985
2631 1.025776
2633 1.122994
2634 1.139772
2635 1.001443
2636 1.078059
2637 1.121814
2638 1.116124
2639 1.250893
2640 0.842318
2641 1.094097
2642 1.142562
2643 1.210461
2644 1.129576
2645 0.985729
2646 0.969101
2647 0.893759
2648 0.951607
2649 1.025974
2650 0.678633
2651 0.873846
2653 0.595482
2654 0.84739
2655 0.924708
2656 0.306126
2657 0.654181
2658 1.319841
2659 1.39614
2660 1.312559
2661 1.034788
2662 1.057044
2663 1.385417
2664 1.423433
2665 1.07577
2667 1.270012
2668 1.300012
2669 1.070925
2670 1.404808
2671 0.973408
2672 1.325682
2673 0.969509
2674 1.211401
2675 0.587686
2677 0.880138
2678 1.063072
2679 1.133605
2680 0.828294
2681 0.887271
2682 0.987442
2683 0.84525
2684 1.045634
2685 0.948254
2686 1.103217
2687 1.104623
2688 0.932964
2689 1.068252
2690 1.080343
2691 1.089424
2693 1.089099
2694 0.927414
2695 0.783532
2696 0.501639
2697 0.106052
2698 0.946993
2699 1.000333
2700 0.53183
2701 0.952084
2702 1.231239
2703 1.069147
2704 1.356444
2705 1.126359
2706 1.09831
2707 0.927096
2709 0.98113
2710 1.036634
2711 0.87798
2712 1.21998
2713 0.855105
2714 0.719446
2715 1.071343
2716 0.634031
2717 0.933757
2718 0.824756
2719 1.086998
2720 1.021134
2721 1.065204
2722 0.987213
2723 0.778469
2724 1.061705
2725 1.064364
2726 1.377005
2727 1.205304
2728 1.314772
2729 1.131661
2730 0.879826
2731 0.574985
2733 0.699186
2734 0.278085
2735 0.768769
2736 0.519472
2737 0.705554
2738 1.109985
2739 0.55621
2740 0.863549
2741 1.113996
2742 0.756863
2743 0.50312
2744 0.62889
2745 0.626073
2746 0.603037
2748 0.37403
2749 0.771117
2750 0.462811
2751 0.758416
2752 1.017375
2753 0.874426
2754 0.841804
2755 0.464905
2756 0.484491
2757 0.282006
2758 0.438876
2759 0.324388
2760 0.245222
2761 0.292273
2762 0.26635
2763 0.243116
2764 0.389607
2765 0.26486
2766 0.189763
2767 0.354071
2768 0.881043
2769 1.027044
2770 1.196428
2771 1.392475
2773 0.523704
2774 0.521143
2775 0.487262
2776 0.657955
2777 0.249209
2778 0.496524
2779 0.455097
2780 0.286663
2781 0.295193
2782 0.464755
2783 0.777699
2784 1.290677
2785 1.707774
2786 1.297846
2787 1.107291
2788 1.208927
2789 1.215475
2790 1.54173
2792 1.148701
2793 1.146553
2794 1.113852
2795 1.146067
2796 1.280958
2797 0.853615
2798 1.269895
2799 1.119634
2800 1.378281
2801 0.721891
2802 0.441447
2803 1.059394
2804 1.262436
2806 1.25432
2807 1.096115
2808 0.919417
2809 0.898621
2810 1.315794
2811 0.923952
2812 1.112832
2813 0.933815
2814 1.122323
2815 1.115277
2816 1.084392
2817 0.998383
2818 1.094338
2819 0.844103
2820 1.035056
2821 0.790769
2822 1.297808
2823 0.851754
2825 1.383002
2826 1.102908
2827 1.201816
2828 1.271636
2829 1.237717
2830 1.425391
2831 1.258165
2832 1.350466
2833 0.917457
2834 1.317162
2835 1.37986
2836 1.210677
2837 1.294819
2838 1.08808
2839 1.094729
2840 1.471857
2841 1.149499
2842 1.173859
2843 1.130965
2844 0.912321
2845 1.145903
2846 1.186995
2847 1.344304
2849 1.254866
2850 1.536535
2851 1.508353
2852 1.323189
2853 0.96771
2854 1.547649
2855 1.139889
2856 0.896396
2857 1.132734
2858 0.927569
2859 0.926804
2860 1.086617
2861 1.030525
2862 1.203309
2863 0.89656
2864 1.272128
2865 1.304174
2866 1.226859
2868 1.102406
2869 1.317988
2870 0.736684
2871 0.916499
2872 0.774898
2873 0.855338
2874 0.901336
2875 0.889457
2876 0.772657
2877 0.787244
2878 0.873006
2879 0.439564
2880 0.364333
2881 0.242965
2882 0.145325
2883 0.244381
2884 0.220202
2885 0.346741
2886 0.333078
2887 0.458415
2888 0.505807
2889 0.81543
2890 0.521877
2891 0.44603
2892 0.629336
2893 0.645275
2895 0.684036
2896 0.906063
2897 0.884369
2898 0.769217
2899 0.405553
2900 0.375529
2901 0.210741
2903 0.005555
2904 0.220994
2905 0.014982
2906 0.433779
2907 0.293143
2908 0.187455
2912 0.086488
2913 0.167545
2914 0.346398
2915 0.198148
2916 0.488761
2917 0.214781
2918 0.119737
2920 0.064977
2922 0.010729
2923 0.08074
2924 0.079485
2926 0.016245
2928 0.032451
2929 0.031239
2933 0.008029
2934 0.049297
2935 0.134219
2936 0.102691
2937 0.085649
2938 0.111467
2940 0.093249
2941 0.071296
2943 0.016924
2944 0.349915
2945 0.295638
2946 0.210462
2947 0.135795
2949 0.1539
2950 0.151699
2951 0.171285
2952 0.520111
2953 0.284863
2954 0.485388
2955 0.450962
2956 0.473451
2957 0.318302
2958 0.532028
2959 0.47495
2960 0.483772
2961 0.228789
2962 0.370812
2963 0.645227
2964 0.84564
2965 0.670463
2967 0.597527
2968 1.187381
2969 1.32
2970 1.082291
2971 0.90778
2972 1.158081
2973 0.986555
2974 1.450701
2975 0.646044
2976 1.12806
2977 1.010458
2978 0.918688
2979 1.045639
2980 1.356369
2981 1.1213
2982 1.45615
2983 0.772287
2984 0.666509
2985 0.392032
2986 0.368412
2987 0.302028
2988 0.283631
2990 0.484062
2991 0.336256
2992 0.362706
2993 0.444261
2994 0.345468
2995 0.379697
2996 0.476768
2997 0.312086
2998 0.49844
2999 0.40301
3000 0.323272
3001 0.336468
3002 0.350633
3003 0.318038
3004 0.466867
3005 0.334869
3006 0.351413
3007 0.618883
3008 0.686
3009 0.796523
3010 0.908292
3011 1.036131
3012 1.258398
3013 1.220599
3015 1.177936
3016 1.263881
3017 1.378605
3018 1.087223
3019 1.099105
3020 0.688535
3021 0.565503
3022 0.285924
3023 0.332548
3024 0.872039
3025 1.052577
3026 1.386108
3027 1.151373
3028 1.282162
3029 1.405585
3030 1.336212
3031 0.981933
3032 0.990072
3033 1.319369
3034 1.006651
3035 1.151248
3036 1.091794
3038 0.808874
3039 1.193663
3040 1.062086
3041 1.042273
3042 0.647358
3043 0.923108
3044 0.396364
3045 0.329958
3046 0.46262
3047 0.641662
3048 0.320988
3049 1.07674
3050 1.162516
3051 1.250886
3052 1.350754
3062 0.084333
3063 1.012684
3064 1.597642
3065 1.254325
3066 1.312264
3067 1.466123
3068 1.50436
3069 1.169728
3070 1.101023
3071 1.150218
3072 1.264048
3073 1.066143
3074 0.886857
3075 0.917879
3076 1.208356
3077 1.456208
3078 1.536254
3079 1.610227
3080 1.399486
3082 1.459349
3083 1.237471
3084 1.120598
3085 1.397826
3086 1.343295
3087 1.325782
3088 1.221244
3089 1.240269
3090 1.439162
3091 1.463261
3092 1.059133
3093 1.345842
3094 1.286059
3095 1.343551
3096 1.181978
3097 1.158419
3098 1.531124
3099 1.046804
3101 1.167386
3102 1.286769
3103 0.855042
3104 1.418549
3105 1.363643
3106 1.315297
3107 1.200642
3108 0.653133
3109 0.294231
3110 0.087149
3112 0.27126
3113 0.893236
3115 0.555773
3116 0.510329
3117 0.629499
3118 0.79507
3119 1.256894
3120 1.172653
3121 1.550242
3122 1.090585
3123 1.175145
3124 1.325813
3125 1.320526
3126 1.269603
3127 1.005758
3128 1.265359
3129 1.315798
3130 1.246825
3131 1.470731
3132 1.523754
3133 1.422612
3134 1.436204
3136 1.209062
3137 1.296944
3138 1.302522
3139 1.177713
3140 1.307897
3141 1.53757
3142 1.106369
3143 1.323373
3144 1.123077
3145 0.978112
3146 1.269817
3147 0.948115
3149 0.914912
3150 1.308677
3151 0.82067
3152 0.944594
3153 0.609587
3154 0.56034
3155 0.586627
3156 0.589095
3157 0.991697
3158 1.175184
3159 1.124468
3160 0.852119
3161 0.921839
3162 0.628567
3164 0.285948
3165 0.46826
3166 0.717244
3167 0.572293
3168 0.650329
3169 0.682553
3170 0.63051
3171 0.366524
3172 0.340204
3173 0.487604
3174 0.459239
3175 0.41825
3176 0.375612
3177 0.808499
3178 0.986193
3179 1.307431
3180 1.322014
3181 1.026415
3182 1.238898
3183 0.987754
3184 1.148855
3186 1.179479
3187 1.582121
3188 1.291436
3189 1.345388
3190 1.447035
3191 1.607168
3192 1.296428
3193 1.688288
3194 1.233926
3195 1.396146
3196 1.362907
3197 1.409862
3198 1.307414
3199 1.744372
3200 1.262338
3201 1.65027
3202 1.654079
3203 1.578062
3205 1.286256
3206 1.271401
3207 1.216486
3208 1.411758
3209 1.016229
3210 0.957777
3211 1.001415
3212 0.699651
3213 0.409663
3214 0.328355
3215 0.290263
3216 0.66137
3217 0.982629
3218 0.956643
3219 0.945616
3220 0.820907
3221 1.049654
3222 1.029453
3223 1.059282
3224 0.889427
3225 0.728941
3226 0.810719
3227 0.574386
3228 0.860023
3229 1.053806
3230 0.554128
3231 0.935089
3232 1.464144
3234 0.784143
3235 0.450447
3236 0.30836
3237 0.719615
3238 0.988267
3239 1.058248
3240 1.258805
3241 1.052756
3242 0.978133
3243 1.074627
3244 1.050682
3245 1.155333
3246 0.92903
3247 1.097891
3248 1.073611
3249 1.15223
3250 1.074209
3251 1.300587
3252 0.915154
3253 0.859193
3255 1.075978
3256 1.077429
3257 1.150386
3258 0.871278
3259 1.023904
3260 1.112628
3261 1.070242
3262 1.201481
3263 1.123229
3264 1.119968
3265 0.960063
3266 1.096618
3267 1.067852
3268 0.962498
3269 1.064
3270 1.111313
3271 1.019005
3272 0.98325
3273 1.143344
3274 1.363269
3275 1.163393
3276 1.101122
3277 0.861592
3278 0.917141
3279 1.001566
3280 1.208929
3281 1.019453
3282 1.105725
3283 0.684428
3285 0.619571
3286 0.789766
3287 0.87843
3288 1.22189
3289 0.998123
3290 1.057403
3291 0.817431
3292 1.192983
3293 1.01332
3294 0.827574
3295 1.171561
3296 1.303049
3297 1.186484
3298 1.041581
3299 1.124459
3300 0.913814
3301 1.078477
3302 1.337111
3303 1.142408
3304 0.884971
3305 1.162239
3306 1.204246
3307 0.913593
3308 1.230354
3310 1.015694
3311 1.231984
3312 1.076864
3313 1.205147
3314 1.019988
3315 1.032493
3316 1.041448
3317 0.734454
3318 0.765294
3319 0.554223
3320 0.663414
3321 0.501893
3322 0.457931
3323 0.63284
3324 0.532665
3325 0.41892
3326 0.53041
3327 0.614875
3328 0.513886
3329 0.580829
3330 0.554303
3331 0.722426
3332 0.356986
3333 0.294646
3334 0.294408
3335 0.404485
3336 0.550367
3337 0.726139
3338 0.873267
3339 0.706046
3340 0.796951
3341 0.989241
3342 1.150314
3343 0.998705
3344 0.99751
3345 1.041373
3346 0.822891
3347 1.07143
3348 0.994028
3349 1.278569
3350 1.190763
3351 1.174849
3352 1.130086
3353 1.039176
3354 1.052879
3355 1.053818
3356 1.260681
3357 1.078105
3358 1.160096
3359 1.092519
3360 1.124586
3361 1.051508
3363 1.022407
3364 1.050038
3365 0.671453
3366 1.065243
3367 1.209407
3368 0.828059
3369 1.003767
3370 1.029186
3371 1.108491
3372 1.133109
3373 1.116737
3374 1.081027
3375 1.076862
3376 1.062329
3377 1.030298
3378 1.247183
3380 1.0152
3381 1.091145
3382 0.975027
3383 1.078212
3384 0.989933
3385 1.396148
3386 1.125974
3387 1.299524
3388 0.890951
3389 1.019147
3390 0.959034
3391 1.128407
3392 0.985986
3393 1.348843
3394 1.307671
3395 1.280446
3396 1.264743
3397 1.151604
3398 0.952199
3399 1.29767
3400 1.302449
3401 1.112519
3403 1.243196
3404 1.432356
3405 1.321107
3406 1.469993
3407 1.406756
3408 1.408196
3409 1.249324
3410 1.489455
3412 1.32549
3413 1.797123
3414 1.36509
3415 1.501671
3416 1.333858
3417 1.342928
3418 1.521966
3419 1.367151
3420 1.574873
3421 1.287479
3422 1.753125
3423 1.343726
3424 1.478186
3425 1.27514
3426 1.391864
3427 1.321665
3428 1.21564
3429 1.128673
3430 1.603723
3438 0.118817
3439 0.880312
3440 1.135398
3441 1.268089
3442 1.596189
3443 1.451901
3444 1.617303
3445 1.185962
3446 1.55996
3447 1.242831
3448 1.235928
3449 1.504991
3451 1.191897
3452 1.212973
3453 1.221134
3454 1.330886
3455 1.20444
3456 1.167921
3457 1.359731
3458 0.696441
3460 0.414022
3461 0.468238
3462 0.781922
3463 0.434601
3464 0.361038
3465 0.400982
3466 0.357785
3467 0.240691
3468 0.289127
3469 0.218021
