855 1.77238
856 2.380642
857 0.728737
858 1.227457
859 1.196213
860 1.084555
861 1.276152
862 1.270546
864 1.321995
865 1.654345
866 1.861666
867 0.658765
868 0.787301
869 1.202066
870 0.569051
871 0.914677
872 0.93535
873 0.964293
874 0.940523
875 1.37482
876 0.964932
877 1.237291
879 1.085734
880 1.331757
881 1.322337
882 1.342535
883 1.453347
884 0.959708
885 1.48029
886 1.603149
887 1.225979
888 1.630729
889 1.347989
890 1.56292
891 1.710771
892 1.261724
893 1.341962
894 1.398629
895 1.285594
896 1.578027
897 1.478828
899 1.561666
900 1.561659
901 1.972494
902 1.33107
903 1.508797
904 1.188517
905 0.649401
906 0.980198
907 0.809741
908 0.520637
909 0.682646
910 0.563453
911 0.424466
912 0.693481
913 0.500412
914 0.665224
915 0.588206
916 0.907445
917 0.732987
918 0.901271
919 0.343678
920 0.42501
921 0.406945
923 0.5472
924 0.44626
925 0.297294
926 0.478136
927 0.286882
928 0.704317
929 0.713519
930 0.788885
931 0.877687
932 0.8312
933 1.108412
934 0.989647
935 1.255341
936 0.599042
937 0.84518
938 0.552966
939 0.986044
940 0.90895
941 0.948136
942 0.966392
943 0.743406
944 1.124718
945 0.877514
946 1.309719
947 1.324372
948 1.325748
949 1.425205
950 1.771472
951 1.129982
952 1.453663
953 1.703856
954 1.352094
955 1.594242
957 1.124752
958 0.810764
959 1.492264
960 1.453156
961 1.752238
962 2.052906
963 1.833141
964 1.874525
965 1.432815
966 1.514374
967 1.519058
970 0.39126
971 0.112501
972 1.117177
973 1.172667
974 1.171937
975 1.117686
977 1.159262
978 1.40724
979 1.116257
980 1.344767
981 1.473648
982 1.08031
983 1.333834
989 0.021076
990 0.24521
991 1.328064
992 1.715881
993 1.20922
995 0.724113
996 1.038641
997 0.7444
998 0.875425
999 1.311113
1000 1.212789
1001 1.233463
1002 1.224269
1003 1.334864
1004 1.416486
1005 1.73788
1006 1.441141
1007 0.902123
1008 1.40724
1009 1.173698
1010 1.062793
1011 1.159414
1012 1.206042
1013 1.416611
1014 1.335579
1015 1.910252
1016 1.233094
1017 1.506154
1018 0.970653
1019 1.213613
1020 0.823696
1021 1.0944
1022 0.797291
1023 1.038641
1024 0.793574
1025 0.938369
1026 0.657937
1027 0.888285
1028 0.951215
1029 0.253118
1030 0.156492
1031 0.628467
1033 0.07823
1036 0.553906
1037 1.668689
1038 1.471467
1039 1.311776
1040 1.729131
1041 1.529093
1042 1.415329
1043 1.413583
1044 1.78209
1045 1.340937
1046 1.483737
1047 1.653998
1048 1.771936
1049 1.482302
1050 1.605745
1051 1.520389
1052 1.395328
1053 1.445546
1054 1.458113
1055 1.311121
1056 1.187554
1057 1.377796
1058 0.93157
1060 1.090415
1061 0.945079
1062 0.899358
1063 0.081665
1064 1.210451
1065 0.612252
1066 0.395814
1067 0.863712
1068 0.45328
1069 0.371683
1071 0.207559
1072 1.13642
1073 1.213592
1074 1.132974
1075 1.180235
1076 0.740329
1077 0.261731
1078 0.563685
1079 0.361258
1081 0.229434
1082 0.65202
1083 1.187861
1084 1.419469
1085 0.942022
1086 1.108226
1087 0.951675
1088 0.921929
1089 1.17025
1090 0.816317
1091 1.137743
1092 0.857399
1093 1.171409
1094 1.181085
1095 0.851214
1096 0.995636
1097 0.966452
1098 1.168427
1099 0.964357
1100 0.766174
1101 0.85044
1102 0.994648
1103 0.759247
1104 0.277835
1105 0.450635
1106 0.052447
1108 0.171596
1109 0.103148
1110 0.054766
1111 0.031269
1112 0.080323
1113 0.210462
1115 0.147526
1116 0.214378
1117 0.163802
1118 0.055647
1119 0.070672
1120 0.68536
1121 0.227135
1122 0.520111
1123 0.524787
1124 0.434701
1126 0.590118
1127 0.736095
1128 0.453677
1129 0.303398
1130 0.3648
1131 0.249289
1132 0.276256
1133 0.2736
1134 0.227549
1135 0.148885
1138 0.040684
1139 1.155702
1140 0.270891
1141 0.541782
1142 0.560163
1143 0.375223
1144 0.278762
1145 0.097521
1146 0.080397
1147 0.145781
1149 0.059416
1150 0.342268
1151 0.103245
1152 0.083462
1153 0.162374
1154 0.125194
1155 0.107189
1156 0.284123
1157 0.456885
1159 0.163285
1160 0.308132
1161 0.393516
1162 0.295193
1163 0.184277
1164 0.212505
1165 0.248973
1166 0.065437
1167 0.265373
1168 0.237318
1169 0.262394
1170 0.231731
1171 0.278965
1172 0.286882
1173 0.200361
1174 0.289694
1175 0.205877
1176 0.148753
1178 0.450635
1180 0.033264
1181 0.892608
1183 0.306841
1184 0.601319
1185 0.607397
1186 0.50183
1187 0.736824
1188 0.624404
1189 0.929311
1190 0.927501
1191 1.000196
1192 1.268764
1193 1.451976
1194 1.003615
1195 0.92103
1196 0.743449
1197 0.427706
1198 1.083564
1199 0.899358
1200 0.685101
1201 0.473084
1202 0.423009
1203 0.541782
1204 0.347382
1205 0.392414
1206 0.29607
1207 0.292562
1208 0.28941
1209 0.184571
1210 0.278691
1211 0.144021
1212 0.279238
1213 0.335573
1214 0.332612
1215 0.276256
1219 0.039623
1220 0.868783
1221 0.227774
1222 0.240527
1223 0.255701
1224 0.193129
1225 0.110594
1226 0.292562
1227 0.212711
1228 0.201684
1229 0.120761
1230 0.136932
1231 0.107984
1232 0.28426
1233 0.26082
1234 0.236047
1236 0.244506
1237 0.270623
1238 0.153564
1239 0.199938
1240 0.178892
1241 0.112914
1242 0.092746
1244 0.106291
1245 0.193129
1246 0.260055
1247 0.340276
1248 0.364157
1249 0.371883
1250 0.335905
1251 0.287581
1252 0.336738
1253 0.270891
1254 0.307262
1255 0.429176
1257 0.396988
1258 0.335089
1259 0.530947
1260 0.449355
1261 0.579453
1262 0.607397
1263 0.471765
1264 0.584388
1265 0.574289
1266 0.455097
1267 0.487604
1268 0.405942
1269 0.411347
1270 0.418858
1271 0.325714
1272 0.286882
1273 0.210462
1274 0.229303
1275 0.115754
1278 0.026135
1279 0.050337
1281 0.786429
1282 1.341392
1284 1.286161
1285 1.738358
1286 1.210093
1287 1.283469
1288 1.374034
1289 1.411572
1290 1.777046
1291 1.326234
1292 1.334426
1293 1.331503
1294 1.292227
1295 1.31358
1296 1.199349
1297 1.384024
1298 1.333114
1299 1.066257
1300 1.147507
1301 1.814857
1302 1.405064
1303 1.938693
1304 1.702614
1305 1.312523
1306 1.415192
1307 1.527856
1308 1.165745
1309 1.742582
1310 1.729846
1311 1.80597
1313 1.382723
1314 1.875473
1315 1.826295
1316 1.698643
1317 1.765381
1318 1.761719
1319 1.741472
1320 1.3865
1321 1.65101
1322 1.621275
1323 1.10171
1324 1.452876
1325 0.948353
1326 1.117067
1327 1.204361
1328 1.310951
1329 1.219248
1330 1.123613
1331 0.773276
1332 0.395671
1333 0.650139
1335 1.25104
1336 1.793598
1337 1.842174
1338 1.504463
1339 1.58193
1340 1.478677
1341 1.572789
1342 1.635442
1343 1.642222
1344 1.632126
1345 1.626422
1346 1.421139
1347 1.274318
1348 1.128024
1349 0.779309
1350 1.127413
1351 1.446114
1352 1.485954
1353 1.255264
1354 1.573283
1355 1.719042
1356 2.024652
1357 1.909051
1358 1.411555
1359 1.303563
1360 1.147972
1361 1.44138
1362 1.346361
1363 1.247616
1364 1.512845
1365 0.828128
1366 1.612305
1367 1.412243
1368 1.502525
1369 1.496511
1370 1.542279
1371 2.044484
1372 1.459282
1373 1.507842
1374 1.492745
1375 1.042387
1376 1.32495
1377 1.467509
1378 1.117877
1379 1.159414
1380 0.296855
1382 0.906847
1383 1.096601
1384 1.171508
1385 0.981706
1386 1.315029
1387 1.474398
1388 1.222714
1389 1.364711
1390 1.515
1391 1.568904
1392 1.4562
1393 0.97197
1394 1.13887
1395 1.035748
1396 1.254257
1397 1.172579
1398 1.412325
1399 1.240641
1400 1.306799
1401 0.507684
1402 0.819847
1404 0.658344
1405 1.603675
1406 1.274413
1407 1.291734
1408 1.35097
1409 1.279459
1410 1.315154
1411 1.804746
1412 1.525078
1413 1.293754
1414 1.872902
1415 1.014016
1416 0.887477
1417 0.737832
1418 0.852779
1419 0.428971
1420 0.328375
1421 0.675953
1422 0.707222
1423 0.847624
1424 0.704317
1425 1.412586
1426 1.829591
1427 2.156293
1428 1.776526
1429 2.03355
1430 1.831438
1431 1.825617
1432 1.858162
1433 1.724675
1434 1.771909
1435 1.45544
1436 1.418212
1437 1.159914
1438 0.488087
1439 0.61782
1440 0.92103
1442 0.944593
1443 0.617632
1444 0.444702
1445 0.202479
1446 0.130772
1447 0.519596
1448 0.354715
1449 0.234251
1450 0.303398
1451 0.404523
1452 0.361609
1453 0.311153
1454 0.301211
1455 0.175517
1457 0.261259
1458 1.287529
1459 0.3005
1460 0.831588
1461 0.698321
1462 0.671346
1463 0.650139
1464 0.351348
1465 0.2736
1466 0.166766
1467 0.611576
1468 1.234853
1470 2.022091
1471 2.359186
1472 1.60373
1473 1.64998
1474 2.015216
1475 2.145457
1476 1.445772
1477 1.824
1478 1.327206
1479 2.004594
1480 1.690382
1481 1.738334
1482 1.366921
1483 1.900781
1484 2.54165
1485 2.122669
1486 2.100292
1487 1.831779
1488 1.975103
1489 1.968972
1490 2.239848
1491 2.116889
1492 2.096759
1493 1.995441
1494 1.525459
1495 1.726963
1496 2.002374
1497 0.692242
1498 1.115707
1499 1.408634
1500 1.816904
1501 1.71753
1502 1.49543
1503 1.596922
1504 1.386154
1505 1.605265
1506 0.352568
1507 1.705558
1508 1.625578
1509 1.576665
1511 1.27215
1512 1.604307
1513 1.377491
1514 1.216602
1515 1.718156
1516 1.795338
1517 1.966505
1518 1.648484
1519 1.364083
1520 1.825822
1521 1.261582
1522 1.735206
1523 1.923529
1524 2.026339
1525 1.512376
1526 2.092204
1527 1.911803
1528 1.902012
1529 1.323379
1530 1.626957
1531 1.194733
1532 1.598682
1533 0.804531
1534 1.087276
1535 1.558757
1536 1.289335
1537 1.692934
1538 1.217016
1539 1.64865
1540 1.116071
1541 0.946999
1542 0.936554
1543 0.357785
1544 0.297507
1546 0.180629
1547 0.22313
1548 0.294363
1549 0.347084
1550 0.405367
1551 0.805827
1552 0.835171
1553 0.871762
1554 1.048527
1555 0.757492
1556 0.918378
1557 0.478104
1558 0.520111
1559 0.767052
1560 0.930748
1561 1.051057
1562 0.770273
1563 0.803751
1564 0.677486
1565 0.276256
1566 0.279238
1567 0.329063
1568 0.172515
1569 0.292562
1575 0.024205
1576 1.833176
1577 0.692795
1578 0.755479
1579 1.01855
1580 0.871608
1581 1.181867
1582 1.136836
1583 1.255691
1584 1.100535
1585 1.241509
1586 1.135485
1587 1.267095
1588 1.029386
1589 0.70362
1590 0.543525
1591 0.622917
1592 0.450635
1593 0.42259
1594 0.365903
1595 0.573763
1596 0.461817
1598 0.424597
1599 0.264752
1600 0.308732
1601 0.10591
1603 0.099491
1604 0.239475
1605 0.196351
1606 0.163649
1607 0.128375
1608 0.193699
1614 0.001933
1615 0.040198
1616 0.048468
1638 0.001017
1639 0.266786
1640 0.834345
1641 0.846018
1642 0.878753
1643 1.538661
1644 1.173758
1645 0.622306
1646 0.384
1647 0.903219
1648 2.125891
1649 1.959896
1650 2.269143
1651 2.88235
1652 3.054653
1653 2.142407
1654 2.850062
1655 2.934426
1656 2.753265
1657 2.48167
1658 2.13124
1659 2.733666
1660 2.619844
1661 2.824895
1662 2.451551
1663 3.370677
1664 2.150214
1665 2.069865
1667 1.762456
1668 1.578922
1669 1.549641
1670 1.481886
1671 1.415945
1672 1.607388
1673 2.028274
1674 1.56768
1675 1.58377
1676 1.661196
1677 1.526067
1678 1.388228
1679 1.386962
1680 1.300427
1681 1.694625
1682 1.449865
1683 1.595335
1684 2.044484
1685 1.939804
1686 1.931189
1687 1.920414
1688 1.434764
1689 1.552496
1690 1.202482
1691 1.374983
1692 2.166196
1693 3.225315
1694 3.387948
1695 3.230569
1696 3.064224
1697 3.453786
1698 2.570889
1699 2.722342
1701 2.737451
1702 3.119345
1703 3.351409
1704 3.690811
1705 2.278257
1706 2.067232
1707 2.104198
1708 1.914262
1709 3.191361
1710 3.633135
1711 3.088833
1712 2.998376
1713 4.612899
1714 4.011616
1715 4.938558
1716 3.866329
1717 4.475221
1718 3.663666
1719 4.634334
1720 3.613776
1721 4.823457
1722 3.877804
1723 3.871153
1724 4.514933
1725 5.459556
1726 3.800334
1727 4.62321
1728 3.357502
1729 2.84639
1730 3.185063
1731 2.896743
1732 2.659782
1733 2.679832
1734 1.964492
1735 2.128771
1736 2.459776
1737 2.201413
1738 2.195353
1739 1.976
1740 1.196879
1741 1.148578
1742 1.516666
1743 2.142881
1744 1.999912
1745 2.470873
1747 1.150515
1748 2.423547
1749 1.437885
1750 1.426834
1751 1.670343
1752 1.262851
1753 1.733163
1754 1.799873
1755 1.976174
1756 2.037101
1757 0.466133
1758 1.202756
1759 1.239152
1760 1.462812
1761 1.041887
1762 1.124164
1763 1.699508
1764 1.944144
1765 1.570683
1766 2.088216
1767 1.888303
1768 1.870785
1769 1.998754
1770 1.93756
1771 2.958131
1772 0.971802
1773 1.891421
1774 1.637804
1775 0.886265
1776 0.166449
1778 0.069541
1779 0.794756
1782 0.045057
1783 2.885057
1784 1.052099
1785 1.247334
1786 0.67276
1787 1.041795
1788 0.940244
1789 1.126729
1790 1.433143
1791 1.397798
1792 1.385006
1793 1.636182
1794 1.574362
1795 1.309076
1796 1.749291
1797 1.187517
1798 1.657853
1799 1.398842
1800 1.738358
1801 1.512357
1802 1.418065
1803 0.878557
1804 0.942844
1805 1.146826
1806 0.878557
1807 0.730316
1808 0.542132
1809 0.720283
1810 1.177587
1811 1.066115
1812 0.865195
1813 1.366644
1814 1.500915
1815 1.518494
1816 0.666917
1817 0.143874
1819 0.06351
1820 0.127503
1821 0.400522
1822 0.531473
1823 0.643765
1824 0.986044
1825 0.673713
1833 0.05125
1834 5.335337
1835 0.88756
1836 1.716492
1837 1.355798
1838 1.081293
1839 1.547845
1840 1.351906
1841 1.332784
1842 1.106099
1843 0.434122
1844 1.29545
1845 1.213592
1846 1.26777
1847 1.549497
1848 1.279169
1849 1.074893
1850 1.317636
1851 0.929311
1852 0.773276
1853 0.81998
1854 1.029003
1855 1.399183
1856 0.855169
1857 0.715861
1858 0.721582
1859 0.792571
1866 0.014381
1867 3.490875
1868 0.986044
1869 0.823509
1870 1.093318
1871 1.14
1872 0.954918
1873 0.674556
1875 0.84021
1876 1.224503
1877 1.749291
1878 1.299545
1879 0.997835
1880 0.719576
1881 0.541887
1882 0.774111
1883 1.357143
1884 0.739174
1885 0.536997
1886 0.161191
1887 0.261089
1888 0.713739
1889 1.63996
1890 1.51818
1891 1.259659
1892 1.824
1893 1.645389
1894 1.220346
1895 1.169092
1896 0.810277
1897 0.676616
1898 0.476768
1899 0.515012
1900 0.793199
1901 1.256573
1902 1.13483
1903 1.738358
1904 1.679525
1905 1.312412
1909 0.054238
1910 5.26702
1911 0.954918
1912 1.376127
1913 1.59284
1914 1.407654
1915 1.49384
1916 1.672
1918 1.337366
1919 1.596228
1920 1.681189
1921 1.625347
1922 1.132929
1923 0.90025
1924 0.783247
1928 0.031111
1929 5.292684
1930 1.749291
1931 1.270868
1932 1.737143
1933 1.677864
1934 1.043317
1935 0.713276
1936 0.609815
1937 0.667186
1938 1.519696
1941 0.254701
1942 6.009962
1943 1.145758
1944 1.760224
1945 1.865578
1946 1.545053
1947 1.193102
1948 1.235093
1949 0.856016
1950 0.874645
1951 0.675375
1952 0.607397
1953 1.290102
1954 1.831224
1955 1.76796
1956 1.361111
1957 1.590514
1958 1.454098
1959 1.281143
1960 1.465031
1961 1.416379
1962 1.585295
1969 0.209213
1970 5.201109
1971 0.964372
1972 0.11297
1973 0.894322
1974 0.997867
1975 0.841846
1976 0.396988
1977 0.658126
1978 0.661629
1979 0.530947
1980 0.428756
1981 0.633657
1982 0.847624
1983 1.159414
1984 1.191709
1985 1.561868
1986 1.563429
1987 1.485954
1988 1.399433
1989 1.173825
1990 1.484483
1991 1.534306
1992 1.306352
1993 1.502118
1994 1.265236
1996 1.311344
1997 1.538661
1998 1.293706
1999 1.735421
2000 1.307699
2001 1.616238
2002 1.724115
2003 1.571168
2004 0.841031
2005 1.10424
2006 0.997133
2007 1.495319
2008 1.222862
2009 1.519696
2010 1.681189
2011 0.870226
2012 1.647018
2013 1.141153
2014 1.484483
2015 1.301566
2016 1.137111
2017 1.214795
2018 0.896511
2019 0.926923
2020 1.008714
2021 1.179917
2022 1.40693
2023 1.63996
2024 1.416496
2025 1.684528
2026 1.355769
2027 1.618094
2028 1.289273
2029 1.326149
2030 1.809552
2031 1.547357
2032 1.681189
2033 1.42545
2034 1.253778
2035 1.431722
2036 1.361037
2037 1.301566
2038 1.63996
2039 1.192447
2040 1.722867
2041 1.3056
2042 1.321949
2043 1.348784
2044 1.536166
2045 1.505951
2046 1.798717
2047 1.59284
2048 1.07497
2049 1.809552
2050 1.410813
2051 1.847688
2053 1.318539
2054 1.760224
2055 1.314363
2056 1.51699
2057 1.342291
2058 1.572725
2059 1.24
2060 1.614511
2061 1.831224
2062 1.520511
2063 1.594418
2064 1.19436
2065 1.59284
2066 1.495319
2067 1.227263
2068 1.582004
2069 1.009668
2070 1.552496
2071 1.50308
2072 1.625347
2073 1.701196
2074 1.635522
2075 1.498838
2076 1.695634
2077 2.20848
2078 1.678731
2079 2.114507
