323 0.606255
329 0.023784
330 3.102693
331 0.074082
332 0.530529
333 1.082684
334 0.955211
335 1.152016
336 0.921227
337 0.872577
338 0.913695
339 0.921075
340 0.984529
341 1.315418
342 0.94817
343 0.906382
344 0.995325
346 1.105451
347 0.75364
348 0.96382
349 1.077822
350 1.011729
351 1.112581
352 1.000115
353 0.961782
355 0.980334
356 0.937873
357 1.023004
358 0.955789
359 0.917179
360 0.842402
361 0.949392
362 0.935576
363 0.985269
364 0.930018
365 1.047953
366 1.088198
367 1.031153
368 1.165893
369 1.270359
370 1.409364
371 1.269798
372 1.376301
373 1.362749
375 1.040179
376 1.567936
377 0.953489
378 1.048751
379 0.954657
380 1.18405
381 1.281741
382 1.130573
383 1.369186
385 0.690633
386 0.746265
387 1.089686
388 1.047804
389 1.334094
390 0.938965
391 1.375295
392 1.379485
393 1.083772
394 1.323804
395 1.38946
396 0.944632
397 1.3918
398 1.108377
399 1.136174
400 1.207572
402 0.655392
403 0.662192
404 0.998402
405 0.988238
406 0.89802
407 1.217758
408 0.982867
409 1.113529
410 1.051057
411 1.150749
412 1.044536
413 1.081522
414 0.727072
415 1.066595
416 0.971475
417 0.835528
418 0.924792
419 0.612571
420 0.848714
421 0.425066
422 0.544625
423 0.453029
424 0.495522
425 0.410099
426 0.565838
427 0.548203
428 0.614437
429 0.390397
430 0.689909
432 0.855966
433 1.130099
434 0.830865
435 0.658809
436 0.552158
437 0.442602
438 0.571319
439 0.645131
440 0.924604
441 0.867988
442 0.822273
443 0.658237
444 0.674318
445 0.701491
446 0.737884
448 0.89489
449 0.895512
450 0.961197
451 0.7956
452 0.643438
453 1.158674
454 1.135808
455 0.988259
456 1.369025
458 1.357764
459 1.289329
460 1.175896
461 0.712902
462 1.344166
463 0.901586
464 0.80555
465 1.146775
466 1.117357
467 1.135089
468 1.232626
469 1.19323
470 1.206091
471 1.149053
472 1.34392
473 0.935713
474 1.061826
475 1.07391
476 0.664024
477 0.539462
479 0.649551
480 0.580911
481 0.551691
482 0.511593
483 0.493808
484 0.428126
485 0.445926
486 0.357085
487 0.395068
488 0.541887
489 0.491946
490 0.479619
491 0.355129
492 0.395453
493 0.509275
494 0.440665
495 0.444404
496 0.504594
497 0.694986
498 0.453454
499 0.324475
500 0.445945
501 0.46931
502 0.428299
504 0.438531
505 0.347931
506 0.343353
507 0.447537
508 0.406121
509 0.506486
510 0.502941
511 0.450226
512 0.469758
513 0.48438
514 0.565396
515 0.489087
516 0.428807
517 0.42259
518 0.426332
519 0.304326
520 0.468251
521 0.303157
522 0.351875
523 0.455097
524 0.340038
525 0.388258
526 0.342558
527 0.466771
528 0.499123
529 0.612177
530 0.450302
531 0.422744
533 0.450476
534 0.474877
535 0.475499
536 0.496481
537 0.400919
538 0.363504
539 0.260477
540 0.601315
541 0.738871
542 0.698549
543 0.547835
544 0.764044
545 0.708745
547 0.594898
548 0.726933
549 0.78426
550 0.771045
551 0.633867
552 0.787802
553 0.51497
554 0.850275
555 0.519285
556 0.471543
557 0.594537
558 0.676943
559 0.536234
560 0.471018
561 0.53106
562 0.537912
563 0.502442
564 0.5104
565 0.398392
566 0.389146
567 0.314234
568 0.216729
570 0.070493
571 0.741798
572 0.837634
573 0.721785
574 1.032623
575 0.823308
576 0.867871
577 0.927115
578 0.888729
579 1.007881
580 0.899948
581 1.042236
582 1.042815
583 1.341016
584 1.067285
586 1.039286
587 1.036939
588 1.389267
589 1.19317
590 1.204408
591 1.145665
592 1.025554
593 1.238825
594 1.409351
595 0.870236
596 0.802669
597 0.858507
598 1.073853
599 0.669833
600 0.761832
601 0.663417
602 0.506315
603 0.665245
604 0.371719
605 0.22714
606 0.276711
607 0.566561
608 0.333392
609 0.371883
610 0.230775
611 0.375162
612 0.307123
613 0.489776
614 0.295619
616 0.210138
617 0.520763
618 0.487631
619 0.296843
620 0.223564
621 0.194656
622 0.275143
623 0.179255
624 0.031863
625 0.440338
626 0.35646
627 0.547651
628 0.601061
629 0.681657
630 0.725065
632 0.963092
633 0.567319
634 0.708515
635 0.765515
636 0.499543
637 0.496784
638 0.551057
639 0.600785
640 1.121689
641 0.926418
642 0.916611
643 1.065927
644 0.964737
645 0.878683
646 1.075908
647 0.761561
648 0.705236
649 0.686103
650 0.550278
652 0.546378
653 0.454255
654 0.399877
655 0.142314
656 0.349045
657 0.779759
658 0.573265
659 0.400522
660 0.40842
661 0.335224
662 0.344084
663 0.407718
664 0.193204
665 0.276256
667 0.145501
668 0.58817
669 0.236047
670 0.163318
673 0.072903
674 0.38455
675 0.091131
677 0.065708
678 0.301634
679 0.541887
680 0.291114
681 0.49844
682 0.259415
683 0.332612
684 0.276089
685 0.444702
686 0.218672
688 0.1144
689 0.148898
690 0.297162
691 0.368494
692 0.408118
693 0.415857
694 0.369052
695 0.379623
696 0.410962
697 0.670986
698 0.493556
699 0.530947
700 0.173802
701 0.152141
702 0.140863
703 0.154662
704 0.246776
706 0.213424
707 0.394256
708 0.44077
709 0.264204
710 0.326038
711 0.154464
712 0.300718
713 0.218544
714 0.246294
715 0.189164
716 0.423009
717 0.291624
718 0.291562
719 0.170585
721 0.255224
722 0.252591
723 0.285575
724 0.336738
725 0.199773
726 0.289694
727 0.119255
728 0.165192
729 0.074831
730 0.108609
732 0.300424
733 0.238384
734 0.168927
735 0.094708
736 0.270965
737 0.438159
738 0.485719
740 0.134479
741 0.724436
742 0.316317
745 0.050902
746 0.352785
747 0.171794
749 0.177175
750 0.191069
751 0.648539
752 0.571658
753 0.448256
754 0.28615
755 0.361271
756 0.163649
758 0.103224
759 0.120884
760 0.324748
761 0.20189
762 0.257759
763 0.257254
764 0.1809
765 0.379248
766 0.261331
767 0.343341
768 0.316247
769 0.390083
770 0.27631
772 0.176122
773 0.206081
774 0.20547
775 0.164181
776 0.221197
777 0.199712
778 0.111261
779 0.187969
780 0.194276
781 0.199938
782 0.079432
783 0.105231
785 0.081478
789 0.035756
790 0.321899
791 0.140863
793 0.070218
794 0.026229
795 0.019543
797 0.037415
798 0.014182
799 0.350394
800 0.054961
802 0.040967
803 0.317646
805 0.47149
806 0.3648
807 0.169952
808 0.265631
809 0.161394
811 0.166391
812 0.0304
813 0.070933
814 0.31703
815 0.100404
816 0.182221
817 0.215458
818 0.347429
819 0.14592
820 0.072091
821 0.039051
822 0.07585
824 0.103245
825 0.100404
826 0.08491
827 0.081824
828 0.067935
829 0.044852
830 0.040161
831 0.054071
832 0.046849
834 0.056607
835 0.089542
836 0.101333
837 0.127503
838 0.060554
839 0.101805
840 0.140724
841 0.11931
842 0.106252
843 0.093909
844 0.246776
845 0.196166
847 0.102948
848 0.368412
849 0.170382
850 0.437655
851 0.586458
852 0.856101
853 1.084204
854 0.801267
855 0.845469
856 1.198668
857 0.912583
858 0.878796
859 0.920103
861 0.972229
862 1.031398
863 1.239343
864 0.909521
865 0.898539
866 0.953402
867 0.915053
868 0.77619
869 1.009409
870 1.06084
871 1.072902
872 1.067581
873 1.108637
874 0.963503
875 0.961067
876 1.162197
877 1.538797
878 1.297295
879 0.970312
880 1.047026
887 0.018682
889 0.191269
890 0.286882
891 0.367639
892 0.439475
893 0.677767
894 1.052043
895 1.284819
896 1.342723
897 1.346375
898 1.052759
899 1.181489
900 0.811438
901 1.177702
902 1.267865
903 1.055146
904 1.207808
905 1.115235
907 0.825253
908 1.003422
909 0.989562
910 0.589529
911 0.513854
912 0.705078
913 0.798257
914 0.708798
915 0.761115
916 1.009757
917 1.143286
918 1.079073
919 1.058133
920 0.856959
921 1.135377
922 1.154975
923 1.289063
924 1.295481
925 0.817394
926 1.215664
927 1.220325
928 1.043293
929 1.28975
930 1.230809
931 1.363873
932 1.415992
933 1.029922
934 1.362846
935 1.114174
936 1.20804
938 0.991296
939 1.187569
940 1.321679
941 1.208254
942 0.911499
943 0.631644
944 0.805467
945 0.42473
946 0.910847
948 0.965173
949 1.040839
950 1.0536
951 0.809289
952 0.833658
953 0.832251
954 0.880663
955 0.951243
956 0.948763
957 0.966364
958 1.026577
959 1.058949
960 1.174601
961 1.214122
962 0.934278
964 0.853782
965 0.337521
966 0.88449
967 1.038407
968 1.054113
970 1.033441
971 1.035422
972 0.908578
973 0.519624
974 0.77425
975 0.496708
976 0.744047
977 0.752169
978 0.912337
979 0.872229
980 0.851696
981 0.78131
982 0.661219
983 0.299263
985 0.05757
986 0.764342
987 0.378301
988 0.655984
989 0.656685
990 1.070256
991 0.896432
992 0.8698
994 0.980962
995 1.062632
996 0.946385
997 0.587157
998 0.696713
999 0.692242
1000 0.476768
1001 0.314636
1002 0.21888
1003 0.205877
1004 0.109093
1005 0.42501
1006 0.35641
1007 0.442278
1008 0.73451
1009 0.551464
1010 1.001734
1011 1.009893
1012 1.183031
1013 1.336308
1015 1.335519
1016 1.308539
1017 1.40371
1019 0.560141
1020 1.0245
1021 0.640148
1022 0.478136
1023 0.186511
1024 0.214588
1025 0.287193
1026 0.542319
1027 0.327715
1028 0.48171
1029 0.270234
1030 0.337525
1031 0.412143
1032 0.456095
1033 0.276301
1034 0.410664
1035 0.908214
1036 0.776925
1037 0.660581
1039 0.497304
1040 0.672356
1041 0.563333
1042 0.854218
1043 1.253988
1044 1.161236
1045 0.691887
1046 0.752584
1047 1.170735
1048 1.115716
1049 0.834381
1050 0.530006
1051 0.273307
1052 0.772404
1053 0.614229
1054 0.834915
1055 0.492117
1056 0.415457
1057 0.404929
1058 0.522997
1059 0.478136
1060 0.210701
1061 0.280848
1063 0.266061
1064 0.446058
1065 0.801161
1066 0.967612
1067 0.763125
1068 0.184892
1069 0.302551
1070 0.262646
1071 0.545299
1072 0.501287
1073 0.463193
1074 0.456896
1075 0.284397
1076 0.18285
1077 0.51025
1078 0.784459
1079 1.088222
1081 1.192687
1082 1.038644
1083 1.127121
1084 1.273798
1085 1.503277
1086 1.192663
1087 0.988669
1088 1.226513
1089 0.848783
1090 0.827541
1091 0.878314
1092 1.193321
1093 1.121868
1094 0.572377
1095 0.699333
1096 0.663616
1097 0.600115
1099 0.983208
1100 1.290886
1101 1.026412
1102 0.813153
1103 0.916282
1104 1.041681
1105 0.71431
1106 0.949323
1107 0.761602
1108 0.688545
1109 1.058853
1110 1.108884
1111 0.825129
1112 1.129061
1113 1.200689
1114 1.299445
1115 1.114794
1116 0.890169
1118 1.391136
1119 0.623817
1120 0.985067
1121 0.992498
1122 1.121281
1123 1.306826
1124 1.108227
1125 1.15732
1126 0.963567
1128 0.947204
1129 1.329709
1130 0.929634
1131 1.159246
1132 1.190617
1133 1.199002
1134 0.923336
1135 1.717768
1136 1.558226
1137 1.262599
1138 1.547768
1139 1.373036
1140 1.732268
1141 1.037384
1142 1.02596
1143 1.422044
1144 1.17584
1145 1.321706
1146 1.116835
1148 0.930121
1149 1.374927
1150 1.039032
1151 1.007369
1152 1.204012
1153 1.068825
1154 0.731828
1155 1.283449
1156 1.040687
1157 1.475323
1158 1.042319
1159 0.942213
1160 1.151768
1161 0.652281
1162 0.935257
1163 0.945568
1164 0.870726
1165 1.135865
1166 0.685838
1167 0.639303
1168 0.359311
1169 0.250762
1171 0.263077
1172 0.114352
1173 0.258113
1174 0.20272
1175 0.303096
1176 0.472094
1177 0.50203
1178 0.624128
1179 0.540807
1180 0.510012
1181 0.297129
1182 0.356251
1183 0.673505
1184 0.922513
1186 0.967254
1187 0.659107
1188 0.644555
1189 0.715941
1190 0.36818
1191 0.400919
1192 0.247645
1193 0.23862
1194 0.212679
1195 0.255254
1196 0.262897
1197 0.390083
1198 0.279835
1199 0.314234
1200 0.310267
1201 0.30861
1202 0.400919
1203 0.379458
1204 0.585435
1205 0.369409
1206 0.402194
1207 0.427343
1208 0.390857
1209 0.115232
1210 0.185842
1212 0.170004
1213 0.168414
1214 0.128645
1215 0.333531
1216 0.304717
1217 0.321212
1218 0.430614
1219 0.42259
1220 0.407707
1221 0.392235
1222 0.311251
1223 0.174305
1224 0.17337
1225 0.191254
1226 0.255785
1227 0.257254
1228 0.202076
1229 0.091059
1230 0.177189
1231 0.199938
1233 0.137593
1234 0.119281
1235 0.173542
1236 0.207969
1238 0.004815
1239 0.130645
1240 0.270891
1241 0.20118
1242 0.09685
1243 0.286882
1244 0.126169
1245 0.173877
1246 0.085835
1247 0.100619
1248 0.151549
1251 0.051271
1252 0.226863
1253 0.057128
1254 0.1824
1255 0.154913
1256 0.106149
1257 0.215221
1258 0.179687
1259 0.10513
1260 0.207728
1261 0.360355
1262 0.545347
1263 0.605514
1265 0.538836
1266 0.598384
1267 0.887467
1268 0.955775
1269 0.460839
1270 0.473084
1271 0.371459
1272 0.42429
1273 0.326312
1274 0.694229
1276 1.074759
1277 1.280607
1278 1.344428
1279 0.725578
1280 0.892195
1281 0.97852
1282 1.156595
1283 0.930941
1284 0.987265
1285 0.805846
1286 0.85312
1287 1.169608
1288 0.902951
1289 1.559105
1290 1.113719
1291 1.006367
1292 0.464665
1293 0.3648
1294 0.272491
1295 0.257359
1296 0.292273
1297 0.235481
1299 0.42501
1300 0.335561
1301 0.344697
1302 0.520111
1303 0.31332
1304 0.332291
1305 0.36866
1306 0.541782
1307 0.358558
1308 0.314428
1309 0.396988
1310 0.404196
1311 0.389212
1313 0.473875
1314 0.644158
1315 0.800816
1316 0.96565
1317 0.582594
1318 0.652196
1319 0.4284
1320 0.942689
1321 0.971064
1322 0.946513
1323 0.739504
1324 0.380702
1325 0.166766
1326 0.363761
1327 1.012936
1328 1.404032
1329 1.280352
1330 1.108714
1331 1.32434
1332 1.615913
1333 1.302466
1334 1.073779
1335 1.258398
1336 1.569279
1337 1.137528
1338 1.200032
1339 1.048815
1340 0.587709
1341 0.352784
1343 0.307915
1344 0.348813
1345 0.33234
1346 0.85606
1347 1.604268
1348 1.253187
1349 1.477917
1350 1.432214
1351 1.423194
1352 1.876722
1353 1.578142
1354 1.782577
1355 1.477323
1356 1.391961
1358 1.029947
1359 1.069551
1360 1.100293
1361 1.536932
1362 1.400497
1363 1.429013
1364 0.893117
1365 1.195006
1366 1.351065
1367 1.626051
1368 1.020815
1369 1.387596
1370 1.580481
1372 1.490809
1373 1.371747
1374 1.643477
1375 1.26239
1376 0.965644
1377 1.196449
1379 0.120854
1380 0.312932
1381 0.177031
1382 0.352808
1383 0.340008
1384 0.239526
1385 0.452867
1386 0.532167
1387 0.733794
1388 0.682878
1389 0.581322
1390 0.627198
1391 0.602487
1392 0.840016
1393 0.894755
1394 0.588816
1395 0.342648
1396 0.283976
1398 0.108593
1399 0.64491
1400 0.717151
1401 0.831145
1402 0.776248
1403 0.782345
1404 0.787987
1405 1.037513
1406 0.996
1407 1.440356
1408 1.472222
1409 1.008839
1410 1.095131
1411 1.069892
1412 1.011243
1413 0.961519
1414 1.282825
1415 0.962438
1416 0.572725
1417 0.479912
1418 0.801649
1419 0.577146
1420 0.831281
1421 0.732079
1422 0.75525
1424 0.361358
1425 0.510327
1426 0.323967
1427 0.730299
1428 0.660587
1429 0.798329
1430 0.695712
1431 0.872722
1432 0.487697
1433 0.79189
1434 0.854768
1435 0.771215
1436 0.850807
1437 0.870178
1438 0.699248
1440 0.854236
1441 0.961093
1442 0.717608
1443 0.594369
1444 0.533941
1445 0.676305
1446 0.932563
1447 0.90277
1448 0.884144
1449 1.007792
1450 1.125483
1451 0.765709
1452 1.00726
1453 0.963389
1454 1.141439
1455 1.06822
1456 0.993949
1457 0.777602
1458 0.933051
1460 1.06688
1461 1.026066
1462 1.102154
1463 0.948294
1464 0.820578
1465 0.407315
1466 0.24743
1467 0.751662
1468 0.869796
1469 0.841971
1470 0.898935
1471 1.007512
1472 0.636444
1473 0.614406
1474 0.371724
1476 0.543248
1477 0.672848
1478 0.490759
1479 0.519257
1480 0.591079
1481 0.463786
1482 0.51469
1483 0.38
1484 0.386414
1485 0.46429
1486 0.509933
1487 0.5396
1488 0.472728
1489 0.704929
1490 0.795421
1491 0.626705
1492 0.820622
1493 0.70585
1494 0.963873
1495 0.893483
1496 0.753374
1497 0.85665
1498 0.881275
1499 0.918921
1501 0.866546
1502 0.947477
1503 0.525682
1504 0.88326
1505 0.912363
1506 0.717056
1507 0.787524
1508 1.061328
1509 0.834714
1510 0.835809
1511 1.26482
1512 0.842333
1513 0.954022
1514 1.067536
1515 1.267066
1516 1.198969
1517 1.198803
1518 1.211293
1520 1.02227
1521 1.244725
1522 0.925266
1523 1.368048
1524 0.920956
1525 0.752579
1526 0.835661
1527 0.802359
1528 0.81402
1529 0.849271
1530 1.100731
1531 0.643195
1532 0.562652
1534 1.085726
1535 1.067628
1536 1.259913
1537 1.387093
1538 1.011251
1539 1.22579
1540 1.054851
1541 1.07319
1542 0.97742
1543 0.463647
1545 0.120861
1546 0.346322
1547 0.692867
1548 1.015786
1549 1.173874
1550 1.041783
1551 0.877607
1552 0.710234
1553 0.366884
1554 1.029085
1555 0.740104
1557 1.156911
1558 1.423345
1559 1.244289
1560 0.957204
1561 1.049662
1562 1.261471
1563 1.049932
1564 1.25497
1565 1.303556
1566 1.151215
1567 1.392032
1568 0.731661
1569 0.485419
1570 0.725198
1572 0.693703
1573 0.299945
1574 0.789038
1575 0.611859
1576 0.884704
1577 1.082131
1578 0.559683
1579 0.837434
1580 0.603734
1581 0.682938
1582 0.663899
1583 0.906557
1584 0.725554
1585 0.589631
1586 0.508797
1587 0.577038
1588 0.455291
1589 0.39047
1590 0.350059
1591 0.711855
1592 0.729121
1593 0.79245
1594 0.770669
1595 0.602091
1597 0.600502
1598 0.57821
1599 0.690075
1600 0.751067
1601 0.831548
1602 1.117546
1603 0.783421
1604 0.842248
1605 0.783498
1606 0.412428
1607 0.487596
1608 0.958004
1609 1.097236
1610 0.643842
1611 0.672047
1612 0.572229
1613 0.652887
1614 0.697472
1615 0.561133
1616 0.986426
1617 1.233756
1618 0.6967
1620 1.114822
1621 0.929365
1622 0.866148
1623 0.951176
1624 0.743987
1625 0.850361
1626 0.640457
1627 0.595932
1628 0.679057
1629 0.603552
1630 0.617665
1631 0.691148
1632 0.618864
1633 0.933828
1634 0.557761
1635 0.621365
1636 0.95277
1637 0.567857
1639 0.98271
1640 1.00892
1641 0.833534
1642 0.844356
1643 0.89309
1644 0.736063
1645 0.517624
1646 0.874516
1647 0.898914
1648 1.026051
1649 1.199325
1650 1.118116
1651 0.933389
1652 0.575984
1653 0.772324
1654 0.83259
1655 1.042454
1656 0.849056
1657 0.788008
1658 0.597562
1659 0.647184
1660 0.650139
1661 0.374796
1662 0.198034
1663 0.541754
1664 1.016887
1666 0.813668
1667 0.960266
1668 0.816821
1669 0.810852
1670 0.845923
1671 0.886771
1672 0.446723
1673 0.348721
1674 0.452713
1675 0.469861
1676 0.604943
1678 0.391046
1679 0.576855
1680 0.887531
1681 0.669865
1682 0.679834
1683 0.564531
1684 0.560713
1685 0.438905
1686 0.71063
1687 0.932048
1688 0.534463
1689 1.102242
1690 0.97238
1691 1.087281
1692 0.869384
1693 0.901846
1694 1.102693
1695 1.176384
1696 0.911689
1697 1.037125
1698 0.830923
1699 0.900523
1700 0.884891
1701 0.836396
1702 0.858331
1703 1.263856
1704 0.589605
1705 0.390083
1706 0.452448
1707 0.640036
1708 0.536825
1710 0.326215
1711 0.49445
1712 0.578315
1713 0.528038
1714 0.744439
1715 0.700902
1716 0.70156
1717 0.715603
1718 1.106494
1719 0.914847
1720 0.27737
1721 0.776
1722 0.84087
1723 0.891227
1724 0.668242
1725 0.590813
1726 0.529284
1727 0.673694
1728 1.039489
1729 1.080977
1730 1.187846
1731 1.36438
1732 0.847012
1733 1.005367
1734 0.985805
1735 0.995053
1736 0.925235
1737 0.764586
1738 1.104823
1739 0.610693
1740 1.021046
1741 1.114997
1742 1.242831
1743 1.490677
1744 1.086721
1746 1.141845
1747 0.769657
1748 1.167497
1749 1.467642
1750 1.424531
1751 0.983185
1751 2.85
