2165 1.03797
2166 1.379876
2167 0.787181
2168 1.127505
2169 0.993662
2170 0.889876
2172 0.912023
2173 0.861285
2174 1.2599
2175 0.9124
2176 0.828238
2177 0.991225
2178 1.050701
2179 1.24264
2180 0.927313
2181 1.277582
2182 1.302501
2183 0.985633
2184 1.330939
2185 1.273127
2186 0.908174
2187 1.241918
2188 1.029459
2189 1.296559
2190 1.368412
2191 1.115128
2193 0.981042
2194 1.184355
2195 1.053605
2196 1.182539
2197 1.384448
2198 0.993325
2199 1.032406
2200 1.285899
2201 1.323802
2202 0.970974
2203 1.289431
2204 1.412412
2205 1.448486
2206 1.436411
2207 1.389964
2208 1.363175
2210 0.980268
2211 0.781676
2212 0.419548
2213 1.014057
2214 1.229798
2215 1.182895
2216 1.04465
2217 1.154823
2218 0.856164
2219 0.81887
2220 0.935138
2221 0.811151
2222 0.621725
2223 0.429231
2224 0.540063
2225 0.850198
2226 0.551253
2227 0.77238
2228 0.706733
2229 0.803788
2230 1.060846
2231 0.808198
2233 0.662272
2234 0.78094
2235 0.428021
2236 0.827013
2237 0.996558
2238 0.886852
2239 0.832422
2240 0.599416
2241 0.829331
2242 0.796378
2243 0.939574
2244 1.107584
2245 0.726154
2246 0.573485
2248 0.818808
2249 0.99021
2250 0.961399
2251 0.726776
2252 0.798938
2253 0.956083
2254 0.716988
2255 0.952467
2256 0.962062
2257 0.780886
2258 0.946054
2259 0.954465
2260 0.837624
2261 0.979572
2262 0.721463
2263 1.017617
2264 0.71223
2266 0.825207
2267 0.879549
2268 0.868435
2269 0.988437
2270 0.89922
2271 1.165552
2272 0.826701
2273 0.740282
2274 0.798137
2275 0.978761
2276 0.959556
2277 0.797399
2278 0.794792
2279 0.766119
2281 0.798607
2282 0.800417
2283 0.866867
2284 0.875306
2285 0.850144
2286 0.92608
2287 0.897455
2289 0.480328
2290 0.458075
2291 0.627357
2292 0.760769
2293 0.607584
2294 0.805431
2295 0.586185
2296 0.499239
2297 0.77821
2298 0.79126
2299 0.841441
2300 0.885077
2301 0.891437
2302 0.588218
2303 0.813333
2304 0.536992
2305 0.755422
2306 0.675741
2307 0.582576
2308 0.763615
2309 0.529497
2310 0.446314
2311 0.171671
2312 0.376838
2313 0.775313
2314 0.419219
2315 0.724299
2316 0.750281
2317 0.659604
2319 0.632987
2320 0.833434
2321 0.950123
2322 0.686986
2323 0.934749
2324 0.660135
2325 0.825719
2326 0.549861
2327 0.80902
2328 0.266522
2329 0.614538
2330 0.323725
2331 0.608846
2332 0.599144
2333 0.363392
2334 0.456957
2335 0.339835
2336 0.307833
2337 0.2808
2338 0.301254
2339 0.401435
2340 0.343341
2342 0.112745
2343 0.568322
2344 0.509288
2345 0.247457
2346 0.170285
2347 1.066196
2348 0.507337
2349 1.011261
2350 0.852562
2352 0.825536
2353 0.801434
2354 0.785236
2355 0.808046
2356 1.138994
2357 1.009386
2358 0.901537
2359 0.614012
2360 0.608999
2361 0.897841
2362 0.76565
2363 0.624293
2364 0.8416
2365 0.689458
2366 0.647832
2367 0.84679
2368 0.594075
2369 0.557291
2371 0.586377
2372 0.687909
2373 0.332909
2374 0.295639
2375 0.370731
2376 0.333531
2377 0.205839
2378 0.31024
2379 0.299154
2380 0.242031
2381 0.229299
2382 0.292562
2384 0.140904
2385 0.238384
2386 0.023965
2387 0.406273
2388 0.366877
2389 0.24922
2390 0.162535
2391 0.192194
2393 0.249163
2394 0.226906
2395 0.251461
2396 0.183878
2397 0.14213
2398 0.298211
2399 0.343954
2400 0.308131
2401 0.216499
2402 0.177728
2404 0.503251
2405 0.779395
2406 0.652153
2407 0.605701
2408 0.598269
2409 0.702989
2410 0.443122
2411 0.525434
2412 0.7076
2413 0.259534
2414 0.10228
2421 0.101037
2422 0.363471
2424 0.990145
2425 0.955372
2426 1.266295
2427 1.147324
2428 1.362604
2429 1.417753
2430 1.635207
2431 1.663153
2432 1.172635
2433 0.934971
2435 0.242873
2436 0.896731
2437 0.987026
2438 1.397476
2439 1.833311
2440 0.98706
2441 0.783647
2442 0.857069
2443 1.340179
2444 1.19771
2445 1.335628
2446 1.079663
2447 0.93718
2448 0.715647
2449 0.84145
2450 0.616626
2451 0.64255
2452 0.547737
2453 0.467652
2454 0.400174
2455 0.500412
2456 0.577025
2458 0.543711
2459 0.659883
2460 0.494585
2461 0.283067
2462 0.289414
2463 0.158865
2464 0.127343
2466 0.139482
2467 0.365304
2468 0.736087
2469 0.572298
2470 0.480298
2471 0.598925
2472 0.565247
2473 0.520243
2474 0.630479
2475 0.384163
2476 0.42698
2477 0.649236
2478 0.423255
2479 0.425825
2480 0.588832
2484 0.117479
2485 0.329383
2486 0.364119
2487 0.411667
2488 0.353432
2489 0.312686
2490 0.395332
2491 0.282286
2492 0.202014
2493 0.267973
2494 0.241001
2495 0.423379
2496 0.340008
2497 0.242218
2498 0.268021
2499 0.556816
2501 0.704893
2502 0.350293
2503 0.28396
2504 0.535338
2505 0.697951
2506 0.916032
2507 0.381404
2508 0.271429
2509 0.308132
2511 0.039427
2512 0.297218
2513 0.281234
2514 0.11008
2515 0.079725
2517 0.696043
2518 0.608934
2519 0.485773
2520 0.157647
2521 0.018708
2522 0.347788
2523 0.177189
2524 0.071596
2525 0.080323
2526 0.108356
2527 0.145781
2528 0.11931
2529 0.108979
2531 0.00687
2532 0.108356
2533 0.484062
2534 0.307252
2535 0.478601
2536 0.336996
2537 0.3648
2539 0.035075
2540 0.1368
2541 0.154868
2542 0.134219
2543 0.147323
2544 0.133825
2545 0.151699
2546 0.135111
2547 0.182938
2548 0.152618
2549 0.276256
2550 0.210693
2552 0.273061
2553 0.160941
2554 0.127503
2555 0.080323
2556 0.098836
2557 0.08083
2558 0.152707
2559 0.129929
2560 0.128753
2562 0.132558
2563 0.171671
2564 0.17337
2565 0.035349
2566 0.171671
2567 0.268235
2568 0.266415
2569 0.150606
2570 0.063385
2571 0.127503
2572 0.143326
2574 0.080323
2575 0.075081
2576 0.185842
2577 0.147323
2578 0.125274
2579 0.195235
2580 0.100438
2581 0.460954
2582 0.2752
2583 0.225318
2584 0.167708
2585 0.270891
2586 0.247917
2587 0.321882
2588 0.209923
2589 0.246776
2590 0.197394
2591 0.300718
2593 0.370875
2594 0.280057
2595 0.470122
2596 0.255247
2597 0.454828
2598 0.566585
2599 0.435699
2600 0.415121
2601 0.562896
2602 0.485598
2603 0.705167
2605 0.675868
2606 1.141846
2607 0.710275
2608 1.115248
2609 0.657022
2610 0.350961
2611 0.421794
2612 0.861163
2613 1.063631
2614 1.022153
2615 1.015728
2616 0.967073
2617 0.874452
2618 0.961095
2619 0.657181
2620 0.498982
2621 0.550306
2622 0.333283
2623 0.403759
2624 0.285914
2625 0.218464
2626 0.150796
2627 0.255006
2628 0.205877
2629 0.175231
2630 0.246776
2631 0.211708
2632 0.340008
2633 0.405498
2634 0.525741
2635 0.304632
2636 0.216713
2637 0.171671
2638 0.209462
2640 0.239726
2641 0.205134
2642 0.227549
2643 0.256523
2644 0.330319
2645 0.336238
2646 0.33918
2647 0.418447
2648 0.274495
2649 0.247789
2650 0.273633
2651 0.336415
2652 0.206081
2653 0.114593
2654 0.127627
2655 0.131197
2656 0.205278
2657 0.281727
2658 0.417701
2659 0.395654
2660 0.349476
2661 0.44626
2662 0.323089
2663 0.384111
2664 0.451528
2665 0.395314
2666 0.495683
2668 0.246338
2669 0.408118
2670 0.363659
2671 0.343569
2672 0.397378
2673 0.328615
2674 0.313236
2675 0.368412
2676 0.349079
2677 0.520111
2678 0.398505
2679 0.424761
2680 0.483624
2681 0.327503
2682 0.354643
2683 0.46313
2684 0.480302
2685 0.463662
2686 0.257759
2687 0.229543
2689 0.367954
2690 0.538799
2691 0.689774
2692 0.468261
2693 0.455992
2694 0.430922
2695 0.458337
2696 0.552706
2697 0.626889
2698 0.45175
2699 0.506361
2700 0.487608
2701 0.502314
2702 0.493373
2703 0.613586
2704 0.592235
2705 0.50946
2706 0.619493
2707 0.713357
2708 0.691062
2709 0.680335
2710 0.320438
2711 0.293491
2713 0.453371
2714 0.602352
2715 0.623767
2716 0.712221
2717 0.632341
2718 0.346115
2719 0.583896
2720 0.359749
2721 0.719786
2722 0.842996
2723 0.993877
2724 0.685299
2725 0.8216
2726 0.569259
2727 0.60343
2728 0.808293
2729 0.70588
2730 0.367065
2731 0.43363
2732 0.445976
2733 0.664327
2734 0.576471
2735 0.574421
2736 0.568541
2738 0.424435
2739 0.75658
2740 0.799477
2741 0.826376
2742 0.689949
2743 0.556045
2744 0.278965
2745 0.216713
2746 0.453471
2747 0.715671
2748 1.131604
2749 0.488691
2750 0.39524
2751 0.305041
2752 0.692277
2753 0.904086
2754 0.904578
2755 0.943541
2756 0.971338
2757 0.996276
2758 1.104436
2759 0.853448
2761 1.016687
2762 0.958863
2763 0.983888
2764 0.519969
2765 0.837514
2766 0.74236
2767 0.820456
2768 0.730556
2769 1.134162
2770 0.918928
2771 0.765505
2772 0.795747
2773 0.624927
2774 0.546301
2775 0.744224
2776 0.490033
2777 0.468602
2778 0.550668
2779 0.641529
2780 0.721115
2781 0.405528
2783 0.55527
2784 0.787747
2785 0.732246
2786 0.639865
2787 1.011945
2788 0.677682
2789 0.694296
2790 0.923762
2791 0.773648
2792 0.838954
2793 1.130788
2794 0.765212
2795 1.133046
2796 0.97982
2797 0.990981
2798 0.91478
2799 0.730572
2800 0.896386
2801 0.870225
2802 1.024635
2803 0.856302
2804 0.934831
2805 1.114487
2806 1.450614
2807 1.051968
2808 1.101822
2809 0.942447
2811 1.094906
2812 1.133107
2813 1.134192
2814 1.294865
2815 1.348541
2816 0.931947
2817 1.003772
2818 1.076586
2819 1.002558
2820 1.079533
2821 1.243941
2822 1.144112
2823 0.993584
2824 1.006279
2825 0.823784
2826 1.072649
2827 0.708772
2828 0.934718
2829 1.005132
2831 1.034251
2832 1.09648
2833 1.062637
2834 1.164263
2835 1.049867
2836 1.132233
2837 1.027784
2838 0.949482
2839 1.357212
2840 1.219317
2841 1.584119
2842 1.171326
2843 1.744324
2844 1.104649
2845 0.531778
2846 0.577482
2847 0.37939
2848 0.256447
2849 0.330084
2850 0.901529
2851 1.014725
2852 0.835312
2853 0.519596
2854 0.493027
2855 0.339881
2857 0.344895
2858 1.083117
2859 1.154714
2860 0.876132
2861 1.047238
2862 1.249982
2863 1.079788
2864 1.008008
2865 1.241687
2866 0.799612
2867 1.033253
2868 1.137481
2869 1.144926
2870 1.239278
2871 0.668033
2872 1.254498
2873 1.399604
2874 1.1064
2875 1.17459
2876 0.444318
2877 0.784618
2878 0.922074
2879 1.27996
2880 0.792687
2882 0.674834
2883 0.399877
2884 0.19899
2885 0.20188
2886 0.216713
2887 0.198568
2888 0.278965
2889 0.321882
2890 0.304665
2891 0.225017
2892 0.278965
2893 0.285835
2894 0.314302
2895 0.243842
2896 0.26333
2897 0.24221
2898 0.311153
2899 0.340008
2900 0.346067
2901 0.377519
2902 0.444702
2903 0.357223
2904 0.193183
2905 0.314545
2906 0.333457
2908 0.318757
2909 0.284123
2910 0.129832
2911 0.339678
2912 0.46263
2913 0.833094
2914 0.552641
2915 1.012673
2916 1.244579
2917 1.196998
2918 1.102753
2919 1.348442
2920 0.865928
2921 0.615213
2922 0.899404
2923 1.064482
2924 1.466545
2925 1.220186
2926 1.315181
2927 1.391064
2928 1.102108
2930 1.677486
2931 1.323382
2932 1.4822
2933 1.214442
2934 1.642264
2935 1.810051
2936 1.349185
2937 1.498331
2938 1.455194
2939 1.355868
2940 1.255047
2941 1.019281
2942 1.0537
2944 1.039438
2945 1.435197
2946 1.122977
2947 1.154566
2948 0.800997
2949 0.446627
2950 0.804982
2951 1.343438
2952 1.157294
2953 0.968064
2954 1.176079
2955 1.130014
2956 1.045923
2957 0.680645
2958 1.095585
2959 1.024907
2960 1.196915
2961 1.449935
2962 1.1314
2963 1.283674
2964 1.486561
2965 1.343445
2966 1.21435
2967 1.208434
2968 1.204063
2969 1.25318
2971 1.0856
2972 1.39076
2973 1.470761
2974 1.458228
2975 1.355683
2976 1.326993
2977 1.018479
2978 1.137055
2979 1.346555
2980 1.129265
2981 1.584277
2982 1.546582
2983 1.318226
2984 1.934188
2985 1.476587
2986 1.458478
2987 1.364127
2988 1.656735
2989 1.320754
2990 1.386012
2991 1.452175
2992 1.510186
2993 1.143527
2994 1.378278
2996 1.40268
2997 1.202202
2998 1.133283
2999 1.409919
3000 1.103209
3001 1.068756
3002 1.136964
3003 1.278747
3004 1.155205
3005 1.406558
3006 1.011647
3007 1.191289
3008 1.271648
3009 1.059278
3010 0.78327
3011 1.0069
3012 0.949394
3013 0.916618
3014 0.748423
3015 0.524037
3016 0.502461
3017 0.302263
3018 0.157846
3019 0.161833
3020 0.286603
3021 0.155333
3022 0.184206
3023 0.268487
3024 0.459475
3026 0.37114
3027 0.333071
3028 0.563453
3029 0.528144
3030 0.386489
3031 0.313002
3032 0.329383
3033 0.302635
3034 0.394235
3035 0.366495
3036 0.563343
3037 0.521362
3038 0.361843
3039 0.153117
3040 0.140863
3041 0.082596
3042 0.10558
3043 0.224437
3044 0.210377
3045 0.199938
3047 0.165314
3048 0.138128
3049 0.108356
3050 0.095627
3051 0.10228
3052 0.120373
3054 0.059596
3055 0.28644
3056 0.326463
3057 0.397436
3058 0.437771
3059 0.5265
3060 0.508947
3061 0.604182
3062 0.488034
3063 0.592664
3064 0.668361
3065 0.516527
3066 0.368412
3067 0.184212
3068 0.10944
3071 0.009558
3072 0.408118
3073 0.117908
3074 0.082557
3075 0.127379
3076 0.125194
3077 0.092921
3079 0.020183
3080 0.13111
3081 0.27116
3082 0.171671
3083 0.125938
3084 0.14592
3085 0.088735
3086 0.105231
3087 0.152591
3088 0.22056
3090 0.21501
3091 0.152601
3092 0.236279
3093 0.246349
3094 0.255254
3095 0.305624
3096 0.509384
3097 0.882262
3098 0.661933
3099 0.597475
3100 0.661994
3101 0.707239
3102 0.573682
3103 0.936174
3104 1.076305
3105 1.050302
3106 1.177179
3107 0.867885
3108 0.963126
3109 1.041362
3110 1.012294
3111 1.298669
3112 1.076703
3113 1.981277
3115 1.105304
3116 1.219031
3117 1.274701
3118 1.471744
3119 1.357184
3120 1.487303
3121 1.0195
3122 1.192507
3123 1.248482
3124 1.432229
3125 1.251309
3126 1.181344
3127 1.433001
3128 1.237484
3129 0.872774
3130 0.661276
3131 0.450635
3133 0.093223
3134 0.833522
3135 0.488363
3136 0.811828
3137 0.97843
3138 0.685713
3139 1.039786
3140 0.702574
3141 0.784721
3142 0.753839
3143 0.586614
3144 0.624966
3145 0.862402
3146 0.708338
3147 0.788562
3148 0.717858
3149 0.653027
3151 0.61186
3152 0.837362
3153 0.760618
3154 0.6384
3155 0.806665
3156 0.702623
3157 0.672917
3158 0.500381
3159 0.675265
3160 0.541782
3161 0.42975
3162 0.82567
3163 0.834581
3164 0.939548
3165 1.11196
3166 1.377463
3167 1.049123
3168 1.297311
3169 1.203065
3170 1.251152
3171 0.885573
3172 0.927936
3173 0.768634
3174 0.834418
3175 0.846263
3176 1.078817
3177 1.120888
3178 0.487183
3180 0.635625
3181 0.965112
3182 0.848724
3183 1.246517
3184 1.24673
3185 1.411564
3186 1.768261
3187 1.460911
3188 1.412274
3189 1.680425
3190 1.553725
3191 1.619745
3192 1.813706
3193 1.719928
3194 1.585627
3195 1.515111
3196 1.835737
3197 1.877249
3199 1.620602
3200 2.126296
3201 1.699305
3202 1.334861
3203 1.584389
3204 1.66042
3205 1.291671
3206 1.288368
3207 1.641175
3208 1.094151
3209 1.463377
3210 1.331631
3212 1.011046
3213 1.345365
3214 1.072157
3215 1.153645
3216 0.94592
3217 1.692087
3218 1.269415
3219 1.300494
3220 1.514265
3221 1.668372
3222 1.348259
3223 1.476444
3224 1.064538
3225 1.211838
3226 0.683577
3227 1.111616
3228 1.526325
3229 0.9674
3230 1.001882
3231 0.617505
3232 0.584655
3233 0.741113
3234 0.6443
3235 0.841357
3236 0.770386
3237 0.933139
3238 0.81638
3239 0.836495
3240 1.078593
3241 1.115843
3242 0.677259
3243 0.536092
3244 0.461365
3245 0.209224
3247 0.625537
3248 0.382657
3249 0.660222
3250 0.782113
3251 0.817649
3252 0.853214
3253 1.07958
3254 0.929716
3255 0.536382
3256 0.437333
3257 0.261765
3258 0.228092
3259 0.292852
3260 0.205639
3261 0.133338
3263 0.086343
3264 0.006518
3265 0.337501
3267 0.299558
3268 0.050163
3269 0.51671
3270 0.558185
3271 0.73748
3272 0.934897
3273 0.745138
3274 0.959117
3275 0.770985
3276 0.734882
3277 0.58903
3278 0.768855
3279 0.855357
3280 0.89229
3282 0.851089
3283 0.901843
3284 0.890784
3285 0.822962
3286 0.846196
3287 0.988689
3288 0.81068
3289 0.771427
3290 0.778637
3291 0.580525
3292 0.784868
3293 0.648222
3294 0.653536
3295 1.177717
3296 1.355377
3297 1.333707
3298 1.060165
3299 0.974685
3300 1.165677
3301 0.711294
3302 0.893171
3304 0.731413
3305 1.068491
3306 0.948133
3307 0.967912
3308 0.889251
3309 0.618055
3310 0.610231
3311 0.633035
3312 0.690945
3313 0.803206
3314 1.221925
3316 1.316957
3317 1.408911
3318 1.264538
3319 0.724111
3320 0.401937
3321 0.186849
3322 0.108864
3323 0.791682
3324 0.699307
3325 0.560026
3326 0.933273
3327 0.626693
3328 0.444642
3329 0.284123
3330 0.275702
3332 0.389354
3333 0.372408
3334 0.446486
3335 0.365398
3336 0.289694
3337 0.254758
3339 0.008727
3340 0.455548
3341 0.837616
3342 1.145247
3343 1.239389
3344 1.094051
3345 1.123137
3346 1.45219
3347 0.97825
3348 1.009988
3349 1.281988
3350 1.078365
3351 1.16698
3352 1.681357
3353 1.312698
3354 1.39063
3355 1.228983
3356 1.502266
3358 1.110076
3359 1.129911
3360 1.271699
3361 1.292012
3362 1.089952
3363 0.7635
3364 1.245998
3365 1.076764
3366 1.242072
3367 1.370012
3368 1.255651
3369 1.310543
3370 1.049861
3371 1.359321
3372 1.106656
3373 1.023834
3374 1.40151
3375 0.774063
3376 1.105882
3377 0.86269
3379 1.025331
3380 1.517505
3381 1.072125
3382 1.370509
3383 1.313592
3384 1.290756
3385 1.075517
3386 1.343904
3387 1.237014
3388 1.283628
3389 1.200543
3390 1.191
3391 1.224903
3392 1.136084
3393 1.141742
3394 1.0208
3396 1.078445
3397 1.249668
3398 1.25596
3399 1.143166
3400 1.129245
3401 0.757917
3402 0.917025
3403 1.381599
3404 1.037556
3405 1.163964
3406 0.934883
3407 1.061442
3408 0.845023
3409 1.040428
3410 1.053291
3411 1.047293
3412 1.058182
3413 0.772587
3414 0.509654
3415 0.441969
3416 0.334891
3417 0.376637
3419 0.100361
3420 0.102994
3421 0.795814
3422 1.101064
3423 1.088
3424 0.946514
3425 1.112093
3426 1.394917
3427 1.035132
3428 1.083021
3429 1.032965
3430 0.471185
3431 1.389395
3432 1.277774
3433 1.382747
3434 0.966986
3435 0.929484
3436 0.832937
3437 1.022004
3439 0.854976
3440 1.550143
3441 1.205085
3442 1.69363
3443 1.746347
3444 1.944628
3445 1.959225
3446 1.239238
3447 1.171577
3448 0.696581
3449 0.48659
3450 0.036756
3451 0.507893
3452 0.955381
3453 1.286929
3454 0.8524
3455 1.245765
3457 1.023503
3458 0.913378
3459 1.066273
3460 0.71264
3461 0.617007
3462 0.308431
3463 0.329868
3464 0.335905
3465 0.404059
3467 0.133232
3468 0.802484
3469 0.823465
3470 0.545079
3471 0.034715
3472 0.172008
3473 0.296927
3474 0.874432
3476 0.898057
3477 1.288053
3478 1.011762
3479 0.949262
3480 1.112503
3481 0.880606
3482 0.82631
3483 0.810487
3484 0.826061
3485 0.84292
3486 0.958123
3487 0.736713
3488 0.782772
3489 0.718615
3490 1.10937
3491 0.905039
3492 1.112296
3493 0.858234
3494 0.729279
3496 1.063677
3497 1.114226
3498 1.072389
3499 1.122786
3500 1.115335
3501 1.123418
3502 1.081777
3503 1.136032
3504 1.179873
3505 1.024631
3506 1.033024
3507 1.188252
3508 1.451429
3509 1.642858
3510 1.629874
3511 1.462069
3512 1.604626
3514 1.289016
3515 1.678354
3516 1.768464
3517 1.214976
3518 1.23386
3519 1.443849
3520 1.012615
3521 1.385215
3522 1.089264
3523 1.473151
3524 1.016695
3525 1.358994
3526 0.934204
3527 1.229628
3528 1.080707
3529 1.153518
3530 1.238218
3532 1.009354
3533 1.286529
3534 1.349794
3535 0.888578
3536 1.100747
3537 1.150463
3538 1.139933
3539 0.787757
3540 1.077697
3541 1.13596
3542 0.88418
3543 0.891732
3544 1.117621
3545 1.09453
3546 1.112488
3547 1.158969
3548 1.01369
3549 1.2044
3550 0.959462
3551 0.99837
3552 0.964783
3553 1.010333
3554 0.892509
3555 1.074953
3557 1.194881
3558 1.099409
3559 1.375319
3560 1.522454
3561 0.78333
3562 0.785142
3563 0.92198
3564 0.830975
3565 1.159529
3566 0.993793
3567 1.158954
3568 1.03789
3569 1.103287
3570 1.095485
3571 1.153194
3572 1.199576
3573 1.097176
3574 1.168845
3575 1.222897
3576 1.162616
3577 0.987232
3578 1.204467
3580 1.13066
3581 0.727715
3582 1.063544
3583 1.027713
3584 1.062519
3585 1.11059
3586 1.363881
3587 1.160048
3588 0.932682
3589 0.995423
3590 0.954993
3591 1.058675
3592 1.048152
3593 1.070697
3594 1.163749
3595 1.249434
3596 0.97509
3597 1.009377
3599 1.109907
3600 0.994031
3601 0.980143
3602 0.904182
3603 0.881677
3604 1.18636
3605 1.074879
3606 1.027768
3607 0.967161
3608 0.934465
3609 1.010063
3610 1.055766
3611 1.019221
3612 1.251366
3613 1.036369
3614 0.661245
3615 0.73501
3616 0.708253
3617 0.693593
3618 1.253962
3619 0.992103
3620 1.192259
3621 1.126721
3622 1.130069
3623 1.166257
3624 1.2221
3625 1.136943
3626 0.910458
3627 1.120444
3628 1.219216
3629 1.045545
3631 1.022154
3632 1.034565
3633 1.080365
3634 0.561851
3635 0.948756
3636 1.206422
3637 0.684067
3638 0.850762
3639 1.03479
3640 1.310841
3641 1.388392
3642 0.853347
3643 1.101778
3644 0.677152
3645 0.497162
3646 0.554194
3647 0.649719
3648 0.592251
3649 0.550803
3650 1.03797
3651 1.045171
3653 1.079546
3654 1.284396
3655 1.239968
3656 1.106307
3657 1.045423
3658 1.144514
3659 1.047235
3660 1.27013
3661 1.140451
3662 1.234794
3663 1.226533
3664 1.118266
3665 1.064817
3666 0.830745
3667 0.705814
3668 1.076044
3669 1.231612
3670 0.951263
3671 1.341277
3672 1.042108
3673 1.135057
3674 0.994945
3675 0.982517
3676 0.834166
3677 1.005138
3678 1.179057
3679 1.048639
3680 1.107786
3681 1.144096
3683 1.434392
3684 1.022984
3685 1.314398
3686 0.88983
3687 1.406811
3688 1.273752
3689 0.804788
3690 1.18492
3691 1.059394
3692 1.164172
3693 1.193893
3694 0.952056
3695 1.009726
3696 0.947244
3697 0.931056
3698 0.887921
3699 0.719223
3700 0.73667
3701 1.067073
3702 0.966497
3703 0.860463
3704 1.129526
3705 0.789011
3706 0.939345
3708 1.02576
3709 0.971404
3710 1.005667
3711 1.086292
3712 0.897295
3713 1.105256
3714 1.067543
3715 1.12361
3716 1.413686
3717 1.260615
3718 1.596891
3719 1.182737
3720 1.165913
3722 1.099274
3723 1.217325
3724 1.286985
3725 0.997561
3726 1.175279
3727 1.046281
3728 1.1179
3729 1.461675
3730 1.121838
3731 0.752935
3732 0.919885
3733 1.115271
3734 1.067445
3735 0.999477
3736 0.995661
3737 0.963211
3738 1.004017
