5159 1.683021
5160 1.975825
5161 1.023207
5162 1.185885
5163 1.133502
5164 1.247489
5165 0.985292
5166 1.178936
5167 1.051108
5168 1.38506
5169 1.393071
5170 1.166111
5171 1.444108
5173 1.113601
5174 1.452236
5175 1.038556
5176 1.191669
5177 1.30382
5178 1.480822
5179 1.098893
5180 1.322078
5181 1.161902
5182 0.930992
5183 0.744228
5184 0.965562
5185 1.004781
5186 0.98743
5187 1.00314
5188 0.968486
5189 1.041633
5191 0.852181
5192 1.204507
5193 1.041118
5194 1.180103
5195 0.782588
5196 0.912188
5197 1.117455
5198 1.08227
5199 0.582088
5200 0.829043
5201 0.949275
5202 0.852044
5203 0.929535
5204 0.464101
5205 0.54975
5207 0.589026
5208 0.764725
5209 1.516004
5210 0.637386
5211 0.981077
5212 1.216822
5213 1.215913
5214 0.704309
5215 0.78226
5216 0.997369
5217 1.011031
5218 0.995802
5219 0.993661
5221 1.177777
5222 1.025328
5223 1.455497
5224 1.178961
5225 1.122727
5226 1.155549
5227 0.992636
5228 1.159728
5229 1.018355
5230 1.037839
5231 1.126313
5232 1.202374
5233 1.292167
5234 1.133387
5235 1.345878
5236 1.319696
5237 1.235167
5238 0.92758
5239 1.340124
5240 1.306792
5241 1.394309
5243 1.244311
5244 1.072878
5245 0.915642
5246 1.214345
5247 1.024024
5248 1.054019
5249 0.956577
5250 1.023743
5251 0.93329
5252 1.107741
5254 1.040885
5255 0.91087
5256 0.885666
5257 0.547351
5258 1.009998
5259 0.932646
5260 0.905594
5261 0.450944
5262 0.764127
5263 0.552927
5264 0.882426
5265 0.820539
5266 0.787302
5267 0.804376
5268 0.747409
5269 0.960895
5270 0.944275
5271 0.310442
5273 0.844593
5274 1.090693
5275 0.841135
5276 0.905447
5277 0.993939
5278 0.994204
5279 1.051418
5280 0.748307
5281 1.141832
5282 0.858837
5283 0.951504
5284 0.760548
5285 0.882717
5286 0.947075
5287 1.329736
5288 0.898159
5289 0.891868
5290 0.976727
5291 1.03848
5292 0.804028
5293 0.869967
5294 0.726215
5295 0.619357
5296 0.801628
5297 0.662278
5298 0.742756
5299 0.627436
5300 0.488427
5301 0.57962
5302 0.389281
5304 0.225017
5305 0.103652
5306 0.997522
5307 0.81264
5308 0.872547
5309 0.868242
5310 0.958311
5311 0.980372
5312 1.019611
5313 1.027335
5314 1.242741
5315 1.043952
5316 0.794812
5317 0.83108
5319 1.090062
5320 0.99912
5321 1.019949
5322 1.020729
5323 0.927418
5324 1.135905
5325 1.226236
5326 1.072348
5327 1.054226
5328 1.104966
5329 1.109122
5330 1.182817
5331 0.822273
5332 0.888691
5333 0.935744
5334 0.523257
5335 0.716052
5336 0.740322
5337 0.45971
5338 0.396585
5339 0.373663
5341 0.363713
5342 0.411754
5343 0.448303
5344 0.599815
5345 0.266898
5346 0.382275
5348 0.193494
5349 1.1559
5350 0.905386
5351 0.527225
5352 0.122058
5353 0.429598
5354 0.562836
5355 0.798364
5356 0.817254
5357 0.70161
5358 0.622708
5359 0.751447
5360 0.902944
5361 0.62229
5362 0.82491
5363 0.936833
5364 0.946022
5365 0.841429
5366 0.834867
5368 1.032977
5369 1.14529
5370 0.9356
5371 0.817063
5372 0.699924
5373 0.729503
5374 0.8183
5375 0.873297
5376 0.787477
5377 0.879273
5378 0.751257
5379 0.623214
5380 0.246422
5382 0.015758
5383 0.882819
5384 0.66862
5385 0.296216
5386 0.353556
5387 0.385881
5388 0.354294
5389 0.364603
5390 0.447209
5391 0.432694
5392 0.411859
5393 0.733687
5394 0.761766
5395 0.572297
5396 0.525595
5397 0.594684
5398 0.700396
5399 0.725101
5400 0.608479
5402 0.440323
5403 0.569217
5404 0.375001
5405 0.281112
5406 0.301249
5407 0.335241
5408 0.202544
5409 0.327366
5410 0.335573
5411 0.271796
5412 0.218672
5413 0.284886
5414 0.456674
5415 0.295193
5416 0.071065
5417 0.419076
5418 0.305515
5420 0.195317
5421 0.126194
5422 0.555293
5423 0.201242
5424 0.335905
5425 0.23862
5426 0.138326
5427 0.345257
5429 0.418678
5430 0.48664
5431 0.38411
5432 0.388527
5433 0.537273
5434 0.520754
5435 0.402931
5436 0.429176
5437 0.283414
5438 0.229279
5439 0.417571
5440 0.558579
5441 0.371524
5442 0.49844
5443 0.295976
5444 0.272664
5446 0.480934
5447 0.191239
5448 0.235321
5449 0.114519
5451 0.051429
5452 0.287361
5453 0.27116
5454 0.323785
5455 0.455097
5456 0.306204
5457 0.537197
5458 0.447984
5459 0.589542
5460 0.44179
5461 0.37261
5463 0.422768
5464 0.636091
5465 0.588753
5466 0.566464
5467 0.518181
5468 0.629994
5469 0.711642
5470 0.538579
5471 0.364262
5473 0.590504
5474 0.506591
5475 0.268457
5476 0.364179
5477 0.271253
5478 0.169839
5479 0.162535
5480 0.108652
5481 0.136537
5482 0.102376
5483 0.1824
5484 0.319067
5485 0.085841
5486 0.239726
5488 0.25121
5489 0.19033
5490 0.161913
5491 0.533803
5492 0.470505
5493 0.617632
5495 0.55202
5496 0.704252
5497 0.626015
5498 0.705812
5499 0.612451
5501 0.111026
5502 0.118071
5503 0.144595
5504 0.135965
5506 0.1824
5507 0.100438
5508 0.264951
5509 0.154868
5510 0.125767
5511 0.208259
5512 0.223347
5513 0.184334
5514 0.235816
5515 0.137172
5517 0.297796
5518 0.321208
5519 0.268566
5520 0.346741
5521 0.23783
5522 0.375529
5523 0.190602
5524 0.326215
5525 0.154162
5526 0.406491
5527 0.221083
5528 0.403037
5529 0.242144
5530 0.374644
5531 0.44861
5532 0.218147
5533 0.196166
5534 0.371523
5535 0.249132
5536 0.360908
5537 0.392956
5538 0.277067
5539 0.354071
5540 0.167937
5541 0.286882
5542 0.185752
5543 0.221197
5545 0.138032
5546 0.239691
5547 0.399037
5548 0.521188
5549 0.953689
5550 0.848894
5551 1.077669
5552 0.871881
5553 0.8996
5554 0.957966
5555 0.937965
5557 1.017219
5558 0.907082
5559 1.071723
5560 1.039225
5561 1.041284
5562 1.00976
5563 0.919642
5564 1.252213
5565 0.850711
5566 0.884165
5567 1.008689
5568 1.143838
5569 1.007503
5570 1.045487
5571 1.020662
5572 1.126639
5573 0.360334
5574 0.968523
5575 0.952974
5576 1.021682
5578 1.207479
5579 1.370558
5580 1.126628
5581 1.332083
5582 1.247905
5583 0.996515
5584 1.152863
5585 1.293698
5586 1.390507
5587 0.982401
5588 1.359193
5589 1.381597
5590 1.269206
5591 0.985342
5592 1.289307
5593 0.744578
5594 0.795646
5595 1.030961
5597 0.885994
5598 1.165576
5599 1.013208
5600 0.668042
5601 0.975443
5602 0.756133
5603 0.654641
5604 0.290392
5605 0.5842
5606 1.118194
5607 1.371413
5608 1.481582
5609 1.008445
5610 1.401079
5611 1.107226
5612 1.439504
5613 1.209045
5614 1.333407
5615 1.130317
5616 1.363325
5617 1.100679
5618 1.405491
5620 1.08161
5621 1.420426
5622 1.138514
5623 0.751131
5624 1.165581
5625 0.842174
5626 1.150138
5627 0.968361
5628 1.179794
5629 1.25927
5630 1.280096
5631 1.072372
5632 1.042729
5633 0.909724
5634 1.307145
5635 1.303593
5636 1.269849
5637 0.871361
5638 1.057435
5640 1.154613
5641 1.259124
5642 1.021299
5643 0.912412
5644 0.569455
5645 1.05624
5646 0.708617
5647 0.830129
5648 0.747838
5649 0.302921
5650 0.295232
5651 0.746382
5652 0.775452
5653 0.644032
5654 0.9704
5655 1.028396
5656 1.039726
5658 0.992729
5659 1.051021
5660 1.118281
5661 0.790422
5662 0.803336
5663 1.111382
5664 0.645979
5665 0.908308
5666 0.942146
5667 0.892617
5668 0.839632
5669 0.828412
5670 0.828736
5671 1.363205
5672 0.859833
5673 0.777327
5674 0.767399
5675 1.016094
5676 1.037618
5677 1.126107
5678 1.165535
5679 0.768301
5680 0.897231
5681 1.076384
5682 0.959177
5683 1.019533
5685 0.568594
5686 0.39814
5687 0.200872
5688 0.86138
5690 0.420544
5691 0.868771
5693 0.114379
5694 0.704745
5695 0.791435
5696 1.034091
5697 0.775794
5698 0.745837
5699 0.806756
5701 0.811652
5702 0.9922
5703 0.968312
5704 0.593246
5705 0.809538
5706 0.893524
5707 1.064396
5708 0.728499
5709 0.391905
5710 0.843507
5711 0.920671
5712 0.734597
5713 0.343177
5714 0.312984
5716 0.025735
5717 0.546129
5718 0.232545
5719 0.336238
5720 0.194991
5721 0.268235
5722 0.216
5723 0.19294
5724 0.106252
5725 0.089255
5726 0.199938
5727 0.210197
5728 0.544177
5729 0.552452
5730 0.523243
5732 0.015392
5733 0.422045
5734 0.424515
5735 0.491222
5736 0.915759
5737 0.361258
5738 0.187611
5739 0.174107
5740 1.507085
5742 1.077796
5743 1.508268
5744 1.394188
5745 1.137457
5746 0.24922
5747 0.27691
5748 1.245793
5749 1.111489
5750 1.216317
5751 1.517794
5752 1.019005
5753 1.511489
5754 1.549305
5755 1.475243
5756 1.574464
5757 1.634319
5759 0.963742
5760 2.010685
5761 1.401271
5762 0.933946
5763 1.28235
5764 1.529879
5765 1.135433
5766 0.661304
5767 1.221125
5768 0.95109
5769 1.113847
5770 1.126491
5771 1.119556
5772 0.971876
5773 1.052628
5774 1.055274
5775 1.078755
5776 0.89042
5777 0.679968
5778 1.058693
5779 0.95583
5780 1.466014
5781 0.918424
5782 1.440149
5784 1.511667
5785 1.206325
5786 0.806749
5787 0.943184
5788 0.619461
5789 0.805872
5790 1.143976
5791 1.288094
5792 1.424356
5793 1.289151
5794 0.765153
5795 0.978117
5796 0.749738
5797 1.177227
5798 1.148
5799 1.544136
5800 1.193774
5801 0.898144
5802 1.124185
5803 1.288977
5804 1.241806
5805 1.291562
5807 1.251715
5808 1.3452
5809 0.979026
5810 1.102649
5811 1.254692
5812 1.047081
5813 1.133104
5814 0.941368
5815 0.913032
5816 0.799761
5817 1.087699
5818 1.161657
5819 1.221235
5820 1.173809
5821 0.958802
5822 1.019965
5824 0.909504
5825 1.168491
5826 0.857743
5827 1.141275
5828 1.031361
5829 1.041849
5830 0.932095
5831 0.730849
5832 0.848783
5833 0.906709
5834 0.644309
5835 0.644431
5836 0.371883
5837 0.165646
5838 0.235816
5839 0.193027
5840 0.284123
5841 0.315914
5842 0.560926
5843 0.609284
5844 0.884419
5845 0.768618
5846 0.447278
5847 0.371394
5849 0.593703
5850 0.816087
5851 0.652887
5852 0.603295
5853 0.929622
5854 1.023204
5855 0.836138
5856 0.688939
5857 0.448426
5858 0.429598
5859 0.339775
5860 0.377616
5861 0.368308
5862 0.252768
5863 0.311458
5864 0.205115
5865 0.357576
5866 0.336092
5867 0.274373
5868 0.260055
5869 0.289694
5870 0.245745
5871 0.471632
5872 0.672888
5873 0.466572
5874 0.25023
5876 1.052698
5877 1.118272
5878 1.146867
5879 1.112261
5880 1.122732
5881 0.958672
5882 1.225693
5883 1.239897
5884 1.338638
5885 1.13775
5886 0.749497
5887 0.730893
5888 0.493727
5889 0.521089
5890 0.510012
5891 0.435881
5892 0.35185
5893 0.433426
5894 0.43516
5895 0.344895
5896 0.356969
5897 0.263077
5898 0.14376
5899 0.163996
5911 0.005663
5913 0.004639
5914 0.132052
5915 0.184206
5916 0.272239
5917 0.174748
5919 0.278965
5920 0.259181
5921 0.444702
5922 0.248931
5923 0.325069
5924 0.118725
5925 0.238082
5926 0.225227
5927 0.124458
5928 0.125074
5929 0.150507
5930 0.103148
5933 0.084414
5934 0.363799
5935 0.190592
5936 0.294646
5937 0.154571
5938 0.305515
5939 0.255042
5940 0.418447
5941 0.282392
5942 0.466662
5943 0.550649
5944 0.574367
5945 0.444341
5946 0.754061
5947 0.589986
5948 0.488701
5949 0.511611
5951 0.531549
5952 0.518116
5953 0.831097
5954 0.886439
5955 0.809593
5956 0.426658
5957 0.361609
5958 0.31401
5959 0.388784
5961 0.110608
5962 0.760495
5963 0.928842
5964 0.929827
5965 1.073595
5966 1.120032
5967 1.16936
5968 0.875796
5969 0.917953
5970 1.012917
5971 1.277312
5972 0.869456
5973 1.024311
5974 0.991778
5975 0.689373
5977 1.003985
5978 1.241167
5979 1.181642
5980 1.075407
5981 0.750943
5982 0.480868
5983 0.335874
5984 0.322198
5985 0.204652
5986 0.325069
5987 0.309134
5988 0.330604
5989 0.384375
5990 0.288839
5991 0.3648
5992 0.303348
5993 0.377724
5994 0.346099
5995 0.357785
5996 0.236084
5997 0.322494
5998 0.25496
5999 0.290835
6000 0.252076
6001 0.379774
6003 0.472267
6004 0.888999
6005 0.799097
6006 1.223081
6007 0.852492
6008 1.271418
6009 1.109071
6010 0.912354
6011 0.822242
6012 0.54634
6013 0.28426
6014 0.203958
6015 0.611985
6016 0.840428
6017 0.403619
6018 0.683192
6019 0.819588
6020 0.724591
6021 0.999102
6022 1.029929
6023 1.26799
6024 1.32383
6025 1.355818
6027 0.8552
6028 0.886601
6029 0.527425
6030 0.390625
6031 0.37369
6032 0.628341
6033 1.042144
6034 1.205114
6035 1.289839
6036 1.209689
6037 0.909349
6038 0.680288
6039 0.610596
6040 0.602677
6044 0.01078
6045 0.147465
6049 0.174878
6053 0.006478
6054 0.306841
6055 0.292295
6056 0.313196
6057 0.356452
6058 0.433992
6059 1.001702
6060 1.173354
6061 1.047953
6062 0.582202
6063 0.827748
6064 0.924349
6065 0.482226
6066 0.246523
6068 0.347608
6069 0.640216
6070 1.177624
6071 0.785649
6072 0.799958
6073 1.017491
6074 0.657423
6075 0.932558
6076 0.746321
6077 0.801062
6078 0.853616
6079 0.461886
6080 0.337241
6081 0.13068
6082 0.132274
6084 0.022959
6085 0.805339
6086 1.079584
6087 0.827145
6088 0.692447
6089 0.799851
6090 1.085187
6091 0.950362
6092 1.18973
6093 0.930779
6094 0.885341
6095 1.199437
6096 0.733592
6097 0.970918
6098 1.190234
6099 0.979235
6100 1.199413
6101 0.657881
6102 0.488624
6104 0.732114
6105 0.682202
6106 0.356294
6107 0.886639
6108 0.698144
6109 1.125283
6110 0.882999
6111 0.84493
6112 0.898766
6113 1.041247
6115 0.720624
6116 0.767861
6117 0.861579
6118 0.903812
6119 1.021687
6120 0.910745
6121 0.992214
6122 1.329447
6123 1.09646
6124 1.17365
6125 1.025742
6126 1.096878
6127 0.823065
6128 0.468737
6129 0.250731
6130 0.519184
6131 1.088959
6132 0.772358
6133 0.59411
6134 1.032103
6135 1.365537
6136 0.992882
6137 1.127968
6138 0.85707
6139 0.650878
6140 0.948444
6141 1.082685
6142 1.169047
6143 1.192165
6144 1.265654
6145 1.256785
6147 1.088941
6148 0.285851
6149 0.6162
6150 0.82256
6151 0.937814
6152 0.665403
6153 0.862251
6154 0.919941
6155 0.951438
6156 1.052492
6157 1.100491
6159 0.932231
6160 1.03801
6161 0.905859
6162 0.538585
6163 0.792525
6164 0.960192
6165 0.774512
6166 0.508515
6167 0.541846
6168 0.434791
6169 0.449968
6170 0.766664
6171 0.720038
6172 1.019301
6173 1.021163
6174 0.986548
6175 1.06646
6176 0.964852
6177 1.07658
6179 1.115507
6180 1.019461
6181 1.215072
6182 1.310655
6183 1.274749
6184 1.283837
6185 0.920758
6186 1.241766
6187 0.874712
6188 1.221368
6189 0.933113
6190 1.114486
6191 1.125755
6192 1.298158
6193 1.065275
6194 1.08593
6196 1.234444
6197 0.796861
6198 1.138815
6199 1.303984
6200 1.564131
6201 0.869305
6202 1.048665
6203 1.128298
6204 1.283604
6205 0.82702
6206 1.161455
6207 1.206362
6208 1.018462
6209 0.980606
6210 0.937769
6211 0.902176
6212 0.527644
6214 0.808966
6215 0.659006
6216 0.621608
6217 0.515588
6218 0.479953
6219 0.762474
6220 1.124111
6221 1.014715
6222 1.333207
6223 0.568188
6224 0.961052
6225 1.297931
6226 1.09497
6227 1.181738
6228 0.617084
6229 0.345704
6230 0.036989
6231 0.960014
6232 1.42736
6234 1.258138
6235 1.133537
6236 0.790761
6237 1.121354
6238 0.380413
6239 0.755475
6240 1.17764
6241 1.021842
6242 1.125181
6243 1.19585
6244 0.784747
6245 1.265711
6247 0.95686
6248 1.312248
6249 0.78266
6250 1.359009
6251 1.312542
6252 0.707469
6253 0.421109
6254 0.717299
6255 0.529225
6256 0.605621
6257 0.779774
6258 0.811789
6259 0.521482
6260 0.682182
6261 0.59303
6262 0.594416
6263 0.445067
6265 0.4741
6266 0.325069
6267 0.496526
6268 0.586178
6269 0.624133
6270 0.510659
6271 0.365227
6272 0.391296
6273 0.778573
6274 1.31817
6275 0.834672
6276 0.739429
6277 0.722569
6278 0.744813
6279 1.099089
6280 0.812342
6281 0.682677
6282 0.899745
6283 0.934819
6284 0.87766
6285 0.877435
6286 0.760151
6287 0.743414
6288 0.583335
6289 0.992458
6290 0.985913
6292 1.026253
6293 1.014509
6294 0.978997
6295 0.987937
6296 0.750582
6297 0.811181
6298 0.836721
6299 1.010951
6300 0.953566
6301 0.939385
6302 0.946026
6303 0.931354
6304 0.783377
6305 1.162022
6306 0.696921
6307 0.883694
6308 1.028507
6309 0.736269
6311 0.861976
6312 1.032135
6313 0.663034
6314 0.787363
6315 0.700728
6316 0.719643
6317 0.773085
6318 0.807715
6319 0.635221
6320 0.914941
6321 0.693779
6322 0.928944
6323 0.856205
6324 1.008103
6325 0.602295
6326 0.814123
6327 0.509529
6328 0.369085
6330 0.463722
6331 0.357785
6332 0.13068
6333 0.819829
6334 0.914808
6335 0.696045
6336 0.869477
6337 1.085147
6338 0.873594
6339 1.083679
6340 0.653246
6341 0.37509
6342 0.40103
6343 0.760626
6344 0.734082
6345 0.41062
6346 0.707181
6347 0.799699
6348 0.544624
6349 0.642669
6350 0.60509
6351 0.596955
6353 0.442426
6354 0.347753
6355 0.583893
6356 0.919703
6357 0.702408
6358 0.661092
6359 0.951161
6360 1.100755
6361 1.165075
6362 1.315814
6363 1.07801
6364 1.512665
6365 0.712267
6366 0.662697
6368 0.507777
6369 0.919968
6370 0.848816
6371 0.763709
6372 1.289077
6373 1.005863
6374 1.228563
6375 0.876506
6376 0.66275
6377 0.7042
6378 0.785685
6379 0.672777
6380 0.588903
6381 0.804531
6382 0.701304
6383 0.394024
6384 0.446948
6385 0.515012
6386 0.257101
6387 0.405333
6388 0.283574
6389 0.357576
6390 0.367176
6392 0.224905
6393 0.584388
6394 0.292673
6395 0.202994
6396 0.368
6397 0.58681
6398 0.468619
6399 0.418801
6400 0.529261
6401 0.718226
6402 0.575167
6403 0.521597
6404 0.239954
6405 0.323818
6406 0.456969
6407 0.209254
6408 0.404149
6409 0.350217
6410 0.261754
6411 0.290993
6413 0.440223
6414 0.4307
6415 0.351828
6416 0.207062
6417 0.379248
6418 0.468499
6419 0.138128
6420 0.097042
6421 0.487604
6422 0.371412
6423 0.278965
6424 0.428715
6425 0.624272
6426 0.82492
6427 0.876118
6428 0.782643
6429 0.631984
6430 0.637383
6431 0.600847
6432 0.523408
6433 0.896281
6434 0.9652
6436 0.744267
6437 0.824143
6438 0.648238
6439 0.7901
6440 0.92064
6441 0.654659
6442 0.417708
6443 0.302469
6444 0.394672
6445 0.804879
6446 0.950631
6446 0.781714
