1340 0.865916
1343 0.045073
1344 2.330523
1345 0.738286
1346 0.510557
1347 0.750955
1348 0.728293
1349 0.680039
1350 0.815805
1351 0.916707
1352 1.09539
1353 0.887675
1354 0.843363
1355 0.853201
1356 1.132067
1357 0.977671
1358 0.945719
1359 1.202756
1360 0.842251
1361 0.554264
1362 0.841752
1363 0.601718
1364 0.722916
1366 0.804282
1367 0.850043
1368 0.975208
1369 0.699798
1370 0.960838
1371 1.090121
1372 1.104676
1373 1.094764
1374 1.269027
1375 1.057287
1377 0.942573
1378 1.257303
1379 0.848848
1380 0.809137
1381 0.977143
1382 0.643765
1383 0.516616
1384 0.699716
1385 0.878002
1386 0.912895
1387 0.637639
1388 0.787181
1389 0.578831
1390 1.268236
1391 1.663227
1392 1.3233
1393 1.307171
1394 1.530366
1395 1.310347
1396 1.3585
1397 1.233503
1398 1.659497
1399 1.477666
1400 1.367231
1401 1.610991
1402 1.263596
1403 1.332789
1404 1.43204
1405 1.701196
1406 0.833903
1407 1.270239
1408 1.405891
1409 1.865578
1410 1.562166
1411 1.595544
1412 1.54628
1413 1.5308
1414 1.501883
1416 1.609863
1417 1.645728
1418 1.525369
1419 2.151665
1420 1.491703
1421 1.640502
1422 1.566985
1423 1.528548
1424 1.599916
1425 1.557248
1427 1.442243
1428 1.748894
1429 1.311137
1430 1.577224
1431 1.216689
1432 1.24241
1433 1.547964
1434 1.158173
1435 0.948676
1436 1.257996
1437 1.282332
1438 1.645389
1439 1.161316
1440 1.49783
1441 1.092126
1442 1.430305
1443 1.052463
1444 1.605265
1445 1.088974
1446 1.189117
1447 1.354455
1448 0.810421
1449 0.986044
1450 1.159914
1451 0.550566
1452 1.102613
1453 1.634564
1454 1.272024
1455 1.908963
1457 1.196848
1458 1.370675
1459 1.321949
1460 1.074831
1461 1.103494
1462 1.131465
1463 1.088061
1464 0.986044
1465 0.859333
1466 1.506154
1467 0.674525
1468 1.148578
1469 1.266516
1470 0.851782
1471 1.17025
1472 0.928008
1473 1.148047
1474 0.929941
1475 1.093307
1476 0.892234
1477 1.067557
1478 0.963418
1479 0.818939
1480 0.427811
1481 0.530421
1482 1.192087
1483 1.235442
1484 1.69036
1485 0.370147
1486 1.310121
1487 1.29888
1489 1.419606
1490 2.17568
1491 1.625078
1492 1.583354
1493 1.866918
1494 1.322406
1495 1.48766
1496 1.970136
1497 1.457246
1498 1.575699
1499 2.147584
1500 1.358593
1501 1.509962
1502 1.409295
1503 1.371166
1504 1.505069
1505 1.204319
1506 1.617714
1507 1.218785
1508 1.523301
1509 1.564981
1510 1.045352
1511 1.256935
1512 1.181085
1513 0.715152
1514 0.612549
1515 0.617632
1516 0.434753
1517 0.509275
1518 0.574289
1519 0.772713
1520 0.761042
1523 0.173126
1524 1.687591
1525 0.982882
1526 0.991302
1527 1.38013
1528 0.568346
1529 0.533058
1530 0.563453
1531 0.344443
1532 1.01855
1533 1.018139
1534 1.051544
1535 1.212424
1536 0.845386
1538 0.612245
1546 0.012689
1547 1.117756
1549 0.354941
1550 0.0787
1551 0.168207
1552 0.160784
1553 0.153564
1555 0.066459
1556 0.018015
1557 0.351446
1558 0.320363
1559 0.254717
1560 0.347262
1561 0.31458
1562 0.527651
1563 0.429975
1564 0.44077
1565 0.250698
1566 0.318757
1568 0.191976
1569 0.255006
1570 0.236047
1571 0.174259
1572 0.487604
1573 0.202007
1574 0.29493
1575 0.292562
1576 0.445762
1577 0.51631
1578 0.377418
1579 0.17337
1580 0.114949
1581 0.070519
1582 0.18973
1583 0.156343
1584 0.054642
1585 0.075925
1586 0.189415
1588 0.174806
1589 0.488287
1590 0.218846
1591 0.250149
1592 0.268499
1593 0.234988
1594 0.382657
1595 0.213215
1596 0.371883
1597 0.241798
1598 0.146768
1599 0.208457
1600 0.205674
1601 0.209866
1602 0.244381
1603 0.22056
1604 0.247261
1605 0.155914
1606 0.364443
1607 0.213665
1608 0.343341
1609 0.332028
1611 0.392223
1612 0.478657
1613 0.467965
1614 0.368165
1615 0.483723
1616 0.313737
1617 0.675171
1618 0.860384
1619 0.551428
1620 0.743026
1621 0.464277
1622 0.30548
1623 0.279238
1625 0.179856
1626 0.415457
1627 0.382706
1628 0.703857
1629 0.432132
1630 0.220247
1631 0.357785
1632 0.332612
1637 0.001531
1638 0.334983
1639 0.227549
1640 0.167644
1641 0.081539
1642 0.117257
1643 0.216713
1644 0.098319
1646 0.185842
1647 0.184206
1648 0.119192
1649 0.096189
1650 0.02936
1652 0.297354
1653 0.395529
1654 0.210125
1655 0.345939
1656 0.26333
1657 0.164098
1658 0.132197
1659 0.240527
1660 0.206081
1661 0.132831
1663 0.1056
1664 0.191254
1665 0.205877
1666 0.118977
1667 0.255006
1668 0.2432
1669 0.144326
1670 0.220985
1671 0.104229
1673 0.081134
1674 0.420823
1675 0.425906
1676 0.389729
1677 0.152792
1682 0.049326
1683 0.112862
1684 0.097714
1685 0.056123
1686 0.100404
1687 0.114
1688 0.170884
1689 0.255006
1690 0.229145
1691 0.260571
1692 0.212502
1693 0.368777
1695 0.206494
1696 0.265711
1697 0.216713
1698 0.258357
1699 0.103006
1700 0.128753
1701 0.258276
1702 0.324329
1703 0.339678
1704 0.235156
1706 0.249902
1707 0.181371
1708 0.257506
1709 0.152
1710 0.014281
1711 0.352353
1713 0.40176
1714 0.654273
1715 1.040176
1716 0.915384
1717 0.994501
1718 1.263097
1719 1.235746
1720 1.271335
1721 1.313454
1722 1.378334
1723 1.373115
1724 1.548966
1725 1.316436
1726 1.390105
1727 1.280467
1728 1.252899
1729 1.076694
1730 1.227129
1731 1.220444
1732 1.340971
1733 1.435295
1734 1.515177
1735 1.974042
1736 1.664719
1737 2.334286
1738 1.729247
1739 1.619446
1740 1.719105
1741 1.538138
1742 1.913287
1743 1.584751
1744 1.736921
1746 1.781859
1747 2.099149
1748 1.624444
1749 2.20848
1750 1.860662
1751 2.566707
1752 1.909986
1753 2.028274
1754 1.998503
1755 2.116418
1756 2.372476
1757 1.997011
1758 1.624407
1759 1.936564
1760 1.994531
1761 1.957925
1762 2.157876
1763 2.449007
1764 1.621043
1765 1.391216
1766 1.464714
1767 1.713728
1768 1.424919
1769 1.293375
1770 1.636182
1771 1.322051
1772 1.541562
1773 1.116828
1774 0.824325
1775 0.765315
1777 0.081665
1778 3.093757
1779 1.918545
1780 2.099532
1781 2.020186
1782 2.07097
1783 2.012829
1784 2.193601
1785 2.416349
1786 1.310568
1787 2.353665
1788 1.941802
1789 2.297156
1790 1.81251
1791 1.868707
1792 2.472975
1793 1.963969
1794 2.481362
1795 1.757214
1796 2.186613
1797 1.920663
1798 1.858238
1799 2.018541
1800 2.220496
1801 1.709546
1802 1.680175
1804 1.698335
1805 1.773612
1806 2.210471
1807 1.651254
1808 1.676917
1809 2.058772
1810 1.558442
1811 1.737966
1812 1.552164
1813 1.820388
1814 1.608198
1815 1.47323
1816 1.310022
1817 1.44831
1818 0.704836
1819 0.554298
1820 0.59596
1824 0.009827
1825 2.141941
1826 1.34362
1827 1.216016
1828 1.254587
1829 1.312412
1830 1.212392
1831 0.846169
1832 1.332784
1833 0.886191
1834 1.071441
1835 0.601437
1836 0.538295
1837 0.701266
1838 0.745995
1839 1.180771
1840 0.727757
1841 0.761042
1842 0.457174
1843 1.061893
1844 1.142897
1845 1.238297
1846 1.347713
1847 0.758732
1848 0.595014
1849 0.491497
1850 0.268235
1851 0.487604
1852 0.508848
1853 1.093307
1854 0.676616
1856 0.442
1857 0.311153
1858 0.411347
1859 0.34662
1860 0.493553
1861 0.390652
1862 0.5472
1863 0.323109
1864 0.238268
1865 0.563453
1866 0.408727
1867 0.401316
1868 0.674788
1869 0.397972
1870 0.942701
1871 0.556538
1872 0.399043
1873 0.311251
1874 0.313868
1875 0.3648
1876 0.42582
1877 0.539897
1878 0.711125
1879 0.68819
1880 0.800227
1881 0.809663
1882 1.582395
1883 1.809002
1884 1.658144
1885 0.888523
1886 0.661709
1887 0.628467
1888 0.401639
1889 0.435635
1890 0.559409
1891 0.983577
1892 0.634118
1893 0.429276
1894 0.633035
1895 0.67836
1896 0.557164
1898 0.615922
1899 0.715152
1900 0.247839
1901 0.59596
1902 0.890392
1903 0.997835
1904 0.523857
1905 0.870477
1906 1.295481
1907 0.576833
1908 0.582202
1909 0.939988
1910 1.182521
1911 0.793274
1912 0.417963
1913 0.332938
1914 0.543378
1915 1.317846
1916 1.957713
1917 1.671041
1918 1.902436
1920 1.676634
1921 1.830317
1922 1.598362
1923 1.488085
1924 1.737323
1925 1.506342
1926 1.467584
1927 1.309299
1928 1.731409
1929 1.680293
1930 1.142073
1931 1.365092
1932 1.980961
1933 1.32088
1934 1.592943
1935 2.145457
1936 1.373972
1938 0.246864
1939 2.304881
1940 1.235263
1941 1.250021
1942 1.344726
1943 1.45755
1944 1.75833
1945 1.851852
1946 1.844178
1947 1.484289
1948 1.77087
1949 1.663423
1950 2.383409
1951 1.847111
1952 2.281802
1953 1.928729
1954 2.069401
1955 2.633061
1956 1.668824
1957 2.071659
1958 1.591241
1959 1.993758
1960 1.503812
1961 2.058772
1962 1.721113
1963 2.190969
1964 1.648024
1965 2.147584
1967 1.811952
1968 2.143335
1969 1.585263
1970 2.106286
1971 1.738664
1972 2.286321
1973 2.45994
1974 1.999857
1975 2.417253
1976 2.104418
1977 1.985159
1978 2.019479
1979 2.676404
1980 1.968104
1981 1.876266
1982 2.722334
1983 1.863804
1984 1.865901
1985 2.266894
1986 1.836369
1987 1.640376
1988 1.858621
1989 1.686038
1990 1.989818
1991 1.643026
1992 1.728799
1993 2.247429
1994 1.558026
1995 1.800721
1996 2.27774
1997 2.172384
1998 2.146357
1999 1.484483
2000 1.176272
2001 1.605265
2002 1.201598
2003 1.583572
2004 1.179442
2005 1.335185
2006 1.777046
2007 1.290006
2008 1.630871
2009 1.169838
2010 0.440127
2011 0.444261
2012 0.375898
2013 0.325069
2015 0.231508
2016 0.257506
2017 0.265631
2018 0.325391
2019 0.541782
2020 0.642638
2021 0.736026
2022 1.0944
2023 0.74838
2024 0.741244
2025 0.836894
2026 0.677145
2027 0.942701
2028 1.020547
2029 1.347705
2030 1.473648
2031 1.066368
2032 0.91105
2033 1.04338
2035 0.745062
2036 0.519125
2037 0.565132
2038 0.38428
2039 0.304604
2040 0.277875
2041 0.354377
2042 0.368412
2043 0.321882
2044 0.401316
2045 0.619719
2046 0.670796
2047 0.856016
2048 0.590267
2049 0.550121
2050 0.577125
2051 0.636388
2052 0.723129
2053 0.382509
2054 0.231731
2056 0.101022
2057 0.160343
2058 0.216499
2059 0.155234
2060 0.162535
2061 0.091431
2063 0.202076
2110 0.002525
2112 0.280156
2113 1.212293
2114 1.592831
2115 1.729594
2116 1.431753
2117 1.998839
2118 1.750139
2119 2.042014
2120 2.038022
2121 1.140969
2122 1.517843
2123 1.530629
2124 1.417284
2125 1.80629
2126 1.773386
2127 1.704626
2128 1.976719
2129 1.817133
2130 1.827005
2131 1.795508
2132 1.655015
2133 1.961251
2134 1.764705
2135 2.06635
2136 1.648554
2137 1.984888
2138 1.926837
2139 1.829756
2140 2.372476
2141 2.082505
2142 1.719816
2143 2.266894
2144 1.849316
2145 2.08578
2146 2.226619
2147 2.074481
2148 2.459691
2149 1.728647
2150 1.995734
2151 1.485971
2152 1.682857
2153 1.571162
2154 2.905293
2155 2.567754
2156 3.299005
2157 4.156332
2158 3.304058
2159 4.568375
2161 3.68793
2162 4.521766
2163 4.001964
2164 3.528496
2165 4.592993
2166 3.248538
2168 2.166989
2169 6.822857
2170 4.460691
2171 3.896064
2172 4.086948
2173 4.854282
2174 3.215071
2175 3.131573
2176 1.998809
2177 2.22754
2178 2.000166
2179 3.170589
2180 4.171723
2181 4.352631
2182 4.221856
2183 5.211945
2184 2.043069
2185 5.302537
2186 4.257295
2187 4.177298
2188 5.083876
2189 4.261195
2190 4.044236
2191 4.351142
2192 4.52899
2193 5.472
2194 1.022633
2195 6.798306
2196 4.999245
2197 3.922349
2198 4.369846
2199 4.210525
2200 4.237362
2201 4.156772
2202 3.602656
2203 3.815281
2204 3.46217
2205 3.354153
2206 2.988292
2207 3.133138
2208 3.27992
2214 0.010301
2215 0.022158
2216 2.215977
2217 2.680602
2218 2.573143
2219 1.58583
2220 2.01737
2221 2.297156
2222 1.572222
2223 1.691304
2224 2.356
2225 1.869051
2226 1.820492
2227 0.515517
2229 0.411218
2230 1.426169
2231 1.914656
2232 1.680639
2233 2.386204
2234 2.220388
2235 2.156293
2236 1.362897
2237 2.361542
2238 1.478438
2239 1.392766
2240 2.17568
2241 2.143508
2242 2.250337
2243 1.820705
2244 0.998773
2245 0.092824
2246 0.439906
2247 0.222933
2248 0.697412
2249 1.283098
2250 1.714028
2251 1.294823
2252 1.791812
2253 1.086638
2254 1.03
2255 1.629027
2256 0.935231
2257 1.311113
2258 1.033964
2259 1.149056
2260 1.418065
2261 1.189291
2262 0.938696
2263 1.408958
2264 1.234746
2265 1.878881
2266 1.813384
2267 1.675224
2268 1.311968
2269 1.463167
2270 2.066147
2271 2.286321
2272 1.801758
2274 1.95223
2275 1.992229
2276 2.053082
2277 1.945549
2278 2.503672
2279 1.914701
2280 1.805524
2281 1.858244
2282 1.793129
2283 1.135897
2284 1.120324
2285 1.485954
2286 1.335105
2287 1.041253
2288 0.787231
2289 0.562896
2290 1.01201
2291 0.660974
2292 0.653853
2293 0.421464
2294 1.0944
2295 0.928752
2296 0.942701
2297 0.867857
2298 0.994909
2299 0.564783
2300 0.016445
2301 0.953537
2302 0.826173
2303 0.654494
2305 0.536161
2306 0.569217
2307 0.566897
2308 0.904733
2309 0.695547
2310 0.427456
2311 0.504282
2312 0.58501
2313 0.641364
2314 0.509275
2315 0.390231
2316 0.396599
2317 0.55801
2318 1.332591
2319 1.549083
2320 1.583343
2321 1.315774
2322 1.459181
2323 1.49539
2324 1.463881
2325 1.253825
2326 1.376127
2327 1.247334
2328 1.360368
2329 1.48258
2330 1.803956
2331 1.706716
2332 1.687469
2333 1.928719
2334 1.556738
2335 2.217198
2336 2.250727
2337 2.112554
2338 1.645769
2339 1.787881
2340 1.60838
2341 2.340499
2342 1.836899
2343 2.071659
2344 1.187059
2345 1.622915
2346 0.717193
2347 1.086792
2348 1.234042
2349 0.791002
2350 1.507719
2352 0.89665
2353 0.749143
2354 0.536471
2355 0.35277
2356 0.515012
2357 0.436886
2358 0.542857
2359 0.444261
2360 0.093423
2361 0.896485
2362 0.753482
2363 0.848541
2364 0.537166
2365 0.531262
2366 0.55703
2367 0.47296
2368 0.649496
2369 0.589598
2370 0.494785
2371 0.715861
2372 0.933207
2373 1.040238
2374 0.727849
2375 0.459189
2376 0.294406
2377 0.708349
2379 0.932581
2380 1.024623
2381 1.076745
2382 1.24038
2383 1.235192
2384 0.922228
2385 1.387114
2386 1.299238
2387 1.27626
2388 1.151541
2389 1.126937
2390 1.092125
2391 1.430707
2392 1.220333
2393 1.25818
2394 0.615741
2395 0.855169
2396 0.65447
2397 1.289442
2398 1.089253
2399 1.176426
2400 0.388591
2401 0.470023
2403 0.995893
2404 0.823267
2405 0.941769
2406 1.085637
2407 1.386962
2408 1.213505
2409 1.124973
2410 1.308222
2411 1.36561
2412 1.262692
2413 1.227431
2414 1.123891
2415 1.171134
2416 1.430305
2417 1.033537
2418 1.005445
2419 1.224428
2421 0.794295
2422 1.028368
2423 1.247334
2424 0.961814
2425 0.866851
2426 0.713219
2427 1.4592
2428 1.094224
2429 1.580439
2430 1.162198
2431 1.043388
2432 1.537139
2433 1.408246
2434 1.219026
2435 1.037602
2436 1.357143
2437 1.158449
2438 1.185332
2439 1.070369
2440 1.42889
2441 0.91952
2442 1.52
2443 1.210891
2444 1.159258
2445 1.410366
2446 1.020258
2447 1.091659
2448 1.040581
2449 1.0944
2450 1.21357
2451 1.088658
2452 1.495319
2453 1.112364
2454 1.342291
2455 1.016871
2456 1.051813
2457 1.454098
2458 1.416282
2460 0.637581
2461 1.313714
2462 1.092639
2463 1.430305
2464 1.111
2465 1.285654
2466 1.047386
2467 1.193102
2468 1.084342
2469 1.290102
2470 1.13524
2471 1.780571
2472 0.868392
2473 0.670041
2474 0.575137
2475 1.276618
2476 1.039363
2477 1.217111
2478 1.730558
2479 1.321332
2480 1.385263
2481 1.397304
2482 1.751475
2483 1.374127
2484 1.363988
2485 1.608327
2486 1.504288
2487 1.809638
2488 1.437786
2489 1.716492
2490 1.483643
2491 1.647018
2492 1.383184
2493 1.489798
2494 1.351841
2495 1.876424
2496 1.900947
2497 2.138476
2498 1.921822
2499 1.820388
2500 1.586653
2501 1.91171
2502 1.53351
2503 1.37549
2504 1.563429
2505 1.184926
2506 1.532803
2507 1.050712
2508 1.441141
2509 1.287529
2510 0.836779
2511 1.462067
2512 1.322202
2513 1.775288
2514 1.282537
2515 1.701196
2516 1.10825
2517 1.374766
2518 1.286186
2519 1.363143
2520 1.669703
2521 1.551556
2522 1.537418
2524 1.465802
2525 1.896238
2526 1.813307
2527 1.554143
2528 1.547952
2529 1.880488
2530 1.286279
2531 2.092876
2532 1.778473
2533 1.91604
2534 1.884241
2535 2.340499
2536 1.925302
2537 2.127604
2538 1.903784
2539 2.241279
2540 2.067386
2541 1.79435
2542 1.635103
2543 1.909829
2544 2.120266
2545 1.773492
2546 1.803913
2547 1.990532
2548 2.044484
2549 1.902053
2550 2.101671
2551 1.848353
2552 1.649347
2553 1.942024
2554 1.508127
2555 1.614511
2556 1.469051
2557 1.852895
2558 1.493006
2559 1.950416
2560 1.683129
2561 1.982923
2562 1.5544
2563 1.848847
2564 1.825822
2565 1.464769
2566 1.705558
2567 1.546004
2569 1.401791
2570 1.699513
2571 1.263651
2572 1.863731
2573 1.769039
2574 1.840719
2575 1.75288
2576 1.992681
2577 0.929941
2578 1.510875
2579 1.87116
2580 1.735041
2581 1.269027
2582 1.235437
2583 0.721207
2584 0.72687
2585 1.727425
2586 0.674051
2587 1.324162
2588 1.442569
2589 0.809273
2590 0.504138
2591 0.576573
2592 0.411749
2593 0.520111
2594 0.654494
2595 0.435699
2596 0.824317
2597 1.073994
2598 0.454681
2599 0.608
2600 0.520478
