1897 1.233533
1898 1.886193
1899 1.146753
1900 1.274656
1901 1.196721
1902 0.822513
1903 1.170604
1904 0.964883
1905 1.278178
1906 1.032176
1907 1.190212
1908 1.397707
1909 1.374625
1911 1.027359
1912 1.251166
1913 1.33831
1914 1.240919
1915 0.995596
1916 1.176673
1917 1.268788
1918 1.456533
1919 0.915446
1920 1.352301
1921 1.358697
1922 0.967699
1923 1.360511
1924 0.8689
1925 1.303399
1926 1.356091
1927 1.231881
1928 0.990677
1930 0.847458
1931 1.147831
1932 1.151112
1933 1.123276
1934 1.326289
1935 0.770991
1936 0.647947
1937 1.111715
1938 0.828965
1939 1.016296
1940 0.826123
1941 0.893978
1942 0.851956
1943 0.819485
1945 0.822235
1946 0.798552
1947 0.638671
1948 0.681403
1949 0.574786
1950 0.825487
1951 0.821291
1952 0.810298
1953 0.433847
1954 0.377159
1955 0.346741
1956 0.512516
1957 0.99375
1958 0.847098
1959 1.020254
1960 0.955926
1962 1.004741
1963 1.086923
1964 1.542961
1965 0.970093
1966 0.952024
1967 0.524531
1968 0.712768
1969 0.48635
1970 0.827116
1971 0.873151
1972 1.090597
1973 1.203571
1974 1.042809
1975 1.049284
1976 1.066501
1977 0.988238
1978 1.037522
1979 1.238931
1980 1.101746
1981 0.70247
1982 1.051057
1983 0.944655
1984 0.792573
1985 0.653921
1986 1.038051
1987 1.110407
1989 1.188711
1990 1.027516
1991 1.116987
1992 1.026545
1993 1.002893
1994 1.062676
1995 0.853115
1996 1.024571
1997 0.943074
1998 1.075719
1999 1.154717
2000 0.918218
2001 1.071453
2002 1.115699
2003 0.935292
2004 1.211479
2005 1.050656
2006 0.787459
2007 1.127656
2008 1.216555
2009 0.901058
2010 1.035192
2011 0.670489
2012 0.928096
2014 0.611506
2015 0.881822
2016 0.9001
2017 0.993378
2018 0.523887
2019 0.717011
2020 0.700554
2021 0.810717
2022 0.638541
2023 0.679143
2024 0.79602
2025 0.851243
2026 0.766622
2027 0.512831
2028 0.888618
2030 0.261984
2031 0.519158
2032 0.203859
2033 0.447804
2034 0.428226
2035 0.3669
2036 0.515012
2037 0.439621
2038 1.035636
2039 1.01098
2040 0.598473
2041 0.89977
2042 0.908927
2043 0.665405
2045 0.964779
2046 0.739669
2047 0.835573
2048 0.538559
2049 0.7405
2050 0.598741
2051 0.787561
2052 0.5444
2053 0.678212
2054 0.67664
2055 0.664222
2056 0.637521
2057 0.478057
2058 0.60527
2059 0.529472
2060 0.58777
2061 0.578115
2062 0.547738
2063 0.475322
2064 0.446234
2065 0.582033
2066 0.55468
2067 0.564186
2069 0.504309
2070 0.343145
2071 0.201293
2072 0.850265
2073 0.641846
2074 0.751488
2075 0.760166
2076 0.900995
2077 0.901249
2078 0.91101
2079 0.957075
2080 0.951549
2081 0.947956
2082 1.165629
2083 1.056319
2084 1.036899
2085 1.033006
2086 1.158961
2088 0.915254
2089 1.163967
2090 0.888977
2091 1.03877
2092 0.543757
2093 1.003227
2094 0.69709
2095 0.955832
2096 0.925954
2097 1.09707
2098 0.715986
2099 0.87597
2100 0.656079
2101 0.472094
2102 0.413686
2103 0.389618
2104 0.398468
2106 0.586855
2107 0.603519
2108 0.643248
2109 0.236554
2110 0.807017
2111 0.799176
2112 0.698566
2113 0.641638
2114 0.534104
2115 0.774227
2116 0.745639
2117 0.498089
2118 0.373906
2119 0.316212
2120 0.300424
2121 0.236795
2123 0.809876
2124 0.975518
2125 0.693683
2126 0.824031
2127 0.677249
2128 0.598018
2129 0.424303
2130 0.259863
2131 0.303485
2132 0.64418
2133 0.587919
2134 0.797592
2135 0.539106
2136 0.570691
2137 0.559929
2138 0.556142
2139 0.562896
2140 0.528373
2141 0.638986
2142 0.757592
2143 0.676673
2144 0.814494
2145 0.756808
2147 0.864674
2148 1.05005
2149 1.138564
2150 0.641928
2151 1.002765
2152 0.860434
2153 0.84513
2154 0.739684
2155 0.540901
2156 0.511229
2157 0.592039
2165 0.017427
2166 0.251657
2167 0.426269
2168 0.4452
2169 0.465933
2170 0.399624
2172 0.065856
2173 0.207002
2174 0.459189
2175 0.324459
2176 0.332798
2177 0.473518
2179 0.534745
2180 0.499386
2181 0.364642
2182 0.485924
2183 0.496705
2184 0.508234
2185 0.496008
2186 0.311096
2187 0.400919
2188 0.352054
2189 0.329383
2190 0.182602
2191 0.303699
2192 0.373427
2193 0.507057
2194 0.313331
2195 0.327011
2196 0.434336
2197 0.64301
2198 0.361387
2199 0.48522
2200 0.336999
2201 0.162609
2202 0.150212
2206 0.035722
2207 0.088976
2208 0.191615
2209 0.861417
2210 0.626804
2211 0.427862
2212 0.476357
2213 0.486266
2214 0.387018
2215 0.329267
2216 0.491988
2217 0.464964
2218 0.18733
2219 0.342016
2220 0.38832
2222 0.630961
2223 0.466733
2224 0.411337
2225 0.225318
2226 0.197553
2227 0.333265
2228 0.411076
2229 0.606103
2230 0.586286
2231 0.248973
2232 0.218976
2233 0.201631
2236 0.063017
2237 0.364196
2238 0.574289
2239 0.675632
2240 0.591545
2241 0.645946
2242 0.752087
2243 0.931723
2244 0.774526
2245 1.018174
2246 1.18182
2247 0.826258
2248 0.81624
2249 0.615968
2250 0.685745
2251 0.538417
2252 0.898761
2253 0.640651
2254 0.591038
2255 0.415457
2256 0.183339
2257 0.212505
2258 0.225318
2259 0.18356
2260 0.492939
2262 0.568543
2263 0.399877
2264 0.370747
2265 0.614589
2266 0.527415
2267 0.650501
2268 0.538194
2269 0.613106
2270 0.654242
2271 0.583121
2272 0.508483
2273 0.595137
2274 0.460475
2275 0.215949
2276 0.32467
2277 0.501918
2279 0.264019
2280 0.620232
2281 0.61356
2282 0.525079
2283 0.54556
2284 0.448161
2285 0.551568
2286 0.528506
2287 0.477214
2288 0.649943
2289 0.629954
2290 0.461414
2291 0.863263
2292 0.704783
2294 0.557363
2295 0.844464
2296 0.765235
2297 0.929316
2298 0.73604
2299 0.815137
2300 0.654654
2301 0.838282
2302 0.698221
2303 0.947243
2304 0.734354
2305 0.536702
2306 0.644532
2307 0.746268
2308 0.706774
2309 0.745647
2310 0.451231
2311 0.484356
2312 0.533067
2313 0.82538
2314 0.732596
2315 0.593893
2316 0.57749
2317 0.633917
2318 0.373038
2319 0.710693
2321 0.778038
2322 0.592919
2323 0.336238
2324 0.579317
2325 0.662114
2326 1.006069
2327 0.735446
2328 0.401496
2329 0.3617
2330 0.303169
2331 0.506218
2332 0.525671
2333 0.610613
2334 0.624721
2335 0.657251
2336 0.589956
2337 0.66939
2338 0.602027
2339 0.770706
2340 0.286385
2341 0.423713
2342 0.409311
2343 0.5472
2344 0.437505
2345 0.569697
2346 0.525033
2347 0.444745
2348 0.594157
2349 0.45631
2350 0.653976
2351 0.552051
2352 0.717885
2353 0.545098
2354 0.817077
2355 0.698885
2356 1.198083
2357 0.974866
2359 0.908455
2360 0.618562
2361 0.987399
2362 0.625455
2363 0.759129
2364 0.891219
2365 1.033255
2366 0.743952
2367 1.027065
2368 0.721766
2369 0.871642
2370 0.830477
2371 0.921884
2372 0.630674
2373 0.705088
2374 0.951072
2376 0.727245
2377 0.683341
2378 0.731869
2379 0.752095
2380 0.710711
2381 0.603517
2382 0.831333
2383 0.648963
2384 0.691081
2385 0.57698
2386 0.546596
2387 0.489568
2388 0.746529
2389 0.591637
2390 0.509275
2391 0.187125
2392 0.452298
2393 0.83439
2394 0.811536
2395 0.828747
2396 0.471237
2397 0.700718
2398 0.286111
2399 0.582313
2400 0.745979
2401 0.920182
2403 0.88582
2404 0.940642
2405 0.658823
2406 0.849925
2407 0.645874
2408 0.868079
2409 0.625196
2410 0.7232
2411 0.851957
2412 0.727365
2413 0.934503
2414 0.743027
2415 0.741613
2417 0.651771
2418 0.828372
2419 0.642738
2420 0.919992
2421 0.620321
2422 0.826077
2423 0.596609
2424 0.841804
2425 0.82821
2426 0.666541
2427 0.895741
2428 0.349425
2429 0.673395
2430 0.844539
2431 0.923023
2432 0.668354
2433 0.938413
2434 0.677804
2435 0.906788
2436 0.673301
2437 0.954624
2438 0.73143
2439 0.91979
2440 0.63128
2441 0.911096
2442 0.460016
2444 0.165791
2445 0.971181
2446 0.812226
2447 0.335933
2448 0.528045
2449 0.864575
2450 0.748987
2451 0.728583
2452 1.025162
2453 0.700865
2454 0.728531
2456 1.265352
2457 0.797929
2458 0.961966
2459 0.882523
2460 0.833589
2461 0.769583
2462 0.839066
2463 0.904488
2464 0.581876
2465 0.912294
2467 0.845091
2468 0.914986
2469 0.982668
2470 0.940819
2471 0.390028
2472 0.610307
2473 0.755568
2474 0.939652
2475 0.965908
2476 0.980854
2477 1.042079
2478 1.048381
2479 0.950168
2480 1.110584
2481 1.066624
2482 0.790075
2483 1.062273
2484 0.792
2485 1.148507
2486 1.105782
2487 0.631604
2488 0.417557
2489 0.663517
2491 1.135952
2492 0.99722
2493 0.155676
2494 0.418447
2495 0.587475
2496 0.940919
2497 1.150378
2498 1.257566
2499 1.005209
2500 1.08164
2501 1.335903
2502 1.380599
2503 1.38893
2504 1.257689
2505 1.294006
2506 1.076714
2507 1.313336
2508 1.165184
2510 1.009755
2511 1.150589
2512 0.935519
2513 1.131948
2514 1.015423
2515 1.044444
2516 0.564858
2517 0.567385
2518 0.563933
2519 0.50978
2520 0.508663
2521 0.8092
2522 0.476203
2523 0.50869
2524 0.527492
2525 0.513709
2526 0.547956
2528 0.206653
2529 0.558791
2530 0.44531
2531 0.515012
2532 0.354673
2533 0.434625
2534 0.330714
2535 0.358323
2536 0.382595
2537 0.875924
2538 0.839541
2539 1.094414
2540 1.050923
2541 0.75757
2542 1.175422
2543 0.407396
2544 0.465472
2546 0.28253
2547 0.565376
2548 0.591794
2549 0.464413
2550 0.495577
2552 0.270214
2553 0.57155
2554 0.750606
2555 0.913222
2556 1.414699
2557 0.970654
2558 0.948564
2559 1.229593
2560 1.012331
2561 1.108571
2562 0.985909
2564 1.234292
2565 1.280639
2566 1.815857
2567 1.264357
2568 1.248158
2569 0.971183
2570 1.370247
2571 0.964758
2572 1.334676
2573 1.42623
2574 1.431281
2575 1.304243
2576 0.791319
2577 1.232071
2578 0.802549
2579 1.278218
2580 1.088839
2581 1.027836
2582 0.824625
2583 1.026089
2584 0.97986
2585 1.032353
2586 0.712762
2587 1.098701
2588 1.249887
2590 0.862187
2591 1.259089
2592 1.179018
2593 1.166364
2594 0.969083
2595 1.195612
2596 1.137655
2597 0.68042
2598 1.356647
2599 1.016068
2600 1.411124
2602 1.036748
2603 1.204547
2604 1.006279
2605 1.074531
2606 0.81484
2607 0.828565
2609 0.820612
2610 1.056966
2611 1.106349
2612 1.437386
2613 0.874246
2614 1.135537
2615 1.277922
2616 1.266894
2617 0.876745
2618 0.77765
2619 1.188244
2620 0.936848
2621 1.011002
2622 1.301817
2623 0.938066
2624 0.754218
2625 0.774075
2626 0.526337
2627 0.534178
2628 0.357931
2629 0.196795
2630 0.097617
2631 0.119908
2632 0.119389
2633 0.203859
2634 0.29359
2635 0.563453
2636 0.523687
2637 0.767829
2638 0.480317
2639 0.42639
2640 0.228992
2641 0.535186
2642 0.546344
2643 0.831097
2644 0.740737
2645 0.718552
2646 0.729194
2648 0.558637
2649 0.371883
2650 0.155972
2651 0.219089
2652 0.274866
2653 0.05063
2656 0.123635
2657 0.059967
2659 0.208133
2660 0.202667
2661 0.089693
2662 0.109349
2663 0.135626
2691 0.003492
2692 0.079759
2693 0.17337
2694 0.065337
2695 0.072119
2696 0.206809
2697 0.292852
2698 0.301044
2700 0.30258
2701 0.227774
2702 0.12825
2703 0.271843
2704 0.009995
2705 0.476464
2706 0.170439
2707 0.296369
2709 0.104229
2710 0.303699
2711 0.055856
2713 0.070016
2714 0.271698
2715 0.263514
2716 0.273327
2717 0.204172
2718 0.407718
2720 0.139499
2721 0.471094
2722 0.456
2723 0.438519
2724 0.254113
2725 0.568659
2726 0.18281
2727 0.333531
2728 0.1568
2729 0.440338
2730 0.3457
2731 0.332286
2732 0.241947
2734 0.219061
2735 1.074517
2736 0.833549
2737 1.11596
2738 0.619029
2739 0.674181
2740 0.750817
2741 0.72537
2742 0.757562
2743 0.907127
2744 1.080961
2746 1.071413
2747 1.068451
2748 1.019619
2749 1.176353
2750 1.14338
2751 1.058836
2752 1.083149
2753 0.747109
2754 0.686148
2755 0.840848
2756 0.817982
2757 0.866976
2758 0.993084
2759 1.097475
2760 0.7618
2761 0.960998
2762 1.127108
2763 1.5725
2764 1.17376
2765 1.509877
2766 1.126697
2768 1.383045
2769 1.6192
2770 1.706874
2771 1.535229
2772 1.428995
2773 1.212011
2774 1.312071
2775 1.229802
2776 1.069961
2777 1.471936
2778 1.100211
2779 1.229113
2780 1.161211
2781 1.096985
2782 1.340166
2783 0.980635
2784 0.858511
2785 0.889736
2786 0.799358
2788 0.996961
2789 0.945044
2790 1.002193
2791 1.123405
2792 0.939203
2793 0.848559
2794 1.257158
2795 0.960561
2796 1.01254
2797 0.924238
2798 0.946875
2799 0.964286
2800 1.051346
2801 1.082314
2802 0.737711
2803 1.08024
2804 0.757543
2805 1.203699
2806 0.76423
2807 0.922502
2808 1.13604
2809 1.183508
2810 0.922227
2811 0.923561
2812 0.880188
2813 0.579695
2814 0.786753
2815 0.857922
2816 0.537375
2818 0.682687
2819 0.148099
2820 0.438859
2821 0.803327
2822 0.856768
2823 1.564329
2824 1.271407
2825 1.49676
2826 1.158669
2827 1.452643
2828 1.343172
2829 1.312647
2830 1.510711
2831 1.724446
2832 1.008695
2833 1.273192
2834 1.428923
2835 1.485067
2836 1.413817
2837 1.387407
2838 1.565172
2840 1.547098
2841 1.492349
2842 1.379883
2843 1.28655
2844 1.574168
2845 1.606673
2846 1.377311
2847 1.055315
2848 1.119351
2849 0.984555
2850 0.608634
2851 0.487481
2852 0.50674
2853 1.29452
2854 1.471761
2855 1.356555
2856 1.481602
2857 1.29693
2858 1.570127
2859 1.11821
2860 0.65531
2861 0.925305
2862 1.53628
2863 1.35769
2864 1.910906
2866 2.352143
2867 1.486877
2868 1.664119
2869 1.521219
2870 1.508549
2871 1.742226
2872 1.394667
2873 1.810006
2874 1.696308
2875 1.296566
2876 1.158922
2877 1.276675
2878 1.753844
2879 1.205113
2880 1.342058
2881 1.346735
2882 1.272975
2883 1.224593
2884 1.069426
2885 1.460803
2886 1.185507
2887 1.125558
2888 1.148547
2890 0.874573
2891 1.522054
2892 1.266577
2893 1.223057
2894 0.939176
2895 1.009886
2896 1.182167
2897 0.977192
2898 1.084551
2899 0.93383
2900 0.790088
2901 0.689947
2902 0.596504
2903 0.624855
2904 0.626421
2905 0.652488
2906 0.695192
2907 0.866611
2908 1.098147
2909 0.917861
2910 0.850028
2911 0.80662
2912 0.216713
2913 0.13055
2914 0.536978
2916 0.679824
2917 0.917701
2918 0.332612
2919 0.156219
2920 0.935524
2921 0.943409
2922 0.936643
2923 1.356615
2924 0.998412
2925 1.071374
2926 0.869388
2927 0.886044
2928 0.769071
2929 0.604959
2930 0.37618
2931 0.136792
2932 0.321882
2933 0.209051
2934 0.263077
2935 0.197412
2936 0.199938
2938 0.0456
2939 0.151215
2940 0.541782
2941 0.210091
2942 0.052565
2943 0.016334
2944 0.279568
2945 0.711281
2946 0.858275
2947 0.990234
2948 0.530448
2949 0.533762
2950 0.868777
2952 0.945389
2953 0.66495
2954 0.667524
2955 0.953705
2956 0.958796
2957 0.855887
2958 0.804206
2959 0.566708
2960 0.769323
2961 0.954007
2962 1.256422
2963 1.229362
2964 1.157203
2966 0.734816
2967 0.797323
2968 0.76816
2969 0.52426
2970 0.602262
2971 0.793093
2972 0.908198
2973 0.686356
2974 0.622565
2975 0.54316
2976 0.410795
2977 0.15545
2978 0.281727
2979 0.251651
2980 0.240527
2981 0.195343
2982 0.301014
2983 0.191252
2984 0.21702
2985 0.218661
2986 0.310059
2987 0.317315
2988 0.500906
2989 0.872144
2990 0.498329
2991 0.325391
2992 0.207686
2994 0.020217
2995 0.456453
2996 0.685423
2997 0.472327
2998 0.425085
2999 0.336971
3000 0.198034
3001 0.081067
3002 0.088655
3003 0.111515
3004 0.437323
3006 0.495455
3007 0.502537
3008 0.343678
3009 0.467659
3010 0.531319
3011 0.346263
3012 0.241675
3013 0.3648
3014 0.300424
3015 0.39819
3016 0.250731
3017 0.54678
3018 0.491481
3019 0.247019
3020 0.417862
3021 0.493146
3022 0.47855
3023 0.530947
3024 0.553101
3025 0.550299
3026 0.627872
3027 0.52713
3028 0.619792
3029 0.548428
3030 0.546075
3031 0.495509
3033 0.476719
3034 0.574289
3035 0.36021
3036 0.273804
3037 0.340008
3038 0.249263
3039 0.379248
3040 0.369465
3041 0.832775
3042 0.845669
3043 0.839105
3044 0.468702
3045 0.465391
3046 0.978194
3047 0.689996
3048 0.661473
3049 0.822408
3050 1.111332
3051 1.141832
3052 1.433802
3053 1.685738
3054 1.256298
3055 1.481639
3056 1.48777
3057 1.159078
3058 1.146988
3059 1.279953
3060 0.761533
3062 0.887207
3063 1.136063
3064 1.052266
3065 0.921947
3066 0.915455
3067 0.956065
3068 0.85767
3069 0.925297
3070 0.992222
3071 1.033554
3072 0.6616
3073 0.866564
3074 0.582245
3075 0.832641
3076 0.756443
3077 1.103023
3078 0.55189
3079 0.688737
3080 0.546183
3081 0.421775
3082 0.509225
3083 0.577765
3084 0.460979
3085 0.379248
3086 0.292419
3087 0.406581
3088 0.414694
3089 0.661006
3090 0.659588
3091 0.603988
3093 0.133559
3094 0.459722
3095 0.901745
3096 1.523572
3097 1.267993
3098 1.356158
3099 1.095065
3100 1.126968
3101 1.337078
3102 0.943185
3104 1.185369
3105 1.016738
3106 0.705156
3107 0.992955
3108 0.901489
3109 0.827114
3110 0.619949
3111 0.556733
3112 0.452958
3113 0.386535
3114 0.387339
3115 0.638134
3116 0.459437
3117 0.494969
3118 0.187243
3119 0.448256
3120 0.476774
3121 0.476316
3122 0.897718
3123 0.400479
3124 0.313537
3125 0.386259
3126 0.138756
3128 0.090446
3129 0.34747
3130 0.718301
3131 1.143031
3132 1.009703
3133 1.005061
3134 0.941387
3135 0.972614
3136 1.091572
3137 1.02577
3138 0.916709
3139 0.586093
3140 0.575429
3141 0.515373
3142 0.823882
3143 0.910655
3145 0.679655
3146 0.717763
3147 0.744462
3148 0.83158
3149 0.44282
3150 0.684618
3151 0.448309
3152 0.435862
3153 0.36455
3154 0.198006
3155 0.265929
3157 0.06534
3158 0.590278
3159 1.328309
3160 1.083408
3161 1.132032
3162 1.032356
3163 0.70163
3164 0.772627
3165 0.675545
3166 0.770361
3167 0.543541
3169 0.485731
3170 0.560127
3171 0.769968
3172 0.951817
3173 0.518341
3174 0.635699
3175 0.756157
3176 0.680628
3177 0.8136
3178 0.718167
3179 0.833302
3180 0.817243
3181 0.837961
3183 0.672424
3184 0.696
3185 0.920238
3186 0.715518
3187 0.885529
3188 0.874969
3189 0.896281
3190 0.946698
3191 0.869218
3192 0.931398
3194 0.815495
3195 0.925315
3196 0.803804
3197 0.852919
3198 0.497898
3199 0.692337
3200 0.779269
3201 0.755327
3202 0.756942
3203 0.770505
3204 1.144975
3205 1.510394
3206 1.00245
3207 1.089457
3209 1.080039
3210 1.273541
3211 1.126413
3212 1.071152
3213 1.062318
3214 1.239937
3215 1.13437
3216 1.198337
3217 1.144095
3218 0.996659
3219 0.942208
3220 0.708903
3221 0.530638
3222 0.68337
3223 0.549235
3224 0.562208
3225 0.719287
3226 0.694921
3227 0.831327
3228 0.684745
3229 1.076012
3230 1.132012
3231 0.934523
3232 1.026448
3233 1.098698
3234 1.064448
3235 0.876971
3236 0.258628
3238 0.806044
3239 0.659082
3240 0.877669
3241 0.791528
3242 1.05328
3243 0.951984
3244 0.991846
3245 1.035524
3246 1.062421
3247 1.073468
3248 1.331932
3249 1.268816
3250 0.82492
3251 1.08
3252 0.977197
3253 1.051469
3254 0.934426
3255 1.023241
3256 1.016278
3257 1.307057
3258 0.844634
3259 0.685956
3260 0.437959
3261 0.554391
3262 0.614519
3263 0.839247
3264 1.039947
3265 1.128663
3266 1.12662
3267 1.067216
3268 1.091612
3269 1.354067
3271 0.898542
3272 1.022788
3273 1.091248
3274 0.928441
3275 1.074861
3276 1.132979
3277 1.139414
3278 1.199151
3279 1.093735
3280 1.167311
3281 1.058564
3282 1.171427
3283 0.930183
3284 1.038627
3285 1.048832
3286 0.84038
3287 0.838473
3288 0.118725
3289 0.950664
3291 0.803442
3292 0.954123
3293 0.926966
3294 0.937558
3295 0.99525
3296 1.070151
3297 1.129595
3298 1.133226
3299 1.184793
3300 1.112695
3301 0.905813
3302 1.361348
3303 1.247826
3304 1.348867
3305 1.121774
3306 0.855208
3307 1.207635
3308 0.894952
3309 0.901447
3310 1.105199
3311 0.955786
3312 1.299859
3313 0.843552
3314 0.912502
3315 0.778382
3316 0.94043
3317 1.248424
3318 0.809673
3319 1.015343
3320 0.815683
3321 0.91862
3322 0.997738
3323 0.90546
3325 0.952718
3325 1.270286
