1668 1.646352
1669 1.950705
1670 0.244238
1671 0.273327
1672 0.225579
1673 0.38541
1674 0.485339
1675 0.727175
1676 1.040566
1677 1.223984
1678 1.050246
1679 1.219711
1681 0.868192
1682 1.343263
1683 1.275179
1684 1.343696
1685 0.9598
1686 1.301978
1687 0.999539
1688 1.245447
1689 1.234382
1690 1.331333
1691 1.339011
1692 1.05798
1693 1.354659
1695 1.125275
1696 1.164232
1697 1.014034
1698 1.100533
1699 1.021946
1700 0.858974
1701 1.023656
1702 1.317892
1703 1.286229
1704 1.132333
1705 1.346272
1706 1.481976
1708 0.902544
1709 1.4183
1710 1.214286
1711 1.234235
1712 1.217194
1713 1.115294
1714 1.057182
1715 1.111176
1717 1.095986
1718 0.771229
1719 0.850845
1720 0.970783
1721 1.280525
1722 1.223068
1723 0.951572
1724 0.54228
1725 1.197956
1726 1.37035
1727 1.215485
1728 1.315429
1729 1.021852
1730 1.445446
1731 1.865654
1732 0.89761
1734 1.161106
1735 0.943544
1736 0.884
1737 0.698851
1738 0.787524
1739 0.924941
1740 0.85218
1741 1.062684
1742 1.073958
1743 1.09078
1744 1.272166
1745 1.333123
1746 0.741098
1747 0.839342
1748 0.949784
1749 0.822121
1750 0.779097
1751 0.80179
1752 0.816974
1753 0.597508
1754 0.946054
1755 0.76869
1756 0.559905
1757 0.681758
1758 1.024647
1759 1.017374
1760 1.100266
1761 0.995085
1762 0.943034
1763 0.905261
1764 0.939024
1765 0.837159
1766 1.265579
1767 0.920871
1768 1.10396
1769 0.701713
1770 1.145846
1771 1.389051
1773 0.851728
1774 0.854746
1775 0.922566
1776 0.915303
1777 0.882945
1778 1.026836
1779 1.060903
1780 1.049853
1781 0.699271
1782 0.999081
1783 1.233181
1784 1.119199
1785 1.407922
1787 1.310759
1788 1.295549
1789 1.13906
1790 0.774015
1791 1.062218
1792 1.093858
1793 0.883817
1794 1.179971
1795 1.144261
1796 1.062034
1797 1.081982
1798 0.971608
1799 1.074299
1800 1.068779
1801 0.915948
1802 0.949339
1803 0.91837
1804 0.854105
1805 0.838188
1807 0.844137
1808 0.892605
1809 1.103453
1810 0.6919
1811 0.920871
1812 0.68534
1813 0.907183
1814 1.0
1816 0.868573
1817 1.111537
1818 0.72618
1819 0.87273
1820 0.83723
1821 0.885914
1822 1.016341
1823 0.846432
1824 0.908396
1825 0.842348
1826 0.900056
1827 0.933012
1828 1.272119
1829 0.86164
1830 0.90004
1831 1.042434
1832 0.957357
1833 0.924741
1834 1.303596
1835 0.734861
1836 1.109901
1837 0.97367
1839 0.734612
1840 0.837397
1841 0.991919
1842 0.989151
1843 0.900619
1844 1.241806
1845 0.940042
1846 0.897471
1847 0.714811
1848 0.51946
1849 0.586855
1850 0.607069
1851 0.364354
1852 0.422353
1853 0.368412
1854 0.102309
1855 0.474287
1856 0.483638
1857 0.398212
1858 0.542765
1859 0.827909
1860 0.987984
1862 0.44645
1863 0.797803
1864 0.61205
1865 0.984738
1866 1.037484
1867 0.983532
1868 1.108007
1869 0.730756
1870 0.713917
1871 0.788906
1872 0.7488
1874 0.75592
1875 0.487485
1876 0.53372
1877 0.831552
1878 0.772309
1879 0.645668
1880 0.909877
1881 0.819069
1882 0.738498
1883 0.652922
1884 0.460614
1885 0.489128
1886 0.365158
1887 0.350866
1888 0.538231
1889 0.354078
1890 0.358474
1891 0.281095
1892 0.332612
1893 0.211556
1894 0.366495
1896 0.403509
1897 0.496538
1898 0.608557
1899 0.482436
1900 0.694154
1901 0.347596
1902 0.305231
1903 0.350974
1904 0.171165
1905 0.847458
1906 0.83419
1907 0.842733
1908 0.722422
1909 0.215308
1910 0.018533
1911 0.531962
1913 0.301211
1914 0.391208
1915 0.567268
1916 0.894643
1917 0.735937
1918 1.029867
1919 0.918781
1920 1.152886
1921 0.888081
1922 0.918036
1923 0.848302
1924 0.929073
1925 0.5041
1927 0.494147
1928 0.404066
1929 0.076066
1930 0.53049
1931 0.31107
1932 0.619873
1933 0.525044
1934 0.869713
1935 0.478744
1936 0.661896
1937 0.633196
1938 0.671531
1939 0.465015
1942 0.097342
1943 0.169991
1944 0.175517
1945 0.09685
1946 0.141377
1947 0.114198
1948 0.081824
1949 0.052615
1950 0.040912
1952 0.089463
1953 0.227323
1954 0.292105
1955 0.350633
1956 0.169487
1957 0.244381
1958 0.258598
1959 0.122996
1960 0.21501
1961 0.255006
1962 0.184713
1963 0.229594
1964 0.171839
1965 0.265631
1966 0.184212
1967 0.246776
1968 0.143604
1969 0.260055
1970 0.1152
1971 0.16963
1972 0.379248
1973 0.427081
1974 0.637515
1975 0.228404
1976 0.225318
1978 0.041862
1979 0.675968
1980 0.268235
1982 0.125342
1983 0.49844
1984 0.270749
1985 0.220985
1986 0.094481
1987 0.094708
1988 0.044503
1989 0.171671
1990 0.423509
1991 0.568269
1992 0.802884
1993 0.550741
1994 0.825686
1995 0.752675
1996 0.672174
1997 0.507002
1999 0.507606
2000 0.863025
2001 0.602033
2002 0.812008
2003 0.807145
2004 0.673262
2005 1.166467
2006 0.673244
2007 0.301508
2008 0.171671
2011 0.036308
2013 0.288604
2014 0.151699
2015 0.551986
2016 0.744071
2017 0.716697
2018 0.728172
2019 1.092956
2020 1.240642
2021 0.845774
2022 0.70179
2023 0.584423
2024 0.625635
2026 0.499617
2027 0.635059
2028 0.456139
2029 0.242031
2030 0.275782
2031 0.506615
2032 0.361466
2033 0.30582
2034 0.208864
2035 0.238148
2036 0.145981
2037 0.220985
2038 0.129456
2040 0.044129
2041 0.031572
2043 0.320613
2044 0.227354
2045 0.248973
2046 0.178569
2047 0.309736
2048 0.241038
2049 0.307575
2050 0.335905
2053 0.062296
2054 0.437133
2056 0.265889
2057 0.373743
2058 0.446897
2059 0.226079
2060 0.193129
2061 0.174929
2062 0.219018
2063 0.1216
2064 0.069991
2067 0.09394
2068 0.027811
2069 0.262824
2070 0.336238
2071 0.22169
2072 0.261957
2074 0.021743
2075 0.189211
2076 0.227774
2077 0.202345
2078 0.280339
2079 0.226683
2080 0.321882
2081 0.237323
2082 0.195042
2084 0.081665
2085 0.398853
2086 0.300718
2087 0.227632
2088 0.368412
2089 0.387129
2090 0.405165
2091 0.398392
2092 0.281727
2093 0.210416
2094 0.321882
2095 0.268652
2096 0.250149
2097 0.12869
2098 0.195042
2099 0.159379
2100 0.470796
2101 0.35356
2103 0.102375
2104 0.708398
2105 0.845134
2106 0.936648
2107 1.133758
2108 0.779651
2109 1.122448
2110 0.710408
2111 1.016742
2112 1.003756
2113 1.098964
2114 0.961798
2115 1.04869
2116 1.143303
2117 0.912583
2118 0.78205
2119 0.88116
2120 0.848404
2121 0.887647
2122 1.253275
2123 0.898281
2124 0.905966
2125 0.867509
2127 0.76152
2128 0.817965
2129 1.003485
2130 1.010939
2131 1.048743
2132 1.054218
2133 1.268161
2134 1.012424
2135 1.055576
2136 1.145954
2137 1.064619
2138 1.141818
2139 1.16846
2140 0.636233
2141 0.750203
2143 0.778462
2144 0.680743
2145 1.029132
2146 1.188044
2147 1.00513
2148 1.113835
2149 1.114238
2150 1.126555
2151 1.001029
2152 0.986192
2153 0.982052
2154 1.117426
2155 1.16945
2156 1.131945
2157 1.00008
2158 0.854922
2159 1.006439
2166 0.018414
2169 0.091
2170 0.775873
2171 1.078579
2172 1.214345
2173 1.177568
2174 1.094446
2175 1.291029
2176 1.26867
2178 1.02599
2179 1.253147
2180 1.290198
2181 1.279492
2182 1.056464
2183 1.407802
2184 1.022726
2185 1.127057
2186 0.813224
2187 0.909737
2188 1.338741
2189 1.437892
2190 1.2472
2191 1.413986
2192 1.299964
2193 1.013469
2194 0.959562
2195 1.288072
2196 1.34354
2197 0.99712
2198 1.696855
2200 1.027701
2201 1.253858
2202 1.308675
2203 1.304739
2204 1.230148
2205 1.35112
2206 1.338597
2207 1.335656
2208 0.960427
2209 1.258235
2210 1.0157
2211 1.286034
2212 1.222248
2213 0.963805
2214 1.319321
2215 1.056856
2216 1.198408
2217 0.70969
2218 0.693746
2219 0.781896
2220 0.845304
2221 0.769457
2222 0.690516
2224 0.384881
2225 0.45466
2226 0.482351
2227 0.2175
2228 0.210848
2230 0.081665
2231 0.346552
2232 0.431096
2233 0.240249
2234 0.526279
2235 0.396022
2236 0.686884
2237 0.57047
2238 0.783184
2239 0.572502
2240 0.628275
2242 0.288683
2243 0.60103
2244 0.72446
2245 0.900781
2246 1.019097
2247 1.182425
2248 0.89443
2249 1.000636
2250 0.822667
2251 1.005762
2252 1.040536
2253 1.183469
2254 0.771718
2255 0.995758
2256 1.4168
2257 0.912564
2259 0.485343
2260 0.339926
2261 0.584388
2262 0.478742
2263 0.768333
2265 0.306555
2266 0.238424
2267 0.220484
2268 0.441063
2269 0.954789
2270 0.752233
2271 0.143326
2272 0.095916
2273 0.078947
2275 0.08946
2276 0.096565
2277 0.058969
2278 0.609815
2279 0.22915
2280 0.994447
2281 0.882094
2282 0.723122
2283 0.817578
2284 0.641846
2285 0.626592
2286 0.536752
2287 0.662408
2288 0.916032
2289 0.570786
2290 0.528392
2291 0.400919
2293 0.187604
2294 0.368777
2295 0.272166
2296 0.789877
2297 0.745212
2298 0.944634
2299 0.551185
2300 0.626487
2301 0.531262
2302 0.177646
2303 0.300424
2304 0.20446
2305 0.200655
2306 0.292852
2307 0.173206
2308 0.295193
2309 0.250524
2310 0.338925
2311 0.24756
2312 0.233529
2313 0.268635
2314 0.561959
2316 0.359076
2317 0.266162
2318 0.557586
2319 0.548825
2320 0.980762
2321 0.895576
2322 0.660224
2323 0.621264
2324 0.506698
2325 0.732488
2326 0.937966
2327 0.641592
2328 1.014243
2330 0.834131
2331 0.60808
2332 0.454647
2333 0.634917
2334 0.774194
2335 0.739179
2336 0.941765
2337 1.067655
2338 0.888237
2339 0.742089
2340 0.76988
2341 0.85514
2342 0.791923
2344 0.695458
2345 0.708238
2346 0.501203
2347 0.574083
2348 0.537823
2349 0.62429
2350 1.003105
2351 0.767884
2352 0.899358
2353 0.579802
2354 0.87127
2355 0.541805
2356 0.762157
2357 0.846501
2358 0.304808
2359 0.206491
2360 0.699102
2362 0.825703
2363 0.935746
2364 1.067057
2365 0.648626
2366 0.735937
2367 0.655073
2368 0.834254
2369 1.102949
2370 1.263168
2371 1.190725
2372 1.782258
2373 1.039634
2374 1.087248
2375 1.002467
2376 1.13763
2377 1.0191
2378 0.896864
2379 1.260635
2381 1.010587
2382 1.247731
2383 0.966746
2384 1.121654
2385 1.059056
2386 1.348285
2387 1.029082
2388 1.034018
2389 0.572673
2390 0.94379
2391 1.091724
2392 1.0502
2394 0.854516
2395 1.260829
2396 0.77505
2397 0.828985
2398 0.798218
2399 1.388252
2400 0.892067
2401 0.966099
2402 1.08664
2403 1.453011
2404 1.255667
2405 0.978688
2406 0.721423
2407 0.969927
2408 0.971713
2410 1.11324
2411 1.184052
2412 1.335952
2413 1.120563
2414 1.04463
2415 1.175536
2416 0.991343
2417 1.042387
2418 1.151992
2419 1.328554
2420 1.42096
2421 1.153893
2422 0.868751
2423 0.859738
2424 1.159826
2425 0.889958
2426 0.890655
2428 0.939882
2429 0.814898
2430 0.863952
2431 0.363898
2432 0.340531
2433 0.240969
2434 0.137276
2435 0.146571
2436 0.115754
2451 0.000747
2452 0.31645
2453 0.927
2454 1.034732
2455 0.629419
2456 0.732321
2457 0.508008
2458 0.959621
2459 1.110186
2460 0.677582
2461 0.504031
2462 0.319636
2463 0.402295
2464 0.463015
2465 0.405505
2466 0.685101
2467 0.666083
2469 0.639851
2470 0.823541
2471 0.980106
2472 1.327532
2473 1.5336
2474 1.207642
2475 1.385022
2476 0.950366
2477 1.191509
2478 1.002205
2479 0.947513
2480 0.607398
2481 0.845233
2482 0.834931
2483 0.736408
2484 0.948356
2485 0.449933
2486 0.279723
2488 0.139981
2489 0.233985
2490 0.189415
2491 0.189415
2492 0.152439
2493 0.184277
2494 0.203659
2495 0.1421
2496 0.154722
2497 0.159534
2498 0.116265
2500 0.491721
2501 0.403759
2502 0.174735
2503 0.374795
2504 0.314857
2505 0.335905
2506 0.11585
2507 0.522062
2508 0.625685
2510 0.283166
2511 0.071049
2512 0.478136
2513 0.47325
2514 0.56137
2515 0.551269
2516 0.522933
2517 0.223848
2518 0.199172
2519 0.348392
2520 0.628314
2521 0.931093
2522 0.955015
2523 0.93567
2524 1.137766
2525 1.044824
2526 1.364348
2528 1.012105
2529 0.942352
2530 0.879984
2531 1.431704
2532 1.058191
2533 1.592727
2534 1.061755
2535 1.418525
2536 0.983067
2537 0.632278
2538 1.245832
2539 1.175121
2540 1.501869
2541 1.186606
2543 1.27051
2544 1.315113
2545 1.279141
2546 1.48211
2547 1.5095
2548 1.542949
2549 1.385238
2550 1.009175
2551 0.959735
2553 0.889557
2554 0.800617
2555 0.68518
2556 1.026448
2557 0.975786
2558 0.919102
2559 0.983771
2560 0.996123
2561 0.925116
2562 1.096248
2563 0.671644
2564 0.997833
2565 0.662226
2566 0.788081
2567 0.787246
2568 0.581022
2569 0.49597
2570 1.076827
2571 0.85795
2572 0.974772
2573 0.658445
2574 1.065213
2575 0.432556
2576 0.686743
2577 0.799341
2578 0.458253
2580 0.541924
2581 1.048634
2582 1.06909
2583 1.459945
2584 1.227615
2585 1.270539
2586 1.188197
2587 1.371504
2588 1.528173
2589 1.804028
2590 1.378513
2591 0.917411
2592 0.746593
2593 1.205228
2595 0.609345
2596 0.72598
2597 0.757325
2598 0.641759
2599 0.54016
2600 0.828526
2601 0.898875
2602 0.789442
2603 0.840389
2604 1.013235
2605 0.874353
2606 1.275758
2607 1.569529
2608 1.677673
2609 1.127158
2610 1.050527
2611 0.939331
2612 1.272285
2613 1.115446
2614 0.896847
2615 0.892016
2616 0.763344
2617 0.865401
2618 0.689119
2619 0.813956
2621 0.897457
2622 1.124004
2623 0.997802
2624 1.010387
2625 0.78622
2626 0.821152
2627 0.945982
2628 1.646419
2629 1.275506
2630 1.729966
2631 1.853719
2632 1.263482
2633 1.445029
2634 1.454255
2635 1.28349
2636 0.756044
2637 0.643549
2638 0.772784
2639 0.848967
2640 0.75415
2641 1.215105
2642 0.785943
2643 0.924563
2645 0.951918
2646 0.973349
2647 0.66373
2648 0.455952
2649 0.096508
2650 0.670921
2651 0.703659
2652 0.258561
2653 0.426593
2654 0.415297
2656 0.812933
2657 0.914956
2658 0.804454
2659 0.723965
2660 0.927318
2661 0.881471
2662 0.697328
2663 0.845988
2664 0.750805
2665 0.919017
2666 0.613527
2667 0.318757
2668 0.126277
2669 0.08874
2671 0.299433
2672 0.0433
2673 0.647607
2674 0.606179
2675 0.768671
2676 0.714726
2677 0.927759
2678 1.058335
2679 1.043775
2680 0.914965
2681 0.687569
2682 0.510012
2683 0.692743
2684 0.852236
2685 1.014667
2686 1.184889
2687 0.756562
2688 0.809608
2689 0.675897
2690 0.476642
2692 0.637905
2693 0.854606
2694 0.394059
2695 0.294859
2696 0.297909
2697 0.468883
2698 0.882469
2699 0.847675
2700 0.78217
2701 0.967145
2702 0.767015
2703 0.981459
2704 0.576249
2705 0.471382
2706 0.460769
2707 0.729972
2708 0.735351
2709 1.220709
2710 0.850109
2711 0.998685
2712 1.135826
2713 0.6707
2714 0.237464
2718 0.03532
2719 1.017829
2720 0.712317
2721 0.574661
2722 0.447945
2723 0.356229
2724 0.309815
2725 0.382509
2726 0.084432
2727 0.440338
2729 0.482334
2730 1.046899
2731 1.047497
2732 0.877439
2733 0.8624
2734 0.888578
2735 0.630349
2736 0.915593
2737 1.116611
2738 1.241703
2739 1.475354
2740 1.038922
2741 1.32478
2742 1.286807
2743 1.490797
2744 1.167176
2745 1.165818
2746 1.987623
2747 1.8296
2748 1.358745
2749 1.883234
2751 1.472069
2752 1.532679
2753 1.464144
2754 1.376687
2755 1.442045
2756 1.518133
2757 1.148836
2758 1.1419
2759 1.096808
2760 1.23815
2761 0.896119
2762 1.105112
2763 0.992459
2764 0.940924
2765 0.878489
2767 1.324712
2768 1.551912
2769 1.479489
2770 1.353794
2771 1.568024
2772 1.109899
2773 0.93252
2774 0.87196
2775 1.495425
2776 1.474609
2777 1.058801
2778 1.3598
2779 1.523198
2780 0.84278
2781 1.65003
2782 1.630324
2783 1.353189
2784 0.814701
2785 0.70146
2786 0.55973
2787 0.618918
2788 0.434742
2791 0.175156
2792 1.073467
2793 1.126489
2794 0.999976
2795 0.794531
2796 0.935284
2797 0.940909
2798 1.185016
2799 1.004849
2800 0.949908
2801 0.926923
2802 1.012933
2803 1.092772
2804 0.708271
2805 0.913215
2806 0.654059
2807 0.403289
2809 1.055525
2810 0.943585
2811 0.783477
2812 0.453357
2813 0.410089
2814 0.314748
2815 0.385881
2816 0.426791
2817 0.775044
2818 1.079184
2819 0.746768
2820 0.449529
2821 0.088735
2822 0.433077
2823 0.998383
2824 1.29011
2825 1.059671
2826 1.118812
2827 1.051548
2828 0.922993
2829 0.912667
2830 0.769323
2831 0.879153
2832 0.851266
2833 0.6747
2834 0.984579
2835 1.019548
2836 1.172012
2837 1.042167
2838 0.833901
2839 0.638781
2840 0.804765
2841 0.90335
2842 0.974831
2843 1.099231
2845 1.250869
2846 1.225764
2847 1.222716
2848 0.581785
2849 1.123596
2850 1.061669
2851 1.145095
2852 1.281554
2853 1.06937
2854 0.974186
2855 0.972614
2856 1.037394
2857 0.976535
2858 0.951595
2859 1.092899
2860 1.288144
2861 1.271651
2862 1.461666
2863 1.084008
2864 1.240198
2865 0.796408
2866 1.144048
2867 0.915885
2868 0.947458
2869 1.360237
2870 0.938975
2871 1.022728
2872 1.031634
2873 1.151733
2874 1.267812
2876 1.116094
2877 1.293594
2878 0.876916
2879 1.227335
2880 0.989346
2881 1.12204
2884 0.112142
2885 0.308715
2886 0.419378
2887 0.622208
2888 1.157748
2889 0.91188
2890 1.471401
2891 1.241421
2892 1.236952
2893 1.091472
2894 1.245762
2895 1.001805
2896 1.230136
2897 1.392472
2898 1.001043
2900 1.131251
2901 1.288955
2902 0.914661
2903 0.842931
2904 1.133558
2905 1.097416
2906 0.973434
2907 1.111367
2908 1.068844
2909 1.03185
2910 0.877019
2911 0.878151
2912 1.099357
2913 1.217031
2914 0.90595
2915 0.936839
2916 1.007063
2917 1.025319
2918 1.045825
2919 0.959164
2921 1.05532
2922 1.101762
2923 0.625246
2924 0.702298
2925 0.715901
2926 0.823193
2927 1.131691
2928 1.015699
2929 0.988209
2930 1.184383
2931 1.130446
2932 1.260879
2933 1.097953
2934 1.156102
2935 0.94354
2936 1.087166
2937 1.099495
2938 1.149758
2940 0.910928
2941 0.940097
2942 0.956922
2943 0.853331
2944 0.877101
2945 0.622649
2946 0.865824
2947 0.866509
2948 1.338402
2949 0.935596
2950 1.093986
2951 1.09535
2952 1.068501
2953 1.244444
2954 0.715679
2955 0.815888
2956 0.717249
2957 0.684094
2958 0.648543
2960 0.556687
2961 0.69916
2962 0.490456
2963 0.6736
2964 0.721558
2965 0.702065
2966 0.534488
2967 0.801798
2968 0.717522
2969 0.521778
2970 0.687121
2971 0.675382
2972 0.697958
2973 0.989853
2974 0.719762
2975 0.736791
2976 1.157407
2977 1.013949
2978 0.907065
2979 0.959034
2980 1.062427
2981 0.870049
2982 0.588302
2983 0.721608
2984 0.759335
2985 0.540277
2986 0.518856
2987 0.528157
2989 0.833875
2990 1.098875
2991 1.204228
2992 0.919593
2993 1.196059
2994 1.275865
2995 0.882683
2996 1.086802
2997 1.111481
2998 1.1888
2998 1.183135
