2338 1.225672
2339 2.486426
2340 0.626111
2341 1.366378
2343 1.191517
2344 1.374471
2345 1.013221
2346 1.184013
2347 1.405774
2348 1.507116
2349 1.113818
2350 1.408056
2351 1.303794
2352 1.022603
2353 1.43037
2354 1.082667
2355 1.2876
2356 1.401435
2358 1.000286
2359 1.388811
2360 0.699665
2361 1.456261
2362 1.07971
2363 1.420071
2364 0.939444
2365 1.412523
2366 0.948815
2367 1.216214
2368 0.921277
2369 0.884458
2370 0.810196
2371 1.138397
2372 0.963453
2374 1.030375
2375 1.02069
2376 1.181362
2377 1.029283
2378 0.819659
2379 1.13576
2380 1.062265
2381 0.97908
2382 0.983257
2383 1.066418
2384 0.881812
2385 0.947121
2386 1.106486
2387 0.727166
2388 1.076947
2389 0.95067
2390 0.736816
2392 0.67108
2393 0.721228
2394 0.937087
2395 0.662511
2396 0.487604
2397 0.659667
2398 1.282829
2399 1.125267
2400 0.903138
2401 1.029107
2402 1.176174
2403 1.329934
2404 0.7373
2405 0.622752
2406 0.857582
2407 0.198034
2414 0.018417
2416 0.136644
2417 0.897394
2418 0.676945
2419 0.86577
2420 0.623002
2421 0.933602
2422 0.699188
2423 1.064372
2424 0.401848
2426 0.891374
2427 1.243277
2428 1.045754
2429 1.150979
2430 1.247057
2431 1.198053
2432 1.340349
2433 1.364424
2434 1.230681
2435 1.129021
2436 1.172929
2437 0.986807
2438 1.202196
2439 1.3378
2440 1.216008
2441 0.801519
2442 1.349709
2443 0.89742
2444 1.420277
2445 1.418018
2446 0.967178
2447 1.310753
2448 1.311215
2449 1.308376
2450 0.903192
2451 1.213956
2453 1.030634
2454 1.167265
2455 1.025121
2456 1.162438
2457 0.584196
2458 0.946584
2459 1.165426
2460 1.005131
2461 1.152262
2462 1.109415
2463 1.216523
2464 0.948656
2465 0.752879
2466 0.864143
2467 0.546196
2468 0.725204
2469 0.592887
2470 0.480388
2471 0.321236
2472 0.225576
2473 0.568381
2474 0.829451
2475 0.981679
2476 0.423474
2477 0.332673
2478 0.815113
2480 0.692376
2481 0.535346
2482 0.648871
2483 0.627322
2484 0.810959
2485 0.852602
2486 0.775467
2487 0.894007
2488 0.838176
2489 0.937798
2490 0.462504
2491 0.81476
2492 0.920539
2493 0.999944
2495 1.00515
2496 1.005838
2497 1.083189
2498 1.334595
2499 0.97457
2500 1.111675
2501 1.308955
2502 1.035437
2503 0.776015
2504 1.05035
2505 0.766115
2506 0.913254
2507 0.883163
2508 0.86903
2509 0.937051
2510 0.915054
2511 1.235772
2512 0.675431
2513 0.8601
2514 0.698434
2515 0.593743
2516 0.549786
2517 0.501665
2518 0.58324
2519 0.736495
2520 0.968317
2521 0.524163
2522 0.402933
2523 0.339891
2524 0.379248
2525 0.291573
2526 0.651068
2528 0.765579
2529 0.235446
2530 0.372814
2531 0.325069
2532 0.441913
2533 0.822897
2534 0.908309
2535 0.674978
2536 1.020995
2537 0.839434
2538 0.889735
2539 0.769519
2540 0.73629
2541 0.602501
2542 0.497086
2543 0.515165
2544 0.474543
2545 0.489127
2546 0.519643
2547 0.350293
2548 0.096368
2549 0.134346
2550 0.205877
2551 0.155294
2552 0.398258
2553 0.392607
2554 0.410202
2555 0.42501
2556 0.260107
2558 0.45859
2559 0.530471
2560 0.45044
2561 0.298881
2562 0.410754
2563 0.471109
2564 0.503145
2565 0.397613
2566 0.502558
2567 0.493553
2568 0.460103
2569 0.662243
2570 0.254091
2571 0.315692
2572 0.307969
2573 0.371883
2574 0.242268
2575 0.275988
2576 0.167469
2577 0.424055
2578 0.47362
2579 0.426881
2580 0.466848
2581 0.520531
2582 0.496101
2583 0.4256
2584 0.479477
2585 0.437182
2586 0.626113
2587 0.74302
2589 0.548507
2590 0.672886
2591 0.658224
2592 0.312388
2593 0.247789
2594 0.100396
2595 0.358286
2596 0.190331
2597 0.503014
2598 0.530947
2599 0.25851
2601 0.231866
2603 0.048023
2606 0.022212
2607 0.250131
2609 0.362144
2610 0.457271
2611 0.466079
2612 1.060736
2613 1.160801
2614 0.9702
2615 0.927263
2616 0.649925
2617 0.661831
2618 0.79235
2619 0.946476
2621 0.702392
2622 0.717125
2623 0.576145
2624 0.651263
2625 0.488087
2632 0.019222
2633 0.00672
2634 0.210369
2635 0.24922
2636 0.11149
2637 0.119192
2638 0.127503
2639 0.086685
2640 0.125074
2641 0.074103
2642 0.106149
2644 0.10944
2645 0.083542
2647 0.130144
2648 0.49844
2649 0.483834
2650 0.357647
2651 0.647404
2652 0.511372
2653 0.615405
2654 0.719723
2656 0.20025
2657 0.673497
2658 0.679174
2659 0.860871
2660 0.629299
2661 0.502533
2662 0.215889
2663 0.699331
2664 0.585617
2665 0.371281
2666 0.244
2668 0.005064
2670 0.325876
2671 0.178998
2672 0.292562
2673 0.196862
2674 0.291298
2675 0.303398
2676 0.187854
2677 0.162857
2678 0.216713
2679 0.177798
2680 0.205877
2681 0.205877
2682 0.231747
2683 0.368412
2684 0.267789
2685 0.028345
2686 0.128753
2687 0.11357
2688 0.103779
2690 0.111701
2691 0.154089
2692 0.081312
2693 0.212505
2694 0.140851
2695 0.095248
2696 0.096565
2697 0.123894
2698 0.074034
2700 0.203158
2701 0.196986
2702 0.283976
2703 0.779827
2704 0.76343
2705 0.786906
2706 0.984085
2707 1.151556
2708 0.937267
2709 1.196079
2710 0.971099
2711 1.139724
2712 0.954923
2714 0.981341
2715 1.039027
2716 0.929766
2717 0.873683
2718 0.831665
2719 0.949591
2720 0.971193
2721 1.046081
2722 1.075043
2729 0.018417
2731 0.517882
2732 1.067864
2733 1.244183
2734 1.36739
2735 1.385347
2736 1.40705
2737 1.08586
2738 1.369511
2739 1.150036
2740 1.446059
2742 0.8897
2743 1.392285
2744 1.089451
2745 1.399968
2746 1.390406
2747 1.330667
2748 1.05616
2749 1.148125
2750 1.204207
2751 0.964843
2752 1.206986
2753 0.73385
2754 0.766604
2755 0.479497
2756 0.958833
2757 0.949307
2758 1.043248
2759 1.183722
2760 1.323317
2761 1.374103
2763 1.048813
2764 1.291248
2765 1.477866
2766 1.030136
2767 1.348519
2768 1.110029
2769 1.573427
2770 1.06993
2771 1.363051
2772 1.386289
2773 1.027604
2774 1.230297
2775 0.813052
2776 1.314685
2778 0.897521
2779 1.391688
2780 1.418425
2781 1.300312
2782 1.043181
2783 1.566817
2784 1.27713
2785 1.17077
2786 1.226733
2787 1.296349
2788 1.027341
2789 1.195881
2790 1.446495
2791 1.251165
2792 1.320777
2793 1.140974
2794 0.964007
2795 1.378331
2797 1.122075
2798 0.974407
2799 1.270784
2800 1.183824
2801 0.920206
2802 0.904376
2803 0.81268
2804 1.078042
2805 0.98641
2806 1.079782
2807 1.373954
2808 1.007762
2809 1.422226
2810 0.948791
2811 1.134078
2812 1.090281
2813 1.094495
2814 1.082039
2815 0.881696
2816 1.041101
2818 0.431961
2819 0.231255
2826 0.01575
2827 0.006778
2828 0.22313
2829 0.256732
2830 0.684388
2831 0.753827
2832 1.057635
2833 1.086858
2834 0.905293
2835 0.726359
2836 1.051168
2837 0.889624
2838 1.202485
2839 0.861592
2840 0.878005
2841 0.950178
2842 0.980148
2843 1.118741
2845 0.975643
2846 0.960531
2847 0.527161
2848 1.257529
2849 0.940687
2850 0.945913
2851 1.019897
2852 1.019406
2853 0.780918
2854 0.901395
2855 0.552847
2856 0.535389
2858 0.727117
2859 0.242031
2860 0.315888
2861 0.701746
2862 1.132111
2863 0.866541
2864 0.563442
2865 0.539719
2866 0.444432
2867 0.949057
2868 0.998465
2869 0.884333
2870 0.830157
2872 0.54476
2873 0.548583
2874 0.383208
2875 0.430471
2876 0.743763
2877 0.499902
2878 0.380941
2879 0.286676
2880 0.350159
2881 0.840317
2882 0.387621
2883 0.399731
2884 0.332279
2885 0.378928
2886 0.724558
2887 0.637639
2888 0.70944
2889 1.151723
2890 0.970478
2892 0.534637
2893 0.843564
2894 0.625691
2895 0.734471
2896 0.446673
2897 0.408118
2898 0.534338
2899 1.12713
2900 1.260084
2901 0.956284
2902 1.501647
2903 1.236077
2904 1.491317
2905 1.528396
2906 1.123425
2907 0.756819
2908 0.810905
2909 0.742498
2910 0.92877
2912 1.044977
2913 0.741506
2914 1.198045
2915 1.311731
2916 1.021228
2917 1.028625
2918 1.076309
2919 0.84019
2920 1.354749
2921 1.266288
2922 1.370942
2923 1.427628
2924 1.289657
2925 0.883323
2926 1.136799
2927 1.083041
2928 1.117147
2929 1.389986
2930 1.149097
2931 1.456591
2932 1.033256
2934 0.938418
2935 1.307029
2936 0.769819
2937 0.619061
2938 0.975509
2939 1.20788
2940 0.9435
2941 1.054114
2942 1.67276
2943 0.503419
2944 0.838513
2945 1.114291
2947 1.185613
2948 1.0963
2949 1.227913
2950 0.82829
2951 1.162903
2952 1.086136
2953 1.165138
2954 1.057688
2956 1.077472
2957 1.153945
2958 1.628531
2959 1.334494
2960 1.889045
2961 1.316014
2962 1.278589
2963 1.493267
2964 0.884343
2965 1.093882
2966 1.282255
2968 1.137414
2969 1.047306
2970 1.023103
2971 1.035421
2972 1.067611
2973 1.57139
2974 1.131448
2975 1.218123
2976 0.783253
2977 1.004105
2978 1.092843
2980 1.054521
2981 1.327295
2982 0.910133
2983 0.852447
2984 0.92377
2985 0.68314
2986 1.088855
2987 1.067794
2988 0.975872
2989 1.022424
2990 1.117647
2991 0.928632
2992 0.706046
2993 0.744711
2994 0.868551
2995 0.56997
2996 0.796955
2997 0.83704
2998 0.547458
2999 0.386259
3000 0.170437
3001 0.252311
3002 0.211493
3003 0.278965
3004 0.317623
3005 0.548079
3006 0.592615
3007 0.682989
3008 1.02567
3009 0.500792
3010 0.534728
3011 0.490915
3012 0.42059
3013 0.460544
3014 0.775593
3015 0.63777
3016 0.643497
3017 0.592741
3018 0.575667
3020 0.287574
3025 0.031656
3026 0.126156
3027 0.169623
3082 0.003744
3083 0.493514
3084 0.597511
3085 1.185679
3086 0.989706
3087 1.037502
3088 1.174931
3089 1.522103
3090 1.382099
3091 0.966953
3092 1.102305
3093 0.920551
3094 1.229172
3095 1.508428
3096 1.326932
3098 1.441005
3099 1.422266
3100 1.639815
3101 1.183373
3102 1.512447
3103 1.059924
3104 1.000451
3105 1.301224
3106 1.164557
3107 1.352999
3108 1.378902
3109 1.27098
3110 1.443275
3111 1.433798
3112 1.078493
3113 1.855321
3114 0.948129
3115 1.343368
3116 1.016926
3117 1.043875
3118 0.766763
3119 0.662586
3120 0.807311
3121 0.690057
3122 0.741715
3123 0.793933
3125 0.825235
3126 0.915741
3127 0.82768
3128 1.259756
3129 1.134265
3130 1.155271
3131 1.230851
3132 1.028145
3133 1.238789
3134 1.335199
3135 0.619508
3136 0.718479
3137 0.899208
3138 0.783512
3139 0.817435
3140 0.881051
3141 0.629251
3142 0.673471
3143 0.561451
3144 0.782226
3145 1.148947
3146 0.786384
3147 0.912443
3148 1.29988
3149 1.395117
3151 1.249817
3152 1.62537
3153 1.311644
3154 1.354804
3155 1.871325
3156 1.985149
3157 1.33158
3158 1.765693
3159 1.195907
3160 1.551522
3161 1.063625
3162 1.690981
3163 1.664522
3164 1.663733
3165 1.847465
3167 1.975697
3168 2.028108
3169 1.70966
3170 1.76909
3171 1.875478
3172 2.109706
3173 2.146174
3174 1.643405
3175 1.227119
3176 1.821685
3177 1.57402
3178 1.577691
3179 1.471157
3180 1.394661
3181 1.29589
3182 1.654753
3184 1.585697
3185 1.80065
3186 1.397836
3187 1.469504
3188 1.311706
3189 1.501419
3190 2.059982
3191 2.072511
3192 1.562351
3193 1.666381
3194 1.546028
3195 1.781613
3196 1.695557
3197 1.713565
3199 1.767753
3200 1.871655
3201 2.519776
3202 1.684346
3203 1.972904
3204 1.813463
3205 1.93385
3206 2.441878
3207 1.775123
3208 1.52505
3210 1.480307
3211 1.357142
3212 1.624874
3213 2.252108
3214 2.489757
3215 2.45819
3216 2.42352
3217 1.826447
3218 2.132004
3219 1.911448
3220 2.115604
3221 1.715551
3222 1.801119
3223 1.75093
3224 1.661112
3225 1.585839
3227 1.604283
3228 1.576169
3229 1.719921
3230 1.98948
3231 1.867539
3232 1.876246
3233 2.006393
3234 2.042549
3236 1.700287
3237 2.154717
3238 1.202751
3239 1.3487
3240 1.338913
3241 1.151435
3242 1.50778
3243 1.585267
3244 1.954997
3245 2.46026
3246 1.445505
3247 2.280192
3248 1.905616
3249 1.765181
3250 1.941238
3251 1.614061
3253 1.825322
3254 1.88211
3255 1.87354
3256 1.768271
3257 1.832956
3258 1.753061
3259 1.74695
3260 2.032462
3261 2.465615
3262 2.572859
3264 1.928592
3265 1.959496
3266 1.85588
3267 1.880456
3268 2.213267
3269 1.446978
3270 1.43323
3271 1.166485
3272 1.647177
3273 1.85604
3274 1.791976
3275 1.678949
3277 1.957126
3278 2.279832
3279 1.726009
3280 1.958386
3281 2.281061
3282 1.74955
3283 2.012957
3284 2.029392
3285 2.548575
3286 1.866569
3287 1.737184
3288 1.307952
3289 1.303826
3290 1.743025
3291 1.34339
3292 1.296722
3293 1.542287
3294 1.233814
3295 1.628255
3296 1.991521
3298 1.491135
3299 1.22903
3300 1.552016
3301 1.563221
3302 1.547945
3303 1.375248
3304 0.83181
3305 1.160072
3306 1.487186
3307 1.547894
3308 1.582966
3309 1.660813
3310 0.9758
3311 1.468733
3312 1.352208
3314 1.097996
3315 1.659732
3316 1.296751
3317 1.755042
3318 1.385839
3319 1.563306
3320 1.349738
3321 1.139499
3322 1.058123
3323 1.003663
3324 1.217222
3325 1.042
3326 1.243493
3327 1.377353
3328 1.140012
3329 1.449399
3330 0.395436
3331 0.97019
3332 0.849483
3333 0.85219
3334 1.072325
3335 1.257743
3336 1.248112
3337 1.221939
3338 1.352088
3339 0.958509
3340 0.814922
3341 0.80123
3342 1.333371
3344 1.27757
3345 1.556667
3346 1.443211
3347 1.43204
3348 0.954424
3349 1.385886
3350 1.102119
3351 1.161391
3352 0.869875
3353 1.177204
3354 0.987588
3355 1.206379
3356 1.421705
3357 1.589016
3358 1.201093
3359 1.115467
3360 0.742833
3361 1.315933
3362 0.969735
3363 0.616115
3364 0.348813
3365 0.293575
3366 0.475845
3367 0.258774
3369 0.144104
3370 0.597814
3371 0.926773
3372 0.541304
3373 1.110623
3374 1.131956
3375 1.060012
3376 1.286107
3377 1.139485
3378 1.176475
3379 1.595988
3380 1.035476
3381 0.310881
3382 0.777839
3383 1.240911
3384 0.636253
3385 0.50239
3386 0.648368
3387 0.634544
3388 0.696432
3389 0.451462
3390 0.398557
3391 0.573753
3392 0.456541
3393 0.300718
3394 0.229594
3395 0.963906
3396 1.155697
3397 1.055012
3398 1.256745
3399 0.635059
3400 0.204752
3401 0.074377
3402 0.550977
3403 0.590285
3404 0.423009
3405 0.639509
3407 0.540252
3408 0.860662
3409 0.808016
3410 0.47163
3411 0.616071
3412 0.658588
3413 0.606871
3414 0.378323
3415 0.496629
3416 0.339349
3417 0.257972
3418 0.411754
3419 0.452831
3420 0.490769
3421 0.689442
3422 0.575992
3423 0.504518
3424 0.802416
3425 0.61604
3426 0.547319
3427 0.946848
3428 1.242403
3429 1.133357
3430 1.206503
3431 1.282915
3432 1.224322
3433 0.984092
3434 1.301869
3435 1.28602
3436 1.295639
3438 1.12655
3439 1.422242
3440 0.845774
3441 0.781014
3442 0.858051
3443 0.878226
3444 0.615606
3445 0.433797
3446 0.548198
3447 0.483485
3448 0.016213
3449 1.153457
3450 1.112502
3451 1.235255
3452 0.900887
3453 0.856479
3454 1.143525
3455 1.074495
3456 0.991793
3457 0.892606
3458 1.020747
3460 0.979724
3461 0.77984
3462 0.947922
3463 0.73998
3464 0.78659
3465 0.437765
3466 0.760785
3467 0.873132
3468 0.982162
3469 0.567968
3470 0.428553
3471 0.173714
3473 0.492266
3474 0.794847
3475 1.020961
3476 1.166709
3477 1.240246
3478 1.022756
3479 1.276593
3480 1.102753
3481 0.882449
3482 0.919715
3483 0.859155
3484 1.004763
3486 0.992992
3487 0.787918
3488 0.863603
3489 0.997592
3490 1.035956
3491 0.876777
3492 1.241812
3493 0.96578
3494 1.057471
3495 1.04007
3496 0.745277
3497 0.774889
3499 0.215737
3500 1.203921
3501 0.956618
3502 0.978487
3503 1.252375
3504 1.083069
3505 0.587728
3506 0.882244
3507 0.952586
3508 0.968356
3509 1.098461
3510 1.021283
3511 0.928969
3512 1.025757
3513 0.848317
3514 0.658532
3515 0.907815
3516 0.959578
3517 1.094509
3518 1.235589
3519 1.248301
3520 1.177619
3521 1.127145
3523 0.875484
3524 1.083626
3525 1.042654
3526 1.133452
3527 1.094443
3528 1.137203
3529 1.145368
3530 0.912538
3531 0.913341
3533 1.022611
3534 1.06394
3535 1.052111
3536 1.115287
3537 1.040618
3538 1.007084
3539 0.930903
3540 0.930948
3541 0.986283
3542 0.986558
3543 1.208
3544 0.909323
3545 0.696404
3546 0.45317
3547 1.066165
3548 0.914533
3549 0.957594
3550 0.906087
3551 0.924938
3553 1.113743
3554 0.807634
3555 0.797491
3556 0.771378
3557 1.024801
3558 0.607541
3559 0.90199
3560 0.978834
3561 1.008593
3562 0.758299
3563 1.306838
3565 1.032118
3566 1.091388
3567 1.023302
3568 1.133503
3569 0.975326
3570 1.035449
3571 1.081015
3572 1.120184
3573 1.086716
3574 1.178901
3575 1.11374
3576 1.153339
3577 1.291053
3578 1.0098
3579 0.999319
3580 0.701616
3581 0.929298
3582 0.908414
3583 1.118375
3584 1.142218
3585 1.07985
3586 1.321292
3587 1.086729
3588 1.055241
3590 1.07729
3591 1.239816
3592 1.081966
3593 1.026947
3594 1.028731
3595 1.024293
3596 0.987778
3597 1.158099
3598 0.999303
3599 1.250597
3600 0.991406
3601 0.740365
3602 1.194216
3603 1.142018
3604 1.23964
3605 1.181027
3606 1.269283
3607 1.226305
3608 1.085107
3609 0.854794
3610 0.687784
3611 0.700384
3612 0.610519
3613 0.691929
3614 0.652202
3615 0.834178
3616 0.746725
3617 0.652728
3618 0.657506
3619 0.591723
3620 0.649212
3621 0.664231
3622 0.658163
3623 0.655173
3624 0.690495
3625 1.079129
3626 0.886558
3627 1.053069
3628 1.103072
3629 1.126226
3630 1.083261
3631 0.993594
3632 1.083918
3633 1.018054
3634 1.044646
3635 1.324724
3636 0.90061
3637 1.174661
3638 1.233862
3639 1.102945
3641 1.10602
3642 1.3159
3643 1.14909
3644 1.536182
3645 1.395408
3646 1.471563
3647 1.157642
3648 1.259074
3649 1.305205
3650 1.37405
3651 1.542122
3652 1.156284
3653 1.657037
3654 1.249894
3655 1.125308
3656 1.228787
3657 1.409388
3658 1.05767
3659 1.279744
3661 1.294431
3662 1.793129
3663 1.305231
3664 1.631326
3665 1.208832
3666 1.663405
3667 1.575557
3668 1.144758
3669 1.330717
3670 1.046864
3671 1.263215
3672 1.124108
3673 1.178558
3674 1.666921
3675 1.479976
3676 1.293021
3677 1.326911
3679 1.359817
3680 1.127642
3681 1.271734
3682 1.541835
3683 1.21682
3684 1.518755
3685 1.168187
3686 1.166637
3687 1.28091
3688 1.059317
3689 1.238628
3690 1.263754
3691 1.19399
3692 1.101939
3693 0.977457
3694 1.121901
3695 0.950764
3696 1.111443
3697 0.957648
3699 0.833379
3700 0.706414
3701 0.796052
3702 1.080367
3703 1.024359
3704 1.240113
3705 1.135391
3706 1.147743
3707 1.004634
3709 0.919367
3710 0.898471
3711 0.815349
3712 0.488528
3713 0.224761
3715 0.113626
3716 0.588315
3717 0.382657
3718 0.293937
3719 0.444297
3720 0.372245
3721 0.247555
3722 0.188786
3723 0.481285
3724 0.138772
3725 0.407718
3726 0.337659
