1714 0.007979
1715 1.226754
1716 1.943942
1717 1.297407
1718 1.205403
1719 1.178725
1720 0.796223
1721 1.143273
1722 1.185726
1723 0.997247
1724 1.062589
1726 1.233164
1727 1.168455
1728 1.156595
1729 1.291655
1730 1.208357
1731 1.015349
1732 1.240111
1733 1.197602
1734 1.362228
1735 1.09908
1736 1.318819
1737 1.205786
1738 1.299461
1739 0.966775
1740 1.233782
1741 0.698213
1742 1.088026
1743 0.943696
1744 1.098621
1746 1.088468
1747 1.061553
1748 0.937885
1749 0.898149
1750 1.22983
1751 0.785766
1752 0.742953
1753 0.419096
1754 0.806713
1755 1.098564
1756 1.31101
1757 0.881694
1758 1.014883
1759 1.080411
1760 0.987821
1761 0.722443
1762 0.832212
1763 0.840515
1764 1.111592
1765 1.038745
1766 0.598949
1767 0.621448
1769 1.039716
1770 0.460198
1771 0.666622
1772 0.389234
1773 0.546627
1774 0.521253
1775 0.445922
1776 0.472094
1777 0.55443
1778 0.788715
1779 0.996625
1780 0.965387
1781 0.690264
1782 0.894367
1784 1.103959
1785 1.5976
1786 1.251414
1787 0.995897
1788 1.031739
1789 1.021822
1790 1.181043
1791 1.01129
1792 0.989395
1793 0.845423
1794 0.917959
1795 0.962767
1796 0.957636
1797 1.348871
1798 0.765216
1799 1.243876
1800 0.929323
1801 0.926202
1802 1.302702
1803 1.263456
1804 1.18145
1805 1.205919
1806 1.216879
1807 1.046841
1808 1.178765
1810 1.048135
1811 1.011547
1812 0.999099
1813 1.306577
1814 0.976224
1815 0.810192
1816 1.382265
1817 0.979445
1818 1.207832
1819 1.123349
1820 1.242701
1821 0.876243
1822 1.34174
1823 0.856573
1824 1.173169
1825 0.985798
1826 1.029177
1827 1.258198
1828 1.044757
1829 0.790707
1830 0.739277
1831 1.176261
1833 0.68995
1834 0.928226
1835 1.179129
1836 1.091822
1837 0.658196
1838 1.082823
1839 0.868833
1840 0.897236
1841 0.458836
1842 1.072214
1843 0.602139
1844 0.892887
1846 0.709673
1847 0.810622
1848 0.899275
1849 1.005649
1850 1.10293
1851 1.014993
1852 0.960048
1853 1.113086
1854 0.962589
1855 0.921102
1856 0.940008
1857 0.979604
1858 0.87098
1859 0.8842
1860 0.789492
1861 0.937359
1862 0.995002
1864 0.862274
1865 0.916946
1866 1.090272
1867 0.923196
1868 1.055383
1869 0.940178
1870 0.740503
1871 0.763738
1872 0.685385
1873 0.918813
1874 0.482239
1876 0.536886
1877 0.401753
1878 0.416103
1879 0.357576
1880 0.125724
1882 0.128753
1883 0.070502
1884 0.732946
1885 0.787788
1886 0.953164
1888 1.19402
1889 0.805798
1890 0.871312
1891 0.918422
1892 0.934663
1893 1.174553
1894 0.799133
1895 0.864867
1896 0.766525
1897 0.821405
1898 0.587421
1900 0.826984
1901 1.298036
1902 1.095471
1903 1.121282
1904 1.437274
1905 0.956991
1906 0.944122
1907 0.810828
1909 0.944319
1910 0.890818
1911 0.861831
1912 0.805124
1913 0.986417
1914 0.811513
1915 0.868255
1916 0.482214
1917 0.629312
1918 0.553724
1919 0.472008
1920 0.541427
1922 0.460656
1923 0.406192
1924 0.56458
1925 1.017403
1926 0.626413
1927 0.437497
1928 0.318889
1929 0.18313
1930 0.405729
1931 0.412174
1932 0.488024
1933 0.399272
1934 0.667564
1935 0.608424
1936 0.578806
1937 0.395936
1938 0.403832
1939 0.3648
1940 0.129609
1941 0.568659
1942 0.694345
1943 0.635374
1945 1.106063
1946 0.795446
1947 0.821822
1948 0.910241
1949 1.098582
1950 0.778978
1951 1.084459
1952 0.750423
1953 1.068266
1954 0.73661
1955 1.025655
1956 1.071945
1957 0.794769
1958 0.878519
1959 0.872095
1960 0.727113
1961 0.375529
1962 0.259737
1963 0.401316
1964 0.347443
1965 0.367357
1966 0.135497
1967 0.216928
1968 0.092845
1969 0.487604
1970 0.532737
1971 0.328681
1972 0.200714
1973 0.368412
1974 0.409204
1975 0.60315
1976 0.351003
1977 0.407715
1978 0.529554
1980 0.488591
1981 0.11363
1982 0.171446
1983 0.106252
1985 0.100037
1986 0.047617
1987 0.508372
1988 0.387556
1989 0.586537
1990 0.625976
1991 0.267881
1992 0.461365
1993 0.450804
1994 0.250065
1995 0.268235
1996 0.12654
1997 0.263077
1998 0.413996
1999 0.373882
2000 0.531404
2001 0.529769
2002 0.347137
2003 0.589552
2004 0.513473
2005 0.573763
2006 0.441204
2007 0.653169
2009 0.490464
2010 0.725146
2011 0.537368
2012 0.530204
2013 0.325069
2014 0.162535
2015 0.286353
2016 0.494386
2017 0.429176
2018 0.414384
2019 0.150916
2020 0.2504
2021 0.523089
2022 0.67929
2023 0.794756
2024 0.472941
2025 0.472094
2026 0.699925
2027 0.954776
2029 0.762525
2030 0.786142
2031 0.984502
2032 0.744673
2033 0.66515
2034 0.86408
2035 0.652289
2036 0.719374
2037 0.918513
2038 0.729823
2039 1.063304
2040 0.650257
2041 1.111856
2042 0.37294
2043 0.603623
2044 0.401983
2046 0.081665
2047 0.494249
2048 0.525513
2049 0.5321
2050 0.409649
2051 0.472511
2052 0.58209
2053 0.866918
2054 0.926584
2055 0.934747
2056 1.02185
2058 0.910797
2059 0.992816
2060 1.013762
2061 0.560141
2062 0.61998
2063 0.443422
2064 0.647441
2065 0.735754
2066 0.624024
2067 0.466337
2068 0.291562
2069 0.132813
2070 0.303398
2071 0.231184
2072 0.229303
2073 0.099013
2074 0.626267
2075 0.399002
2076 0.384578
2077 0.361569
2078 0.246776
2079 0.240527
2080 0.255537
2082 0.292989
2083 0.359328
2084 0.456453
2085 0.21129
2086 0.336571
2087 0.150402
2088 0.308132
2089 0.466782
2090 1.031453
2091 0.996078
2092 0.972506
2093 0.975656
2094 0.89756
2095 0.806655
2097 0.380513
2098 0.516352
2099 0.395421
2100 0.757703
2101 0.59619
2102 0.696277
2103 0.734059
2104 0.610812
2105 0.984621
2106 0.376121
2107 0.436734
2108 0.325902
2109 0.208119
2110 0.401316
2111 0.328931
2112 0.255254
2113 0.172247
2114 0.187611
2115 0.162535
2117 0.130194
2118 0.193319
2119 0.277935
2120 0.4945
2121 0.532512
2122 0.609349
2123 0.563453
2124 0.441331
2125 0.501255
2126 0.541446
2127 0.626471
2128 0.581378
2129 0.501087
2130 0.495325
2131 0.825388
2132 0.745556
2133 0.709264
2134 0.567845
2135 0.884718
2136 0.745455
2137 0.602922
2138 0.503327
2139 0.555192
2140 0.703741
2141 0.480587
2142 0.6744
2143 0.553615
2145 0.541138
2146 0.557022
2147 0.284873
2148 0.281417
2149 0.178629
2150 0.429177
2151 1.191278
2152 0.962418
2154 0.882626
2155 0.915703
2156 1.076893
2157 1.025599
2158 0.958523
2159 1.001914
2160 1.008584
2162 0.929166
2163 0.92381
2164 1.097634
2165 1.052043
2166 1.013926
2167 1.093766
2168 1.016498
2169 1.00988
2171 0.874443
2172 1.086556
2173 0.943832
2174 1.042602
2175 0.981136
2176 1.028178
2177 0.94617
2178 0.939148
2179 0.928725
2180 0.429498
2181 0.771916
2182 1.24203
2183 1.290861
2184 1.363124
2185 1.300325
2186 1.191216
2187 0.903388
2188 1.123636
2190 1.005084
2191 1.304103
2192 1.301954
2193 0.935794
2194 1.23477
2195 1.118655
2196 1.356651
2197 1.052646
2198 1.42595
2199 1.301217
2200 1.104374
2201 1.239427
2202 1.110929
2204 1.048871
2205 1.251901
2206 1.321902
2207 0.799929
2208 0.815401
2209 0.889457
2210 0.865942
2211 1.106063
2212 0.425347
2213 0.637457
2214 0.883449
2215 1.40537
2216 1.378158
2217 1.263596
2218 1.075616
2219 1.426165
2220 1.467165
2221 1.075127
2222 1.337726
2224 0.983709
2225 1.333027
2226 1.127323
2227 1.061955
2228 1.359176
2229 1.00919
2230 1.161798
2231 0.914208
2232 0.806424
2233 1.375541
2234 1.061688
2235 1.441758
2236 1.114519
2237 1.362286
2239 0.777078
2240 1.145272
2241 1.278679
2242 0.988017
2243 1.170374
2244 1.268787
2245 1.141411
2246 0.986498
2247 1.113142
2248 1.065449
2249 1.124238
2250 1.000196
2251 1.040869
2252 1.053763
2253 1.164792
2254 1.241495
2256 1.363548
2257 1.302954
2258 1.043144
2259 1.077654
2260 1.044862
2261 1.162376
2262 0.839874
2263 0.808143
2264 0.927281
2265 0.573471
2266 0.253456
2267 0.775232
2268 0.875802
2270 0.781725
2271 0.900008
2272 0.736598
2273 1.23379
2274 0.779479
2275 0.764747
2276 0.726986
2277 0.711228
2278 1.211429
2279 1.151395
2280 1.055847
2281 1.282793
2282 0.957323
2283 1.263713
2284 1.090503
2285 0.8013
2286 1.280468
2288 0.979244
2289 0.652403
2290 0.56441
2291 0.842712
2292 0.983968
2293 0.837143
2294 0.765794
2295 1.038448
2296 0.871422
2297 0.815122
2298 0.788874
2299 0.852943
2300 0.751009
2301 1.196178
2302 0.662196
2304 0.935213
2305 1.140037
2306 1.107283
2307 1.222537
2308 1.097098
2309 1.434812
2310 1.306597
2311 0.881785
2312 0.492016
2313 0.501937
2314 0.368895
2315 0.332612
2316 0.278612
2317 0.870341
2319 0.820021
2320 0.495643
2321 0.428408
2322 0.698646
2323 1.275302
2324 0.736503
2325 0.753364
2326 0.872687
2327 0.609283
2328 0.407718
2329 0.328109
2330 0.376269
2331 0.779952
2332 0.715906
2333 1.19303
2334 0.785049
2335 0.689836
2336 0.595138
2337 0.739922
2338 0.366119
2339 0.386259
2340 0.275293
2341 0.331325
2342 0.415977
2343 0.291525
2344 0.386259
2345 0.569511
2347 0.382727
2348 0.79798
2349 0.695313
2350 0.767002
2351 0.293553
2352 0.313923
2353 0.2796
2354 0.296707
2355 0.499176
2356 0.453349
2357 0.392559
2358 0.311153
2359 0.174258
2360 0.518214
2361 0.454665
2362 0.378124
2363 0.225678
2364 0.205877
2366 0.223354
2367 0.255006
2368 0.244381
2369 0.521409
2370 0.067997
2371 0.365094
2372 1.151784
2373 0.966425
2374 0.643421
2375 0.982621
2376 1.122074
2377 0.972808
2378 0.886681
2379 1.244091
2380 0.813663
2382 0.699221
2383 0.785435
2384 0.593791
2385 0.336415
2386 0.212683
2387 1.150232
2388 1.179555
2389 1.205324
2390 1.700119
2391 1.020631
2392 1.507912
2393 1.351932
2395 1.791849
2396 1.766531
2397 1.765457
2398 1.753333
2399 1.693443
2400 1.514158
2401 1.638313
2402 1.607285
2403 1.834981
2404 1.76919
2405 1.709136
2406 1.553451
2407 1.442374
2409 1.439244
2410 1.585302
2411 1.476617
2412 1.53272
2413 1.946246
2414 0.989925
2415 1.472136
2416 1.508894
2417 0.962558
2418 1.140217
2419 0.972869
2420 1.383393
2422 1.046019
2423 1.419205
2424 1.205969
2425 1.501722
2426 1.180582
2427 1.445784
2428 1.300502
2429 1.474986
2430 1.045786
2432 1.406107
2433 1.530478
2434 1.305891
2435 1.390313
2436 1.259542
2437 1.236388
2438 1.174892
2439 1.216963
2441 1.317095
2442 1.458022
2443 1.317324
2444 1.695497
2445 1.124296
2446 1.535544
2447 1.036492
2448 1.279889
2449 1.153086
2450 1.086624
2451 1.345094
2452 0.940512
2453 1.176417
2454 1.103804
2455 1.539117
2457 1.220157
2458 1.30768
2459 1.519615
2460 1.573583
2461 0.705941
2462 0.929414
2463 1.252507
2464 1.252109
2465 1.5322
2466 1.317263
2467 1.295971
2468 0.957274
2470 1.336073
2471 1.676132
2472 1.115045
2473 1.408411
2474 1.154313
2475 1.052085
2476 1.356127
2477 1.329563
2478 1.197322
2479 1.564765
2480 1.27007
2481 1.251405
2482 1.178339
2483 1.364539
2485 1.083902
2486 1.448286
2487 1.134146
2488 1.304127
2489 1.204238
2490 0.972032
2491 0.967267
2492 1.298638
2493 1.270993
2494 1.534298
2495 0.870006
2496 1.035644
2497 0.989336
2498 0.823763
2499 0.948525
2500 0.431517
2502 0.434639
2503 0.456878
2504 0.321882
2505 0.16553
2506 0.212505
2507 0.112294
2508 0.184206
2509 0.134219
2510 0.178368
2511 0.28084
2512 0.371497
2513 0.548361
2514 0.50259
2515 0.48941
2517 0.526022
2518 0.488087
2519 0.302812
2520 0.389867
2521 0.436946
2522 0.597717
2523 0.490352
2524 0.448824
2525 0.507093
2526 0.440903
2527 0.194268
2528 0.38288
2529 0.259612
2530 0.242794
2531 0.317366
2533 0.237998
2534 0.236047
2535 0.233755
2536 0.177364
2537 0.252554
2539 0.084837
2540 0.109623
2542 0.025888
2545 0.064821
2547 0.415336
2548 0.542955
2549 0.419269
2550 0.28306
2551 0.36122
2552 0.60804
2553 0.300129
2554 0.314599
2555 0.2811
2556 0.132655
2558 0.031069
2559 0.366113
2560 0.191254
2561 0.135589
2562 0.133667
2563 0.197615
2564 0.236047
2565 0.156858
2570 0.030052
2571 0.238384
2572 0.120773
2573 0.290835
2574 0.202984
2575 0.289694
2576 0.233592
2577 0.350633
2578 0.360311
2580 0.185737
2581 0.276525
2619 0.002263
2626 0.018231
2628 0.004098
2629 1.02995
2631 1.603415
2632 1.694393
2633 1.949139
2634 1.721246
2635 1.746751
2636 1.629133
2637 1.774315
2638 2.644721
2639 1.865123
2640 2.01106
2641 1.313518
2642 1.756
2643 1.822346
2644 1.759557
2645 1.569314
2646 1.78771
2647 1.857247
2648 1.534498
2649 1.289784
2650 1.139628
2651 1.086262
2653 0.802473
2654 1.177014
2655 0.913126
2656 1.283093
2657 0.908634
2658 1.165792
2659 1.037058
2660 1.232687
2661 1.133409
2662 0.91386
2663 0.800641
2664 1.059778
2665 1.058878
2666 1.07871
2667 1.125537
2668 1.264679
2669 1.036575
2670 1.007248
2671 1.047145
2672 1.114714
2673 0.970444
2674 0.948937
2675 1.326067
2676 0.991842
2677 1.286567
2678 1.451295
2679 1.288761
2680 1.176719
2682 1.208464
2683 1.391776
2684 1.367366
2685 1.099651
2686 1.405267
2687 1.278553
2688 1.270381
2689 1.707313
2690 1.720453
2691 1.613991
2692 1.8154
2693 1.838018
2694 1.68742
2695 1.758944
2696 1.71781
2697 1.697333
2698 1.743629
2700 1.613331
2701 1.824132
2702 2.572611
2703 2.424706
2704 1.879527
2705 2.257627
2706 1.451037
2707 1.013662
2708 1.615465
2709 1.219321
2710 1.522459
2711 1.600072
2712 1.502037
2713 2.044755
2715 1.684892
2716 2.120384
2717 1.622685
2718 1.94267
2719 2.080637
2720 2.3998
2721 1.419641
2722 2.150493
2723 1.84708
2724 2.003722
2725 2.09592
2726 2.285307
2727 1.371989
2728 1.767169
2729 1.913621
2730 1.893873
2732 1.617466
2733 2.006154
2734 1.581458
2735 1.747009
2736 1.528825
2737 1.847001
2738 1.55824
2739 1.965314
2740 1.371964
2741 1.36871
2742 1.312697
2743 1.4644
2744 1.100238
2745 1.268878
2746 1.642252
2747 2.179948
2748 1.424285
2749 1.380703
2750 1.667736
2751 1.416907
2753 1.22945
2754 1.426505
2755 1.549378
2756 1.437439
2757 1.614365
2758 1.664906
2759 1.723118
2760 1.416008
2761 1.703612
2762 1.383739
2763 1.264487
2764 1.215271
2765 1.068052
2766 1.093761
2767 1.573906
2768 0.69746
2769 0.66964
2770 0.333945
2771 1.184488
2772 1.108274
2773 1.288863
2774 1.306036
2775 1.242519
2776 1.076752
2777 0.848535
2778 0.936514
2780 0.294745
2781 0.885115
2782 0.586006
2783 0.317697
2784 0.386013
2785 0.248973
2786 0.057841
2787 0.150079
2788 0.666783
2789 0.59596
2790 0.46867
2791 0.749893
2792 0.783287
2793 0.875585
2794 0.890291
2795 0.98555
2797 0.95991
2798 1.120519
2799 1.0579
2800 1.040459
2801 0.744886
2802 0.608285
2803 0.695051
2804 0.544583
2805 1.015927
2806 1.123279
2807 1.162129
2808 1.071294
2809 1.008317
2810 0.83291
2811 0.882077
2812 0.853022
2813 0.818156
2814 0.947564
2815 0.982551
2817 0.897518
2818 0.767802
2819 0.896935
2820 0.770819
2821 0.836654
2822 0.895313
2823 0.676279
2824 0.637929
2825 0.537328
2826 0.582904
2827 0.759347
2828 1.06372
2829 1.302897
2830 1.181312
2831 0.912439
2832 1.176317
2833 1.101384
2835 0.275943
2836 0.806408
2837 0.77141
2838 0.741113
2839 0.56957
2840 0.98623
2841 1.020988
2842 1.317922
2844 0.777521
2845 0.751607
2846 0.811247
2847 0.540646
2848 0.735723
2849 0.441704
2850 0.532603
2851 0.614758
2852 0.80745
2853 1.038587
2854 1.310202
2855 0.81766
2856 1.008695
2857 1.433903
2858 1.250083
2859 1.547708
2860 1.083774
2861 1.198615
2862 1.323084
2863 1.107544
2864 1.358202
2865 0.907854
2866 1.499021
2867 1.134249
2868 1.540253
2869 1.307691
2870 1.048412
2871 1.083208
2872 1.150769
2873 0.783017
2874 0.818024
2876 1.039329
2877 1.037234
2878 0.820571
2880 1.14322
2881 1.333174
2882 1.148183
2883 1.008245
2884 1.129579
2885 0.899101
2886 0.931715
2887 1.134772
2888 1.300769
2889 1.014109
2890 0.86155
2891 0.722485
2892 0.873256
2893 0.729076
2894 0.495067
2895 0.306827
2896 0.321567
2897 0.179966
2899 0.033366
2900 0.759778
2901 1.253958
2902 0.96777
2903 0.869381
2904 0.92598
2905 1.117743
2906 1.042094
2907 0.951881
2908 0.961915
2909 0.563887
2910 0.452689
2911 1.063992
2912 1.196396
2913 0.897206
2914 0.76947
2915 0.72424
2916 0.939792
2917 1.174218
2918 0.891525
2919 1.023636
2920 0.605346
2921 0.421992
2923 0.290167
2924 0.138128
2925 0.07683
2926 0.734916
2927 0.620555
2928 0.659933
2929 0.619986
2930 0.903794
2931 1.083056
2932 1.211782
2933 1.055226
2935 0.797916
2936 0.897875
2937 0.882777
2938 0.849633
2939 0.884982
2940 0.66259
2941 0.78237
2942 0.579805
2943 0.284792
2944 0.212505
2945 0.262221
2946 0.84785
2947 0.923762
2948 0.608373
2950 0.284222
2951 0.690839
2952 1.124519
2953 0.874418
2954 0.832695
2955 1.05787
2956 1.042794
2957 1.161529
2958 1.116412
2959 1.149291
2960 1.099101
2961 1.215792
2962 1.198145
2963 1.563668
2964 1.149127
2965 1.115564
2966 1.005857
2967 0.917513
2968 0.928008
2969 0.774002
2970 0.686631
2971 0.692859
2973 0.551392
2974 0.752603
2975 0.657492
2976 1.051226
2977 1.282006
2978 1.376049
2979 1.650102
2980 1.144488
2981 1.361261
2982 0.880205
2983 1.300467
2984 1.514725
2986 1.099566
2987 1.324979
2988 1.046803
2989 1.382102
2990 0.974182
2991 1.285976
2992 1.115355
2993 1.517893
2994 1.20762
2995 1.210323
2996 1.037092
2997 1.079079
2998 1.104623
2999 1.232426
3000 1.272631
3001 1.115422
3002 1.062649
3003 1.025662
3004 1.081985
3006 0.982494
3007 0.95579
3008 1.00818
3009 1.057775
3010 1.246689
3011 1.086018
3012 1.188795
3013 0.91677
3014 0.9483
3015 0.96556
3016 0.933287
3017 0.962036
3018 0.975492
3019 0.557744
3020 0.837806
3021 0.666408
3022 0.926162
3023 0.925708
3024 1.130923
3025 0.835404
3026 0.870099
3027 1.259145
3028 0.781917
3029 1.239816
3030 0.984349
3031 1.070289
3032 1.084578
3033 1.066471
3034 0.614154
3035 1.02909
3036 1.108757
3037 1.162877
3038 1.021631
3039 1.068131
3040 1.042667
3041 1.097396
3042 0.846618
3043 0.731284
3044 1.090978
3045 1.164385
3046 1.062402
3048 1.151287
3049 1.155964
3050 1.336119
3051 1.216663
3052 1.200413
3053 1.375033
3054 1.028125
3055 1.188209
3056 1.332476
3057 1.222297
3058 1.292855
3059 1.131486
3060 1.179277
3061 1.249622
3062 1.027849
3063 1.397387
3064 1.073316
3065 1.214859
3066 1.184192
3067 1.248972
3068 1.377284
3069 1.383313
3070 1.620526
3071 1.217322
3073 1.221354
3074 1.473023
3075 1.20167
3076 1.207119
3077 1.200471
3078 1.033835
3079 1.098086
3080 1.058416
3081 0.947788
3082 0.961724
3083 0.788525
3084 1.008468
3085 1.10336
3086 1.144884
3087 1.039906
3088 0.7405
3089 0.940387
3090 1.023105
3091 1.066793
3092 0.913862
3093 1.183469
3094 0.831489
3095 1.032101
3096 1.15936
3097 1.248182
3098 1.066051
3099 1.060167
3100 1.194487
3101 0.945274
3102 0.915913
3104 1.098823
3105 1.220507
3106 0.850973
3107 0.982954
3108 1.164447
3109 1.051358
3110 1.02429
3111 1.249909
3112 1.187889
3113 1.112103
3114 1.180258
3115 1.184968
3116 1.378278
3117 1.02612
3118 1.363908
3119 1.08885
3120 0.961307
3121 1.319832
