4039 1.364599
4040 2.079592
4041 1.124787
4042 1.265042
4043 0.943131
4045 0.818147
4046 1.013063
4047 1.28387
4048 1.198414
4049 1.360836
4050 1.302034
4051 1.442094
4052 0.94339
4053 1.382359
4054 1.290577
4055 0.931289
4056 1.256248
4057 1.022095
4058 1.379836
4060 1.24581
4061 1.300048
4062 1.139449
4063 0.521122
4064 0.79124
4065 0.454509
4066 0.70798
4067 0.730913
4068 0.874667
4069 1.166321
4070 0.742063
4071 1.218885
4072 1.294549
4073 1.016246
4074 1.282613
4076 1.157865
4077 1.242289
4078 1.091094
4079 1.197447
4080 0.96239
4081 0.794376
4082 1.067559
4083 1.221333
4084 0.981228
4085 0.913892
4086 0.90582
4087 0.809548
4088 1.011229
4089 1.131806
4090 1.211675
4091 0.585123
4092 0.731446
4093 0.638086
4094 0.626285
4096 0.556313
4097 0.584887
4098 0.781491
4099 0.831216
4100 0.887937
4101 0.718836
4102 0.920196
4103 0.555865
4104 0.802218
4105 0.895672
4106 1.162294
4107 1.0922
4108 1.395314
4109 0.856694
4110 1.012875
4111 1.274917
4112 0.921373
4113 0.871936
4114 0.878952
4115 0.945315
4116 1.005509
4118 1.050508
4119 0.961159
4120 1.158837
4121 1.359968
4122 1.04637
4123 1.038235
4124 0.994909
4125 0.956654
4126 1.223358
4127 1.156667
4128 1.2291
4129 1.178182
4130 1.105064
4131 0.99742
4132 1.095131
4133 0.983432
4134 1.324111
4135 1.072176
4136 1.209052
4137 0.9141
4139 1.381542
4140 1.212344
4141 1.230772
4142 1.010941
4143 1.08231
4144 1.116004
4145 1.057271
4146 0.94345
4147 0.852295
4148 0.861925
4149 0.960287
4150 0.874389
4151 0.820863
4152 0.88273
4153 0.551127
4154 0.916094
4155 0.860703
4156 0.689876
4158 0.883178
4159 1.002622
4160 0.940745
4161 0.930064
4162 1.068226
4163 1.068757
4164 0.618726
4165 0.801739
4166 0.817553
4167 0.825578
4168 0.822957
4169 1.071279
4170 0.93584
4171 0.777188
4172 0.790028
4174 0.995138
4175 1.060626
4176 0.764704
4177 1.144527
4178 0.796131
4179 0.776134
4180 0.94418
4181 0.892887
4182 0.87883
4183 0.96682
4184 0.899176
4185 1.060111
4186 0.702867
4187 0.803525
4188 0.996404
4189 0.611172
4190 0.660483
4191 0.521567
4192 0.611254
4193 0.712176
4194 0.467002
4195 0.423765
4196 0.533185
4197 0.180629
4199 0.342129
4200 0.732143
4201 0.299273
4202 0.830857
4203 0.72164
4204 0.877396
4205 1.007105
4206 1.289836
4207 0.803388
4208 1.019152
4209 1.199648
4210 1.014338
4211 1.010877
4212 1.149163
4213 1.202366
4214 1.097188
4216 1.129481
4217 0.987369
4218 1.142527
4219 0.779676
4220 0.534084
4221 0.922294
4222 0.937396
4223 0.867534
4224 0.85045
4225 0.703936
4226 0.537792
4227 0.415467
4228 0.682646
4229 0.767636
4230 0.532931
4231 0.59276
4232 0.427037
4233 0.443348
4234 0.369827
4235 0.481825
4237 0.422191
4238 0.330057
4239 0.614638
4240 0.742473
4241 0.765149
4242 0.605265
4243 1.169343
4244 0.842557
4245 0.782411
4246 0.874869
4247 0.632831
4248 0.830983
4250 0.666136
4251 0.696472
4252 0.974018
4253 0.626818
4254 0.801972
4255 0.598384
4256 0.747339
4257 0.654312
4258 0.700765
4259 0.523221
4260 0.876511
4261 0.807585
4262 0.733727
4263 0.736507
4264 0.600542
4265 0.7444
4266 0.358493
4267 0.243988
4268 0.47913
4269 0.384559
4270 0.246776
4271 0.2344
4272 0.429176
4273 0.256223
4274 0.286211
4275 0.448256
4276 0.242807
4277 0.49844
4278 0.340235
4279 0.717101
4280 0.558816
4281 0.405146
4283 0.44861
4285 0.187046
4288 0.083102
4289 0.191254
4290 0.203859
4291 0.217521
4292 0.418447
4293 0.402889
4294 0.30332
4295 0.431446
4296 0.299427
4297 0.421755
4298 0.546111
4299 0.593513
4300 0.36014
4301 0.407718
4302 0.153671
4303 0.160941
4304 0.17337
4305 0.285053
4306 0.349263
4308 0.339644
4309 0.682646
4310 0.281117
4311 0.372554
4312 0.368412
4313 0.16528
4316 0.029578
4317 0.565076
4318 0.179882
4319 0.285321
4320 0.192355
4321 0.178892
4323 0.099169
4324 0.168207
4325 0.336581
4326 0.354418
4327 0.206004
4328 0.265238
4329 0.127858
4330 0.379561
4331 0.116787
4332 0.281727
4333 0.21982
4335 0.017757
4336 0.278691
4337 0.262327
4338 0.321882
4339 0.302094
4340 0.72377
4341 0.496242
4342 0.467965
4343 0.397422
4344 0.534653
4345 0.299396
4346 0.809181
4347 0.645837
4348 0.999437
4349 0.922134
4350 0.872229
4352 1.087762
4353 0.787945
4354 0.544834
4355 0.792337
4356 0.624325
4357 0.635392
4358 0.775537
4359 0.349208
4360 0.257506
4361 0.21722
4362 0.758495
4363 0.369875
4364 0.219671
4365 0.165192
4366 0.159208
4367 0.139346
4368 0.092138
4369 0.108356
4370 0.195042
4371 0.156343
4372 0.079553
4373 0.154868
4374 0.246776
4375 0.208274
4377 0.098537
4379 0.108299
4380 0.924273
4381 0.503366
4383 0.418838
4384 0.465472
4385 0.425248
4386 0.419357
4387 0.365831
4388 0.411776
4389 0.229594
4390 0.228067
4391 0.359513
4392 0.307112
4394 0.314721
4395 0.23862
4396 0.403956
4397 0.225548
4398 0.05855
4399 0.141988
4400 0.173714
4401 0.072204
4402 0.073233
4403 0.074161
4404 0.047336
4406 0.040503
4407 0.045317
4408 0.057651
4409 0.114649
4410 0.265631
4412 0.212207
4413 0.361609
4414 0.307451
4415 0.286214
4416 0.260055
4417 0.177593
4418 0.140863
4419 0.104229
4420 0.144543
4421 0.1042
4422 0.170169
4423 0.184024
4424 0.097617
4425 0.095067
4426 0.184206
4427 0.227549
4428 0.225546
4429 0.448256
4430 0.181397
4431 0.3648
4432 0.255247
4433 0.281727
4434 0.18202
4435 0.231508
4437 0.247555
4438 0.109899
4439 0.239498
4440 0.188325
4441 0.256238
4442 0.470122
4443 0.986487
4444 0.59896
4445 1.038126
4446 0.810355
4447 1.126115
4448 0.938278
4449 0.923544
4451 0.939359
4452 0.99102
4453 0.971381
4454 1.04231
4455 0.952086
4456 1.011665
4457 0.903206
4458 0.9572
4459 0.963475
4460 1.009711
4461 1.034041
4462 1.09795
4464 0.879976
4465 1.076803
4466 1.008094
4467 1.049791
4468 1.015509
4469 1.050533
4470 1.121741
4471 0.616333
4472 0.715655
4473 0.967808
4474 0.981148
4475 1.028814
4476 1.187084
4477 1.241582
4478 1.139165
4479 1.091802
4480 1.347232
4481 1.183297
4482 1.103921
4483 1.186442
4484 1.183366
4485 1.245435
4486 1.347081
4487 1.269841
4489 1.020437
4490 1.178885
4491 1.016639
4492 0.839846
4493 1.038048
4494 0.95676
4495 0.993086
4496 1.047222
4497 1.120999
4498 0.844671
4499 0.686543
4500 0.737949
4501 0.821429
4502 1.207387
4503 1.352935
4504 1.211084
4505 1.122139
4506 1.294963
4508 1.074625
4509 1.182997
4510 1.208111
4511 1.15219
4512 1.377253
4513 1.315647
4514 1.005477
4515 1.334681
4516 1.099997
4517 1.410462
4518 1.092204
4519 1.349938
4520 0.973267
4522 0.944845
4523 1.088975
4524 0.901829
4525 1.021863
4526 1.363989
4527 1.13783
4528 0.869021
4529 0.996284
4530 1.166537
4531 1.203261
4532 1.157585
4534 1.056039
4535 1.107269
4536 0.947187
4537 0.850511
4538 1.014297
4539 1.019493
4540 0.979691
4541 1.051812
4542 1.050101
4543 1.198482
4544 1.205051
4545 1.086687
4546 1.121948
4547 0.97092
4548 0.928653
4549 0.79138
4550 0.500855
4553 0.062736
4555 0.24589
4556 0.45524
4557 0.387455
4558 0.474912
4559 0.656016
4560 0.640008
4561 0.958594
4562 0.70786
4563 0.691564
4564 0.442854
4565 0.421658
4566 0.543596
4567 0.461365
4568 0.662761
4569 0.802168
4570 0.89456
4571 0.917609
4573 1.057629
4574 0.935334
4575 0.459888
4576 1.046462
4577 0.817391
4578 0.886471
4579 1.110192
4580 1.066516
4581 0.993832
4582 1.199217
4583 0.638026
4584 0.488637
4585 0.688063
4586 0.430045
4587 0.257506
4588 0.289402
4589 0.376269
4590 0.523667
4591 0.542424
4592 0.477882
4593 0.715837
4594 0.416881
4595 0.563246
4596 0.999937
4598 0.495437
4599 1.04256
4600 1.304208
4601 1.137617
4602 1.131643
4603 1.077291
4604 1.166972
4605 0.931538
4606 1.019671
4607 0.888087
4608 1.257838
4609 1.21291
4610 1.431802
4611 1.203184
4612 0.963113
4613 0.829853
4614 0.951612
4616 0.622633
4617 0.667592
4618 0.279653
4619 0.223855
4620 0.368831
4621 0.482118
4622 0.456339
4623 0.475356
4624 0.428367
4625 0.448752
4626 0.416143
4627 0.330667
4628 0.216261
4629 1.213102
4630 1.397754
4631 1.20601
4633 0.979648
4634 1.459996
4635 0.497008
4636 0.449002
4637 0.342334
4638 0.277315
4639 0.504282
4640 0.299767
4641 0.429176
4642 0.248154
4643 0.53977
4644 1.016158
4646 1.113021
4647 1.196829
4648 1.369359
4649 1.298481
4650 1.282018
4651 1.298911
4653 1.256202
4654 1.140656
4655 1.466398
4656 1.523667
4657 1.494367
4658 1.432945
4659 1.681187
4660 1.695333
4661 0.781389
4662 1.274042
4663 1.071451
4664 1.244004
4665 1.335017
4666 0.780845
4667 1.123327
4668 0.777782
4669 1.08617
4671 0.801478
4672 1.027501
4673 0.937378
4674 1.12566
4675 1.262737
4676 1.129319
4677 1.228369
4678 1.6664
4679 1.646131
4680 1.10644
4681 0.957521
4682 1.269115
4684 1.047807
4685 1.238915
4686 1.461646
4687 1.550979
4688 1.141426
4689 1.427113
4690 1.19614
4691 1.267138
4692 0.951226
4693 1.052235
4694 0.978016
4696 1.16648
4697 1.129036
4698 1.136193
4699 1.292675
4700 0.906824
4701 1.318623
4702 1.478698
4704 1.407465
4705 1.37895
4706 1.239715
4707 0.899498
4708 0.975153
4709 1.04688
4710 1.107425
4711 1.028115
4712 0.940852
4713 1.010854
4714 1.195756
4715 1.038394
4716 1.21531
4717 0.9148
4718 1.185283
4719 1.239089
4720 1.137307
4722 0.876143
4723 0.900396
4724 1.075467
4725 0.826598
4726 0.95421
4727 0.951208
4728 0.904517
4729 1.026627
4730 0.850709
4731 0.565752
4732 0.740198
4733 0.543878
4734 0.382657
4735 0.199058
4736 0.42259
4737 0.367882
4738 0.325748
4739 0.553152
4740 0.702945
4741 0.652932
4742 0.760166
4743 0.808941
4744 0.524274
4745 0.736887
4746 0.579721
4747 0.679976
4748 0.77905
4749 0.883206
4750 0.915101
4751 0.805904
4752 0.537561
4753 0.450635
4754 0.393323
4756 0.385853
4757 0.44465
4758 0.455097
4759 0.365259
4760 0.32931
4761 0.332938
4762 0.249404
4763 0.263914
4764 0.463493
4765 0.589216
4766 0.561796
4767 0.690725
4768 0.644276
4769 0.533778
4770 0.990212
4771 0.839113
4772 0.891237
4773 0.764817
4774 1.077139
4775 0.784173
4776 0.995271
4777 0.941215
4780 0.101619
4781 0.796408
4782 0.91621
4783 0.645482
4784 0.491316
4785 0.690832
4786 1.065046
4787 0.222672
4788 0.734439
4789 0.525053
4790 0.444455
4791 0.658206
4792 0.656816
4793 0.46057
4794 0.281417
4796 0.087091
4797 0.113886
4798 0.040533
4799 0.289087
4800 0.143235
4802 0.20188
4803 0.195042
4804 0.129267
4805 0.103543
4812 0.011482
4814 0.049745
4815 0.023809
4816 0.024873
4822 0.001838
4823 0.038366
4824 0.120264
4826 0.088275
4827 0.114459
4828 0.225318
4830 0.086187
4831 0.115865
4832 0.193509
4833 0.136435
4834 0.193587
4835 0.1824
4836 0.163751
4837 0.165006
4838 0.210867
4839 0.146759
4840 0.18955
4841 0.130667
4842 0.203659
4844 0.176659
4845 0.1005
4846 0.214397
4848 0.149849
4849 0.133714
4850 0.113463
4851 0.15575
4852 0.100911
4853 0.112825
4854 0.158303
4855 0.175683
4857 0.077792
4858 0.149771
4859 0.179901
4860 0.11306
4861 0.171671
4862 0.161099
4863 0.120093
4865 0.094426
4866 0.137064
4867 0.174754
4868 0.073276
4869 0.096772
4870 0.152423
4871 0.107084
4872 0.107189
4873 0.052503
4875 0.138422
4876 0.218256
4877 0.108516
4878 0.163057
4879 0.188871
4880 0.140152
4881 0.170169
4882 0.137229
4883 0.178966
4884 0.196599
4891 0.009371
4893 0.0456
4894 0.049003
4895 0.023468
4897 0.026036
4898 0.026057
4899 0.02565
4900 0.021046
4902 0.009664
4903 0.044852
4904 0.031179
4922 0.00549
4923 0.332215
4924 0.346542
4925 0.707812
4926 1.325249
4927 1.423731
4928 1.03917
4930 1.38177
4931 1.180766
4932 1.152383
4933 1.26139
4934 1.348376
4935 1.368722
4936 1.323271
4937 1.423785
4938 1.432587
4939 1.374705
4940 1.438024
4941 1.119857
4942 1.358274
4943 1.280722
4944 1.55761
4945 1.103968
4946 1.196616
4947 1.252237
4948 1.182841
4949 1.448048
4950 1.488
4951 1.51822
4952 1.444323
4954 1.566683
4955 1.732874
4956 1.663636
4957 1.608655
4958 1.30161
4959 1.235591
4960 1.228715
4961 0.885101
4962 0.528894
4963 0.305169
4964 0.19699
4965 0.385646
4969 0.016708
4970 0.624708
4971 0.538789
4972 0.615517
4973 1.211107
4974 0.882967
4975 1.326697
4976 1.130454
4977 1.702448
4978 1.10876
4979 1.249882
4980 0.783741
4982 0.944379
4983 1.285671
4984 1.466824
4985 1.001918
4986 1.243148
4987 1.239538
4988 0.970556
4989 0.717304
4990 0.810606
4991 0.674828
4992 0.54575
4993 0.604277
4994 0.666392
4995 0.727947
4996 0.68092
4997 0.76596
4998 0.933667
4999 0.959176
5000 1.50979
5001 1.228055
5002 0.756578
5003 0.315092
5004 0.151549
5005 0.215309
5006 0.670487
5007 0.319725
5008 0.55284
5010 0.668251
5011 0.197923
5013 0.374471
5014 0.495049
5015 0.311145
5016 0.287715
5017 0.364852
5018 0.62787
5019 1.044056
5020 1.08019
5021 1.168368
5022 0.876819
5023 0.853954
5024 0.940107
5025 1.137705
5026 1.520416
5027 1.172724
5028 1.538178
5029 1.481861
5030 1.001107
5031 1.290735
5032 1.234638
5033 1.117169
5034 1.020838
5035 1.299901
5036 1.072175
5037 0.768285
5038 1.188749
5039 0.958546
5040 1.184583
5041 1.105476
5042 1.015178
5044 1.150939
5045 1.320072
5046 1.327656
5047 1.051764
5048 1.040352
5049 1.030652
5050 1.170653
5051 1.466442
5052 0.872356
5053 0.898588
5054 0.528694
5055 0.109372
5056 0.690058
5057 0.913026
5058 1.166386
5059 1.039897
5060 1.15184
5061 1.102576
5062 1.091412
5064 0.85174
5065 0.420334
5066 1.308326
5067 1.029711
5068 0.81179
5069 0.587135
5070 0.82301
5071 0.982582
5072 0.388928
5073 0.095937
5074 0.691584
5075 0.801055
5076 0.975548
5077 0.803585
5078 1.130875
5079 1.034461
5081 0.783233
5082 0.899698
5083 0.922052
5084 1.036159
5085 1.006358
5086 1.041428
5087 1.229115
5088 1.225061
5089 1.166539
5090 1.104746
5091 1.182563
5092 1.031339
5093 1.168213
5094 1.195005
5095 1.209151
5096 1.184895
5097 0.648182
5098 0.608143
5099 0.747461
5100 0.893291
5101 1.104333
5102 0.899611
5103 1.344
5104 1.005155
5105 1.06204
5106 1.101363
5107 0.995316
5109 1.0948
5110 1.453962
5111 0.809745
5112 1.1822
5113 1.191946
5114 1.301238
5115 1.151183
5116 1.022833
5117 1.433974
5118 1.061529
5119 1.25783
5120 1.319172
5121 1.460198
5122 0.885278
5123 0.7498
5124 1.029529
5125 0.893483
5126 1.014124
5127 1.479584
5128 0.947942
5129 1.130194
5130 1.222077
5131 1.034957
5133 0.921037
5134 1.088872
5135 1.125632
5136 1.397211
5137 1.05535
5138 1.162713
5139 0.993353
5140 1.408111
5141 0.771547
5142 1.110807
5143 1.135022
5144 1.351836
5145 0.665293
5146 0.930227
5147 0.553525
5148 0.717501
5150 0.836284
5151 1.074222
5152 1.028507
5153 0.539065
5154 1.006039
5155 0.544911
5156 0.966394
5157 1.008991
5158 0.935798
5159 1.230803
5160 1.194853
5161 1.13909
5162 1.312715
5163 1.102853
5164 0.962761
5165 1.096831
5166 1.141365
5167 1.014715
5168 1.082083
5169 1.182139
5170 0.854311
5171 0.918093
5172 1.141177
5173 0.842613
5175 0.954611
5176 0.93571
5177 1.058312
5178 1.226556
5179 1.016975
5180 0.830945
5181 0.97075
5182 1.394756
5183 1.064799
5184 0.981839
5185 1.043509
5186 1.184222
5187 1.244444
5188 0.993507
5189 1.425202
5190 0.906086
5191 0.64575
5192 0.859906
5193 0.942867
5194 0.920496
5195 0.969401
5196 1.003818
5197 0.950801
5198 0.971383
5199 0.929308
5200 1.054147
5201 0.722329
5202 0.78019
5203 0.908095
5205 0.896706
5206 1.100836
5207 0.639449
5208 1.085473
5209 0.773259
5210 0.876361
5211 0.732882
5212 1.104487
5213 0.720855
5214 1.25745
5215 0.931873
5216 1.069942
5217 1.335525
5218 0.945607
5219 1.106939
5220 1.234541
5221 1.367217
5222 1.134816
5223 0.891365
5224 1.266527
5225 0.93257
5226 1.281024
5227 1.457442
5228 1.346709
5229 1.252594
5230 1.144024
5231 1.202669
5232 1.118772
5233 0.733053
5234 1.298601
5235 1.073739
5236 1.288166
5237 0.995013
5238 1.094995
5239 0.983659
5240 0.877951
5242 0.947249
5243 0.911302
5244 0.761093
5245 0.832587
5246 0.913772
5247 1.145007
5248 1.121729
5249 1.440776
5250 0.938815
5251 1.095163
5252 0.571313
5253 0.362038
5254 0.805748
5255 1.090511
5257 1.068491
5258 0.797718
5259 0.356178
5260 0.38
5261 0.221647
5262 0.314234
5263 0.315389
5264 0.179788
5265 0.281448
5266 0.301033
5267 0.465933
5267 0.452232
