5332 0.921727
5343 0.012219
5344 2.934486
5345 0.425788
5346 1.069878
5347 1.080431
5348 0.847778
5349 1.345886
5351 1.045689
5352 1.367069
5353 0.96746
5354 1.48273
5355 1.352055
5356 0.939288
5357 1.359364
5358 1.340755
5359 0.95457
5360 1.310913
5361 1.2876
5362 1.326825
5363 1.031749
5365 1.366953
5366 1.078205
5367 1.323608
5368 1.386992
5369 0.817873
5370 1.369031
5371 0.900393
5372 1.361015
5373 1.045751
5374 1.404108
5375 1.008946
5376 1.348284
5377 1.362789
5378 1.300365
5379 1.46743
5380 1.318825
5381 1.388859
5382 1.094208
5383 1.453506
5385 0.883193
5386 1.068599
5387 1.348621
5388 1.362653
5389 1.396484
5390 1.082094
5391 1.019223
5392 0.795032
5393 0.404523
5394 0.32822
5396 0.949648
5397 1.038166
5398 1.128714
5399 1.149813
5400 1.298973
5401 1.410509
5402 1.46807
5403 1.343366
5404 1.215477
5405 1.008586
5406 0.843699
5407 0.784821
5408 0.877043
5409 0.858198
5410 0.943041
5411 0.974771
5412 0.971897
5413 0.9304
5414 1.218923
5415 1.002245
5417 0.996242
5418 0.945291
5419 0.498131
5420 0.752777
5421 0.795892
5422 0.917299
5423 0.784739
5424 0.56633
5425 0.743816
5426 0.602913
5427 0.691395
5428 0.880709
5429 0.537787
5430 0.546085
5431 0.633505
5432 0.77429
5433 0.642632
5434 0.733388
5435 1.056174
5436 0.478356
5437 0.812821
5438 0.867357
5439 0.679932
5440 1.174584
5441 0.813945
5442 0.94512
5444 0.870385
5445 0.881547
5446 0.808784
5447 1.107588
5448 0.863681
5449 0.909688
5450 0.971349
5451 1.009916
5452 0.259871
5453 0.756204
5454 0.86182
5455 0.623438
5457 0.742725
5458 0.836244
5459 0.615436
5460 0.578379
5461 1.117592
5462 0.867512
5463 0.79559
5464 1.153766
5465 0.935249
5466 1.238394
5467 0.965768
5469 1.025281
5470 1.015752
5471 1.039992
5472 0.971856
5473 1.172252
5474 1.143897
5475 1.057502
5476 1.199776
5477 1.030638
5478 0.708275
5479 1.026612
5480 1.117571
5481 0.99248
5482 0.763512
5483 0.699692
5484 0.851956
5485 0.826541
5486 0.766448
5487 0.716248
5488 0.854539
5489 0.933525
5490 0.789552
5491 0.79996
5492 0.722805
5494 0.828137
5495 0.996899
5496 0.661612
5497 0.886657
5498 0.716068
5499 0.799175
5500 0.905879
5501 0.952176
5502 0.954815
5503 1.069513
5504 0.738075
5505 0.775449
5506 0.992151
5507 0.939189
5508 0.939254
5509 1.216333
5510 0.829706
5511 0.874918
5512 1.034848
5513 1.027176
5514 0.459718
5515 0.654812
5516 0.590386
5517 0.294882
5518 0.512871
5519 0.435635
5520 0.417758
5521 0.385763
5522 0.260313
5524 0.102798
5525 0.096935
5526 0.604626
5527 0.533872
5529 0.223452
5530 0.407542
5531 0.733443
5532 0.804969
5533 0.962175
5534 0.973946
5535 1.438601
5536 1.100531
5537 1.145855
5538 1.03355
5539 0.672827
5540 0.763405
5541 0.868954
5542 1.285545
5543 0.902876
5544 1.278945
5545 1.11204
5546 1.064878
5547 0.745709
5549 1.063214
5550 0.988593
5551 1.091184
5552 0.767952
5553 0.877787
5554 0.869489
5555 0.498646
5556 0.607768
5557 0.497509
5558 0.440016
5559 0.506593
5560 0.424639
5561 0.782883
5562 0.667089
5563 0.577265
5564 0.360908
5565 0.257759
5566 0.146286
5567 0.882378
5568 0.756442
5569 0.534107
5570 0.424444
5571 0.349157
5573 0.341456
5574 0.354071
5575 0.201669
5576 0.374501
5577 0.654969
5578 1.038113
5579 0.721886
5580 0.965286
5581 0.764767
5582 0.63432
5583 0.836836
5584 0.982313
5585 0.800656
5586 0.89869
5587 0.622863
5589 0.923442
5590 1.049405
5591 1.195269
5592 1.03054
5593 1.070212
5594 0.839654
5595 0.399817
5596 0.608165
5597 0.601244
5598 0.418447
5599 0.186218
5600 0.359238
5601 0.245703
5602 0.166766
5603 0.061973
5604 0.052912
5605 0.08592
5607 0.074197
5608 0.1056
5609 0.054178
5610 0.027567
5611 0.014377
5613 0.016094
5615 0.256421
5616 0.407554
5618 0.405683
5619 0.523818
5620 0.22429
5621 0.523029
5622 0.262656
5623 0.326529
5624 0.239536
5625 0.289694
5626 0.210989
5627 0.225017
5628 0.186858
5629 0.470698
5630 0.520675
5631 0.40741
5632 0.567287
5633 0.521012
5634 0.783247
5635 0.288899
5636 0.249467
5637 0.127379
5638 0.104031
5639 0.343005
5640 0.323691
5642 0.388119
5643 0.323509
5644 0.355211
5645 0.363802
5646 0.247802
5647 0.351248
5648 0.292758
5649 0.222413
5650 0.303098
5651 0.308431
5652 0.22582
5653 0.311153
5654 0.325069
5655 0.218543
5656 0.20448
5657 0.27116
5658 0.204601
5659 0.225318
5660 0.162284
5662 0.254984
5663 0.303398
5664 0.3536
5665 0.230583
5666 0.23721
5667 0.29607
5668 0.246776
5669 0.131581
5670 0.49844
5671 0.47036
5672 0.407576
5673 0.516922
5674 0.635045
5675 0.799529
5676 0.644079
5677 0.93453
5678 0.968856
5679 0.844792
5680 0.947929
5681 0.445862
5682 0.552752
5683 0.514463
5684 0.68198
5685 0.420886
5687 0.543779
5688 0.386638
5689 0.180267
5690 0.541782
5691 0.502118
5692 0.348174
5693 0.281417
5694 0.276256
5695 0.182421
5701 0.02226
5702 0.691248
5703 0.203659
5704 0.205877
5705 0.119556
5707 0.074299
5708 0.250137
5709 0.307863
5710 0.533019
5712 0.400015
5713 0.55384
5714 0.532941
5715 0.45537
5716 1.067271
5717 0.834939
5718 0.965452
5720 0.981428
5721 0.594677
5722 0.512055
5723 0.393134
5724 0.292772
5725 0.315797
5726 0.127199
5727 0.184206
5728 0.179084
5729 0.080936
5730 0.154868
5731 0.184105
5732 0.127922
5733 0.268235
5734 0.199773
5735 0.265373
5736 0.204122
5737 0.270891
5738 0.183137
5739 0.294363
5740 0.185457
5741 0.22313
5742 0.238384
5743 0.198102
5744 0.289694
5745 0.196837
5746 0.276256
5747 0.220559
5748 0.260055
5749 0.202322
5751 0.311153
5752 0.254577
5753 0.236279
5754 0.210259
5755 0.079432
5756 0.242031
5757 0.231508
5758 0.136385
5759 0.229085
5760 0.222933
5761 0.032669
5768 0.007977
5770 0.00542
5771 1.2748
5772 1.300819
5773 1.334184
5774 1.29979
5775 1.030931
5776 1.401524
5777 0.910098
5778 0.670511
5779 1.033537
5780 0.852212
5781 1.043589
5782 1.218979
5783 1.403345
5784 1.37468
5786 1.03556
5787 1.206282
5788 1.50048
5789 1.021666
5790 1.294287
5791 0.582038
5792 0.933719
5793 1.048216
5794 1.009633
5795 1.220768
5796 0.920864
5797 0.916841
5798 1.029619
5799 1.076492
5800 0.756154
5801 0.863285
5802 0.88825
5803 0.886043
5805 1.615065
5806 1.164476
5807 1.011612
5808 0.908101
5809 1.298137
5810 1.188939
5811 1.285735
5812 1.266585
5813 1.028816
5814 1.146446
5815 0.992064
5816 1.080998
5817 1.123271
5818 1.036789
5820 0.991281
5821 0.995675
5822 1.013277
5823 1.050422
5824 1.015505
5825 1.138406
5826 1.375327
5827 1.026514
5828 1.344548
5829 1.011159
5830 0.732295
5832 0.929781
5833 1.052852
5834 1.273511
5835 1.159918
5836 1.333429
5837 1.301735
5838 0.956878
5839 1.179302
5840 0.750583
5841 1.168
5842 1.109724
5843 1.115042
5845 0.888492
5846 1.294047
5847 1.030957
5848 1.09783
5849 0.839405
5850 1.196351
5851 1.261529
5852 1.127973
5853 1.089936
5855 0.873624
5856 1.112713
5857 0.528054
5858 0.80561
5859 0.641019
5860 0.527433
5861 0.73853
5862 0.630242
5863 0.662761
5864 0.684793
5865 0.834345
5866 0.466118
5867 0.617467
5869 0.987783
5870 1.005472
5871 0.695025
5872 0.744127
5873 0.762436
5874 0.479342
5875 0.507115
5876 0.604317
5877 0.421017
5878 0.244381
5879 0.108356
5880 0.1824
5881 0.335129
5882 0.511647
5883 1.089276
5884 0.5232
5885 0.848165
5886 0.695028
5887 0.953587
5888 0.830907
5889 0.841908
5891 0.608202
5892 0.530069
5893 0.739802
5894 0.898008
5895 1.07745
5896 0.918929
5897 0.924923
5898 1.149905
5899 0.405838
5900 0.71021
5901 1.042707
5902 1.146297
5903 0.962786
5904 1.136491
5905 1.258794
5906 0.790607
5907 1.230875
5908 0.945835
5909 0.522631
5911 1.041633
5912 1.06205
5913 1.416309
5914 1.045236
5915 1.153039
5916 0.859825
5917 0.876939
5918 1.201686
5919 1.185925
5920 1.172244
5923 0.145971
5924 0.503411
5925 0.151699
5926 0.290137
5927 0.1824
5928 0.118024
5929 0.130028
5930 0.101035
5931 1.15437
5932 0.594055
5933 0.490966
5934 1.65695
5936 1.117275
5937 1.634222
5938 1.553213
5939 1.240056
5940 1.3435
5941 0.973946
5942 1.019536
5943 1.173333
5944 1.049468
5945 0.933426
5946 1.076822
5947 1.020179
5948 1.150137
5949 1.043197
5950 1.154438
5951 1.385284
5952 1.207587
5953 1.259536
5954 1.31566
5955 1.361796
5956 1.434413
5957 0.736152
5959 1.177
5960 1.580955
5961 1.371254
5962 0.444377
5963 1.051073
5964 1.120356
5965 1.236665
5966 1.152583
5967 1.017889
5968 1.041187
5969 1.012933
5971 1.088944
5972 1.090193
5973 1.067087
5974 1.240858
5975 1.055009
5976 1.098672
5977 0.93459
5978 1.704016
5979 1.240661
5980 1.249694
5981 1.081679
5982 1.075623
5983 0.896448
5984 1.260284
5985 1.140723
5986 1.319676
5987 1.533674
5988 1.211339
5990 0.930796
5991 1.429292
5992 1.555069
5993 1.194957
5994 1.068131
5995 0.963311
5996 1.448159
5997 0.861762
5998 1.100366
5999 1.058093
6000 0.833983
6001 0.871069
6003 0.957064
6004 1.089988
6005 1.197658
6006 1.154387
6007 1.239137
6008 1.060653
6009 0.801015
6010 1.161207
6011 1.005796
6012 1.067588
6013 1.069251
6014 1.041311
6015 0.797185
6016 0.838113
6017 0.963247
6018 1.014393
6019 0.800783
6020 0.582418
6021 0.59972
6023 0.372628
6024 0.336841
6025 0.297507
6026 0.146221
6028 0.134507
6029 0.462967
6030 0.469489
6031 0.700325
6032 0.79124
6033 0.450299
6034 0.499477
6035 0.682646
6036 0.597323
6037 0.759017
6038 0.788243
6039 0.794144
6040 0.681703
6041 0.514083
6042 0.4016
6043 0.368412
6044 0.272893
6045 0.336738
6046 0.216169
6047 0.245573
6048 0.2304
6049 0.161221
6050 0.214378
6051 0.236047
6052 0.186123
6053 0.270891
6054 0.292562
6055 0.205188
6056 0.437067
6058 0.435635
6059 0.48099
6060 0.410439
6061 0.53183
6062 0.526669
6063 0.447019
6064 0.296146
6065 0.436058
6066 0.357824
6067 0.328154
6068 0.650139
6069 0.595484
6070 0.784499
6071 0.84822
6072 0.608903
6073 0.454149
6074 0.49585
6075 0.689648
6076 0.547737
6077 0.501067
6078 0.798529
6079 0.645488
6080 0.32509
6081 0.270891
6082 0.153063
6084 0.075316
6085 0.054665
6086 0.195042
6088 0.068768
6089 0.102309
6090 0.115643
6091 0.14468
6092 0.198034
6093 0.153095
6095 0.245473
6096 0.084185
6097 0.092357
6098 0.225318
6099 0.207521
6100 0.181819
6101 0.25913
6102 0.340008
6103 0.294664
6104 0.287193
6105 0.260571
6107 0.243033
6108 0.396988
6109 0.203767
6120 0.010998
6121 0.041298
6122 0.02452
6127 0.004755
6128 0.03412
6130 0.077043
6131 0.09922
6132 0.111579
6133 0.160525
6135 0.076517
6136 0.139001
6137 0.175186
6138 0.152
6139 0.105333
6140 0.163996
6141 0.160941
6148 0.018462
6150 0.588725
6151 1.279556
6152 1.396883
6153 1.132424
6154 1.165615
6155 1.83753
6156 1.791647
6157 1.260444
6158 0.720951
6159 1.045109
6160 0.566769
6161 0.676753
6162 1.084241
6163 0.767504
6164 0.516277
6165 0.661629
6166 0.481812
6167 1.061481
6168 1.206535
6169 0.966042
6170 1.122848
6172 1.106004
6173 0.993914
6174 0.973036
6175 0.935672
6176 0.796591
6177 0.894569
6178 0.592622
6179 1.061305
6180 1.291339
6181 1.541555
6182 0.940567
6183 1.230569
6184 0.893548
6185 1.244773
6186 0.551672
6187 0.909423
6188 0.950659
6189 0.951972
6191 0.954975
6192 1.684793
6193 2.002767
6194 1.400048
6195 1.854251
6196 1.791695
6197 1.806313
6198 0.960262
6199 1.281615
6200 1.329529
6202 0.735184
6203 1.49242
6204 1.750394
6205 1.383468
6206 1.823888
6207 1.086664
6208 1.064224
6209 1.252184
6210 1.24215
6211 1.655464
6212 1.827737
6213 1.770039
6214 1.932771
6215 1.582343
6216 1.360192
6217 1.711262
6218 1.68331
6219 2.476586
6220 1.412225
6221 1.841397
6222 1.934091
6224 1.691234
6225 1.94229
6226 1.820767
6227 2.011836
6228 1.605326
6229 1.160509
6230 1.584599
6231 2.112816
6232 1.8703
6233 1.653321
6234 1.218949
6235 1.200807
6236 1.324676
6237 1.322949
6239 1.20727
6240 1.061954
6241 1.117142
6242 1.164068
6243 1.064196
6244 1.253003
6245 1.129562
6246 1.546438
6247 1.668206
6248 1.059882
6249 1.555381
6250 1.078654
6251 0.873307
6252 0.909429
6254 1.01508
6255 1.151489
6256 1.261106
6257 1.181933
6258 1.081964
6259 1.184484
6260 1.373379
6261 1.133709
6262 1.362231
6263 1.620007
6264 1.591042
6265 1.831351
6266 1.919455
6267 1.69775
6268 1.544679
6269 1.570042
6270 0.872111
6271 0.921421
6272 1.328697
6273 0.495525
6274 0.193129
6275 0.322755
6277 0.181192
6278 0.613534
6279 0.410622
6280 0.355691
6281 0.418447
6282 0.398099
6283 0.456753
6284 0.452689
6285 1.093505
6286 0.414981
6287 0.802162
6288 1.093138
6289 0.825405
6290 0.950075
6291 1.184839
6292 0.925658
6293 1.237349
6295 0.72825
6296 1.041851
6297 0.989663
6298 0.919945
6299 0.736856
6300 0.811369
6301 0.967778
6302 0.600367
6303 0.771893
6304 0.795417
6305 0.669952
6306 0.611366
6307 0.704894
6308 0.545695
6309 0.699713
6310 0.659005
6311 0.542116
6312 0.481349
6313 0.483297
6314 0.503152
6315 0.530142
6316 0.86467
6317 0.861724
6318 1.083844
6319 1.099197
6320 1.148826
6321 0.818969
6324 0.051238
6325 0.368412
6326 0.491874
6327 0.465465
6328 0.598935
6329 0.741469
6330 0.388982
6331 0.082293
6332 0.369523
6333 0.425964
6334 0.424293
6335 0.321346
6336 0.302506
6337 0.387018
6338 0.447327
6340 0.665578
6341 0.928722
6342 0.853164
6343 1.162318
6344 1.114049
6345 0.965387
6346 1.04097
6347 1.196095
6348 0.982042
6349 0.712999
6350 1.325171
6351 0.996388
6352 0.840508
6353 0.996182
6354 0.965331
6355 1.390386
6356 1.195183
6357 1.133556
6358 1.560791
6359 0.780924
6360 1.239085
6361 1.318947
6362 1.138841
6363 1.359695
6364 1.364626
6365 1.510905
6366 1.386056
6367 0.917818
6368 0.969835
6369 1.049782
6370 1.285966
6371 1.108213
6372 0.901333
6373 0.970847
6374 0.661308
6376 0.833822
6377 0.893632
6378 0.931421
6379 0.727767
6380 0.714384
6381 0.590026
6382 0.564273
6383 0.794907
6384 0.818804
6385 0.798574
6386 0.578573
6387 0.51787
6388 0.21888
6389 0.539303
6390 0.996768
6391 0.79208
6392 0.912602
6393 1.178198
6394 0.957841
6395 1.007568
6396 0.995189
6398 0.519255
6399 0.715981
6400 0.6012
6401 0.992055
6402 0.802024
6403 0.485945
6404 0.522485
6405 0.852779
6406 0.738781
6407 0.944016
6408 0.397624
6409 0.262394
6410 0.634505
6411 1.030742
6412 1.007265
6413 1.111992
6414 1.064104
6415 1.025233
6416 0.953251
6417 1.118699
6418 1.316706
6419 0.647533
6420 0.569861
6422 0.818252
6423 0.934519
6424 0.823888
6425 0.510544
6426 0.039086
6427 0.747691
6428 0.717524
6429 0.645051
6430 1.05162
6431 0.972995
6433 1.060891
6434 1.040529
6435 0.908032
6436 0.728404
6437 0.869032
6438 0.709453
6439 0.650893
6440 0.626438
6441 0.694168
6442 0.554471
6443 0.527099
6444 0.551041
6445 0.586693
6446 0.731694
6447 0.572908
6448 0.545567
6449 0.475013
6450 0.484899
6451 0.537796
6452 0.54579
6453 0.523827
6454 0.536325
6455 0.513066
6456 0.763868
6457 0.777713
6458 0.617085
6459 0.773185
6460 0.738152
6461 0.823936
6462 0.94369
6463 0.742889
6464 0.81802
6465 0.781171
6466 0.67196
6467 0.932176
6468 0.579173
6469 0.598197
6470 0.691715
6471 0.769907
6473 0.841097
6474 1.230437
6475 1.081766
6476 1.129585
6477 1.433046
6478 1.256047
6479 1.236372
6480 1.423929
6481 1.559936
6482 1.373746
6483 1.266981
6484 0.968063
6485 0.855906
6486 1.007271
6487 1.019037
6488 1.074751
6489 0.886243
6490 0.763157
6491 0.796718
6492 1.047213
6493 0.96957
6494 0.886065
6495 0.575636
6496 0.911518
6497 0.790079
6498 1.037355
6499 0.951627
6500 1.009394
6501 0.992538
6503 0.890354
6504 0.560295
6505 0.709986
6506 0.770501
6507 0.917643
6508 0.746836
6509 0.719979
6510 0.720431
6511 0.60716
6512 1.070659
6513 1.019913
6514 1.232072
6515 1.021449
6516 1.142773
6517 0.840597
6518 0.925387
6519 1.06955
6520 1.223731
6521 1.436404
6523 1.155734
6524 1.077336
6525 1.105363
6526 1.122121
6527 1.201007
6528 1.024864
6529 1.013149
6530 0.824776
6531 0.795604
6532 0.852722
6533 0.879232
6534 1.038897
6535 1.266709
6536 1.057434
6537 1.134169
6538 1.180689
6539 1.310503
6540 1.192444
6541 1.295459
6542 1.196611
6543 1.059124
6544 1.409463
6545 1.019396
6546 1.350617
6547 1.068484
6548 1.180484
6549 1.455848
6550 0.752817
6551 1.033594
6552 1.051097
6553 1.25958
6554 1.062337
6555 1.013139
6556 1.069905
6557 1.05101
6558 1.073317
6560 0.883111
6561 1.241455
6562 0.949841
6563 1.083818
6564 1.015105
6565 0.861442
6566 1.006735
6567 1.113129
6568 0.795244
6569 1.188722
6570 0.841384
6571 1.053663
6572 0.963461
6573 1.038018
6574 0.933749
6575 0.992517
6577 1.17234
6578 1.181974
6579 1.073709
6580 1.221473
6581 1.149988
6582 0.896657
6583 0.933554
6584 1.056228
6585 1.005342
6586 1.061738
6587 0.772075
6588 0.961323
6589 1.22611
6590 0.995423
6591 1.03868
6592 1.157802
6593 1.601956
6594 1.243243
6595 0.929513
6596 1.038093
6597 1.072446
6598 1.176102
6599 1.033242
6600 0.420042
6602 0.551977
6603 0.221302
6604 0.65013
6605 0.671145
6606 0.263992
6607 0.28697
6608 0.32543
6609 0.119192
6610 0.324129
6611 0.320625
6612 0.164628
6613 0.282286
6614 0.220201
