4686 1.517509
4687 2.638835
4688 0.392645
4689 1.215615
4690 0.921891
4691 1.146004
4692 1.08836
4693 1.162447
4694 1.362949
4695 1.118045
4696 1.460075
4697 1.405719
4699 1.015396
4700 1.162548
4701 1.399216
4702 1.012936
4703 1.241335
4704 1.4102
4705 1.089807
4706 1.005628
4707 1.466715
4708 1.046853
4709 1.308987
4711 1.054883
4712 1.164502
4713 1.106398
4714 1.128171
4715 1.436092
4716 1.073466
4717 1.357869
4718 0.778933
4719 0.774747
4720 0.927628
4721 0.942036
4722 1.064975
4723 1.432511
4724 0.834749
4725 1.09473
4726 1.248472
4728 1.125521
4729 1.088135
4730 0.756203
4731 0.850519
4732 0.974774
4733 0.847209
4734 0.675916
4735 0.851561
4736 0.996417
4737 0.952517
4739 0.48316
4740 0.660475
4741 0.791628
4742 0.576079
4743 0.740475
4744 0.732571
4745 0.855993
4746 1.012157
4747 1.205806
4748 0.951904
4749 0.923776
4750 1.447968
4751 1.308543
4752 0.757533
4753 1.215944
4754 0.976344
4755 1.116667
4756 0.819591
4757 0.922377
4758 0.999452
4760 1.009682
4761 1.105294
4762 1.045922
4763 1.230855
4764 1.280516
4765 1.061004
4766 1.191704
4767 1.151889
4768 1.098194
4769 1.1955
4770 1.470841
4771 0.98304
4772 0.975564
4773 1.083446
4774 1.32366
4776 1.090454
4777 1.290438
4778 0.883568
4779 1.096488
4780 1.238414
4781 1.266265
4782 1.104192
4783 1.091143
4784 1.354486
4785 1.322061
4786 1.147137
4787 1.091255
4788 0.823086
4789 0.954349
4790 0.899996
4791 0.860969
4792 0.852695
4793 0.990346
4795 0.506419
4796 0.615671
4797 0.92255
4798 0.959549
4799 0.693463
4800 0.858768
4801 0.852611
4802 0.802714
4803 1.205594
4804 1.006339
4805 1.117205
4806 0.911891
4807 1.090543
4808 0.769117
4809 1.043647
4810 1.087956
4811 1.169886
4812 1.0818
4813 1.06596
4814 1.159029
4816 1.12996
4817 1.050246
4818 0.978091
4819 0.556739
4820 0.935929
4821 0.653203
4822 0.843165
4823 0.848468
4824 0.831572
4825 0.997687
4826 1.210988
4827 0.910032
4828 1.081351
4829 1.083868
4830 1.112198
4831 0.916142
4832 1.00402
4833 0.770236
4834 0.529014
4835 0.568464
4836 0.387294
4837 0.339964
4838 0.399273
4839 0.367954
4841 0.4536
4842 0.286882
4843 0.165348
4844 0.484244
4845 0.509524
4846 0.861669
4847 0.771509
4848 0.93082
4849 0.827007
4850 1.095818
4851 0.843984
4852 0.932547
4853 1.017293
4854 1.04
4855 0.952069
4856 1.226549
4857 0.973972
4858 0.901712
4859 1.047347
4860 0.528739
4861 0.938761
4862 1.027381
4863 1.122743
4864 0.856331
4865 0.96848
4867 1.180919
4868 1.298992
4869 1.285669
4870 0.95813
4871 0.940907
4872 0.91422
4873 0.929358
4874 0.983296
4875 1.061402
4876 0.851537
4877 0.979128
4878 0.811895
4879 0.785062
4880 0.708928
4881 0.640096
4882 0.507329
4883 0.496206
4884 0.352652
4885 0.46914
4886 0.615795
4887 0.691252
4888 0.463498
4890 0.187562
4891 0.205877
4892 0.333027
4893 0.487313
4894 0.876467
4895 0.44505
4896 0.452813
4897 0.555739
4898 0.611157
4899 0.558644
4901 0.679007
4902 0.779263
4903 0.683588
4904 0.647161
4905 0.259079
4906 0.544618
4907 0.79251
4908 0.56771
4909 0.73017
4910 0.694306
4911 0.673092
4912 0.749296
4913 0.739341
4914 0.637472
4915 0.858389
4916 0.819085
4917 0.739684
4918 0.845011
4919 0.633753
4920 0.855722
4922 0.389277
4923 0.501356
4924 0.415729
4925 0.648698
4926 0.600103
4927 0.491293
4928 0.510401
4929 0.564012
4931 0.469848
4932 0.497192
4933 0.518073
4934 0.439881
4935 0.518378
4936 0.4874
4937 0.455798
4938 0.433426
4939 0.452306
4940 0.572071
4941 0.610749
4942 0.816259
4944 0.495149
4945 0.526653
4946 0.563366
4947 0.551636
4948 0.495773
4949 0.382509
4950 0.269394
4951 0.265774
4952 0.437149
4953 0.252554
4954 0.089775
4955 0.152761
4957 0.163649
4958 0.318661
4959 0.420949
4960 0.435635
4961 0.361258
4962 0.267834
4963 0.442923
4964 0.434444
4965 0.411754
4966 0.171715
4967 0.098675
4968 0.07296
4970 0.062935
4971 0.268235
4972 0.053126
4973 0.224569
4974 0.272467
4975 0.425344
4976 0.50218
4978 0.610958
4979 0.802632
4980 0.412109
4981 0.707295
4982 0.433426
4983 0.301911
4984 0.494037
4985 0.492359
4986 0.528182
4987 0.626889
4988 0.32862
4989 0.275191
4990 0.465933
4991 0.575025
4992 0.379723
4993 0.402151
4994 0.51617
4995 0.497291
4996 0.458592
4997 0.405013
4998 0.439475
4999 0.352622
5000 0.312157
5001 0.27116
5004 0.080921
5005 0.42057
5006 0.508288
5007 0.419683
5008 0.346059
5009 0.665723
5010 0.7986
5011 1.030194
5012 0.877806
5013 0.949733
5014 1.048325
5015 0.961885
5016 0.741492
5017 0.549528
5018 0.484353
5020 0.519075
5021 0.482258
5022 0.566588
5023 0.5464
5024 0.097823
5025 0.412851
5026 0.22313
5028 0.203859
5029 0.087149
5030 0.201053
5031 0.104229
5033 0.2232
5034 0.191042
5035 0.217358
5036 0.11655
5037 0.191347
5038 0.192
5039 0.132096
5040 0.206686
5041 0.212299
5042 0.178369
5043 0.117908
5044 0.1824
5045 0.204892
5046 0.407718
5047 0.2076
5048 0.24922
5049 0.1625
5050 0.259798
5051 0.250149
5052 0.161289
5053 0.357576
5055 0.178152
5056 0.22714
5057 0.16376
5058 0.247019
5059 0.150359
5060 0.094255
5061 0.209655
5062 0.356627
5063 0.329445
5064 0.338249
5065 0.422777
5066 0.440254
5067 0.359043
5068 0.404523
5069 0.279129
5070 0.294936
5071 0.393899
5072 0.555465
5073 0.669019
5074 0.537341
5075 0.56019
5076 0.626226
5077 0.603286
5078 0.588521
5079 0.685964
5080 0.476889
5081 0.723232
5082 0.850358
5083 0.828966
5084 0.560877
5085 0.725169
5086 0.516957
5087 0.480802
5088 0.53451
5089 0.405782
5090 0.310218
5092 0.209209
5094 0.16416
5095 0.681054
5096 0.892576
5097 1.10913
5098 0.870533
5099 0.917758
5100 1.126914
5101 0.720176
5102 0.933709
5103 1.034174
5104 0.978141
5105 1.129372
5106 0.79585
5107 1.00219
5108 0.987373
5110 0.958595
5111 1.010112
5112 1.037998
5113 1.166146
5114 1.015688
5115 1.008246
5116 1.016103
5117 0.970242
5118 0.741306
5119 1.233226
5120 1.042264
5121 1.28749
5122 1.301232
5123 1.174627
5124 1.201805
5125 1.130276
5126 1.208508
5127 1.018069
5128 1.251667
5129 1.28012
5131 1.025189
5132 1.389439
5133 1.359696
5134 1.135692
5135 1.256238
5136 1.387245
5137 1.269312
5138 0.984432
5139 1.022182
5140 1.176878
5141 0.901365
5142 0.937615
5143 0.97771
5144 0.731113
5145 0.821512
5146 0.955928
5147 0.510826
5148 0.880367
5149 1.101824
5150 1.160166
5151 1.330286
5152 1.332832
5154 1.122604
5155 1.356275
5156 0.963317
5157 1.133035
5158 1.424706
5159 1.397095
5160 0.994601
5161 1.350146
5162 0.957286
5163 1.27033
5164 1.260004
5165 1.10119
5166 0.743097
5167 1.274541
5168 1.169833
5169 1.224689
5170 1.291279
5171 1.397439
5172 0.959078
5173 1.38131
5174 1.172985
5175 1.283853
5176 1.064516
5178 0.979862
5179 1.112131
5180 1.233215
5181 1.15409
5182 1.037352
5183 0.9804
5184 1.200579
5185 1.338138
5186 1.025119
5187 0.919889
5188 0.762161
5189 0.967978
5191 0.906782
5192 1.000767
5193 0.508451
5194 0.416376
5195 0.130954
5196 0.83951
5197 0.58404
5198 0.88063
5199 0.630888
5200 0.824967
5201 0.777239
5202 0.550252
5204 0.458324
5205 0.631525
5206 0.627754
5207 0.671937
5208 0.731002
5209 0.290353
5210 0.506649
5211 0.853584
5212 1.011418
5213 0.714541
5214 0.612578
5215 1.110745
5216 0.612828
5217 0.554165
5218 0.506864
5219 0.574721
5220 0.856183
5221 0.573732
5222 0.500174
5224 0.337119
5225 0.459643
5226 0.986501
5227 0.991358
5228 0.469029
5229 0.479494
5230 0.771456
5231 1.058033
5232 0.630315
5233 0.789077
5234 0.765157
5235 0.285833
5236 0.346761
5237 0.543952
5238 0.598178
5239 0.725994
5240 0.412938
5241 0.408411
5242 0.117508
5243 0.343341
5244 0.26499
5245 0.556594
5247 0.682004
5248 0.531473
5249 0.52553
5250 0.754998
5251 0.422773
5252 0.509192
5253 0.801015
5254 0.779216
5255 0.582933
5256 0.627065
5257 0.516523
5258 0.289694
5259 0.593291
5260 0.593633
5261 0.46567
5262 0.579388
5263 0.238329
5264 0.220985
5265 0.210664
5266 0.255525
5267 0.336738
5268 0.203865
5269 0.292273
5270 0.221637
5271 0.39047
5272 0.249469
5273 0.491988
5274 0.567898
5275 1.061954
5276 1.290389
5277 1.757419
5279 0.901686
5280 1.388349
5281 1.01626
5282 1.304692
5283 1.396244
5284 1.146016
5285 1.127437
5286 1.35501
5287 0.779185
5288 1.2372
5289 1.329049
5290 1.633678
5291 0.92371
5292 1.308635
5293 1.279635
5294 1.100883
5295 1.302739
5296 0.875129
5298 1.028194
5299 1.034602
5300 0.966246
5301 1.237331
5302 0.887222
5303 1.094102
5304 1.195157
5305 1.368475
5306 1.19583
5308 1.614446
5309 1.65664
5310 1.103729
5311 1.401015
5312 0.982325
5313 1.29421
5314 1.597727
5315 1.407691
5316 1.534097
5317 0.980444
5318 1.495113
5319 1.127522
5320 1.294661
5321 1.168388
5322 1.134202
5323 0.87311
5324 1.210738
5326 0.975972
5327 1.326018
5328 0.831812
5329 1.270386
5330 0.944124
5331 1.26615
5332 1.213217
5333 1.047572
5334 1.05479
5335 1.489149
5336 0.69127
5337 1.004501
5338 1.515576
5339 1.231243
5340 1.483628
5341 1.107136
5343 1.290529
5344 1.430486
5345 1.455438
5346 0.90575
5347 0.891089
5348 1.429228
5349 1.144184
5350 1.105935
5351 0.815278
5352 1.197103
5353 1.211833
5354 1.314555
5355 1.36923
5356 1.137721
5357 1.162651
5358 1.663501
5359 0.943241
5360 1.282081
5361 0.942537
5362 1.130857
5363 1.316511
5365 0.957807
5366 1.362701
5367 0.966817
5368 1.095695
5369 1.163778
5370 0.54577
5371 0.514353
5372 0.484444
5373 0.403759
5374 0.161981
5375 0.263077
5376 0.153608
5377 0.222914
5378 0.205865
5379 0.227549
5380 0.260206
5381 0.350633
5382 0.534851
5384 0.617872
5385 0.626128
5386 0.673584
5387 0.436267
5388 0.338407
5389 0.42259
5390 0.493782
5391 0.660047
5392 0.604573
5393 0.57581
5394 0.585554
5395 0.377662
5396 0.418447
5397 0.238757
5398 0.257759
5399 0.262394
5400 0.180985
5401 0.220985
5402 0.157418
5403 0.151399
5404 0.231954
5405 0.172634
5406 0.234305
5407 0.515392
5408 0.603796
5409 0.460662
5410 0.67967
5411 0.782972
5412 0.65017
5413 0.679701
5415 0.465114
5416 0.210848
5417 0.119389
5418 0.072272
5420 0.018539
5421 0.206672
5422 0.128753
5423 0.20188
5424 0.138128
5425 0.122357
5426 0.191254
5428 0.023375
5429 0.052164
5431 0.164104
5432 0.252554
5433 0.216713
5434 0.216769
5435 0.383987
5436 0.462406
5437 0.289127
5438 0.263584
5439 0.368959
5440 0.288937
5441 0.335448
5442 0.199938
5443 0.081615
5445 0.135589
5446 0.227549
5447 0.131386
5462 0.007867
5463 0.589054
5464 1.415508
5465 1.425107
5466 1.491959
5467 1.62911
5468 1.917011
5469 1.573914
5470 2.05146
5471 1.77827
5473 1.5198
5474 1.530744
5475 1.619453
5476 1.55464
5477 1.47014
5478 1.590911
5479 1.759901
5480 1.649369
5481 1.844523
5482 1.62295
5483 1.473228
5484 1.372135
5485 1.019853
5486 1.059168
5487 1.102491
5488 0.949889
5489 1.336933
5491 1.175536
5492 1.281558
5493 1.409671
5494 1.266147
5495 1.081354
5496 1.084206
5497 0.995184
5498 1.176304
5499 1.26484
5500 1.20583
5501 1.051477
5502 0.658022
5503 0.845083
5504 1.423644
5505 0.939279
5506 1.114174
5507 0.991349
5508 0.830665
5509 1.197323
5510 1.159438
5511 1.424416
5512 1.853309
5513 2.181962
5514 1.754036
5515 2.141371
5517 1.611169
5518 1.975125
5519 1.914541
5520 1.932591
5521 1.587606
5522 1.899286
5523 1.214124
5524 1.576375
5525 1.813315
5526 1.490622
5527 1.780651
5528 1.721794
5529 1.660912
5530 1.631677
5531 1.887666
5532 1.826556
5533 2.01776
5534 1.739742
5535 2.286359
5537 1.733188
5538 1.358737
5539 1.363573
5540 1.335973
5541 1.745217
5542 2.185375
5543 1.611398
5544 1.857044
5545 1.876803
5546 1.805066
5547 2.004571
5548 1.558535
5549 1.489884
5550 2.169407
5552 2.322802
5553 2.144432
5554 2.035948
5555 1.769445
5556 1.803546
5557 1.784285
5558 1.612031
5559 1.483996
5560 1.25059
5561 0.95289
5562 1.39937
5563 1.184509
5564 1.298326
5565 1.390121
5566 1.36044
5567 1.546638
5568 1.27545
5569 1.467264
5570 1.133987
5571 1.227782
5572 1.03002
5573 1.113806
5574 0.792896
5575 0.991656
5576 0.680341
5578 0.846006
5579 0.932599
5580 1.324101
5581 0.940497
5582 1.147301
5583 0.977443
5584 0.910034
5585 0.88738
5586 0.589147
5587 0.60723
5588 0.603952
5589 0.877964
5590 0.911905
5591 1.256615
5592 1.039294
5593 1.012313
5594 0.898294
5595 1.19968
5596 1.272278
5597 1.042323
5598 1.202701
5599 1.190801
5600 1.444821
5602 0.926825
5603 1.147224
5604 0.923671
5605 1.152408
5606 1.062498
5607 1.217324
5608 0.922102
5609 0.76703
5610 0.879018
5611 0.617269
5612 0.35351
5613 0.242815
5615 0.064322
5616 1.108715
5617 1.159786
5619 0.372668
5620 0.255955
5621 0.77531
5622 1.02903
5623 1.100494
5624 1.071812
5626 0.690479
5627 1.084284
5628 1.026498
5629 1.062536
5630 1.593875
5631 1.611228
5632 1.126005
5633 1.178992
5634 0.823301
5635 1.221996
5636 1.013018
5638 1.033525
5639 0.964173
5640 0.996035
5641 0.964264
5642 1.174109
5643 0.977225
5644 0.696928
5645 0.598059
5646 0.634694
5647 0.623501
5648 0.63321
5649 0.917986
5650 0.668643
5651 0.718725
5652 0.920792
5653 1.348776
5654 1.0
5655 1.042214
5656 0.555918
5658 0.032212
5659 0.593663
5660 0.834828
5661 0.755212
5662 0.575239
5663 0.791608
5664 0.91684
5665 0.782303
5666 0.82785
5667 0.685624
5668 0.48365
5669 0.261425
5670 0.444261
5671 0.855704
5672 1.267884
5673 1.295796
5674 1.264384
5675 1.179647
5676 1.059556
5677 0.826981
5678 1.002938
5679 1.254384
5680 1.637857
5682 1.646277
5683 1.63902
5684 1.113221
5685 1.577526
5686 1.103534
5687 1.607864
5688 1.290852
5689 1.440586
5690 1.108629
5691 1.400769
5692 1.164832
5693 0.999794
5694 1.035302
5695 0.983944
5696 1.1471
5697 1.196766
5698 1.525727
5699 1.271304
5700 1.33172
5701 1.26654
5702 1.002941
5703 0.730948
5704 1.019889
5705 0.893251
5707 1.116586
5708 1.04023
5709 1.123636
5710 1.149634
5711 1.411988
5712 1.226131
5713 1.12869
5714 1.04095
5715 1.238081
5716 1.154743
5717 1.23821
5718 1.164258
5719 1.049455
5720 0.942368
5721 1.048329
5722 0.765441
5723 0.816238
5724 0.522629
5725 0.318681
5726 0.2736
5727 0.276627
5728 1.09311
5729 1.473726
5730 0.955066
5731 0.999863
5732 1.031612
5733 1.152706
5734 1.089167
5735 0.927145
5736 0.875901
5738 0.481866
5739 0.537929
5740 0.919208
5741 0.820686
5742 0.738198
5743 0.779343
5744 0.978891
5745 1.074502
5746 0.644758
5747 0.284914
5748 0.275899
5749 0.773867
5750 1.29767
5751 1.215301
5752 1.149236
5753 0.967881
5754 0.745397
5755 1.143209
5757 0.976067
5758 0.896721
5759 0.550168
5760 0.668784
5761 0.723034
5762 0.614518
5763 0.670574
5764 0.569427
5765 0.628578
5766 0.654086
5768 0.06651
5769 0.749149
5770 0.820933
5771 0.659741
5772 0.772271
5773 0.087465
5774 0.783557
5775 1.152615
5776 0.938573
5777 1.204832
5778 1.084388
5779 1.228694
5780 1.154251
5781 1.15489
5782 1.110449
5783 1.099187
5784 1.288356
5785 1.379426
5786 1.003875
5788 1.345634
5789 1.276182
5790 1.109172
5791 0.917396
5792 1.160703
5793 1.13542
5794 0.844054
5795 0.886279
5796 0.722085
5797 0.718821
5798 0.714573
5799 0.608894
5800 0.885426
5801 0.698907
5802 0.547671
5803 0.538886
5804 0.582937
5805 0.881023
5806 1.080823
5807 1.176455
5808 1.143089
5809 1.220059
5810 1.182509
5811 0.895841
5812 1.28132
5813 1.185172
5814 1.138637
5815 0.673467
5816 0.931652
5817 1.029275
5819 0.946568
5820 1.106347
5821 1.120915
5822 1.265359
5823 1.19369
5824 1.205656
5825 1.164836
5826 1.302932
5827 1.141184
5828 1.093904
5829 1.185291
5830 1.086315
5831 1.11952
5832 1.054719
5833 1.028742
5834 1.019917
5835 1.075577
5836 1.035453
5837 1.223968
5838 1.353798
5839 1.001404
5840 0.996539
5841 1.201263
5842 1.00235
5843 0.55779
5845 0.835143
5846 1.005587
5847 0.919972
5848 1.165041
5849 1.013007
5850 0.943612
5851 1.048887
5852 1.132689
5853 1.095089
5854 1.076599
5855 0.963024
5856 1.146722
5857 1.080679
5858 0.898819
5859 1.114078
5860 1.174573
5861 0.965655
5862 0.80453
5863 0.982162
5864 0.91092
5866 1.046936
5867 1.124502
5868 1.033426
5869 1.115255
5870 0.925075
5871 0.870485
5872 1.177624
5873 0.964012
5874 1.048571
5875 0.901654
5876 1.176285
5877 1.129412
5878 1.053658
5879 0.634566
5880 0.683325
5881 0.743747
5882 0.539288
5883 0.628412
5884 0.647533
5885 0.741663
5886 0.560364
5887 0.76618
5888 0.778
5889 1.021349
5890 0.918424
5891 0.792309
5892 1.015417
5893 0.971778
5894 1.033303
5895 0.93328
5897 1.069634
5898 1.100418
5899 1.032844
5900 1.217287
5901 0.987045
5902 0.97533
5903 1.161514
5904 1.031636
5905 1.215358
5906 1.083357
5907 0.794551
5908 0.726772
5909 0.907116
5910 1.188555
5911 1.255401
5912 1.15781
5913 1.043152
5914 1.085011
5915 1.14748
5917 1.008344
5917 1.202226
