3787 1.805179
3788 1.531026
3789 1.266635
3790 1.175873
3791 1.45822
3792 0.902034
3793 1.378593
3794 1.911193
3795 1.161931
3796 1.231382
3797 1.107077
3798 1.679473
3799 1.360127
3800 1.740206
3802 1.280684
3803 0.898469
3804 1.501293
3805 1.906949
3806 1.481971
3807 0.921314
3808 1.91981
3809 1.488867
3810 1.845008
3811 1.957094
3812 2.073143
3813 1.950875
3814 1.939162
3815 1.95081
3816 1.912605
3817 1.896238
3818 1.03376
3819 1.027708
3820 1.051827
3821 1.396558
3822 1.647018
3823 1.25182
3824 1.440612
3825 2.11295
3826 1.459917
3827 1.196859
3829 0.988295
3830 1.169838
3831 1.052824
3832 1.134229
3833 0.856016
3834 0.59596
3835 0.438907
3836 0.761788
3837 0.902038
3838 0.400919
3839 0.323309
3840 0.590118
3841 0.950317
3842 1.123409
3843 1.238585
3844 1.509431
3845 1.359736
3846 1.136944
3847 1.126115
3848 1.072222
3850 0.980419
3851 1.11897
3852 1.268007
3853 1.668689
3854 1.315776
3855 1.171476
3856 1.462812
3857 1.26595
3858 1.314541
3859 1.573838
3860 1.755374
3861 1.431113
3862 1.511175
3863 1.187541
3864 1.647018
3865 1.349294
3866 1.527881
3867 1.543608
3868 2.099594
3869 1.37615
3870 1.301559
3871 1.608453
3872 1.584767
3873 1.731379
3874 1.468234
3875 1.777046
3876 1.478841
3877 1.410783
3878 1.527826
3879 1.24287
3880 1.473648
3881 1.281053
3882 1.506154
3883 1.231056
3884 1.102432
3885 1.395251
3886 1.001378
3887 1.298441
3888 0.88823
3889 1.182256
3890 0.908218
3891 1.193102
3892 0.860269
3893 1.202637
3894 0.938677
3895 1.137418
3896 1.245833
3897 0.516799
3898 1.196512
3900 1.028362
3901 1.126106
3902 0.740995
3903 1.029386
3904 0.838605
3905 0.80907
3906 1.051057
3907 1.0944
3908 0.978141
3909 1.540186
3910 1.101994
3911 0.890402
3912 1.0944
3913 0.964507
3914 0.965598
3915 1.040222
3916 0.749347
3917 1.202756
3918 0.894002
3919 1.237714
3920 0.921519
3921 1.106331
3922 0.538844
3923 0.879812
3924 0.822034
3925 0.985933
3926 1.210603
3927 1.149717
3928 0.95962
3929 1.506154
3930 0.992024
3931 1.070371
3932 0.860155
3933 1.060843
3934 1.182256
3935 0.840471
3936 0.956377
3937 0.546768
3938 0.90025
3939 0.681418
3941 0.590381
3942 0.494037
3943 0.248973
3944 0.10209
3945 1.369306
3946 1.220445
3947 1.236229
3948 1.31154
3949 1.318633
3950 1.369655
3951 1.6216
3952 1.493792
3953 1.149195
3954 1.482159
3955 1.38682
3956 1.541782
3957 1.809404
3958 1.73242
3959 2.024261
3960 1.516873
3961 1.528514
3962 1.492868
3963 1.721163
3964 1.260619
3965 1.16605
3966 1.431722
3967 1.038169
3968 1.083564
3969 0.72527
3971 0.093356
3972 1.083783
3973 0.595014
3974 0.942701
3975 0.711514
3976 0.478136
3977 0.357576
3978 0.28936
3979 0.120467
3980 0.553166
3981 1.067002
3982 0.769129
3983 0.916137
3984 0.59596
3985 0.571341
3986 0.395566
3987 0.161884
3988 0.867711
3989 0.537972
3992 0.287351
3993 0.87723
3994 0.815435
3995 0.876698
3996 1.254106
3997 0.837048
3998 0.790298
3999 0.761522
4000 0.626096
4001 0.67181
4002 0.570675
4003 0.835171
4004 0.56842
4005 0.7484
4006 0.500817
4007 0.751796
4008 0.36057
4009 0.492973
4010 0.53572
4011 0.500238
4012 0.476297
4014 0.598353
4015 0.718871
4016 0.675953
4017 0.254758
4018 0.326215
4021 0.118383
4022 0.868651
4023 0.495907
4024 0.30883
4025 0.295193
4026 0.173852
4027 0.177735
4028 0.147323
4029 0.07748
4031 0.049187
4033 0.05196
4034 0.181749
4035 0.315754
4037 0.509275
4038 0.539842
4039 0.609489
4040 0.4965
4041 0.585299
4042 0.641291
4043 0.418861
4044 0.595397
4045 0.491332
4046 0.407718
4047 0.263667
4048 0.342886
4049 0.325069
4050 0.4734
4051 0.520637
4052 0.214755
4053 0.242031
4054 0.441092
4055 0.480828
4057 0.31761
4058 0.17024
4060 0.196166
4061 0.142877
4062 0.148753
4063 0.240618
4064 0.083863
4065 0.245508
4066 0.128363
4067 0.238384
4068 0.286882
4069 0.215401
4070 0.3201
4071 0.433426
4072 0.241943
4073 0.336415
4074 0.281727
4075 0.295953
4076 0.398369
4077 0.379918
4079 0.386826
4080 0.406849
4081 0.503976
4082 0.36807
4083 0.362269
4084 0.165192
4085 0.17337
4086 0.171094
4087 0.324267
4088 0.374036
4089 0.488199
4090 0.481242
4091 0.432478
4092 0.544793
4093 0.494978
4094 0.422339
4095 0.514558
4097 0.432071
4098 0.304673
4099 0.611536
4100 0.668452
4101 0.616757
4102 0.668309
4103 0.66377
4104 0.734351
4105 0.627377
4106 0.395431
4107 0.718167
4108 0.596535
4110 0.40921
4112 0.048402
4113 1.094403
4114 0.453749
4115 0.257374
4116 0.346741
4117 0.32445
4118 0.315692
4119 0.225318
4120 0.241216
4122 0.317182
4123 0.46381
4124 0.305144
4126 0.181124
4127 0.357269
4128 0.299271
4129 0.137403
4130 0.281727
4131 0.26109
4132 0.25371
4133 0.347262
4135 0.175442
4136 0.323351
4137 0.28716
4138 0.195333
4139 0.226926
4140 0.170169
4141 0.247789
4142 0.135161
4143 0.231508
4144 0.202076
4145 0.160784
4146 0.082192
4147 0.135626
4148 0.203659
4149 0.111026
4150 0.069488
4151 0.278691
4152 0.262495
4153 0.325391
4154 0.211438
4155 0.303398
4157 0.23772
4158 0.319759
4159 0.209963
4160 0.354071
4161 0.288439
4162 0.333885
4163 0.229292
4164 0.332612
4165 0.326747
4166 0.469476
4167 0.383254
4168 0.350024
4169 0.276256
4170 0.290154
4171 0.275721
4172 0.133213
4173 0.11353
4175 0.197146
4176 0.250598
4177 0.357071
4178 0.451882
4179 0.457314
4180 0.383588
4181 0.502796
4182 0.798576
4184 0.835273
4185 1.027327
4186 1.05113
4187 1.284487
4188 1.338359
4189 0.97343
4190 1.177739
4191 1.330101
4192 1.21611
4193 1.659497
4194 1.372731
4195 1.263849
4196 1.328459
4197 1.316133
4198 1.612914
4199 1.436158
4200 2.17568
4201 1.734341
4202 1.623739
4203 1.365083
4204 1.290878
4205 1.356795
4206 1.441903
4207 1.444274
4208 1.392634
4209 1.442589
4210 1.275854
4211 1.458064
4212 1.753617
4213 1.50423
4214 1.241523
4215 1.775834
4216 1.739301
4217 1.582985
4218 1.658232
4219 1.661095
4220 2.364511
4222 1.933271
4223 1.787881
4224 1.692036
4225 1.506901
4226 1.668689
4227 1.52657
4228 1.188867
4229 1.35981
4230 1.688688
4231 1.168404
4232 1.225641
4233 0.988148
4234 0.663074
4235 0.606796
4236 0.699018
4237 1.114341
4238 1.093349
4239 0.847651
4240 1.252891
4242 1.176093
4243 1.462812
4244 1.139449
4245 1.569614
4246 1.269312
4247 1.596228
4248 1.207572
4249 1.267726
4250 1.410366
4251 1.256198
4252 1.333149
4253 1.504665
4254 1.102622
4255 1.263484
4256 1.3557
4258 0.205671
4259 1.13887
4260 1.286657
4261 1.306807
4262 1.39248
4263 1.44027
4265 1.257413
4266 1.957703
4267 1.381336
4268 1.763611
4269 2.466507
4270 1.6776
4271 1.777351
4272 1.751074
4273 1.941576
4274 2.306877
4275 1.756238
4276 1.862409
4277 1.891421
4278 1.427358
4279 1.512535
4280 2.201816
4281 1.69872
4282 1.534792
4283 1.598246
4284 2.11295
4285 1.694685
4286 1.690637
4287 1.531181
4288 1.891421
4289 1.3479
4290 1.557852
4291 1.908963
4292 1.394786
4293 1.672
4294 1.727425
4295 1.157344
4297 0.998363
4298 0.520626
4299 0.24795
4300 0.863712
4301 0.841922
4302 0.92497
4303 0.945115
4304 0.696173
4305 1.262769
4306 0.664714
4307 0.407656
4308 0.576849
4309 0.759554
4310 0.167403
4311 0.272056
4312 0.343341
4313 0.5472
4314 0.302931
4315 0.323145
4316 0.535945
4317 0.60329
4318 0.89687
4319 1.107687
4320 1.212907
4321 1.253499
4322 1.146616
4323 1.364242
4325 1.060259
4326 1.315085
4327 0.981534
4328 1.178648
4329 0.633013
4330 0.488087
4331 0.626557
4332 1.372329
4333 0.690641
4334 0.408393
4335 0.553166
4336 0.569419
4337 0.490171
4338 1.159158
4339 0.292562
4340 0.235504
4341 0.336238
4342 0.422172
4344 0.626773
4345 0.171383
4346 0.195235
4348 0.076875
4349 0.516989
4350 0.184571
4351 0.171167
4352 0.212194
4353 0.346741
4354 0.353176
4355 0.3648
4356 0.151479
4357 0.516904
4358 0.542964
4359 0.772392
4360 0.657924
4361 0.458606
4362 0.408737
4363 0.38343
4364 0.555368
4365 0.597909
4366 0.748554
4367 0.248973
4368 0.259859
4369 0.292562
4370 0.278484
4371 0.296613
4372 0.087165
4374 0.380419
4375 0.813347
4376 0.69473
4377 1.070426
4378 1.085511
4379 1.452578
4380 0.97552
4381 1.068934
4382 0.684
4383 0.474162
4392 0.113713
4393 0.231108
4394 0.498608
4395 0.603404
4397 0.982138
4398 1.273156
4399 1.71638
4400 2.522854
4401 2.18678
4402 1.724092
4403 2.004697
4404 1.545966
4405 1.957019
4406 1.558367
4407 2.171423
4408 2.826767
4409 3.162693
4410 2.900944
4411 2.709819
4412 2.851077
4413 3.293526
4414 3.254831
4415 3.198665
4416 3.300745
4417 3.237427
4418 2.562217
4419 2.668851
4420 2.387453
4421 2.108185
4422 2.708911
4423 1.732844
4424 2.464504
4425 3.709463
4427 2.41027
4428 3.166961
4429 3.454849
4430 3.40596
4431 3.132554
4432 0.160626
4433 6.325056
4434 4.081854
4435 3.206739
4436 4.925341
4437 3.991049
4438 4.113359
4439 4.23976
4440 4.297233
4441 3.214322
4442 2.772472
4443 2.516393
4444 3.170589
4445 3.200079
4446 3.472688
4447 3.41226
4448 3.514483
4449 3.980552
4451 0.236365
4452 6.172111
4453 1.923441
4454 1.988523
4455 2.266894
4456 2.012795
4457 2.276694
4458 2.07014
4459 2.733267
4460 1.955257
4461 1.549497
4462 0.952914
4463 0.452492
4464 0.332612
4465 0.304302
4466 0.104043
4468 0.059757
4469 1.128802
4470 1.359864
4471 1.655087
4472 1.722867
4473 1.755374
4474 0.992935
4475 1.333834
4476 1.52934
4477 1.3968
4478 1.751945
4479 1.4845
4480 1.38694
4481 0.912
4482 0.876819
4483 0.416492
4484 0.606796
4485 0.601319
4486 0.379623
4487 0.343341
4488 0.326215
4489 0.23913
4490 0.579453
4493 0.048402
4494 1.598579
4495 0.769522
4496 1.179467
4497 0.541782
4498 0.245146
4502 0.114231
4503 0.412163
4504 0.329063
4506 0.14408
4507 0.421755
4508 0.155542
4509 0.278965
4510 0.250021
4511 0.317059
4512 0.164574
4513 0.447576
4514 0.762273
4515 0.797273
4516 0.580062
4517 0.401316
4518 0.238924
4519 0.206686
4521 0.075114
4522 0.37771
4523 0.834408
4524 0.70964
4525 0.95989
4526 0.643796
4527 0.951984
4528 0.827453
4529 1.09167
4530 0.665224
4531 0.390083
4532 0.206921
4533 0.119192
4535 0.0456
4536 0.265631
4537 0.097714
4538 0.162681
4539 0.166349
4541 0.136552
4542 0.138128
4543 0.159379
4544 0.196795
4545 0.19043
4546 0.239726
4547 0.138157
4548 0.142205
4549 0.125074
4550 0.440729
4551 0.246776
4552 0.147411
4553 0.233755
4554 0.343341
4555 0.307473
4556 0.231508
4557 0.166139
4558 0.390083
4559 0.394369
4560 0.814907
4561 0.809632
4562 0.755616
4563 0.857966
4565 0.723503
4566 0.883477
4567 1.441416
4568 1.497216
4569 1.303404
4570 1.42193
4571 1.943826
4572 1.374766
4573 1.431112
4574 1.418479
4575 2.113031
4576 2.225881
4577 2.170715
4578 2.876995
4579 2.671757
4580 2.244974
4581 2.151297
4582 2.373006
4583 1.627214
4584 2.015345
4585 2.310474
4586 3.053139
4587 1.863009
4588 1.934154
4589 1.996437
4590 1.929717
4591 2.652107
4592 1.682989
4593 1.354455
4594 1.022234
4595 1.147972
4596 1.062945
4597 0.83698
4599 1.40585
4600 1.20173
4601 1.007715
4602 1.202756
4603 1.01094
4604 1.41988
4605 1.147389
4606 1.061494
4607 0.977335
4608 0.772372
4609 1.125792
4610 1.029538
4611 1.428412
4612 1.280317
4613 1.096793
4614 1.397798
4615 1.030058
4616 0.90025
4617 0.544625
4618 0.846857
4619 1.190424
4620 1.463736
4621 2.300755
4622 2.540936
4623 2.369335
4624 2.079936
4625 2.082507
4626 2.303584
4627 2.03355
4628 1.941915
4629 2.547405
4630 2.27774
4631 1.87082
4632 2.197546
4633 1.677865
4634 1.636182
4635 1.145323
4636 1.34362
4637 1.252316
4638 2.361542
4639 3.027225
4640 2.668276
4641 3.771908
4642 3.086218
4643 3.103688
4644 3.13441
4645 2.888915
4646 3.039984
4647 3.012683
4648 3.223152
4649 3.406529
4651 3.155278
4652 3.828773
4653 3.23719
4654 3.161587
4655 3.575736
4656 3.134124
4657 3.099013
4658 2.108547
4659 2.138857
4660 1.770813
4661 2.037101
4662 1.575873
4663 2.121159
4664 1.887271
4665 1.362696
4666 1.159414
4667 1.264404
4668 0.720775
4669 0.976174
4670 1.235263
4671 1.107325
4672 1.323259
4673 1.366633
4674 1.034149
4675 1.322901
4676 1.107439
4677 0.810277
4678 0.740329
4679 0.42501
4680 0.530947
4681 0.281345
4682 0.650139
4683 0.342
4684 0.862091
4686 1.246221
4687 1.226921
4688 1.624208
4689 1.420496
4690 1.346016
4691 1.203026
4692 1.149713
4693 1.790034
4694 1.391318
4695 1.554756
4696 1.679525
4697 1.218313
4698 0.940654
4699 1.224428
4700 0.537419
4701 0.393198
4702 0.132964
4703 0.444702
4704 0.078171
4705 1.161269
4706 0.690641
4707 0.443434
4708 0.515517
4709 0.728871
4710 0.62909
4711 0.607397
4713 0.303027
4714 0.9576
4715 0.425174
4716 0.726708
4717 0.666159
4718 0.622917
4719 0.605882
4720 0.953576
4721 1.045251
4722 0.770849
4723 0.6888
4724 0.67785
4725 0.542319
4726 0.625726
4727 0.559026
4728 0.546769
4729 0.522299
4730 0.380377
4731 0.262856
4732 0.675953
4733 0.908262
4734 0.821008
4735 0.812322
4736 0.814286
4737 0.064821
4738 0.187001
4739 0.765017
4740 0.422314
4741 0.125904
4743 0.625244
4744 0.36117
4745 0.22313
4746 0.159379
4747 0.270878
4748 0.34633
4749 0.424887
4750 0.368412
4751 0.286996
4752 0.289694
4754 0.145128
4755 0.382509
4756 0.118315
4757 0.504282
4759 0.497205
4760 0.657719
4761 0.681616
4762 0.892989
4763 0.955722
4764 0.998761
4765 1.178147
4766 1.206173
4767 1.104863
4768 0.625522
4769 0.650672
4770 0.795536
4771 0.623532
4772 1.012773
4773 1.398978
4774 1.840365
4775 1.955913
4776 1.854538
4777 1.969709
4778 2.394342
4779 1.957373
4780 2.015034
4781 1.987293
4782 2.117447
4783 1.868543
4784 2.000564
4785 1.817933
4786 2.525538
4787 1.902422
4788 2.084196
4789 1.774004
4790 1.916012
4791 1.453243
4792 1.630189
4793 0.968727
4794 1.116071
4795 1.156063
4796 1.483568
4797 1.098541
4798 1.302857
4799 1.354455
4800 1.246234
4801 2.134622
4802 1.632404
4803 1.757114
4804 1.48597
4805 1.530701
4806 1.557923
4808 1.682489
4809 2.20848
4810 1.941122
4811 1.584204
4812 1.062212
4813 0.974299
4814 1.149717
4815 0.507522
4816 0.693481
4817 0.552071
4818 1.165724
4819 1.067732
4820 1.687827
4821 0.306923
4822 0.425423
4823 0.791002
4824 0.715861
4825 0.656024
4826 0.801838
4827 0.856016
4828 0.422844
4829 0.664231
4830 0.439475
4831 0.454279
4832 0.268438
4834 0.128753
4835 0.972252
4836 1.834926
4837 0.973631
4838 1.308158
4839 1.081708
4840 1.312467
4841 1.345792
4842 1.123664
4843 0.995231
4844 0.764149
4845 0.964372
4846 0.897665
4847 0.92103
4848 0.295169
4849 0.524787
4850 1.191406
4851 1.259612
4852 0.600847
4853 0.30049
4854 0.051623
4855 1.207539
4857 1.001693
4858 1.357147
4859 1.305222
4860 1.439579
4861 1.170186
4862 1.331093
4863 0.778938
4864 1.235437
4865 1.435873
4866 1.240312
4867 1.472547
4868 1.437741
4869 0.961472
4870 1.465031
4871 1.066132
4872 1.540186
4873 1.04513
4874 1.269111
4875 1.439715
4876 0.985902
4877 1.286976
4878 1.679525
4879 1.320583
4880 1.301768
4881 1.173188
4882 1.29003
4883 1.450118
4884 1.366317
4885 1.387873
4886 1.398549
4887 1.411877
4888 1.724575
4889 1.482706
4890 1.412931
4891 1.387913
4892 1.331466
4893 1.267227
4894 1.391034
4895 1.270529
4896 1.268971
4897 1.250868
4899 1.621731
4900 1.181746
4901 1.306616
4902 1.645389
4903 1.41962
4904 1.630062
4905 2.088216
4906 1.649327
4907 1.857763
4908 2.17568
4909 1.869267
4910 2.182286
4911 1.612943
4912 1.896238
4913 1.213291
4914 1.683692
4915 1.070359
4916 1.883537
4917 1.448429
4918 1.907073
4919 1.35168
4920 1.825822
4921 1.389175
4922 1.441141
4923 1.407333
4924 1.600506
4925 1.249206
4926 1.363941
4927 1.024953
4928 1.257303
4929 1.149485
4930 1.316633
4931 1.672759
4932 1.311762
4933 1.321505
4934 1.49783
4935 1.835521
4936 1.424368
4937 0.760755
4938 0.762536
4940 0.059443
4941 1.938258
4942 1.480087
4944 1.256816
4945 1.551033
4946 1.418483
4947 1.508495
4948 1.659497
4949 1.172092
4950 1.663059
4951 1.328801
4952 1.738358
4953 1.555029
4954 1.678804
4955 2.142779
4956 2.210896
4957 1.978885
4958 1.594418
4959 1.282474
4960 1.842059
4961 1.706875
4962 1.891687
4963 1.860262
4966 0.322085
4967 5.447184
4968 1.288829
4969 1.580439
4970 1.046779
4971 1.549497
4972 1.327636
4973 1.249457
4974 1.530629
4976 1.243195
4977 1.549814
4978 1.445844
4979 1.552927
4980 1.466764
4981 1.51699
4982 1.362519
4983 1.563157
4984 1.713903
4985 1.933613
4986 1.711034
4987 2.156293
4988 1.83596
4989 2.01543
4990 1.519778
4991 2.069608
4992 1.636974
4993 1.637804
4994 1.38258
4995 1.760224
4996 1.406252
4997 1.744539
4998 1.664088
4999 1.976
5000 1.495319
5001 1.103843
5002 1.465031
5003 1.035128
5004 1.484483
5005 1.430305
5006 1.09342
5007 1.34362
5008 1.155909
5009 1.240278
5010 2.147378
5011 1.79558
5012 1.932884
5013 1.406105
5014 1.513648
5015 1.204063
5016 1.10126
5017 1.191921
5018 0.932789
5019 1.180955
5020 1.431722
5021 1.14739
5022 1.196923
5023 0.917386
5024 1.484483
5025 0.595431
5026 0.659668
5027 0.741056
5028 0.804706
5031 0.048438
5032 0.825389
5033 0.233067
5034 0.161734
5035 0.25625
5036 0.222914
5037 0.1368
5038 0.214799
5039 0.159185
5040 0.541887
5042 0.141747
5043 0.67181
5043 0.841846
