81 0.9196
82 1.630779
83 1.78137
84 0.762524
85 0.798543
87 0.490457
88 0.700253
89 0.58716
90 0.425963
91 0.420279
92 0.294646
93 0.192225
94 0.203859
95 0.166766
96 0.257506
97 0.443937
98 0.622543
99 0.582894
100 0.546772
101 0.619826
102 0.477812
103 0.530947
104 0.280259
105 0.326215
106 0.321882
107 0.276372
108 0.553166
109 0.401457
110 0.403759
111 0.339897
112 0.424173
113 0.500578
114 0.396491
115 0.611031
116 0.75459
117 0.721357
118 0.601277
120 0.650796
121 0.491541
122 0.454647
123 0.43694
124 0.477802
125 0.890566
126 0.780792
127 1.118321
128 0.920906
129 0.797283
130 1.147908
131 0.844829
132 1.010352
133 0.614582
134 0.763593
135 0.922729
136 0.618065
137 0.078876
138 0.052921
139 0.053647
140 0.149236
141 0.159379
146 0.027415
147 0.66123
148 0.857616
149 0.776855
150 1.113249
151 0.761149
152 0.985359
153 1.181101
154 1.038432
155 0.778246
156 0.509275
157 0.442949
159 0.460895
160 0.417375
161 0.572724
162 0.23965
163 0.112508
164 0.220985
165 0.185842
167 0.13174
168 0.151699
169 0.159379
170 0.19341
171 0.556561
172 0.509341
173 0.257506
174 0.131733
175 0.095165
176 0.03408
177 0.074377
178 0.157846
179 0.113249
180 0.281335
181 0.131733
183 0.008755
184 0.925962
185 0.542412
186 0.22313
187 0.100944
189 0.067597
190 0.1054
191 0.072204
192 0.1368
193 0.122966
194 0.038366
196 0.041112
197 0.019672
198 0.031845
200 0.015872
201 0.242725
202 0.212505
203 0.235816
204 0.221197
208 0.021164
209 0.386259
210 0.103096
211 0.116127
212 0.063751
214 0.122736
215 0.109531
216 0.350337
217 0.289694
218 0.246295
219 0.271698
220 0.296336
221 0.27317
222 0.178549
223 0.135626
224 0.236499
225 0.076227
226 0.294311
227 0.154398
228 0.542319
229 0.277112
230 0.472557
231 0.410345
233 0.378449
234 0.382031
235 0.404611
236 0.437481
237 0.764784
238 0.735875
239 1.16938
240 0.985394
241 0.638273
242 0.72061
243 0.866851
244 1.084713
245 1.430875
246 0.666093
247 0.672306
248 0.325069
249 0.252554
250 0.180454
251 0.113841
252 0.151699
253 0.220985
267 0.007624
269 0.063199
270 0.067141
271 0.063751
272 0.062006
273 0.067795
274 0.070868
275 0.186543
276 0.340316
278 0.511419
279 1.078576
280 1.054511
281 1.215818
282 1.063667
283 1.552639
284 0.850783
285 0.23827
286 1.184421
287 0.917461
288 0.751832
290 0.622746
291 1.006986
292 0.990639
293 0.58915
294 0.605639
295 0.223021
296 0.097084
297 1.505135
298 2.26802
299 1.259164
300 1.798923
301 1.191921
302 0.904048
303 1.117465
304 1.603163
305 1.547964
306 0.780681
307 1.051057
308 1.126907
309 1.154831
310 1.298325
312 1.842824
313 1.907073
314 2.051405
315 2.508587
316 2.223579
317 1.576943
318 1.827969
319 2.222981
320 2.500265
321 2.072452
322 1.746864
323 2.481662
324 2.377832
325 2.427141
326 1.558595
327 1.48922
328 1.787881
329 1.517804
330 1.749291
331 1.374224
332 1.561879
333 1.232368
334 1.842059
335 1.374367
336 1.773003
338 1.863731
339 1.487167
340 1.301717
341 1.191921
342 1.127694
343 0.585187
344 0.62909
345 0.562896
346 0.869022
347 0.921943
348 0.482351
349 0.403759
350 0.406178
351 0.222914
352 0.530947
353 0.911617
354 0.852369
355 0.28716
356 0.068339
358 0.128704
359 0.472094
360 0.49582
361 0.764741
362 0.994629
363 0.725988
364 0.701537
365 0.761655
366 0.997835
367 1.069138
368 1.69815
369 1.512456
370 1.626149
371 2.47614
372 2.544967
373 2.166498
374 2.241814
375 1.254897
376 0.791369
377 1.474985
379 2.177964
380 1.826677
381 1.110528
382 1.039193
383 1.137039
384 0.969979
385 0.612252
386 0.791002
387 0.907013
388 1.169092
389 1.778566
390 1.299255
391 1.476848
392 1.13238
393 1.293679
394 1.157835
395 1.384094
396 1.14282
397 1.042578
398 1.007715
399 0.980819
400 1.41003
401 0.523099
402 1.575763
403 1.191769
404 1.51699
405 1.132012
407 0.990569
408 1.224428
409 0.922141
410 1.290102
411 1.031469
412 1.672759
413 1.387243
414 1.054322
415 1.300277
416 0.964372
417 0.515106
419 0.078885
439 0.007569
440 0.356394
441 1.370928
442 0.516325
443 0.311041
444 1.104832
445 1.50165
446 1.691306
447 1.773538
448 1.670619
449 2.110274
450 2.042022
451 1.575033
452 2.045986
453 1.987913
454 2.100492
456 1.736191
457 1.464262
458 0.761042
459 0.55305
460 0.488761
461 0.153505
462 0.07952
463 0.089542
464 0.172267
465 0.214588
466 0.122736
467 0.159379
468 0.150212
469 0.218661
470 0.206081
471 0.177189
472 0.179757
473 0.155106
474 0.199938
475 0.160941
476 0.126277
477 0.064272
478 0.14592
479 0.22313
480 0.152723
481 0.171671
483 0.184105
484 0.159224
485 0.143627
486 0.220985
487 0.24542
488 0.216713
489 0.295193
490 0.562743
491 0.182437
492 0.444261
493 0.184451
494 0.170004
495 0.092921
496 0.025255
498 0.033961
502 0.033608
503 0.14288
504 0.097521
536 0.001705
537 0.390083
538 0.626604
539 1.373602
540 1.341598
541 1.422785
542 1.762342
543 1.82061
544 2.867556
545 2.306115
546 2.785367
547 4.314807
548 3.593327
549 2.751358
550 3.227154
551 2.783489
552 3.669307
553 2.406226
554 2.929039
555 2.41188
556 3.138765
557 3.113625
558 2.259707
559 3.096623
560 2.609187
561 3.502651
563 3.042153
564 2.351335
565 2.020748
566 2.715077
567 2.51
568 1.612914
569 1.692036
570 1.560333
571 0.802878
572 1.14292
573 0.618244
574 0.761788
575 0.939889
576 0.933459
577 0.495538
578 0.393134
579 0.306031
580 0.907445
581 1.023953
582 1.31285
583 0.802606
584 1.309816
585 0.885463
586 1.386962
587 0.966081
588 0.658765
589 0.510431
590 0.996879
591 0.650166
592 1.212359
593 0.784629
594 1.494318
595 0.981583
596 1.60383
597 1.859905
598 1.750131
599 2.137359
600 2.024859
601 2.285133
602 1.24
603 1.568711
605 2.112244
606 2.612594
607 2.996444
608 2.512262
609 1.797679
610 1.6416
611 0.933459
612 1.703664
613 2.406591
614 1.805594
615 1.190965
616 0.903146
617 0.81998
618 0.7484
619 0.17747
620 0.086685
621 0.105231
622 0.125074
623 0.159379
624 0.147323
625 0.070354
637 0.000958
647 0.0011
648 0.1115
649 0.988114
650 0.791584
651 0.669302
652 0.530854
653 0.708739
654 0.648328
655 0.438316
657 0.192988
658 0.221846
659 0.860394
660 0.551873
664 0.058674
665 0.114651
666 0.074902
667 0.237464
668 0.2736
669 0.224641
670 0.324916
671 0.253333
673 0.098263
674 0.525994
675 0.491761
676 0.470087
677 0.639525
678 0.477323
679 0.474278
680 0.471873
681 0.462923
682 0.524982
683 0.470121
684 1.05863
685 1.313582
687 1.117235
688 1.41117
689 1.555836
690 1.238267
691 1.505534
692 1.420767
693 1.43411
694 2.01543
695 1.373677
696 1.869554
697 1.467287
698 1.814889
699 1.554541
700 1.621143
701 1.700463
702 1.866918
703 1.113161
704 1.141019
705 1.112415
706 1.074857
707 0.198034
709 0.074515
710 0.306255
711 0.231508
712 0.17337
713 0.160941
714 0.094708
715 0.161238
716 0.121375
719 0.007902
720 0.225594
721 0.574858
722 0.312233
723 0.3416
724 0.752988
726 1.052208
727 1.221427
728 0.646436
729 0.962532
730 1.14484
731 1.343945
732 1.395295
733 1.114352
734 1.277344
735 1.124645
736 1.271025
737 1.656658
738 1.70617
739 1.684301
740 1.453109
741 1.608975
742 1.76621
743 1.306883
744 1.303713
745 1.51699
746 1.266805
747 1.279619
748 1.5076
749 1.428412
750 1.147757
751 1.290102
752 0.960198
753 1.212359
754 1.004317
755 1.136719
756 1.355798
757 0.964008
758 1.181652
759 1.376127
760 0.976238
761 1.137853
762 1.235263
763 1.111612
764 1.605265
765 1.288784
766 1.313455
768 1.29958
769 1.386746
770 1.637804
771 0.990424
772 1.049574
773 0.779243
774 0.92103
775 0.920119
776 0.989053
777 1.341176
778 0.90404
779 0.829188
780 0.976174
781 0.8076
782 1.362635
783 1.038973
784 1.219778
785 1.793023
786 0.89924
787 1.540024
788 1.324943
789 1.616
790 1.802006
791 1.984961
792 1.620281
793 2.379262
794 2.189379
795 2.240988
796 2.312571
797 1.878284
799 1.887007
800 2.405275
801 1.820397
802 2.253814
803 1.685515
804 2.21911
805 2.674245
806 1.405629
807 2.084571
808 1.492147
809 2.031521
810 1.45222
811 1.623739
812 1.199144
813 1.330447
814 0.834345
815 0.57298
816 0.747659
817 0.965328
818 1.085712
819 1.443165
820 1.210892
821 1.24199
822 1.160204
823 1.625103
824 1.6416
825 1.16119
826 1.298553
827 1.191533
828 1.152428
829 0.990537
830 1.454098
831 1.146125
832 0.922429
833 0.802632
834 0.312686
835 0.57063
836 1.493964
837 1.473648
838 1.525679
839 1.088934
840 1.021585
842 0.851174
843 0.747659
844 0.617632
845 0.102882
846 1.297892
847 1.4862
848 0.638671
849 0.27116
850 0.270891
851 0.158633
852 0.127157
855 0.014716
857 0.894971
858 1.279169
859 1.212242
860 1.450495
861 1.223422
862 1.477586
863 1.250573
864 1.499287
865 1.126565
866 1.010379
867 0.800369
868 0.871398
869 1.290102
870 0.96781
871 0.986133
872 1.235437
873 1.168663
874 1.120824
875 1.237938
876 1.369766
877 1.637804
878 1.20495
879 0.753064
880 1.060843
881 0.912895
882 0.429969
883 0.487604
884 0.524787
885 0.809047
891 0.010685
892 0.585125
893 0.803873
894 0.380407
895 0.297915
896 0.397054
897 0.42774
898 0.493553
900 0.229398
901 0.346741
902 0.331092
903 0.225415
904 0.270891
905 0.26306
906 0.390083
907 0.301846
908 0.366695
909 0.522785
910 0.521461
911 0.761809
912 0.695945
913 0.674933
914 0.642622
915 0.641487
916 0.496451
917 0.679936
918 0.707221
919 0.743017
920 0.838849
922 0.375395
923 0.849713
924 0.678595
925 0.757745
926 0.692829
927 0.633299
928 0.579388
929 0.387981
930 0.461028
931 0.499386
932 0.465061
933 0.80455
934 0.846018
935 0.691184
936 0.784376
937 0.830741
938 0.888951
939 1.137743
940 0.726525
941 0.81206
943 1.291346
944 1.423371
945 1.291862
946 1.193994
947 1.005842
948 0.786918
949 1.224503
950 0.75377
951 0.848974
952 1.027485
953 0.815435
954 0.325069
955 0.354377
956 0.65798
957 0.944188
958 0.708364
959 0.957181
960 1.591073
961 0.941203
962 1.173893
964 0.261494
965 0.327724
966 1.095063
967 0.7604
968 1.126907
969 0.809442
970 1.053355
971 0.996879
972 0.544539
973 0.922729
974 0.463406
975 0.382509
976 0.2432
977 0.206491
978 0.241994
979 0.428756
980 0.521143
981 0.43722
983 0.330801
984 0.364288
985 0.4104
986 0.390083
987 0.448157
988 0.395192
989 0.393134
990 0.221694
991 0.173877
992 0.097714
993 0.081824
994 0.120484
996 0.069434
997 0.160777
998 0.340083
999 0.622115
1000 0.444745
1001 0.134092
1002 0.318944
1003 0.818303
1005 0.687392
1006 0.715924
1007 0.388262
1008 0.348119
1009 0.388903
1010 0.593125
1011 0.897489
1012 1.501666
1013 1.180741
1014 1.092993
1015 1.257568
1016 1.46647
1017 0.915545
1018 0.745122
1019 0.904808
1020 1.486897
1021 1.168475
1022 1.308424
1023 1.446553
1025 1.073751
1026 1.337822
1027 1.030478
1028 1.249173
1029 1.311113
1030 1.278606
1031 0.726145
1032 1.24637
1033 0.991686
1034 1.334105
1035 1.042667
1036 1.41003
1037 1.072259
1038 1.451976
1039 1.161121
1040 0.739753
1041 0.780166
1042 0.605818
1043 0.813479
1044 0.574289
1045 0.418957
1046 0.704317
1047 0.228397
1048 0.418447
1049 0.604402
1050 0.232525
1051 0.284123
1052 0.321882
1053 0.610408
1054 0.508618
1055 0.418447
1056 0.328994
1057 0.612252
1059 0.467965
1060 0.359134
1061 0.536471
1062 0.4988
1063 0.373624
1064 0.649496
1065 0.530981
1066 0.433827
1067 0.340008
1068 0.219761
1069 0.334193
1070 0.526952
1071 0.506667
1072 0.170311
1073 0.204944
1074 0.103245
1075 0.106882
1076 0.126277
1077 0.084919
1078 0.082674
1080 0.066165
1081 0.261458
1082 0.157846
1083 0.168418
1084 0.195042
1086 0.257759
1087 0.233107
1088 0.214378
1089 0.106622
1090 0.196166
1091 0.154959
1092 0.076132
1094 0.01824
1096 0.036544
1097 0.451992
1098 0.182289
1099 0.281727
1100 0.163838
1101 0.213541
1102 0.212369
1103 0.386259
1104 0.236515
1105 0.382174
1106 0.473994
1107 0.057827
1109 0.445984
1110 0.459189
1111 0.345342
1112 0.29026
1113 0.343341
1114 0.308748
1115 0.354154
1116 0.436035
1117 0.54556
1118 0.633829
1119 0.830874
1120 0.403976
1121 0.602028
1122 0.919363
1123 0.75648
1124 0.673736
1125 0.767433
1126 1.105236
1127 0.844627
1128 0.393051
1129 0.805552
1130 0.639303
1131 0.832127
1132 0.697386
1133 0.820285
1134 0.69642
1135 0.720689
1137 0.591459
1138 0.833519
1139 0.620559
1140 0.418447
1141 0.139287
1142 0.319287
1143 0.295193
1144 0.347084
1145 0.530947
1146 0.31539
1147 0.332587
1148 0.202159
1149 0.303398
1150 0.383421
1151 0.343485
1152 0.483026
1153 0.496202
1154 0.424631
1155 0.433426
1156 0.437412
1157 0.243224
1158 0.493746
1159 0.408501
1160 0.447592
1161 0.544515
1162 0.619382
1163 0.539012
1164 0.600502
1165 0.490619
1166 0.368643
1168 0.476253
1169 0.606996
1170 0.569592
1171 0.601286
1172 0.649393
1173 0.700055
1174 0.741927
1175 0.67785
1176 0.416502
1177 0.76857
1178 0.538428
1179 0.473845
1180 0.550334
1181 0.487604
1182 0.437867
1183 0.579453
1184 0.506085
1185 0.509373
1186 0.622306
1187 0.484032
1188 0.420923
1190 0.091137
1191 0.896836
1192 0.77098
1193 0.618502
1194 0.492832
1195 0.629278
1196 0.891615
1197 1.18131
1198 1.121475
1199 1.215898
1200 0.654494
1201 0.518962
1202 0.965328
1203 0.551472
1204 0.795951
1205 1.243678
1206 1.127531
1207 0.731379
1208 1.052099
1210 0.11894
1211 0.812643
1212 0.874645
1213 0.733391
1214 0.780166
1215 0.638471
1216 0.907445
1217 0.244915
1218 0.563453
1219 1.312141
1220 1.400617
1221 1.061986
1222 0.845619
1223 1.488285
1224 1.279427
1225 0.791842
1226 0.754392
1227 0.311215
1228 0.267973
1229 0.347084
1230 0.515012
1231 0.315824
1232 0.214588
1233 0.66939
1234 0.558345
1235 0.592626
1237 0.607536
1238 1.07539
1239 0.89322
1240 0.825531
1241 0.675953
1242 0.437077
1243 0.809047
1244 0.550371
1245 0.391517
1246 0.660974
1247 0.487422
1248 0.603447
1249 0.688708
1250 0.450685
1251 0.573876
1252 0.611576
1253 0.494036
1254 0.668674
1255 0.432997
1256 0.318985
1257 0.717703
1258 0.844977
1259 0.519254
1260 0.569217
1261 0.268306
1263 0.184389
1264 0.012429
1265 0.257759
1266 0.32503
1267 0.233755
1268 0.145274
1270 0.087165
1271 0.046403
1272 0.678167
1273 0.302263
1274 0.129069
1275 0.493553
1276 0.178829
1277 0.184105
1278 0.138128
1279 0.089707
1280 0.0684
1282 0.060704
1283 0.035021
1284 0.007496
1285 0.02855
1286 0.080323
1288 0.064922
1289 0.075106
1290 0.056808
1291 0.05811
1292 0.064376
1293 0.092921
1294 0.095627
1295 0.093176
1296 0.434538
1297 0.258216
1298 0.434522
1300 0.411722
1301 0.409983
1302 0.487694
1303 0.727517
1304 0.707992
1305 0.725499
1306 0.621287
1307 0.91702
1308 0.625743
1309 0.684447
1310 0.960136
1311 0.767706
1312 1.275118
1314 1.294364
1315 1.169855
1316 1.239231
1317 1.07478
1318 1.275546
1319 1.376248
1320 0.616411
1321 0.279289
1322 0.162535
1323 0.42259
1324 0.824087
1325 1.154749
1326 1.100212
1327 1.232597
1328 1.252851
1329 1.170955
1330 0.9488
1331 0.906297
1332 0.926354
1333 1.236982
1334 0.966274
1335 0.779672
1336 1.008714
1337 0.650139
1338 0.675953
1340 0.610254
1341 0.644396
1342 0.568659
1343 0.617632
1344 0.470429
1345 0.546653
1346 0.618244
1347 0.398191
1348 0.804706
1349 0.523156
1350 0.650139
1351 0.300129
1352 0.206597
1353 0.207314
1354 0.553714
1355 0.449895
1356 0.465472
1357 0.0532
1359 0.060369
1360 1.146326
1361 0.971179
1362 1.159201
1363 1.304069
1364 1.125117
1365 0.572404
1366 0.657139
1367 0.889403
1368 0.591619
1369 0.606796
1370 0.460048
1371 0.659017
1372 0.456362
1373 0.532439
1374 0.515012
1375 0.332632
1376 0.390083
1377 0.257506
1378 0.161615
1379 0.350633
1380 0.247504
1381 0.260055
1382 0.229188
1383 0.177189
1384 0.098595
1385 0.097521
1387 0.053075
1388 0.045675
1389 0.347254
1390 0.870612
1391 0.756095
1392 0.79139
1393 0.608396
1394 0.438402
1395 0.384823
1397 0.545774
1398 0.697933
1399 0.623842
1400 0.917061
1401 0.880604
1402 0.95916
1403 0.894466
1404 1.051655
1405 1.126907
1406 0.875366
1407 0.732154
1408 0.867711
1409 0.614434
1410 0.923635
1411 0.471826
1412 0.795078
1413 0.85078
1414 0.905424
1415 0.884266
1416 1.092216
1417 0.984649
1418 1.400571
1419 1.386411
1420 1.982923
1421 1.815208
1422 1.616111
1423 1.066938
1424 1.572661
1425 0.557586
1426 0.964372
1427 0.737174
1428 1.0944
1429 0.912895
1430 0.525698
1431 0.698096
1432 0.49269
1434 0.377011
1435 0.49844
1436 0.694857
1437 0.71501
1438 1.126907
1439 0.745773
1440 0.7296
1441 0.552513
1442 0.383271
1443 0.823509
1444 0.343341
1445 0.180572
1446 0.330385
1447 0.22313
1448 0.200497
1449 0.104229
1450 0.523428
1451 0.768411
1452 0.727517
1453 1.015477
1454 0.901266
1455 1.283301
1457 1.438321
1458 1.261722
1459 1.173302
1460 1.36255
1461 1.8478
1462 1.265407
1463 2.190914
1464 2.115972
1465 2.24575
1466 2.385204
1467 2.249394
1468 2.011815
1469 2.719617
1470 2.069061
1471 2.373006
1473 0.069942
1474 5.980294
1475 2.41335
1476 3.456192
1477 2.028777
1478 2.989616
1479 2.8759
1480 3.178794
1481 3.631132
1482 4.373227
1483 2.260448
1484 2.671115
1486 0.730056
1487 4.876863
1488 1.974042
1489 1.786911
1490 2.053365
1491 1.559603
1492 1.67341
1493 2.274078
1495 1.892146
1496 2.382961
1497 2.347905
1498 2.457259
1499 2.178071
1500 1.802813
1501 2.646517
1502 2.320753
1503 2.116071
1504 2.394342
1505 1.586498
1506 1.798717
1507 1.420447
1508 2.010645
1509 2.137766
1510 1.981852
1511 1.722063
1512 1.8816
1513 1.969518
1514 1.676224
1515 1.714078
1516 1.533946
1517 1.721383
1518 1.764182
1519 1.777046
1520 1.245618
1521 1.480234
1522 1.713119
1523 1.550296
1524 1.673044
1525 2.151665
1526 1.799024
1527 2.093352
1528 1.593063
1529 1.530549
1531 1.688809
1532 1.760665
1533 1.611438
1534 2.037101
1535 1.51021
1536 1.394553
1537 1.469929
1538 1.324772
1539 1.92422
1540 1.714115
1541 2.060047
1542 1.737159
1543 1.834965
1544 2.470873
1545 1.565051
1546 1.563397
1547 1.287517
1548 1.450729
1549 1.76796
1550 1.240647
1551 1.950416
1552 2.030527
1553 1.767889
1554 1.880175
1555 2.27211
1556 3.032328
1557 2.679056
1558 1.832727
1559 1.542157
1560 0.349682
1561 1.831224
1562 1.040222
1563 0.622431
1564 1.930026
1565 2.269315
1567 2.104145
1568 2.328743
1569 1.228714
1570 1.618094
1571 1.403695
1572 1.213592
1573 1.158267
1574 1.156935
1575 1.582004
1576 0.84
1577 1.585295
1578 1.082196
1579 1.41003
1580 0.537488
1581 1.376211
1582 1.276064
1583 1.394579
1584 1.454992
1585 1.712032
1586 1.468165
1587 1.611034
1588 1.609585
1589 1.397798
1590 1.052832
1591 1.430633
1592 1.462698
1593 1.85887
1594 1.402206
1595 1.516198
1596 1.64581
1597 1.504259
1598 1.571168
1599 1.305822
1600 1.835954
1601 1.999664
1602 1.695699
1603 2.12028
1604 2.07766
1605 2.755133
1606 2.510089
1607 2.435641
1608 1.935903
1609 2.457258
1610 1.720626
1611 2.569271
1613 2.169239
1614 2.170359
1615 2.243651
1616 2.01543
1617 1.648871
1618 2.000751
1619 1.531338
1620 2.275485
1621 1.782287
1622 2.104198
1623 1.814889
1624 1.36884
1625 1.842059
1626 1.402659
1627 1.897246
1628 1.902837
1629 1.474682
1630 2.131948
1631 1.805663
1632 2.085091
1633 2.580204
1634 2.13454
1635 1.971507
1636 2.299433
1637 1.885514
1638 2.154955
1639 2.059657
1640 2.481806
1641 2.018925
1642 1.776086
1643 2.17568
1644 1.554661
1645 1.78209
1646 2.234355
1647 2.034661
1648 1.955353
1649 2.700468
1650 1.748548
1651 1.774809
1652 2.24936
1653 1.925164
1655 1.759897
1656 2.080444
1658 0.374721
1659 5.364845
1660 1.578771
1661 1.789653
1662 2.091279
1663 1.224428
1664 1.123294
1665 1.585295
1666 2.230346
1667 1.529745
1668 1.798717
1669 1.172052
1670 1.506154
1671 1.441489
1672 1.847688
1673 1.398882
1674 1.69036
1675 1.259607
1676 1.733703
1677 1.510761
1678 1.978128
1679 2.394342
1681 1.782604
1682 1.964543
1683 1.67156
1684 1.65488
1685 1.769714
1686 1.303065
1687 1.813034
1688 2.327359
1689 2.025006
1690 2.417447
1691 2.249263
1692 2.588551
1693 2.029658
1694 1.841183
1695 1.762185
1696 1.961251
1697 1.362708
1698 1.603675
1699 1.891421
1700 1.162836
1701 1.312412
1702 1.148578
1703 1.550937
1704 1.488883
1705 1.190742
1708 0.284383
1709 2.136483
1710 1.279105
1711 1.551033
1712 1.346342
1713 1.240666
1714 0.89223
1715 0.834345
1716 0.982331
1717 1.169838
1718 0.724565
1719 1.081293
1720 0.447626
1721 0.227549
1722 0.206502
1723 0.253611
1727 0.01985
1730 0.060749
1731 0.415467
1732 0.399877
1733 0.439906
1734 0.29299
1736 0.295311
1737 0.536411
1738 0.347824
1739 0.133193
1742 0.04852
1743 0.60119
1744 1.038018
1745 0.870866
1746 0.971881
1747 0.808565
1748 0.846319
1749 0.908706
1750 0.650139
1751 0.758147
1752 1.153167
1753 0.5686
1754 1.106505
1755 1.093403
1756 0.962579
1758 1.080024
1759 1.097892
1760 0.988981
1761 0.360915
1762 0.008412
1765 0.00322
1793 0.004037
1848 0.000197
1854 0.001936
1858 0.002519
1908 0.000437
1909 0.375529
1910 0.919145
1911 0.39509
1912 0.55254
1913 0.924539
1914 1.022148
1916 1.528631
1917 1.618054
1918 1.784056
1919 2.254505
1920 2.152143
1921 2.183019
1922 2.210725
1923 3.063727
1924 2.827964
1925 3.004183
1926 2.879864
1927 3.067524
1928 3.234046
1929 2.927427
1930 2.74317
1931 3.499572
1932 4.142777
1933 3.755505
1934 4.361926
1935 3.990485
1936 3.992863
1937 3.401007
1938 3.473952
1939 4.054993
1940 4.871217
1941 1.236905
1942 7.230265
1943 4.591888
1944 3.842196
1945 4.289006
1946 3.169187
1947 3.181522
1948 2.613467
1950 4.165011
1951 3.623752
1952 3.347619
1953 4.204276
1954 5.193207
1955 3.996979
1956 3.676854
1957 0.373091
1958 6.419114
1959 4.080855
1960 3.980612
1961 3.352807
1962 3.636509
1963 4.766817
1964 2.869257
1965 3.291334
1966 4.602821
1967 3.833665
1968 3.673725
1969 3.948519
1970 3.911667
1971 1.706406
1972 2.808939
1974 3.205174
1975 3.273364
1976 2.370659
1977 2.17516
1978 3.590153
1979 1.9405
1980 0.376953
1981 6.254931
1982 2.711401
1983 3.066154
1984 3.445339
1985 3.037746
1987 2.255207
1988 3.514454
1989 3.51924
1990 3.600455
1991 3.180335
1992 3.262993
1993 4.591888
1994 2.968818
1995 2.940995
1996 2.878202
1997 4.653098
1998 3.960328
2000 1.308427
2001 6.400535
2002 2.410773
2003 2.543824
2004 2.589571
2005 3.487648
2006 1.952234
2007 3.427113
2008 2.823193
2009 2.908196
2010 1.959294
2011 1.728515
2012 1.279873
2013 1.114081
2014 1.251054
2015 1.069909
2016 0.899358
2017 0.545279
2018 0.87127
2019 1.034079
2020 0.571945
2021 0.617632
2022 0.325069
2023 0.877687
2025 1.157502
2026 1.328525
2027 0.907014
2028 1.108528
2029 0.60838
2030 1.510042
2031 2.156293
2032 1.812971
2033 2.237754
2034 1.792095
2035 1.651964
2036 1.731932
2037 2.623936
2038 2.517746
2039 2.530949
2040 3.311659
2041 3.153383
2042 2.43246
2043 1.729226
2044 2.864464
2045 2.498348
2046 3.427457
2047 2.631018
2048 3.088158
2050 0.144
2051 6.65849
2052 2.60756
2053 2.604519
2055 1.532822
2056 2.492198
2057 2.035908
2058 1.667491
2059 2.31781
2060 1.43418
2061 1.716492
2062 1.412059
2063 2.069608
2064 1.866075
2065 2.328743
2066 2.079816
2067 1.935762
2068 1.949735
2069 2.470527
2070 1.630113
2071 1.811788
2072 2.071659
2073 1.589914
2074 2.03912
2075 0.75742
2076 0.801838
2077 0.996879
2078 0.927953
2079 1.126588
2080 0.719576
2081 0.832847
2082 0.976174
2083 0.574289
2084 0.791002
2085 0.515134
2086 0.49844
2087 0.418037
2088 0.415783
2089 0.747659
2090 0.575263
2091 0.44626
2092 0.342669
2093 0.297218
2095 0.212287
2096 0.252554
2097 0.255006
2098 0.239726
2099 0.150106
2100 0.147323
2284 0.000119
