954 1.825418
955 2.649998
956 0.975761
957 1.760016
958 1.382814
959 2.718515
960 2.191294
961 2.549642
962 2.354286
963 3.192071
965 2.430261
966 2.440304
967 1.61711
968 2.332579
969 1.850783
970 1.311113
971 1.32377
972 1.351604
973 1.287469
974 1.570812
975 1.49266
976 1.353885
977 1.159873
978 1.434408
979 0.526046
980 1.614511
981 1.058776
982 1.051482
983 0.877442
984 2.022617
985 1.272381
986 1.793375
987 2.134857
988 1.603294
989 1.902354
990 1.391239
991 1.723137
992 1.820044
993 1.924178
994 1.399152
995 1.418931
996 1.953962
997 1.763604
998 2.415201
999 1.549325
1000 2.084242
1001 2.196268
1002 2.537633
1003 2.705162
1004 2.99566
1005 2.275473
1006 2.274989
1007 1.764781
1008 2.055417
1009 1.547592
1010 1.875888
1011 1.550553
1013 1.427453
1014 1.443165
1015 0.975525
1017 0.070888
1018 4.211802
1019 1.533568
1020 1.450867
1021 2.008119
1022 1.662995
1023 1.667935
1024 1.902354
1025 1.582113
1026 1.543608
1027 1.4592
1028 1.321036
1029 1.504782
1030 1.575325
1031 1.935153
1032 1.285717
1033 1.659497
1034 1.122651
1035 1.902354
1036 1.755528
1037 2.017427
1038 1.472184
1040 1.863731
1041 1.644448
1042 1.946086
1043 1.596349
1044 2.037101
1045 1.674907
1046 1.553023
1047 2.006581
1048 1.571824
1049 2.253814
1050 1.668699
1051 1.664381
1052 2.164985
1053 1.924202
1054 2.20848
1055 1.642347
1056 1.597682
1057 1.769158
1058 2.221307
1059 1.793822
1060 1.766969
1061 1.810352
1062 2.067615
1063 2.138857
1064 1.707908
1065 2.136737
1066 1.98205
1067 1.921069
1068 2.472975
1069 2.127137
1070 2.01405
1071 2.012765
1072 2.180123
1073 2.027789
1074 1.485954
1075 0.713424
1076 1.020294
1077 1.331466
1078 1.486672
1079 1.3557
1080 1.535621
1081 1.315019
1082 0.868539
1083 1.829721
1084 2.171683
1085 1.506153
1086 2.247759
1087 2.055417
1088 1.287529
1089 1.628715
1090 2.394342
1091 1.475833
1092 1.831224
1093 1.233882
1094 0.858638
1095 1.208991
1096 1.376063
1097 0.715901
1098 1.620581
1100 1.378797
1101 1.685616
1102 2.23501
1103 1.887715
1104 1.374315
1105 1.756515
1106 2.186613
1107 2.007453
1108 1.646418
1109 1.997714
1110 1.548299
1111 1.950416
1112 2.062229
1113 1.686514
1114 2.063773
1115 2.525538
1116 1.936551
1118 0.81783
1119 1.203948
1120 1.105236
1121 0.660503
1122 0.274849
1126 0.7981
1127 0.953537
1128 0.9588
1129 2.01543
1130 1.059984
1131 0.680676
1132 0.406105
1133 0.426086
1134 0.59596
1135 0.493553
1136 0.433426
1137 0.191254
1138 0.193414
1139 0.111836
1140 2.197254
1141 1.903992
1142 1.775161
1143 1.039333
1144 1.385974
1145 1.106527
1146 1.21137
1147 0.993361
1148 1.096122
1149 1.172956
1150 0.731784
1151 0.653182
1152 0.777213
1153 1.758857
1154 1.984711
1155 1.924412
1156 1.637664
1158 2.020713
1159 2.242166
1160 1.848563
1161 2.307946
1162 2.265917
1163 2.984727
1164 2.70157
1165 2.668393
1166 2.197546
1167 2.13251
1168 1.903063
1169 2.394677
1170 1.572541
1171 2.261333
1172 1.815697
1173 1.657853
1174 1.753735
1175 1.721654
1176 2.197546
1177 1.859269
1178 1.62886
1179 1.856188
1180 1.235366
1181 1.300277
1182 1.126106
1183 0.644823
1184 0.504282
1185 1.256935
1186 0.85478
1187 0.751796
1188 0.60903
1189 0.419269
1190 0.92642
1191 1.834871
1192 1.584699
1194 0.783247
1195 1.009287
1196 0.771379
1197 0.896511
1198 1.180235
1199 0.677443
1202 0.045291
1203 1.231198
1204 0.280083
1205 0.186899
1264 0.000371
1265 0.48687
1266 0.255529
1267 0.097889
1268 0.807054
1270 0.946793
1271 0.943993
1272 0.953164
1273 1.00976
1274 1.109653
1275 0.784047
1276 0.839083
1277 0.643765
1278 0.603365
1279 1.404004
1280 1.470553
1281 1.857752
1282 1.176021
1283 1.653861
1284 2.400488
1285 2.101828
1286 2.094842
1287 1.715892
1288 1.819798
1289 2.150698
1290 2.700263
1291 2.356246
1292 2.811402
1293 2.177914
1294 1.156347
1297 0.15612
1298 0.292026
1299 1.558519
1300 1.955676
1301 2.166595
1302 2.543577
1304 2.211941
1305 2.935145
1306 2.927113
1307 2.988281
1308 3.133972
1309 2.590048
1310 2.467313
1311 2.132751
1312 2.135586
1313 1.999417
1314 1.964103
1315 1.780491
1316 1.93035
1317 2.394342
1318 1.903414
1319 2.201688
1320 1.538083
1321 1.632471
1322 1.319336
1323 1.626957
1324 0.845853
1325 1.029386
1326 1.006718
1327 1.264523
1328 1.66238
1329 0.404285
1331 0.222401
1332 1.212424
1333 0.737554
1334 1.219389
1335 0.90025
1336 1.005842
1337 1.486354
1338 1.453193
1339 0.528696
1340 0.531262
1341 0.439906
1342 0.064376
1343 0.488991
1344 1.249579
1345 1.917909
1346 1.466115
1347 1.885988
1348 1.652618
1349 1.579718
1350 1.84731
1351 1.88197
1352 1.424254
1353 1.728192
1354 1.645499
1355 1.181085
1356 1.205621
1357 1.184401
1358 1.532859
1359 0.811748
1360 0.578049
1361 0.658765
1362 0.581376
1363 0.572024
1364 0.773928
1365 0.648323
1366 1.235437
1367 1.48619
1368 1.263945
1370 1.553827
1371 1.27269
1372 0.859996
1373 1.114967
1374 0.827002
1375 1.380963
1376 1.427222
1377 1.511365
1378 1.481158
1379 1.271264
1380 1.314454
1381 1.506154
1382 0.983397
1383 1.330447
1384 1.354455
1385 0.744851
1386 1.441141
1387 1.545171
1388 1.104722
1389 0.942371
1390 1.344701
1391 1.199631
1392 0.408792
1393 0.178892
1394 0.134557
1395 0.052615
1398 0.009859
1401 0.017154
1404 0.046999
1405 0.119389
1406 0.067437
1407 0.171
1409 0.10978
1410 0.349858
1411 0.461653
1412 0.443917
1413 0.672583
1414 0.764966
1415 0.716824
1416 0.772274
1417 1.114118
1418 1.283524
1419 1.300064
1420 1.156246
1421 1.905287
1422 1.563603
1423 1.521871
1424 1.869537
1425 1.963285
1426 1.738772
1427 1.673343
1428 2.272407
1429 1.549782
1430 1.494183
1431 1.223153
1432 1.260406
1433 1.199295
1434 1.814889
1435 0.672444
1437 0.234009
1439 1.808909
1440 1.561974
1441 1.357032
1442 1.48004
1443 1.946614
1444 1.902725
1445 1.893864
1446 1.769981
1447 1.626022
1448 1.518354
1449 1.497765
1450 1.847688
1451 1.534089
1452 1.672759
1453 1.052665
1454 2.058772
1455 1.444903
1456 1.814889
1457 1.528584
1458 2.102115
1459 1.226669
1460 1.842059
1461 1.319335
1462 1.705558
1463 1.171933
1464 1.679525
1466 1.340673
1467 1.304807
1468 1.333834
1469 0.995662
1470 1.069115
1471 1.183398
1472 1.275513
1473 1.760088
1474 1.709187
1475 1.417937
1476 1.581203
1477 1.861742
1478 1.847688
1479 1.555219
1480 1.54266
1481 1.404555
1482 1.695717
1483 1.63482
1484 1.559651
1485 1.419007
1486 1.354986
1488 1.611385
1489 1.963482
1490 1.353039
1491 1.207087
1492 1.727425
1493 1.429187
1494 1.791992
1495 1.78209
1496 0.778759
1497 0.531566
1498 0.574858
1499 0.822694
1500 0.637515
1501 0.152024
1503 0.0448
1504 1.844469
1505 1.415279
1506 1.948563
1507 1.341419
1508 1.708428
1509 1.359628
1510 1.204562
1511 1.602635
1512 2.314478
1513 2.489822
1514 2.053082
1515 2.249156
1516 3.131533
1517 2.665568
1518 2.572444
1519 1.729855
1520 2.776999
1521 2.379692
1522 2.596787
1523 2.946986
1524 2.700747
1525 2.739577
1526 3.420188
1527 2.228349
1528 3.013391
1529 2.201405
1530 2.297156
1531 1.408837
1532 1.755374
1533 1.57684
1534 2.17568
1535 0.951105
1536 1.962072
1537 1.925946
1538 2.591137
1539 2.317113
1540 3.441047
1541 3.267164
1542 3.70822
1543 3.211786
1544 3.057974
1545 3.95893
1546 2.606226
1547 2.469371
1548 2.04934
1549 2.145277
1550 2.131611
1551 2.055568
1553 2.319126
1554 2.733267
1555 1.220646
1556 1.028368
1557 0.769331
1558 0.606227
1559 0.355613
1560 0.645281
1561 0.236511
1562 0.28341
1563 0.581004
1565 0.429535
1566 1.076486
1567 1.265707
1568 1.08255
1569 1.430305
1570 0.936959
1571 1.021049
1572 0.877687
1573 0.765017
1574 0.108223
1575 0.246776
1577 0.114198
1578 1.739513
1579 1.731441
1580 1.300372
1581 1.767264
1582 1.382168
1583 1.437059
1584 1.996484
1585 2.000503
1586 1.816376
1587 1.74316
1588 1.834585
1589 1.766751
1590 1.592722
1591 1.763261
1592 1.681817
1593 1.803956
1594 0.877754
1595 0.375529
1596 0.379248
1597 0.117768
1599 0.012944
1600 1.224421
1601 1.1156
1602 1.072941
1603 0.77807
1604 0.945115
1605 0.735293
1606 0.587451
1607 0.500919
1608 0.607397
1609 0.697306
1610 0.590386
1611 0.39131
1612 0.35404
1613 0.235816
1614 0.305757
1615 0.34353
1616 0.530947
1617 0.306234
1618 0.368793
1619 0.402657
1621 0.185842
1622 0.127184
1638 0.005448
1639 0.358881
1640 0.569174
1641 0.568659
1642 0.826667
1643 0.601126
1644 0.812052
1645 1.033877
1646 1.089055
1647 1.644284
1648 1.334711
1649 1.390202
1650 1.103945
1651 0.953537
1652 0.375324
1653 1.396875
1654 0.834005
1656 0.673477
1657 0.097424
1658 0.05493
1659 0.325069
1660 0.396521
1661 0.56267
1662 0.934375
1663 0.268491
1664 0.813419
1665 0.715362
1666 1.005881
1667 0.829574
1668 0.48627
1669 1.023674
1670 1.072815
1671 1.320285
1672 1.198279
1673 1.375768
1675 1.980198
1676 2.656735
1677 2.190117
1678 2.054299
1679 1.336186
1680 1.734897
1681 1.921239
1682 1.98635
1683 1.933069
1684 1.903512
1685 1.845747
1686 2.741418
1687 2.305247
1688 1.976489
1689 2.613003
1690 1.879252
1691 2.28
1692 1.908824
1693 1.952456
1694 2.350609
1695 1.724114
1696 2.059624
1697 2.232831
1698 2.099149
1699 1.968472
1700 2.273253
1701 2.111309
1702 1.930656
1703 1.493925
1704 1.822255
1705 1.132167
1706 0.546664
1707 0.184969
1708 0.446028
1709 0.477714
1710 0.304677
1711 0.257506
1712 0.231731
1713 0.335573
1714 0.665166
1715 0.652724
1717 0.349582
1718 0.750323
1719 0.60598
1720 0.942701
1721 0.779568
1722 0.918378
1723 0.4672
1725 0.086685
1726 1.47507
1727 1.180422
1728 1.97893
1729 1.464952
1730 1.859077
1731 1.838168
1732 1.282701
1733 1.670527
1734 1.711217
1735 1.639017
1737 1.72425
1738 1.920922
1739 1.849609
1740 1.636662
1741 1.793201
1742 1.909706
1743 1.830927
1744 2.186613
1745 1.658577
1746 1.295289
1747 1.537385
1748 1.957019
1749 1.547956
1750 1.580611
1751 1.902354
1752 1.536588
1753 1.410561
1754 1.661826
1755 1.59478
1756 1.811346
1757 1.310868
1758 1.366644
1760 1.105066
1761 1.712032
1762 1.929403
1763 1.279374
1764 1.831224
1765 1.552612
1766 1.917909
1767 1.520493
1768 1.701196
1769 1.78209
1770 1.568989
1771 2.080444
1772 1.472562
1773 1.847688
1774 1.424206
1775 1.647018
1776 1.240657
1777 1.256935
1778 1.027349
1779 1.408634
1780 0.914869
1781 1.050644
1782 1.01855
1783 1.207267
1784 1.51699
1785 0.592551
1786 1.76621
1787 1.554115
1788 1.648309
1789 2.048959
1790 2.593598
1791 2.004952
1792 1.824894
1794 2.311054
1795 2.396307
1796 2.76461
1797 2.586476
1798 2.660319
1799 3.104991
1800 2.698619
1801 3.29256
1802 3.364618
1803 2.13614
1804 2.494011
1805 2.673757
1807 2.248317
1808 2.728352
1809 2.443095
1810 1.92776
1811 2.040452
1812 2.020755
1813 2.082693
1814 1.92664
1815 1.900261
1816 2.064144
1817 1.909635
1818 1.956916
1819 2.394677
1820 1.634537
1822 0.07443
1823 4.892087
1824 2.029065
1825 1.789856
1827 0.065165
1828 5.242845
1829 1.852895
1830 1.547774
1831 2.06635
1832 1.55539
1834 1.567802
1835 2.079904
1836 1.426206
1837 1.682644
1838 2.080444
1839 1.763433
1840 2.058772
1841 1.732412
1842 1.753638
1843 1.623604
1844 1.863731
1845 1.416255
1846 1.935153
1847 1.602455
1848 1.561917
1849 2.11295
1850 1.752598
1851 1.814889
1852 1.989297
1853 2.613003
1854 1.709774
1856 0.918086
1857 0.885578
1858 1.706787
1859 1.032453
1860 0.805953
1861 1.20382
1862 1.117177
1863 1.172772
1864 1.453415
1865 0.982617
1866 1.13887
1867 1.044327
1868 1.607161
1869 0.933982
1870 1.475964
1871 0.91463
1872 1.148578
1873 1.027708
1874 0.633346
1875 1.041253
1876 0.695651
1877 0.856016
1878 0.985068
1879 0.707729
1880 1.270286
1881 0.902886
1883 0.093223
1884 3.155984
1885 1.059532
1886 0.975572
1887 0.762335
1888 0.72499
1889 0.686682
1890 0.693481
1891 0.629814
1892 0.536471
1893 0.316918
1894 0.606796
1895 0.510012
1896 0.30348
1897 0.246776
1898 0.911737
1899 1.392492
1900 1.358065
1901 1.056112
1902 1.518543
1904 1.34478
1905 1.749514
1906 1.366866
1907 1.703616
1908 1.389043
1909 1.624136
1910 1.780508
1911 1.602722
1912 1.498334
1913 1.645209
1914 1.695976
1915 1.421089
1916 1.382853
1917 1.520526
1918 1.606463
1919 2.037101
1920 1.53389
1921 1.974042
1922 1.25799
1923 1.420876
1924 1.34362
1925 0.944808
1926 1.148578
1927 1.192503
1928 0.952555
1929 1.180235
1930 0.877836
1932 1.019155
1933 1.24637
1934 1.053972
1935 1.278606
1936 1.04624
1937 1.173594
1938 1.372843
1939 0.975246
1940 1.321754
1941 1.168922
1942 1.25818
1943 1.26432
1944 1.64865
1945 1.261874
1946 1.231349
1947 1.453415
1948 1.157666
1949 1.705558
1950 1.148456
1952 1.104171
1953 1.255691
1954 1.152381
1955 0.935692
1956 0.827717
1961 0.106233
1962 0.484678
1963 0.980627
1964 1.476564
1965 1.481268
1966 1.947477
1968 1.298533
1969 1.119319
1970 0.865804
1971 1.281122
1972 1.419469
1973 0.924499
1974 1.132513
1975 0.835295
1976 1.287529
1977 0.747435
1978 1.24637
1979 1.344951
1980 1.203012
1981 1.571168
1982 1.124012
1983 1.507647
1984 1.13242
1985 1.437741
1986 1.174494
1987 1.423985
1988 1.701196
1989 1.220716
1990 1.388959
1992 1.536381
1993 1.924253
1994 1.916827
1995 2.120817
1996 2.090141
1997 1.976991
1998 1.926837
1999 2.038272
2000 1.94177
2001 1.661508
2002 1.632151
2003 1.825822
2004 0.090332
2005 4.186823
2006 2.06635
2007 1.720314
2008 2.295944
2009 1.857078
2010 1.70627
2011 2.008571
2012 1.252
2013 1.780571
2014 1.269388
2015 1.158776
2016 0.585125
2017 0.340008
2018 0.336238
2020 0.247638
2021 0.26082
2022 0.118024
2023 0.104229
2024 0.270891
2025 0.382509
2026 0.209419
2027 0.246535
2028 0.289978
2029 0.563138
2030 0.558965
2031 0.274369
2032 0.403759
2033 0.535945
2034 0.698339
2035 0.660032
2036 0.584287
2037 0.772518
2038 0.76834
2039 0.524349
2040 0.526154
2041 0.386259
2042 0.312093
2043 0.28941
2044 0.316743
2046 0.454489
2047 0.257506
2048 0.395824
2049 0.654626
2050 0.690083
2051 0.226406
2052 0.205383
2053 0.548985
2054 0.542842
2055 0.426515
2056 0.422462
2067 0.002914
2068 0.178891
2069 0.360791
2070 0.428408
2072 0.606571
2073 0.967577
2074 1.199366
2075 1.21226
2076 1.419037
2077 1.444836
2078 1.435042
2079 1.494034
2080 1.955205
2081 1.55105
2082 1.6995
2083 1.999109
2084 1.946233
2085 1.918222
2087 1.461366
2088 1.126106
2089 1.965919
2090 2.01361
2091 2.06664
2092 2.031233
2093 1.701664
2094 2.102421
2095 1.999329
2097 1.969193
2098 1.814554
2099 1.881846
2100 1.913287
2101 0.604447
2102 1.396415
2103 1.35605
2104 1.738358
2105 1.154379
2106 1.263985
2107 1.297266
2108 1.269027
2109 1.180456
2110 0.965647
2111 0.787356
2112 0.875383
2113 0.867176
2114 0.932733
2115 1.150811
2116 1.353348
2117 1.203612
2118 1.3885
2119 1.056478
2120 1.288981
2121 1.775288
2122 0.858125
2123 1.137743
2124 1.377491
2125 0.829679
2126 1.202637
2127 0.824829
2129 0.08131
2130 2.792921
2131 0.94785
2132 1.191921
2133 0.939343
2134 0.954918
2135 0.621931
2136 0.639303
2137 0.427893
2138 0.847698
2139 0.788659
2140 0.740397
2141 0.747659
2142 0.702552
2143 0.846018
2144 0.808373
2146 0.903881
2147 1.083564
2148 0.721671
2149 1.362635
2150 0.774297
2151 0.713477
2152 1.135904
2153 0.625272
2154 0.396988
2155 0.606796
2156 0.399881
2157 0.541246
2158 0.350974
2159 0.237077
2160 0.294646
2161 0.281727
2162 0.284123
2163 0.270144
2164 0.2736
2165 0.255006
2167 0.273337
2168 0.281417
2169 0.42118
2170 0.49844
2171 0.36903
2172 0.520111
2173 0.402222
2174 0.322051
2175 0.611875
2176 0.641867
2177 0.601063
2178 0.610981
2179 0.562051
2180 0.499301
2181 0.376951
2182 0.551977
2183 0.321975
2184 0.305515
2185 0.212301
2186 0.246776
2187 0.203859
2188 0.138639
2189 0.163506
2193 0.032276
2194 0.754218
2195 0.225539
2196 0.12553
2197 0.268235
2198 0.388313
2200 0.416153
2201 0.254758
2202 0.306267
2203 0.403759
2204 0.29004
2205 0.337779
2206 0.485893
2207 0.634882
2208 0.7847
2209 0.608117
2210 0.732464
2211 0.656024
2212 0.685569
2213 0.677412
2214 1.028715
2215 0.879146
2216 0.994268
2217 1.169838
2218 0.8818
2219 0.888168
2220 1.077645
2221 1.109395
2222 0.981804
2223 1.354347
2224 1.08961
2226 1.113108
2227 1.452385
2228 1.291369
2229 1.721163
2230 1.386254
2231 1.42216
2232 1.889533
2233 1.404651
2234 0.47204
2235 1.272205
2236 1.125134
2237 1.63996
2238 1.618094
2239 1.220684
2240 1.575849
2241 1.296223
2242 1.558789
2243 1.406932
2244 1.123165
2247 0.504269
2248 2.114678
2249 1.560333
2250 1.22489
2251 1.591264
2252 1.6416
2253 1.198454
2254 0.114473
2255 2.658213
2256 1.11738
2257 1.530857
2258 1.238661
2259 1.191704
2260 0.818122
2261 0.899358
2262 0.8677
2263 0.868027
2264 0.743046
2265 0.56585
2266 0.825143
2267 0.536604
2268 0.924543
2269 0.986607
2270 1.124532
2271 0.96625
2272 1.187339
2274 1.103249
2275 1.209038
2276 1.381661
2277 0.543658
2278 1.164777
2279 1.146774
2280 1.126198
2281 0.877687
2282 1.030657
2283 1.136675
2284 1.068688
2285 0.964361
2286 1.059152
2287 1.191075
2288 1.164396
2289 1.217388
2290 1.265566
2291 1.568793
2292 1.982923
2293 1.107037
2294 1.485846
2295 1.399569
2296 1.061678
2297 1.760979
2298 1.405275
2299 1.833039
2300 1.324571
2301 0.908054
2302 0.736095
2303 0.78094
2304 0.720144
2305 0.812673
2306 0.59596
2307 0.643765
2308 0.551541
2309 0.741784
2310 0.836894
2311 0.70598
2312 0.837925
2313 0.998585
2314 1.103641
2315 1.268236
2316 0.801388
2317 1.300348
2318 1.22992
2319 1.409879
2320 1.237513
2321 1.453758
2322 1.07415
2323 1.260365
2324 1.692036
2326 1.408634
2327 1.344935
2328 1.831224
2329 1.063224
2330 1.69036
2331 1.145525
2332 1.465031
2333 1.003453
2334 1.312412
2335 1.002957
2336 0.62909
2337 0.834345
2338 1.103624
2339 1.248648
2340 1.095485
2341 1.030561
2342 1.605265
2343 1.456008
2344 1.112238
2345 1.308048
2346 0.828436
2347 1.697082
2348 1.016423
2349 1.462812
2350 1.27878
2351 1.396932
2352 0.711891
2353 0.504282
2354 0.760848
2355 1.41988
2356 0.948408
2357 1.082374
2358 0.942656
2359 0.904673
2360 0.754754
2361 1.007715
2362 0.789481
2363 0.626054
2364 0.519313
2365 0.653682
2366 0.97771
2367 0.760434
2368 1.475716
2369 1.043351
2370 0.654416
2371 0.696501
2372 0.705714
2373 0.504603
2375 0.1197
2376 1.162597
2377 1.463569
2378 1.08314
2379 1.305046
2380 1.120425
2381 1.218561
2382 1.210424
2383 1.431209
2384 1.009619
2385 0.823509
2386 0.642936
2387 0.813479
2388 1.118913
2389 1.290347
2390 1.194789
2391 1.323259
2392 1.16098
2393 1.143611
2394 1.376127
2395 1.179005
2396 1.530936
2397 0.976376
2398 0.329383
2399 1.237879
2400 0.889117
2401 1.071668
2402 0.894882
2403 1.541562
2404 1.341764
2405 1.57398
2406 1.531546
2407 2.110082
2408 1.466939
2409 1.351104
2410 1.016775
2411 0.791577
2412 0.488761
2413 0.699018
2414 0.608
2415 0.55658
2416 0.872032
2417 0.841846
2418 0.723969
2419 1.074765
2420 1.527664
2421 1.28394
2423 1.201607
2424 1.433338
2425 1.260204
2426 1.509872
2427 1.458102
2428 1.306741
2429 1.240063
2430 1.603675
2431 1.14495
2432 0.855262
2433 0.823509
2434 1.062298
2435 1.399183
2436 1.114487
2437 1.228068
2438 1.27337
2439 1.595067
2440 1.567374
2441 1.306075
2442 0.910194
2443 0.715826
2444 1.978885
2445 1.601822
2446 1.839952
2447 1.492764
2448 1.257303
2449 1.044916
2450 1.5756
2451 1.665419
2453 1.986186
2454 2.241279
2455 1.454573
2456 1.225641
2457 1.009658
2458 0.987106
2459 0.67181
2460 0.231255
2461 0.804103
2462 1.344767
2463 0.609579
2464 0.812673
2466 0.580513
2467 0.794756
2468 1.167461
2469 1.01562
2470 0.997835
2471 0.686446
2472 1.410366
2473 1.531612
2474 1.825687
2475 1.439804
2476 1.603675
2477 0.935992
2478 1.224428
2479 1.24354
2480 1.205459
2481 1.160563
2482 1.105964
2483 1.048759
2484 1.546454
2485 1.073043
2486 1.049574
2487 0.849609
2488 0.945647
2489 0.617632
2491 0.157365
2492 0.282973
2493 0.233755
2494 0.140565
2495 0.154868
2496 0.163649
2503 0.018225
2504 0.822896
2505 0.189415
2506 0.212085
2507 0.354071
2509 0.261136
2510 0.238384
2511 0.299411
2512 0.342601
2513 0.386638
2514 0.318251
2515 0.289459
2516 0.386715
2517 0.423009
2518 0.295818
2519 0.375581
2520 0.522174
2521 0.826448
2522 1.043171
2523 0.78744
2524 1.184032
2525 0.918561
2527 0.845113
2528 0.833258
2529 1.30781
2530 1.13219
2531 0.959782
2532 1.152283
2533 1.167338
2534 1.177331
2535 1.333834
2536 1.023317
2537 1.264918
2538 1.379782
2539 1.253208
2541 1.499972
2542 1.716539
2543 1.867903
2544 2.197546
2545 1.541267
2546 1.670438
2547 2.045442
2548 1.793566
2549 1.752267
2550 1.858621
2551 1.398839
2552 1.347786
2553 1.153427
2554 1.461365
2555 1.065687
2556 1.135515
2557 1.603675
2558 1.172675
2559 1.256935
2560 0.779631
2561 1.275221
2562 1.277318
2563 1.140452
2564 1.311968
2565 1.183318
2566 1.457771
2567 1.306405
2568 1.088283
2569 1.34362
2570 1.007715
2571 0.671976
2572 0.336238
2574 0.185342
2575 0.823509
2576 0.493553
2577 0.372309
2578 0.650139
2579 0.758495
2580 0.515827
2581 0.668741
2582 0.585459
2583 0.504282
2584 0.465933
2585 0.525741
2586 0.43605
2587 0.536997
2588 0.441718
2589 0.546653
2590 0.477714
2591 0.235059
2592 0.386259
2593 0.393134
2594 0.265141
2595 0.386259
2596 0.415457
2597 0.382183
2598 0.41286
2599 0.415643
2600 0.463015
2601 0.300502
2602 0.491382
2603 0.531484
2604 0.643596
2605 0.586954
2606 0.483271
2608 0.300068
2609 0.455097
2610 0.418627
2611 0.336519
2612 0.225358
2613 0.407718
2615 0.343765
2616 0.381503
2617 0.433426
2618 0.342246
2619 0.374346
2620 0.403869
2621 0.448145
2622 0.506761
2623 0.488292
2624 0.484921
2625 0.514801
2626 0.578169
2627 0.591379
2628 0.677022
2629 0.719407
2630 0.753624
2631 0.522322
2632 0.781402
2633 1.010329
2634 0.909735
2635 0.767683
2637 0.69944
2638 0.682646
2639 0.667747
2640 0.582635
2641 0.488356
2642 0.675953
2643 0.578612
2644 0.472094
2645 0.231208
2646 0.693481
2647 0.486314
2648 0.570504
2649 0.927193
2650 1.328647
2651 1.491333
2652 1.328448
2653 1.148833
2654 1.275347
2655 1.408698
2656 1.178688
2657 1.465031
2658 1.32215
2659 1.061498
2661 0.902415
2662 1.724575
2663 1.072642
2664 1.255691
2665 0.490823
2666 0.411655
2667 0.579453
2668 0.977229
2669 1.123149
2670 1.315764
2671 1.011309
2672 1.126907
2673 0.953
2674 0.717067
2675 0.697412
2676 0.663647
2677 0.639303
2678 0.763259
2679 1.126588
2680 0.519564
2681 0.520111
2682 0.458606
2684 0.297613
2685 0.465933
2686 0.121251
2687 1.250133
2688 0.869814
2689 1.139069
2690 0.956747
2691 0.79964
2692 0.873213
2693 1.065063
2694 0.907758
2695 0.777087
2696 1.009883
2697 1.11553
2698 1.506154
2699 1.254434
2700 1.214012
2701 1.257373
2702 1.293613
2703 1.316268
2705 1.257421
2706 1.27877
2707 0.93161
2708 1.430305
2709 0.996102
2710 1.464262
2711 1.015664
2713 1.104346
2714 1.549497
2715 1.212253
2716 1.244746
2717 1.326839
2718 0.626582
2719 0.745082
2720 0.7871
2721 1.0944
2722 0.882303
2723 1.217197
2724 0.919699
2725 1.331466
2726 0.948258
2727 1.311113
2728 1.045155
2729 1.039395
2730 1.507257
2732 1.305137
2733 1.681189
2734 1.275466
2735 1.755374
2736 1.337159
2737 1.378102
2738 1.551033
2739 0.586292
2740 0.411655
2741 0.215138
2742 0.347468
2743 0.459114
2744 0.499386
2745 0.358089
2746 0.411985
2748 0.060794
2751 0.274466
2752 0.861545
2753 0.564467
2754 0.710566
2755 0.354788
2756 0.767281
2758 0.644445
2759 0.794419
2760 0.844211
2761 0.863936
2762 0.856864
2763 0.515604
2764 0.736824
2765 0.3648
2766 0.245389
2767 0.856016
2768 0.834073
2769 0.773915
2770 0.685972
2771 1.167773
2772 1.805203
2773 2.374421
2774 1.675833
2775 2.109899
2776 2.404204
2777 2.156484
2778 2.466939
2779 2.614469
2780 1.799119
2781 1.727048
2782 1.961251
2783 1.66436
2784 2.206922
2785 1.880488
2786 1.695461
2787 2.036731
2788 1.748
2789 1.329711
2791 2.208885
2792 2.48812
2793 2.109368
2794 1.832072
2795 1.481768
2796 1.952753
2797 1.861706
2798 2.060813
2799 1.652824
2800 1.877644
2801 2.156293
2802 1.899677
2803 1.85051
2804 2.361542
2805 1.704435
2806 2.207222
2807 2.078005
2808 2.241279
2809 2.019235
2810 2.176357
2811 2.305709
2812 1.810194
2813 2.01543
2814 1.576446
2815 2.190927
2816 1.591097
2817 1.67328
2818 2.142881
2820 1.97385
2821 3.136248
2822 3.258054
2823 2.782659
2824 2.236147
2825 3.167425
2826 2.846045
2827 2.316373
2828 2.055972
2829 2.481806
2830 2.374833
2831 2.423054
2832 2.77405
2833 3.093586
2834 2.798311
2835 2.70675
2836 3.582534
2837 3.848955
2838 2.386144
2839 2.771069
2840 2.583071
2841 3.490438
2842 2.662509
2843 3.362717
2844 3.164819
2845 2.814445
2846 2.798954
2847 2.636151
2848 2.40711
2849 2.076306
2850 2.814792
2851 2.247504
2852 1.884372
2853 1.887223
2854 1.817312
2855 1.897563
2857 2.068051
2858 2.657167
2859 1.950422
2860 2.045451
2861 2.197612
2863 0.081631
2864 5.890607
2865 2.503034
2866 2.167129
2867 2.276887
2868 2.62656
2869 2.242533
2870 2.353633
2871 1.772084
2872 2.123612
2873 2.332377
2874 2.92191
2875 2.872507
2876 2.733267
2877 1.875635
2878 2.344607
2879 2.34231
2880 2.243395
2882 2.005845
2883 1.749291
2884 1.705388
2885 1.835724
2886 2.291117
2887 2.795244
2888 3.345518
2889 2.345648
2890 2.303704
2891 2.911819
2892 3.312719
2893 2.855952
2894 2.66927
2895 1.896024
2896 2.925624
2897 2.200364
2898 2.243481
2899 1.849686
2900 2.809798
2901 2.127183
2902 2.411081
2903 2.344902
2904 2.935944
2905 2.874291
2906 2.423453
2907 2.305606
2908 2.125479
2909 2.188705
2910 1.900341
2911 2.78476
2912 2.308555
2913 1.790216
2914 2.547405
2915 1.809768
2916 1.889818
2917 2.448855
2918 2.023063
2919 2.558338
2920 1.888048
2921 2.40811
2922 2.679056
2925 0.185456
2926 4.911485
2927 1.270286
2928 1.880488
2929 2.121015
2930 1.919017
2931 2.45994
2932 1.730878
2933 2.07521
2934 1.461563
2935 2.492739
2936 1.873697
2937 1.897271
2938 1.885397
2939 2.383409
2940 1.90197
2941 2.494668
2942 1.827572
2943 2.766066
2944 2.049477
2945 2.027887
2946 2.229405
2947 3.04
2948 2.483822
2951 0.459409
2952 4.539184
2953 1.825822
2954 2.121015
2956 1.840424
2957 2.634869
2958 2.877143
2959 2.485331
2960 3.350004
2961 2.489986
2962 1.376127
2963 0.536274
2964 0.389673
2965 0.109331
2966 1.566936
2967 2.857882
2968 3.134605
2970 2.526321
2971 3.361958
2972 1.883484
2973 1.727425
2974 1.487065
2975 2.273236
2976 1.877066
2977 1.856533
2978 2.210471
2979 1.209038
2980 1.401694
2981 1.986857
2982 1.551497
2983 1.648618
2984 1.559885
2985 1.997629
2986 1.763794
2987 1.844547
2988 1.915094
2989 1.613701
2990 1.813442
2991 1.885529
2992 1.616277
2993 1.674334
2994 1.387019
2995 2.355038
2996 1.83657
2997 1.918059
2998 2.073449
2999 2.055856
3000 2.222505
3001 2.123045
3002 2.02225
3003 1.99481
3004 2.025549
3005 2.959904
3006 2.316691
3007 2.502697
3008 2.831664
3009 2.338014
3010 2.265633
3011 2.474749
3012 2.606313
3013 2.897263
3014 2.014462
3015 2.040437
3016 2.113455
3018 2.27273
3019 2.700468
3020 1.917035
3021 1.932603
3022 2.199636
3023 2.051021
3024 2.238517
3025 2.59582
3026 2.48211
3027 2.127511
3028 2.197765
3029 2.831664
3030 0.765687
3031 2.319425
3032 2.558338
3033 2.333996
3034 2.689903
3035 1.667269
3036 2.138693
3037 1.80164
3038 1.845484
3039 2.241279
3040 1.859855
3041 1.88045
3043 1.964793
3044 2.555784
3045 2.002573
3046 1.857144
3047 1.851287
3048 1.85684
3049 1.770148
3050 0.122957
3051 3.726558
3052 1.718498
3053 1.576904
3054 1.622921
3055 2.062723
3056 2.248495
3057 2.309574
3058 2.547405
3059 1.789384
3061 1.713555
3062 1.789653
3063 1.378925
3064 1.362635
3065 1.213592
3066 0.700987
3067 1.065057
3068 1.845844
3069 1.494834
3070 1.769714
3071 1.61194
3072 2.274078
3073 1.676852
3074 2.448855
3075 1.485236
3076 2.03912
3077 1.257902
3078 1.387114
3079 1.127641
3080 1.421299
3081 1.422286
3082 0.843226
3084 0.760587
3085 0.53794
3086 0.888727
3087 1.431437
3088 1.260663
3089 1.410716
3090 1.099274
3091 1.196832
3092 0.623833
3093 0.721582
3094 0.634732
3095 0.246535
3096 0.134346
3097 0.065598
3099 0.013249
3100 1.601698
3101 1.318125
3102 1.280151
3103 1.09975
3104 1.234566
3105 1.054863
3106 0.93703
3107 0.91802
3108 1.316466
3109 1.225903
3110 1.454889
3111 1.240063
3112 0.987429
3113 0.997246
3114 0.987021
3116 0.390896
3121 0.007974
3141 0.000536
3142 0.361258
3144 0.546599
3145 0.411754
3146 0.293427
3147 0.29018
3148 0.392753
3150 0.175656
3151 0.363404
3152 0.177189
3153 0.06766
3155 0.034393
3157 0.011587
3160 0.004067
3161 0.110149
3162 0.126277
3163 0.105231
3164 0.101333
3167 0.007445
3168 0.08705
3169 0.107397
3170 0.429598
3171 0.47435
3172 0.529871
3173 0.830559
3174 0.864836
3175 0.866341
3177 0.89671
3178 0.855525
3179 0.934105
3180 1.124028
3181 0.646953
3182 0.548396
3183 0.412163
3184 0.435988
3185 0.8013
3186 0.881117
3187 1.135414
3188 1.136467
3189 1.455672
3190 1.372084
3191 1.281956
3192 1.717774
3193 1.959312
3194 1.411847
3195 1.532377
3196 1.160637
3197 1.479507
3198 0.960189
3199 0.716711
3200 1.137039
3201 0.894773
3202 1.169838
3203 1.235263
3204 0.950763
3205 1.290102
3206 1.30558
3207 1.705558
3209 1.359539
3210 1.852895
3211 1.466661
3212 1.580618
3213 1.978885
3214 1.280314
3215 1.226115
3216 1.533493
3217 1.099409
3218 1.254274
3219 1.636182
3220 1.330606
3221 1.345576
3222 1.485331
3223 1.560123
3224 1.650286
3225 1.109082
3226 1.24637
3227 0.795552
3228 1.126588
3229 0.812267
3230 1.333834
3231 1.533027
3232 0.112896
3233 3.506556
3235 1.304383
3236 1.322901
3237 0.963639
3238 0.971767
3239 1.128024
3240 0.763478
3241 1.000727
3242 1.228899
3243 1.561879
3244 1.040656
3245 1.042286
3246 0.952982
3247 1.24637
3248 0.288428
3249 0.895117
3250 1.351649
3251 1.398522
3252 1.866194
3253 1.806661
3254 1.851032
3255 2.186012
3256 2.168559
3258 1.486093
3259 1.734059
3260 1.748843
3261 1.857411
3262 1.934849
3263 2.092896
3264 2.274078
3265 1.779853
3266 2.378052
3267 2.369083
3269 2.652031
3270 2.552648
3271 1.964651
3272 1.90993
3273 2.722334
3274 2.508819
3275 2.698648
3276 2.882829
3277 2.805443
3278 2.433409
3279 3.072192
3280 2.718649
3281 2.418141
3282 2.376472
3283 2.342501
3284 3.193353
3285 2.847648
3286 2.427579
3287 3.356452
3288 2.813222
3289 3.135952
3290 1.894259
3291 1.774416
3292 1.490262
3293 2.338462
3294 2.754589
3295 3.331029
3296 3.517098
3297 3.654661
3299 3.683175
3300 3.64808
3301 3.473127
3302 4.307628
3303 3.713277
3304 4.143632
3305 4.512095
3306 0.256734
3307 6.035296
3308 3.691689
3309 2.774945
3310 2.850613
3311 4.150675
3312 2.506145
3313 3.017526
3314 2.730216
3315 3.275861
3317 0.407068
3319 3.820472
3320 1.390557
3321 2.285011
3322 2.149714
3323 1.618278
3324 1.772586
3325 2.566846
3326 1.902267
3327 1.576189
3328 1.719462
3329 1.290458
3330 1.993758
3332 1.473648
3333 1.113357
3334 1.531356
3335 2.024236
3336 2.253814
3337 1.875716
3338 2.352456
3339 2.886587
3340 2.304607
3341 3.936511
3342 2.527722
3343 1.424255
3344 2.383409
3345 2.31164
3346 1.71908
3347 2.215295
3348 2.253343
3349 2.474386
3350 2.521768
3351 2.478908
3352 1.928109
3354 0.079054
3355 4.982124
3356 1.89153
3357 1.872712
3358 1.811346
3359 1.576388
3360 1.4592
3361 1.255152
3362 1.946086
3363 1.584216
3364 1.717527
3365 1.348024
3366 1.641057
3367 1.492647
3368 1.457449
3369 2.011684
3370 2.085595
3371 1.211984
3372 2.077283
3373 1.963195
3376 0.037764
3377 4.826603
3378 1.928745
3379 0.957984
3380 1.093318
3381 0.516758
3383 0.14213
3384 2.3717
3385 1.679525
3386 1.131853
3387 1.308522
3388 1.528071
3389 1.556626
3390 1.530509
3391 1.045357
3392 0.686944
3393 0.349858
3394 0.215858
3395 0.182221
3398 0.020856
3399 0.711338
3400 0.1368
3401 0.229521
3402 0.084185
3404 0.033207
3407 0.075737
3408 0.057135
3409 0.227323
3410 0.194448
3411 0.189415
3412 0.081528
3413 0.118024
3442 0.002653
3444 0.00687
3445 0.01607
3446 0.038434
3447 0.031435
3449 0.044078
3450 0.00693
3452 0.036024
3453 0.040866
3454 0.041971
3455 0.040533
3456 0.05755
3458 0.046373
3459 0.027952
3460 0.050667
3461 0.053867
3462 0.042133
3463 0.047958
3464 0.047172
3465 0.051818
3466 0.04961
3468 0.049791
3469 0.03315
3470 0.033139
3471 0.067318
3473 0.048
3474 0.049791
3475 0.043732
3476 0.03645
3477 0.040176
3478 0.049032
3480 0.039652
3482 0.02445
3483 0.033277
3484 0.037803
3486 0.036602
3487 0.017985
3488 0.022816
3490 0.029712
3491 0.025333
3493 0.008396
3495 0.10032
3496 0.17458
3497 0.07235
3498 0.163832
3507 0.005928
3508 0.565698
3509 1.275335
3510 1.351707
3511 1.136432
3512 1.498414
3513 1.986254
3514 2.192948
3515 2.42465
3516 2.519025
3517 1.593598
3518 0.849332
3519 0.791002
3520 1.669421
3521 1.737143
3522 1.174389
3523 2.037101
3524 1.383216
3525 1.798717
3526 2.073461
3527 1.426588
3528 1.363941
3529 1.237103
3530 1.032353
3531 1.256935
3532 1.199897
3533 1.771221
3534 1.94957
3535 1.617022
3536 1.76796
3537 1.337743
3538 1.738358
3540 1.465679
3541 1.443021
3542 1.537726
3543 1.51039
3544 1.559389
3545 1.570565
3546 1.724315
3547 1.641363
3548 1.788459
3549 1.915026
3550 1.594873
3551 2.102115
3552 1.641909
3553 2.066643
3554 2.086642
3555 1.556855
3556 1.793023
3557 1.500353
3558 1.522699
3559 1.751475
3560 1.380436
3561 1.730852
3562 2.567265
3563 1.820266
3564 2.049718
3566 1.654975
3567 2.069608
3568 1.75764
3569 1.654324
3570 2.077283
3571 1.782398
3572 1.791533
3573 1.698238
3574 1.897246
3575 1.411042
3576 1.4757
3577 1.758857
3578 1.449574
3579 1.820388
3580 1.978885
3581 1.566286
3582 1.847688
3583 1.583042
3584 1.961251
3585 1.859451
3586 2.468407
3587 1.980587
3588 2.795596
3589 2.197458
3590 2.383842
3591 1.658906
3592 2.725143
3593 2.06249
3594 3.324944
3595 2.915293
3596 2.98372
3597 1.946071
3598 2.942625
3599 2.79559
3600 2.657015
3603 0.920758
3604 5.799778
3605 2.359978
3606 2.798865
3607 2.307114
3608 2.973794
3609 2.319199
3610 2.647369
3611 2.962861
3612 2.092127
3613 2.408008
3614 2.71525
3615 2.898648
3616 3.252492
3617 2.739262
3618 2.233087
3619 2.018696
3620 2.070948
3621 2.711656
3622 2.118803
3623 2.349009
3624 2.411568
3626 2.1891
3627 2.190681
3628 2.263145
3629 2.516119
3630 1.901018
3631 2.118574
3632 2.190931
3633 2.378345
3634 2.403483
3635 2.755133
3636 2.262617
3637 1.958659
3638 2.395793
3639 2.623936
3640 2.059877
3641 2.383409
3642 1.696224
3643 1.687278
3644 1.638684
3645 2.190969
3646 1.339536
3647 1.622543
3648 1.11425
3649 1.462812
3650 1.462812
3651 1.240127
3652 1.607161
3653 1.749291
3654 1.511984
3655 1.807763
3656 2.102115
3657 1.506337
3658 1.854731
3659 1.328902
3662 0.256
3663 1.165301
3664 1.475457
3666 1.339414
3666 1.821734
