136 1.426374
137 2.006581
138 1.313118
139 1.536304
140 1.172825
141 1.187104
142 1.418722
143 1.279889
145 1.526929
146 1.786422
147 1.819314
148 2.092226
149 2.147184
150 2.622577
151 2.687421
152 3.975656
153 2.050428
154 1.581299
155 1.64903
156 1.582004
157 1.486322
158 1.318098
159 1.390629
160 1.738358
161 1.42825
162 1.553998
163 1.84488
164 1.887271
165 1.541914
166 1.671572
167 2.685946
168 2.93805
169 2.284254
170 2.464344
171 2.05095
172 2.197375
173 2.204691
174 2.539804
175 2.944376
176 2.098123
177 3.015608
178 2.872527
179 2.573578
180 2.921854
181 2.362302
182 2.584294
183 2.6144
184 2.68633
185 3.385782
186 3.523937
187 3.825426
188 3.691068
190 3.083663
191 2.824194
192 2.809798
193 2.151952
194 1.96792
195 1.876917
196 2.578883
197 2.11329
198 2.443596
199 2.731748
200 1.203948
201 1.143883
202 2.197546
203 1.970856
204 2.622912
205 2.041319
206 2.052
207 1.583696
208 1.885402
209 1.569014
210 2.219413
211 2.401315
212 1.490438
213 2.649143
214 2.149155
215 1.990346
216 2.296198
217 2.773925
218 1.688008
219 2.193679
220 2.008982
222 1.961251
223 1.448471
224 1.315651
225 2.341131
226 2.964068
227 3.124551
228 2.457251
229 2.275485
230 1.523467
231 1.60951
232 1.637804
233 1.354455
234 0.775624
235 1.065057
236 1.114967
237 1.01956
238 0.927073
239 0.964372
240 1.096571
241 0.905426
242 1.34362
243 1.124982
244 1.000698
245 1.230599
246 1.049574
247 1.289442
248 0.995865
249 1.083564
250 1.070371
251 0.924285
252 1.126907
253 0.785477
254 0.866851
255 0.910455
256 0.907445
258 0.860335
259 1.235263
260 1.060008
261 1.484483
262 1.37425
263 1.462812
264 1.047794
265 1.753638
266 2.470593
267 2.032609
268 2.086953
269 2.142834
270 1.708452
271 1.434038
272 1.99106
273 2.427184
274 1.647851
275 1.656496
276 2.01543
277 1.416282
278 1.562478
279 1.333834
280 2.149714
281 1.269476
282 1.818588
283 2.180123
284 1.451976
285 1.248079
286 1.372952
287 2.275485
288 1.630426
289 2.214442
290 2.486286
291 1.878338
292 1.833845
293 2.091279
294 1.572113
295 2.339317
296 2.388571
297 1.825415
298 1.377491
299 1.108895
300 1.416282
302 1.292396
303 1.609412
304 1.343271
305 1.894362
306 1.214659
307 1.755374
308 1.558287
309 1.978885
310 2.064807
311 2.985714
312 2.010119
313 1.85389
314 3.077323
315 1.909812
316 1.940068
317 2.482327
318 2.778441
319 3.378318
320 2.990761
321 2.57154
322 2.466305
323 2.326419
324 1.982794
325 1.858212
326 2.26465
327 2.064675
328 2.377638
329 2.350763
330 2.973794
333 0.742364
334 5.813986
335 2.67463
336 3.357554
337 3.702286
338 2.516158
339 3.314166
340 3.640711
341 3.559409
342 3.238422
343 3.201734
344 2.753423
345 3.198416
346 3.192559
347 3.066238
348 3.01628
349 4.071097
350 2.588103
351 3.855385
352 2.946767
353 4.63562
354 3.457966
355 4.005851
356 3.889148
357 4.514672
359 0.255076
360 7.519437
361 2.689534
362 4.636
363 4.034302
364 3.41962
365 3.728176
366 2.328699
367 3.6047
368 2.821592
369 2.817267
370 2.208864
371 2.503672
372 2.774202
373 3.728198
374 0.178255
375 6.589214
376 2.45152
377 2.252212
378 2.222977
379 2.878304
380 1.811477
381 2.082505
382 1.90818
383 2.425538
384 1.743053
385 1.981961
386 2.121263
387 2.219413
388 1.538669
389 1.447144
390 2.231718
391 1.475076
392 1.984903
394 2.247108
395 3.044816
396 2.450517
397 2.217252
398 2.737631
399 2.598307
400 2.851512
401 2.546376
402 1.814474
403 1.653383
404 1.224428
405 1.328155
406 1.493576
407 1.811346
408 2.460115
409 2.470527
410 1.571976
411 2.189581
412 1.793201
413 1.705558
414 1.584279
415 1.629728
416 1.549196
417 1.92422
418 2.027828
419 1.684974
420 1.603675
421 1.552142
422 1.754964
423 1.823059
424 1.702882
425 2.088216
426 1.768563
427 1.978885
428 2.476004
429 2.454519
430 2.396942
431 2.357251
433 2.954983
434 2.994196
435 2.248136
436 1.832
437 1.706444
438 2.253405
439 2.166553
440 2.654733
441 2.407124
442 2.532141
443 2.588551
444 1.585974
445 1.667092
446 2.004594
447 2.114661
448 3.099876
449 4.146842
450 3.110855
451 2.811173
452 2.117143
453 1.915398
454 2.047937
455 2.28141
456 2.450038
457 2.864464
458 2.179382
459 2.43101
460 2.228099
461 2.568352
462 2.060813
463 1.629485
464 1.701998
465 1.870721
466 1.874465
467 2.310814
468 2.496451
469 2.053996
470 2.365163
472 2.13724
473 2.307992
474 1.759725
475 1.956891
476 2.331972
477 1.375033
478 2.102509
479 2.120768
480 2.895912
481 2.044536
482 2.030884
483 1.833232
484 1.365291
485 1.156641
486 1.354455
487 1.408634
488 1.895114
489 2.842597
490 2.011644
491 2.451353
492 2.422787
493 1.952349
495 0.428571
496 5.935913
497 2.666874
498 2.89478
499 3.436407
500 2.479013
501 3.157382
502 2.622053
503 2.603045
504 2.563
505 2.58615
506 2.549054
507 2.424472
508 2.034394
509 0.505902
510 0.033799
511 1.554177
512 2.025549
513 2.498187
515 2.792079
516 2.341607
517 2.752253
518 2.37449
519 2.603132
520 2.534609
521 2.515163
522 2.455421
523 2.503034
524 2.052388
525 2.263008
526 1.600297
527 2.416208
528 1.957368
529 1.937173
530 1.744887
531 2.466721
532 2.99566
533 2.76708
534 3.170415
535 2.961426
536 3.116364
537 2.605463
538 2.831664
539 2.368607
540 2.347563
541 1.206825
542 2.20848
543 2.081578
544 2.012515
545 1.961988
546 2.080444
547 1.696388
548 1.801964
549 1.989818
550 1.226326
551 1.111669
552 0.714595
553 0.736824
555 0.193129
556 1.494281
557 1.275746
558 1.256935
559 1.167944
560 1.225641
561 1.508763
562 0.801576
563 1.029386
564 1.137039
565 0.882323
566 1.115173
567 1.030406
568 0.788436
569 0.975208
570 0.727984
571 1.181085
572 0.784008
573 1.061893
574 1.066398
575 1.343619
576 1.860595
577 1.839715
578 1.298709
579 1.446977
580 1.563772
581 1.605729
582 1.792879
583 2.325483
584 1.471049
585 1.773339
586 2.125331
587 1.625347
588 0.758867
589 1.115859
590 0.431446
591 0.281235
592 0.257506
593 0.236047
594 0.270891
595 0.286882
717 0.001089
718 1.119783
719 1.117349
720 1.245027
721 0.569585
722 1.435056
723 1.380204
724 1.3205
726 1.155462
727 1.323844
728 0.972971
729 1.199521
730 1.466121
731 1.499535
732 2.012507
733 2.351931
734 2.951928
735 2.750319
736 3.059661
737 2.276124
738 2.219822
739 2.760418
740 2.453988
741 2.660278
742 3.081239
743 3.474853
744 3.265159
745 4.086291
746 3.931591
747 3.214947
748 3.231715
750 3.067697
751 2.364837
752 2.297024
753 3.418635
754 2.148997
755 2.051689
756 2.295412
757 1.82579
758 2.516361
760 0.736489
761 5.621072
762 0.995893
763 1.427012
764 0.778677
765 0.856016
766 0.847624
768 0.55609
769 1.957019
770 1.284377
771 1.53143
772 1.442569
773 1.159564
774 1.683692
775 1.215841
776 2.091279
777 2.443972
778 2.46213
779 1.368
780 1.26419
781 2.253814
782 1.376539
783 1.854731
784 2.789451
785 2.699859
786 1.921173
787 1.809909
788 1.869554
789 1.711316
790 2.074126
791 2.558338
792 1.975504
793 2.197352
794 2.251173
795 2.309804
796 1.907073
797 1.83391
798 2.303856
799 2.149203
800 2.776999
801 2.430657
802 2.559515
803 1.885131
804 2.088927
805 2.820731
806 2.628337
807 2.256711
808 2.221941
809 3.126857
810 2.151524
811 2.638853
812 2.561173
814 2.57129
815 3.148723
816 2.912991
817 3.199225
818 3.262756
819 2.856927
820 2.169499
821 3.098102
822 3.476212
823 3.463746
824 3.025354
825 3.488348
826 3.085506
827 2.374111
828 3.575113
830 0.407262
831 5.60956
832 2.055417
833 1.73987
834 2.059601
835 1.687236
837 2.370603
838 2.470527
839 2.300851
840 1.388114
841 1.831181
842 1.778616
843 1.568494
844 1.860551
845 1.995671
846 1.61996
847 1.573841
848 2.17581
849 1.895619
850 1.626797
851 1.911302
852 1.682487
853 1.713806
854 2.285011
855 1.771941
856 1.818549
857 1.929372
858 2.026265
859 1.550598
860 2.021562
861 2.398607
862 2.17568
863 1.959913
864 2.164985
865 1.728622
866 1.930656
867 1.197227
868 1.605265
869 1.852597
870 2.087146
871 1.366633
872 1.105236
873 0.683322
878 0.075405
879 5.477423
880 0.539045
881 0.392372
882 0.292676
883 0.265631
884 0.238384
886 0.0988
908 0.002971
909 0.433112
910 0.317134
911 0.440536
912 0.51082
914 0.531069
915 0.665137
916 0.536363
917 0.430677
918 0.301976
919 0.333265
920 0.297352
921 0.281149
922 0.397318
923 0.252554
924 0.227549
925 0.163611
926 0.261684
927 0.248191
928 0.296544
929 0.346741
930 0.253226
931 0.357576
932 0.29663
933 0.342931
934 0.354071
935 0.257069
936 0.314234
937 0.180959
939 0.074311
941 0.030828
942 0.0342
943 0.053647
944 0.139482
945 0.100155
946 0.1824
947 0.151699
948 0.134219
950 0.132648
952 0.037188
953 0.018869
1015 0.000351
1016 0.047172
1018 0.048282
1019 0.023451
1020 0.023451
1023 0.014028
1024 0.026057
1025 0.021459
1026 0.02565
1049 0.000478
1059 0.00112
1060 0.008679
1061 0.058576
1062 0.052717
1064 0.045568
1065 0.052032
1067 0.026441
1068 0.053647
1069 0.046242
1070 0.06326
1074 0.005568
1075 0.068353
1077 0.081802
1078 0.118363
1079 0.162434
1080 0.091285
1082 0.075167
1083 0.079018
1084 0.114433
1093 0.003751
1094 0.699873
1095 1.661254
1096 1.66086
1097 2.034669
1098 1.256048
1099 1.778773
1100 2.117384
1101 1.853323
1102 1.979734
1103 2.225814
1104 1.915788
1105 2.131224
1106 2.296128
1107 2.219263
1108 2.508908
1109 2.746917
1110 2.590476
1111 2.784008
1112 2.801662
1113 3.211333
1114 2.166837
1115 3.571838
1116 2.960831
1117 2.987243
1118 3.721266
1119 3.341701
1120 3.012797
1121 2.740063
1122 2.899615
1123 2.605666
1124 2.80272
1125 2.051081
1126 3.314432
1127 2.346414
1128 3.356659
1129 2.84891
1130 3.166953
1131 3.23325
1132 3.051173
1133 3.339706
1134 3.677204
1135 3.631632
1136 3.711928
1137 3.955119
1138 3.003093
1140 3.345859
1141 3.37651
1142 3.336663
1143 2.557786
1144 3.518242
1145 2.975191
1146 2.960404
1147 2.795572
1148 2.53217
1149 3.203389
1151 1.077557
1152 5.745766
1153 3.164144
1154 3.03204
1155 2.687643
1156 2.997573
1157 2.955278
1158 2.734501
1159 2.929955
1160 2.940995
1161 2.248533
1162 2.532843
1163 1.898778
1164 2.685443
1165 2.221307
1166 1.477761
1167 1.849479
1168 2.332685
1169 3.37872
1170 2.926264
1171 2.092452
1172 2.675189
1173 2.825306
1174 1.424318
1175 0.986139
1176 0.723838
1177 2.534498
1178 2.51043
1179 2.864464
1180 1.707477
1182 1.568096
1183 0.657302
1184 2.331972
1185 1.922614
1186 2.169033
1187 2.622226
1188 0.272751
1189 1.76621
1190 1.4248
1191 1.907073
1192 1.465869
1193 1.950416
1194 1.5424
1195 2.199636
1196 2.265885
1197 2.074772
1198 1.640569
1199 2.304575
1200 1.735389
1201 1.747038
1203 2.227421
1204 2.416208
1205 1.552016
1206 1.594632
1207 1.957292
1208 1.571611
1209 1.620665
1210 1.961251
1211 1.564154
1212 2.184647
1213 2.527488
1214 3.179545
1215 4.496735
1216 3.611481
1217 3.886521
1218 3.501054
1219 2.822108
1220 3.773427
1221 2.574282
1222 3.170704
1223 3.112714
1224 2.873974
1225 2.761349
1226 2.98165
1227 3.196515
1228 2.195778
1229 2.613003
1230 2.426278
1231 2.236456
1232 1.484483
1233 1.473433
1234 1.471372
1235 1.027514
1236 1.288814
1237 1.324571
1238 1.25558
1240 1.215967
1241 2.356578
1242 1.560284
1243 1.387089
1244 1.431628
1245 2.207675
1246 3.094314
1247 3.013788
1248 1.87244
1249 0.983976
1250 0.861481
1251 0.357785
1252 0.390083
1253 0.801838
1254 1.140947
1255 1.066394
1256 1.2002
1257 2.460868
1258 2.592007
1259 2.13015
1260 1.189328
1263 0.105806
1264 0.067795
1265 0.111581
1266 0.579453
1267 0.684
1268 0.432396
1269 1.027708
1270 1.4391
1271 2.19131
1281 0.03104
1282 0.346741
1283 0.457329
1284 0.42259
1285 0.307833
1286 0.35309
1287 0.416911
1288 0.647711
1289 0.991002
1290 0.732164
1291 1.023483
1292 1.091524
1293 1.378486
1294 1.398105
1295 1.08308
1296 1.064691
1298 0.953982
1299 0.369143
1300 0.233755
1301 0.050472
1302 0.342642
1303 0.715152
1304 0.240031
1305 0.599541
1306 0.668119
1307 0.484722
1308 0.910248
1309 0.638671
1310 0.302836
1311 0.122543
1312 0.662286
1313 0.972277
1314 1.261219
1316 0.879213
1317 1.208808
1318 1.05775
1319 1.462812
1320 1.041911
1321 1.004404
1322 1.245833
1323 0.900432
1324 0.825356
1325 0.505199
1326 0.196351
1327 0.111777
1328 0.507767
1329 0.759137
1330 1.016775
1331 0.78263
1332 0.692966
1333 0.983861
1334 0.914592
1335 1.047216
1336 1.410901
1337 1.414797
1338 1.29617
1340 1.192153
1341 1.997629
1342 1.802883
1343 1.255228
1344 1.387114
1345 1.135143
1346 1.182099
1347 1.181299
1348 1.148524
1349 1.2768
1350 0.636353
1351 0.515012
1352 0.276256
1353 0.199938
1354 0.13284
1355 0.09931
1356 0.093184
1357 0.131197
1358 0.120595
1364 0.001827
1367 0.012554
1370 0.003227
1371 0.045186
1372 0.429598
1373 0.507205
1374 0.235029
1375 0.253305
1376 0.201488
1377 0.139237
1379 0.11548
1380 0.065014
1381 0.39659
1382 1.032048
1383 0.718765
1384 0.673806
1385 0.654484
1386 0.99472
1387 1.078836
1388 0.797075
1389 0.943776
1390 0.969803
1391 1.224349
1392 0.723457
1393 0.900202
1394 0.986044
1395 0.576431
1396 0.574858
1397 0.358024
1398 0.8256
1399 0.908693
1400 1.085059
1402 0.835588
1403 0.903113
1404 1.235263
1405 0.896642
1406 0.732111
1407 0.874645
1408 0.693998
1409 0.613921
1410 0.095165
1412 0.047046
1413 0.851631
1414 1.115921
1415 1.049399
1416 0.840476
1417 1.044823
1418 0.504282
1420 0.343297
1421 0.237913
1422 0.375529
1423 0.492776
1424 0.473538
1425 0.248397
1426 0.611576
1427 0.418226
1428 0.472581
1429 0.534652
1430 0.567118
1431 0.639303
1432 0.437711
1433 0.368412
1434 0.188527
1435 0.210306
1436 0.232626
1437 0.031569
1438 0.374258
1439 0.781988
1440 0.902558
1441 0.821936
1443 1.018103
1444 0.99421
1445 0.724908
1446 0.887644
1447 0.264282
1448 0.178892
1449 0.648045
1450 0.980909
1451 0.922729
1452 0.669038
1453 0.9488
1454 1.329902
1455 1.459663
1456 0.912824
1457 1.410092
1458 1.38507
1459 1.596228
1460 1.288737
1461 1.28815
1462 1.63996
1463 1.039865
1464 1.159414
1465 1.450216
1466 1.831224
1467 1.568779
1468 1.605739
1469 2.022617
1470 1.260694
1471 1.327527
1472 0.598201
1473 1.061893
1475 1.17458
1476 1.650893
1477 1.191686
1478 1.695247
1479 1.004292
1480 0.987021
1481 0.861481
1482 0.397204
1483 0.809047
1484 0.725988
1485 0.761788
1486 0.326334
1487 0.432997
1488 0.715152
1489 0.866851
1490 0.558015
1491 0.963418
1492 0.810469
1493 0.926534
1494 0.658302
1495 0.553166
1496 0.375529
1497 0.497455
1498 0.403194
1499 0.555208
1500 0.426036
1501 0.715152
1502 0.568404
1503 0.759247
1504 0.62669
1505 0.632776
1506 0.690867
1507 0.686527
1508 0.730316
1509 0.447426
1510 0.547737
1511 0.426421
1512 0.633035
1513 0.581309
1514 0.45822
1515 0.342016
1516 0.343678
1517 0.300424
1518 0.154102
1519 0.314234
1520 0.116878
1522 0.045983
1552 0.000391
1555 0.016207
1556 0.026978
1558 0.024106
1559 0.022816
1561 0.014231
1562 0.029766
1563 0.014409
1565 0.018059
1566 0.031722
1573 0.005163
1574 0.1422
1576 0.033189
1577 0.040533
1578 0.037803
1579 0.06425
1584 0.00951
1585 0.07952
1586 0.104766
1587 0.06362
1588 0.115977
1589 0.087319
1593 0.045262
1600 0.021094
1601 0.390083
1602 0.435074
1603 0.526361
1604 0.422441
1606 0.465494
1607 0.432997
1608 0.266923
1609 0.147465
1610 0.171502
1611 0.174178
1612 0.368412
1613 0.322424
1614 0.3648
1615 0.384705
1616 0.6044
1617 0.486352
1618 0.5472
1619 0.612125
1620 0.780661
1621 0.55736
1622 0.67708
1623 0.405146
1624 0.764357
1625 0.824048
1626 0.859236
1632 0.107375
1633 0.055647
1634 0.240527
1635 0.354418
1636 0.346741
1637 0.357576
1638 0.223175
1639 0.371883
1640 0.109227
1641 0.555454
1642 0.300129
1644 0.250842
1645 0.310703
1646 0.343005
1647 0.329703
1648 0.277608
1649 0.360791
1650 0.277033
1651 0.361258
1652 0.287937
1653 0.3648
1654 0.279146
1655 0.16674
1656 0.368412
1657 0.246206
1658 0.266078
1659 0.247555
1660 0.352306
1661 0.065984
1662 0.331827
1663 0.274726
1664 0.275691
1665 0.368412
1666 0.282175
1667 0.240007
1669 0.258839
1670 0.343238
1671 0.357576
1672 0.210439
1673 0.337681
1674 0.289274
1675 0.3648
1676 0.16535
1677 0.365661
1678 0.286118
1679 0.287897
1680 0.211874
1682 0.331674
1683 0.360791
1684 0.275084
1685 0.276701
1686 0.361258
1687 0.271115
1688 0.278761
1689 0.354418
1690 0.17612
1691 0.361258
1692 0.243862
1693 0.125904
1696 0.070835
1700 0.045163
1701 0.536997
1705 0.007491
1706 0.461817
1707 0.329167
1708 0.44626
1710 0.526257
1711 0.470979
1712 0.631385
1713 0.552024
1714 0.650115
1715 0.516554
1716 0.845663
1717 0.548715
1718 0.866016
1719 0.769419
1720 0.459823
1721 0.210452
1722 0.151699
1723 0.162535
1724 0.108276
1725 0.162535
1729 0.062672
1730 0.244613
1731 0.168369
1732 0.220985
1733 0.289694
1734 0.295741
1735 0.53412
1736 0.384182
1737 0.519922
1739 0.497483
1740 0.201684
1741 0.767889
1742 0.929321
1743 0.712666
1744 0.854265
1745 0.94381
1746 0.752432
1747 1.17025
1748 0.615361
1749 0.722844
1750 0.718596
1751 0.832367
1752 0.847287
1753 0.844182
1754 0.614733
1755 0.673043
1756 0.769721
1757 0.687564
1758 0.638432
1759 0.581774
1760 0.597089
1761 0.89676
1762 0.843121
1763 0.960372
1764 1.087984
1766 0.836186
1767 1.41019
1768 1.46109
1769 1.282124
1770 1.302095
1771 1.441412
1772 1.478887
1773 1.395302
1774 2.482379
1775 2.510476
1776 1.922454
1777 2.088428
1779 1.980535
1780 1.854505
1781 1.846281
1782 2.350609
1783 2.369277
1784 2.529407
1785 1.948353
1786 2.817267
1787 2.188675
1788 2.451409
1789 2.400792
1790 2.689534
1791 2.124567
1792 2.022931
1793 2.231568
1794 2.499895
1795 2.644242
1796 2.627429
1797 1.897706
1798 1.865291
1799 1.800935
1800 1.896238
1801 1.259446
1802 1.100988
1803 1.083564
1804 1.289442
1805 0.972697
1806 1.585295
1807 0.750895
1808 0.718871
1809 0.418727
1810 1.26777
1811 1.310079
1813 1.637933
1814 1.697082
1815 1.554286
1816 1.572763
1817 1.20756
1818 1.087765
1819 1.215965
1820 1.289414
1821 1.317818
1822 1.342709
1823 1.755374
1824 1.383161
1825 1.9
1826 1.53576
1827 1.2992
1828 1.74427
1829 1.300218
1830 1.1231
1831 1.596228
1832 1.219959
1833 1.753218
1834 1.292708
1835 1.321949
1836 1.341176
1837 1.077956
1838 1.485954
1839 1.107501
1840 1.280182
1841 1.343682
1842 1.707651
1843 1.504008
1845 1.39059
1846 1.727425
1847 1.442838
1848 2.19746
1849 1.459325
1850 1.806249
1851 2.438074
1852 1.907197
1853 2.499024
1854 2.339673
1855 2.186613
1856 1.294646
1857 1.540186
1858 1.525093
1859 2.173509
1860 1.373155
1861 1.661826
1862 1.252321
1863 1.902354
1864 1.501389
1865 1.661826
1866 1.349584
1867 1.34362
1868 0.91737
1869 1.148578
1870 1.26777
1871 0.831658
1872 0.964372
1873 0.600847
1874 0.392482
1875 0.400919
1876 0.309937
1877 0.244381
1878 0.147892
1895 0.007858
1900 0.32722
1901 0.65966
1902 0.796123
1903 0.799214
1904 1.195285
1905 1.042635
1906 1.284044
1907 1.778139
1908 1.462812
1909 1.917798
1910 1.742661
1911 1.681702
1912 1.295434
1913 1.716178
1914 1.827
1915 1.789291
1916 1.756559
1917 1.645159
1918 1.806338
1919 1.634708
1920 1.809552
1921 1.512816
1922 1.565758
1923 1.434812
1925 1.622681
1926 1.865578
1927 1.412995
1928 1.607257
1929 1.986857
1930 1.582777
1931 1.522202
1932 1.865578
1933 1.647401
1934 2.258286
1935 1.437203
1936 1.401964
1937 1.345662
1938 1.692036
1939 1.123245
1940 1.952349
1941 1.699265
1942 1.842059
1943 1.344814
1944 1.997714
1945 1.728863
1946 1.655512
1947 1.984444
1948 1.955446
1949 1.879059
1950 2.427141
1951 1.886494
1952 2.115045
1953 1.859301
1954 2.331972
1955 2.144293
1956 2.711596
1958 0.588538
1959 2.400892
1960 2.415123
1962 2.664585
1963 2.838939
1964 2.284924
1965 2.451754
1966 2.201816
1967 1.157427
1968 1.876424
1969 1.541516
1970 1.771157
1971 1.227754
1972 2.40059
1973 2.466709
1974 0.869544
1975 0.568659
1976 0.490179
1978 0.065242
1979 2.479575
1980 0.536471
1981 0.378831
1982 0.211523
1987 0.025796
1989 0.122736
1990 0.265631
1991 0.435635
1992 0.182663
1993 0.128753
1994 0.163802
1995 0.809141
1996 0.646093
1997 0.597876
1998 0.893003
1999 0.765673
2000 0.859337
2001 0.694024
2002 0.454421
2003 0.983123
2004 0.9744
2005 1.041204
2006 1.055979
2007 1.273722
2008 0.776248
2010 0.674143
2011 0.953537
2012 0.813003
2013 1.331026
2014 1.024625
2015 1.052659
2016 0.650139
2017 0.829207
2018 0.379561
2019 0.268235
2020 0.195042
2022 0.07296
2023 0.094366
2071 0.001594
2072 0.296613
2073 0.40722
2074 0.875908
2075 0.845582
2076 1.156855
2077 0.806466
2078 1.116408
2079 0.688863
2080 0.896745
2081 0.845901
2082 1.200626
2083 1.098853
2084 1.125692
2085 0.559795
2088 0.263275
2089 0.203859
2090 0.224851
2091 0.257506
2092 0.617632
2093 0.569868
2094 0.371373
2095 0.472
2096 0.592322
2097 0.580863
2098 0.658196
2099 0.788324
2100 0.664824
2101 0.84248
2102 1.501228
2103 1.190496
2104 1.549126
2105 1.165635
2106 0.356397
2107 0.666251
2108 0.486287
2109 0.74489
2110 1.053069
2111 1.39761
2112 0.942853
2113 1.34662
2115 0.706163
2116 1.03762
2117 0.788458
2118 0.643765
2119 0.541782
2120 0.300659
2121 0.400919
2123 0.023162
2125 0.879458
2126 0.030684
2127 0.602619
2128 0.649789
2129 0.494769
2130 0.77691
2131 1.339559
2133 1.08938
2134 1.394609
2135 1.503199
2136 1.482851
2137 1.217455
2138 1.345188
2139 1.184333
2140 1.278606
2141 1.039928
2142 1.128799
2143 0.936982
2144 1.193102
2145 0.841467
2146 1.210245
2147 2.25186
2148 2.112048
2149 1.623832
2150 1.941117
2151 2.165982
2152 1.516409
2153 1.424301
2154 1.253703
2155 0.84185
2157 0.928476
2158 1.961251
2159 0.78244
2160 0.931865
2161 0.777077
2162 1.051057
2163 0.814107
2164 0.769038
2165 0.043602
2166 0.885171
2168 1.563134
2169 2.060764
2170 1.955393
2171 2.199757
2172 2.483748
2173 2.389802
2174 2.332055
2175 2.157967
2176 1.438227
2177 3.56418
2178 3.150073
2179 1.995734
2180 1.65812
2181 1.672899
2182 1.555658
2183 1.891421
2184 3.453151
2186 2.733826
2187 2.042823
2188 1.610991
2189 1.18217
2190 1.544247
2191 1.235437
2192 0.477241
2193 0.552071
2194 0.404545
2195 0.292157
2196 0.435733
2197 0.281727
2198 0.682646
2199 0.59596
2200 0.482745
2201 0.40692
2202 0.336906
2203 0.228829
2204 0.1824
2205 0.346741
2206 0.364308
2207 0.776248
2208 0.576212
2209 0.665224
2210 1.037946
2211 1.456584
2213 1.230944
2214 0.97198
2215 0.913143
2216 0.909384
2217 0.897941
2218 0.983153
2219 1.162125
2220 1.072008
2221 1.690701
2222 1.134516
2223 1.116071
2224 0.864695
2225 1.147493
2226 1.546276
2227 1.732551
2228 1.519121
2229 1.336695
2230 1.682284
2231 2.13251
2232 1.174153
2233 1.614511
2234 0.875015
2235 1.052099
2236 0.48208
2237 0.78094
2238 0.520111
2240 0.065766
