414 1.639589
415 2.500275
416 1.326744
417 1.566717
418 1.339357
420 1.478542
421 2.013738
422 2.16967
423 1.8478
424 1.902446
425 1.919955
426 2.197525
427 2.097643
428 1.914294
429 2.737103
430 2.326708
431 2.336799
432 2.542387
433 1.707588
434 2.033439
435 3.152
436 3.363884
437 2.927346
438 3.608264
439 2.817238
440 3.216619
441 3.02408
442 2.622537
443 2.754046
444 2.825223
445 2.31377
446 2.117227
447 2.098289
448 2.798865
449 2.226862
450 2.084655
451 2.731349
452 2.485632
453 2.673096
454 2.774677
455 2.744135
456 2.219042
457 2.092182
458 2.850326
459 2.77353
460 3.046222
461 2.752697
462 1.853068
463 2.565091
464 2.426069
465 2.423193
466 2.821391
467 3.129688
468 2.93003
469 2.233454
470 2.801143
471 2.288752
472 2.891232
474 2.292879
475 2.52599
476 2.210504
477 2.635671
478 1.709323
479 2.025134
480 2.285882
481 2.882281
482 2.84975
483 2.794165
484 3.447457
485 3.900075
486 3.422577
487 2.509529
488 1.865495
489 2.098236
490 2.203444
491 2.394342
492 2.562917
493 2.561189
494 2.482558
495 2.99646
496 2.452722
497 2.231153
498 2.460388
499 2.504714
500 2.43719
501 2.973794
502 2.660776
503 2.411397
504 2.583786
505 2.249156
506 1.977175
507 2.603132
508 1.997725
509 2.470873
510 2.208587
511 3.13779
512 1.035195
513 1.989598
514 2.470527
515 1.94157
516 2.118771
517 2.535541
518 1.957067
519 2.513869
520 2.019856
521 2.250056
522 2.662349
523 2.780889
524 2.298952
526 2.428286
527 1.880488
528 1.636707
529 0.097742
530 3.985843
531 2.016056
532 2.154405
533 2.620987
534 2.559746
535 2.293943
536 3.066487
537 2.656573
538 2.711692
539 2.186439
540 2.010229
541 2.205767
542 1.747655
543 1.763029
544 2.080444
545 1.758074
546 1.826659
547 2.86061
548 2.428276
549 2.995301
550 2.561881
551 2.623288
552 3.227532
553 2.667317
554 2.93234
556 2.882163
557 3.174844
558 2.108539
559 2.214208
560 2.656735
561 1.448722
562 1.506154
563 1.137894
564 1.670343
565 2.005666
566 2.271104
567 2.656735
568 2.243612
569 2.229495
570 3.206038
571 1.699596
572 1.984888
573 1.471552
574 1.789653
575 1.435132
576 1.725022
577 1.788195
578 1.809811
579 1.585084
580 1.657057
581 2.022617
582 1.784982
583 1.876424
585 0.219174
586 5.731239
588 1.625018
589 1.549885
590 1.695247
591 1.523968
592 2.559746
593 2.160541
594 2.038588
595 1.866918
596 1.411691
597 1.852895
598 1.418065
599 1.936769
600 2.453164
601 2.231718
602 1.846034
603 2.02778
604 2.359055
605 2.633876
606 2.609003
608 2.641056
609 2.515634
610 2.627932
611 2.260977
612 2.524955
613 2.886194
614 2.572539
615 2.210352
616 2.385639
617 2.602605
618 2.182186
619 2.137248
620 1.089325
621 1.388337
622 1.3557
623 1.122313
624 2.405275
625 2.570593
626 2.093838
627 2.103646
628 2.026265
629 1.867109
630 2.197546
631 2.367032
632 2.604843
633 2.109243
634 2.025048
635 2.665375
636 2.700468
638 0.680542
639 5.517538
640 3.115604
641 3.286769
642 2.702737
643 2.569374
644 3.378326
645 3.667189
646 3.208161
647 2.48003
648 3.181522
649 2.527934
650 3.244468
651 3.205051
652 3.138918
653 3.114829
654 3.181107
655 1.236151
656 1.820388
657 2.173922
659 2.508826
660 1.596228
661 1.822192
662 2.065299
663 3.165982
664 2.951357
665 3.185758
666 2.762935
667 2.242978
668 1.606614
669 1.950416
670 1.391145
671 1.614511
672 1.416282
673 1.700246
674 1.652329
675 1.124279
676 2.383409
677 2.478065
678 2.983737
679 2.118265
680 1.877658
681 1.548412
682 1.533872
683 2.017949
684 1.575318
685 1.275889
686 1.361766
687 1.907925
688 1.51699
689 0.948777
691 0.185631
692 1.288369
693 1.648349
694 2.069608
695 2.234901
696 2.347603
697 2.724591
698 2.434595
699 1.658677
700 2.120472
701 2.223286
702 2.967832
703 2.992232
704 2.036906
705 2.908196
706 1.909986
707 1.907152
708 2.328743
709 1.793483
710 2.230346
711 1.465538
713 1.4916
714 1.69036
715 1.526386
716 1.472318
717 1.733984
718 1.253715
719 1.469895
720 2.123786
721 1.929191
722 1.731716
723 1.650837
724 1.984888
725 1.512384
726 1.420868
727 1.341176
728 1.094503
729 1.24637
730 1.077514
731 1.278606
732 1.257303
733 0.990231
734 1.003319
735 1.337996
736 1.349204
737 1.738358
739 1.012506
740 1.243876
741 1.432357
742 1.557373
743 1.528303
744 1.62823
745 2.080444
746 1.558281
747 1.380879
748 0.990516
749 0.866851
750 0.986044
751 0.502075
752 0.81998
753 1.111841
754 1.088698
755 1.511365
756 1.191484
757 0.979786
758 1.386962
759 0.941164
760 0.910352
761 0.866851
762 0.76641
763 0.86293
764 1.038641
765 0.934494
766 0.904135
767 1.376127
768 0.748571
769 0.899081
770 0.963418
771 0.588357
772 0.811869
773 0.675992
774 0.774905
776 0.87726
777 1.061893
778 1.003335
779 1.127153
780 0.949011
781 1.090924
782 1.179067
783 1.625347
784 1.220715
785 2.006581
786 1.677419
787 1.437275
788 0.999796
789 0.662298
790 0.484062
791 0.308132
792 0.247789
793 0.255006
794 0.092762
795 0.329686
796 0.166766
797 0.203659
798 0.461817
800 0.167885
801 0.103848
933 0.000332
934 0.71712
935 1.463992
936 1.126077
937 1.682446
938 1.229605
939 1.784735
940 1.519335
941 1.864824
942 1.612214
943 1.605299
944 1.706263
945 2.053655
946 2.497526
947 2.394078
949 2.708543
950 2.2472
951 2.725439
952 2.717499
953 2.706089
954 2.294732
955 2.507445
956 2.838402
957 2.818411
958 3.034264
959 2.922726
960 3.19439
961 3.846026
962 3.020372
963 3.989526
964 2.853906
965 3.042069
966 2.402041
967 3.20633
968 2.307909
969 2.134051
970 2.192344
971 2.472975
972 2.141922
973 2.28163
975 2.251827
976 2.678601
977 2.103516
978 2.338184
979 1.585331
980 1.694625
981 0.816166
982 1.701196
983 1.423121
984 1.508763
985 1.201514
986 1.647753
987 1.793023
988 1.326589
989 1.335011
990 1.629027
991 2.043561
992 2.437765
993 1.597444
994 1.372919
995 1.69036
996 1.615936
997 1.980103
998 2.026265
999 1.828491
1000 2.394677
1001 1.15215
1002 1.478038
1003 1.376127
1004 0.973055
1007 0.244865
1009 4.393251
1010 1.519696
1011 1.908963
1012 1.3464
1013 1.760224
1014 1.796813
1015 1.771157
1016 1.294343
1017 1.430305
1018 1.31736
1019 1.731396
1020 1.59284
1021 1.12422
1022 1.683692
1023 1.491498
1024 1.386732
1025 2.20848
1026 1.687508
1027 1.823992
1028 2.293589
1029 2.117923
1030 1.618554
1031 1.181814
1032 1.5613
1033 2.107976
1034 1.74339
1035 1.788088
1036 1.861664
1037 2.351335
1038 1.720047
1039 2.959014
1040 1.84964
1041 2.973794
1042 2.074855
1043 3.300284
1044 2.218781
1045 2.382222
1046 2.212116
1047 2.19112
1048 1.860047
1049 1.464103
1050 2.167129
1051 2.148779
1052 2.319702
1054 2.38584
1055 2.278663
1056 1.413243
1057 1.705558
1058 1.0675
1059 0.964372
1060 0.841846
1061 1.015715
1062 0.996879
1063 1.083671
1064 0.908819
1065 1.442569
1066 0.978573
1067 1.749291
1068 1.569281
1069 1.634789
1070 1.405236
1071 1.531882
1072 1.6315
1073 1.451976
1074 1.034939
1075 1.509802
1076 1.887382
1077 1.379416
1078 2.017427
1079 1.72221
1080 1.407012
1081 1.362564
1082 1.485954
1083 1.13539
1084 1.214795
1085 1.086793
1086 1.560182
1087 1.722867
1088 1.227438
1089 1.064
1090 0.567012
1091 0.548254
1092 0.504119
1093 0.877687
1094 0.832087
1095 1.01956
1096 0.963867
1097 0.996879
1098 0.701488
1099 0.761788
1101 0.350633
1113 0.01018
1114 1.548978
1115 0.04122
1130 0.001504
1131 0.520111
1132 0.49901
1133 0.451389
1134 0.599744
1135 0.625609
1136 0.988523
1137 1.134875
1138 1.078367
1139 1.034994
1140 1.204805
1141 1.331466
1143 1.109676
1144 0.799193
1145 0.819847
1146 0.689223
1147 0.800571
1148 0.387485
1149 0.392929
1150 0.747691
1151 0.878393
1152 1.036441
1153 1.266653
1154 1.427477
1155 0.985956
1156 1.156903
1157 1.487382
1158 1.58861
1159 1.533972
1160 1.447984
1161 1.34541
1162 1.549497
1163 0.75524
1164 0.456885
1166 0.242264
1167 0.185862
1168 0.329383
1169 0.350633
1170 0.602008
1171 1.204911
1172 0.736824
1173 0.589713
1174 0.816236
1175 0.721038
1176 0.814286
1177 0.526172
1178 0.493553
1208 0.005734
1209 0.009931
1212 0.01282
1213 0.042125
1268 0.0002
1269 0.53572
1270 0.387533
1271 1.277384
1272 0.933679
1273 1.055273
1274 1.101419
1275 1.38205
1276 1.127493
1277 1.594535
1278 1.290943
1279 1.313906
1280 1.02144
1282 0.125665
1283 1.546166
1285 0.567098
1286 0.904612
1287 1.223001
1288 1.026142
1289 1.253578
1290 1.19805
1291 1.495583
1292 1.461399
1293 0.932902
1294 1.017795
1295 0.92103
1296 0.751059
1297 0.449167
1298 0.563138
1300 0.098438
1301 1.118992
1302 1.290102
1303 1.314907
1304 1.295273
1305 1.448777
1307 1.445936
1308 1.655936
1309 1.308993
1310 1.087306
1311 1.33046
1312 1.680296
1313 1.60537
1314 1.593606
1315 1.854234
1316 1.833905
1317 1.585191
1318 1.484721
1319 1.47116
1320 1.451203
1321 1.562561
1322 1.738358
1323 1.087723
1324 1.206147
1325 1.582004
1326 1.315108
1327 1.328412
1328 1.744539
1329 1.231374
1330 1.777046
1331 1.533427
1332 1.62297
1333 2.11295
1334 1.570448
1335 1.133394
1336 1.527826
1337 1.653842
1338 2.011852
1339 1.96296
1340 1.532024
1341 1.924652
1342 2.733267
1343 2.208182
1344 1.778059
1345 1.411787
1346 2.036622
1347 2.525538
1348 2.057418
1349 1.971612
1350 2.294429
1351 2.261038
1353 2.118247
1354 2.30559
1355 2.628706
1356 2.073087
1357 2.281802
1358 1.851575
1359 2.416208
1360 2.019516
1361 1.76772
1362 2.982776
1363 2.253059
1364 2.308671
1365 3.181522
1366 2.457643
1367 2.201473
1368 2.346067
1369 2.160254
1370 2.589719
1371 1.577133
1372 1.586709
1373 1.654063
1374 2.04061
1375 1.870897
1376 1.833008
1377 1.862172
1378 1.389283
1379 1.386962
1380 1.098424
1381 1.636182
1382 1.670553
1383 1.779037
1384 1.664854
1385 2.03355
1386 2.012166
1387 1.760604
1388 1.319718
1389 0.53619
1390 1.508763
1391 2.36217
1393 1.888901
1394 2.145457
1395 1.957251
1396 2.470873
1397 1.801083
1398 0.942701
1399 0.379623
1400 0.542491
1401 1.555658
1402 2.497169
1403 1.799095
1404 1.353894
1405 1.476909
1406 1.353295
1407 1.785832
1408 1.753655
1409 2.34487
1410 1.633186
1411 1.64985
1412 1.916012
1413 1.474545
1414 1.860743
1415 2.044484
1416 1.613685
1417 1.802156
1418 1.270286
1419 1.159665
1420 2.066958
1421 1.832174
1422 1.684518
1424 1.37819
1425 1.869554
1426 1.440611
1427 1.76621
1428 1.814889
1429 1.405492
1430 1.92422
1431 2.143175
1432 2.230002
1433 2.539699
1434 2.909651
1435 2.893161
1436 3.443916
1437 2.405787
1438 2.758218
1439 2.465871
1440 2.615215
1441 2.377686
1442 2.405513
1443 1.895176
1444 2.225683
1445 3.145087
1446 3.666997
1447 2.963524
1448 1.736838
1449 1.683523
1450 1.662751
1451 2.285011
1452 1.72995
1453 1.950521
1454 1.950416
1455 1.487517
1456 2.306877
1457 2.53767
1458 2.899482
1459 2.827685
1460 2.172838
1461 2.647719
1462 2.722334
1463 2.362442
1464 1.629169
1465 1.007361
1466 1.518494
1467 0.595035
1468 0.429176
1469 0.802632
1472 0.043502
1473 3.051647
1475 1.165778
1476 1.20638
1477 1.399433
1478 1.260618
1479 1.733251
1480 2.340499
1481 1.972768
1482 1.948943
1483 2.1888
1484 1.484821
1486 0.787102
1487 2.301388
1488 0.885351
1489 1.290102
1490 1.186332
1491 1.207263
1492 1.432232
1493 0.971489
1494 0.80156
1495 0.874386
1496 1.181085
1497 0.593645
1498 0.425423
1499 0.801045
1500 0.48229
1501 0.836894
1502 1.040222
1503 0.780819
1504 1.4175
1505 1.452743
1506 1.159364
1507 1.072499
1508 0.826975
1509 0.685255
1510 0.976174
1511 0.889261
1512 0.920196
1513 0.639303
1514 0.392372
1515 0.237508
1517 0.136134
1519 0.173944
1520 0.539833
1521 0.877687
1522 0.54946
1523 0.428363
1524 0.419413
1525 0.929311
1526 0.9056
1527 0.781103
1528 0.67785
1529 0.416277
1530 0.718871
1531 0.447198
1532 0.501687
1533 0.576076
1534 0.888523
1535 0.720436
1537 0.62659
1538 1.030649
1539 0.586305
1540 0.819992
1541 0.585125
1542 0.379248
1543 0.368251
1544 0.162213
1545 0.567467
1546 1.045391
1547 0.887446
1548 1.054506
1549 1.051057
1550 0.700553
1551 0.867762
1552 0.767646
1553 0.903476
1554 1.187828
1555 0.622988
1556 1.060843
1557 1.267655
1558 1.046812
1559 1.225794
1560 1.063632
1561 1.132571
1562 1.09722
1563 1.048992
1564 1.549497
1566 0.995565
1567 0.933305
1568 0.563725
1569 0.309736
1570 0.205877
1571 0.128753
1572 0.128173
1573 0.107294
1574 0.134219
1575 0.150212
1578 0.040032
1581 0.029499
1582 0.131733
1583 0.033935
1584 0.295462
1585 0.194861
1587 0.332823
1588 0.170433
1589 1.249429
1590 0.715739
1591 0.797986
1592 0.523246
1593 0.549879
1594 0.333756
1595 0.349858
1596 0.087992
1597 0.628467
1598 0.742551
1599 1.116043
1600 1.183165
1601 0.946503
1602 1.342488
1603 1.553206
1604 1.229613
1605 1.461125
1606 1.182691
1607 1.310231
1609 1.138826
1610 1.224353
1611 0.739501
1612 0.745839
1613 0.66939
1614 0.764317
1615 1.070804
1616 1.06758
1617 0.976667
1618 0.726672
1619 1.26777
1620 1.106925
1621 1.146527
1622 1.033663
1623 0.886414
1624 0.950845
1625 0.683322
1626 0.464135
1627 0.856231
1628 1.639429
1629 1.388475
1630 1.620947
1631 1.474757
1632 1.322619
1633 1.311113
1634 0.932657
1635 0.411754
1636 0.337778
1638 0.087674
1639 1.885532
1640 1.164337
1641 1.071263
1642 1.1208
1643 1.256007
1644 1.451976
1645 0.972491
1646 0.828811
1647 1.373352
1648 0.407718
1649 0.589869
1650 0.751271
1651 0.965085
1652 0.574289
1653 0.436356
1654 0.899358
1655 0.709038
1656 1.119767
1657 1.032047
1658 0.243516
1659 0.444261
1660 0.708141
1661 0.633145
1662 0.649354
1664 0.733102
1665 0.851651
1666 0.844635
1667 0.945222
1668 1.109521
1669 1.263438
1670 1.323042
1671 1.189804
1672 1.405046
1673 1.502883
1674 1.57337
1675 1.527826
1676 1.018234
1677 1.437741
1678 1.321727
1679 1.551992
1680 1.592463
1681 1.159414
1682 0.765017
1683 0.490505
1684 0.574289
1685 0.823509
1686 0.544705
1687 0.606796
1688 0.602028
1689 0.488475
1690 0.435635
1691 0.541782
1692 0.489758
1693 0.694857
1694 0.504282
1695 0.311153
1696 0.095527
1697 0.418447
1698 0.716088
1699 0.992982
1700 1.045428
1701 1.042424
1702 1.105475
1703 0.961606
1704 1.45054
1705 1.397275
1707 1.003589
1708 1.191921
1709 1.053549
1710 1.322515
1711 1.717719
1712 1.666486
1713 2.11295
1714 1.204523
1715 1.416282
1716 0.893648
1717 1.311113
1718 1.061442
1719 1.254796
1720 0.821972
1721 0.975208
1722 0.877687
1723 0.103125
1724 1.005249
1726 0.235245
1727 0.162133
1728 0.095165
1729 0.061368
1761 0.00067
1763 0.527422
1764 0.525741
1765 0.753629
1766 0.026458
1767 0.415457
1768 0.739324
1769 0.669798
1770 0.714474
1771 0.539404
1772 0.788996
1773 0.648383
1774 0.693849
1775 0.489398
1776 0.425062
1777 0.554374
1779 0.454337
1780 0.552071
1781 0.420389
1782 0.331173
1783 0.445347
1786 0.066404
1787 0.758883
1788 0.398797
1789 0.741164
1790 0.994899
1791 0.725814
1794 0.288975
1795 0.404551
1796 0.618
1797 0.686743
1798 0.680848
1799 0.866165
1800 0.455644
1801 0.736615
1803 0.872079
1804 0.798793
1805 0.715477
1806 0.785766
1807 0.917156
1808 1.115173
1809 0.781849
1810 0.5472
1811 0.419993
1812 0.298226
1813 0.958281
1814 0.662298
1815 0.385503
1817 0.231259
1818 0.498934
1819 0.958994
1820 0.917898
1821 0.872598
1822 1.082393
1824 1.058003
1825 0.914346
1826 0.70617
1827 0.881225
1828 1.204938
1829 0.860285
1830 1.067042
1831 1.09327
1832 1.09763
1833 1.314069
1834 1.160975
1835 1.152484
1836 1.260571
1837 1.239413
1838 0.929931
1839 0.646549
1840 0.725022
1841 0.887781
1842 0.974018
1843 1.361191
1845 0.715656
1846 0.391648
1847 0.599239
1848 0.662193
1849 0.939305
1850 0.872056
1851 0.996879
1852 0.832887
1853 1.136966
1854 0.9852
1855 1.181777
1856 1.246099
1857 1.223842
1858 1.710338
1859 1.201495
1860 1.580322
1861 1.618094
1862 1.311881
1863 1.233882
1864 0.86
1865 1.332784
1866 0.420385
1867 0.482824
1868 0.820547
1869 0.264701
1870 0.637515
1871 0.618962
1872 0.411347
1873 0.627195
1875 0.745123
1876 0.739655
1877 0.680016
1878 0.437008
1879 0.375529
1880 0.268235
1881 0.253685
1882 0.255006
1883 0.268235
1884 0.233755
1885 0.272565
1887 0.323023
1888 0.510463
1889 0.46195
1890 0.563453
1891 0.519153
1892 0.49989
1893 0.509275
1894 0.300172
1895 0.368777
1896 0.431393
1897 0.572916
1898 0.414345
1909 0.011507
1910 0.231758
1911 0.332286
1912 0.394507
1913 0.609247
1914 0.80983
1915 0.69191
1916 0.950476
1918 0.991888
1919 1.06202
1920 0.93619
1921 0.686234
1922 1.07089
1923 0.777879
1924 1.088541
1925 0.804626
1926 0.465933
1927 0.1368
1928 0.095813
1929 0.113646
1930 0.119556
1931 0.138128
1932 0.210462
1933 0.190447
1935 0.259564
1936 0.387368
1937 0.460621
1938 0.762437
1939 0.531065
1940 0.521129
1941 0.102283
1942 0.428269
1943 0.696222
1944 0.553127
1945 0.493953
1946 0.463461
1947 0.815773
1948 0.670569
1949 0.67496
1950 0.69888
1951 0.951937
1952 0.931865
1953 0.842216
1954 0.992772
1955 1.040158
1956 1.113713
1957 1.270734
1958 0.931508
1959 1.097282
1961 1.532854
1962 1.70603
1963 1.878673
1964 1.641102
1965 1.713854
1966 1.816705
1967 1.892333
1968 1.668845
1969 1.588966
1970 1.376733
1971 1.438113
1972 1.538007
1973 1.906343
1974 2.004594
1975 2.04986
1976 1.223968
1977 1.399572
1978 1.721283
1979 1.80428
1980 1.678661
1981 1.27802
1983 1.668312
1984 1.703917
1985 1.584444
1986 1.820388
1987 1.260523
1988 1.171409
1989 1.040222
1990 0.775643
1991 0.697412
1992 0.774919
1993 1.149717
1994 0.552045
1995 0.418447
1996 0.292676
1997 0.472094
1998 0.589051
1999 0.811057
2000 0.647409
2001 0.622586
2002 0.84518
2003 0.801949
2004 1.298259
2005 0.768103
2006 0.951652
2007 1.01855
2008 0.808831
2009 0.911096
2010 0.726988
2011 0.974243
2012 0.898469
2013 0.796267
2014 0.716285
2015 1.063254
2016 0.840293
2017 0.922234
2019 1.051482
2020 0.963155
2021 1.34362
2022 1.075261
2023 1.420876
2024 1.088863
2025 1.17025
2026 0.844754
2027 0.978113
2028 0.704456
2029 0.511501
2030 0.534652
2031 0.677174
2032 0.821192
2033 0.898469
2034 0.719373
2035 0.84518
2036 0.547922
2037 0.601437
2038 0.541782
2039 0.318757
2040 0.148186
2041 0.076531
2045 0.049819
2046 0.752373
2047 0.212093
2048 0.103261
2049 0.144543
2054 0.017202
2055 0.26681
2056 0.344533
2057 0.836491
2058 1.004459
2059 1.196417
2060 1.248256
2061 0.919075
2062 1.321949
2063 1.251794
2064 1.202756
2065 1.335656
2067 1.267447
2068 1.550311
2069 1.639294
2070 1.608778
2071 1.729418
2072 1.812648
2073 1.530629
2074 1.71976
2075 1.673981
2076 2.452028
2077 2.128216
2078 2.401255
2079 1.636663
2080 1.660214
2081 1.615214
2082 1.941502
2083 0.415457
2085 0.663625
2086 0.819162
2087 0.694857
2088 0.429176
2089 0.178998
2090 0.026693
2095 0.001983
2098 0.698313
2099 0.891415
2100 0.350321
2101 1.104612
2102 1.492132
2103 1.69194
2104 0.788531
2105 0.553929
2106 1.071441
2107 0.590587
2108 0.890754
2109 0.883462
2110 0.869082
2111 0.368308
2112 0.159224
2113 0.127102
2115 0.104682
2153 0.002855
2154 0.276525
2155 0.5472
2156 0.280416
2157 0.470106
2158 0.614454
2159 0.556052
2160 0.676875
2161 0.289978
2163 0.293614
2164 0.441893
2165 0.46926
2166 0.478136
2167 0.463281
2168 0.463524
2169 0.33565
2170 0.467869
2171 0.595537
2173 0.358549
2174 0.313967
2181 0.025679
2182 0.369077
2183 1.032317
2184 1.289686
2185 1.56024
2186 1.471599
2187 2.248152
2188 2.198042
2189 3.155173
2190 3.041269
2191 2.957925
2192 3.543256
2193 4.479457
2194 4.310842
2195 3.052859
2196 2.324341
2197 1.357106
2198 1.585926
2199 2.700468
2200 2.096256
2201 3.283477
2202 3.38255
2203 3.659352
2204 3.901523
2205 4.19363
2206 3.661491
2207 3.542083
2208 3.451788
2209 3.641702
2210 3.60876
2212 3.315707
2213 2.948571
2214 4.372676
2215 5.308168
2216 1.679897
2217 2.798615
2218 2.367422
2219 2.350609
2220 1.684528
2221 1.793023
2222 1.472817
2223 0.590386
2224 0.633657
2225 0.34938
2226 0.675291
2227 0.84518
2228 0.467965
2244 0.008363
2249 0.118043
2250 0.347909
2252 0.930405
2253 1.100689
2254 1.296726
2255 0.979057
2256 0.91756
2257 1.132471
2258 0.964317
2259 1.018462
2260 1.124463
2261 0.971771
2262 0.965647
2263 0.812036
2264 0.82798
2265 0.401145
2266 0.356114
2267 1.171157
2268 1.189273
2269 1.361679
2270 1.364739
2271 1.389201
2272 1.17916
2273 0.716063
2275 0.662979
2276 1.034982
2277 1.515556
2278 0.932789
2279 0.621176
2280 0.640605
2304 0.018659
2305 0.765159
2306 1.254801
2307 0.963703
2308 0.942408
2309 0.543603
2310 0.984967
2311 0.860618
2312 0.990062
2313 1.497522
2314 1.452048
2315 1.260908
2316 1.156594
2317 0.770002
2318 0.799711
2320 1.341867
2321 1.043644
2322 0.920119
2323 0.495699
2324 1.005842
2325 0.543526
2326 0.770093
2327 0.4071
2328 0.242031
2329 0.119192
2330 0.233755
2331 0.554815
2332 0.61226
2333 0.748996
2334 0.42259
2335 0.580158
2336 1.014986
2337 1.170455
2338 1.30384
2339 1.279397
2340 1.414657
2341 1.194434
2342 1.263702
2343 0.958393
2344 1.683692
2345 0.913491
2346 1.369424
2347 1.159914
2348 0.950841
2349 1.076994
2350 0.335905
2351 0.190255
2352 0.174929
2353 0.156492
2354 0.139619
2355 0.196166
2356 0.233755
2358 0.083023
2359 0.850006
2360 0.286603
2361 0.193319
2362 0.199746
2363 0.091062
2365 0.065242
2366 1.647246
2367 0.752467
2368 0.978669
2370 1.398358
2371 1.408
2372 2.047058
2373 1.9022
2374 1.912578
2375 2.244563
2376 1.89933
2377 1.853842
2378 2.027897
2379 2.373439
2380 2.460579
2381 2.365355
2382 3.142341
2383 2.783301
2384 2.722595
2385 2.552376
2386 3.210566
2387 2.782612
2388 2.494561
2389 2.776999
2390 2.175001
2391 2.416855
2392 2.411111
2393 2.451187
2394 3.113734
2395 2.705532
2396 2.643897
2397 1.527561
2398 1.451976
2399 0.976174
2400 1.818142
2401 2.5536
2402 1.293767
2404 0.557747
2405 1.322901
2406 1.636287
2407 2.284971
2408 2.378027
2409 1.809552
2410 1.291216
2411 1.877647
2412 1.302614
2413 0.84518
2414 0.879812
2415 0.890791
2416 0.608
2417 0.465933
2423 0.029051
2484 0.00071
2522 0.00496
2523 0.412163
2524 0.76857
2525 0.651302
2526 0.927778
2527 0.718677
2528 0.740232
2529 0.537876
2530 0.62205
2531 0.617788
2532 0.498557
2533 0.642203
2534 0.91532
2535 0.933829
