132 1.116396
133 1.249617
134 1.332784
135 0.809067
136 1.511778
137 1.362597
138 1.304623
139 2.048872
140 2.074603
141 2.440312
142 2.380507
143 2.363445
144 2.440248
145 2.10641
146 2.272814
147 1.95416
148 2.440436
149 1.653618
150 2.787221
152 2.202576
153 2.996124
154 2.454708
155 2.688984
156 2.140334
157 2.222793
158 2.139206
159 2.139623
160 2.225635
161 3.697788
162 2.884955
163 2.259753
164 4.012322
165 3.370717
166 3.517582
167 3.726697
168 3.653328
169 2.967169
170 2.744184
171 2.446038
172 2.65445
173 3.34643
174 3.098886
175 2.817263
176 2.698794
177 2.643609
178 3.155278
179 2.498103
180 3.268987
181 2.765455
182 3.787245
183 3.955893
184 3.301099
185 2.727579
186 3.085851
187 3.374002
188 3.073685
189 3.173658
190 3.19622
191 2.613429
192 2.112125
194 2.606619
195 3.684305
196 3.884779
197 3.775882
198 3.392079
199 2.316843
200 2.013399
201 2.035488
202 2.060047
203 1.768847
204 2.483363
205 1.946518
206 3.204843
207 3.588586
208 3.52401
209 3.936352
210 3.404721
211 2.747275
212 2.48249
213 2.948758
214 3.183888
215 3.07002
216 3.179812
217 3.24609
218 2.882397
219 2.45994
220 1.952349
221 0.923205
222 1.722867
223 1.883245
224 1.752634
225 2.834243
226 3.76373
227 3.980823
228 3.740765
229 3.454658
230 2.994685
231 2.480639
232 2.123956
233 3.06389
235 2.382581
236 3.002046
237 3.667301
238 4.2205
239 4.394126
240 4.056168
242 1.395746
243 7.751104
244 3.03135
245 4.183186
246 3.637586
247 4.097275
248 3.591313
249 4.427245
250 3.568849
251 5.160408
252 3.579444
253 3.203973
254 0.103245
255 6.191573
256 3.922503
257 3.132492
258 3.432983
260 2.214159
261 2.842597
262 3.229553
263 2.525605
264 3.118133
265 3.946837
266 3.886761
267 3.67306
268 3.096451
269 3.348214
270 2.86973
271 4.263896
273 1.647109
274 6.485571
275 2.373006
276 3.179023
277 2.491137
278 3.134659
279 2.851111
280 3.619105
281 2.994324
282 3.228937
283 3.865143
284 3.356822
285 3.10983
286 1.982923
287 2.178954
288 0.115584
289 7.100954
290 3.323652
291 2.766314
293 0.061078
294 5.363241
295 2.232143
296 1.520128
297 1.989138
298 1.874717
299 1.730804
300 1.995734
301 1.568539
302 2.613003
303 1.69036
304 1.331719
305 1.549497
306 1.321581
307 1.45449
308 2.514605
309 2.581307
310 2.762434
312 3.004448
313 2.605155
314 2.547405
315 2.02354
316 1.954669
317 1.382321
318 0.505108
319 0.552618
320 0.605597
321 0.970089
322 1.420876
323 1.139719
324 1.51699
325 1.378214
326 2.028274
327 1.893339
328 1.898867
329 2.634869
330 1.904944
331 1.724646
332 1.573895
333 1.7579
342 0.061933
343 0.240685
344 0.606196
345 0.724169
346 1.034802
347 1.479738
348 1.895227
349 2.163319
350 2.135653
352 2.046733
353 2.057167
354 1.902493
355 2.203916
356 2.704655
357 2.057532
358 2.028698
359 2.405275
360 1.964784
361 2.391952
362 1.501704
363 1.809552
364 1.165188
365 1.463569
366 1.187873
367 1.289442
368 1.117443
369 0.705015
370 1.543073
371 1.748281
372 1.490196
373 1.19097
374 1.179917
375 1.176492
376 1.07935
377 1.618094
378 1.363512
379 1.353717
380 1.525748
381 1.478226
382 1.589804
383 1.637652
384 1.594672
385 1.628428
386 1.520615
387 1.191429
388 1.159414
389 0.650139
390 0.728459
391 1.105129
392 0.594103
394 0.119498
395 0.295193
396 0.744008
397 1.051057
398 0.967762
399 1.057212
400 1.023951
401 0.823509
402 0.510669
403 0.84518
404 0.834345
405 0.796697
406 0.736824
407 0.769331
408 0.67091
409 0.67785
410 0.672476
411 0.44119
412 0.901143
413 0.902385
414 1.182256
415 1.268883
416 1.518494
417 1.662843
418 1.644465
419 1.786557
420 2.124859
421 1.67281
422 1.003891
423 1.180235
424 1.328148
425 2.685522
426 1.948873
427 1.760224
428 1.431979
429 1.51699
430 0.877687
432 0.104774
433 1.328268
434 0.5677
435 0.641208
436 0.415045
437 0.555367
438 0.482824
439 0.393134
597 0.002088
598 1.29072
599 1.818718
600 1.922653
601 1.476353
603 1.224303
604 1.590034
605 1.54772
606 1.492963
607 2.193455
608 1.590794
609 1.888376
610 0.967763
611 1.511404
612 1.731195
613 1.541061
614 1.427044
615 2.027624
616 3.061566
617 2.534402
618 2.510272
619 2.191263
620 2.959209
621 2.344799
622 2.08177
623 1.550821
624 1.902513
625 1.986802
627 2.339885
628 1.707142
629 1.91642
630 2.339676
631 2.543952
632 2.47552
633 1.713822
634 2.455177
635 2.058743
636 2.198662
637 2.484473
638 2.475007
639 2.68724
640 2.079297
641 3.173434
642 2.522859
643 1.975347
645 2.337818
646 2.449921
647 2.589719
648 2.213235
649 2.433942
650 2.165595
651 2.903832
652 2.903792
653 3.179861
654 2.907129
655 2.308353
656 2.195922
657 2.670993
658 2.603247
659 2.864464
660 1.858494
661 2.056975
662 2.250487
663 2.8357
664 2.765828
665 2.316875
666 2.546183
667 2.590186
668 2.682432
669 3.094244
670 2.47581
671 3.235616
672 3.227145
673 3.088158
675 0.753896
676 6.115603
677 2.097054
678 2.261659
679 2.38567
680 2.416127
681 2.6936
682 3.041869
683 2.682374
684 2.652539
685 2.286812
686 2.721853
687 2.971906
688 3.19439
689 2.201477
690 1.823744
691 2.097207
692 3.000746
700 0.281797
701 1.596228
702 1.785679
703 2.588502
704 2.441665
705 2.939649
707 3.30564
708 3.557477
709 4.17051
710 4.243549
711 4.136224
712 3.54945
713 3.833335
714 3.249705
715 4.206857
716 3.516691
717 3.420069
718 3.506669
719 5.258805
720 4.490585
722 1.89984
723 8.242311
724 3.431501
725 4.12838
726 4.570022
727 2.782037
728 2.917677
729 2.347615
730 3.232222
731 3.131317
732 3.083125
733 2.219413
736 0.426247
737 4.899396
738 1.82579
739 1.735699
741 1.650478
742 1.908963
743 1.802094
744 1.607231
745 1.461365
746 0.977522
747 0.467327
748 0.378831
749 0.329063
750 0.255006
751 0.22313
761 0.013088
762 1.744943
778 0.004136
779 0.389872
780 0.647017
781 1.0973
782 0.638847
783 0.835441
784 0.936982
785 0.58661
786 0.828587
787 0.721379
788 0.52592
789 0.604458
790 0.399333
791 0.353724
792 0.108566
793 0.335905
794 0.257238
795 0.335905
796 0.354489
797 0.462271
798 0.433334
799 0.828722
800 0.690696
802 0.59632
803 0.42603
804 0.306126
805 0.474688
806 0.576901
807 0.672541
808 0.566856
809 0.43918
810 0.139619
812 0.083401
813 0.05114
814 0.118314
815 0.07291
816 0.162535
817 0.307247
818 0.343341
819 0.369608
820 0.26923
821 0.439475
822 0.390461
823 0.616444
824 0.332569
825 0.214893
826 0.114651
827 0.166114
849 0.000492
851 0.048857
852 0.041298
853 0.025275
881 0.001154
883 0.020806
884 0.011876
934 0.000179
935 0.058629
937 0.041014
938 0.02652
939 0.059695
940 0.059695
942 0.708427
943 0.945589
944 1.113497
945 0.92694
946 0.854677
947 0.709605
948 0.95041
949 1.201465
950 1.319489
951 1.45011
952 1.101074
953 1.512309
954 1.565038
955 2.058772
956 1.312918
957 1.122563
958 1.647018
959 1.601183
960 1.602759
961 1.37977
963 1.670263
964 1.545969
965 1.490978
966 1.650893
967 1.309425
968 1.450099
969 1.097653
970 1.308959
971 1.264727
972 1.19796
973 1.192294
974 1.527826
975 1.211203
976 1.226741
977 1.426646
978 1.418008
979 1.825822
980 1.257278
981 1.308683
983 1.476473
984 1.710338
985 1.217649
986 1.541562
987 0.957046
988 1.384094
989 1.343249
990 1.234195
991 2.000751
992 1.668689
993 0.90625
994 1.365291
995 1.755374
996 1.115073
997 1.502118
998 1.133578
999 1.179877
1000 1.513552
1001 1.419469
1002 1.120396
1003 1.582004
1004 1.11722
1005 1.397798
1006 1.061758
1007 1.24637
1008 0.787173
1009 1.162868
1010 1.015065
1011 1.423259
1012 1.181481
1013 1.451976
1014 0.905242
1015 1.508763
1016 1.200803
1017 1.171857
1018 1.34362
1019 1.16042
1020 1.180708
1021 1.359841
1022 0.997123
1023 1.214795
1024 0.961447
1025 1.158905
1026 1.161364
1027 1.047291
1028 1.191921
1029 0.967268
1030 1.289974
1031 1.288814
1032 0.702535
1033 0.953537
1034 0.506857
1035 1.341658
1036 1.430305
1037 1.403684
1039 0.823393
1040 1.733703
1041 1.30362
1042 1.255176
1043 1.224232
1044 1.676991
1045 1.348602
1046 1.810687
1047 1.896625
1048 2.121015
1049 1.970635
1050 1.861645
1051 2.07946
1052 2.204268
1054 2.245369
1055 1.374712
1056 0.595014
1057 0.261882
1058 2.551568
1059 2.477302
1060 2.000751
1061 1.723422
1062 1.732731
1063 2.064906
1064 1.520032
1065 1.705558
1066 1.730474
1067 2.04617
1068 1.957074
1069 1.770018
1070 1.961251
1071 1.551568
1072 1.467952
1073 1.641726
1074 1.515701
1075 1.847688
1076 1.438042
1077 1.88945
1078 2.459691
1079 0.897199
1080 1.898117
1081 1.76815
1082 1.892484
1084 2.4157
1085 2.134585
1086 2.069608
1087 1.810846
1088 1.947232
1089 2.011684
1090 2.142881
1091 1.419254
1092 1.880488
1093 1.370172
1094 1.727425
1095 1.470296
1096 1.749291
1097 1.391667
1098 2.197546
1099 1.946902
1100 1.803695
1101 1.914432
1102 2.45994
1103 1.954603
1104 1.919134
1105 2.405275
1106 2.392974
1107 2.725347
1108 2.688168
1109 2.935857
1110 2.288607
1111 2.347585
1112 2.260012
1113 2.458416
1114 2.511666
1115 2.5489
1116 1.477778
1117 2.045201
1118 2.53905
1119 2.735359
1120 2.044484
1121 1.617431
1122 1.874566
1123 1.541139
1124 2.156293
1125 1.702882
1126 1.227134
1127 2.20848
1128 1.592896
1129 1.661776
1130 2.427141
1131 2.098548
1132 1.908372
1133 2.073062
1134 1.773233
1135 1.718036
1137 1.893811
1138 2.742338
1139 2.586807
1140 1.901404
1141 0.702084
1142 1.288814
1143 0.677281
1144 0.290089
1145 0.335573
1146 0.252554
1147 0.291984
1148 1.389944
1149 1.354455
1150 1.101033
1151 1.28088
1152 2.210471
1153 1.441149
1154 1.530629
1155 1.175459
1156 1.34976
1157 1.77017
1158 1.556536
1159 1.532641
1161 1.612636
1162 1.672759
1163 1.428535
1164 1.493041
1165 1.934491
1166 1.199185
1167 0.954012
1168 1.289442
1169 1.229355
1170 1.473648
1171 1.054781
1172 0.985022
1173 0.858353
1174 0.987106
1175 0.877749
1176 0.841846
1177 0.39047
1178 0.355465
1179 0.370508
1180 0.374726
1181 0.803429
1182 0.688424
1183 1.147442
1184 1.344364
1185 1.220132
1186 1.278606
1187 0.893188
1188 1.0376
1190 1.335428
1191 1.377566
1192 1.232928
1193 1.040222
1194 0.517338
1195 0.203868
1196 0.355053
1197 0.866851
1198 0.706622
1199 0.725988
1200 0.780733
1201 1.031034
1202 0.699034
1203 0.807518
1204 0.569545
1205 0.776704
1206 0.998626
1207 1.515155
1208 1.207562
1209 1.232
1210 1.264664
1211 1.490863
1212 1.337738
1213 1.614511
1214 1.188186
1215 1.249774
1216 1.298831
1217 1.785887
1218 1.070123
1219 1.056444
1220 1.311113
1221 0.875216
1222 0.998857
1223 0.342347
1224 0.10944
1225 1.148578
1226 1.063176
1227 1.078912
1228 1.386962
1230 0.578505
1231 1.192238
1232 1.202756
1233 1.115216
1234 1.603361
1235 1.313257
1236 1.335429
1237 1.691716
1238 1.380456
1239 1.230739
1240 1.236306
1241 0.888663
1242 1.226857
1243 0.981835
1244 1.321949
1245 0.350923
1246 1.357143
1247 0.936071
1248 0.729658
1249 0.600847
1250 0.325069
1252 0.113727
1253 0.174039
1254 0.112508
1255 0.122622
1256 0.129899
1258 0.009011
1262 0.056813
1264 0.037288
1265 0.23862
1266 0.482824
1267 0.555689
1268 0.693867
1269 0.873721
1270 1.19
1271 1.050701
1272 0.694709
1273 0.715921
1274 0.367915
1275 0.380549
1276 0.245473
1277 0.189233
1278 0.828727
1280 1.042027
1281 1.145919
1282 0.994612
1283 0.94074
1284 1.208008
1285 1.114061
1286 0.746648
1287 1.315015
1288 1.517661
1289 1.344951
1290 0.923121
1291 0.907231
1292 0.811659
1293 0.890541
1294 0.709869
1295 1.290102
1296 0.907631
1297 1.347089
1298 1.3557
1299 0.730889
1300 0.964701
1301 0.845558
1302 1.419469
1303 0.735358
1304 0.942701
1305 0.467511
1307 0.115584
1308 0.084116
1309 0.856864
1310 1.178109
1311 1.460426
1312 1.20038
1313 1.138653
1314 1.095381
1315 1.039191
1316 0.512072
1317 0.290705
1318 1.241934
1319 0.950906
1320 1.007152
1321 1.286511
1322 1.045035
1323 1.092779
1324 1.061106
1325 1.118429
1327 1.506154
1328 0.799098
1329 0.485679
1330 1.126588
1331 0.772518
1332 0.78248
1333 1.351888
1334 1.938154
1335 1.005085
1336 0.770678
1337 0.954482
1338 0.704117
1339 0.823509
1340 1.040222
1341 0.860645
1342 0.378498
1343 0.319591
1344 0.726081
1345 1.571168
1346 0.90362
1347 1.123628
1348 1.129758
1349 0.927145
1351 1.139153
1352 1.462812
1353 1.101077
1354 1.301228
1355 1.93958
1356 1.456783
1357 1.735421
1358 1.388879
1359 1.885402
1360 1.556451
1361 1.187073
1362 1.378589
1363 1.052622
1364 1.323259
1365 1.29978
1366 1.43756
1367 1.515422
1368 1.171409
1369 0.902824
1370 1.115173
1371 0.527441
1372 0.899358
1373 0.776248
1374 0.604381
1375 0.793199
1376 0.867711
1377 0.722817
1378 0.784077
1379 1.266071
1380 0.562633
1381 0.497947
1382 0.297507
1383 0.41949
1384 0.390083
1386 0.101468
1387 0.314545
1388 0.497584
1389 0.665224
1390 0.434463
1391 0.762725
1392 0.70575
1393 0.961926
1394 0.930854
1395 1.089988
1396 0.979549
1397 0.775762
1398 0.887851
1399 0.874116
1400 1.386962
1401 1.203213
1402 1.131588
1403 1.007958
1404 0.952593
1405 0.92612
1406 1.11915
1407 0.796642
1408 1.148578
1409 0.809653
1410 0.808254
1411 1.083564
1413 0.517175
1414 0.765017
1415 0.416483
1416 0.472557
1417 0.318757
1418 0.244381
1419 0.13524
1431 0.01411
1432 0.454678
1433 0.407718
1434 0.282094
1435 0.390083
1436 0.323453
1437 0.306016
1438 0.375756
1440 0.041194
1442 0.02684
1443 0.290321
1444 0.225318
1445 0.183914
1446 0.372103
1447 0.600763
1448 0.805719
1449 0.63906
1450 0.904428
1451 0.593523
1453 0.758768
1454 1.025734
1455 0.686042
1456 0.742854
1457 0.59596
1458 0.471632
1459 0.516012
1460 0.499429
1461 0.428495
1462 0.910194
1463 0.751144
1464 0.796008
1465 0.864815
1466 1.06941
1467 0.431501
1468 0.500297
1469 0.216713
1470 0.599897
1471 0.9272
1472 1.067941
1473 1.523665
1474 1.691828
1475 1.468911
1476 1.60262
1477 1.376024
1478 1.949378
1479 1.544206
1480 1.141915
1481 1.30038
1482 1.928745
1483 1.048032
1484 1.443165
1485 1.162961
1486 1.322901
1487 1.060507
1488 1.421299
1490 0.79881
1491 0.245206
1492 2.331897
1493 1.106331
1494 1.277892
1495 0.296846
1496 0.303158
1497 0.301606
1498 0.688783
1499 0.725395
1500 0.278828
1501 0.625405
1502 0.510012
1503 0.689386
1504 0.439618
1505 0.524712
1506 0.600802
1508 0.658226
1509 0.691097
1510 0.72374
1511 1.160563
1512 1.050525
1513 1.145126
1514 0.879812
1515 0.370065
1516 0.863712
1517 0.784551
1518 1.058222
1519 0.908824
1520 0.859361
1521 1.204055
1522 0.832459
1523 0.487122
1524 0.564012
1525 0.472539
1526 0.546653
1527 0.358978
1528 0.324748
1529 0.29937
1530 0.802871
1531 0.6528
1532 0.706648
1533 0.86559
1534 0.761665
1535 1.082493
1536 0.612419
1537 0.698424
1538 0.744562
1539 0.975208
1540 0.797782
1541 0.827612
1542 0.950689
1543 1.06312
1544 1.212198
1545 1.290102
1547 1.333566
1548 1.167187
1549 1.464262
1550 1.094242
1551 1.168368
1552 1.098762
1553 1.332784
1554 0.903764
1555 1.568283
1556 1.224503
1557 0.951481
1558 1.275347
1559 1.035045
1560 1.366633
1561 1.129236
1562 1.507647
1563 1.255522
1564 1.500646
1565 1.288903
1566 1.292651
1567 1.285798
1568 1.380903
1569 1.397798
1570 1.501264
1571 0.977262
1572 1.317636
1573 0.946362
1574 1.416282
1575 1.495319
1576 1.535747
1577 1.49783
1578 1.485954
1579 1.181172
1580 1.655576
1581 1.384341
1582 1.386962
1583 1.545035
1584 1.099747
1585 1.554113
1586 1.30103
1588 0.974141
1589 0.951177
1590 1.192052
1591 1.757114
1592 1.320427
1593 0.770857
1594 0.652166
1595 0.920924
1596 0.856763
1597 1.126106
1598 1.352039
1599 0.728413
1600 0.731784
1601 0.175792
1613 0.015948
1614 0.307833
1615 0.505108
1616 0.372343
1617 0.290169
1618 0.380979
1619 0.34259
1620 0.582322
1621 0.56051
1622 0.934939
1623 1.045687
1624 0.86743
1625 0.909762
1626 1.177181
1627 1.097489
1628 1.086676
1629 1.067881
1630 0.94438
1631 1.098228
1632 1.090656
1634 1.187076
1635 1.51699
1636 0.765671
1637 0.894462
1638 1.376127
1639 1.180771
1640 0.844884
1641 1.158776
1642 1.159414
1643 0.818431
1644 1.040222
1645 0.718693
1646 0.837925
1647 0.839679
1648 0.907454
1649 1.136204
1650 0.952534
1651 1.081686
1652 1.241127
1653 0.875762
1654 0.86756
1655 0.965666
1656 0.902034
1658 0.99468
1659 1.13887
1660 0.727278
1661 0.34048
1662 0.450635
1666 0.032189
1667 1.164099
1668 0.195042
1671 0.013091
1672 1.536326
1673 0.579224
1674 0.535905
1676 0.428602
1677 0.472007
1678 0.524419
1679 0.427278
1680 0.464309
1681 0.527968
1682 0.50495
1683 0.722028
1684 0.781275
1685 0.725038
1686 0.733676
1687 1.137743
1688 0.659971
1689 0.847053
1690 1.203332
1691 1.127097
1692 0.9296
1693 0.992957
1694 0.885217
1695 1.038051
1696 1.356747
1697 1.41924
1698 0.91719
1700 0.053949
1701 1.087145
1702 1.022137
1703 0.930368
1704 1.065888
1705 1.282656
1706 1.40422
1707 1.291255
1708 1.199441
1709 1.257166
1710 1.225546
1711 1.000639
1712 1.388337
1713 1.136088
1714 1.196397
1715 1.386962
1716 1.159057
1717 1.462812
1718 0.882808
1719 1.226007
1720 1.574362
1721 1.147439
1722 1.119963
1723 1.473648
1724 1.176737
1725 0.934992
1726 1.175307
1727 1.416913
1729 1.271907
1730 1.620533
1731 1.350443
1732 1.282254
1733 1.789653
1734 1.162917
1735 1.442569
1736 0.439723
1737 1.34362
1738 1.006012
1739 1.213592
1740 0.908832
1741 1.388337
1742 1.007337
1743 1.420876
1744 1.0958
1745 1.202524
1746 1.254129
1747 1.500646
1748 1.156654
1749 1.148854
1750 1.322446
1751 1.584665
1752 1.302527
1753 1.515117
1754 2.037101
1755 1.244317
1756 1.361814
1758 1.712104
1759 2.21027
1760 1.80274
1761 1.818454
1762 1.837177
1763 1.66065
1764 1.96848
1765 1.759773
1766 2.186613
1767 1.597613
1768 2.1888
1769 1.509347
1770 2.145457
1771 1.345046
1772 2.17568
1773 1.707261
1774 1.65064
1775 1.897388
1776 1.855035
1777 2.071659
1778 2.156293
1779 1.653225
1780 1.946086
1781 1.377491
1782 1.016681
1783 0.877407
1784 0.953537
1785 0.557929
1786 0.408118
1787 0.414384
1788 0.235909
1789 0.151699
1790 0.128753
1791 0.257506
1792 0.418447
1793 0.499386
1794 0.953537
1795 0.919745
1796 0.728563
1797 1.235437
1798 1.198224
1799 0.859545
1800 1.506154
1801 1.24922
1802 1.282392
1803 1.701196
1804 1.175185
1805 1.136757
1806 1.498286
1808 1.347747
1809 1.470897
1810 1.411832
1811 1.716492
1812 1.357562
1813 1.277305
1814 1.451976
1815 1.13604
1816 1.340499
1817 1.436521
1818 1.778807
1819 1.27105
1820 1.448851
1821 1.64865
1822 1.458531
1823 1.887271
1824 1.250238
1825 1.504824
1826 2.025104
1827 1.742545
1828 1.685803
1829 2.328743
1830 2.235189
1831 1.919741
1833 2.586566
1834 1.69036
1837 0.292773
1838 6.562061
1839 1.143873
1841 1.080968
1842 2.062712
1843 1.061893
1844 1.321949
1845 1.213006
1846 1.869283
1847 1.530981
1848 2.245201
1849 1.310812
1850 1.867689
1851 1.290992
1852 1.787881
1853 1.379564
1854 1.887271
1855 1.579301
1856 1.761145
1857 1.599958
1858 2.004594
1859 1.515802
1860 1.81561
1861 1.917909
1862 1.352572
1864 1.462941
1865 1.93958
1866 1.634495
1867 1.786245
1868 0.908119
1869 1.70856
1870 0.846018
1871 1.987832
1872 1.854365
1873 2.006226
1874 2.000246
1875 1.974793
1876 1.727756
1877 1.798812
1878 1.809552
1879 1.319453
1880 1.498374
1881 1.614448
1882 1.935153
1883 1.338165
1884 1.43306
1885 1.373669
1886 1.965143
1887 1.77409
1888 1.372407
1889 1.905187
1890 1.499221
1891 1.822192
1892 1.474515
1894 1.702882
1895 1.097926
1896 1.235852
1897 1.033479
1898 0.940244
1899 0.456063
1900 0.590386
1901 0.351016
1902 0.307833
1903 0.314234
1904 0.219089
1905 0.180727
1906 0.303398
1907 0.130954
1908 0.265681
1909 0.24922
1910 0.120595
1911 0.106149
1912 0.130157
1913 0.220349
1915 0.012333
1916 0.112508
1917 0.11357
1918 0.273062
1919 0.332612
1920 0.268421
1921 0.289694
1922 0.237464
1925 0.035539
1926 0.315484
1927 0.400919
1928 0.769247
1930 1.021556
1931 1.207623
1932 1.021009
1933 1.420356
1934 1.585598
1935 1.536642
1936 1.580044
1937 1.628092
1938 1.329624
1939 1.679834
1940 1.971338
1941 1.88772
1942 1.599896
1943 1.403568
1944 1.657853
1945 0.848216
1946 1.293103
1947 1.612183
1948 1.482839
1949 1.671677
1951 1.686351
1952 1.861401
1953 1.989746
1954 1.929371
1955 1.20404
1956 1.917909
1957 1.465323
1958 1.410732
1959 1.847688
1960 1.350066
1961 1.79514
1962 1.847818
1963 1.670657
1964 1.729532
1965 1.678858
1966 1.672999
1967 1.308696
1968 1.384058
1969 1.404785
1971 1.423447
1972 1.847688
1973 1.342625
1974 1.498286
1975 0.602374
1976 0.975208
1977 0.551542
1978 1.885419
1979 1.81014
1980 2.260364
1981 1.781125
1982 1.733703
1983 1.182701
1984 1.145331
1985 1.278606
1986 0.967741
1987 1.683692
1988 1.458149
1989 1.571168
1990 0.295908
1992 0.007011
1993 2.113943
1994 0.672476
1995 1.072729
1996 0.873431
1997 0.878557
1998 0.704317
1999 0.289998
2000 0.107782
2006 0.020617
2007 1.210103
2008 0.225539
2009 0.275405
2010 0.371883
2011 0.3359
2012 0.444954
2013 0.447532
2014 0.792024
2015 0.591038
2016 0.867988
2017 0.679012
2018 0.93983
2019 0.930421
2020 0.796494
2022 0.877962
2023 0.699018
2024 0.349888
2025 0.513854
2026 0.415952
2027 0.416406
2028 0.200043
2029 0.777126
2030 1.312614
2031 1.069394
2032 0.750707
2033 0.851382
2034 0.583022
2035 0.67181
2037 0.718393
2038 0.568102
2039 0.375898
2040 0.565765
2041 0.967856
2042 1.153491
2043 0.806821
2044 1.388765
2045 1.357641
2046 1.38834
2047 1.234218
2048 0.905299
2049 0.849207
2050 0.546664
2051 0.531778
2052 0.516565
2053 1.029386
2054 0.570613
2055 0.516127
2056 0.335905
2058 0.221684
2059 0.21888
2060 0.097424
2128 0.000484
2129 0.412163
2130 0.452578
2131 0.52222
2132 0.61411
2133 0.773895
2134 1.266897
2135 1.531282
2136 1.130099
2137 1.214258
2139 1.362691
2140 0.970941
2141 1.123053
2142 1.133788
2143 1.170455
2144 1.159414
2145 0.350772
2146 0.617632
2147 0.682646
2148 0.598409
2149 0.590697
2150 0.42259
2151 0.300424
2153 0.079907
2154 0.357223
2155 0.777965
2156 0.812903
2157 1.072823
2159 1.02311
2160 0.576705
2161 0.584135
2162 0.822694
2163 1.091126
2164 1.48206
2165 1.465292
2166 1.601263
2167 1.782384
2168 1.644285
2169 1.809465
2170 2.339676
2171 1.757875
2172 2.2536
2173 2.104086
2174 1.852618
2175 1.97029
2176 2.919126
2177 2.581458
2178 2.160296
2179 2.498989
2180 2.846793
2181 2.790581
2182 2.480302
2183 2.116723
2184 2.230346
2185 1.356819
2186 1.715429
2187 1.346574
2188 2.253814
2189 2.060388
2190 2.961347
2191 2.889429
2192 2.759524
2193 3.205407
2194 3.236835
2195 3.911489
2196 2.823713
2197 2.349164
2198 2.864464
2199 2.198825
2200 2.306463
2201 2.926378
2202 2.736519
2204 2.280516
2205 2.654733
2206 2.416168
2207 2.468587
2208 2.5489
2209 1.751081
2210 1.586495
2211 1.625662
2212 0.945115
2214 0.063259
2215 2.024747
2216 1.103138
2217 0.8005
2218 0.690641
2219 0.21888
2220 0.199938
2222 0.015085
2232 0.005261
2260 0.000398
2261 0.152
2329 0.002243
2330 0.48398
2331 0.046242
2333 0.026477
2334 0.026057
2335 0.028599
2361 0.000428
2363 0.0057
2364 0.056705
2365 0.055553
2367 0.069315
2368 0.037831
2369 0.078102
2370 0.066041
2371 0.123561
2372 0.085667
2373 0.105751
2374 0.0864
2382 0.013661
2383 0.566756
2385 1.001655
2386 1.309339
2387 0.93087
2388 1.254883
2389 1.677481
2390 2.210973
2391 2.044153
2392 1.976665
2393 2.040737
2394 1.942641
2395 2.050244
2396 2.56991
2397 3.510479
2398 4.373227
2399 3.130545
2400 3.292108
2401 1.802254
2402 1.267434
2403 2.136737
2404 0.052587
2405 1.311968
2406 1.478672
2407 2.692398
2408 1.931501
2409 1.55855
2410 1.302631
2411 1.450767
2412 1.0944
2413 1.160563
2414 0.793474
2415 0.997835
2416 0.841006
2417 0.733142
2419 0.270891
2431 0.001717
2448 0.000722
2449 0.542776
2450 0.795461
2451 0.704983
2452 0.99334
2453 0.523669
2454 1.129224
2455 1.033303
2456 0.873339
2457 1.010331
2458 1.452808
2459 1.56377
2460 0.630031
2462 0.431106
2463 0.098675
2464 0.933459
2465 0.369189
2466 0.77746
2467 0.899358
2468 0.739493
2469 0.765391
2470 0.567549
2471 0.639303
2472 0.447922
2473 0.758495
2474 0.779651
2475 0.788341
2476 0.872428
2477 0.930869
2478 1.065616
2479 1.473648
2480 1.514574
2481 1.601303
2482 1.464262
2483 1.322901
2484 1.557875
2485 1.431936
2486 1.518494
2487 1.072729
2488 1.247327
2489 1.702857
2490 2.350609
2491 1.782325
2492 1.390886
2494 1.637038
2495 1.31756
2496 1.657853
2497 1.22552
2498 0.976376
2499 1.538661
2500 1.625347
2501 0.58597
2502 1.270051
2503 1.218471
2504 1.917909
2505 1.733703
2506 1.370158
2507 1.873003
2508 1.399655
2509 1.378364
2510 1.944144
2511 1.225506
2512 1.723465
2513 1.435284
2514 1.521834
2515 1.78234
2516 1.350899
2517 0.994909
2518 0.984293
2519 1.395434
2520 1.579362
2521 0.579453
2522 0.705015
2523 0.321882
2533 0.013185
2535 0.605827
2536 0.220069
2537 0.360285
2538 0.634981
2539 0.444876
2540 0.421738
2541 0.456684
2542 0.336738
2543 0.080074
2544 0.468675
2545 0.330722
2546 0.155806
2547 0.168369
2548 0.051623
2549 0.108356
2550 0.064171
2552 0.181921
2553 0.096754
2555 0.032094
2556 0.074981
2558 0.400096
2559 0.373397
2560 0.530006
2561 0.258545
2562 0.300261
2563 0.131434
2564 0.097714
2565 0.084185
2566 0.078032
2568 0.070868
2569 0.062132
2570 0.082909
2571 0.086685
2572 0.053647
2573 0.048
2574 0.05842
