482 0.792214
484 0.118832
485 2.10245
486 1.191704
487 0.907545
488 0.905879
489 0.969172
490 0.936623
491 1.104674
492 0.854048
493 1.027397
494 1.403363
495 0.623643
496 0.54298
498 0.740824
499 1.616439
500 1.020558
501 0.541782
502 0.214168
503 0.266686
504 0.171247
505 0.260055
506 0.276256
507 0.1368
508 0.194333
509 0.162535
510 0.472975
511 0.547069
512 0.515012
513 0.149236
514 0.432039
515 0.956095
516 1.464951
517 1.365146
518 1.369236
519 1.183113
521 1.249194
522 1.485806
523 1.452364
524 1.365538
525 1.278684
526 1.526914
527 1.278234
528 1.182281
529 1.500008
530 1.521399
531 1.108197
532 1.43444
533 1.71351
534 1.333823
536 1.162529
537 1.778031
538 1.115422
539 1.527493
540 1.150196
541 1.361679
542 0.952592
543 1.747485
544 1.189063
545 1.812963
546 1.226851
547 1.47837
548 1.770916
549 0.60624
550 1.323921
551 1.195002
552 1.274819
553 1.10505
554 1.323102
555 1.148031
557 1.477435
558 1.410222
559 0.880214
560 1.349974
561 1.055278
562 0.904898
563 1.359371
564 1.008048
565 0.75101
566 0.858353
567 0.652385
568 0.656494
569 0.503534
570 0.554206
571 0.932932
572 0.570388
573 0.092052
574 0.670416
575 0.3648
576 0.509275
577 0.504392
578 0.824325
579 0.47049
581 0.043741
582 0.577348
583 0.998079
584 1.126907
585 0.612612
586 0.52342
587 0.718871
588 0.54099
589 0.579453
590 0.19144
591 0.02736
592 0.332612
593 0.083383
594 0.304547
595 0.396988
596 0.450635
597 0.26082
598 0.164407
599 0.23862
601 0.252797
602 0.368047
603 0.181683
604 0.361258
605 0.375564
606 0.444702
607 0.316743
608 0.326692
609 0.67181
610 0.559936
611 0.687356
612 0.453717
613 0.375898
614 0.392753
615 0.560262
616 1.165312
617 0.164914
618 0.23114
619 0.214588
620 0.447302
621 0.40062
623 0.483865
624 0.62909
625 0.5602
626 0.596589
627 0.769331
628 0.61318
629 0.849125
630 0.782108
631 0.847755
632 0.807306
633 0.75592
634 0.96211
636 0.681935
637 0.761042
638 0.901271
639 0.722957
640 1.038641
641 0.791738
642 0.614297
643 0.787302
644 0.792431
645 0.705735
646 0.878895
647 1.050018
648 0.75502
649 0.901082
650 0.832628
651 0.783276
653 0.770863
654 0.940244
655 0.609023
656 0.759551
657 1.072729
658 0.842234
659 0.886325
660 1.028412
661 1.202756
662 0.936791
663 0.860139
664 0.858725
665 0.732447
666 0.898037
667 1.158905
668 0.94861
669 1.015406
670 1.244163
671 1.146257
672 1.227933
673 1.012893
674 1.275556
675 1.240016
676 1.292681
678 1.148366
679 1.21357
680 0.695968
681 0.824325
682 0.667331
683 0.914986
684 1.224503
685 0.650601
686 0.535003
687 0.997925
688 0.488087
690 0.438965
691 1.16364
692 1.70019
693 1.399387
694 1.492855
695 1.253433
696 1.677435
697 1.03222
698 1.711659
699 1.252594
700 1.500045
701 1.683929
702 1.855506
703 1.486973
704 1.412492
705 1.221996
706 1.735233
707 1.458933
708 1.359659
709 1.075065
710 1.140301
712 0.635687
713 1.154014
714 1.061035
715 0.910636
716 0.703286
717 0.62623
718 0.824325
719 0.433727
720 0.555788
721 0.432132
722 0.142361
723 0.575243
724 0.491819
725 0.501853
726 0.672476
727 0.571651
728 0.655327
729 0.805026
730 0.586837
732 0.066547
733 0.723859
734 0.563453
743 0.044619
744 0.260055
746 0.311251
747 0.322433
748 0.494649
749 0.645973
750 0.649823
751 0.552618
752 0.508507
753 0.338623
754 0.665039
756 1.382886
757 1.449592
758 1.489836
759 1.342809
760 1.419345
761 1.38621
763 0.169938
766 0.084809
767 0.937134
768 0.448915
769 0.327861
770 0.491352
771 0.539659
772 0.586234
773 0.633711
774 0.821693
776 0.443973
777 0.898912
778 1.274765
779 1.080854
780 1.101379
781 0.944888
782 0.913415
783 0.676873
786 0.007395
787 0.184836
788 0.453401
789 0.443137
790 0.937814
791 0.780547
793 0.832468
794 1.145191
795 1.193023
796 0.846914
797 1.411181
798 1.180805
799 0.931461
800 1.169236
801 0.899758
802 0.987966
803 1.295881
804 1.111688
805 1.133834
806 0.839521
807 0.868044
808 0.9042
809 0.720933
810 1.086311
811 1.064071
812 0.919984
813 0.795319
814 1.138075
815 0.952341
817 0.651975
818 1.388303
819 1.096302
820 0.892194
821 1.095343
822 0.785934
823 1.154387
824 1.087035
825 0.614693
826 0.935747
827 0.84409
828 1.116242
829 0.861296
830 0.644045
831 1.155868
832 0.887707
833 0.730541
834 0.943097
835 0.819992
836 0.475211
837 0.125974
843 0.022939
845 0.052659
846 0.839408
847 0.847767
848 0.884117
850 0.827737
851 0.907675
852 0.782342
853 0.887056
854 0.83704
855 0.935268
856 0.877024
857 0.982828
859 0.597388
860 0.839589
861 0.620884
862 0.86392
863 0.866878
864 0.834334
865 0.661097
867 0.960459
868 1.218178
869 0.876431
870 0.826262
871 1.129566
872 0.860163
873 0.533083
874 0.613453
875 0.85703
876 0.932143
877 1.048119
878 0.950058
880 0.987506
881 1.080681
882 1.006102
883 1.169506
884 0.71162
885 0.775616
886 0.934375
887 0.571203
888 0.482824
889 0.639905
890 1.149207
891 0.956272
892 0.93404
893 1.568665
894 1.430498
895 0.979235
896 1.276832
897 1.229663
898 1.266418
899 0.996459
900 0.690997
901 0.591025
902 1.029386
903 0.779243
904 0.789822
905 0.597325
906 0.622917
907 0.326481
908 0.423009
909 0.799412
910 1.479343
911 1.395706
912 1.249798
913 1.134622
914 0.991731
915 0.735585
917 0.802452
918 1.788854
919 1.298499
920 1.527163
921 1.631129
922 1.165257
923 1.724107
924 0.787181
925 0.670414
926 0.765467
927 1.114133
928 0.592046
929 0.528555
930 0.960562
931 1.370273
932 1.413467
933 0.684979
934 0.866851
935 0.459184
936 0.613059
937 0.574289
938 0.429169
939 0.450635
940 0.504282
941 0.55024
942 0.815094
943 0.791915
944 1.158905
945 0.794495
946 1.171319
947 0.795433
949 0.796291
950 0.931865
951 0.656198
952 0.554915
953 0.570345
954 0.791002
955 0.600016
956 0.614162
957 0.179574
958 0.520111
959 0.437924
960 0.607397
961 0.463105
962 0.492645
963 0.574289
964 0.450161
965 0.578821
966 0.393648
967 0.510012
968 0.452713
969 0.505537
970 0.573608
971 0.54731
972 0.808376
973 0.759648
974 1.156603
975 0.791033
977 0.942066
978 1.311159
979 1.286063
980 1.310107
981 1.356063
982 1.404781
983 1.233047
984 1.263405
985 1.202613
986 1.241719
987 1.079413
988 0.883054
989 1.051596
990 0.979976
991 0.693357
992 0.916487
993 1.045671
994 1.122139
995 1.007786
996 1.109411
997 1.057846
998 1.020605
999 1.041798
1000 1.072173
1001 0.797668
1009 0.016765
1011 0.285432
1012 0.378831
1014 0.020267
1016 0.05467
1017 0.415042
1018 0.19881
1019 0.102107
1020 0.377877
1021 0.573721
1022 0.38423
1023 0.531262
1024 0.452238
1025 0.627225
1026 0.448614
1027 0.442099
1029 0.478136
1030 0.240527
1031 0.375898
1032 0.189127
1033 0.332612
1034 0.379623
1035 0.462026
1036 0.40983
1037 0.414787
1038 0.484218
1039 0.435635
1040 0.435212
1041 0.387085
1042 0.557586
1043 0.43842
1044 0.482824
1045 0.495061
1046 0.38545
1047 0.5472
1048 0.606196
1049 0.478234
1050 0.616863
1051 0.420999
1052 0.558477
1053 0.557929
1054 0.417315
1055 0.504282
1056 0.510012
1057 0.481779
1058 0.541782
1059 0.590118
1060 0.517435
1062 0.722517
1063 0.759247
1064 0.528658
1065 0.716571
1066 0.565722
1067 0.708836
1068 0.580432
1069 0.803918
1070 0.561594
1071 0.686682
1072 0.58061
1073 0.588726
1074 0.602316
1075 0.682646
1076 0.715121
1077 0.51025
1078 0.666984
1079 0.660974
1080 0.476333
1081 0.595014
1082 0.268345
1083 0.650139
1084 0.563636
1085 0.625371
1086 0.655329
1087 0.430685
1088 0.585125
1089 0.500054
1090 0.704317
1091 0.654494
1094 0.08291
1095 0.499386
1096 0.154959
1130 0.002215
1131 0.021107
1133 0.025255
1134 0.025294
1135 0.020267
1136 0.035794
1138 0.02317
1139 0.029165
1140 0.030944
1143 0.009286
1147 0.005251
1148 0.045714
1149 0.087786
1150 0.053647
1152 0.056741
1153 0.067377
1154 0.042918
1158 0.005001
1159 0.024538
1160 0.059478
1161 0.07234
1163 0.042125
1164 0.032157
1165 0.045632
1166 0.039652
1168 0.037067
1169 0.023791
1170 0.034715
1171 0.037224
1173 0.040775
1174 0.031676
1183 0.015538
1184 0.303414
1185 0.084984
1187 0.035099
1188 0.096565
1189 0.047958
1194 0.03895
1195 0.076648
1196 0.082831
1198 0.073395
1199 0.0672
1200 0.06193
1201 0.053647
1202 0.053647
1204 0.053163
1205 0.0608
1206 0.053595
1207 0.081142
1208 0.056412
1210 0.066327
1211 0.069541
1212 0.082909
1213 0.068339
1214 0.063787
1215 0.054766
1217 0.0672
1218 0.04877
1225 0.004559
1226 0.086476
1228 0.136035
1229 0.0768
1230 0.051574
1231 0.087465
1232 0.079665
1234 0.0672
1235 0.05755
1236 0.043805
1238 0.04904
1239 0.0768
1240 0.057651
1241 0.057992
1242 0.073803
1243 0.070933
1244 0.068339
1245 0.073732
1246 0.076455
1248 0.078102
1249 0.070933
1250 0.07234
1251 0.071065
1252 0.069517
1253 0.073662
1254 0.041912
1255 0.07585
1256 0.085751
1258 0.099763
1259 0.098299
1260 0.099672
1261 0.108896
1262 0.128375
1263 0.104477
1264 0.103148
1265 0.115754
1266 0.061731
1267 0.094982
1268 0.072136
1269 0.076531
1271 0.059897
1272 0.085751
1276 0.028426
1278 0.237568
1279 0.063199
1283 0.045041
1285 0.061541
1286 0.078102
1287 0.05062
1288 0.060688
1289 0.059912
1291 0.021026
1293 0.066378
1294 0.028724
1295 0.055695
1297 0.029184
1298 0.047958
1299 0.06444
1300 0.02652
1301 0.040206
1303 0.016941
1310 0.003153
1331 0.001043
1333 0.014924
1334 0.032766
1335 0.020285
1337 0.026036
1338 0.034798
1339 0.035911
1340 0.03645
1342 0.013338
1343 0.04122
1344 0.06326
1346 0.028481
1347 0.035794
1348 0.0456
1349 0.06444
1350 0.054674
1351 0.030428
1353 0.043394
1356 0.042882
1358 0.02695
1359 0.04246
1360 0.097802
1361 0.046334
1363 0.05472
1368 0.003952
1369 0.332938
1370 0.065598
1371 0.075032
1372 0.084266
1373 0.089705
1375 0.043463
1376 0.034093
1377 0.035794
1378 0.050902
1379 0.0556
1381 0.035882
1382 0.039086
1383 0.033113
1389 0.010365
1391 0.035275
1392 0.047617
1393 0.0556
1395 0.045137
1396 0.042133
1397 0.021866
1398 0.079665
1400 0.048814
1401 0.058681
1402 0.062957
1403 0.056705
1404 0.0576
1405 0.048176
1406 0.081292
1408 0.059586
1409 0.086004
1410 0.070999
1411 0.085751
1412 0.0912
1413 0.096282
1414 0.093096
1415 0.068522
1416 0.098398
1417 0.066155
1429 0.004963
1430 0.031448
1431 0.081067
1432 0.096659
1434 0.085667
1435 0.081142
1436 0.075672
1437 0.098299
1438 0.068584
1439 0.047958
1440 0.091285
1441 0.070868
1442 0.045562
1443 0.061831
1445 0.077131
1446 0.0672
1448 0.046995
1449 0.083613
1450 0.068453
1451 0.097367
1452 0.068015
1453 0.079233
1455 0.141604
1456 0.150507
1457 0.0672
1458 0.093008
1459 0.083542
1460 0.088583
1465 0.002499
1466 0.409994
1467 0.131978
1468 0.089542
1469 0.128753
1470 0.092667
1472 0.105415
1473 0.118372
1474 0.123894
1475 0.134636
1476 0.101427
1477 0.10124
1478 0.054343
1479 0.082217
1480 0.098862
1492 0.011475
1493 0.875061
1494 0.081809
1496 0.007359
1497 0.058839
1498 0.041931
1499 0.109639
1500 0.094124
1501 0.106979
1502 0.119064
1503 0.109839
1504 0.082518
1506 0.075541
1507 0.042173
1508 0.072136
1509 0.063138
1510 0.070999
1511 0.055553
1512 0.070999
1513 0.067082
1515 0.056967
1516 0.062384
1518 0.038974
1523 0.01346
1524 0.072204
1525 0.078171
1527 0.061831
1528 0.054665
1529 0.05062
1530 0.032031
1535 0.004557
1536 0.081557
1538 0.004736
1539 0.038
1541 0.049032
1542 0.062897
1543 0.080867
1544 0.063893
1545 0.073732
1546 0.070868
1547 0.064376
1548 0.028952
1550 0.085567
1551 0.080536
1552 0.096084
1553 0.096565
1554 0.072477
1555 0.0304
1557 0.03922
1559 0.014506
1560 0.041259
1561 0.035941
1562 0.051477
1563 0.045638
1565 0.040354
1566 0.040147
1570 0.011057
1571 0.1152
1587 0.001838
1589 0.00712
1590 0.054629
1591 0.059695
1592 0.047958
1593 0.081142
1594 0.055789
1595 0.076455
1597 0.0912
1604 0.002091
1606 0.031313
1608 0.014924
1610 0.00935
1612 0.052114
1613 0.009967
1615 0.017834
1616 0.032799
1617 0.035389
1619 0.014618
1620 0.1321
1622 0.054102
1624 0.038208
1625 0.034067
1627 0.029394
1628 0.039869
1629 0.04265
1630 0.041415
1631 0.032188
1632 0.042683
1633 0.042092
1635 0.048042
1636 0.020267
1637 0.045006
1638 0.060744
1640 0.009439
1641 0.0278
1643 0.028762
1644 0.030974
1645 0.034798
1646 0.043689
1647 0.024177
1649 0.018836
1654 0.0
