278 1.055651
279 0.934055
280 0.901648
281 0.841486
282 0.81773
283 0.782623
284 0.96596
285 0.740253
286 1.038397
287 1.046909
288 0.95973
289 1.044311
290 1.006156
291 1.155567
292 1.190965
293 0.857929
294 0.947399
295 0.944968
296 0.994314
297 1.126693
298 0.924598
299 0.883576
300 1.167937
301 0.890381
302 1.264016
303 0.995027
304 1.12189
305 0.985059
307 1.046044
308 1.119924
309 1.139401
310 1.351779
311 1.055976
312 1.16968
313 1.456302
314 0.877873
315 1.231745
316 1.045643
317 1.252299
318 0.874158
319 0.92317
320 1.237714
321 1.02106
322 1.41003
323 1.043388
324 0.896786
325 1.335429
326 1.040677
327 1.13064
328 1.44831
329 1.090357
330 1.047408
331 0.872901
332 0.866645
333 1.177587
334 0.802346
335 0.230819
336 1.14
337 0.885578
338 0.230442
339 0.190409
340 0.35687
342 0.840569
343 1.118286
344 0.725568
345 1.003461
346 0.076
347 0.056621
348 1.042166
349 0.914079
350 0.923774
351 0.766263
352 1.09392
354 0.369938
355 0.183479
356 0.273327
357 0.086943
358 0.259206
359 0.586868
360 0.617597
361 0.868571
362 0.420091
363 0.436058
364 0.584546
365 0.517452
366 0.503788
367 0.371163
368 0.162284
369 0.273503
370 0.770857
371 0.568928
372 0.586286
373 0.671145
374 0.703937
375 0.723838
376 0.444354
377 1.202637
379 1.171124
380 1.536767
381 1.311336
382 1.016538
383 0.347812
384 0.646299
385 0.687243
386 1.014322
387 0.749887
388 0.797554
389 1.075925
390 0.734349
391 0.939852
392 0.944188
393 0.832331
394 1.075925
395 0.866831
396 1.451782
397 1.337095
398 1.760224
399 1.167639
400 1.270136
401 1.678661
403 1.296489
404 1.574362
405 1.19915
406 1.245481
407 1.108878
408 1.312138
409 1.314142
410 1.079139
411 0.633398
412 1.031034
413 0.550194
414 1.093553
415 1.347648
416 1.637154
417 1.549866
418 1.610294
419 1.570603
420 1.409394
421 2.052
422 1.729779
423 1.723532
424 1.688966
426 1.575985
427 0.825143
428 0.694857
429 0.802231
430 1.443165
431 1.418465
432 1.138984
433 1.625848
434 0.888357
435 1.380226
436 1.118194
437 0.610513
438 1.186961
439 1.541942
441 1.317742
442 1.847547
443 1.265078
444 1.591264
445 1.230781
446 1.513648
447 1.113618
448 1.41283
449 1.112151
450 1.286893
451 0.848056
452 0.863037
453 1.075925
454 0.447885
455 0.481159
456 1.027352
457 0.423429
458 0.316162
459 0.730316
460 0.68601
461 1.012032
462 0.984008
463 1.333834
464 1.012869
465 1.243884
466 1.029189
467 1.357143
468 1.471554
469 0.995361
470 1.350304
471 0.738
472 0.707711
473 1.053143
474 1.136204
475 1.199044
476 1.018524
477 1.027894
478 0.966595
479 0.679227
480 0.872032
481 0.485678
482 0.710649
483 0.493714
484 0.635386
485 0.699907
486 0.629714
488 0.515517
489 0.354288
490 0.523219
491 0.377379
492 0.332286
493 0.360558
494 0.331501
495 0.438523
496 0.657488
497 0.453542
498 0.584546
499 0.621323
500 0.48855
501 0.80078
502 0.603649
503 0.852779
504 0.740669
505 0.796652
506 0.686214
507 0.825962
508 0.606084
509 0.839331
510 0.825143
511 0.664396
512 0.952593
513 0.728556
514 0.761042
515 0.734568
516 0.564601
517 0.698096
518 0.803429
519 0.673185
520 0.814286
521 0.7203
522 0.956377
523 0.644225
524 0.891415
525 0.807526
526 0.809877
527 0.597898
528 0.999849
529 0.88135
530 1.159914
531 0.814286
532 0.414207
533 0.456453
534 0.497947
535 0.525226
537 0.300257
538 0.587451
539 0.479533
540 0.340538
541 0.396599
542 0.386382
543 0.190225
544 0.762294
545 0.703351
546 0.738286
547 0.629015
548 0.555454
549 0.68601
550 0.289119
551 0.188798
552 0.436275
553 0.590386
554 0.620257
555 0.832696
556 0.659398
557 0.742838
558 1.041253
559 0.828885
561 0.953308
562 0.500358
563 0.183761
565 0.050811
566 0.623001
567 0.472557
570 0.089748
571 0.423429
572 0.578632
573 0.865065
574 0.798114
575 0.523067
576 0.646602
577 0.982376
578 1.341905
579 1.313464
580 1.138533
581 1.252107
582 1.10641
583 1.00812
584 0.898469
585 0.512724
586 0.331313
587 0.964262
588 1.430722
589 1.58251
590 1.517411
591 1.469415
592 1.395794
593 0.086631
594 3.997988
595 1.337043
597 1.345403
598 1.416917
599 1.481408
600 1.397554
601 1.403456
602 1.44789
603 2.251585
604 1.709413
605 2.041872
606 0.869172
607 1.275053
608 1.820107
609 1.824791
610 1.818153
611 1.746553
612 1.58957
613 1.602999
614 1.665576
615 1.910857
616 1.432451
617 1.423921
618 1.501694
619 1.281143
620 0.860679
621 1.276079
622 1.223794
623 1.416567
624 1.791429
625 1.083067
626 1.575849
627 1.339969
628 1.378687
629 1.954361
630 1.955351
631 1.336755
633 0.2216
634 1.588019
635 0.457774
636 0.404152
637 0.618857
638 0.68197
640 0.254731
641 0.265889
642 0.271779
643 1.130264
644 1.267887
645 0.955429
647 0.227054
648 1.276167
649 1.351779
650 1.111153
651 1.332144
652 1.069986
653 1.138667
654 1.494843
655 1.240743
656 1.705558
657 1.307825
658 1.704571
659 1.254117
660 1.411429
661 1.020557
662 1.335429
663 1.00029
664 1.135494
665 1.147972
666 0.613532
667 1.232822
668 1.0526
669 1.268236
670 0.955358
671 0.790987
672 1.324571
673 0.876103
674 0.906702
675 1.15598
676 1.024103
677 0.988103
678 0.975471
679 1.222008
680 0.951444
681 0.902561
682 0.6528
684 0.7623
685 0.802632
686 0.846857
687 0.909294
688 0.772316
689 1.115859
690 1.346286
691 1.122047
692 1.578985
693 0.956577
694 0.793358
695 0.391897
696 0.833167
697 0.811437
698 0.619472
699 0.730327
700 0.817841
701 0.600903
702 0.724553
703 0.726708
704 0.518862
705 0.706415
706 0.628109
707 0.524787
708 0.50884
709 0.654024
710 0.546664
711 0.406522
712 0.220744
713 0.206286
714 0.681296
716 0.817301
717 1.407553
718 1.270873
719 1.096742
720 1.389858
721 1.40645
722 1.469793
723 1.404574
724 1.59598
725 1.383442
726 1.487169
727 1.550515
728 1.537644
729 1.43448
730 1.615482
731 1.698585
732 1.579079
733 1.487953
734 0.502206
735 0.988981
736 1.222008
737 0.887921
738 0.547138
739 0.616411
740 0.983341
741 1.626221
742 1.847547
743 1.601866
744 1.244106
745 1.396415
746 1.273415
747 1.419357
748 1.479968
749 1.288166
750 0.940244
751 0.912
752 0.462563
753 0.508269
754 0.846018
755 0.698096
757 0.571449
758 0.756249
759 0.727429
760 0.502198
761 0.912906
762 0.68308
763 0.868571
764 0.779395
765 0.76723
766 1.050452
767 0.762536
768 1.07189
769 0.775944
770 0.584546
771 0.880186
772 0.795293
773 0.947917
774 0.761042
775 0.815094
776 0.821159
777 0.749302
778 0.689302
779 0.663373
780 0.600259
781 0.636279
782 0.531333
783 0.605597
784 0.395957
785 0.896511
786 0.914055
787 1.054168
788 0.951652
789 0.808831
790 1.271547
791 0.89023
792 1.33015
793 1.120508
794 1.025343
795 1.076577
796 1.046438
797 1.177196
798 0.601773
799 1.469929
800 1.084497
801 1.249071
802 1.298259
803 0.56596
804 1.319718
805 0.950698
806 1.082493
807 0.90025
809 0.08785
810 1.762357
811 0.686725
812 0.760755
813 0.63931
814 0.898469
815 0.827932
816 1.148047
817 0.963206
818 1.615748
819 1.553271
820 0.855733
821 1.592016
822 1.6416
823 1.066773
824 0.765079
825 0.747858
826 0.887896
827 1.802541
828 1.380512
829 1.879818
830 1.425913
832 1.056616
833 0.960191
834 0.499429
835 0.624632
836 0.901143
837 0.933714
838 0.779363
839 1.43263
840 0.815245
841 0.784016
843 0.094537
844 0.298828
845 0.391206
846 0.564571
847 0.526154
849 0.192075
850 0.699716
851 0.416911
852 0.879429
853 0.877299
854 1.051482
855 1.025541
856 1.025059
857 0.900091
858 1.296987
859 0.597668
861 0.12825
862 0.385881
863 0.418415
864 0.49307
865 0.429598
866 0.344612
867 0.510792
868 0.592441
869 0.564943
870 0.908395
871 1.173736
872 0.838879
873 0.922857
874 0.944571
875 0.682401
876 0.988
877 0.768734
879 1.027003
880 1.29072
881 1.129762
882 1.137795
883 0.840721
884 0.886247
885 0.831874
886 0.584989
887 1.096571
888 0.878365
889 0.63452
890 0.97052
891 1.080158
892 0.600847
893 0.312423
894 0.105533
895 0.954567
896 0.701571
897 0.977143
898 0.790328
899 1.161714
900 0.893881
901 1.543245
903 1.278989
904 1.164957
905 1.252308
906 1.280527
907 1.200826
908 1.232373
909 1.188719
910 1.104533
911 0.869206
912 0.989776
913 1.141132
914 0.936554
915 0.461923
916 0.890286
917 0.65706
918 0.842677
919 0.681296
920 0.463637
921 0.148465
922 0.070835
923 0.347
924 0.220985
926 0.110343
927 0.077617
975 0.00045
977 0.02736
978 0.040354
979 0.0576
980 0.050667
981 0.039652
982 0.157846
983 0.12825
984 0.13786
985 0.118957
987 0.141517
988 0.096
990 0.041471
991 0.107782
992 0.151474
993 0.158609
994 0.145091
995 0.071295
996 0.123894
998 0.163775
999 0.121151
1000 0.096827
1001 0.211274
1002 0.121151
1003 0.138223
1004 0.129338
1005 0.096565
1006 0.105637
1007 0.040929
1008 0.039331
1010 0.094021
1011 0.096945
1012 0.072272
1013 0.065143
1014 0.042918
1015 0.021591
1017 0.037224
1018 0.030742
1019 0.07296
1020 0.048857
1022 0.046531
1023 0.053647
1024 0.0384
1025 0.041143
1026 0.031691
1027 0.018619
1028 0.052615
1029 0.063382
1030 0.062897
1031 0.0672
1032 0.073662
1034 0.051873
1035 0.048
1036 0.054502
1037 0.0576
1038 0.059967
1039 0.05842
1041 0.051623
1042 0.046531
1043 0.036841
1044 0.1216
1045 0.098104
1046 0.123894
1048 0.033581
1049 0.139287
1050 0.101333
1051 0.118024
1053 0.045313
1054 0.08763
1055 0.075106
1056 0.063382
1057 0.05048
1058 0.048857
1059 0.042125
1060 0.042918
1062 0.021461
1063 0.048425
1065 0.032596
1066 0.039086
1067 0.035303
1068 0.039226
1070 0.01801
1071 0.027918
1097 0.000427
1099 0.039006
1101 0.028032
1103 0.034721
1104 0.05842
1105 0.064376
1106 0.10944
1107 0.11357
1108 0.061847
1110 0.126764
1111 0.1344
1112 0.134219
1113 0.147463
1114 0.06691
1115 0.139482
1116 0.141867
1117 0.141343
1119 0.084495
1120 0.039323
1121 0.134727
1122 0.14605
1123 0.160941
1124 0.157305
1125 0.069141
1126 0.12589
1127 0.196166
1128 0.155455
1130 0.162133
1131 0.092619
1132 0.160941
1133 0.149625
1134 0.171671
1135 0.106924
1136 0.160941
1137 0.154286
1138 0.165818
1139 0.126705
1140 0.158456
1141 0.160941
1142 0.157846
1143 0.104541
1144 0.157241
1145 0.149625
1146 0.115449
1148 0.162736
1149 0.163506
1150 0.160941
1151 0.093348
1152 0.152
1153 0.168369
1154 0.125299
1155 0.160941
1156 0.160312
1157 0.065547
1158 0.162133
1159 0.155455
1160 0.138783
1161 0.087207
1162 0.165192
1164 0.042501
1166 0.250805
1167 0.0513
1168 0.083471
1169 0.084619
1170 0.103245
1171 0.082596
1173 0.092746
1174 0.057016
1175 0.144
1176 0.132816
1177 0.168369
1179 0.102535
1180 0.154868
1183 0.022643
1184 0.362475
1185 0.126577
1186 0.158204
1187 0.144543
1189 0.085269
1190 0.134695
1191 0.152141
1192 0.118024
1193 0.091679
1194 0.039472
1195 0.171671
1197 0.122227
1198 0.142394
1199 0.078561
1201 0.1368
1202 0.11357
1203 0.063138
1204 0.085835
1205 0.095073
1206 0.062897
1207 0.041569
1208 0.062897
1210 0.049003
1211 0.048857
1212 0.053647
1213 0.043429
1214 0.047583
1216 0.043429
1217 0.018612
1218 0.062897
1220 0.020264
1221 0.0288
1222 0.033674
1223 0.0288
1225 0.043987
1226 0.036
1227 0.024501
1242 0.00072
1246 0.017445
1247 0.186323
1249 0.064922
1252 0.005207
1253 0.057399
1254 0.128879
1255 0.147892
1256 0.092432
1258 0.085768
1259 0.048
1260 0.064376
1261 0.040188
1262 0.042092
1263 0.051818
1264 0.052464
1265 0.064376
1266 0.048
1268 0.062182
1269 0.081067
1270 0.085835
1271 0.130805
1272 0.094671
1273 0.087004
1274 0.145091
1275 0.102857
1276 0.139482
1277 0.139482
1278 0.094512
1279 0.160941
1280 0.139482
1281 0.149625
1282 0.06227
1283 0.150212
1284 0.146759
1286 0.09979
1287 0.130805
1288 0.145091
1289 0.092432
1290 0.106415
1291 0.095073
1292 0.113143
1293 0.1216
1294 0.084576
1295 0.060856
1296 0.101333
1298 0.103423
1299 0.078671
1301 0.064033
1302 0.059263
1303 0.1368
1304 0.12768
1305 0.10032
1307 0.074197
1308 0.068645
1309 0.058036
1310 0.036453
1312 0.058929
1313 0.052615
1314 0.144
1315 0.043087
1316 0.116201
1318 0.044391
1319 0.073946
1319 0.127468
