672 1.427952
673 0.980488
674 1.293474
675 2.085086
676 1.721644
677 2.256751
678 2.370659
679 1.885027
680 1.824
681 1.64767
682 1.800643
683 2.064906
684 1.779518
685 1.934491
686 1.491437
687 1.013333
689 0.328226
690 1.598922
691 1.460653
692 1.197928
693 1.589692
694 1.505444
695 1.840334
696 1.589651
697 2.075774
698 1.808679
699 0.576506
700 0.988
701 1.07598
702 1.192133
703 1.253212
704 1.16738
705 1.427478
706 1.339937
707 1.825801
708 1.373871
709 1.771783
710 1.74338
711 2.193121
712 1.379172
713 1.726286
714 1.247843
715 1.645389
716 1.426794
717 1.513992
718 1.281143
719 1.075075
720 1.085714
721 1.166784
722 1.03596
723 1.212392
724 1.034478
725 1.410366
726 1.009554
727 0.770857
728 0.56627
729 1.032453
730 1.535427
731 0.196849
732 0.438557
733 0.696931
734 1.390912
736 0.5708
737 0.118024
738 0.375529
739 0.950713
740 1.651925
741 1.064285
742 1.200379
743 0.624756
744 0.28522
745 0.734853
746 0.994909
747 0.987021
748 0.783889
749 0.890286
750 0.735368
751 0.797102
752 0.519083
753 0.417984
754 0.152
755 0.123313
756 0.787105
757 0.886767
758 0.836389
759 1.285623
760 0.999849
761 0.902627
762 1.080355
763 1.347783
764 1.171269
765 1.369358
766 1.459921
767 1.101079
768 1.384221
769 0.798114
770 0.602248
771 0.933459
772 1.004731
773 0.641208
774 0.393802
776 0.621696
777 0.643765
778 0.684679
779 0.705714
780 0.2288
781 0.836
782 1.070609
783 0.371314
784 0.754382
785 0.613116
786 0.681296
787 0.726708
788 0.844344
789 0.753651
790 0.800253
791 0.68601
792 0.923774
793 0.837186
794 1.071441
795 1.181394
796 1.152511
797 1.575849
798 1.473769
799 1.87949
800 1.772464
801 1.853068
802 1.405079
803 1.684528
804 1.388876
805 1.594418
806 1.265192
807 1.587953
808 1.524806
809 1.229043
810 1.880151
811 1.715888
812 1.980508
813 1.932571
814 1.778024
815 1.836755
816 1.547758
817 1.513992
818 1.285651
819 1.720549
820 1.448508
821 1.67366
822 1.75949
823 2.20848
824 1.721644
825 2.000751
826 1.754248
827 2.051757
828 1.966748
829 1.508781
830 2.449007
831 1.960747
832 2.045651
833 2.482818
834 2.273651
835 2.069418
836 2.255034
837 2.322764
838 1.85206
839 1.858211
840 1.612965
841 1.753638
842 1.349307
843 1.923623
844 1.754661
845 1.597585
846 1.075099
847 1.585295
848 1.123909
849 1.285623
850 1.260679
851 1.096727
852 0.944571
853 1.110734
854 0.721795
855 0.39359
856 0.347774
857 0.918302
859 1.238944
860 1.705976
861 1.589651
862 1.611654
863 1.530215
864 1.858415
865 1.37782
866 2.000751
867 2.059194
868 2.199582
869 1.949125
870 1.496304
871 2.236336
872 1.785079
873 1.754964
874 1.795929
875 2.086642
876 1.670623
877 1.400099
878 1.000843
879 0.918302
880 1.184538
881 1.377491
882 1.217208
883 1.064285
884 1.552571
885 1.291383
886 1.454098
887 1.456302
888 1.24593
889 1.422286
890 1.475831
891 1.149717
892 1.416664
893 0.840508
894 1.189565
895 1.249811
896 1.096727
897 1.083671
898 1.002386
899 1.10424
900 1.020571
901 1.081423
902 1.079365
903 1.678661
904 1.231365
905 1.606857
907 1.280569
908 1.260679
909 1.257303
910 1.301673
911 1.401962
912 1.307365
913 1.49089
914 1.271547
915 0.209208
916 1.44831
917 1.524613
918 1.205143
919 1.115173
920 0.675953
921 0.391097
922 0.412571
923 0.465012
924 0.317059
925 1.297147
926 1.11748
929 0.273488
930 1.66541
931 1.025179
932 1.936334
933 2.580204
934 2.102022
935 2.267684
936 2.238545
937 1.460814
938 1.555712
939 0.579957
941 0.351631
942 0.217143
943 0.07707
948 0.117105
959 0.212431
960 1.612084
961 1.551019
962 0.821238
963 1.099791
964 1.50237
965 2.027474
966 1.740422
967 2.108775
968 1.874094
969 2.045651
970 2.496191
971 2.265041
972 2.18022
973 2.206189
974 1.719343
975 2.05447
976 2.216917
977 2.047682
978 2.154393
979 2.260528
980 1.830286
981 2.097015
982 2.503672
983 2.023568
984 2.175937
985 2.141217
986 1.885019
987 2.267742
988 2.111968
989 2.049023
990 2.048274
991 2.623936
992 2.188961
993 2.102022
994 2.375358
995 2.099494
996 2.125554
997 2.314868
998 1.904508
999 2.32725
1000 2.543094
1001 2.051757
1002 2.099937
1003 2.412679
1004 1.84109
1005 1.828508
1006 2.376287
1007 2.31938
1008 1.917802
1009 2.140981
1010 1.91785
1011 1.823171
1012 1.834729
1013 1.600767
1014 1.948487
1015 1.622222
1016 1.620141
1017 1.096727
1018 1.362635
1019 1.486897
1020 0.906622
1021 0.542857
1022 0.475826
1024 0.901271
1025 1.314732
1026 1.475964
1027 0.622306
1028 0.572204
1029 1.727425
1030 1.591229
1031 2.085086
1032 1.65841
1033 1.943429
1034 1.574183
1035 2.073714
1036 1.447072
1037 1.656214
1038 1.294641
1039 1.597585
1040 1.516983
1041 2.173585
1042 1.918609
1043 1.994358
1044 1.176774
1045 1.522783
1046 1.63996
1047 1.435645
1048 1.672
1049 1.542078
1050 1.661143
1051 1.485049
1052 1.793023
1053 1.628233
1054 0.616844
1055 1.618094
1056 1.145644
1057 1.395036
1058 1.476571
1059 1.346616
1060 1.726286
1061 1.654794
1062 1.977498
1063 2.230346
1064 1.935749
1066 2.040313
1067 2.498087
1068 1.850222
1069 2.139608
1070 2.260174
1071 1.969651
1072 1.948487
1073 1.481079
1074 1.699513
1075 1.415937
1076 1.92422
1077 1.563284
1078 1.346286
1079 0.980831
1080 0.686682
1081 1.902293
1082 2.086642
1083 1.057151
1084 1.617714
1085 1.626625
1086 1.780571
1087 1.775696
1088 1.688688
1089 1.567937
1090 1.814889
1091 1.540111
1092 1.706264
1093 1.171269
1094 0.706415
1095 0.919209
1096 1.248571
1097 0.868252
1098 0.552071
1099 0.987021
1100 1.114967
1101 0.525651
1102 0.461365
1103 0.302798
1104 0.510286
1105 1.220802
1106 0.406626
1107 1.623739
1108 1.485114
1109 1.878286
1110 1.627065
1111 1.682857
1112 1.406475
1113 1.652944
1114 1.46717
1115 1.294649
1116 0.959235
1117 0.770857
1118 1.210852
1119 1.344767
1120 1.024754
1121 1.491388
1122 1.60973
1123 1.48255
1124 1.655429
1125 1.145177
1126 0.804226
1127 0.908395
1128 0.79172
1129 1.009554
1130 0.214588
1132 0.749143
1133 0.884267
1134 1.224503
1135 1.190742
1136 0.909259
1137 1.776765
1138 0.752165
1139 0.826372
1140 1.798866
1141 1.053143
1142 0.626147
1143 0.595371
1144 0.611576
1145 1.150857
1146 0.814752
1147 1.707651
1148 1.483659
1149 1.608453
1150 1.344126
1151 0.600847
1152 0.784016
1153 0.726708
1154 0.547707
1155 0.664158
1156 0.653373
1157 0.709232
1158 0.384913
1159 0.607397
1160 0.333214
1161 0.319365
1162 0.439906
1163 0.48664
1164 0.564571
1165 0.323
1166 0.542319
1167 0.465472
1168 0.449651
1169 0.583968
1170 0.705714
1171 0.61507
1172 0.813479
1173 0.599273
1174 0.697412
1175 0.782491
1176 0.854324
1177 0.666794
1178 0.743449
1179 0.74692
1180 0.754382
1182 0.483297
1183 0.338645
1184 0.532
1185 0.675953
1186 0.667446
1187 0.641208
1188 0.665224
1189 0.498008
1190 0.622306
1191 0.622306
1192 0.735368
1193 0.564012
1194 0.616636
1195 0.645051
1196 0.79022
1197 0.688783
1198 0.586286
1199 0.426245
1200 0.479533
1201 0.456
1202 0.568659
1203 0.675953
1204 0.664572
1205 0.450097
1206 0.836894
1207 0.772518
1208 0.786385
1209 0.669744
1210 0.681296
1211 0.825143
1212 0.777856
1213 0.809955
1214 0.710649
1215 0.782491
1216 0.734642
1218 0.869434
1219 0.760734
1220 0.684679
1221 0.648854
1222 0.885578
1223 0.70006
1224 0.742326
1225 0.425837
1226 0.583968
1227 0.651429
1228 0.437122
1229 0.2736
1230 0.249714
1231 0.311153
1232 0.31814
1234 0.083702
1236 0.142797
1237 0.981439
1238 0.674142
1239 0.457774
1240 0.461365
1241 1.111841
1242 1.073937
1243 0.976376
1244 1.004731
1245 1.192133
1246 0.824519
1247 1.238943
1248 1.068396
1249 0.901143
1250 0.604465
1251 0.526154
1252 0.673143
1253 0.884267
1254 1.396415
1255 1.391094
1256 0.901181
1257 1.032453
1258 0.761042
1259 0.870489
1260 1.10424
1261 0.891415
1262 0.918378
1263 0.712596
1264 1.054189
1266 0.731752
1267 0.370983
1268 0.220985
1269 0.171671
1270 0.101818
1271 0.38
1272 0.443383
1273 0.386259
1274 0.493553
1275 0.878557
1276 0.542061
1277 0.97232
1278 1.173736
1279 0.955113
1280 0.549414
1281 0.934642
1282 0.675291
1283 0.641208
1284 0.718229
1285 0.770093
1286 0.855169
1287 0.718871
1288 0.734055
1289 0.708141
1290 0.803429
1291 0.724553
1292 0.871084
1293 0.885578
1294 0.973281
1295 0.814286
1296 0.885447
1297 1.169838
1298 1.172571
1299 0.816364
1300 0.566821
1301 0.795729
1302 0.896695
1303 0.895682
1304 0.976376
1305 0.983123
1306 1.032453
1307 0.593147
1308 1.292
1310 0.193522
1311 0.752127
1312 0.334726
1313 0.22714
1314 0.660047
1315 0.840189
1316 0.893039
1319 0.192371
1321 0.164109
1407 0.000377
1409 0.073946
1410 0.083862
1411 0.0864
1412 0.088258
1413 0.099491
1414 0.070933
1415 0.107189
1416 0.079665
1417 0.075411
1419 0.055695
1420 0.032766
1421 0.036973
1422 0.0288
1424 0.034721
1425 0.043602
1426 0.038366
1427 0.029984
1428 0.034743
1430 0.024524
1431 0.047377
1432 0.04701
1434 0.039226
1435 0.046736
1441 0.005067
1443 0.059897
1525 0.002381
1592 0.015934
1604 0.000897
1608 0.0076
1610 0.007219
1611 0.026889
1613 0.01685
1614 0.01824
1615 0.022411
1620 0.005179
1624 0.009629
1625 0.017973
1626 0.02022
1628 0.018216
1629 0.01834
1630 0.022467
1631 0.03232
1633 0.018392
1634 0.028379
1636 0.023443
1637 0.024491
1638 0.025216
1640 0.016711
1641 0.028379
1643 0.006255
1645 0.012395
1646 0.00917
1647 0.026006
1649 0.014978
1650 0.014967
1651 0.017394
1653 0.011754
1655 0.018593
1656 0.008559
1657 0.020252
1658 0.020347
1659 0.018356
1661 0.006325
1663 0.014199
1664 0.017737
1665 0.029956
1667 0.005379
1668 0.019983
1670 0.015395
1673 0.012185
1674 0.020659
1675 0.026286
1677 0.00999
1679 0.015629
1680 0.014978
1682 0.014868
1684 0.023443
1685 0.012657
1688 0.013045
1693 0.003188
1697 0.006419
1700 0.015809
1702 0.01114
1703 0.015812
1705 0.004855
1707 0.00965
1709 0.006908
1710 0.014988
1716 0.001821
1752 0.000303
1754 0.005938
1755 0.014005
1756 0.025571
1758 0.01882
1759 0.023796
1761 0.131157
1762 0.029956
1763 0.259615
1764 0.030636
1766 0.034235
1767 0.014732
1768 0.054974
1774 0.004007
1775 0.039358
1776 0.083381
1777 0.069832
1778 0.07408
1779 0.075677
1780 0.075825
1782 0.071893
1783 0.05082
1784 0.132883
1785 0.113625
1786 0.037418
1787 0.058875
1788 0.084913
1793 0.008769
1794 0.074008
1795 0.083194
1796 0.086014
1797 0.083274
1798 0.085928
1799 0.079808
1800 0.093774
1801 0.091218
1802 0.063622
1804 0.050225
1805 0.072865
