332 1.285623
333 1.693714
334 1.812257
335 1.795937
336 2.182318
337 1.895531
338 2.24936
339 1.775696
340 1.646055
341 2.128
342 2.064502
343 2.000632
344 1.732512
345 1.853375
346 2.206189
347 1.731964
348 2.312571
349 1.73189
350 1.639586
351 2.323429
352 1.558626
353 1.836755
354 1.67989
355 2.125578
356 1.805003
357 1.74338
358 2.247139
359 2.024375
360 1.893114
361 2.153814
362 1.892831
363 2.236571
364 1.994308
365 2.110794
366 2.335874
367 1.53689
368 1.941007
369 1.929849
370 1.464435
371 1.824
372 1.628685
373 1.780571
374 1.73359
375 1.952753
376 1.859235
377 1.876266
378 1.3557
379 1.523576
381 0.802864
382 0.850231
383 1.411429
384 1.198794
385 1.733163
386 1.699909
387 2.000632
388 1.600767
389 1.910857
390 1.151937
391 1.572725
392 1.303486
393 1.061171
394 1.064
395 0.842175
396 1.158905
397 1.104142
398 0.879185
399 0.751059
400 0.684679
401 0.994909
402 0.891257
403 1.401962
404 1.529296
405 1.869554
406 1.547758
407 2.077283
408 1.639058
409 1.771157
410 1.058366
411 1.199044
412 1.607513
413 1.63996
414 1.451525
415 1.738358
416 1.589651
417 1.834857
418 1.150032
419 1.377566
420 1.201567
421 0.807136
422 0.846857
424 0.568871
425 0.369143
426 0.250935
427 0.521143
428 0.41839
429 1.270286
430 1.449107
431 1.261842
432 1.554113
433 1.311716
434 1.541714
435 1.345455
436 1.46717
437 1.350444
438 1.035937
439 1.190742
440 1.202637
441 1.025079
442 1.277341
443 1.21811
444 1.444
445 1.374766
446 1.15422
447 1.243636
448 1.152493
449 1.10424
450 1.237714
451 1.268972
452 1.444
453 1.451206
454 1.157244
455 1.858621
456 1.594182
457 1.793208
458 1.50237
459 1.617214
460 1.416282
461 1.299533
462 1.130653
463 1.340749
464 1.216
465 1.023749
466 1.190965
467 1.102173
468 1.147972
469 1.2768
470 1.33596
471 1.389714
473 1.204777
474 1.3885
475 1.445434
476 1.126145
477 1.758857
478 1.285651
479 1.730277
480 1.383365
481 1.710338
482 1.480503
483 1.693714
484 1.552459
485 1.833039
486 1.421154
487 1.760604
488 1.36024
489 1.838419
490 1.56022
491 1.824
492 1.410008
493 1.602089
494 1.14793
495 1.290102
496 1.266516
497 0.813586
498 1.335429
499 1.180235
500 0.848
501 1.292
502 1.40585
503 1.220508
504 1.448471
505 1.118356
506 1.502118
507 1.393765
508 0.962466
509 1.667965
510 1.291383
511 1.630871
512 1.3725
513 1.719462
514 1.16738
515 1.469283
516 1.476571
517 1.161613
518 1.346286
519 1.33596
520 1.932571
521 1.215684
522 0.951177
523 0.694857
524 0.858353
525 0.571433
526 1.259044
