143 0.326382
144 0.882122
145 0.217679
146 0.513415
147 0.988309
148 0.557525
149 0.623163
150 0.855285
151 0.740175
152 0.757604
153 0.590956
155 0.175886
156 0.562532
157 0.964167
158 1.272557
159 1.18874
160 1.096285
161 1.469315
162 1.203942
163 1.29717
164 1.187631
165 1.196054
166 1.303215
167 1.64472
168 0.949653
169 1.532298
170 1.508028
171 1.536104
172 1.019551
173 1.089364
174 1.120079
175 1.23904
176 0.888032
177 0.76422
178 0.940095
180 1.054536
181 1.305865
182 1.324198
183 1.324873
184 1.39542
185 1.259771
186 1.627381
187 1.149172
188 1.785157
189 1.606388
190 1.37124
191 1.833589
192 1.264617
193 1.173627
194 1.589246
195 1.092104
196 1.641616
197 1.396695
198 1.449724
199 1.860164
200 1.073804
201 1.402454
202 1.959968
204 0.940936
205 1.151505
206 1.600698
207 1.743153
208 1.385788
209 0.952262
210 1.556275
211 1.421717
212 0.465012
213 0.415196
214 0.785558
215 0.500625
216 0.617021
217 0.806
218 1.083593
219 0.633657
220 0.211888
221 0.192585
222 0.577689
224 0.218464
226 0.083542
227 1.495708
228 0.692174
229 0.669053
230 0.761528
231 0.797745
232 0.833782
233 0.983676
234 0.304
235 0.093538
236 0.347429
237 0.282904
238 0.383253
239 0.707821
240 0.59258
241 0.339678
242 0.349858
243 0.511501
244 0.311252
245 0.445143
246 0.422172
247 0.249714
248 0.219278
249 0.686682
250 0.796833
251 0.699132
252 0.670482
253 0.475155
254 0.789439
255 0.621696
256 0.462532
257 0.578821
258 0.544862
259 0.218215
260 0.305211
261 0.665629
262 0.836894
263 0.31719
264 0.381514
265 0.814286
266 0.637333
268 0.818646
269 0.563855
270 0.730318
271 0.584357
272 0.709685
273 0.826165
274 0.732763
275 0.850296
276 0.865295
277 0.782626
278 0.886767
279 0.641958
280 0.690847
281 0.752397
282 0.864284
283 0.636333
284 0.865994
285 0.669985
286 0.921826
287 0.793358
288 0.515344
289 0.799463
290 0.575392
291 0.567621
292 0.648768
293 0.555597
294 0.794756
295 0.693294
296 0.740378
297 0.898431
298 1.009878
299 0.906194
300 1.119439
301 0.974177
302 1.111015
303 0.941882
304 1.369842
305 0.758071
307 0.699293
308 0.692111
309 0.551128
310 0.687356
311 0.596071
312 0.738286
313 0.595487
314 0.717283
315 0.619064
316 0.860429
317 1.104933
318 1.001998
319 1.162868
320 1.06464
321 1.017178
322 0.782916
323 0.735368
324 0.542183
325 0.656184
326 0.642961
327 0.773928
328 0.539392
329 0.470577
330 0.618244
331 0.648854
332 0.437526
333 0.26083
335 0.119256
336 0.54347
337 0.119938
338 0.324107
339 0.418858
340 0.497971
341 1.085063
342 1.484059
343 1.088104
344 0.819901
345 0.863712
346 0.973099
347 0.929279
348 0.600655
349 0.724553
350 0.406844
351 0.597143
352 0.402977
353 0.212306
354 0.38
355 0.343627
356 0.339351
357 0.451078
358 0.459189
359 0.382304
360 0.529897
361 0.448357
362 0.541246
363 0.293173
364 0.418447
365 0.472094
366 0.307392
367 0.244144
368 0.190699
370 0.187934
371 0.140953
372 0.098329
373 0.677645
374 0.754159
375 0.749097
376 0.929565
377 0.871843
378 0.875591
379 1.158745
380 0.947558
381 1.306624
382 1.097522
384 1.115437
385 1.137907
386 1.280364
387 1.158969
388 1.201422
389 0.678861
390 0.776551
391 0.780703
392 0.39175
393 0.326529
394 0.162414
395 0.407718
396 0.222914
397 0.127979
398 0.17053
399 0.185862
401 0.260657
402 0.429598
403 0.382809
404 0.540314
405 0.50389
406 0.524356
407 0.344503
408 0.414922
409 0.395233
410 0.241796
411 0.446916
412 0.380308
413 0.071798
416 0.099491
417 0.151868
421 0.009914
422 0.23421
423 0.360791
424 0.418261
425 0.520331
426 0.641822
427 0.717842
428 0.908333
429 1.1159
430 1.106621
431 0.863801
432 0.705099
433 0.553247
434 0.775457
435 0.941039
436 0.820139
437 0.983118
438 1.118351
439 0.926306
440 1.087187
441 1.02284
442 1.145043
443 0.89846
445 0.953839
446 0.457817
447 0.674074
448 0.810109
449 0.815086
450 0.726521
451 0.82366
452 0.804615
453 0.8525
454 1.090458
455 0.86798
456 0.861818
457 0.970948
458 0.951763
459 1.112659
460 1.128711
461 1.223779
462 1.109336
463 1.12085
464 0.864201
465 1.090062
466 0.896173
467 1.015418
468 0.845684
469 0.911857
470 0.973508
472 1.146474
473 0.994927
474 0.92284
475 1.069922
476 1.146977
477 1.256532
478 1.145075
479 1.160632
480 0.987166
482 0.716533
483 0.464756
484 0.93117
485 0.586586
486 0.520919
487 0.456696
488 0.49033
489 0.447128
490 0.287755
491 0.572883
492 0.769428
493 0.661925
494 0.647253
495 0.44019
497 0.043019
498 0.950278
499 1.058127
500 1.02354
501 0.856992
502 0.271023
503 0.651764
504 0.61413
505 0.6362
506 0.720966
507 0.820473
508 0.597368
510 0.755305
511 0.69691
512 0.693834
513 0.786435
514 0.678166
515 0.906312
516 0.630511
517 0.922992
518 0.700499
519 0.593696
520 0.176842
521 0.372528
522 0.784426
523 0.510642
524 0.727265
525 0.768274
526 0.765355
527 0.818791
528 0.59388
529 0.683095
530 0.519698
531 0.742061
532 0.574879
534 0.584617
535 0.630665
536 0.631399
537 0.630953
538 0.664238
539 0.693689
540 0.577833
541 0.648373
542 0.615769
543 0.720243
544 0.642257
545 0.515869
546 0.433278
547 0.53412
548 0.642609
549 0.634048
550 0.852215
551 0.573425
552 0.447827
553 0.690952
554 0.666437
555 0.717025
556 0.628983
557 0.699838
558 0.497824
560 0.340228
561 0.295791
562 0.138624
563 0.340669
564 0.44811
565 0.313223
566 0.185842
567 0.202032
568 0.578382
569 0.58138
570 0.666241
572 0.654013
573 0.724389
574 0.733957
575 0.594811
576 0.81998
577 0.159436
578 0.64503
579 1.001391
580 0.874645
581 0.819502
582 0.846688
583 0.719013
584 0.583256
585 0.42254
586 0.512
587 0.253092
588 0.360558
589 0.619925
590 1.407304
591 1.117466
592 1.024279
593 1.229787
594 0.990824
595 0.678626
596 1.101563
597 1.185273
599 1.074951
600 1.268236
601 0.831277
602 1.02167
603 0.793358
604 0.551442
605 0.62758
606 0.811067
607 0.682577
608 0.854324
609 0.768068
610 0.907499
611 0.712694
612 0.766693
613 0.8573
614 0.877891
615 0.824174
616 0.452928
617 0.658333
618 0.594893
619 0.831874
620 0.638248
621 0.518855
622 0.331384
623 0.618899
625 0.670024
626 0.733904
627 0.620481
628 0.289544
629 0.74594
630 0.47531
631 0.560571
632 0.723838
633 0.662443
634 0.714603
635 0.770968
636 1.026627
637 0.769692
638 0.832288
639 0.831036
640 1.132882
641 0.899214
642 0.785878
643 1.018427
644 1.031034
645 0.686109
646 0.893833
647 0.734873
648 1.031429
649 0.874949
650 0.979726
651 0.989676
652 0.973077
653 0.955613
654 0.974636
656 0.971558
657 0.971956
658 1.220845
659 0.56938
660 0.589372
661 0.68601
662 0.401818
663 0.46842
664 0.432406
665 0.603897
666 0.443536
668 0.016189
669 0.711056
670 0.649413
671 0.652075
672 0.355547
673 0.149372
674 1.080426
675 0.81958
676 0.962092
677 0.840754
678 0.828254
679 0.764954
680 0.882932
681 0.499592
682 0.604584
683 0.082596
684 0.402913
685 1.041468
686 1.209826
687 1.187235
688 0.976476
689 1.159824
691 1.137715
692 1.421299
693 0.815063
694 1.189565
695 0.992985
696 1.057339
697 0.974874
698 1.200379
699 1.183429
700 0.848111
701 1.249811
702 0.854463
703 1.426531
704 1.048032
705 1.385591
706 0.927325
707 1.004956
708 1.3557
709 0.972335
710 1.389375
711 1.369358
712 1.106126
713 0.955647
714 0.578416
716 0.639517
717 0.580506
718 0.890541
719 0.956377
720 1.002837
721 0.879952
722 1.264446
723 1.154209
724 1.557249
725 1.372543
726 1.667761
727 1.217675
728 1.45054
729 0.836
730 0.965328
731 1.037203
732 1.568063
733 1.425113
734 1.169506
735 0.729968
736 1.3557
737 1.149174
738 1.410366
739 1.338714
740 1.594418
741 1.568031
742 1.048158
743 0.578968
744 1.449892
745 1.729718
746 1.143716
747 0.994909
748 0.803918
749 0.540711
750 0.330023
751 0.104828
752 0.08592
753 0.194514
813 0.00055
814 0.058975
815 0.14605
817 0.143874
819 0.028366
820 0.067496
821 0.118024
822 0.09913
823 0.122648
824 0.115754
825 0.257254
827 0.111013
828 0.1344
829 0.135
830 0.141031
831 0.144543
832 0.131733
833 0.14468
834 0.099401
836 0.11633
837 0.119281
838 0.129929
839 0.083119
840 0.138938
841 0.155455
842 0.210462
843 0.210664
844 0.207314
845 0.203859
846 0.210462
847 0.216815
848 0.210462
849 0.214799
850 0.205835
851 0.051741
852 0.185307
853 0.215645
854 0.213541
855 0.211274
856 0.178892
857 0.214588
859 0.216
860 0.210259
861 0.20071
862 0.123429
863 0.154722
864 0.206491
865 0.193129
866 0.204059
867 0.167724
868 0.231508
869 0.202341
870 0.207728
871 0.165975
872 0.185307
873 0.16671
874 0.165348
876 0.141343
877 0.159621
878 0.164571
879 0.152758
880 0.160941
881 0.121877
884 0.00343
885 0.083755
886 0.069266
887 0.043776
889 0.053647
890 0.039261
891 0.041104
892 0.00784
894 0.032117
896 0.017262
897 0.030372
914 0.003204
915 0.116201
916 0.14592
917 0.141846
918 0.095543
919 0.062793
921 0.058975
922 0.061656
923 0.038026
924 0.062182
925 0.064062
926 0.058681
928 0.075766
929 0.109331
930 0.087203
931 0.096338
932 0.089623
933 0.130675
934 0.131855
935 0.128753
936 0.109331
937 0.117257
938 0.139073
939 0.107486
940 0.149644
942 0.05842
943 0.122648
944 0.091539
945 0.14883
946 0.100866
947 0.101333
948 0.072545
949 0.08592
950 0.087203
951 0.113463
959 0.001334
961 0.615337
962 0.131733
963 0.154141
966 0.056829
967 0.382249
968 0.157695
969 0.147323
970 0.156194
971 0.156641
972 0.160156
973 0.128879
974 0.150212
975 0.155014
976 0.157846
977 0.154722
978 0.157998
980 0.147323
985 0.033294
986 0.673723
988 0.074017
989 0.062897
990 0.053647
991 0.047172
992 0.073662
1014 0.001447
1015 0.010698
1016 0.043732
1018 0.107486
1019 0.101412
1020 0.121488
1021 0.141998
1022 0.128753
1023 0.097084
1024 0.126277
1025 0.11531
1026 0.203261
1027 0.180105
1028 0.171167
1030 0.131197
1031 0.180279
1032 0.080565
1033 0.149372
1034 0.203659
1035 0.14883
1036 0.160784
1037 0.147229
1038 0.1824
1039 0.18869
1040 0.164023
1042 0.18649
1043 0.206901
1044 0.156483
1045 0.182221
1046 0.168369
1047 0.179757
1048 0.178207
1049 0.156763
1050 0.165348
1051 0.138802
1052 0.162133
1053 0.165523
1054 0.150212
1055 0.139482
1057 0.161081
1058 0.181727
1059 0.160386
1060 0.171502
1061 0.129929
1062 0.163343
1063 0.124364
1064 0.150359
1065 0.146478
1066 0.172586
1069 0.050645
1070 0.063138
1071 0.139619
1074 0.068226
1075 0.31437
1076 0.11357
1077 0.10954
1079 0.07378
1080 0.074337
1081 0.094101
1082 0.107611
1083 0.06384
1087 0.008039
1089 0.082674
1090 0.117908
1091 0.150359
1092 0.131733
1093 0.139482
1094 0.12737
1095 0.136192
1096 0.109222
1097 0.13254
1098 0.144543
1099 0.156343
1100 0.11357
1101 0.130935
1102 0.127484
1104 0.064107
1105 0.072899
1106 0.0855
1107 0.073732
1108 0.055789
1109 0.078171
1110 0.081067
1111 0.111055
1112 0.150952
1114 0.107294
1115 0.087116
1116 0.054502
1117 0.065421
1118 0.064648
1119 0.073946
1120 0.068157
1121 0.0684
1122 0.073662
1123 0.07518
1124 0.066041
1125 0.075476
1126 0.062897
1143 0.000653
1145 0.0912
1146 0.109839
1147 0.123702
1150 0.347649
1151 0.03651
1152 0.040384
1154 0.059066
1155 0.046936
1156 0.059111
1158 0.040088
1159 0.059912
1160 0.034633
1161 0.03777
1162 0.042092
1163 0.040496
1164 0.0608
1166 0.055647
1174 0.0
