398 1.051482
400 0.046962
401 3.021913
402 1.814943
403 1.912096
404 1.982475
405 2.033075
406 1.699165
407 2.064906
408 1.637439
409 1.836604
410 1.682366
411 2.085961
412 2.339676
413 0.928286
415 1.544908
416 1.47608
417 1.429376
418 1.166343
419 1.220508
420 1.683692
421 0.872814
422 0.356517
423 0.967245
424 1.4592
425 1.155365
426 1.353116
427 1.122794
428 1.776765
429 2.278617
430 1.956226
431 1.616175
432 1.737143
433 1.011213
434 1.344767
435 1.1679
436 1.637804
437 1.36255
438 0.993494
439 1.232822
440 1.538761
441 1.64214
442 1.406475
443 1.61132
444 1.51614
445 1.655212
446 0.619472
447 0.622306
448 0.7723
449 1.188391
450 1.304151
451 1.196244
452 1.49384
453 1.306069
454 1.800359
455 1.394222
456 1.426069
457 1.332971
458 1.578877
459 1.593146
460 1.744064
461 1.429953
462 1.804193
463 1.611365
464 1.914119
465 1.669881
466 1.78283
467 1.741651
468 2.17366
469 1.972492
470 1.89698
471 2.293132
472 1.846693
474 1.798922
475 2.054704
476 1.775696
477 2.056736
478 1.817651
479 1.909274
480 2.441689
481 1.937079
482 2.17585
483 2.423547
484 1.072916
485 2.20848
486 1.415913
487 1.483015
488 2.25196
489 2.169575
490 2.427141
491 2.210701
492 2.203984
493 2.582049
494 1.964913
495 2.077679
496 2.131948
497 1.745581
498 2.03697
499 2.005881
500 2.210593
501 2.227731
502 2.002222
503 2.089572
504 2.303431
505 2.004211
506 2.232221
507 2.217118
508 1.696158
509 0.890541
510 0.129518
511 0.960565
512 0.553714
513 0.627225
514 0.675953
515 0.461365
516 0.44702
517 0.232477
518 0.261069
520 0.01979
521 0.504282
522 0.317059
523 0.343627
524 0.173542
525 0.21375
527 0.685633
528 0.400486
529 0.901271
530 1.126106
531 1.158267
532 1.068508
533 1.399433
534 1.313868
535 0.925806
536 1.313714
537 0.945328
538 1.167937
539 1.190965
540 1.185311
541 1.353116
542 1.108779
543 1.108528
544 1.188391
545 1.05347
546 1.336755
547 1.492364
548 1.303992
549 1.340964
550 1.177079
551 1.166784
552 0.695547
553 0.414215
554 0.354071
555 0.10944
563 0.018072
564 0.456
565 0.839331
566 0.983976
567 0.877991
568 1.148047
569 1.21963
570 1.142893
571 0.874645
572 0.857714
574 0.982014
575 0.890118
576 1.260679
577 1.318034
578 1.094566
579 1.271547
580 0.930063
581 0.565802
582 0.736095
583 0.962466
584 0.116199
585 1.826967
586 1.24637
587 1.009714
588 0.870489
589 0.912
590 0.662286
591 0.348813
592 0.147465
593 0.064376
594 0.379984
595 0.920119
596 1.009714
597 0.590831
598 0.458566
599 0.193129
601 0.137784
602 0.086258
635 0.001302
636 0.041104
638 0.068453
639 0.074197
640 0.121488
641 0.113143
642 0.149236
643 0.139237
644 0.1344
645 0.150212
649 0.051595
650 0.210664
651 0.320993
652 0.141867
653 0.168207
654 0.15253
655 0.135368
656 0.160941
659 0.04899
660 0.107449
661 0.189562
662 0.182265
663 0.204242
664 0.166709
665 0.185931
667 0.009944
668 0.23068
670 0.093891
671 0.612849
672 0.204348
673 0.215035
674 0.239413
675 0.188093
677 0.110612
678 0.13432
679 0.190306
680 0.228123
681 0.191375
682 0.198543
685 0.049392
686 0.622154
687 0.161116
688 0.211244
689 0.217963
690 0.212283
691 0.214607
693 0.02095
695 0.219492
696 0.179733
697 0.20659
698 0.204691
699 0.201076
700 0.212075
701 0.204283
704 0.029908
705 0.369452
706 0.478826
707 0.205605
708 0.208386
710 0.051598
712 0.39217
713 0.152604
714 0.190306
715 0.237011
716 0.176626
717 0.20513
718 0.183401
721 0.043484
724 0.252656
725 0.14252
726 0.154609
727 0.169161
728 0.161116
732 0.064791
734 0.144021
735 0.059722
737 0.038514
738 0.050868
739 0.076967
741 0.063324
742 0.044933
743 0.053036
760 0.007827
761 0.433554
762 0.107683
763 0.093725
768 0.018654
769 0.231969
770 0.464
771 0.099759
772 0.114016
773 0.115844
775 0.109761
776 0.158588
777 0.122975
779 0.015828
780 0.239903
781 0.099944
782 0.154943
784 0.137085
785 0.144429
786 0.139663
787 0.137443
788 0.134912
789 0.103692
790 0.137317
794 0.002794
795 0.556879
797 0.125283
798 0.150375
799 0.159763
800 0.137443
801 0.159173
803 0.043021
805 0.189553
806 0.101736
807 0.185753
808 0.155494
809 0.152604
810 0.158433
811 0.158123
812 0.153182
813 0.158588
817 0.006948
818 0.345902
819 0.414769
820 0.150375
821 0.149778
822 0.155389
823 0.162931
826 0.015406
827 0.437926
828 0.132257
829 0.157815
830 0.15629
831 0.154943
832 0.162777
833 0.149639
834 0.155688
835 0.155538
839 0.016506
840 0.276298
841 0.437189
842 0.161116
843 0.153182
845 0.138969
846 0.173442
847 0.006989
848 0.132435
850 0.23865
851 0.086968
852 0.113516
855 0.037664
856 0.499236
858 0.138777
861 0.066679
862 0.200026
863 0.415547
864 0.111804
865 0.189562
867 0.132551
868 0.149778
869 0.176958
870 0.13259
871 0.1685
872 0.11829
873 0.005695
874 0.118505
876 0.158744
877 0.141399
878 0.10741
879 0.164015
880 0.151887
881 0.161276
882 0.135251
886 0.045388
887 0.179963
888 0.446736
889 0.134671
890 0.16543
891 0.12562
892 0.175602
895 0.016766
897 0.310154
898 0.081235
899 0.137752
901 0.119443
902 0.137984
903 0.150375
904 0.119822
905 0.14297
906 0.151887
911 0.010608
913 0.149507
914 0.420919
915 0.071215
916 0.054649
917 0.056376
918 0.071006
919 0.061977
937 0.007651
938 0.594978
939 0.079881
940 0.079554
941 0.072585
943 0.063249
944 0.064245
945 0.123835
946 0.142565
947 0.122975
948 0.169161
952 0.019824
953 0.296031
954 0.401757
955 0.150825
956 0.134284
957 0.14297
958 0.144752
959 0.155389
962 0.018478
963 0.315679
965 0.188355
966 0.122545
967 0.148016
968 0.144613
969 0.155538
970 0.155389
971 0.155688
972 0.157815
973 0.148161
976 0.024537
978 0.257956
979 0.44975
980 0.158588
981 0.134155
982 0.1348
983 0.137984
984 0.147582
986 0.01685
988 0.209081
989 0.14243
990 0.141895
991 0.158588
992 0.162165
993 0.14297
994 0.145169
995 0.1443
998 0.012399
1000 0.574405
1001 0.013024
1002 0.134352
1004 0.126871
1005 0.129928
1006 0.118706
1007 0.142565
1008 0.125813
1009 0.15203
1010 0.13532
1011 0.126871
1014 0.049876
1015 0.107303
1016 0.161276
1017 0.159213
1018 0.148016
1019 0.158588
1024 0.025555
1026 0.313615
1027 0.074232
