1761 0.031448
1762 0.075476
1764 0.086489
1765 0.166391
1766 0.065014
1767 0.045254
1768 0.049342
1770 0.077411
1771 0.124011
1772 0.107294
1773 0.081824
1774 0.085835
1775 0.118024
1776 0.135497
1777 0.096565
1778 0.060744
1779 0.082596
1780 0.099573
1781 0.42639
1782 0.432997
1783 0.301402
1785 0.194372
1786 0.1216
1787 0.195235
1789 0.028619
1790 0.093008
1791 0.081142
1792 0.029314
1793 0.041652
1794 0.057651
1796 0.02855
1797 0.0608
1798 0.0912
1799 0.044852
1800 0.020081
1801 0.024686
1802 0.020846
1804 0.04716
1805 0.062631
1806 0.045444
1807 0.018971
1809 0.02569
1810 0.061368
1811 0.019898
1813 0.029314
1814 0.019719
1815 0.015747
1816 0.032443
1817 0.043002
1818 0.0357
1819 0.0288
1820 0.04296
1822 0.064922
1823 0.048857
1824 0.041143
1825 0.062006
1826 0.086599
1827 0.05985
1829 0.025255
1830 0.025474
1831 0.0433
1832 0.053126
1833 0.051623
1835 0.035882
1844 0.014523
1845 0.60197
1846 0.218859
1847 0.321882
1848 0.266564
1849 0.162535
1850 0.148753
1852 0.029882
1853 0.757681
1854 0.888642
1855 0.66535
1856 0.670747
1857 0.804484
1858 0.729463
1859 0.464253
1860 0.303782
1861 0.122279
1862 0.35593
1863 0.741697
1864 0.740137
1865 0.926857
1866 0.628554
1868 0.596463
1869 0.745122
1870 0.81604
1871 0.828269
1872 0.755187
1873 0.842209
1874 0.948687
1875 1.074051
1876 0.911096
1877 0.747308
1878 1.438631
1879 1.206991
1880 1.299148
1881 0.943635
1882 0.896412
1883 0.7296
1884 0.872317
1885 0.770093
1886 0.540083
1887 0.704317
1888 0.628467
1889 0.281748
1890 0.552618
1891 0.889329
1893 1.17022
1894 1.270897
1895 0.86015
1896 1.198769
1897 1.162174
1898 0.895921
1899 1.089303
1900 1.299205
1901 1.268527
1902 1.63539
1903 1.519419
1904 1.744539
1905 1.12915
1906 1.419447
1907 1.483881
1908 1.550063
1909 1.647018
1910 1.243774
1911 1.384697
1912 1.454282
1913 1.596228
1914 1.231389
1915 1.455937
1916 1.851224
1917 1.368816
1918 1.375183
1919 1.461171
1920 1.618698
1921 1.577032
1922 2.142881
1923 1.596252
1924 2.074759
1925 2.096527
1926 1.988236
1927 2.475429
1928 1.71803
1929 1.70396
1930 2.256048
1931 1.822042
1932 2.416349
1933 2.029315
1934 2.010093
1935 1.982544
1936 1.414483
1938 1.44928
1939 1.59284
1940 1.319746
1941 1.560333
1942 1.3557
1943 0.80865
1944 1.519696
1945 1.123175
1946 1.486897
1947 1.003164
1948 1.26777
1949 1.060507
1950 0.896222
1951 1.151512
1952 0.941056
1953 0.710649
1954 0.737861
1955 1.191066
1956 1.020023
1957 0.65293
1958 1.16016
1959 1.423227
1960 2.055417
1961 1.455382
1963 1.395839
1964 2.055417
1965 1.383105
1966 1.484028
1967 1.74865
1968 1.761376
1969 2.03355
1970 1.658482
1971 1.796308
1972 2.082505
1973 2.260886
1974 0.387485
1975 1.738868
1976 1.336591
1977 1.561879
1978 1.120471
1979 1.682857
1980 0.859739
1981 1.398036
1982 1.041455
1983 1.184882
1984 1.232973
1985 0.798574
1986 0.954918
1987 1.082609
1988 1.104918
1989 1.248688
1990 1.508763
1991 1.225624
1992 1.25604
1993 1.243817
1994 1.57279
1995 1.230819
1996 1.237014
1997 1.591458
1998 1.170347
1999 1.23182
2000 1.485954
2001 1.205522
2002 1.53732
2003 1.242894
2004 1.399183
2005 1.279169
2006 0.730032
2007 1.083564
2008 1.126907
2009 0.986044
2010 0.467378
2011 0.611576
2012 0.473538
2013 0.481533
2014 1.323357
2017 0.437352
2018 1.119396
2019 1.023124
2020 1.48437
2021 1.717678
2022 0.722375
2023 1.612554
2024 1.738198
2025 1.595444
2026 1.537345
2027 1.221852
2028 0.207049
2029 0.341386
2030 0.715152
2031 0.650139
2033 0.112503
2034 0.479908
2035 0.276256
2036 0.418867
2037 1.029029
2038 1.167576
2039 0.970506
2040 1.358437
2041 1.102611
2042 1.795756
2043 1.593483
2044 1.737891
2045 1.896849
2046 1.305236
2048 0.847961
2049 0.727273
2050 1.337259
2051 1.793479
2052 1.452143
2053 1.321806
2054 1.946086
2055 1.390811
2056 1.755374
2057 1.87562
2058 1.830601
2059 2.15843
2060 1.777052
2061 1.948562
2062 2.328743
2063 2.290857
2065 1.725925
2066 2.233908
2067 1.471193
2068 2.256048
2069 1.624344
2070 1.761563
2071 2.449007
2072 1.89427
2073 1.837244
2074 2.525196
2075 1.829299
2076 1.94619
2077 2.050893
2078 2.654778
2079 2.095114
2080 2.005662
2081 1.997118
2082 1.845135
2083 1.989682
2084 1.652883
2085 1.780571
2086 1.414553
2087 1.771472
2088 1.536376
2089 1.837291
2090 2.026479
2091 1.987945
2092 1.854731
2093 2.110082
2094 1.470509
2095 2.20848
2096 2.295944
2097 1.664408
2098 1.901887
2099 1.735952
2100 1.681189
2101 0.994455
2102 1.333834
2103 1.298616
2104 1.348962
2105 0.922729
2106 0.902107
2107 1.248571
2108 0.58288
2109 0.184206
2110 0.541782
2111 0.650139
2112 0.466831
2113 0.105332
2114 0.675953
2116 0.276157
2117 0.128627
2118 1.020571
2119 1.028563
2120 0.579326
2121 0.687224
2122 0.888523
2123 0.945115
2124 0.690988
2125 0.890541
2126 0.558651
2127 0.783247
2128 0.593418
2129 0.928383
2130 0.668156
2131 0.697774
2132 0.697929
2133 0.77282
2134 0.806971
2135 0.956554
2136 0.899659
2137 0.953153
2138 1.043453
2139 1.079865
2140 1.035152
2141 0.609271
2142 0.885037
2143 0.335608
2144 0.888523
2145 0.583984
2146 0.675291
2148 0.571773
2149 0.691312
2150 0.400663
2151 0.67181
2152 0.663358
2153 0.580527
2154 0.601108
2155 0.718871
2156 0.466114
2157 0.552618
2158 0.428756
2159 0.4424
2160 0.520111
2161 0.530252
2162 0.754617
2163 0.742817
2164 0.929311
2165 0.729209
2166 0.988075
2167 0.922323
2169 0.908772
2170 1.321949
2171 0.83168
2172 0.86014
2173 1.041253
2174 0.901115
2175 1.115173
2176 0.886237
2177 0.942026
2178 0.892151
2179 0.765761
2180 0.451179
2181 1.2153
2182 1.20541
2183 1.446159
2184 1.23357
2185 1.279386
2186 1.869554
2187 1.432531
2188 1.793023
2189 1.413238
2190 1.30982
2191 1.798717
2192 1.5476
2193 1.629858
2194 1.694082
2195 1.65459
2196 1.223153
2197 1.01576
2198 0.872208
2200 0.573763
2201 0.429176
2202 0.400919
2203 0.849351
2204 1.811809
2205 2.047937
2206 1.286036
2207 1.214781
2208 1.530629
2209 1.037273
2210 1.24637
2211 1.078349
2212 1.250772
2213 1.308767
2214 1.357418
2216 1.409062
2217 1.050138
2218 0.900119
2219 1.159611
2220 1.254053
2221 1.284535
2222 1.527016
2223 1.40781
2224 1.484483
2225 1.066677
2226 1.248762
2227 1.441141
2228 1.109842
2229 1.004313
2230 1.227014
2231 1.473648
2232 1.098495
2233 1.130783
2234 1.419469
2235 1.231573
2236 1.200527
2238 1.170048
2239 1.647018
2240 1.358609
2241 1.659497
2242 1.256127
2243 1.535425
2244 1.575191
2245 1.70717
2246 2.219413
2247 1.689621
2248 1.688089
2249 1.970479
2250 1.992222
2251 1.808333
2252 1.863992
2253 2.009087
2254 1.990529
2255 2.049625
2256 2.016396
2257 2.112269
2258 2.544862
2259 1.831722
2260 2.068915
2261 1.810411
2262 1.66727
2263 1.709415
2264 1.899106
2265 1.176325
2266 1.540579
2267 1.959312
2268 1.49279
2270 1.917056
2271 2.45994
2272 1.845883
2273 2.340499
2274 2.044484
2275 1.309729
2276 1.842059
2277 1.38131
2278 1.551033
2279 0.872515
2280 1.082374
2281 1.213717
2282 0.631129
2283 1.789653
2284 1.088277
2285 1.106331
2286 0.684811
2287 0.866851
2288 0.857617
2289 0.743449
2290 0.459832
2291 0.472611
2292 0.491988
2293 0.50577
2294 0.248973
2295 0.1995
2296 0.428083
2297 0.754382
2298 0.364832
2299 0.454647
2300 0.823509
2301 0.552801
2302 0.173028
2303 1.060813
2304 1.184112
2305 1.041435
2306 0.883164
2307 1.021705
2308 1.196067
2309 0.648566
2310 1.146725
2311 0.820605
2313 0.437343
2314 0.354418
2315 0.49844
2316 0.82396
2317 0.749027
2318 0.737319
2319 0.861069
2320 0.88203
2321 0.796773
2322 0.961807
2323 0.800542
2324 0.616863
2325 0.559739
2326 0.673477
2327 0.563453
2328 0.52964
2329 0.622804
2330 0.704317
2331 0.585545
2332 0.641701
2333 0.512529
2334 0.479121
2335 0.675953
2336 0.567747
2337 0.612523
2338 0.688469
2340 0.807075
2341 0.159379
2342 0.616264
2343 0.527183
2344 0.551241
2345 0.588166
2346 0.7484
2347 0.471554
2348 0.573946
2349 0.67785
2350 0.411717
2351 0.605639
2352 0.499073
2353 0.682646
2354 0.57779
2355 0.590455
2356 0.52843
2357 0.696467
2359 0.748281
2360 0.802105
2361 0.772388
2362 0.744936
2363 0.765315
2364 0.682095
2365 0.704398
2366 0.656566
2367 0.877687
2368 0.710876
2369 0.670045
2370 1.106331
2371 0.349994
2372 0.312984
2373 0.06369
2408 0.002496
2859 0.0
