230 0.918302
231 0.99746
232 1.136885
233 0.776135
234 1.027352
235 1.030406
236 0.924613
237 1.125485
238 1.172571
239 0.773064
240 0.964701
241 0.63034
242 0.327992
243 0.450635
244 0.465472
245 0.417079
246 1.13887
247 1.460653
248 1.091305
249 1.296426
250 1.279572
251 1.89249
252 1.251471
253 1.773534
254 1.462063
255 0.992221
256 1.541714
258 1.08706
259 0.79022
260 1.074857
261 0.680624
262 0.841343
263 1.242409
264 1.192133
265 1.023749
266 0.792571
267 0.761788
268 0.540711
269 0.514794
270 0.751059
271 0.692111
272 0.515012
273 0.515012
274 0.579453
275 0.3547
276 0.574858
277 0.706415
278 0.778708
279 0.772518
280 0.541274
281 0.788659
282 0.912906
283 0.983123
284 0.846271
285 0.965647
286 0.951652
287 0.787702
288 0.977143
289 1.067176
290 0.882369
291 0.96211
292 0.997835
293 1.053143
294 0.848
295 0.731721
296 0.927275
298 0.075329
299 1.367331
300 0.625371
301 0.589292
302 0.634118
303 0.386638
304 0.345714
305 0.154818
306 0.325714
307 0.392414
308 0.965328
309 0.848455
310 0.721079
311 1.126588
312 0.568659
313 0.616411
314 0.661629
315 0.664134
316 0.639377
318 0.249242
319 0.386259
320 0.896695
321 0.648191
322 0.724553
323 0.488571
324 0.697412
325 0.343341
326 0.113214
327 0.157074
329 0.255506
330 0.227134
331 0.563671
332 0.199938
334 0.078671
335 1.237714
336 0.454198
337 0.463728
338 0.859195
339 0.940244
340 0.662943
341 0.56683
342 0.82107
343 1.336755
344 0.751059
345 0.514794
346 0.454198
347 0.358286
348 0.529897
349 1.009714
350 0.749493
351 1.388627
352 1.162741
353 0.851244
354 1.069304
355 1.281143
356 1.122794
357 1.448471
358 0.676616
359 0.332897
360 0.731937
361 1.503178
362 1.148879
363 1.523576
364 1.438292
365 1.101079
366 1.286893
367 0.802632
368 0.696601
369 1.358491
370 1.754661
371 1.52
372 1.418065
373 1.166222
374 1.438292
375 1.349455
376 1.569614
377 1.459365
378 1.663059
379 1.421154
380 1.563429
381 1.219944
382 1.348962
383 1.366633
384 1.076162
386 1.713728
387 1.335705
388 1.650286
389 1.339291
390 1.728
391 1.578794
392 1.874869
393 1.566383
394 1.847547
395 1.635822
396 2.04317
397 1.258941
398 2.149714
399 1.431968
400 1.877647
401 1.600767
402 1.810374
403 2.258286
404 1.635822
405 1.992724
406 1.895108
407 1.894689
408 2.153814
409 2.015078
410 1.070609
411 1.361651
412 1.847688
413 1.476684
414 1.661143
415 1.199194
416 1.515154
417 1.535621
418 1.014222
419 1.177587
420 1.395036
421 0.855433
422 0.349928
423 0.511004
424 0.29693
425 0.776248
426 0.418858
427 0.19041
428 1.021585
429 1.818555
430 1.546222
431 1.617714
432 1.388876
434 1.916291
435 1.753638
436 1.600767
437 2.35834
438 1.756395
439 2.005909
440 2.123463
441 1.966849
442 1.577224
443 1.127267
444 1.172571
445 1.226857
446 0.879574
447 0.686682
448 1.161714
449 0.126152
450 1.908047
451 1.043321
452 0.886767
453 0.744784
454 0.738286
455 0.573154
457 0.203636
458 1.395607
459 1.319718
460 1.534105
461 1.238337
462 1.46717
463 1.484573
464 1.814943
465 1.149662
466 1.738868
467 1.535169
468 1.787665
469 1.775984
470 2.073714
471 1.853723
472 1.874094
473 2.24936
474 1.504286
475 2.271396
476 1.679029
477 1.715753
478 1.257303
479 1.580439
480 1.07598
481 0.547737
482 0.616863
483 1.039193
484 0.905651
485 1.253212
486 1.434566
487 0.578216
490 0.028417
491 2.657225
492 1.10424
493 0.446916
494 1.737509
495 2.297696
496 1.841192
497 1.727425
498 1.189116
499 0.551442
500 0.194656
503 0.008241
504 0.275568
505 0.434286
506 0.378498
507 0.212918
508 0.370614
509 0.239562
510 1.144542
511 0.557929
512 0.708836
513 0.742794
514 1.393863
515 1.478038
516 0.807136
517 0.876819
518 0.718871
519 0.441969
520 0.721079
521 1.449107
522 1.368
523 1.123618
524 1.521509
525 1.031842
526 1.510642
527 1.535621
528 1.081638
529 1.578877
530 1.414533
532 0.641845
534 1.778024
535 1.836679
536 1.259796
537 0.177065
538 1.98352
539 0.847624
541 0.570898
542 1.580558
543 1.291984
544 1.858211
545 1.199992
546 1.243636
547 1.100949
548 1.464262
549 1.331466
550 0.458688
551 0.723922
552 0.429176
553 1.279169
554 1.395607
555 1.700462
556 1.349455
557 1.369358
558 1.20874
559 1.102173
560 0.787798
561 1.264016
562 1.363003
563 1.696158
564 1.439078
565 1.894782
566 1.513651
567 1.699513
568 0.873079
569 0.590118
570 0.622306
571 0.493553
572 0.276794
573 0.400126
574 0.377092
575 0.4104
576 0.112614
577 0.715152
578 0.944571
579 0.906667
580 0.840887
582 0.211683
583 0.293143
584 0.66982
585 0.988981
586 0.415431
587 0.673143
588 0.666917
589 0.638671
590 0.826165
591 0.721079
592 0.944188
593 0.940838
594 0.865019
595 1.12357
596 1.184604
597 1.022038
598 1.377566
599 1.543245
600 1.344126
601 1.630189
602 1.388876
603 1.715429
604 1.453597
605 2.006581
606 1.626625
607 1.839199
608 1.943429
609 1.276953
610 2.088216
611 1.904508
612 2.13251
613 1.90262
614 1.605005
615 2.256382
616 1.874094
617 2.380075
618 1.678243
620 1.635822
621 2.010566
622 1.491937
623 1.676206
624 1.36709
625 1.541714
626 1.420914
627 1.167937
628 1.038166
629 0.094432
630 2.034559
631 1.791429
632 1.258941
633 1.323259
634 1.172036
635 1.769714
636 1.408948
637 1.619321
638 1.081423
639 0.857319
640 1.032453
641 1.106331
642 0.664791
643 0.666917
646 0.142979
647 1.093307
648 1.096571
649 0.283443
650 0.498902
651 0.868571
652 0.753691
653 0.808368
654 1.016538
655 1.021585
656 1.103051
657 1.034478
658 1.270286
659 1.000215
660 1.171409
661 1.106214
662 0.988515
663 1.217208
664 1.274819
665 1.015237
666 1.23014
667 0.868571
668 0.702925
669 0.573059
670 0.652075
671 0.386259
672 0.557929
673 0.882932
674 0.300419
675 0.997867
676 1.133641
677 1.032453
678 0.802653
679 0.586868
680 0.518571
681 0.608604
682 0.465012
684 0.315255
685 0.478601
686 0.692795
687 0.673143
688 0.622306
689 0.723838
690 0.580512
691 0.697625
692 0.727429
693 0.675825
694 0.65855
695 0.668093
696 0.477714
697 0.393516
698 0.429176
699 0.367684
702 0.048348
703 0.961144
704 0.349615
705 0.343678
706 0.347084
707 0.339678
708 0.321882
709 0.367954
710 0.351657
711 0.347084
712 0.168516
713 0.310848
714 0.315996
715 0.317059
716 0.335241
717 0.362314
718 0.421755
719 0.568659
720 0.605858
721 0.706415
722 0.710929
723 0.773158
724 0.601437
725 0.449798
726 0.439906
727 0.525226
728 0.483297
729 0.705714
730 0.525741
731 0.487814
732 0.310665
733 0.600847
734 0.590697
735 0.38
736 0.454198
737 0.312071
738 0.307833
739 0.280892
740 0.165558
741 0.193129
742 0.215221
743 0.228908
744 0.314857
745 0.329994
746 0.370765
747 0.332938
748 0.437323
750 0.596387
751 0.551526
752 0.412163
753 0.465012
754 0.568659
755 0.633657
756 0.522814
757 0.423429
758 0.455559
759 0.431446
760 0.383626
761 0.248727
762 0.130286
772 0.013384
773 1.025333
774 0.089623
775 0.038212
776 0.63741
777 0.797888
778 1.080355
779 0.939154
780 0.951177
781 0.695547
782 1.228072
783 1.148167
784 0.962466
785 0.456
786 0.619657
787 1.328837
789 0.63034
790 0.875953
791 0.93385
792 0.847698
793 0.429176
794 0.670482
795 0.62909
796 0.231589
797 0.452492
798 0.402113
799 0.590118
800 0.529897
801 0.457774
802 0.472094
803 0.293853
804 0.816236
805 0.76781
806 0.738286
807 0.713739
808 0.427937
809 0.29693
810 0.203859
811 0.139287
812 0.097714
813 0.042862
814 1.033479
815 0.962466
816 0.409063
818 0.547737
819 0.574858
820 0.714825
821 0.824762
822 0.63438
823 0.998857
824 0.738286
825 0.70362
826 0.547365
827 0.865138
828 0.765315
829 0.749887
830 0.551526
831 0.486801
832 0.568659
833 0.586286
837 0.03379
838 2.02337
839 0.957651
840 0.702795
841 1.064986
842 1.215684
843 1.311968
844 1.025079
845 1.234042
846 1.161714
847 0.980831
848 1.177587
849 1.075925
850 1.063234
851 1.184604
852 0.890791
853 0.160941
854 0.022169
856 0.471813
857 0.369143
858 0.60388
859 0.262037
860 0.168366
927 0.001278
930 0.040268
931 0.176527
932 0.072272
934 0.084185
935 0.1216
936 0.060038
937 0.073309
938 0.060856
939 0.046531
940 0.076303
941 0.051574
942 0.0316
944 0.048857
945 0.075106
946 0.056803
947 0.05964
951 0.016893
952 0.042419
953 0.044706
955 0.102104
956 0.04229
958 0.037347
959 0.029956
960 0.039941
961 0.038377
962 0.031718
963 0.037839
964 0.035474
965 0.036402
966 0.040887
968 0.041278
969 0.034928
970 0.048143
971 0.031718
972 0.029545
974 0.042794
975 0.032191
976 0.034815
977 0.037186
978 0.039358
979 0.02609
981 0.022719
982 0.03668
983 0.050677
984 0.042457
985 0.040541
987 0.03044
988 0.034235
990 0.022
991 0.035947
992 0.030636
1015 0.000467
1035 0.000528
1037 0.024054
1038 0.037959
1039 0.041477
1060 0.006265
1061 0.507879
1063 0.048514
1064 0.02654
1065 0.05554
1066 0.036711
1067 0.059911
1069 0.058929
1070 0.053311
1072 0.033284
1073 0.075677
1074 0.063203
1075 0.044379
1077 0.032404
1079 0.044509
1080 0.007489
1084 0.005823
1085 0.032223
1087 0.006778
1088 0.063435
1089 0.020271
1090 0.037839
1091 0.037972
1092 0.027301
1093 0.031749
1097 0.005362
1098 0.023109
1099 0.018513
1101 0.038652
1102 0.046363
1103 0.104093
1104 0.10582
1105 0.124551
1106 0.114062
1107 0.100529
1108 0.078019
1109 0.057978
1111 0.043719
1112 0.04229
1114 0.01484
1115 0.045695
1116 0.020101
1117 0.031501
1119 0.025275
1120 0.037839
1121 0.014978
1123 0.047437
1124 0.023175
1125 0.030578
1126 0.017159
1127 0.029304
1129 0.019755
1130 0.029384
1131 0.059253
1132 0.050677
1133 0.054434
1142 0.001218
1143 0.490921
1144 0.168665
1146 0.190119
1147 0.169994
1148 0.050834
1149 0.261503
1151 0.083381
1152 0.209398
1153 0.209689
1154 0.189193
1155 0.175602
1156 0.183818
1157 0.186815
1160 0.004141
1161 0.229782
1162 0.561667
1163 0.161116
1164 0.162777
1165 0.170379
1167 0.018247
1170 0.212397
1171 0.095153
1172 0.126871
1173 0.085928
1174 0.079816
1175 0.126871
1176 0.129704
1177 0.165908
1178 0.154195
1179 0.190306
1182 0.024343
1183 0.294377
1184 0.413953
1186 0.109432
1187 0.156139
1188 0.115132
1189 0.1443
1190 0.117751
1191 0.155538
1192 0.10582
1193 0.102218
1194 0.105725
1195 0.018898
1197 0.036932
1199 0.03507
1200 0.046684
1201 0.047657
1202 0.00946
1203 0.042457
1205 0.024143
1210 0.008036
1211 0.034208
1213 0.08732
1214 0.057188
1215 0.064382
1216 0.050916
1217 0.048315
1218 0.063435
1219 0.10741
1220 0.094146
1221 0.107766
1223 0.064803
1224 0.128381
1230 0.011314
1231 0.061918
1233 0.064245
1234 0.082636
1236 0.187452
1237 0.098853
1238 0.229659
1239 0.050868
1240 0.062215
1241 0.061977
1242 0.093683
1243 0.095153
1244 0.089867
1245 0.063435
1250 0.013945
1251 0.175567
1252 0.059911
1253 0.059911
1255 0.066218
1256 0.079881
1257 0.089867
1258 0.098394
1259 0.089867
1260 0.095528
1261 0.069638
1262 0.070947
1263 0.059911
1264 0.065301
1265 0.075112
1266 0.062516
1267 0.063126
1268 0.06746
1270 0.057188
1271 0.065352
1272 0.067114
1273 0.068876
1274 0.065076
1287 0.001802
1289 0.175115
1290 0.042729
1291 0.051415
1292 0.182498
1293 0.042667
1295 0.039636
1296 0.161305
1297 0.066784
1299 0.041637
1300 0.06719
