224 0.908707
225 1.702882
226 2.086945
227 0.905453
228 0.966856
229 1.047992
230 0.902308
231 1.067375
232 1.021714
233 1.295686
234 1.092325
235 1.048569
236 1.449624
237 1.434743
238 1.180657
239 1.163261
240 1.074188
241 0.917362
242 0.858574
243 1.147892
244 1.332607
245 1.229978
246 1.039375
247 0.325069
248 0.448249
249 0.450635
250 0.208533
251 0.235245
252 0.22313
254 0.255116
255 0.574289
256 0.422208
257 0.617632
258 0.227298
259 0.236663
260 0.606196
261 0.627382
262 0.59596
263 0.616887
264 0.735973
265 0.758495
266 0.438186
267 0.743449
268 0.562773
270 0.58809
271 0.953537
272 0.708737
273 0.819043
274 0.801838
275 0.619933
276 0.600259
277 0.645051
278 0.631105
279 1.087699
280 1.038295
281 1.24782
282 0.732337
283 0.618
284 0.731221
285 1.080639
286 1.166466
287 1.116512
288 1.2552
289 0.813179
290 0.783536
291 0.746669
292 0.802648
293 0.796097
294 0.868552
296 0.976574
297 0.583374
298 0.927385
299 0.826675
300 0.976103
301 0.673053
302 0.777803
303 0.784136
304 1.300277
305 0.71444
306 0.710651
307 0.826165
308 0.729069
309 0.740329
310 0.656412
311 0.633035
312 0.393086
313 0.526257
314 0.49844
315 0.368245
316 0.520626
317 0.375223
318 0.286565
319 0.573763
320 0.454647
321 0.07701
322 0.185862
323 0.758319
324 0.572651
325 0.365017
326 0.278965
328 0.112342
329 0.096307
330 1.035469
331 1.011893
332 0.92038
333 0.899358
334 0.685893
335 0.668741
336 0.366965
337 0.216499
338 0.204259
339 0.55305
340 0.735896
341 0.752702
342 0.933885
343 0.775913
344 1.004412
345 0.607961
346 0.660381
347 0.692773
348 0.78163
349 1.0944
350 0.913586
352 1.018677
353 1.062945
354 0.878733
355 0.820451
356 0.872974
357 1.606414
358 1.137614
359 0.770136
360 0.450034
361 0.483921
362 0.677904
363 0.801045
365 0.275497
366 0.510012
367 0.643765
368 0.615009
369 0.754382
370 0.883988
371 1.187818
372 1.151678
373 1.234287
374 0.955304
375 1.183924
376 1.228881
377 1.30448
378 1.462841
379 1.617539
380 1.346651
381 1.133996
382 1.587953
383 0.771988
384 0.874819
385 1.078619
386 1.300923
387 1.081039
388 1.194738
389 1.266894
390 1.164998
391 1.230661
392 1.08712
393 0.910916
394 1.077764
395 1.341794
396 1.190597
397 1.063184
399 0.888619
400 0.901271
401 0.761766
402 1.182623
403 0.979053
404 1.058083
405 1.196645
406 1.23334
407 1.190775
408 1.204468
409 1.313885
410 1.260599
411 1.418222
412 1.577796
413 1.165412
414 1.043216
415 1.096198
416 1.048155
417 1.484483
418 1.098142
419 0.943453
420 0.893128
421 1.080278
422 0.682646
423 0.568008
424 0.839723
425 0.549896
426 0.544008
427 0.78248
428 0.532663
429 0.433855
430 0.315785
431 0.476768
433 0.419402
434 0.573763
435 0.442173
436 0.357931
437 0.495563
438 0.977865
439 0.794515
440 0.820654
441 1.032079
442 1.300292
443 1.201189
444 1.593344
445 1.467216
446 1.772316
447 1.327257
448 1.283254
449 1.276823
450 1.873324
451 1.352734
452 1.801053
454 1.283089
455 1.354157
456 1.181681
457 1.595392
458 1.106313
459 1.354014
460 1.151233
461 0.999882
462 1.373489
464 0.964079
465 1.120091
466 1.106331
467 0.130627
468 0.925307
469 1.418065
470 0.793802
471 1.277305
472 1.533098
473 0.859141
474 0.613624
475 0.953537
476 0.772169
477 0.995893
478 0.702877
479 0.765315
480 0.511691
481 0.693856
482 1.519255
483 1.393386
484 1.294584
486 0.976801
487 1.240032
488 1.309368
489 0.940634
490 1.278553
491 0.881349
492 1.067612
493 1.266516
494 1.19695
495 1.119207
496 0.541814
497 0.347596
498 0.743843
499 1.014153
500 0.812022
501 0.836894
502 0.704255
503 0.877472
504 0.661629
505 0.365824
506 0.304
509 0.041073
516 0.127221
517 0.303398
518 0.461857
519 0.40495
520 0.260055
521 0.281727
522 0.020267
524 0.48315
525 0.411754
526 0.143193
527 0.593228
528 0.81998
529 1.079778
530 0.992416
531 1.376571
532 0.674667
533 0.643878
534 0.873075
535 1.345794
536 1.290917
537 0.924612
538 1.192451
539 0.862689
540 0.857265
541 0.966729
542 0.936905
544 1.137817
545 0.853309
546 0.974042
547 0.9982
548 0.936999
549 1.011283
550 1.119871
551 1.236572
552 1.447581
553 1.48569
555 0.998791
556 1.38815
557 1.078302
558 1.496957
559 1.459306
560 1.109868
561 0.609264
562 0.968253
563 1.009653
564 1.548335
565 1.263002
566 1.67275
567 1.41339
568 1.959945
570 1.571534
571 1.647929
572 1.510687
573 1.81279
574 1.232944
575 1.310062
576 1.346062
577 1.09288
578 1.292635
579 1.370166
581 1.010188
582 1.41835
583 1.26631
584 1.250062
585 1.589074
586 1.186511
587 1.70932
588 1.79236
589 1.157641
590 1.624555
591 1.079102
592 0.925796
593 0.956194
594 1.136213
595 0.691242
596 0.772642
597 0.779913
598 0.93608
599 0.616122
602 0.05684
603 0.948754
604 0.834345
605 0.257388
606 0.520111
607 0.617632
608 1.094333
609 0.916107
610 1.374434
611 1.172027
612 1.466028
613 1.320008
614 0.93003
615 1.225526
616 1.116349
617 1.233546
618 1.201648
619 1.32823
620 1.33897
621 1.360404
622 1.419744
623 1.415013
624 1.257764
625 1.619876
626 1.366969
627 1.449473
628 1.008565
629 0.930147
630 0.979404
631 1.175458
632 1.310704
633 1.297671
634 1.056597
635 1.415728
636 1.469692
637 1.13559
638 1.132198
639 1.435794
640 1.381822
642 1.068211
643 1.508958
644 0.903937
645 1.126781
646 1.010657
647 1.479745
648 1.160167
649 0.37434
650 0.579957
651 0.992174
652 0.905696
653 1.125637
654 0.985355
655 1.058939
656 1.052385
657 1.085648
658 1.104799
659 1.121052
660 1.093933
661 1.02563
662 0.839542
663 0.97313
664 0.921239
665 0.750187
666 0.962093
667 0.996879
668 0.51135
670 0.924557
671 1.3885
672 0.108864
673 0.965108
674 1.631501
675 1.808703
676 1.69129
677 1.433798
678 1.216927
679 1.560768
680 1.435818
681 1.494651
682 1.620124
683 1.334725
684 1.671329
685 0.930997
686 1.768735
687 1.250238
688 1.650444
689 1.24578
690 1.783465
691 1.589011
692 0.42811
693 0.935249
694 1.1699
695 1.807955
696 0.327297
698 1.068497
699 1.621055
700 1.13588
701 1.476876
702 1.766493
703 1.771668
704 1.671576
705 1.553156
706 1.538725
707 1.615406
708 1.33357
709 1.158776
710 0.791303
711 1.037201
712 1.199472
713 1.268317
714 1.362462
716 1.319084
717 1.388612
718 1.390702
719 1.205143
720 0.992428
721 1.053077
722 1.252439
723 1.294453
724 1.536783
725 1.472832
726 1.255564
727 1.20865
728 1.015389
729 1.102907
730 1.137351
731 1.594418
732 1.148755
733 1.033123
734 1.323259
735 1.01126
737 1.16678
738 1.245833
739 0.903588
740 1.191921
741 0.983256
742 1.007321
743 1.411429
744 0.998986
745 1.154139
746 1.271153
747 1.360436
748 1.657594
749 1.502108
750 1.547181
751 1.548614
752 1.469133
753 1.501663
754 1.614153
755 1.614408
756 1.530717
757 0.388131
758 1.187401
759 1.791429
760 1.274622
761 1.592269
762 1.417638
763 1.673788
764 0.754382
772 0.017667
773 0.039971
774 1.37482
775 2.022048
776 1.959056
778 1.354131
779 1.957019
780 1.552612
781 2.047937
782 2.11295
783 1.797471
784 2.069608
785 1.662801
786 2.503672
787 1.858758
788 2.451282
789 1.718857
790 1.692036
791 1.916012
792 1.498802
793 1.322901
794 1.279873
795 0.986044
796 0.835724
805 0.041031
806 4.861357
807 0.874645
808 1.259429
809 1.116071
810 1.386962
811 1.132792
812 1.506154
813 0.795536
814 0.229594
815 0.569217
816 0.863758
818 0.759749
819 0.800531
820 1.213592
821 1.278606
822 1.330447
823 1.506154
824 1.209838
825 1.52934
826 1.366633
827 1.332784
828 1.312412
829 1.088643
830 1.341176
831 1.484483
832 1.312412
833 1.47219
834 0.9805
835 1.279169
836 1.062945
837 1.030024
842 0.035277
843 4.203204
844 0.759247
845 1.382973
846 1.328525
847 1.224428
848 1.390557
849 1.104016
850 1.386962
851 1.193102
852 1.105236
853 0.689869
854 1.17025
855 1.300277
857 1.15855
858 1.51699
859 1.437741
860 1.378772
861 1.181601
862 1.421299
863 1.377491
864 0.846731
865 0.523177
866 0.643765
867 1.256935
868 0.924657
869 0.975208
870 0.986044
871 1.040222
872 1.064
873 1.169838
877 0.153493
878 4.558608
879 0.412163
880 0.826165
881 0.771761
882 0.421328
883 0.160941
916 0.001677
918 0.024239
919 0.007047
921 0.012572
923 0.037023
924 0.011896
926 0.009235
930 0.010576
931 0.037403
932 0.060632
933 0.121939
934 0.126398
935 0.101333
936 0.115865
937 0.139346
939 0.136276
940 0.116313
941 0.161684
942 0.139894
943 0.155648
944 0.147493
945 0.139482
946 0.158465
947 0.139668
948 0.165818
949 0.1346
950 0.1536
951 0.15291
953 0.148798
954 0.006173
955 0.116712
956 0.138908
957 0.165661
958 0.171671
960 0.122122
961 0.137143
962 0.16416
963 0.182758
964 0.131969
965 0.166766
966 0.127379
967 0.189963
968 0.157998
969 0.154868
970 0.154722
971 0.157846
972 0.152758
973 0.147607
975 0.125381
976 0.189233
977 0.158456
978 0.15815
988 0.012944
989 1.545532
990 0.152758
991 0.120024
992 0.171948
993 0.161734
994 0.147607
995 0.157998
996 0.138783
997 0.145799
999 0.176182
1000 0.154722
1001 0.15291
1002 0.049642
1003 0.092571
1005 0.149918
1006 0.146759
1007 0.134518
1008 0.122754
1009 0.139619
1010 0.118024
1011 0.115865
1012 0.122166
1013 0.122851
1014 0.129692
1015 0.0912
1016 0.102954
1017 0.092833
1019 0.109739
1020 0.082441
1021 0.089705
1022 0.051574
1023 0.082909
1024 0.057949
1025 0.082596
1026 0.061889
1028 0.051038
1029 0.053647
1030 0.040347
1050 0.002225
1051 0.139414
1056 0.026098
1059 0.30306
1061 0.082148
1062 0.129133
1063 0.128627
1064 0.150822
1065 0.14341
1066 0.161983
1067 0.172177
1071 0.043099
1072 0.520885
1073 0.154286
1074 0.124718
1075 0.130935
1076 0.130935
1077 0.121939
1078 0.162133
1080 0.035767
1081 0.083613
1082 0.136678
1084 0.117908
1085 0.157695
1086 0.111777
1087 0.117153
1088 0.129006
1089 0.137064
1090 0.112728
1091 0.134889
1092 0.132387
1094 0.129103
1095 0.123778
1096 0.149918
1097 0.155602
1098 0.130935
1099 0.154868
1100 0.149781
1101 0.160626
1102 0.161099
1103 0.15291
1104 0.122754
1105 0.185862
1106 0.155161
1107 0.157695
1108 0.160784
1109 0.137196
1110 0.150359
1111 0.160941
1112 0.154286
1113 0.15575
1114 0.154722
1115 0.160941
1117 0.116616
1118 0.174929
1119 0.113249
1120 0.121826
1121 0.1216
1122 0.088021
1123 0.134219
1124 0.128753
1125 0.128501
1126 0.15291
1127 0.15575
1128 0.128501
1129 0.17872
1130 0.144817
1131 0.103512
1139 0.01539
1140 0.819162
1142 0.214828
1143 0.095832
1144 0.17941
1145 0.158303
1146 0.124255
1147 0.19389
1148 0.139482
1149 0.125793
1151 0.146164
1152 0.155014
1153 0.153063
1154 0.185842
1155 0.129221
1156 0.154722
1157 0.139756
1158 0.131733
1159 0.124129
1168 0.020275
1169 1.054338
1170 0.134727
1171 0.136556
1172 0.131197
1173 0.126398
1174 0.109113
1175 0.134727
1176 0.123082
1177 0.094835
1178 0.131978
1179 0.113249
1181 0.1152
1182 0.096754
1183 0.091116
1184 0.094617
1185 0.067348
1186 0.096282
1187 0.06463
1188 0.063734
1189 0.060744
1190 0.057701
1192 0.054674
1193 0.031661
1197 0.007919
1198 0.04797
1200 0.057746
1202 0.079496
1203 0.103245
1204 0.092659
1205 0.089787
1206 0.107189
1207 0.082518
1208 0.094101
1209 0.116426
1210 0.098398
1211 0.060656
1212 0.103343
1213 0.115754
1214 0.182758
1216 0.129338
1217 0.174929
1218 0.128627
1219 0.144407
1220 0.168065
1221 0.162857
1222 0.151859
1223 0.160941
1224 0.154722
1225 0.160626
1226 0.118372
1227 0.186369
1228 0.157091
1229 0.160941
1239 0.012948
1240 1.535874
1241 0.139482
1243 0.065284
1244 0.124246
1245 0.160941
1246 0.128753
1248 0.152282
1249 0.168369
1250 0.153063
1251 0.15815
1252 0.121263
1253 0.186193
1254 0.119281
1255 0.182738
1256 0.113409
1257 0.152
1258 0.154911
1260 0.1536
1261 0.139619
1262 0.133966
1263 0.14213
1264 0.073859
1265 0.124246
1266 0.141867
1267 0.125914
1268 0.074748
1269 0.139482
1270 0.131611
1271 0.153735
1272 0.079091
1274 0.135111
1275 0.125914
1276 0.058865
1277 0.118461
1279 0.072536
1280 0.139717
1281 0.120144
1283 0.119498
1284 0.115865
1285 0.062739
1286 0.123894
1287 0.10344
1292 0.020026
