273 1.016419
274 0.870891
275 0.772734
276 0.962416
277 0.956511
278 0.760895
279 1.1032
280 1.176317
281 1.351043
282 1.068753
283 1.101286
284 1.00564
285 0.969625
286 1.013365
287 1.031715
288 1.096352
289 1.196441
290 1.244449
292 0.924027
293 0.382657
294 0.347098
295 0.325069
296 0.55655
297 0.297225
298 0.515012
299 0.40084
300 0.546653
301 0.399818
302 0.607397
303 0.433426
304 0.216713
305 0.257506
306 0.399065
307 0.456861
308 0.730726
310 0.779016
311 0.799691
312 0.793892
313 0.7296
314 0.468346
315 0.740329
316 0.594875
317 0.815435
318 0.725244
319 0.693038
320 0.773515
321 0.942701
322 0.686314
323 0.489355
324 0.67181
325 0.55322
326 0.736824
327 0.382891
328 0.650139
329 0.522315
330 0.736095
331 0.573101
332 0.447342
333 0.623185
334 0.497647
335 0.67181
337 0.170428
338 0.387018
339 0.769812
340 0.92103
341 0.509851
342 0.518855
343 0.385733
344 0.123894
345 0.244381
346 0.290749
347 0.557586
348 0.505693
349 0.286921
350 0.191254
351 0.27866
352 0.647768
353 0.603454
354 0.318864
355 0.736824
356 0.577702
357 0.610891
358 0.646527
359 0.707007
361 0.504282
362 0.568675
363 0.704317
364 0.556703
365 0.61417
366 0.809047
367 0.496689
368 0.488761
369 0.191427
370 0.654494
371 0.494582
372 0.595592
373 0.312039
374 0.482351
375 0.312998
376 0.42501
377 0.400815
378 0.504777
379 0.250715
380 0.498902
381 0.787181
382 0.525967
383 0.771077
384 0.879812
385 0.729069
386 0.995893
387 0.800188
388 0.834685
389 0.815631
390 1.095485
391 0.863691
393 0.998421
394 1.320641
395 1.149574
396 0.871473
397 1.509331
398 0.505168
399 1.067528
400 1.115859
401 0.484988
402 0.643765
403 0.609543
404 0.800045
405 0.764538
406 0.58038
407 0.612747
408 0.647477
409 0.561006
410 0.420026
411 0.546494
412 0.736824
413 0.835802
414 0.931865
415 0.576206
416 0.568793
417 0.650139
418 0.505086
419 0.965328
420 0.845389
421 0.467596
422 0.390083
423 0.246776
424 0.671018
426 0.890923
427 0.693481
428 0.34656
429 0.379818
430 0.482824
431 0.456442
432 0.129338
434 0.047509
435 0.067259
436 0.335573
437 0.245537
438 0.557586
439 0.565312
440 0.402657
441 0.238384
442 0.44659
443 0.557929
444 0.400919
445 0.581893
446 1.046125
447 1.263667
448 1.31478
449 1.049822
450 0.784016
451 0.739414
452 0.988659
454 0.70517
455 0.596551
456 0.716463
457 0.707731
458 0.677531
459 0.841846
460 0.602566
461 1.0944
462 0.927051
463 0.858353
464 0.648792
465 0.762536
466 0.714445
467 0.720814
468 0.793786
469 1.057681
470 1.146398
471 1.226746
472 1.065024
473 0.794756
474 0.671976
475 0.696759
476 0.96521
477 1.584483
478 1.465887
479 1.282574
480 1.469246
481 1.29402
482 1.448554
483 1.24937
484 1.434965
485 1.293003
486 1.505325
487 1.437637
488 1.165951
489 1.112903
491 1.086704
492 1.321679
493 1.125538
494 1.546573
495 1.467504
496 1.400792
497 1.740172
498 1.614242
499 1.980802
500 1.41572
501 1.963556
502 1.22284
503 1.824807
504 1.449735
505 1.83825
506 1.247842
507 1.545838
508 1.460139
509 2.032807
510 1.399072
511 1.581489
512 2.078442
513 1.55755
515 1.584744
516 1.829962
517 1.334479
518 1.826054
519 1.680198
520 1.076393
521 1.292148
522 0.665927
523 1.150566
524 0.903366
525 1.140306
526 0.877988
527 0.908412
528 1.0976
529 0.873988
530 0.516759
531 0.220686
532 0.428885
533 0.444702
534 0.48145
535 0.856864
536 0.657457
537 0.670869
538 0.975208
539 0.271351
540 1.008714
541 0.734766
542 0.719326
543 1.051482
544 0.759968
545 0.832483
546 0.772067
547 0.773305
548 0.929311
549 0.701003
550 0.985068
551 0.790668
552 0.695474
553 0.896511
555 0.433093
556 0.999743
557 0.68955
558 0.835171
559 0.552607
560 0.758495
561 0.502817
562 0.606796
563 0.500808
564 0.554724
565 0.693481
566 0.649646
567 0.893443
568 0.767651
569 0.488253
570 0.758636
571 0.892447
572 0.7316
573 0.915007
574 1.235263
575 0.741853
577 1.004359
578 0.975452
579 0.694168
580 0.686931
581 0.692063
582 0.740329
583 0.629917
584 0.721046
585 0.666917
586 0.66009
587 0.942701
588 0.47731
589 0.358526
590 0.202935
591 0.486565
592 0.347262
594 0.1824
595 0.361608
596 1.343722
597 0.310848
598 0.591474
599 0.970553
600 0.919139
601 1.184444
602 1.039303
603 0.762004
604 1.031667
605 0.940305
606 0.769565
607 1.00678
608 1.043667
609 0.989687
610 0.997172
611 0.393134
612 0.171671
614 0.087591
615 0.39473
617 0.38719
618 0.504282
619 0.389259
620 0.26082
621 0.499561
622 0.635125
623 0.768657
624 0.462625
625 0.728682
626 0.637395
627 0.370291
628 0.495623
629 0.520329
630 0.686042
631 0.52844
632 0.732868
633 0.688173
634 0.54818
635 0.646853
636 0.882402
638 0.461034
639 0.445914
640 0.560325
641 0.551953
642 0.647263
643 0.530306
644 0.751485
645 0.726408
646 0.605753
647 0.662109
648 0.808578
649 0.744817
650 0.632295
651 0.719263
652 0.784951
653 0.644451
654 0.769261
655 0.816317
656 0.805434
657 0.510227
658 0.655864
659 0.767952
661 0.641135
662 0.817219
663 0.733424
664 0.88932
665 1.01179
666 0.783215
667 0.995207
668 1.047864
669 0.952437
670 0.987357
671 0.942083
672 0.849887
673 0.914331
674 0.902483
675 0.903549
677 1.085064
678 1.120927
679 1.012757
680 0.880071
681 1.083984
682 1.149986
683 1.086295
684 1.258303
685 0.999469
686 0.934289
687 0.830923
688 0.659739
689 0.718936
690 0.92044
691 0.542471
692 0.665726
693 0.786861
694 0.698041
695 0.655625
696 0.216499
697 0.35017
698 0.661988
699 0.65885
701 0.576779
702 1.19664
703 0.470124
704 0.3026
705 1.118073
706 1.122022
707 1.055616
708 1.004091
709 1.278154
710 1.353292
711 1.496096
712 1.191358
713 1.53841
715 1.012322
716 1.269517
717 1.330861
718 1.556353
719 1.12752
720 1.647305
721 1.238891
722 1.54115
723 1.655116
724 1.261978
725 0.975784
726 1.43949
727 1.138717
728 1.061717
729 1.321552
730 0.48335
731 1.23168
732 1.189352
733 1.006553
734 1.263289
735 1.343325
736 0.945069
737 1.454657
738 1.512935
739 1.637336
740 1.178345
741 1.431516
742 1.334151
743 2.126042
744 1.458613
745 1.939277
746 1.383778
747 1.918034
748 1.864833
749 1.717225
751 1.495696
752 1.942455
753 1.145471
754 1.519671
755 1.205307
756 0.839623
757 1.166985
758 1.18622
759 0.960907
760 1.102836
761 1.294474
762 1.0635
763 0.801203
764 0.590227
765 0.726708
766 0.633473
767 0.814036
768 0.988257
769 1.249733
770 1.479533
771 1.540554
772 1.267986
774 1.384445
775 1.129164
776 1.149639
777 1.109882
778 1.159341
779 0.867149
780 1.106331
781 0.907421
782 0.992499
783 0.8355
784 0.921943
785 0.672063
786 0.548619
787 0.911096
788 1.051285
789 1.198505
790 0.927783
791 0.896511
792 0.979165
793 1.349034
794 0.945139
795 0.773808
796 0.787678
798 0.950331
799 0.973655
800 1.028607
801 1.093978
802 1.197709
803 0.897033
804 1.473782
805 1.427489
806 1.269915
807 1.500803
808 1.229976
809 1.432232
810 0.67066
811 1.137743
812 0.468493
813 0.222111
814 0.752048
815 1.027461
816 1.437842
817 1.19181
818 1.346067
819 0.77267
820 1.019294
821 0.833332
822 0.83928
823 1.300277
824 0.864436
825 1.068214
826 0.959881
827 1.246099
828 0.899333
829 1.184348
830 0.888967
831 0.415514
832 0.942701
833 0.606978
834 0.882287
835 0.650139
836 0.64814
837 0.456212
838 0.59596
840 0.546366
841 0.504282
842 0.558477
843 0.396194
844 0.557929
845 0.590118
846 0.525096
847 0.496515
848 0.693481
849 0.615856
850 0.671145
851 0.715152
852 0.456565
853 0.801838
854 0.765315
855 0.51403
856 0.66032
857 0.856016
858 0.692871
859 0.964372
860 0.876697
861 1.029403
862 1.071441
863 0.666252
864 0.761788
865 0.572416
866 0.658765
867 0.468701
868 0.460913
869 0.516127
870 0.567546
871 0.442143
872 0.682646
873 0.501593
874 0.639303
875 0.736824
876 0.483255
877 0.563453
878 0.472094
879 0.355012
880 0.487604
881 0.461365
882 0.318757
884 0.318757
885 0.287936
886 0.350974
887 0.24922
888 0.1824
889 0.119389
890 0.111467
891 0.459533
892 0.456885
893 0.098849
894 1.01855
895 0.70536
896 0.618857
897 0.594103
899 0.233755
900 0.400919
901 0.906582
902 1.038424
903 1.083671
904 0.549988
905 0.954918
906 0.928573
907 1.538661
908 0.777974
909 0.156237
910 1.102662
911 0.378065
912 0.769331
913 0.814709
914 0.772518
915 1.01855
916 0.714612
917 1.019294
918 0.865758
919 1.030649
920 0.899358
922 0.673185
923 0.899358
924 0.907445
925 0.901271
926 0.076875
927 1.909867
928 0.856864
929 0.911096
930 0.806525
931 0.874645
932 1.137039
933 0.91667
934 1.224428
935 1.148047
936 0.761608
937 1.247334
938 0.820564
940 0.988148
941 1.386962
942 1.063295
943 1.141701
944 1.366644
945 1.202756
946 1.244866
947 1.163623
948 1.320641
949 1.265436
950 1.300277
951 1.114967
952 1.240444
953 1.53732
954 1.321949
955 1.220092
956 1.453415
957 1.721163
958 0.915148
959 1.017543
960 1.605265
961 0.799436
962 0.743332
963 1.321949
964 0.92103
965 1.278606
966 1.343564
967 1.060507
968 1.193102
969 0.955344
971 0.235465
972 0.151699
973 0.081824
974 0.02432
975 0.294646
1017 0.00078
1019 0.029068
1020 0.008329
1021 0.019862
1025 0.002468
1026 0.098201
1028 0.091454
1029 0.094197
1030 0.115865
1031 0.072136
1033 0.028017
1034 0.075541
1035 0.118024
1036 0.109113
1037 0.12286
1038 0.150359
1039 0.085835
1040 0.137064
1041 0.136407
1044 0.025725
1045 0.141604
1051 0.030822
1052 0.749547
1054 0.121375
1055 0.117949
1056 0.172952
1057 0.165505
1058 0.178549
1059 0.120973
1061 0.165818
1062 0.154576
1063 0.186722
1064 0.157241
1065 0.155161
1066 0.154868
1067 0.15291
1068 0.155455
1069 0.157543
1070 0.014872
1071 0.096376
1072 0.182938
1073 0.12825
1074 0.161081
1075 0.174754
1076 0.150359
1077 0.15291
1078 0.15815
1079 0.147465
1081 0.157543
1082 0.136932
1083 0.150212
1084 0.144407
1085 0.114426
1086 0.179237
1087 0.153063
1088 0.150065
1089 0.153063
1090 0.155161
1091 0.126802
1102 0.021682
1103 1.373363
1104 0.109222
1105 0.136678
1106 0.115865
1107 0.120264
1109 0.020125
1110 0.073379
1111 0.098919
1112 0.096772
1114 0.099
1115 0.068278
1116 0.066213
1117 0.044975
1118 0.031509
1120 0.064376
1121 0.025314
1122 0.031478
1123 0.008978
1144 0.001598
1145 0.021046
1146 0.201777
1147 0.051525
1148 0.0537
1150 0.07296
1151 0.075032
1152 0.067141
1153 0.088116
1154 0.089787
1155 0.075708
1156 0.082831
1157 0.096565
1159 0.105029
1160 0.09489
1161 0.084185
1162 0.101521
1163 0.120144
1170 0.018414
1171 0.802596
1172 0.109639
1173 0.115977
1174 0.081308
1175 0.098152
1176 0.134219
1177 0.108896
1179 0.101987
1180 0.082363
1181 0.127598
1182 0.109051
1183 0.168694
1185 0.105434
1186 0.09922
1187 0.094345
1188 0.099854
1189 0.087786
1190 0.081067
1191 0.096
1192 0.094426
1193 0.093985
1194 0.148321
1196 0.123545
1197 0.124246
1198 0.174929
1199 0.147749
1200 0.133966
1201 0.157998
1202 0.154722
1203 0.111013
1204 0.150065
1205 0.139482
1206 0.1248
1207 0.15815
1208 0.114459
1209 0.17941
1210 0.120024
1212 0.169019
1216 0.013615
1217 0.366236
1220 0.212806
1221 0.075032
1222 0.141867
1223 0.16081
1224 0.150212
1225 0.118255
1226 0.068584
1227 0.141988
1228 0.107945
1230 0.09405
1231 0.103148
1232 0.094021
1233 0.098919
1234 0.144954
1235 0.105415
1245 0.014059
1246 1.207866
1247 0.157998
1248 0.129624
1249 0.15807
1250 0.195817
1251 0.158916
1252 0.128627
1253 0.175352
1254 0.153063
1255 0.12652
1256 0.164726
1257 0.150212
1258 0.154782
1260 0.158456
1261 0.111364
1262 0.178712
1263 0.133159
1285 0.008987
1286 2.653377
1288 0.084185
1289 0.163996
1290 0.118372
1291 0.131197
1292 0.118024
1293 0.113249
1294 0.022963
1295 0.063199
1296 0.101427
1297 0.083942
1298 0.0912
1299 0.084347
1300 0.098675
1301 0.075032
1302 0.060856
1304 0.058576
1317 0.012637
1319 0.019526
1320 0.338669
1321 0.109773
1322 0.080867
1323 0.083862
1325 0.100262
1326 0.061981
1327 0.085835
1328 0.082441
1334 0.028772
1335 0.406667
1337 0.104311
1338 0.082752
1339 0.115532
1340 0.099672
1341 0.098299
1342 0.096565
1343 0.096565
1344 0.103051
1345 0.074788
1346 0.101521
1348 0.059617
1349 0.096659
1350 0.09489
1351 0.101333
1352 0.103148
1353 0.111364
1354 0.1346
1355 0.091285
1356 0.068278
1357 0.070933
1358 0.08592
1359 0.09647
1360 0.094799
1361 0.09931
1362 0.089217
1364 0.10022
1365 0.096565
1366 0.092746
1367 0.098398
1368 0.101333
1369 0.097977
1370 0.101333
1371 0.098398
1372 0.080693
1373 0.075402
1374 0.052615
1375 0.065468
1377 0.052208
1378 0.084777
1379 0.091048
1392 0.010214
1393 1.307266
1394 0.130675
1395 0.129133
1396 0.126915
1398 0.155161
1399 0.10865
1400 0.116538
1401 0.131733
1402 0.163996
1403 0.109113
1404 0.006462
1405 0.047958
1407 0.089412
1408 0.109839
1409 0.117908
1410 0.099672
1411 0.051757
1412 0.125176
1413 0.128879
1414 0.119607
1415 0.047777
1416 0.113463
1417 0.09647
1419 0.096282
1420 0.102542
1421 0.078752
1425 0.030553
1426 0.072899
1427 0.059944
1429 0.026057
1429 0.0
