103 1.727425
105 1.251649
106 1.954286
107 1.765465
108 2.162717
109 1.754661
110 1.211194
111 1.406475
112 2.252212
113 1.74338
114 1.935153
115 1.292661
116 0.815638
117 1.070845
118 1.351779
119 1.270286
120 0.976806
121 1.282415
122 1.298259
123 1.084841
124 1.380226
125 1.377897
126 1.202637
127 1.119396
128 1.313012
129 2.055417
130 1.449946
131 1.394824
132 1.496854
133 1.313714
134 1.215714
135 1.30723
136 1.630189
137 1.430555
138 1.630189
139 0.879574
140 1.217208
141 1.362635
142 1.283708
143 1.600506
144 1.210852
145 1.546435
146 1.274794
147 1.682868
148 1.529296
149 1.695396
150 1.307018
151 1.509143
152 1.701124
153 1.856571
154 1.677323
155 1.853068
156 1.578794
157 1.934491
158 1.447704
159 1.708648
160 1.318222
161 2.033075
162 1.439078
163 1.620141
164 1.316507
165 1.329849
166 1.228075
167 0.835453
168 1.460632
169 1.356361
170 1.541714
171 1.702324
172 2.088216
174 1.504286
175 1.696158
176 1.460814
177 1.849233
178 1.207177
179 1.437741
180 1.597585
181 1.344126
182 1.619321
183 1.313443
184 1.845459
185 0.825556
186 0.760755
187 1.026338
188 0.933714
189 0.664158
190 0.428562
191 0.919209
192 0.474843
193 0.499925
194 0.254222
195 1.264016
196 1.771472
197 1.583368
198 1.673357
199 2.125578
200 1.848102
201 1.836679
202 1.719937
203 2.245818
204 2.217057
205 1.529296
206 2.290857
207 2.051757
208 2.055848
209 1.883537
210 1.46957
211 2.271396
212 1.768629
214 1.793503
215 1.476571
216 1.058748
217 0.950022
218 1.534105
219 1.227824
220 1.382855
221 1.36255
222 1.052012
223 1.253212
224 1.374712
225 0.955716
226 0.999849
227 0.929311
228 0.710506
229 0.323613
230 1.555765
231 1.20487
232 1.596
233 1.33015
234 1.307365
235 1.654577
236 1.371173
237 1.498286
238 1.356269
239 1.380226
240 1.319008
241 1.506549
242 1.504665
243 1.177079
244 1.284967
245 0.733194
246 0.428174
247 0.279238
248 0.459189
249 0.988981
252 0.045942
253 1.374125
254 0.767052
255 0.869434
257 0.07296
258 0.953537
259 1.480299
260 1.189328
261 1.079658
262 1.071441
263 1.482112
264 1.177079
265 1.319336
266 1.155365
267 0.648854
269 0.28716
270 0.197846
271 0.575429
272 0.896695
273 0.479858
274 0.594783
275 0.449038
276 0.692111
277 1.191704
278 0.928286
279 0.864284
280 0.934642
281 0.428756
282 0.481612
283 0.543396
284 0.907445
285 1.47118
286 1.878286
287 1.604996
288 1.618554
289 0.796522
290 0.604048
291 1.060843
292 1.13887
293 0.923396
294 0.997835
295 1.051482
296 1.112766
297 1.046794
298 1.417672
299 1.226498
300 1.606857
301 1.36024
302 1.622134
303 1.478038
304 1.345455
305 1.629027
306 1.535365
307 1.881676
308 1.645569
309 1.731882
310 1.957375
311 1.449946
312 1.848938
313 1.806794
314 2.077283
315 1.785079
317 1.758236
318 2.031068
319 1.207333
320 1.889143
321 1.181944
322 1.399433
323 1.543245
324 1.280569
325 1.661826
326 1.504286
327 1.957375
328 0.909471
329 1.544908
330 1.153633
331 1.388337
332 1.61132
333 1.091305
334 1.674551
335 1.547758
336 1.759624
337 1.662352
338 1.604976
339 0.822056
340 1.324571
341 1.536956
342 0.83389
343 0.450635
344 0.493553
345 1.169838
346 0.74059
347 0.185842
348 0.364443
349 0.816236
350 0.912
352 0.496384
353 0.163449
354 1.403356
355 1.606884
356 1.945125
357 1.835793
358 1.847688
359 1.639058
360 2.017427
361 1.612973
362 1.700462
363 1.513651
364 1.724575
365 1.552382
366 1.824
367 1.517302
368 1.996036
369 1.67005
370 1.866382
371 2.011684
372 1.591229
373 2.341254
374 2.069418
375 1.969651
376 2.1888
377 1.982475
378 2.114621
379 1.858415
380 1.646055
381 2.389945
382 2.245818
383 2.130968
384 2.020265
385 1.765116
386 1.78602
388 2.032302
389 1.910193
390 2.238792
391 2.078222
392 2.089572
393 2.022261
394 1.752508
395 1.945358
396 1.430555
397 1.662792
398 1.473761
399 1.445434
400 1.248126
401 0.97542
402 0.805496
404 0.065275
405 1.81251
406 1.40585
407 1.27353
408 2.173585
409 1.74685
410 1.869283
411 1.452162
412 1.717132
413 1.414905
414 1.492852
415 0.988585
416 0.521143
417 1.322901
418 1.047833
419 1.242409
420 1.315019
421 0.706717
422 0.596752
423 0.922605
424 1.421299
425 0.854316
426 0.420538
427 0.450635
428 0.902038
429 0.734055
430 0.836894
431 0.897581
432 0.983976
433 0.950022
434 1.12468
435 1.008714
436 0.71894
437 0.727429
438 0.800253
439 0.857714
440 0.752058
441 0.783247
442 0.825143
443 0.692111
444 0.478601
445 0.718916
446 0.38
447 0.896695
448 0.847698
449 0.840548
450 1.212392
452 0.7584
453 1.161714
454 0.891257
455 0.912
456 0.756996
457 0.536471
458 0.551193
459 0.967245
460 1.12357
461 0.917354
462 1.226857
463 1.297708
464 1.07598
465 1.249811
466 1.244612
467 0.934522
468 1.224503
469 1.278053
470 0.988515
471 1.162868
472 1.091159
473 0.971758
474 1.058062
475 1.054189
476 1.163445
477 1.217208
478 1.066667
479 1.166784
480 1.20634
481 1.106448
482 1.445434
483 1.564426
484 1.344929
485 1.650286
486 1.48604
487 1.912229
488 1.689041
489 1.797562
490 2.130113
491 1.912096
492 2.252212
493 1.546341
494 1.811205
495 1.534457
496 1.593471
497 1.482454
498 1.614094
499 1.9
500 1.495376
501 1.977962
502 1.731964
503 2.081976
504 1.819456
505 1.951138
506 1.744064
507 1.561727
508 1.742813
509 1.470222
510 1.64596
511 1.709071
512 1.661826
513 1.40944
514 1.784348
515 1.414462
516 1.715429
517 1.68984
518 1.825811
519 1.540111
521 1.292
522 1.482386
523 1.566494
524 1.070609
525 0.754774
526 0.788565
527 0.659017
528 0.586868
529 0.346055
530 0.136152
532 0.323749
533 0.854324
534 0.907445
535 0.966286
536 0.231731
537 0.233135
538 0.865138
539 1.311968
540 1.123909
541 1.135494
542 1.279169
543 1.122794
544 1.342291
545 1.180771
546 0.895682
547 1.157123
548 1.169838
549 0.993494
550 1.459921
551 1.231365
552 1.222008
553 0.7484
554 1.081423
555 1.102173
556 1.296426
557 1.189116
558 1.351649
559 1.233882
560 0.949079
561 0.835171
562 0.418858
563 0.233302
564 0.206286
565 0.096565
566 0.151399
568 0.043019
569 0.774527
570 0.96211
571 1.068239
572 1.112949
573 0.698029
574 0.640571
575 0.82107
576 0.858566
577 0.802653
578 1.043321
579 1.145177
580 0.928286
581 1.21357
582 1.298991
583 0.829814
584 1.091127
585 1.30337
586 0.970102
587 1.146308
588 1.346286
589 1.246894
590 1.574286
591 1.417343
592 1.482454
593 1.209651
594 1.298259
595 0.997835
596 1.086913
597 1.347623
598 1.274819
599 0.615299
600 0.212505
601 0.554127
605 0.034054
606 2.034559
607 0.483297
608 0.371163
609 0.168369
610 0.092345
611 0.061826
644 0.000332
645 0.042876
647 0.046936
648 0.040684
649 0.05109
650 0.083048
652 0.032094
653 0.072718
654 0.075402
655 0.082596
656 0.0576
657 0.072545
658 0.060576
659 0.039156
660 0.080992
661 0.11157
667 0.017167
668 0.308571
669 0.21717
670 0.118151
671 0.104056
672 0.10784
673 0.126871
675 0.068625
676 0.103692
677 0.072865
678 0.124726
679 0.148016
680 0.158588
681 0.148016
682 0.111945
687 0.020332
688 0.289892
689 0.227249
690 0.435508
692 0.131972
693 0.166548
694 0.148598
695 0.117217
696 0.067229
697 0.114502
698 0.107303
699 0.105725
700 0.105725
701 0.101832
702 0.098394
703 0.150375
704 0.153182
705 0.150225
709 0.005211
710 0.569721
711 0.102025
712 0.109939
714 0.101353
715 0.104093
716 0.103295
717 0.104093
718 0.103692
719 0.114723
722 0.020271
723 0.237614
724 0.237403
726 0.086272
727 0.091467
728 0.127332
729 0.126995
730 0.1348
731 0.110041
732 0.139633
733 0.106142
734 0.111384
735 0.114171
736 0.093207
745 0.006814
747 0.114845
748 0.274835
749 0.049972
751 0.016339
753 0.009894
755 0.005991
759 0.002555
767 0.002628
768 0.071215
769 0.079881
770 0.091909
771 0.096573
772 0.06317
773 0.10521
778 0.00428
779 0.095153
782 0.235284
783 0.10741
784 0.103692
785 0.137251
786 0.114062
787 0.119822
788 0.140312
789 0.134201
790 0.127912
791 0.117751
796 0.026383
797 0.089236
798 0.244829
800 0.358471
801 0.065358
802 0.121624
803 0.124911
804 0.116871
805 0.113625
806 0.121968
809 0.03053
810 0.116298
811 0.239108
813 0.045541
814 0.122545
815 0.103295
816 0.115957
817 0.107352
818 0.127563
819 0.146224
820 0.061875
823 0.058026
824 0.078271
825 0.04135
826 0.118289
830 0.029518
831 0.249822
832 0.504326
833 0.165012
834 0.182436
835 0.141895
836 0.162165
838 0.023443
839 0.255456
840 0.105725
841 0.121968
843 0.077097
844 0.093287
845 0.129279
846 0.093413
847 0.116342
848 0.130411
849 0.144061
855 0.02952
856 0.528469
858 0.029411
860 0.012117
861 0.120855
862 0.126777
863 0.143105
864 0.169161
866 0.129704
867 0.149317
868 0.236303
870 0.040121
871 0.165272
872 0.193298
873 0.191175
874 0.260483
876 0.164707
877 0.232596
881 0.018144
882 0.616829
883 0.16642
886 0.069711
887 0.483654
888 0.209689
889 0.059639
890 0.128892
892 0.154609
893 0.247784
894 0.176932
895 0.193298
896 0.188531
899 0.056387
900 0.280625
901 0.450967
902 0.074601
904 0.111594
905 0.104056
906 0.145169
907 0.100223
909 0.004141
911 0.278069
912 0.123835
914 0.113516
915 0.193146
916 0.135451
917 0.134284
918 0.148016
919 0.169161
920 0.163394
923 0.035431
924 0.260978
925 0.376423
926 0.137578
927 0.109837
928 0.103593
930 0.087038
931 0.077029
932 0.124911
933 0.081083
934 0.049197
935 0.099852
939 0.018212
940 0.10784
942 0.041074
944 0.088153
945 0.109939
946 0.109525
947 0.132257
948 0.141895
949 0.122083
950 0.096286
951 0.11544
952 0.155688
954 0.132257
957 0.026812
959 0.201368
960 0.506342
961 0.142565
962 0.158588
963 0.156139
965 0.048402
966 0.115289
967 0.229502
968 0.132359
969 0.139148
971 0.122198
972 0.124911
973 0.129807
974 0.158588
975 0.139633
976 0.152604
977 0.148016
978 0.120855
981 0.00612
983 0.255825
984 0.373898
985 0.099852
986 0.105725
987 0.099852
988 0.096669
989 0.146864
990 0.149038
993 0.00645
995 0.272467
996 0.114502
997 0.123835
998 0.111271
999 0.163394
1000 0.137443
1001 0.142834
1005 0.044126
1006 0.456672
1007 0.159369
1008 0.124311
1010 0.141546
1011 0.160075
1012 0.127447
1013 0.094596
1014 0.106421
1016 0.085587
1017 0.103295
1018 0.093323
1019 0.108234
1020 0.1685
1022 0.051128
