208 1.542095
239 0.004288
244 0.026367
245 1.236746
246 0.774796
247 1.177243
248 1.065057
249 0.999399
250 1.026338
251 0.988981
252 0.783115
253 0.984095
254 0.799273
255 1.099152
256 1.224503
257 1.222008
258 1.014222
259 1.331466
260 1.485954
261 0.648295
262 0.510507
270 0.045135
276 0.271406
277 1.748
278 2.02475
279 2.390943
280 1.463721
281 1.760604
282 0.624312
283 0.239809
284 0.402977
286 0.247
287 0.662286
288 0.651429
289 0.367684
290 0.300424
291 0.188892
292 0.476297
293 0.491988
294 0.494037
295 0.343341
296 0.491988
297 0.724622
298 1.031429
299 1.933836
300 1.185853
301 0.846857
302 0.382657
303 0.371646
304 0.56234
305 0.427937
306 0.953982
307 1.006718
308 0.814286
309 0.890377
310 0.869434
311 0.707448
312 0.714445
313 1.108779
314 1.170654
315 1.119336
316 1.335429
317 1.328837
318 1.069569
319 1.081423
320 1.421299
321 1.346785
322 1.453415
323 1.336212
324 1.454098
325 1.16738
326 1.486897
327 1.602089
328 1.314709
329 1.507647
330 1.162785
331 1.693714
333 0.858386
334 1.482454
335 1.672759
336 1.363003
337 1.771157
338 1.422132
339 1.760224
340 1.66915
341 1.712866
342 1.301035
343 1.232822
367 0.005498
389 0.005939
417 0.016188
418 1.112766
419 1.530857
420 0.783115
421 0.695547
422 1.311968
423 1.529296
424 1.505755
425 1.290773
426 1.912229
427 1.645569
428 1.869015
429 1.387495
430 1.883893
431 1.383365
432 1.606857
433 1.113866
434 0.648856
435 0.896511
436 1.108528
437 1.010213
438 0.983976
439 0.788565
440 0.551526
441 0.448256
442 0.928286
443 1.491388
444 1.056974
445 1.081423
446 1.053143
447 1.000743
448 1.4592
449 1.434566
450 1.339937
451 1.620533
452 1.232588
453 0.534897
454 1.498286
455 0.981651
456 1.232674
457 1.093318
458 0.796289
459 1.136617
460 0.38
461 0.742513
481 0.006697
499 0.03276
500 0.805827
501 1.729052
502 1.810466
503 1.875688
504 1.613259
505 1.523576
506 1.274794
507 1.543522
508 1.377897
509 1.67366
510 1.623005
511 2.065518
512 1.368371
513 1.957208
514 2.073714
515 1.474611
516 1.945358
517 1.653154
518 1.776765
520 1.667305
521 2.022617
522 1.669881
523 1.30885
524 0.641895
525 0.915353
526 1.12468
527 0.883975
528 1.12468
529 1.172571
530 0.911985
531 0.848455
532 0.708141
533 0.723838
534 0.854942
535 0.994909
536 0.431861
537 0.553714
538 0.503527
539 0.662286
542 0.070202
543 0.841846
544 1.33015
545 0.85914
546 0.606817
547 0.496963
548 1.445434
549 1.108779
550 1.119396
551 1.057339
552 0.927365
553 1.135494
554 1.150857
555 1.249067
556 1.200379
557 1.020571
558 0.824519
559 0.897581
560 1.065057
561 0.949079
562 1.254451
563 1.420876
564 0.863655
565 0.965647
566 1.027352
567 1.045208
568 1.346286
569 1.134373
570 0.982626
571 0.897581
572 0.836074
595 0.00587
679 0.012034
681 0.091909
682 0.118034
683 0.095013
684 0.118269
685 0.046887
686 0.080478
696 0.01419
697 0.449864
698 0.147739
699 0.141296
702 0.016359
703 0.18278
705 0.409048
706 0.113625
707 0.116729
708 0.145169
709 0.084997
710 0.114062
713 0.019824
715 0.198164
716 0.095153
717 0.097233
718 0.105725
719 0.086186
720 0.096766
721 0.091822
722 0.098036
723 0.103792
724 0.097947
725 0.095153
731 0.018085
732 0.549185
733 0.102121
734 0.099852
735 0.072307
736 0.126871
738 0.102121
739 0.105725
740 0.09139
741 0.109837
742 0.079881
748 0.003668
749 0.192044
765 0.019508
766 0.051312
767 0.050724
768 0.040359
769 0.038377
770 0.031811
772 0.049811
773 0.034235
774 0.041278
775 0.02801
776 0.031501
778 0.059911
779 0.062215
780 0.04229
781 0.031625
782 0.021546
783 0.022467
785 0.027534
786 0.007282
788 0.014296
800 0.001915
801 0.081973
802 0.106142
803 0.088892
804 0.101855
805 0.126539
809 0.005502
810 0.275859
813 0.089014
814 0.133389
815 0.128892
816 0.126746
817 0.142565
818 0.14243
822 0.028552
823 0.327296
824 0.109837
825 0.139793
826 0.126252
827 0.109955
829 0.16176
830 0.117217
831 0.128381
832 0.162616
833 0.148016
837 0.018593
838 0.344056
839 0.444483
840 0.176277
841 0.158588
842 0.156139
843 0.158433
845 0.013455
878 0.010393
879 0.163248
880 0.232596
881 0.21164
882 0.217754
883 0.218595
884 0.182054
888 0.040185
890 0.46878
891 0.135012
892 0.20408
893 0.215465
895 0.071709
896 0.101258
897 0.253129
898 0.10235
899 0.219471
900 0.167423
901 0.190306
902 0.197958
904 0.183599
905 0.169161
910 0.016527
911 0.813289
912 0.120855
913 0.172028
914 0.21627
916 0.094111
917 0.198272
919 0.105467
920 0.168037
921 0.217545
922 0.169327
923 0.175602
924 0.169161
925 0.133844
926 0.185045
931 0.014094
932 0.779914
934 0.093503
935 0.114502
936 0.081973
937 0.157431
938 0.137443
941 0.055049
954 0.009388
955 0.104056
956 0.149639
957 0.139922
958 0.117217
959 0.114502
961 0.099483
962 0.122975
963 0.124911
964 0.150375
965 0.114502
966 0.149225
971 0.007709
972 0.692515
973 0.207572
974 0.108234
975 0.122083
977 0.114062
978 0.096286
981 0.01844
982 0.283953
983 0.126474
984 0.159369
985 0.111384
986 0.104093
987 0.13493
988 0.107303
989 0.132883
990 0.129328
991 0.115957
992 0.124431
998 0.022373
999 0.068417
1000 0.20397
1001 0.050868
1002 0.440382
1004 0.091531
1005 0.099852
1006 0.057145
1007 0.064238
1009 0.074889
1010 0.154057
1011 0.125171
1012 0.143787
1013 0.045159
1014 0.106351
1015 0.140052
1017 0.141646
1018 0.100223
1019 0.134201
1020 0.145076
1021 0.138637
1022 0.122662
1023 0.124675
1029 0.007682
1030 0.244884
1031 0.363511
1032 0.052863
1033 0.073112
1035 0.077029
1036 0.13432
1037 0.120855
1038 0.158588
1039 0.105725
1040 0.132008
1041 0.093955
1042 0.105829
1064 0.003283
1066 0.04734
1067 0.068625
1068 0.071953
1069 0.111352
1070 0.127514
1071 0.120268
1073 0.121968
1074 0.13812
1075 0.08458
1076 0.073719
1077 0.055303
1078 0.057008
