63 1.600764
64 1.359439
65 2.325059
66 1.609768
67 1.901887
68 1.376605
69 1.521509
70 0.939647
71 0.804706
72 0.611576
73 0.508269
74 0.378498
76 0.585704
77 0.732515
78 0.120024
79 2.062857
80 2.2151
81 1.765116
82 2.225714
83 1.813992
84 2.119548
85 2.227925
86 1.763365
87 1.44831
88 0.565132
89 0.228
90 0.151399
91 0.042918
92 0.168535
93 0.071581
94 1.412477
95 0.55305
96 0.590697
97 0.750672
98 0.628109
99 0.814286
100 1.046438
101 0.672315
102 0.429176
103 0.708526
104 0.819735
105 0.919209
106 0.948139
108 1.749736
109 1.170869
110 1.760224
111 1.22172
112 0.475826
113 0.772518
114 0.546653
115 0.141998
116 1.420163
117 1.180235
118 1.130264
119 1.152511
120 1.470735
121 1.394016
122 1.667761
123 1.558626
124 1.836755
125 1.85206
126 2.027474
127 1.307341
128 2.247139
129 1.701394
130 1.912096
131 2.103777
132 1.642307
133 2.136478
134 1.540271
135 1.737143
136 1.242222
137 1.773534
138 1.633566
139 1.688688
140 1.513303
141 1.435746
142 1.698222
143 1.377566
144 1.187937
145 1.600251
146 1.567968
147 1.532377
148 1.329849
149 1.231365
150 1.513992
151 1.099933
152 1.618094
153 1.142763
154 1.622134
155 1.607161
156 1.74338
157 1.730794
158 1.568096
159 1.699909
160 1.25818
161 1.234042
162 1.144508
164 1.03825
165 0.497455
166 0.340669
167 0.422172
168 0.280418
169 0.25618
170 0.295193
171 0.822428
172 0.788523
173 0.873364
174 0.498008
175 0.588036
176 0.183933
177 0.874645
178 1.399526
179 1.999698
180 1.506573
181 1.693714
182 1.539948
183 1.869283
184 1.604996
185 2.000751
186 1.270525
187 1.771472
189 1.447072
190 1.983873
191 1.765116
192 1.891996
193 2.304
194 2.064701
195 1.983941
196 2.488755
197 2.003143
198 1.80361
199 1.989818
200 1.428211
201 1.058748
202 1.695396
203 1.300912
204 1.509143
205 1.307365
206 1.395251
207 1.223481
208 1.318948
209 1.433143
210 1.239976
211 1.600506
212 1.504286
213 1.957019
214 1.453605
215 1.729131
216 0.927365
217 1.566515
218 1.497311
219 1.672759
220 1.437101
221 1.280566
222 1.141795
223 0.710026
224 0.598925
225 1.2768
227 1.217874
228 1.891421
229 1.844732
230 1.977962
231 1.776269
232 1.934491
233 1.592608
234 1.546435
235 1.095657
236 0.5845
237 0.342
238 1.202637
239 1.047833
240 1.068239
241 0.825143
242 0.556016
243 1.020571
244 0.826165
245 1.20893
246 0.952378
247 1.132513
248 1.065057
249 0.734121
250 1.058393
251 1.027708
252 0.9237
253 1.150857
254 1.047375
255 0.992508
257 1.173736
258 1.243636
259 1.107542
260 1.223153
261 1.247334
262 0.935438
263 1.290102
264 1.021585
265 0.311636
266 0.348731
267 0.293143
268 0.598925
270 0.055188
271 2.239363
272 1.09766
273 0.954918
274 0.911984
275 1.073994
276 1.080355
277 0.835052
278 1.015534
279 1.072941
280 1.136349
281 0.700237
282 0.956377
283 1.005842
284 0.862222
285 1.068239
286 1.065057
287 0.911984
288 1.113866
289 1.075925
290 0.99449
291 1.134373
292 1.114967
293 0.928921
294 1.060843
295 1.053143
296 0.981036
297 0.851365
298 0.987021
299 1.070609
300 0.967913
301 1.071441
303 1.105129
304 0.982626
305 1.190965
306 1.158776
307 0.826372
308 1.183429
309 0.929106
310 0.993494
311 1.058748
312 1.14292
313 1.007363
314 1.009714
315 1.031429
316 0.932343
317 1.099845
318 1.152
319 0.965069
320 1.133641
321 1.060507
322 0.811869
323 0.345302
324 0.564571
325 0.348813
326 0.679007
327 0.973281
328 0.599273
329 0.977143
330 1.016775
331 0.963418
332 0.645079
333 0.901271
334 0.965647
335 0.901181
336 1.141132
337 1.231605
338 1.047833
339 1.177587
340 1.150878
342 0.945328
343 0.955726
344 1.21357
345 0.873984
346 1.032453
347 1.084638
348 0.99647
349 1.190965
350 1.152
351 0.976806
352 0.999849
353 1.137039
354 0.913788
355 0.901143
356 0.842677
360 0.034721
361 1.401163
362 0.940838
363 0.803429
364 0.404523
365 0.571953
366 1.135984
367 0.814286
368 0.849385
369 1.232588
370 1.200379
371 0.929311
372 0.814302
373 1.296426
374 1.217208
375 0.912885
376 0.940244
377 1.141132
378 0.908672
379 1.276079
380 1.411429
381 0.880443
382 1.021585
383 1.103051
384 0.922917
385 1.238943
386 1.237714
387 0.995471
388 1.054189
389 1.026338
390 0.763036
391 0.444221
392 0.26083
393 0.162133
394 0.119429
395 0.425116
396 0.781714
397 0.737437
398 0.40582
399 1.488906
400 1.772156
401 1.940271
402 1.801298
403 2.051329
404 1.828508
405 1.828161
406 2.095429
407 1.75383
408 2.201688
409 1.885027
410 1.741627
411 1.999698
412 1.702316
413 2.110082
414 1.828508
416 2.087146
417 1.155365
418 1.155442
419 0.900239
420 1.053143
421 0.940838
422 0.098108
423 2.121571
424 1.281143
425 0.970102
426 1.050018
427 1.162868
428 1.104366
429 0.657893
431 0.058016
432 0.511809
433 0.450635
434 0.380377
435 0.311153
436 0.189415
437 0.132083
438 0.053595
477 0.001122
479 0.047172
480 0.098104
481 0.075106
483 0.023842
484 0.063435
485 0.105725
486 0.102121
487 0.079881
488 0.097681
489 0.116827
490 0.089867
492 0.109837
493 0.079881
494 0.080418
495 0.078787
501 0.001722
503 0.151461
505 0.364584
506 0.102616
507 0.101911
508 0.115844
509 0.140312
510 0.094596
514 0.022671
515 0.31258
517 0.193367
518 0.170093
519 0.098036
520 0.211451
521 0.099775
522 0.144752
523 0.118073
524 0.118034
525 0.122662
527 0.111489
528 0.121968
529 0.111453
530 0.121291
531 0.122545
535 0.008327
536 0.145871
537 0.116298
538 0.495816
539 0.112333
540 0.111909
541 0.141895
543 0.095013
544 0.208189
545 0.158588
546 0.116527
547 0.095974
548 0.117217
549 0.139793
550 0.094781
552 0.111339
553 0.114723
559 0.011304
560 0.541242
561 0.101353
562 0.056758
563 0.125813
564 0.09139
566 0.113516
567 0.072647
568 0.060633
608 0.000536
609 0.467572
611 0.113915
612 0.154303
613 0.0064
614 0.074008
615 0.139793
616 0.15203
617 0.126871
618 0.162624
619 0.165908
620 0.160506
621 0.181753
625 0.032223
626 0.309254
627 0.486815
628 0.187367
629 0.161116
631 0.14503
634 0.059373
635 0.25721
637 0.089784
638 0.152901
639 0.191886
640 0.226238
641 0.163549
642 0.15203
646 0.023285
647 0.677206
648 0.144891
649 0.165908
650 0.161116
651 0.171318
654 0.076664
655 0.434325
657 0.033548
658 0.118034
659 0.13029
660 0.115646
661 0.148016
662 0.126986
663 0.119711
664 0.093774
665 0.109297
666 0.127912
667 0.097947
669 0.060091
676 0.002779
678 0.470719
679 0.066218
680 0.049018
681 0.033284
682 0.052863
684 0.047298
685 0.051648
686 0.061273
687 0.060755
688 0.093955
689 0.165114
692 0.003746
694 0.259191
695 0.105725
696 0.115844
697 0.132257
698 0.19403
699 0.154943
700 0.15629
701 0.141399
705 0.069551
706 0.120777
707 0.497446
708 0.159369
709 0.116298
710 0.0962
711 0.115844
712 0.093774
713 0.107449
714 0.145169
715 0.14503
716 0.130411
718 0.067178
719 0.103295
721 0.110143
722 0.126995
723 0.169122
724 0.095528
725 0.119711
726 0.074259
727 0.095905
728 0.103692
729 0.122083
730 0.095153
731 0.114793
732 0.124284
734 0.088321
738 0.025979
739 0.148339
740 0.688382
741 0.150763
742 0.19127
744 0.156039
745 0.05863
746 0.17991
747 0.182943
748 0.150269
750 0.167816
751 0.213645
752 0.193918
755 0.042974
756 0.288562
757 0.497397
758 0.144613
759 0.169827
760 0.120855
764 0.045917
765 0.116378
768 0.115997
769 0.086349
770 0.166709
771 0.150375
772 0.11832
773 0.155585
774 0.159369
775 0.150693
776 0.114613
781 0.026985
782 0.579141
783 0.132367
784 0.139261
785 0.161116
786 0.133262
787 0.128892
791 0.056912
792 0.243407
793 0.106973
794 0.062907
795 0.093287
796 0.081083
797 0.083958
799 0.066109
800 0.095153
801 0.074694
802 0.041907
803 0.073647
804 0.036218
815 0.016136
816 0.313811
817 0.088233
818 0.078271
819 0.106072
820 0.093593
821 0.080947
822 0.092966
824 0.115731
825 0.06213
826 0.029146
827 0.052863
828 0.078271
830 0.079808
831 0.11087
832 0.088233
833 0.130602
835 0.065308
836 0.051393
837 0.092966
838 0.116298
845 0.013454
846 0.101736
847 0.132758
848 0.126871
849 0.151887
850 0.15629
851 0.149639
852 0.158744
853 0.141895
858 0.032964
859 0.269402
860 0.412734
861 0.14854
862 0.117217
863 0.114613
864 0.150375
868 0.040043
870 0.22341
871 0.13259
872 0.147055
874 0.160357
875 0.121363
876 0.13532
877 0.1685
878 0.130452
