545 1.457717
546 2.334286
547 0.946414
548 1.164579
549 1.121982
550 0.993649
551 0.976317
552 1.276879
553 1.310131
554 1.125339
555 1.534479
556 1.210991
557 1.775411
558 1.898054
559 1.207054
561 1.747097
562 1.210908
563 1.289442
564 0.893949
565 1.002261
566 1.217118
567 0.939952
568 0.655162
569 0.89252
570 0.74384
571 1.051013
572 1.030919
573 0.671366
574 0.579388
575 0.70846
576 1.169877
577 0.938725
578 1.031009
579 0.828556
580 1.052099
581 0.699082
582 0.811485
583 0.549812
584 0.248973
585 1.687864
586 1.336317
587 1.126076
589 1.112625
590 1.36356
591 1.25393
592 1.11935
593 0.918386
594 0.969427
595 1.088575
596 1.220464
597 0.524803
598 1.061154
599 0.694223
600 0.953184
601 0.927385
602 0.911723
603 0.922838
604 0.998123
605 0.688242
606 1.126352
607 1.262077
608 1.30225
609 1.260412
610 1.438561
611 1.628913
612 1.32178
613 1.581976
614 1.464096
615 1.561736
616 1.319728
617 1.352443
618 1.792904
619 1.76243
621 1.30492
622 1.099108
623 0.870599
624 1.148324
625 1.197469
626 1.690144
627 1.795532
628 1.777526
629 1.558138
630 1.748492
631 1.334993
632 1.412
633 0.636542
634 0.805331
635 0.967882
636 0.666917
637 0.794905
638 0.936983
639 1.279169
640 0.853833
641 0.876608
642 1.012994
643 0.417312
645 0.076875
646 0.414167
647 0.859457
648 0.644396
649 0.504503
650 0.781903
651 0.675291
652 0.507277
653 0.652431
655 0.115868
656 0.246294
657 0.673811
658 0.927121
659 0.886928
660 0.82107
661 0.442362
662 0.439906
663 0.433426
664 0.441969
665 0.2688
667 0.06205
668 0.679572
669 0.811869
670 0.48325
671 0.709066
672 0.711606
673 0.563213
674 0.657673
675 0.708141
676 0.715042
677 0.48437
678 1.217606
679 1.020392
680 0.897542
681 0.607397
682 0.435349
684 0.599815
685 0.164027
686 0.650783
687 0.424452
688 0.264166
690 0.903879
691 0.641443
692 0.586431
693 0.463015
694 0.617632
695 0.265757
696 0.590386
697 1.075084
698 1.188252
699 1.130936
700 1.162123
701 1.173125
702 1.215801
703 1.436214
704 1.221283
705 1.568
706 1.237778
707 1.486625
708 1.010408
709 1.382462
711 1.275968
712 1.48217
713 1.171429
714 1.789427
715 1.038526
716 1.322268
717 1.1964
718 1.090288
719 1.280753
720 0.378498
721 0.502123
722 1.135209
723 1.350083
724 1.250989
725 1.422793
726 1.016624
727 1.174513
728 0.756464
729 1.316111
730 1.15892
731 1.50404
732 1.121864
733 1.480268
734 1.992215
736 1.490845
737 1.184289
738 1.797163
739 1.659549
740 2.042981
741 1.421549
742 1.34742
743 1.510448
744 1.322012
745 1.20316
746 1.670644
747 1.236899
749 1.284768
750 1.404605
751 1.169751
752 1.29676
753 0.8418
754 1.10424
755 1.350014
756 1.210861
757 1.352594
758 1.028166
759 1.070345
760 0.787774
761 0.855169
762 0.649665
763 0.983976
764 0.492428
765 0.400919
766 0.655984
767 0.403227
768 0.49844
769 0.568659
770 0.456
771 0.504047
772 0.633657
774 0.472356
775 0.694168
776 0.630563
777 0.59596
778 0.474439
779 0.567852
780 0.812673
781 0.547421
782 0.811628
783 0.517423
784 0.59299
785 0.668236
786 0.432365
787 0.322492
788 0.408118
789 0.357576
790 0.2573
791 0.414384
792 0.428309
793 0.519596
794 0.39047
795 0.390083
796 0.294675
797 0.414384
798 0.504282
800 0.450735
801 0.557929
802 0.557961
803 0.714824
804 0.888523
805 0.316533
806 0.654494
807 0.506214
808 0.793976
809 0.424282
810 0.658126
811 0.377151
812 0.020846
813 0.191254
814 0.416122
815 0.42365
816 0.246035
817 0.622917
818 0.366891
819 0.407718
820 0.321882
822 0.24757
823 0.171839
824 0.28941
825 0.321292
826 0.173542
827 0.171335
828 0.107235
829 0.180805
830 0.557586
831 0.365679
832 0.857512
833 0.548305
834 0.565103
835 0.59596
836 0.490962
837 0.592027
838 0.62909
839 0.382756
840 0.378872
841 0.185842
842 0.075327
843 0.29397
844 0.411754
845 0.364962
854 0.059568
855 0.322574
856 0.761697
857 1.158721
858 1.140078
859 1.017593
860 1.13855
861 0.723039
862 1.09915
863 1.194503
865 1.291216
866 1.165181
867 1.216356
868 1.07075
869 1.288647
870 1.00051
871 1.09573
872 1.312575
873 1.309447
874 1.232998
875 1.040082
876 1.192903
878 1.020369
879 0.574858
880 0.832959
881 0.942398
882 0.90313
883 0.973521
884 0.604456
885 0.845197
886 1.009501
887 1.388808
888 1.244289
889 1.620148
890 1.645796
891 1.526881
892 1.526519
893 1.084444
894 1.776841
896 0.899607
897 1.349347
898 1.374719
899 1.43792
900 1.650541
901 1.35066
902 1.429979
903 1.772918
904 1.308876
905 1.295856
906 1.13835
907 1.033467
908 0.759851
909 1.119601
910 0.80857
911 0.973608
912 1.451893
913 0.987581
914 0.415595
915 0.542849
916 0.856126
917 0.994479
918 0.914134
919 0.618244
921 0.255592
922 0.724707
923 1.172338
924 1.528879
925 1.072451
926 1.389552
927 1.284024
928 1.394706
929 1.628531
930 1.256171
931 1.228185
932 1.355745
933 1.392937
934 1.589972
935 1.472349
936 1.069434
937 1.261924
938 1.629773
939 1.544943
940 1.382313
942 1.401397
943 1.548871
944 1.751723
945 1.343753
946 1.705886
947 1.677022
948 1.677806
949 1.184143
950 1.276832
951 1.105829
952 1.635762
953 1.36664
954 1.867844
956 1.021298
957 1.514102
958 1.154067
959 0.510846
960 0.206286
962 0.072576
963 1.163694
964 0.531473
965 0.437429
966 0.55868
967 0.276256
968 0.670776
969 0.44775
970 0.6728
971 0.701307
972 0.741976
973 0.899358
974 0.735596
975 0.781323
976 0.515083
977 0.836
978 0.38636
979 0.411347
980 0.444476
981 0.670341
982 0.831377
983 0.499386
984 0.448256
985 0.499427
986 0.278965
988 0.161922
989 0.230858
990 0.364443
991 0.322165
992 0.504282
993 0.478851
994 0.606329
995 0.845716
996 0.804554
997 0.493553
998 0.758028
999 0.563707
1000 0.318031
1002 0.486521
1003 0.175186
1004 0.293143
1005 0.25673
1006 0.306126
1007 0.375529
1008 0.31876
1009 0.232285
1010 0.325069
1011 0.45968
1012 0.692811
1013 0.559888
1014 0.508772
1016 0.698301
1017 0.689631
1018 0.622123
1019 0.659025
1020 0.42639
1021 0.498934
1022 0.456885
1023 0.239219
1024 0.471632
1025 0.362363
1026 0.409905
1027 0.542319
1028 0.374859
1029 0.391002
1030 0.503255
1031 0.533075
1032 0.518058
1033 0.468127
1034 0.525766
1035 0.636439
1036 0.656831
1037 0.515929
1038 0.625434
1039 0.584936
1041 0.265221
1042 0.411889
1043 0.456885
1044 0.292008
1045 0.364141
1046 0.571005
1047 0.566414
1048 0.441434
1049 0.589851
1050 0.42313
1051 0.413188
1052 0.49844
1053 0.436173
1054 0.494207
1055 0.628467
1056 0.403993
1057 0.356104
1058 0.567245
1059 0.572714
1060 0.621696
1061 0.44077
1062 0.311728
1063 0.421798
1064 0.521802
1065 0.562946
1066 0.638392
1067 0.699652
1068 0.681468
1069 0.70912
1071 0.505204
1072 0.345895
1073 0.332757
1074 0.499386
1075 0.465933
1076 0.170239
1077 0.218672
1078 0.252797
1079 0.340008
1080 0.252594
1081 0.343341
1082 0.318757
1083 0.18003
1084 0.382509
1085 0.250626
1086 0.17337
1087 0.142518
1088 0.257506
1089 0.303398
1090 0.303309
1091 0.394934
1092 0.650139
1093 0.490831
1094 0.574289
1095 0.420376
1096 0.376267
1097 0.347406
1098 0.664572
1100 0.26232
1101 0.326215
1102 0.244618
1103 0.265404
1104 0.191069
1105 0.244618
1106 0.212505
1107 0.171921
1108 0.017665
1109 0.07055
1111 0.00676
1112 0.325069
1113 0.227549
1114 0.172044
1115 0.0732
1116 0.049297
1117 0.153852
1118 0.414628
1119 0.434342
1120 0.504282
1121 0.400919
1122 0.34422
1123 0.189415
1124 0.152
1125 0.263077
1127 0.10944
1128 0.292562
1129 0.191176
1130 0.350633
1131 0.407718
1132 0.365162
1133 0.453535
1134 0.789095
1135 1.000716
1136 0.716907
1137 0.386936
1138 0.336238
1140 0.276256
1141 0.250086
1142 0.378872
1143 0.290111
1144 0.693481
1145 0.586526
1146 0.78094
1147 0.670639
1148 0.564012
1149 0.403762
1150 0.698997
1151 0.635461
1152 0.432951
1153 0.798114
1154 0.67617
1155 0.756396
1156 0.725605
1157 0.929311
1158 0.680737
1159 0.724958
1160 0.77353
1161 0.378902
1163 0.713719
1164 0.924048
1165 1.009694
1166 1.167802
1167 1.29604
1168 1.309304
1169 1.183784
1170 1.279232
1171 0.97282
1172 0.353724
1173 0.475377
1174 0.385724
1175 0.803429
1176 0.652204
1177 0.700083
1178 0.779058
1179 0.825426
1180 0.867767
1182 0.967273
1183 1.078283
1184 0.984234
1185 1.040222
1186 0.756713
1187 0.710525
1188 0.616264
1189 0.19923
1190 0.261289
1191 0.105231
1192 0.082596
1193 0.069644
1195 0.005641
1197 0.092561
1228 0.000356
1229 0.026078
1232 0.005552
1234 0.016837
1238 0.015232
1239 0.019439
1241 0.01317
1242 0.009443
1243 0.019844
1246 0.013467
1247 0.007486
1256 0.001169
1257 0.085835
1258 0.189233
1260 0.105231
1261 0.098398
1262 0.070933
1263 0.131611
1264 0.165975
1265 0.098299
1267 0.054889
1268 0.103538
1269 0.091116
1270 0.064503
1271 0.062897
1272 0.066098
1273 0.063199
1274 0.082054
1275 0.09704
1276 0.089705
1277 0.085835
1278 0.061831
1279 0.081635
1280 0.094435
1281 0.0608
1283 0.065984
1284 0.049881
1285 0.107486
1286 0.08333
1287 0.064376
1288 0.084266
1289 0.081142
1290 0.037167
1291 0.075106
1292 0.078102
1293 0.085835
1295 0.070933
1296 0.0912
1297 0.094799
1298 0.084185
1302 0.031883
1303 0.206091
1304 0.093096
1305 0.098398
1306 0.057992
1307 0.081142
1308 0.045562
1310 0.053867
1311 0.045638
1312 0.049565
1313 0.049032
1314 0.044093
1319 0.007929
1320 0.132174
1323 0.018346
1324 0.024892
1326 0.032141
1327 0.033648
1328 0.039156
1329 0.039051
1331 0.04275
1332 0.046373
1333 0.042783
1334 0.041259
1335 0.031722
1337 0.029262
1338 0.03163
1339 0.042133
1340 0.029288
1355 0.001461
1359 0.004735
1361 0.035579
1362 0.046373
1364 0.031745
1365 0.037531
1366 0.037641
1368 0.0559
1370 0.031603
1371 0.103538
1372 0.076733
1373 0.07345
1374 0.155602
1375 0.141988
1376 0.115865
1378 0.130389
1379 0.135528
1380 0.007765
1381 0.146899
1382 0.15815
1383 0.15291
1384 0.139482
1385 0.117908
1386 0.099672
1387 0.107294
1390 0.051128
1391 0.0672
1392 0.09489
1393 0.115532
1394 0.152373
1395 0.143528
1396 0.175683
1398 0.13149
1399 0.15815
1400 0.06424
1401 0.10644
1402 0.152
1403 0.182738
1404 0.123661
1405 0.139482
1406 0.175517
1407 0.161099
1408 0.063529
1409 0.153996
1410 0.155897
1411 0.15815
1412 0.141998
1413 0.101146
1414 0.115421
1415 0.147607
1416 0.147607
1418 0.157091
1419 0.088323
1420 0.111467
1421 0.104928
1422 0.105434
1423 0.117908
1424 0.150212
1425 0.153063
1426 0.1216
1428 0.080847
1429 0.161983
1430 0.152
1431 0.118024
1432 0.129338
1433 0.129133
1434 0.133714
1435 0.094915
1436 0.153063
1437 0.126035
1438 0.131197
1439 0.139894
1440 0.165818
1442 0.126802
1443 0.113496
1444 0.126398
1445 0.160941
1446 0.107294
1447 0.1216
1448 0.151212
1449 0.148561
1451 0.121128
1452 0.118139
1453 0.164726
1454 0.155307
1455 0.107382
1456 0.165422
1457 0.179064
1459 0.062029
1460 0.204059
1461 0.150212
1462 0.147465
1463 0.153063
1464 0.093074
1465 0.066098
1466 0.094182
1467 0.075032
1468 0.073732
1469 0.0912
1470 0.0912
1471 0.103148
1472 0.037387
1474 0.07701
1475 0.0768
1476 0.08333
1477 0.10954
1478 0.08592
1479 0.045562
1481 0.066836
1482 0.0608
1483 0.0608
1484 0.083942
1486 0.096
1487 0.059066
1488 0.035765
1489 0.097477
1491 0.055478
1492 0.082988
1493 0.083862
1494 0.089623
1495 0.074071
1496 0.080708
1497 0.064757
1499 0.035627
1500 0.111364
1501 0.083622
1502 0.094835
1503 0.054665
1504 0.041455
1506 0.065143
1507 0.069454
1508 0.04219
1509 0.037067
1512 0.015968
1513 0.021046
1514 0.037705
1515 0.039156
1516 0.071932
1520 0.009771
1521 0.035275
1522 0.055513
1523 0.051525
1524 0.046491
1525 0.059532
1527 0.024635
1528 0.084691
1530 0.046491
1531 0.075411
1533 0.012375
1534 0.05808
1535 0.062897
1537 0.046334
1538 0.040508
1539 0.050714
1540 0.032188
1541 0.029847
1542 0.052514
1543 0.053647
1545 0.052114
1546 0.065143
1547 0.059424
1548 0.050714
1549 0.064376
1550 0.050714
1551 0.025101
1553 0.069707
1554 0.059586
1555 0.059749
1556 0.061889
1557 0.0608
1558 0.058786
1559 0.052464
1566 0.018425
1567 0.209708
1568 0.042876
1570 0.047091
1571 0.0537
1572 0.056607
1573 0.051623
1574 0.043463
1575 0.041971
1576 0.042157
1577 0.042173
1579 0.01798
1580 0.083066
1581 0.046294
1583 0.040533
1584 0.040533
1585 0.052717
1586 0.018643
1587 0.061831
1588 0.043394
1589 0.062006
1591 0.033726
1592 0.039652
1594 0.035174
1595 0.059803
1596 0.043689
1597 0.043983
1598 0.008662
1599 0.043732
1601 0.038644
1602 0.043689
1603 0.041455
1604 0.043558
1606 0.043314
1607 0.052768
1608 0.061889
1609 0.051574
1610 0.068443
1612 0.041507
1613 0.052717
1614 0.057213
1617 0.01274
1618 0.034093
1619 0.0288
1620 0.041415
1621 0.021006
1622 0.037161
1623 0.05062
1625 0.053752
1626 0.034688
1627 0.051525
1628 0.05755
1629 0.043002
1630 0.047295
1631 0.051525
1633 0.022519
1634 0.055553
1635 0.01074
