321 0.759521
322 1.253546
323 1.710098
324 1.160252
326 1.214662
327 1.482454
328 1.281143
329 1.101079
330 1.384221
331 1.33596
332 2.171429
333 1.219298
334 1.385591
335 0.542857
336 0.735368
337 0.835453
338 0.967245
339 1.04898
340 0.807937
341 0.561785
342 0.815094
343 1.276079
344 1.263937
345 1.143403
346 1.093318
347 0.992508
348 1.25818
349 1.18027
350 1.399433
351 1.749767
352 1.383365
353 1.564981
354 1.105466
355 1.454857
356 1.253079
357 1.474265
358 1.427286
359 1.465031
360 1.509143
361 1.195236
362 1.3557
363 1.303992
364 1.606857
365 1.297625
366 1.509143
367 1.40585
368 0.949079
369 1.346286
370 1.222008
371 1.249067
372 1.509143
373 1.152511
374 1.418065
375 1.182954
376 1.454857
377 1.351649
378 1.101056
379 1.449107
380 1.305598
381 1.37345
382 1.526056
383 1.33596
384 1.421299
385 1.395607
386 1.476571
387 1.279873
388 1.218256
389 1.604217
390 1.384094
391 1.454857
393 1.367076
394 1.639429
395 1.261842
396 1.510642
397 1.138167
398 1.561879
399 1.625779
400 1.247171
401 1.416664
402 1.280569
403 1.485954
404 1.057437
405 1.444
406 1.626957
407 1.162762
408 1.311968
409 0.839923
410 1.324571
411 1.558757
412 0.466936
413 0.686682
414 0.618857
415 0.57872
418 0.048438
419 1.395861
420 1.209944
421 1.580439
422 1.0625
423 0.954482
424 0.149825
425 0.270089
427 0.669427
428 1.106331
429 1.082493
430 0.92573
431 1.091222
432 0.511695
433 0.552071
434 0.396824
435 0.10944
436 0.307535
437 0.176474
438 0.998857
439 1.513992
440 1.187937
441 0.789439
442 0.912
443 0.739604
444 0.667456
445 1.083671
446 1.265265
447 1.175913
448 1.11652
449 0.784744
451 0.323725
452 0.458688
453 0.781714
454 0.738286
455 0.850231
456 0.640571
457 0.362794
458 0.439906
459 0.577146
460 0.816236
461 0.439906
462 0.369143
463 0.458688
464 1.077165
465 1.176072
466 1.22172
467 1.158267
468 1.563429
469 1.27606
470 1.297708
471 0.499494
472 1.563429
473 1.665391
474 1.513651
475 1.852228
477 2.043889
478 1.786852
479 1.899106
480 1.505097
481 1.518803
482 1.073834
483 1.622134
484 1.552382
485 1.809466
486 1.501304
487 1.5494
488 1.362326
489 1.361301
490 1.063254
491 0.9237
492 0.80708
493 0.984095
494 0.945115
495 0.451118
496 0.579957
497 0.855
498 1.604589
499 1.487429
500 1.169506
501 1.419751
502 1.510642
503 0.845274
504 1.232822
505 1.648063
506 0.625849
507 0.944571
508 0.890541
509 0.940244
510 1.228813
511 1.924933
512 1.850222
513 2.070889
514 2.164985
515 1.841295
516 1.994077
517 2.416208
518 1.736483
519 1.803956
520 2.251937
521 2.321029
522 2.095429
523 1.77039
524 1.444
525 1.415937
526 1.68702
527 1.491937
528 1.513992
529 1.437651
530 1.600506
531 0.830381
532 0.969832
533 1.483932
534 1.133651
535 0.579388
536 0.522699
537 1.364004
539 0.770926
540 0.756996
541 0.651429
542 1.373407
543 1.068508
544 1.243636
545 1.666358
546 2.347472
547 1.577229
548 1.63506
549 1.719937
550 1.844489
551 1.901887
552 1.340589
553 1.596
554 1.754661
555 1.934491
556 1.431968
557 1.422286
558 1.457348
559 2.117143
560 1.313012
561 2.011684
562 1.558626
563 1.89249
564 1.874094
565 2.195321
566 1.657429
567 1.52446
568 1.578877
569 1.027708
570 0.643801
571 1.335938
572 1.378772
573 1.041627
574 1.238943
575 0.997835
576 0.858814
577 1.071441
578 0.847698
579 0.616411
580 0.547362
582 0.087904
583 2.772358
584 1.297708
585 1.878286
586 1.431968
587 1.693714
588 1.571001
589 1.826648
590 2.216917
591 1.611373
592 2.465644
593 1.719937
594 1.905911
595 1.20416
596 1.849914
597 0.707448
598 1.050018
600 0.193357
601 1.469417
602 0.412981
603 0.206676
604 1.115859
606 0.388185
607 0.317618
608 0.327992
609 0.697625
610 1.684528
611 0.227354
612 0.507461
613 2.173585
614 1.688232
615 2.051318
616 1.763365
617 1.800755
618 2.20188
619 2.119203
620 2.095889
621 1.493418
622 1.667338
623 0.612252
625 0.196351
630 0.006582
631 0.141031
632 1.862585
633 0.099491
634 0.326337
635 1.053143
636 0.940838
637 0.922857
638 0.679741
639 0.429598
640 0.63804
642 0.344694
643 2.139374
644 1.530857
645 1.077396
646 1.632949
647 1.567937
648 1.470735
649 1.053143
650 0.700903
653 0.047583
654 2.415941
655 1.178751
656 1.444
657 1.023749
658 1.523301
659 1.308655
660 1.486897
661 1.619182
662 1.738358
663 1.558626
664 1.363629
665 1.861079
666 1.845459
667 1.592608
668 2.021434
669 1.549394
670 1.847547
671 1.885027
672 1.769045
673 1.916012
674 1.254738
675 1.552496
676 1.564981
677 0.873537
678 1.167937
679 1.371148
681 1.449107
682 1.217208
683 1.12917
684 1.693714
685 1.48698
686 1.917354
687 1.583368
688 1.726286
689 1.47845
690 1.269027
691 1.325112
692 1.432232
693 1.549348
694 1.824
695 1.464411
696 1.791429
697 1.710431
698 1.362635
699 0.994909
700 0.818794
701 1.206425
702 0.850961
703 0.5472
704 0.334672
705 0.7296
706 0.803429
707 0.29925
708 0.409323
709 0.502921
710 0.384998
711 1.082374
712 1.336755
713 0.722894
714 0.521143
716 0.604999
717 0.785405
718 1.201176
719 1.30723
720 1.335685
721 1.237503
722 1.530629
723 1.484024
724 1.836755
725 1.563284
726 1.889143
727 1.61581
728 1.965143
729 0.664158
730 1.505879
731 1.331836
732 1.266071
733 1.296426
734 1.070053
735 1.465031
736 1.388711
737 1.81505
738 1.752508
739 2.074282
741 0.654264
742 2.285678
743 1.373365
744 2.003143
745 2.35834
746 1.69151
747 1.552571
748 1.626625
749 2.290857
750 1.875352
751 1.885027
752 2.116786
753 1.574183
754 2.17568
755 2.044937
756 1.8285
757 1.997714
758 1.442783
759 1.661143
760 1.48604
761 1.793023
762 1.454279
763 1.658512
764 1.141773
765 1.298259
766 0.745445
769 0.055563
770 2.200087
771 1.40585
772 1.226405
773 1.869283
774 1.436771
775 1.591264
776 1.101079
777 1.257303
778 1.104142
779 0.78016
780 1.21357
781 0.825962
782 0.611576
783 0.828829
784 1.080215
785 1.009714
786 0.879812
787 0.734055
788 0.589292
789 0.311153
790 0.56234
791 0.798114
792 0.363154
793 1.059794
794 1.324571
795 0.857112
796 0.991936
797 1.357143
798 0.962553
799 1.103051
800 1.194286
801 1.042656
802 1.411429
803 1.189565
804 1.068508
805 1.211194
807 1.100477
808 1.341176
809 1.416664
810 1.220508
811 1.384221
812 1.209651
813 1.319718
814 0.568659
815 0.865138
816 0.992508
817 0.488943
818 0.353724
819 0.706415
820 1.183249
821 0.65582
822 0.886767
823 1.14
824 0.9237
825 1.14
826 1.220802
827 1.055937
828 0.998857
829 0.751796
830 0.697829
831 0.919209
832 1.118286
833 1.026338
834 0.64572
835 0.993927
836 0.83683
837 0.847624
838 0.809161
839 1.047945
840 1.238943
841 0.9237
842 1.454857
843 1.215684
844 1.410366
845 1.541714
846 1.218073
847 1.427952
848 1.285651
849 1.182256
850 1.071668
851 1.045208
852 1.14
853 1.027352
854 0.894794
855 1.137039
856 1.190742
857 0.901051
858 0.538909
859 0.893833
860 0.847698
861 0.64253
862 1.020571
863 1.062212
864 0.932789
865 0.713763
866 1.281143
867 1.30723
868 1.189116
869 1.427478
871 0.583806
872 1.257303
873 1.521509
874 1.345455
875 1.502118
876 1.340157
877 1.678661
878 1.133651
879 0.904733
880 1.270286
881 1.025079
882 1.242409
883 1.308988
884 1.102173
885 1.535621
886 1.414905
887 1.586717
888 1.362444
889 1.661143
890 1.448066
891 1.602359
892 1.617714
893 1.242222
894 1.502118
895 1.311268
896 1.444
897 1.058701
898 1.384094
899 1.802332
900 1.526652
901 1.59912
902 1.791429
903 1.678243
904 1.890622
905 1.363003
906 1.416664
907 1.14
908 0.716679
909 0.590386
911 1.286893
912 1.210852
913 1.469283
914 1.423698
915 1.258941
916 1.257303
917 0.923774
918 0.652699
919 0.912906
920 0.665224
921 0.499346
922 0.282286
924 0.080323
925 0.19895
926 0.80486
927 0.504282
928 0.527132
929 0.150747
930 0.686042
931 0.569644
932 0.640571
933 0.692111
934 0.553714
935 0.600847
936 0.534387
937 0.655984
938 0.635528
939 0.425116
941 0.073759
942 0.233302
943 0.622306
944 0.688508
945 1.188237
946 1.400515
947 1.150213
948 1.346286
949 1.14
950 0.749931
951 1.282415
952 1.352143
953 1.12004
954 1.373365
955 1.046794
956 1.459921
957 1.293283
958 0.927184
959 1.178751
960 1.148047
961 0.966649
962 1.321013
963 1.120314
964 1.118286
965 1.243636
966 1.122794
967 1.268236
968 1.167937
969 1.123909
970 1.503178
971 1.447704
972 1.560311
973 1.628685
974 1.667761
975 1.479611
976 2.008369
977 1.730794
978 2.24936
979 1.654794
980 1.760979
981 1.493418
982 1.892896
983 1.856571
984 1.335909
985 1.650286
986 1.367208
987 1.661143
988 1.594182
989 1.932571
990 1.527787
991 1.050018
992 1.661143
993 1.642307
994 1.730277
995 1.297795
996 1.719462
997 1.21447
998 1.591458
999 1.387333
1000 1.608453
1001 1.367083
1002 1.530857
1003 1.540111
1004 1.704571
1005 1.507668
1006 1.834857
1007 1.232822
1008 0.594925
1009 0.671145
1011 0.383253
1012 0.184449
1050 0.00343
1065 0.067559
1067 0.030066
1068 0.056607
1069 0.041298
1070 0.052615
1071 0.0576
1072 0.0576
1074 0.009089
1075 0.050667
1076 0.094708
1077 0.154722
1078 0.179247
1079 0.179583
1080 0.174406
1081 0.179583
1082 0.224437
1084 0.164484
1085 0.205176
1086 0.205714
1087 0.192533
1088 0.22714
1089 0.161983
1090 0.208457
1091 0.174857
1092 0.2128
1093 0.079393
1095 0.144
1096 0.171502
1097 0.218225
1098 0.232402
1099 0.169752
1100 0.224437
1101 0.134873
1102 0.246776
1103 0.198982
1104 0.211274
1105 0.199938
1106 0.214799
1107 0.207624
1108 0.200094
1109 0.195429
1111 0.105455
1112 0.160941
1113 0.193129
1114 0.199746
1115 0.199363
1116 0.207273
1117 0.206901
1118 0.21348
1119 0.187205
1120 0.193319
1121 0.208855
1122 0.184449
1123 0.196207
1124 0.147326
1125 0.121363
1130 0.02482
1132 0.401233
1133 0.134557
1134 0.127029
1135 0.117
1136 0.151439
1138 0.1824
1139 0.196795
1140 0.18869
1141 0.176043
1142 0.157846
1143 0.1824
1144 0.126764
1145 0.165523
1146 0.1632
1147 0.117
1148 0.160941
1149 0.11531
1150 0.128753
1152 0.117677
1153 0.133589
1154 0.114528
1156 0.003678
1157 0.053647
1158 0.079113
1159 0.039833
1160 0.029847
1161 0.08946
1163 0.052405
1164 0.03544
1165 0.054
1167 0.017595
1168 0.010133
1180 0.000866
1181 0.064062
1185 0.00316
1186 0.096338
1187 0.409108
1188 0.090764
1189 0.124364
1190 0.130805
1191 0.095073
1192 0.181687
1193 0.161575
1194 0.123429
1195 0.137328
1197 0.143497
1198 0.154868
1199 0.111467
1200 0.144
1201 0.1344
1202 0.189052
1203 0.044741
1204 0.128753
1205 0.152
1206 0.155455
1208 0.131629
1209 0.1824
1210 0.126764
1211 0.131733
1212 0.119389
1213 0.187402
1214 0.159138
1215 0.152565
1216 0.160941
1217 0.152606
1218 0.158456
1219 0.157846
1220 0.156343
1221 0.160941
1222 0.153063
1223 0.165661
1225 0.069719
1227 0.055797
1228 0.136276
1229 0.155455
1230 0.160941
1231 0.154868
1232 0.160941
1233 0.157846
1234 0.157091
1235 0.152141
1236 0.162133
1237 0.155455
1238 0.152
1239 0.157241
1240 0.150212
1241 0.155455
1242 0.150212
1243 0.144543
1245 0.136276
1246 0.123778
1247 0.132223
1248 0.127875
1250 0.076787
1251 0.106771
1252 0.152565
1253 0.161099
1254 0.144
1255 0.155455
1256 0.160784
1257 0.150359
1258 0.160941
1259 0.150212
1260 0.157241
1261 0.157695
1262 0.158609
1263 0.160941
1264 0.154868
1265 0.160941
1266 0.150212
1267 0.160941
1268 0.157846
1269 0.160941
1270 0.152606
1272 0.077126
1273 0.11531
1274 0.158456
1275 0.150212
1276 0.12768
1277 0.141867
1278 0.139482
1279 0.113143
1280 0.109839
1281 0.1152
1282 0.149438
1283 0.165374
1284 0.155455
1286 0.136374
1294 0.016349
1296 0.500418
1297 0.0864
1298 0.118024
1299 0.118957
1300 0.138938
1301 0.13786
1303 0.149625
1304 0.134219
1305 0.160784
1306 0.116706
1307 0.122958
1308 0.116592
1309 0.140938
1310 0.145091
1311 0.141705
1312 0.126551
1313 0.124148
1314 0.119389
1322 0.02534
1324 0.329436
1325 0.095073
1326 0.11684
1327 0.126764
1328 0.118024
1329 0.114797
1331 0.1056
1332 0.109739
1333 0.09383
1334 0.094671
1335 0.104056
1336 0.058986
1338 0.079593
1339 0.062713
1340 0.064
1341 0.050667
1342 0.0456
1353 0.004053
1354 0.806629
1355 0.081067
1356 0.159185
1357 0.120162
1358 0.134873
1359 0.157846
1361 0.048472
1362 0.105231
1363 0.1368
1365 0.1536
1366 0.160248
1367 0.147774
1368 0.150803
1369 0.141705
1370 0.115515
1371 0.191444
1372 0.126577
1373 0.160941
1374 0.157846
1376 0.146571
1383 0.017208
1384 0.913716
1385 0.144543
1386 0.158303
1388 0.157998
1389 0.157091
1390 0.161099
1391 0.155455
1392 0.158916
1393 0.156046
1394 0.158609
1395 0.160941
1396 0.160941
1397 0.159137
1398 0.154526
1399 0.160941
1400 0.150212
1401 0.160941
1402 0.158303
1403 0.161099
1404 0.157091
1406 0.101193
1407 0.131247
1408 0.12926
1409 0.168369
1410 0.147323
1411 0.165192
1412 0.129844
1413 0.182221
1414 0.115865
1415 0.182651
1416 0.136571
1417 0.145091
1418 0.144954
1419 0.175517
1421 0.134873
1422 0.146759
1423 0.129771
1424 0.1216
1425 0.144
1426 0.141705
1427 0.123894
1428 0.134092
1430 0.017841
1431 0.0608
1432 0.119904
1433 0.081067
1434 0.139482
