266 0.641908
267 0.593471
268 0.235816
269 0.504282
270 0.265433
271 0.467321
272 0.610087
273 0.977143
274 0.252554
275 0.572651
276 0.807434
277 0.800787
278 0.608604
279 0.491988
280 1.64596
281 1.678173
282 1.751632
283 2.238792
285 1.646055
286 1.809466
287 1.470222
288 1.618094
289 1.088246
290 0.705714
291 0.865994
292 1.33322
293 1.546435
294 1.544953
295 1.814889
296 1.499374
297 1.745008
298 1.624596
299 1.863968
300 1.524508
301 1.205143
302 1.242409
303 0.514794
304 1.102038
305 1.682857
306 1.305574
307 1.738868
308 1.48698
309 1.867429
310 1.490458
311 2.121685
312 1.765465
313 1.736483
314 1.951171
315 1.97268
316 2.271396
317 1.813992
318 1.488454
319 1.898117
320 1.248007
321 1.268236
322 1.325887
323 1.184714
324 1.481549
325 1.403972
326 1.575849
327 1.423284
328 1.498286
329 1.286893
330 1.296508
331 1.541562
332 0.874395
333 1.2768
334 1.143248
335 0.597736
337 0.480316
338 0.997835
339 0.929405
340 0.0855
341 0.174443
342 0.669695
343 1.543245
344 1.501694
345 0.667063
346 0.614589
347 0.113921
348 0.26083
350 0.826165
351 0.862808
352 1.009554
353 0.944188
354 1.030024
355 0.419674
356 1.254451
357 0.836894
358 0.250387
359 0.504282
360 0.686465
361 0.966286
362 1.157123
363 0.999449
364 1.031429
365 0.784016
366 0.883008
367 0.880302
368 0.600847
369 0.616411
370 0.610338
371 0.439756
372 0.973043
373 1.074857
374 0.952593
375 1.07598
376 0.956377
377 1.352403
378 1.350582
379 1.075925
380 1.163231
381 1.983873
382 0.901181
383 0.57044
384 0.597143
385 0.995893
387 1.075099
388 1.52934
389 1.651925
390 1.313443
391 1.622134
392 0.970794
393 1.503178
394 1.356269
395 1.628571
396 1.295401
397 1.762719
398 1.665651
399 1.851224
400 1.656437
401 1.737143
402 1.529296
403 1.704571
404 1.560197
405 1.784348
406 0.87181
407 1.654577
408 1.521992
409 1.738358
410 1.479884
411 1.509143
412 1.650286
413 1.583368
414 1.497058
415 1.746268
416 1.725658
417 1.880488
418 1.602097
419 1.362635
420 1.411633
421 1.073223
422 1.534306
423 1.345455
424 1.013737
425 1.698222
426 1.498286
428 1.291747
429 1.629027
430 1.590477
431 1.847688
432 1.715888
433 2.334286
434 1.906399
435 1.85206
436 2.117143
437 1.828455
438 2.441689
439 1.6445
440 1.666323
441 1.967952
442 1.417343
443 1.296426
444 1.401962
445 0.905725
446 2.236336
447 2.047682
448 1.890295
449 1.967952
450 1.535559
451 1.643763
452 1.265192
453 1.384221
454 1.52934
455 1.086987
456 1.290102
457 1.068721
458 1.607161
459 1.07663
460 0.357441
461 0.65399
462 0.819735
463 0.572651
464 1.09766
465 1.399526
466 1.707651
467 1.513303
468 1.260679
469 0.916455
470 1.449107
471 1.850222
472 1.569657
473 1.469596
474 1.921714
475 1.356269
476 1.967952
477 1.741651
478 1.979004
479 1.308663
480 1.683692
481 1.076162
482 1.255341
483 0.836
484 1.035477
485 1.315019
486 1.286893
487 1.00229
489 1.180235
490 1.191704
491 0.950022
492 0.815435
493 0.908395
494 0.424845
495 0.902071
496 1.10424
497 1.010717
498 0.787702
500 0.271376
502 1.681175
503 1.319336
504 1.509517
505 1.192669
506 0.761788
507 0.781714
508 0.851582
509 0.8816
512 0.447059
513 1.410677
514 1.292598
515 1.481549
516 1.138859
517 1.38013
518 1.181769
519 1.183429
520 1.287529
521 0.853906
522 1.231745
523 0.994909
524 0.899412
525 1.157123
526 1.138434
527 0.557929
528 0.281214
529 0.392372
530 0.423009
531 0.590697
532 0.415457
533 0.573721
534 0.606698
535 2.171429
536 2.377015
537 1.340964
538 0.084984
539 0.472094
540 1.316924
541 2.115355
542 2.260174
543 1.761617
544 2.067454
545 2.482818
546 1.656437
547 1.765865
548 1.002371
550 0.26333
551 0.175517
552 0.579453
553 0.52166
554 0.699716
555 0.514936
556 0.418037
557 0.478189
558 1.254451
559 0.988259
560 1.118286
561 0.713739
562 0.524321
563 0.054811
564 1.20368
565 2.195321
566 1.55393
567 1.422286
568 0.655984
569 0.623984
570 0.896695
571 1.439152
572 1.481079
573 1.754964
574 1.426794
575 1.49783
576 1.190298
577 1.622134
578 1.546102
579 1.85801
580 1.715888
581 2.049275
582 1.734767
584 2.010607
585 1.735284
586 2.118149
587 2.000751
588 1.507668
589 2.140981
590 1.69151
591 1.529247
592 1.708648
593 1.806794
594 1.773534
595 1.589834
596 1.566537
597 1.606884
598 2.128
599 1.688232
600 2.032302
601 1.75949
602 1.777019
603 1.726286
604 1.467077
605 1.754964
606 1.490961
607 1.613259
608 1.803339
609 2.193121
610 1.667305
611 2.058029
612 0.762239
613 1.956226
614 1.279305
615 1.856571
616 1.42256
617 1.986857
618 1.453597
619 1.10424
620 1.217208
621 1.21566
622 0.846018
623 0.713739
624 0.773321
625 1.038166
626 0.542942
627 0.261069
628 0.418447
629 0.925612
630 0.38489
631 1.692416
632 0.605816
633 0.477241
634 0.881314
635 2.055417
636 1.819456
637 1.772041
638 2.065307
639 1.677307
640 1.745803
641 1.242222
642 1.626957
643 1.563284
644 1.847688
645 1.612965
646 2.033075
647 1.752508
649 2.245482
650 1.806794
651 1.710098
652 2.083549
653 1.655433
654 2.347472
655 1.650313
656 1.533037
657 1.702882
658 1.439715
659 1.187937
660 1.773534
661 1.350794
662 1.546435
663 1.687365
664 2.087146
665 1.698222
666 1.644285
667 2.137248
668 1.97553
669 2.138608
670 1.792191
671 1.972492
672 2.162717
673 1.788838
674 1.92422
675 1.459365
676 1.68702
677 1.307365
678 1.223217
679 0.896511
680 0.34141
681 0.907499
682 1.651925
683 1.172427
684 1.694625
685 1.767209
686 1.869283
687 1.405079
688 1.881
689 1.665881
690 1.67366
691 1.098855
692 1.082374
693 0.770857
694 0.551442
695 0.558777
696 1.21963
697 1.086792
698 0.589372
700 0.173274
701 0.557929
702 0.76781
703 0.890286
704 0.598032
705 0.684
706 0.648854
707 0.825143
708 0.751059
709 0.545202
710 0.922857
711 0.993927
712 0.433334
713 0.447331
714 0.582247
715 0.603213
716 0.525741
717 0.557929
718 0.575429
720 0.449031
721 0.367684
722 0.654494
723 1.622134
724 1.665651
725 1.814889
726 1.373734
727 1.681189
728 1.417343
729 1.781082
730 0.9237
731 1.042286
732 1.037141
733 0.873946
734 1.167937
735 1.368
736 1.119712
737 1.254796
738 1.346286
739 1.133651
740 1.667761
741 1.209651
742 1.824
743 1.356175
744 1.656861
745 1.225295
746 1.418465
747 1.14
748 1.025079
749 1.290102
750 1.245833
751 1.041627
752 1.195472
753 1.190965
754 0.718229
755 1.665391
756 1.177079
757 1.268236
758 1.245833
759 0.988585
760 1.400571
761 1.292
762 0.996462
763 1.237714
764 1.316507
765 1.600506
766 1.481647
767 1.544908
768 1.445434
769 1.170869
770 1.716492
771 1.495376
772 1.437421
773 1.394222
774 1.46717
775 1.214523
776 1.352997
777 1.748
778 1.61545
779 1.655941
780 1.617714
781 1.524806
782 1.294641
783 1.384094
784 1.195236
785 1.52
786 1.274794
787 1.785887
788 1.558626
789 1.849233
790 1.501732
791 1.751905
792 1.63693
793 1.780571
794 1.376605
795 1.651925
796 1.666366
798 1.449107
799 1.205143
800 0.83062
801 1.086792
802 1.023618
803 0.807937
804 0.753661
805 0.445143
806 0.651429
807 0.681296
810 0.116186
811 0.221651
812 1.008565
813 0.742326
814 0.326215
815 0.358957
816 0.69727
817 0.675953
818 0.673143
819 0.670482
820 0.622306
821 0.431032
822 0.509237
823 1.357143
824 1.137318
825 0.811155
826 0.915591
827 0.919209
828 0.665224
829 0.384508
830 0.735368
831 0.634118
832 0.338365
833 0.421755
834 0.519083
835 0.414142
836 0.66982
837 0.730128
838 1.006034
839 0.831435
840 1.040753
841 0.375939
842 0.252311
843 0.150359
844 0.10403
845 0.434286
846 0.746182
847 0.518394
848 1.050018
849 1.009714
850 1.043181
851 1.282415
852 1.308048
853 1.209651
854 1.509143
855 1.095645
856 1.46717
857 1.471554
858 1.350794
859 1.910857
860 1.458637
861 1.711363
862 1.405079
863 1.423698
864 1.150798
865 1.368
866 1.04898
867 0.959373
868 1.217208
869 0.994909
870 0.698672
871 0.832696
872 0.847698
873 0.763535
875 0.437917
876 0.846857
877 1.535427
878 1.068508
879 1.162868
880 0.540711
881 0.546653
882 0.652075
883 0.728324
884 1.152
885 1.401855
886 0.638134
887 0.015338
888 0.484724
890 0.124718
894 0.031806
895 1.297079
954 0.000737
957 0.053173
958 0.104129
959 0.092921
960 0.106875
961 0.078171
962 0.111467
963 0.118024
964 0.115099
965 0.090973
968 0.101396
969 0.106048
970 0.078381
971 0.10513
972 0.10944
974 0.089705
975 0.10739
976 0.094419
977 0.131733
978 0.095543
979 0.109043
981 0.086857
982 0.169135
983 0.161575
984 0.196207
985 0.123971
986 0.160312
987 0.154868
988 0.196909
989 0.139482
990 0.107294
991 0.217791
992 0.19033
993 0.175352
994 0.098201
995 0.126764
996 0.172267
997 0.105231
999 0.097714
1000 0.092571
1001 0.098065
1002 0.130675
1003 0.179583
1004 0.152141
1005 0.150212
1007 0.02298
1009 0.183226
1010 0.161116
1011 0.122918
1012 0.179733
1013 0.130032
1014 0.179733
1018 0.05044
1019 0.36484
1020 0.092966
1021 0.179733
1022 0.158588
1029 0.019318
1030 1.0862
1031 0.056823
1033 0.083741
1034 0.12044
1035 0.07581
1036 0.063576
1037 0.061724
1039 0.062079
1040 0.053705
1041 0.052863
1042 0.039941
1043 0.019326
1045 0.028083
1047 0.043761
1048 0.031741
1049 0.026175
1051 0.029464
1052 0.020424
1053 0.023718
1054 0.009629
1056 0.015906
1057 0.017973
1068 0.000916
1070 0.035674
1071 0.044052
1072 0.108098
1073 0.100014
1074 0.120697
1081 0.037363
1082 0.452409
1083 0.105725
1084 0.137443
1085 0.122975
1086 0.119822
1087 0.155363
1088 0.139495
1090 0.043791
1091 0.096669
1092 0.102025
1094 0.127101
1095 0.126746
1096 0.099929
1097 0.141895
1098 0.137443
1099 0.147871
1100 0.120543
1105 0.037909
1106 0.332972
1107 0.436676
1108 0.145169
1109 0.129279
1110 0.150375
1111 0.145871
1112 0.115844
1115 0.037575
1118 0.091127
1119 0.107303
1120 0.137578
1121 0.132257
1122 0.153037
1123 0.15629
1124 0.163549
1125 0.152604
1126 0.161116
1130 0.024288
1131 0.351652
1132 0.458008
1133 0.148016
1134 0.158588
1135 0.151887
1136 0.160208
1138 0.019536
1139 0.161116
1140 0.264263
1141 0.142779
1142 0.126871
1143 0.179733
1145 0.128381
1146 0.131759
1147 0.12737
1148 0.153509
1149 0.132435
1154 0.022387
1155 0.608208
1156 0.104093
1157 0.152604
1158 0.147437
1160 0.117558
1162 0.063637
1164 0.159985
1165 0.106294
1166 0.162165
1167 0.144946
1168 0.152604
1169 0.152316
1170 0.163239
1171 0.139773
1172 0.147591
1177 0.025132
1179 0.53103
1180 0.107352
1181 0.095013
1182 0.109837
1183 0.096286
1184 0.116298
1185 0.1348
1188 0.058219
1190 0.170413
1191 0.08458
1192 0.137309
1193 0.116061
1194 0.159213
1195 0.126871
1196 0.126871
1197 0.131759
1198 0.129807
1205 0.014692
1207 0.384285
1208 0.042964
1210 0.032417
1212 0.054701
1213 0.03631
1214 0.025374
1217 0.007083
1218 0.062275
1220 0.061673
1221 0.098853
1222 0.105725
1223 0.089867
1229 0.021498
1230 0.200178
1231 0.052863
1233 0.113279
1234 0.064127
1235 0.051109
1237 0.059036
1238 0.058768
1239 0.077097
1240 0.062698
1241 0.05772
1242 0.065358
1243 0.064446
1244 0.069832
1245 0.05803
1247 0.053766
1248 0.07408
1249 0.095153
1250 0.078429
1251 0.066451
1252 0.05969
1253 0.078715
1262 0.008815
1263 0.264513
1265 0.204242
1266 0.0671
1268 0.05488
1269 0.088233
1270 0.070156
1271 0.075187
1272 0.072865
1273 0.072515
1274 0.075262
1275 0.074008
1276 0.056503
1277 0.073719
1278 0.058822
1279 0.051061
1281 0.087913
1282 0.049369
