188 0.3532
189 0.551738
190 0.580487
191 0.357931
192 0.362322
193 0.386737
194 0.46513
195 0.520063
196 0.575429
197 0.618244
198 0.466843
199 0.418858
200 0.198562
201 0.278691
202 0.496246
203 1.161282
204 0.551635
205 1.612759
206 1.146934
207 1.547917
208 1.552143
209 1.418016
210 1.364336
211 0.985042
212 1.465635
213 1.491368
214 1.373437
216 1.052742
217 1.38233
218 1.127051
219 1.520389
220 1.596497
221 1.246705
222 1.556574
223 1.336381
224 1.373554
225 1.110712
226 1.129366
227 1.252936
228 1.328532
229 1.327073
230 1.12456
231 1.47489
232 1.26631
233 1.221556
234 1.325684
235 1.639433
236 1.053418
237 1.406414
239 1.025934
240 1.006922
241 0.941103
242 1.080744
243 0.97523
244 1.194632
245 1.047339
246 1.241198
247 1.030002
248 1.510254
249 1.623686
250 1.960451
251 1.230835
252 1.537155
253 0.943835
254 1.554113
255 1.278234
256 1.281
257 1.06747
258 1.063712
259 1.002423
260 1.333391
261 1.136973
262 0.890541
263 0.692164
264 1.133971
266 0.991293
267 0.450147
268 0.52611
270 0.682464
271 1.148321
272 0.844964
273 0.83683
274 0.283034
275 0.358997
276 1.183429
277 1.044466
278 1.022634
279 0.836941
280 0.611453
281 1.062212
282 0.526878
283 0.284123
284 0.447564
285 0.152606
286 0.282006
287 0.317921
288 0.686042
289 0.709881
290 0.277348
291 0.641208
292 0.307535
293 0.252771
294 0.15933
295 0.473159
296 0.2207
298 0.175525
299 0.887095
300 1.369358
301 0.707641
302 0.56024
303 0.621323
304 0.507083
305 0.362839
306 0.306472
307 0.396066
308 0.396988
309 0.511558
310 0.639937
311 0.555286
312 0.790875
313 0.67954
314 0.791455
316 1.144556
317 0.937745
318 1.151187
319 1.308048
320 0.930924
321 1.139113
322 1.071103
323 1.309769
324 0.761214
325 1.486583
326 1.052512
327 1.56604
328 1.643494
329 1.056311
330 1.390443
331 1.339241
332 1.009183
333 1.203036
334 1.27819
335 1.236433
336 1.035805
337 1.451429
338 1.425563
339 1.099622
340 1.276007
341 1.319061
342 1.402463
343 1.651415
344 1.693946
345 1.152881
346 1.259165
347 1.602566
348 1.930706
349 1.642429
350 1.545049
352 1.418642
353 1.427769
354 1.149515
355 0.953982
356 0.377504
357 0.738286
358 0.649628
359 1.171753
360 1.548594
361 1.194522
362 1.512127
363 1.261324
364 1.490636
365 1.432647
366 1.965512
367 1.227964
368 1.571492
369 2.106109
370 1.297619
371 1.8148
372 1.021779
373 1.666908
374 1.035316
375 1.271701
376 1.508763
378 0.850042
379 0.872989
380 1.288917
381 0.732457
382 0.839857
383 1.001307
384 1.077427
386 0.458713
387 0.937737
388 1.081848
389 0.658804
390 0.636789
391 0.81996
392 0.965617
393 0.894064
394 1.679724
395 1.824429
396 0.197186
397 1.127415
398 1.433004
399 1.400095
400 1.025524
401 1.693834
402 1.650804
403 1.572943
404 1.435056
405 1.384847
406 1.473613
407 1.367653
408 1.258921
410 1.077179
411 1.632
412 1.105357
413 1.146119
414 1.307754
415 1.214514
416 1.058183
417 1.386102
418 1.304183
419 0.985347
420 0.830587
421 0.963572
422 0.835576
423 0.965647
424 0.526049
425 0.818719
426 0.897581
427 0.578449
428 0.680676
429 0.269441
430 0.365402
431 0.574381
432 0.404185
433 0.667446
435 0.683979
436 0.652244
437 0.833161
438 0.802395
439 0.753378
440 0.848895
441 1.021843
442 0.951922
443 0.782144
444 0.707447
445 0.705478
446 0.964952
447 0.840502
448 0.793976
449 0.651722
450 0.67912
451 0.588922
453 0.632187
454 0.526257
455 0.304086
456 0.242031
457 0.400629
458 0.261069
465 0.006621
466 0.505733
467 1.25366
468 1.372164
469 1.720819
470 1.119676
471 1.205908
472 1.236683
473 1.053218
474 0.848372
475 0.056267
476 0.174163
477 0.776248
478 0.329317
479 0.594783
480 0.252997
481 0.31814
482 0.112194
483 0.861482
484 0.539401
485 0.94342
486 0.841549
487 0.719426
488 0.420955
489 0.586286
490 0.432126
491 0.819805
492 0.979012
493 0.853976
495 0.426657
496 0.834884
497 0.586996
498 0.540213
499 0.660048
500 0.733793
501 0.458428
502 0.434912
503 0.724553
504 0.62451
505 0.680701
506 0.663592
507 0.597302
508 0.63788
509 0.627492
510 0.524336
511 0.745173
512 0.6297
513 0.591555
514 0.622742
515 0.62246
517 0.647229
518 0.620585
519 0.634508
520 0.546999
521 0.709805
522 0.333428
523 0.614334
524 0.804579
525 0.610843
526 0.744925
527 0.603759
528 0.5125
529 0.325897
530 0.361708
531 0.453434
532 0.535945
533 0.452954
534 0.492947
536 0.53171
537 0.496222
538 0.582702
539 0.587061
540 0.620309
541 0.464184
542 0.49795
543 0.571146
544 0.573741
545 0.563897
546 0.558495
547 0.453978
548 0.529692
549 0.613582
550 0.432979
551 0.382587
552 0.262558
553 0.387992
554 0.481659
555 0.41568
556 0.120374
557 0.365437
558 0.749552
559 0.645587
560 0.899439
561 0.919589
562 0.489796
563 0.421827
565 0.594917
566 0.675116
567 0.562248
568 0.769965
569 0.795462
570 0.830747
571 1.122271
572 0.805391
573 1.167621
574 1.215087
575 1.402661
576 1.143137
577 1.363392
578 1.150506
579 1.170118
580 1.420751
581 1.436306
582 1.451734
583 1.272196
584 0.530789
585 1.057629
587 1.111328
588 1.059786
589 1.209345
590 1.196056
591 1.20634
592 0.573478
593 0.951177
594 0.885143
595 0.898529
596 0.687953
597 0.957889
598 1.002962
599 1.101817
600 1.185522
601 1.226437
602 1.210693
603 0.98644
604 1.245151
605 1.311452
606 1.324617
607 1.1035
608 1.425747
609 0.728232
611 0.96326
612 1.307508
613 1.119278
614 0.956467
615 1.020354
616 0.790211
617 0.572344
618 0.462753
620 0.591727
621 0.696053
622 1.117906
623 1.171345
624 1.319299
625 0.880835
626 0.803798
627 1.292556
628 1.45827
629 1.383755
630 1.365937
631 0.794936
632 0.986837
633 0.806106
634 0.888302
635 0.833442
636 0.991372
637 1.076667
638 1.024637
640 0.597092
641 0.315797
642 0.315107
643 0.757496
644 0.870096
645 1.276266
646 1.030144
647 1.265773
648 1.456912
649 1.325643
650 1.087638
651 1.38368
652 1.076274
653 0.938941
654 1.085831
655 1.274514
656 1.420862
657 1.092139
658 1.471689
659 1.261365
660 1.282498
661 1.438964
662 1.474098
663 1.536796
665 1.172595
666 1.132513
667 0.516183
668 1.135546
669 1.253546
670 0.469569
671 0.252399
672 0.358286
673 1.001012
674 1.496815
675 1.430497
676 1.405075
677 1.238378
678 1.06723
679 1.191078
680 0.971523
681 1.141132
682 0.946541
683 0.861182
684 1.280879
685 1.122533
686 0.956972
687 1.00483
688 1.011964
689 0.655207
690 0.656852
691 0.513667
692 0.727702
693 0.797605
694 1.047482
696 0.8444
697 0.982865
698 0.833735
699 0.9451
700 1.279169
701 0.431164
702 0.318757
703 0.481159
704 0.548762
705 0.605597
706 0.4434
707 0.727429
709 0.663038
710 0.694168
711 0.710174
712 0.739019
713 0.791786
714 0.551927
715 0.730316
716 0.751059
717 0.583137
718 0.826975
719 0.669725
720 0.754382
721 0.787798
722 0.643873
723 0.90571
724 0.625578
725 0.857714
726 0.725108
727 0.951177
728 0.682778
729 0.844344
730 0.621163
731 0.825143
732 0.670518
733 0.916493
734 0.503825
735 0.749143
736 0.706415
737 0.48288
738 0.629714
739 0.098773
740 1.226245
742 0.869581
743 0.681835
744 0.837715
745 0.666464
746 0.854324
747 0.868571
748 0.592585
749 0.815094
750 0.647231
751 0.893833
752 0.778129
753 1.211194
754 0.972084
755 0.783954
756 0.575338
757 0.3952
758 0.015713
759 0.540949
760 0.923774
761 0.789146
762 0.752127
764 0.298987
765 0.994909
766 0.939647
767 1.232822
768 1.107429
769 0.746711
770 1.074857
771 1.507036
772 1.039867
773 1.530857
774 0.941307
775 0.568659
776 0.119074
777 1.122741
778 1.091582
779 1.503592
780 1.417052
781 1.138371
782 1.315019
783 1.344767
784 0.995667
785 0.86199
786 1.01956
787 1.178751
788 0.907037
789 1.105129
790 1.081423
791 1.180771
792 0.496994
793 0.694318
794 0.551526
795 0.815094
796 0.771761
797 0.721816
798 0.761042
799 0.846857
801 0.994909
802 0.893871
803 1.358491
804 1.295857
805 1.248571
806 1.148257
807 1.016538
808 1.233882
809 1.423698
810 1.672759
811 1.33198
812 1.880151
813 1.827605
814 1.311297
815 1.738868
816 0.719605
817 1.178527
818 1.304151
819 1.524806
820 1.574362
821 1.201756
822 0.879334
823 1.216
824 1.470735
825 1.369358
826 0.771224
827 1.345487
828 1.335429
829 1.255691
830 1.344767
831 0.929952
832 1.189565
833 1.256573
834 1.357143
835 1.21357
836 0.976376
837 0.367953
838 0.189415
839 0.294311
840 0.332612
842 0.189033
843 0.101623
891 0.000677
893 0.0912
894 0.13384
895 0.123073
896 0.1216
897 0.133589
898 0.144634
899 0.168981
900 0.164571
901 0.182569
902 0.176015
903 0.174857
905 0.162887
906 0.165376
907 0.200904
908 0.199172
909 0.206321
910 0.207273
911 0.19307
912 0.228867
913 0.179757
977 0.002743
979 0.021046
980 0.082518
981 0.479228
982 0.118461
983 0.26232
984 0.25451
985 0.147004
989 0.067539
990 0.03072
992 0.042201
994 0.039796
996 0.020793
1010 0.00147
1011 0.032188
1013 0.059695
1015 0.003824
1016 0.073946
1017 0.220772
1018 0.107294
1020 0.166114
1021 0.147323
1022 0.147323
1023 0.132083
1024 0.131247
1025 0.111389
1026 0.159621
1027 0.116313
1028 0.131733
1029 0.152454
1030 0.150359
1031 0.101333
1032 0.139346
1033 0.196207
1034 0.190147
1036 0.154286
1037 0.196909
1038 0.138938
1039 0.211478
1040 0.158737
1041 0.165192
1042 0.022728
1043 0.199938
1044 0.171502
1045 0.178892
1046 0.192533
1047 0.185657
1048 0.18869
1049 0.242965
1050 0.171671
1051 0.236571
1053 0.17742
1054 0.192375
1055 0.175886
1056 0.203859
1057 0.141705
1058 0.183118
1059 0.175022
1060 0.165422
1061 0.175683
1062 0.167724
1064 0.205935
1065 0.202667
1066 0.165348
1067 0.189415
1069 0.061158
1071 0.296353
1072 0.017112
1073 0.111881
1075 0.192375
1076 0.193319
1077 0.192355
1078 0.247826
1079 0.215858
1080 0.214378
1081 0.165818
1082 0.225069
1083 0.170859
1084 0.21888
1085 0.216203
1087 0.238138
1088 0.214799
1089 0.153996
1090 0.227784
1091 0.199363
1092 0.176944
1093 0.236047
1094 0.205908
1095 0.215221
1096 0.201071
1097 0.207559
1098 0.216611
1100 0.183078
1101 0.205136
1102 0.054
1103 0.279
1104 0.203351
1105 0.071691
1106 0.147323
1107 0.191496
1108 0.225982
1110 0.196351
1111 0.182569
1112 0.226926
1113 0.239809
1114 0.207559
1115 0.217843
1116 0.212918
1117 0.20071
1118 0.221838
1119 0.213959
1120 0.214378
1121 0.221838
1122 0.196207
1123 0.236976
1124 0.216815
1125 0.207108
1126 0.210462
1127 0.215645
1128 0.082178
1129 0.18256
1130 0.206901
1132 0.196263
1133 0.195429
1134 0.194733
1135 0.188861
1136 0.172907
1137 0.165671
1138 0.217636
1147 0.016453
1148 0.216071
1149 0.470372
1150 0.924291
1155 0.126532
1156 0.131247
1157 0.166114
1158 0.206686
1160 0.21478
1161 0.20447
1162 0.193429
1163 0.220772
1164 0.166114
1165 0.220985
1166 0.199172
1167 0.18649
1168 0.19294
1169 0.192712
1170 0.197189
1172 0.189598
1173 0.184996
1174 0.155455
1175 0.163019
1176 0.158609
1177 0.199938
1178 0.216
1179 0.172346
1180 0.223564
1185 0.023084
1187 0.537483
1188 0.07296
1189 0.163506
1190 0.157668
1192 0.178851
1193 0.201488
1194 0.150212
1195 0.162133
1196 0.129954
1197 0.124691
1198 0.130935
1199 0.125129
1200 0.139073
1201 0.137328
1202 0.1248
1204 0.103779
1205 0.141867
1206 0.084185
1208 0.076972
1209 0.082423
1210 0.056412
1211 0.060038
1213 0.039652
1214 0.06056
1215 0.043463
1219 0.002954
1229 0.001051
1230 0.208174
1232 0.901271
1233 0.053023
1234 0.10944
1235 0.125793
1236 0.143646
1237 0.165192
1238 0.124364
1239 0.131611
1240 0.082596
1241 0.080768
1243 0.054877
1244 0.079496
1245 0.063138
1246 0.048683
1247 0.087943
1249 0.061981
1252 0.034753
1255 0.065662
1256 0.045449
1257 0.114
1258 0.104229
1259 0.103245
1260 0.1248
1261 0.059374
1263 0.140031
1264 0.086582
1265 0.097398
1266 0.11357
1267 0.061808
1268 0.09
1270 0.085798
1274 0.028643
1275 0.216095
1276 0.0576
1278 0.078734
1279 0.04786
1280 0.137196
1281 0.061632
1282 0.058839
1284 0.049102
1285 0.051429
1286 0.072
1287 0.098104
1288 0.07296
1289 0.085835
1290 0.069898
1292 0.046945
1293 0.053647
1294 0.086857
1295 0.115754
1296 0.092921
1297 0.085835
1298 0.094345
1300 0.083471
1301 0.081067
1302 0.046957
1303 0.092571
1304 0.094671
1305 0.094708
1306 0.11531
1307 0.119432
1308 0.144543
1309 0.139482
1310 0.147323
1311 0.107313
1312 0.152
1313 0.149781
1314 0.101404
1316 0.139073
1317 0.158456
1318 0.123429
1319 0.088486
1320 0.160941
1321 0.152
1322 0.101908
1323 0.085204
1324 0.168369
1325 0.113143
1326 0.135701
1327 0.152606
1328 0.120706
1330 0.070636
1331 0.130286
1332 0.149236
1333 0.098741
1334 0.147323
1335 0.152606
1336 0.071407
1338 0.111295
1339 0.114735
1340 0.08729
1341 0.149625
1342 0.107717
1343 0.127683
1344 0.047136
1345 0.129338
1347 0.103833
