644 1.223832
645 1.998026
646 1.212285
647 1.380362
648 1.196369
649 1.25126
651 1.410978
652 1.350645
653 1.387716
654 1.620646
655 1.39395
656 1.094509
657 1.577464
658 1.160855
659 1.439548
660 1.486156
661 0.726368
662 1.345882
663 1.268547
664 1.418212
666 1.475575
667 1.411153
668 1.314378
669 1.416973
670 1.455176
671 1.676004
672 1.4716
673 1.679818
674 1.789179
675 1.32285
676 1.930831
677 1.417636
678 1.889039
679 1.405597
680 1.33677
681 1.288647
682 1.545275
683 1.502943
684 1.825734
685 0.821566
686 1.57019
688 1.228997
689 1.564507
690 1.373328
691 1.432906
692 1.897622
693 1.52848
694 1.004851
695 0.896914
696 1.48996
697 1.443715
698 1.131754
699 1.579192
700 1.10743
702 1.492975
703 1.964713
704 1.361574
705 1.318742
706 1.78461
707 1.701621
708 1.47119
709 1.780803
710 1.386446
711 1.417255
712 1.399006
713 1.288238
714 1.585156
715 1.092105
716 1.259069
717 0.971857
719 1.282696
720 1.163061
721 0.687325
722 0.222813
723 0.853747
724 0.751145
725 0.76362
726 0.871151
727 1.061067
728 1.142969
729 1.025372
730 0.930206
731 0.757741
732 0.761084
733 0.967956
734 1.183283
735 1.071033
736 1.18765
738 1.286911
739 1.475523
740 1.369167
741 1.120685
742 1.166163
743 1.423712
744 1.047317
745 1.319896
746 1.265375
747 1.11843
748 1.183912
749 1.270996
750 1.130486
751 1.15284
752 1.060702
758 0.022536
759 0.311237
760 0.349509
761 0.481602
762 0.528435
763 0.873779
764 1.528634
765 1.145068
766 1.3085
767 1.471359
768 1.184529
769 1.482462
770 1.308951
772 1.241904
773 1.177825
774 1.310513
775 1.125328
776 1.149134
777 1.409017
778 1.692792
779 1.244718
780 1.36512
781 1.203952
782 1.436124
783 1.378987
784 1.387319
785 1.09808
786 1.279389
787 1.120076
788 1.444309
789 1.295573
791 1.776301
792 1.25514
793 1.08648
794 1.07478
795 1.06842
796 0.942138
797 1.014067
798 1.03139
799 0.920823
800 0.944476
801 1.048039
802 1.146867
803 1.204618
804 1.394014
805 0.727872
806 1.153635
807 0.907136
808 1.351945
809 1.081439
810 1.641031
811 1.299437
812 0.975459
813 1.19755
814 1.199737
815 1.148794
816 1.429117
817 1.191818
818 1.421735
819 1.12589
820 0.942751
821 1.346867
822 1.031507
824 0.892176
825 1.094442
826 0.695455
827 0.482824
828 0.396196
829 0.848519
830 1.122525
831 0.885949
832 0.688801
833 0.984533
834 0.644169
835 0.718452
836 0.621871
837 0.320167
839 0.785844
841 0.080768
842 0.547782
843 0.888333
844 0.984559
845 1.126628
846 1.101571
847 0.905071
849 1.034245
850 0.841158
851 1.09374
852 1.381063
853 1.464333
854 1.510646
855 0.673332
856 0.295542
857 0.498648
858 0.578717
859 0.721439
860 0.306507
861 0.415327
862 1.04004
863 1.234828
865 1.028933
866 1.168341
867 1.008931
868 1.332364
869 1.297236
870 1.48239
871 1.387373
872 1.113584
873 0.727903
874 1.237426
875 1.335276
876 1.382162
877 1.476563
878 1.039723
879 1.154006
880 1.114126
881 1.015207
882 0.937735
883 1.158408
884 1.344008
885 1.126501
886 1.384912
887 1.32828
888 0.849325
889 0.551588
890 0.565652
891 0.765325
892 0.742376
893 0.747085
894 0.460099
895 0.485611
896 0.624631
897 0.816903
898 0.693662
899 0.470595
900 0.104828
901 0.460873
903 0.398279
904 0.44086
905 0.963862
906 0.910424
907 1.000583
908 1.101519
909 1.187461
910 0.968256
911 0.708971
912 0.57662
913 0.436393
914 0.658109
915 0.761574
916 0.735214
917 1.024751
918 0.80877
919 0.682718
921 0.114298
922 0.461729
923 0.143224
926 0.005661
927 0.601984
928 0.300129
929 0.135491
930 1.026728
931 1.020268
932 1.262297
933 1.20155
934 0.975675
935 0.79939
936 0.912455
937 0.835817
938 0.696214
939 0.434528
940 0.313923
941 0.4199
942 0.48555
943 0.394717
944 0.421253
946 0.607515
947 0.856513
948 1.110854
949 0.938237
950 0.981156
951 0.865869
952 1.015194
953 0.833254
954 0.790853
955 0.65942
956 0.958161
957 0.701386
958 1.080412
959 1.549064
960 1.040331
961 1.636579
962 1.284337
964 1.504193
965 1.468992
966 1.45009
967 1.428716
968 1.374327
969 1.494223
970 1.476547
971 0.862101
972 1.533362
973 1.203596
974 1.738899
975 1.334067
977 1.35706
978 1.253033
979 1.456371
980 1.769495
981 1.080722
982 0.997395
983 1.336827
984 1.38157
985 1.391978
986 1.635668
987 1.694451
989 1.794029
990 1.628797
991 0.940958
992 0.978196
993 0.949147
994 0.989758
995 1.214978
996 1.374543
997 1.650651
998 1.351873
999 1.964659
1000 1.404614
1001 1.659229
1002 1.607269
1003 1.684634
1004 1.566929
1005 1.338216
1006 1.347795
1007 1.442464
1008 1.56647
1009 1.490261
1010 1.672727
1011 1.093488
1012 1.56446
1013 1.316696
1014 1.501437
1015 0.956072
1016 0.987538
1017 0.737477
1018 0.754952
1019 0.667388
1020 0.906579
1021 0.924151
1023 0.857073
1024 0.793312
1025 0.995675
1026 0.809598
1027 1.055659
1028 0.841867
1029 1.007968
1030 0.886386
1031 0.926878
1032 0.998503
1033 0.970945
1034 1.043425
1035 0.908212
1036 0.864141
1037 0.931971
1038 1.204683
1039 1.151659
1040 1.355693
1041 1.59049
1042 1.520674
1043 1.198914
1044 1.703433
1045 1.522791
1046 1.321043
1048 1.436901
1049 1.500287
1050 1.124328
1051 1.582424
1052 1.336579
1053 1.478346
1054 1.728926
1055 1.481744
1056 1.297195
1057 0.941241
1058 1.082688
1059 1.112635
1060 1.222138
1061 1.455477
1062 1.198508
1064 1.296974
1065 1.179253
1066 1.167356
1067 0.971623
1068 0.881172
1069 0.916721
1070 1.100104
1071 0.767778
1072 0.87985
1073 0.947659
1074 1.050015
1075 0.688531
1076 0.666252
1077 0.443788
1078 0.329328
1079 0.269557
1080 0.166692
1081 0.157846
1082 0.172267
1083 0.25985
1084 0.435165
1085 0.411347
1086 0.4376
1087 0.279073
1088 0.368412
1089 0.262624
1091 0.303398
1092 0.255701
1093 0.22978
1094 0.26333
1096 0.097942
1097 0.478995
1098 0.189719
1099 0.189415
1102 0.061483
1103 0.382657
1104 0.41116
1105 0.559313
1106 0.171839
1107 0.283362
1108 0.499036
1109 0.590873
1110 0.66842
1111 0.57555
1112 0.412966
1114 0.432814
1115 0.603001
1116 0.706014
1117 0.746175
1118 0.778653
1119 0.672703
1120 0.789682
1121 0.66268
1122 0.842706
1123 0.712607
1124 0.521696
1125 0.761576
1126 0.788523
1127 0.684787
1128 0.599547
1129 0.801638
1130 0.609126
1131 0.55159
1132 0.48842
1133 0.27109
1134 0.351897
1135 0.366196
1136 0.302416
1137 0.453798
1138 0.634709
1139 0.864821
1140 0.839921
1141 0.799089
1142 0.591056
1143 0.750091
1144 0.615002
1145 0.509114
1146 0.384927
1147 0.375529
1148 0.155517
1149 0.215221
1150 0.195042
1151 0.192549
1152 0.268235
1153 0.204259
1154 0.311153
1156 0.152513
1157 0.84324
1158 0.400231
1159 0.128753
1160 0.471937
1161 0.484145
1162 0.425442
1163 0.491126
1164 0.730183
1165 0.6547
1166 0.571556
1167 0.497795
1168 0.653108
1169 0.455908
1170 0.563556
1171 0.700562
1172 0.587964
1173 0.549891
1174 0.401971
1175 0.465897
1176 0.503899
1177 0.659018
1178 0.619755
1179 0.497283
1180 0.631768
1181 0.822216
1182 0.693887
1184 0.891556
1185 0.948069
1186 0.890287
1187 0.721308
1188 0.678012
1189 0.858722
1190 0.820329
1191 0.780216
1192 1.073766
1193 0.909951
1194 0.831809
1195 1.061187
1196 0.831421
1197 0.854734
1198 0.791548
1199 1.099929
1200 1.025208
1201 0.883153
1202 0.884537
1203 0.856208
1204 0.913513
1206 0.928742
1207 1.203122
1208 0.699767
1209 1.751673
1210 1.20673
1211 1.71667
1212 0.636013
1213 1.062994
1214 0.683751
1215 1.057341
1216 1.0306
1217 0.65661
1218 0.644313
1219 0.500185
1220 0.724404
1221 0.679827
1222 0.626929
1223 0.575744
1224 0.64537
1226 0.645481
1227 0.649318
1228 0.686408
1229 1.015453
1230 1.614669
1231 1.123313
1232 1.690797
1233 1.29466
1234 1.114092
1235 0.676741
1236 0.540904
1237 0.97022
1238 0.719085
1239 0.837376
1240 0.897499
1241 0.796891
1242 1.012993
1243 0.932513
1244 0.943715
1245 1.173251
1246 1.014842
1247 0.859923
1248 0.912681
1249 0.937842
1250 0.93845
1252 0.823834
1253 0.841654
1254 0.865419
1255 1.004224
1256 0.988031
1257 0.776393
1258 0.934322
1259 0.689564
1260 1.225654
1261 1.017736
1262 1.17819
1263 0.714008
1264 0.841071
1265 1.383715
1266 1.015032
1267 1.13263
1268 1.07262
1269 1.141946
1270 0.879421
1271 1.258741
1272 1.105808
1274 0.712842
1275 0.850671
1276 0.967812
1277 0.919243
1278 1.093677
1279 0.896266
1280 1.026287
1281 1.138241
1282 0.942287
1283 0.791992
1285 0.727205
1286 0.761788
1287 0.213149
1288 0.318757
1289 0.366562
1290 0.300878
1291 0.21888
1292 0.113193
1293 0.444261
1294 0.166939
1295 0.249467
1296 0.213124
1297 0.317217
1298 0.158366
1299 0.148753
1300 0.05114
1301 0.05114
1302 0.110756
1303 0.350633
1304 0.216246
1305 0.175517
1306 0.225318
1307 0.241362
1308 0.340008
1310 0.320467
1311 0.385969
1312 0.481851
1313 0.460265
1314 0.55826
1315 0.358558
1316 0.740747
1317 0.982589
1318 0.725141
1319 0.632107
1320 0.743865
1321 0.371724
1322 0.416999
1323 0.618885
1324 0.365019
1325 0.427553
1326 0.44643
1327 0.370012
1328 0.145465
1329 0.318448
1331 0.124316
1333 0.106771
1334 0.615598
1335 0.591775
1336 0.603368
1337 0.720473
1338 0.612115
1339 0.892651
1340 0.757866
1341 0.74863
1342 0.803576
1343 0.706408
1344 0.439208
1346 0.200635
1347 0.517811
1348 0.546307
1349 0.283733
1350 0.289694
1351 0.279724
1353 0.200501
1354 0.884404
1355 0.892135
1356 0.952359
1357 1.364153
1358 0.935897
1359 1.055028
1360 0.976506
1361 0.744054
1362 0.889715
1363 1.160063
1364 1.317352
1365 1.00438
1366 1.049672
1367 1.051992
1368 0.698603
1369 0.819634
1370 0.972063
1371 0.781125
1372 0.65738
1373 1.101632
1374 0.966337
1375 1.381235
1376 1.160634
1377 1.030408
1378 0.986558
1379 0.690664
1380 0.823536
1381 1.045941
1382 1.06884
1383 0.981537
1384 0.629082
1386 0.669809
1387 0.75181
1388 0.857779
1389 0.934511
1390 1.012832
1391 1.199081
1392 0.96084
1393 0.613838
1394 0.963559
1395 1.093886
1396 0.948309
1397 0.514204
1398 0.659348
1399 0.846603
1400 0.793586
1401 0.877067
1402 0.930508
1403 0.704285
1404 0.87322
1405 0.70711
1406 0.919199
1407 0.978345
1409 0.81613
1410 0.997175
1411 0.796019
1412 1.132931
1413 0.822756
1414 0.694235
1415 0.564253
1416 0.540948
1417 0.800974
1418 0.859608
1419 0.764125
1420 0.659097
1421 0.562527
1422 0.532204
1423 0.479225
1424 0.536825
1425 0.507937
1426 0.631411
1427 0.628467
1428 0.379493
1429 0.771834
1430 0.5832
1431 0.580184
1432 0.745646
1433 0.66576
1434 0.726194
1435 0.733899
1436 0.716839
1437 1.138555
1438 0.578423
1440 0.4298
1441 0.495018
1442 0.664428
1443 0.586376
1444 0.527382
1445 0.563909
1446 0.557929
1447 0.466991
1448 0.575859
1449 0.652288
1450 0.962904
1451 1.070321
1452 0.77789
1453 0.453858
1454 0.833814
1455 0.90785
1456 0.618922
1457 0.474131
1458 0.55353
1459 0.754669
1460 0.808698
1461 0.85051
1462 0.707522
1463 0.813722
1465 0.682749
1466 0.675889
1467 0.375048
1468 0.559827
1469 0.719042
1470 0.660115
1471 0.842921
1472 0.976798
1473 0.675869
1474 0.798714
1475 0.707066
1476 0.92692
1477 0.935877
1479 0.907848
1480 1.007057
1481 0.820832
1482 0.78445
1483 0.621099
1484 0.857624
1485 0.865592
1486 0.824879
1487 0.76654
1488 0.497617
1489 0.619271
1490 0.4976
1491 0.715446
1492 0.474661
1493 0.417693
1494 0.662846
1495 0.592956
1497 0.779925
1498 0.685922
1499 0.63698
1500 0.70602
1501 0.511279
1502 0.65137
1503 0.733077
1504 0.668933
1505 0.489517
1506 0.385215
1507 0.521896
1508 0.513363
1509 0.61078
1510 0.564407
1511 0.517381
1512 0.718737
1513 0.612177
1514 0.510315
1515 0.692602
1516 0.707429
1518 0.751342
1519 0.831485
1520 0.489236
1521 0.409945
1522 0.818891
1523 0.612755
1524 0.84601
1525 0.63348
1526 0.615183
1527 0.828938
1528 0.641808
1529 0.577244
1530 0.444479
1531 0.355211
1532 0.46448
1533 0.482993
1534 0.406941
1535 0.498607
1536 0.537052
1537 0.547449
1538 0.593437
1539 0.52425
1540 0.556257
1541 0.374743
1542 0.602753
1543 0.467216
1544 0.390083
1545 0.278673
1546 0.329264
1547 0.335905
1548 0.298128
1549 0.257743
1551 0.40221
1552 0.542722
1553 0.646921
1554 0.679215
1555 0.455121
1556 0.295826
1557 0.369529
1558 0.341031
1559 0.264712
1560 0.514091
1561 0.565822
1562 0.616045
1563 0.600251
1564 0.385423
1565 0.311895
1566 0.47847
1567 0.385646
1568 0.236768
1569 0.214588
1570 0.22714
1571 0.301196
1572 0.3648
1573 0.323109
1574 0.243319
1575 0.151699
1576 0.19144
1578 0.065307
1579 0.533208
1580 0.314234
1582 0.304353
1583 0.266407
1584 0.278965
1585 0.091858
1586 0.104328
1587 0.1824
1588 0.139161
1589 0.162578
1590 0.170374
1591 0.162857
1592 0.148632
1593 0.191293
1594 0.183419
1595 0.227774
1596 0.152535
1597 0.242031
1598 0.191254
1599 0.084257
1601 0.125074
1602 0.123082
1603 0.22313
1604 0.150212
1605 0.262583
1606 0.488761
1607 0.362824
1608 0.407549
1609 0.313923
1610 0.166185
1611 0.18733
1612 0.091124
1613 0.118024
1614 0.086771
1615 0.047583
1616 0.035387
1617 0.063199
1618 0.134219
1619 0.092052
1621 0.084185
1622 0.052114
1623 0.042501
1624 0.029478
1625 0.058733
1626 0.046334
1627 0.050714
1628 0.081067
1630 0.047583
1631 0.072272
1632 0.106252
1633 0.173833
1634 0.157846
1635 0.129338
1636 0.077529
1637 0.130405
1638 0.100404
1639 0.042092
1640 0.249413
1641 0.097521
1642 0.074831
1643 0.028303
1645 0.462669
1646 0.24922
1647 0.092431
1648 0.043228
1649 0.038066
1650 0.052114
1651 0.050202
1652 0.069016
1654 0.080397
1655 0.069808
1656 0.582758
1657 0.647659
1658 1.148467
1659 0.897823
1660 0.569057
1661 0.576133
1662 0.454261
1663 0.302816
1664 0.323477
1665 0.548665
1666 0.408892
1667 0.454267
1668 0.398627
1670 0.503341
1671 0.503636
1672 0.448256
1673 0.329492
1674 0.476675
1675 0.565711
1676 0.659443
1677 0.904711
1678 0.67773
1679 0.887129
1680 1.03352
1681 0.987158
1682 0.991728
1683 0.808343
1684 1.077339
1685 1.039923
1686 0.944277
1688 0.764292
1689 0.905798
1690 0.887663
1691 0.826632
1692 0.829655
1693 0.707303
1694 0.361349
1695 0.477648
1696 0.796227
1697 1.185149
1698 0.839034
1699 0.687425
1700 0.693998
1701 0.775473
1702 0.314206
1703 0.520111
1704 0.425039
1705 0.520647
1706 0.275953
1707 0.365158
1708 0.538509
1709 0.998771
1710 0.656072
1711 0.884012
1712 0.626659
1713 0.776745
1714 0.687128
1715 0.894539
1716 1.31181
1717 1.099726
1718 1.121678
1719 1.031273
1720 0.714295
1721 1.137615
1722 1.047549
1724 0.548716
1725 0.184105
1726 0.252408
1727 0.260313
1728 0.219933
1729 0.229303
1730 0.153647
1731 0.767897
1732 0.917259
1733 0.862257
1734 0.761622
1735 0.59578
1736 0.686566
1737 0.790123
1738 0.707592
1739 0.694178
1740 0.609935
1741 0.923433
1742 1.048114
1743 1.136674
1744 0.726749
1745 0.855296
1746 0.97053
1747 1.312928
1748 1.180779
1749 1.516396
1750 1.090556
1751 1.444841
1752 1.384753
1754 1.256571
1755 1.261882
1756 0.895144
1757 1.061701
1758 1.118566
1759 1.268116
1760 1.198309
1761 1.088439
1762 1.153323
1763 1.153145
1764 1.231231
1765 1.076493
1766 0.991105
1767 1.135905
1768 0.876693
1769 1.033833
1770 0.973932
1771 1.09246
1772 1.100515
1773 0.604143
1774 0.897654
1775 1.072151
1776 0.756784
1777 0.674938
1778 0.974968
1779 0.787176
1780 0.863153
1781 0.649275
1782 0.658669
1783 0.574289
1784 0.463075
1785 0.324705
1786 0.504777
1787 0.390226
1788 0.525741
1789 0.479278
1790 1.020835
1792 0.875647
1793 0.796352
1794 0.825757
1795 0.923558
1796 1.208982
1797 0.689774
1798 0.393134
1799 0.30756
1800 0.521143
1801 0.244156
1802 0.292562
1806 0.055372
1807 0.204059
1808 0.265373
1810 0.108805
1811 0.193129
1812 0.162696
1817 0.023517
1820 0.019367
1821 0.379248
1822 0.662406
1823 0.40103
1824 0.541483
1825 0.412249
1826 0.364443
1827 0.175302
1841 0.032346
1843 0.916956
1844 0.936719
1845 0.811817
1846 0.980933
1847 1.098461
1848 1.086265
1849 0.931716
1850 1.19497
1851 1.318
1852 1.050174
1853 1.29505
1854 1.128711
1855 0.877299
1856 0.904943
1857 0.472544
1858 0.499676
1859 0.939564
1860 0.936647
1862 0.876705
1863 0.815495
1864 0.851213
1865 0.714242
1866 0.853764
1867 0.841758
1868 0.850117
1869 0.888309
1870 0.794276
1871 0.627147
1872 1.345063
1873 0.950183
1874 1.071888
1875 1.166202
1876 1.243619
1877 0.906105
1878 1.416943
1879 0.994299
1881 1.377665
1882 0.604426
1883 0.926931
1884 0.757454
1885 1.177306
1886 1.23956
1887 1.01045
1888 1.448479
1889 0.930861
1890 1.056802
1891 0.950258
1892 1.016152
1893 1.048886
1894 1.132811
1895 1.139183
1897 0.8488
1898 0.955566
1899 1.044655
1900 1.128317
1901 0.950836
1902 1.140819
1903 1.316163
1904 1.044531
1905 0.911374
1906 1.145616
1907 1.112831
1908 1.029642
1910 0.817218
1911 0.951186
1912 1.57246
1913 1.054874
1914 0.672404
1915 0.950243
1916 1.172671
1917 0.607785
1918 0.736206
1919 0.811059
1920 0.533714
1921 1.069867
1922 1.251111
1923 1.146133
1925 0.423818
1926 0.838161
1927 0.427284
1928 0.6673
1929 0.32295
1930 0.73753
1931 0.528
1932 0.852031
1933 0.577479
1934 0.920579
1935 0.671617
1936 0.97103
1937 0.844594
1938 0.779592
1939 0.893657
1940 0.836677
1941 0.924143
1942 0.87078
1943 0.797862
1944 0.333296
1945 0.556787
1946 0.553943
1947 0.382021
1948 0.877336
1949 0.916252
1950 0.946741
1951 1.18159
1952 1.145007
1953 0.97124
1954 1.131382
1955 0.952767
1956 1.137849
1957 1.081339
1958 1.022865
1960 0.774936
1961 0.995021
1962 0.993126
1963 1.011248
1964 0.974241
1965 0.926625
1966 1.027794
1967 1.068356
1968 0.938197
1969 0.981167
1970 0.8959
1971 0.96287
1972 1.03215
1973 0.988186
1974 0.986635
1975 1.020853
1976 1.165027
1977 0.7552
1979 0.833063
1980 1.129822
1981 0.84187
1982 1.196291
1983 0.756157
1984 0.9824
1985 1.258701
1986 1.020431
1987 1.023037
1988 0.863626
1989 1.162434
1990 0.726107
1991 1.089966
1993 1.148121
1994 1.070119
1995 0.544256
1996 0.901381
1997 0.904069
1998 0.982371
1999 0.95446
2000 1.140622
2001 0.803549
2002 0.534322
2003 0.970118
2007 0.060963
2008 0.26298
2009 0.42863
2010 0.420605
2011 0.615736
2012 0.620567
2013 0.682326
2014 0.610947
2015 0.802278
2016 0.866394
2017 0.436549
