653 0.051851
654 1.050837
655 2.612679
656 1.284843
657 1.327109
658 1.233318
659 1.498262
660 1.004851
661 1.070137
663 0.827624
664 1.197529
665 0.999481
666 1.145031
667 1.010127
668 0.955661
669 1.091504
670 0.850917
671 1.218462
672 1.292727
673 0.843273
674 1.165141
675 0.948917
676 0.795436
678 0.938444
679 0.833794
680 1.199656
681 0.880071
682 0.797238
683 0.795244
684 0.244686
685 0.311458
686 0.305106
687 0.140863
688 0.128118
689 0.453578
690 0.131855
691 0.262394
692 0.423733
693 0.357925
695 0.305318
696 0.440338
697 0.353774
698 0.492606
699 0.306571
700 0.582517
701 0.616
702 0.384293
703 0.728567
704 0.822247
705 1.059965
706 0.789555
707 0.876242
708 0.660364
709 0.632262
710 0.524787
711 0.717991
712 0.973017
713 0.503152
714 0.474883
715 0.584071
716 0.661574
717 0.433426
718 0.226139
719 0.3352
720 0.423015
721 0.587278
722 0.441937
723 0.535002
725 0.418955
726 0.627777
727 0.411754
728 0.225318
729 0.081665
731 0.098506
732 0.467573
733 0.458774
735 0.268857
736 0.828966
737 0.638086
738 0.763387
739 0.460685
740 0.427976
742 0.564079
743 0.553216
744 0.509275
745 0.39389
746 0.477098
747 0.694224
748 0.751065
749 0.848428
750 0.758492
751 0.766208
752 0.780891
753 0.694831
754 1.142031
755 0.917164
756 0.876032
757 0.426101
758 0.570573
759 0.85985
760 0.666307
761 0.898283
763 0.684626
764 0.907398
765 0.67718
766 0.855493
767 0.676304
768 1.076274
769 0.682136
770 0.825476
771 0.906231
772 0.644107
773 0.659616
774 1.178944
775 0.895929
776 0.791786
777 0.916476
778 1.289023
779 0.877206
780 1.224792
781 0.831867
782 0.583723
783 0.22589
784 0.297507
785 0.189161
786 0.497947
787 0.438224
788 0.267647
789 0.61375
790 0.708691
792 0.677753
793 0.757302
794 0.476943
795 0.195235
796 0.1648
797 0.128119
798 0.43177
799 0.379844
800 0.465562
801 0.572826
802 0.890086
803 0.543707
804 0.514507
805 0.81158
806 0.598509
808 0.850444
809 1.030034
810 0.952239
811 1.348274
812 0.892827
813 1.155126
814 0.967825
815 0.555933
816 0.551056
817 0.538596
818 0.763446
819 0.295897
820 0.310254
821 0.626246
822 0.939029
823 0.81043
824 0.610326
825 0.804952
826 0.738581
828 0.424983
829 0.427431
830 0.506075
831 0.54294
832 0.59596
833 0.384322
834 0.57063
835 0.461817
836 0.258779
837 0.740388
838 0.807644
839 0.720372
840 0.491352
841 0.746365
842 0.582926
843 0.511969
845 0.351843
846 0.419171
847 0.188861
848 0.086164
849 1.043137
850 1.434725
851 1.138295
852 1.397239
853 1.48145
854 1.274805
855 1.349296
856 0.96012
857 1.351762
859 0.886553
860 0.875792
861 0.954737
862 0.940919
863 1.015313
864 1.01059
865 1.321878
866 1.369484
867 0.928854
868 1.215372
869 1.219924
870 0.963572
871 1.004984
872 1.070537
873 0.856274
874 1.160591
875 0.619407
876 0.872816
877 0.523937
878 0.549394
880 0.558481
881 1.042321
882 0.750985
883 0.851009
884 0.657228
885 0.512846
887 0.237611
888 0.873828
889 0.912315
890 1.066658
891 0.96199
892 0.385176
893 0.838818
894 0.549659
895 0.991398
896 0.847302
897 0.79172
898 1.032554
899 1.373027
900 1.24
901 1.242242
902 1.024341
903 0.963754
904 0.914031
905 0.899067
907 0.948604
908 0.874975
909 0.976635
910 0.826338
911 0.90388
912 0.999263
913 1.350997
914 1.002231
915 1.349085
916 1.437159
917 0.903085
918 1.122106
919 1.37007
920 1.024917
921 1.352055
922 1.37627
924 1.349328
925 1.206067
926 1.000487
927 1.009308
928 1.068105
929 1.142788
930 1.147705
931 1.230516
932 1.353333
933 0.988802
934 0.954368
935 0.832816
937 1.002095
938 1.048315
939 1.180941
940 1.124472
941 0.839346
942 0.017625
943 0.695363
944 0.915477
945 0.900244
946 1.122957
947 1.055199
948 0.939802
949 0.983611
950 0.77059
951 0.7744
952 0.894227
953 0.560324
954 0.557921
955 1.286384
956 1.048341
957 0.67192
958 0.702798
959 0.81718
960 0.80421
961 0.338427
962 0.594669
964 0.102099
965 0.191254
966 0.120967
967 0.135702
968 0.762228
969 0.879177
970 0.966184
971 0.875445
972 1.072347
974 0.980276
975 0.906333
976 0.907933
977 0.785241
978 0.801409
979 0.365776
980 0.309938
982 0.319336
983 0.786494
984 0.6762
985 0.210969
987 0.553223
988 0.630867
989 0.503728
990 0.403759
991 0.07086
992 0.157263
994 0.49278
995 0.76141
996 0.750577
997 0.926524
998 1.211549
999 1.113952
1000 1.397333
1001 1.461228
1002 1.054327
1003 1.412459
1004 1.078855
1005 1.284132
1006 0.700044
1007 1.289087
1008 1.187145
1009 1.559217
1010 1.008251
1011 1.312192
1012 1.235457
1013 0.56324
1014 0.444311
1015 0.476768
1017 0.171033
1018 0.725219
1019 1.259438
1020 1.38507
1021 0.892084
1022 1.137464
1023 0.377564
1024 0.694564
1025 0.71436
1026 0.643992
1027 0.631263
1028 0.521796
1029 0.627702
1030 0.788071
1031 0.56983
1032 0.551425
1033 0.418954
1034 0.375581
1035 0.218738
1036 0.31645
1037 0.44626
1038 0.440651
1039 0.482091
1040 0.466573
1041 0.354571
1042 0.197846
1043 0.403248
1045 0.929506
1046 1.034831
1047 1.047145
1048 1.0937
1049 1.090495
1050 1.117578
1051 0.86404
1052 1.138664
1053 1.012117
1054 0.870746
1055 0.854281
1056 0.853566
1057 0.674483
1058 0.45897
1059 0.660448
1060 0.711389
1061 1.040182
1062 1.04851
1063 0.731039
1064 0.973154
1065 0.616184
1066 0.706433
1067 0.475386
1068 0.375239
1069 0.450635
1070 0.329774
1071 0.311153
1072 0.223984
1074 0.264348
1075 0.318829
1076 0.22714
1080 0.021812
1081 0.009306
1083 0.021661
1085 0.038957
1086 0.018724
1087 0.415042
1090 0.042483
1091 0.130458
1093 0.0456
1094 0.018869
1095 0.009694
1103 0.023686
1104 0.255521
1105 0.167562
1106 0.262096
1107 0.132964
1108 0.185492
1109 0.073662
1110 0.097617
1111 0.162255
1113 0.2847
1114 0.375162
1115 0.302975
1116 0.282867
1117 0.378872
1118 0.255929
1119 0.318477
1120 0.404523
1121 0.28515
1122 0.357785
1123 0.222226
1124 0.252554
1125 0.268235
1126 0.124889
1127 0.163996
1128 0.244381
1129 0.102232
1130 0.173028
1145 0.006004
1146 0.078876
1147 0.061947
1148 0.058629
1149 0.065203
1150 0.400522
1152 0.209606
1153 0.926644
1154 1.097963
1155 1.026257
1156 1.33429
1157 1.042093
1158 1.013719
1159 1.050941
1160 1.163367
1161 1.151604
1162 0.828423
1163 0.48
1164 0.196337
1165 0.383802
1166 0.429212
1167 0.874821
1168 1.067871
1169 1.618853
1170 1.460741
1172 1.275037
1173 1.320746
1174 1.259593
1175 1.270248
1176 1.425159
1177 1.378664
1178 1.497029
1179 1.338
1181 1.320439
1182 1.456293
1183 0.961422
1184 1.502036
1185 1.575473
1186 1.293289
1187 1.421307
1188 1.235784
1189 1.407086
1190 1.400493
1191 1.589754
1193 1.798881
1194 1.69637
1195 1.79604
1196 1.12633
1197 1.535508
1198 1.52156
1199 0.83752
1200 1.272334
1201 1.23915
1202 1.492627
1203 1.024786
1204 1.316234
1205 1.426931
1207 1.39915
1208 1.357827
1209 1.32771
1210 1.394483
1211 1.498595
1212 1.401229
1213 1.558555
1214 1.283652
1215 1.30032
1217 1.404089
1218 1.34896
1219 1.349207
1220 1.597172
1221 1.535984
1222 1.119039
1223 1.435661
1224 1.289167
1225 1.314501
1226 1.497939
1227 1.736416
1228 1.544484
1229 1.289319
1230 1.41556
1231 1.553213
1232 1.283184
1233 1.457743
1234 1.446074
1235 1.270652
1236 1.290981
1237 1.117565
1238 1.479278
1240 1.361013
1241 0.564135
1242 1.422785
1243 1.071669
1244 1.551968
1245 1.254678
1246 1.653074
1247 1.810746
1248 1.454994
1249 1.506912
1250 1.566431
1251 0.75648
1252 0.718948
1254 0.766133
1255 0.865633
1256 1.028938
1257 1.048769
1258 1.259148
1259 1.208878
1260 1.086456
1261 0.953187
1262 0.966345
1263 1.103834
1264 1.014556
1265 1.531357
1266 1.324012
1267 1.629522
1268 1.210571
1269 1.338076
1270 1.573762
1271 0.892702
1272 0.586149
1273 1.012777
1274 1.030257
1275 0.754888
1276 0.493846
1277 0.573773
1278 0.552618
1279 0.399406
1281 0.424907
1282 0.153465
1283 1.134362
1284 0.854922
1285 0.360698
1286 0.404506
1287 0.354071
1288 0.312301
1289 0.853883
1290 0.465719
1291 0.348202
1292 0.28385
1293 0.145011
1294 0.207314
1295 0.49611
1296 0.934652
1297 1.086127
1298 0.908559
1299 0.840911
1300 0.885506
1302 0.726683
1303 0.937328
1304 1.225327
1305 1.008735
1306 1.096309
1307 1.308697
1308 0.847443
1309 1.165387
1310 1.121127
1311 1.068675
1312 1.075537
1313 0.980844
1314 1.290749
1315 1.215873
1316 1.15251
1317 1.03977
1318 1.256183
1319 1.112807
1320 1.276277
1322 1.029124
1323 1.084079
1324 1.008737
1325 0.956032
1326 1.047089
1327 0.920864
1328 1.051156
1329 1.191525
1330 0.981027
1331 1.221405
1332 1.159712
1333 1.058479
1334 0.784824
1335 0.911293
1336 0.825558
1337 0.771341
1338 1.066599
1339 0.673906
1340 0.582226
1341 0.531303
1342 0.522018
1343 0.745807
1345 1.084166
1346 0.873665
1347 0.881331
1348 0.776573
1349 0.607705
1350 0.570785
1351 0.84259
1352 0.829075
1353 0.728282
1354 0.74193
1355 1.110206
1356 1.234859
1357 0.904646
1358 1.255576
1359 1.026442
1360 0.633343
1361 0.966058
1362 0.649749
1363 0.640125
1364 0.724168
1365 0.613582
1366 0.699089
1367 0.913351
1368 1.072152
1369 1.177683
1370 0.955325
1371 0.920254
1372 0.977663
1373 0.832941
1374 0.880709
1375 0.795695
1376 0.796705
1377 0.952587
1378 0.919295
1379 0.87351
1380 1.086335
1382 0.514123
1383 0.856681
1384 0.867916
1385 1.009815
1386 1.206535
1387 0.849077
1388 0.806518
1389 0.917064
1390 0.835941
1391 0.972455
1392 1.084055
1393 0.985145
1394 0.975034
1395 0.929053
1396 0.745455
1397 1.150652
1398 1.086741
1399 1.045906
1400 1.079826
1401 0.883731
1402 1.211205
1403 0.912967
1404 0.952768
1405 1.21981
1406 1.261038
1407 1.021267
1408 0.891152
1409 0.467762
1410 0.660974
1411 0.528744
1412 0.796551
1413 0.672182
1414 0.542836
1415 0.446854
1416 0.528559
1417 0.779026
1418 0.857038
1420 0.875084
1421 0.857932
1422 0.599921
1423 0.85223
1424 0.516137
1425 0.76166
1426 0.759383
1427 0.825255
1428 0.984697
1429 0.811327
1430 0.595988
1431 0.888039
1432 1.238088
1433 0.811295
1434 1.052739
1435 0.92503
1436 1.031016
1437 1.121463
1438 0.724146
1439 0.977087
1440 1.081958
1441 0.673383
1442 0.739354
1443 0.947556
1444 0.739318
1445 0.694684
1446 1.003453
1447 0.565085
1448 0.658796
1449 0.713886
1451 1.028571
1452 0.933957
1453 0.665534
1454 0.68804
1455 0.725812
1456 0.726373
1457 0.74368
1458 0.662573
1459 1.1072
1460 1.052055
1461 0.944127
1462 1.066588
1463 0.922185
1464 0.62377
1465 0.845183
1466 0.960206
1467 0.734368
1468 0.718693
1469 0.828487
1470 0.937817
1471 0.839778
1472 0.778194
1473 0.518194
1474 0.530322
1475 0.663422
1476 0.940761
1477 0.766133
1479 0.460045
1480 0.531473
1486 0.001943
1487 0.006407
1488 0.465908
1490 0.979207
1491 1.115168
1492 1.102059
1493 1.095358
1494 1.107181
1495 1.260098
1496 1.493758
1497 1.618166
1498 1.142397
1499 0.917529
1500 1.307986
1501 1.261423
1502 1.219947
1503 1.263335
1504 1.058393
1505 1.309552
1506 1.092545
1507 1.405109
1508 0.773188
1509 0.953435
1510 0.920277
1512 1.124893
1513 1.34871
1514 1.179984
1515 0.854593
1516 0.952864
1517 0.898923
1518 0.765505
1519 0.656507
1520 0.448721
1521 0.604691
1522 0.542596
1523 0.40829
1524 0.625101
1525 0.749492
1526 0.487369
1527 0.374428
1528 0.291823
1529 0.336238
1530 0.371285
1531 0.616999
1532 0.479749
1533 0.827875
1534 0.533633
1535 0.372867
1536 0.311945
1537 0.429176
1538 0.279047
1539 0.300742
1540 0.450635
1541 0.497084
1542 0.662898
1544 0.485962
1545 0.598988
1546 0.402153
1547 0.360431
1548 0.473397
1549 0.431612
1550 0.561537
1551 0.574289
1552 0.458788
1553 0.323561
1554 0.602547
1555 0.569217
1556 0.418609
1557 0.715861
1558 0.612404
1559 0.521773
1560 0.412163
1561 0.471632
1562 0.271366
1563 0.371883
1564 0.26724
1565 0.330385
1566 0.260446
1567 0.2736
1568 0.252554
1569 0.109196
1570 0.139482
1571 0.162535
1573 0.081824
1574 0.134219
1575 0.186836
1576 0.24922
1577 0.206453
1578 0.306126
1579 0.258084
1580 0.185842
1581 0.112508
1582 0.179064
1583 0.244144
1584 0.336652
1585 0.228277
1586 0.260571
1587 0.206792
1588 0.465933
1589 0.418503
1590 0.541782
1591 0.315899
1592 0.441412
1593 0.472304
1594 0.459394
1596 0.53552
1597 0.675005
1598 0.813344
1599 0.843794
1600 0.633837
1601 0.705172
1602 0.660444
1603 0.50729
1604 0.530115
1605 0.882287
1606 0.465139
1607 0.472943
1608 0.499413
1609 0.438761
1610 0.267973
1611 0.207245
1612 0.262394
1613 0.19555
1614 0.216713
1615 0.13841
1616 0.162213
1617 0.820281
1618 0.540154
1619 0.477259
1620 0.50882
1621 0.503232
1622 0.521435
1623 0.565705
1624 0.769007
1625 0.808344
1626 0.874384
1628 0.786315
1629 0.990828
1630 0.985431
1631 1.017853
1632 0.918953
1633 0.932776
1634 0.681988
1635 0.921399
1636 0.665308
1637 0.830831
1638 0.642602
1639 0.819177
1640 0.656313
1641 0.400919
1642 0.272349
1645 0.050258
1646 0.771401
1647 0.265009
1648 0.386013
1649 0.322004
1650 0.341693
1651 0.524199
1652 0.303271
1653 0.474192
1654 0.745065
1656 0.335597
1657 0.311153
1658 0.370342
1659 0.650371
1660 0.517434
1661 0.636459
1662 0.377822
1663 0.413457
1664 0.666554
1665 0.450475
1666 0.556058
1667 0.337645
1668 0.357576
1669 0.250486
1670 0.368412
1671 0.229724
1672 0.719825
1673 0.841694
1674 0.63698
1675 0.59303
1676 0.642685
1677 0.790867
1678 0.639569
1679 0.621974
1680 0.71669
1681 1.057335
1682 0.855208
1683 0.978604
1684 0.989175
1685 1.099933
1686 0.950474
1687 0.989236
1688 0.887741
1689 1.184697
1690 1.058765
1692 1.187078
1693 1.027018
1694 1.308915
1695 1.139121
1696 0.894082
1697 1.246345
1698 1.04078
1699 1.206597
1700 1.243303
1701 0.950556
1702 1.186502
1703 1.137828
1704 0.932437
1705 1.364412
1706 1.214586
1707 1.345015
1708 1.084301
1709 0.867307
1710 1.335506
1711 1.104336
1712 1.101352
1714 1.240958
1715 0.821251
1716 0.71732
1717 0.672722
1718 0.984711
1719 0.73101
1720 0.845907
1721 0.720893
1722 0.874329
1723 1.112614
1724 0.734038
1725 0.521827
1726 0.750494
1727 0.468855
1728 0.632655
1729 0.79207
1730 1.033519
1731 1.044377
1732 1.323349
1733 1.176494
1734 0.962597
1735 0.943175
1736 0.93179
1737 0.385785
1738 0.300398
1739 0.4784
1740 0.493553
1750 0.006389
1752 0.106601
1753 0.2432
1755 0.082273
1757 0.297176
1758 0.243789
1760 0.272394
1761 0.487604
1774 0.008956
1775 1.12796
1776 0.777616
1777 0.84519
1778 0.975581
1780 0.949834
1781 1.071268
1782 0.95581
1783 1.037783
1784 0.6718
1785 1.104983
1786 0.83124
1787 1.274693
1788 1.112543
1789 1.368055
1790 0.85341
1791 0.744142
1792 1.014028
1793 0.681396
1794 1.009654
1795 0.691925
1796 1.142402
1797 0.886161
1799 0.784034
1800 1.030723
1801 0.930728
1802 1.075751
1803 1.030376
1804 1.198859
1805 1.115699
1806 1.142448
1807 1.176502
1808 1.253156
1809 0.883129
1810 1.184673
1811 1.487225
1812 1.175169
1813 0.970144
1814 1.189491
1815 0.724147
1816 0.982064
1817 1.032671
1818 0.835687
1820 0.952968
1821 1.145307
1822 1.10698
1823 1.027164
1824 0.962664
1825 1.009475
1826 1.500838
1827 1.33064
1828 1.154313
1829 0.877312
1830 1.024562
1831 0.605651
1832 0.891373
1833 0.943191
1834 0.781634
1835 0.658757
1837 0.786743
1838 0.956267
1839 1.18563
1840 1.575429
1841 0.563941
1844 0.291818
1845 0.281417
1846 0.219576
1847 0.513122
1848 0.443541
1849 0.540259
1851 0.612531
1852 0.64561
1853 0.629505
1854 0.580559
1855 0.407739
1856 0.381946
1857 0.437708
1858 0.488816
1859 0.489337
1860 0.565788
1861 0.552507
1862 0.485449
1863 0.518986
1864 0.474004
1865 0.941081
1866 1.206354
1867 1.032551
1868 1.086604
1869 1.515126
1870 1.065814
1871 1.304701
1872 0.975504
1873 0.924907
1874 0.845558
1875 1.098439
1876 1.188622
1877 0.977215
1878 1.057169
1880 0.681711
1881 0.713917
1882 0.953369
1883 0.499737
1884 0.563042
1885 0.59656
1886 0.874313
1887 0.628531
1888 0.814385
1889 0.801183
1890 0.820077
1891 0.840855
1892 0.445003
1893 0.966074
1894 0.65855
1895 0.978743
1896 0.696531
1897 1.090508
1898 0.800967
1899 0.986714
1901 0.96795
1902 1.173387
1903 0.835129
1904 0.895161
1905 0.929218
1906 0.907562
1907 0.862328
1908 0.808843
1909 1.015612
1910 0.731786
1912 0.493133
1913 0.57771
1914 0.722566
1915 0.875707
1916 0.274036
1917 0.542448
1918 0.656942
1919 0.723906
1920 0.859545
1921 0.820331
1922 1.035124
1924 0.898912
1925 0.84241
1925 1.111719
