2538 0.670481
2539 2.465348
2541 1.433717
2542 1.267844
2543 1.069791
2544 1.190034
2545 1.290919
2546 1.245379
2547 1.290249
2548 0.748397
2549 1.050118
2550 1.005953
2551 1.24709
2552 1.433111
2553 1.315553
2554 1.087856
2556 1.066
2557 0.745351
2558 0.809216
2559 0.793251
2560 0.595996
2561 0.377565
2562 0.283733
2563 0.224543
2564 0.318757
2565 0.476721
2566 0.56381
2567 0.292431
2568 0.496294
2569 0.30582
2570 0.385462
2571 0.724667
2572 0.733941
2573 0.198927
2574 0.394369
2575 0.386259
2577 0.365307
2578 0.40776
2579 0.452398
2580 0.263314
2581 0.2904
2582 0.195042
2583 0.484108
2584 0.955438
2585 0.809922
2587 0.774971
2588 0.609149
2589 0.993861
2590 0.74629
2591 0.635242
2592 0.933221
2593 0.78404
2594 0.928055
2595 0.964198
2596 0.580549
2597 0.988278
2598 0.907341
2599 0.781447
2600 0.856372
2601 1.178869
2602 0.66932
2603 0.50978
2604 0.198956
2605 0.724817
2606 0.787525
2608 0.710468
2609 0.803765
2610 0.651103
2611 0.607173
2612 0.497502
2613 0.1539
2614 0.522722
2615 0.529917
2616 0.493061
2617 0.787184
2618 0.57749
2619 0.59571
2620 0.278957
2621 0.536333
2622 0.722214
2623 0.526186
2624 0.415757
2625 0.833758
2626 0.623241
2627 0.55661
2628 0.199938
2629 0.212055
2630 0.421663
2631 0.415438
2632 0.677447
2633 0.54682
2634 0.830722
2636 0.830359
2637 1.09916
2638 1.047192
2639 0.962717
2640 0.687106
2641 0.724519
2642 0.409838
2643 0.284515
2644 0.7048
2645 0.767366
2646 0.493015
2647 0.713062
2648 0.642323
2649 0.703794
2650 0.69204
2651 0.757254
2652 0.431631
2653 0.631929
2654 0.576128
2655 0.580353
2656 0.35578
2657 0.257759
2658 0.170824
2660 0.241551
2661 0.776894
2662 0.670441
2663 0.676828
2664 0.74575
2665 0.67021
2666 0.12711
2667 0.460381
2668 0.663043
2669 0.695455
2670 0.779347
2671 0.854692
2672 0.831677
2674 0.599642
2675 0.449247
2676 1.036673
2677 0.911453
2678 0.933341
2679 1.105654
2680 1.067726
2681 1.005222
2682 0.902548
2683 0.630465
2684 0.57336
2685 0.443802
2686 0.426721
2687 0.66153
2688 1.131925
2689 0.683225
2690 0.702059
2691 0.657793
2692 0.519651
2693 0.146059
2695 0.076875
2696 1.335779
2697 1.407749
2698 1.057455
2699 1.216333
2701 1.041653
2702 1.217687
2703 0.971677
2704 1.083433
2705 0.754137
2706 0.541782
2707 0.760088
2708 1.121239
2709 0.868727
2710 0.867117
2711 1.254634
2713 0.826203
2714 1.382148
2715 1.06419
2716 0.669306
2717 0.493107
2718 0.617459
2719 0.668737
2720 0.469552
2721 0.494606
2722 0.453125
2723 0.489896
2724 0.928227
2725 0.997487
2726 1.010681
2727 1.046591
2728 1.094216
2730 0.721125
2731 0.844243
2732 0.747745
2733 0.71204
2734 0.494968
2735 0.652298
2736 0.203859
2737 0.200351
2738 0.197128
2739 0.465175
2740 0.602463
2741 0.405095
2743 0.166942
2744 0.753482
2745 1.125922
2746 1.04694
2747 0.755924
2748 0.816617
2749 1.006701
2750 1.215073
2751 1.195313
2752 1.092167
2753 1.242885
2754 1.081459
2755 0.973912
2756 1.093505
2757 1.209695
2758 0.861749
2759 1.194099
2760 0.939636
2762 1.112569
2763 1.264459
2764 1.170525
2765 1.118359
2766 1.027437
2767 0.964923
2768 1.18546
2769 1.09206
2770 1.120737
2771 0.891921
2772 0.517685
2773 0.830652
2774 1.030081
2775 1.075976
2776 0.990192
2777 1.265621
2778 1.368535
2779 1.108063
2780 0.905443
2781 1.10602
2782 0.999842
2783 0.965259
2784 0.873697
2785 0.931702
2786 1.061402
2787 1.020266
2788 0.881507
2789 0.805538
2790 0.929049
2792 0.963108
2793 1.0812
2794 0.905401
2795 1.172635
2796 0.995117
2797 0.848689
2798 1.164875
2799 1.116153
2800 1.150067
2801 1.072904
2802 0.858116
2803 0.994486
2804 1.190234
2805 0.996653
2807 0.942553
2808 1.182737
2809 1.093203
2810 1.010981
2811 0.868535
2812 1.198873
2813 1.000111
2814 0.802004
2815 1.014018
2816 0.848942
2817 1.079133
2819 1.000096
2820 0.96946
2821 0.98931
2822 0.911241
2823 0.963452
2824 0.943303
2825 0.94857
2826 0.714067
2827 0.905763
2828 0.754949
2829 0.435127
2830 0.573307
2831 0.713836
2833 0.886581
2834 1.038676
2835 1.142718
2836 1.396691
2837 0.908417
2838 0.814856
2839 1.13723
2840 1.204586
2841 0.763458
2842 0.866512
2843 1.202299
2844 1.120478
2845 1.060364
2846 0.634133
2847 0.74164
2848 0.411996
2849 0.416251
2850 0.468591
2851 0.315389
2853 0.118725
2861 0.006174
2862 0.474647
2863 0.628554
2864 0.654804
2865 0.80551
2866 1.005291
2867 1.35447
2868 1.30773
2869 1.128696
2870 1.218225
2871 1.116975
2872 1.244055
2873 1.268149
2874 1.298661
2875 1.299437
2876 1.188468
2877 0.966119
2878 1.281782
2880 0.926907
2881 1.306826
2882 0.97871
2883 1.181355
2884 1.180803
2885 1.11748
2887 0.312067
2888 0.086552
2889 0.255004
2890 0.411347
2891 0.626846
2892 0.996356
2893 0.89609
2894 1.147001
2895 1.342977
2896 1.233902
2897 1.246566
2898 0.805135
2899 0.841547
2901 0.867677
2902 1.180204
2903 0.984764
2904 1.287652
2905 0.87496
2907 0.092009
2908 0.089542
2909 0.108422
2910 0.488441
2911 0.72823
2912 0.492454
2913 0.473768
2914 0.44474
2915 0.560233
2916 0.494051
2917 0.549506
2918 0.484527
2919 0.282793
2921 0.326043
2922 0.479105
2923 0.623192
2924 0.439906
2925 0.182221
2926 0.583689
2927 1.053613
2928 1.056022
2929 1.270459
2930 1.294804
2931 0.979952
2932 1.021129
2933 0.724184
2934 1.111105
2936 0.818426
2937 1.203419
2938 0.998032
2939 0.935528
2940 0.962323
2941 0.777473
2942 0.347337
2943 0.460377
2944 0.743033
2945 0.721782
2946 0.580093
2947 0.546487
2948 0.631083
2949 0.619413
2950 0.394798
2951 0.500155
2952 0.42259
2953 0.387137
2954 0.376247
2955 0.360791
2956 0.297679
2957 0.311153
2959 0.199965
2960 0.397568
2961 0.191052
2962 0.22405
2963 0.191254
2964 0.134346
2970 0.016136
2971 0.095534
2972 0.133944
2973 0.129158
2974 0.077636
2975 0.103369
2977 0.191254
2978 0.289579
2979 0.175683
2980 0.127379
2981 0.214799
2982 0.09049
2983 0.160941
2984 0.166539
2985 0.171818
2986 0.325069
2989 0.034743
2990 0.152026
2992 0.11434
2993 0.153564
2994 0.375842
2995 0.390139
2996 0.503028
2997 0.42259
2999 0.160961
3000 0.332612
3001 0.138173
3002 0.505052
3004 0.247789
3005 0.114643
3006 0.218041
3007 0.115301
3009 0.216704
3010 0.427411
3011 0.44626
3012 0.276111
3013 0.271271
3014 0.190942
3015 0.185842
3047 0.000688
3048 0.333698
3049 1.196979
3050 1.412232
3051 1.456829
3052 1.619612
3053 1.319207
3055 1.443314
3056 1.591307
3057 2.048569
3058 1.877842
3059 1.75747
3060 1.326758
3061 2.108704
3062 1.901365
3063 1.627952
3064 1.716622
3065 1.920527
3067 1.205571
3068 1.245966
3069 1.310423
3070 1.332079
3071 1.045435
3072 1.15562
3073 0.974218
3074 1.007589
3075 0.975277
3076 1.189586
3077 1.91552
3078 2.006378
3079 2.098292
3080 1.404021
3081 1.879427
3082 2.11972
3083 1.076815
3084 1.554805
3085 1.512008
3086 1.1881
3087 1.358729
3089 1.43521
3090 1.405268
3091 1.565378
3092 1.413737
3093 1.462226
3094 1.513934
3095 1.699996
3096 1.533656
3097 1.410153
3098 2.002861
3099 1.515867
3100 1.758785
3101 1.624991
3102 1.720042
3103 1.557848
3104 1.416807
3105 1.983481
3106 1.485674
3107 1.457613
3108 1.883277
3109 1.417555
3110 1.921829
3111 1.823577
3112 1.96649
3113 1.331709
3114 1.608899
3116 1.193546
3117 1.130062
3118 1.578757
3119 1.165333
3120 1.259655
3121 1.077906
3122 0.712569
3123 1.228995
3124 0.942354
3125 0.569487
3126 0.299792
3127 1.043106
3128 1.01776
3129 1.09309
3130 0.608063
3131 0.564587
3132 0.550875
3133 0.855794
3135 0.951885
3136 0.957608
3137 1.002202
3138 0.818683
3139 0.966531
3140 1.064416
3141 0.935751
3142 1.016158
3144 0.726088
3145 0.787052
3146 0.80007
3147 0.701326
3148 0.338425
3149 0.494083
3150 0.687803
3151 0.844779
3152 0.626554
3154 0.091157
3155 0.375529
3156 0.685554
3157 1.275271
3158 1.408227
3159 1.249119
3160 0.842132
3161 1.395238
3162 1.17415
3163 1.060407
3164 0.975198
3165 0.893951
3166 0.885355
3167 0.701051
3168 0.858918
3169 0.71364
3170 1.198162
3171 0.975231
3173 0.934669
3174 0.770337
3175 0.833867
3176 0.921728
3177 0.527945
3178 0.625126
3179 0.712828
3180 1.025257
3181 0.88865
3182 0.530115
3183 0.578385
3184 0.594978
3185 0.737879
3186 1.055596
3187 1.010894
3188 0.922759
3189 0.745103
3190 0.903796
3191 0.658674
3192 0.433355
3193 0.663715
3194 0.742857
3196 0.575667
3197 0.932451
3198 0.721768
3199 0.879501
3200 0.680138
3201 0.881763
3202 0.561179
3203 0.663382
3204 0.659208
3205 0.618661
3206 0.662226
3207 0.74283
3208 0.580733
3209 0.467607
3210 0.128793
3211 0.265631
3212 0.676174
3213 0.57105
3214 0.741475
3215 0.635143
3216 0.825509
3217 0.727532
3218 0.944372
3219 0.807097
3220 0.742043
3221 0.871025
3222 0.614047
3223 0.721702
3225 0.60978
3226 0.823568
3227 0.852868
3228 0.31676
3229 0.60525
3230 0.4535
3231 0.675953
3232 0.57146
3233 0.583365
3234 0.277813
3235 0.420923
3236 0.361918
3237 0.577178
3238 0.594429
3239 0.648525
3240 1.066824
3241 0.591104
3242 0.845336
3243 0.955967
3244 0.919816
3245 0.47721
3247 0.259798
3248 0.208626
3249 0.27116
3250 0.325426
3251 0.640735
3252 0.631667
3253 0.305245
3254 0.444863
3255 0.453679
3256 0.79123
3257 0.588768
3258 0.557586
3259 0.358712
3260 0.32451
3261 0.302073
3262 0.520637
3263 0.518525
3264 0.474648
3265 0.541887
3266 0.549618
3267 0.646891
3268 0.691716
3269 0.489841
3270 0.402189
3271 0.397378
3272 0.356784
3274 0.375296
3275 0.448969
3276 0.467446
3277 0.555271
3278 0.639443
3279 0.452198
3280 0.486693
3281 0.641937
3282 0.592605
3283 0.50285
3284 0.56789
3285 0.602604
3286 0.559778
3287 0.602243
3288 0.803772
3289 0.589471
3290 0.413453
3291 0.537143
3292 0.786059
3293 0.741925
3294 0.702709
3295 0.547501
3296 0.401506
3297 0.320146
3298 0.636595
3299 0.864259
3300 0.570376
3301 0.400982
3302 0.269249
3303 0.493112
3304 0.42751
3305 0.49844
3306 0.514978
3307 0.519527
3308 0.531101
3310 0.566941
3311 0.646812
3312 0.452816
3313 0.592377
3314 0.384721
3315 0.346741
3316 0.340627
3317 0.558588
3318 0.489697
3319 0.424342
3320 0.423009
3321 0.432935
3322 0.42647
3323 0.643719
3324 0.436923
3325 0.467511
3326 0.45939
3327 0.533304
3328 0.444423
3329 0.515547
3330 0.225227
3331 0.382509
3332 0.408298
3333 0.381951
3334 0.408478
3335 0.414177
3337 0.563545
3338 0.525895
3339 0.58746
3340 0.517239
3341 0.739327
3342 0.668998
3343 0.559406
3344 0.569489
3345 0.628158
3346 0.518306
3347 0.434135
3348 0.552118
3349 0.5178
3350 0.564008
3351 0.685108
3352 0.81049
3353 0.541082
3354 0.511271
3355 0.683167
3356 0.759965
3357 0.706495
3358 0.742288
3359 0.669196
3360 0.717427
3361 0.406161
3362 0.506651
3363 0.505665
3364 0.461838
3365 0.536471
3366 0.305228
3367 0.540627
3368 0.987255
3369 0.978496
3370 0.729974
3372 0.948944
3373 1.119921
3374 1.264301
3375 1.056647
3376 0.971422
3377 0.852024
3378 0.921172
3379 0.777742
3380 0.807978
3381 0.901825
3382 0.657546
3383 0.388338
3384 0.485881
3385 0.695048
3386 0.731379
3387 0.588562
3388 0.87228
3390 0.677143
3391 0.343341
3392 0.230176
3393 0.334612
3394 0.460913
3395 0.533925
3396 0.484249
3397 0.414097
3398 0.465101
3399 0.695643
3400 0.548173
3401 0.604119
3402 0.368412
3403 0.35402
3404 0.320705
3405 0.49844
3406 0.33472
3407 0.244381
3408 0.238517
3409 0.420923
3410 0.277953
3411 0.236047
3412 0.176727
3413 0.236279
3414 0.238148
3416 0.146991
3417 0.127503
3418 0.17337
3419 0.240527
3420 0.221315
3421 0.347262
3422 0.167953
3423 0.233529
3424 0.144816
3425 0.284397
3426 0.236206
3427 0.318757
3428 0.31571
3429 0.413965
3430 0.355075
3431 0.4128
3432 0.229406
3433 0.291541
3434 0.312317
3435 0.226174
3436 0.237464
3438 0.081665
3439 0.269147
3440 0.170004
3441 0.225318
3442 0.272902
3443 0.315692
3444 0.149203
3445 0.265889
3446 0.208888
3447 0.20188
3448 0.212505
3450 0.182545
3451 0.258357
3452 0.162535
3453 0.138128
3454 0.103464
3455 0.107486
3456 0.476297
3457 0.456492
3458 0.359667
3459 0.367945
3460 0.411754
3461 0.330987
3462 0.31064
3463 0.315692
3464 0.313244
3465 0.557929
3466 0.445513
3467 0.660974
3468 0.344722
3469 0.480189
3470 0.452862
3471 0.600903
3472 0.591074
3473 0.755604
3474 0.61658
3475 0.721143
3476 0.732222
3477 0.631818
3479 0.443743
3480 0.375529
3481 0.149721
3482 0.236279
3483 0.162416
3484 0.168207
3485 0.252797
3486 0.314706
3487 0.432062
3488 0.389354
3489 0.219604
3490 0.360791
3491 0.63514
3492 0.53148
3493 0.724984
3494 0.731053
3495 0.888452
3496 0.689431
3497 0.63193
3498 0.640919
3499 0.42254
3500 0.483992
3501 0.450741
3502 0.346034
3503 0.305169
3504 0.391169
3505 0.43054
3506 0.323827
3507 0.199938
3508 0.188807
3509 0.455097
3510 0.55429
3512 0.482735
3513 0.650139
3514 0.545418
3515 0.942198
3516 1.01843
3517 0.789374
3518 0.86527
3519 0.963211
3520 0.950783
3521 0.948708
3522 0.926458
3523 0.992444
3524 0.802113
3525 1.266765
3526 1.293187
3527 1.08179
3528 1.312767
3529 0.972873
3530 0.96945
3531 0.872168
3532 1.459029
3534 1.035003
3535 1.180554
3536 1.162273
3537 1.19626
3538 1.157549
3539 1.325442
3540 1.15439
3541 1.340519
3542 1.237336
3543 1.06052
3544 0.98777
3545 1.021788
3546 1.183411
3547 1.197066
3548 0.804267
3549 0.705244
3550 0.988793
3552 1.088041
3553 1.002473
3554 0.930667
3555 1.421882
3556 1.042516
3557 0.964308
3558 0.716067
3559 0.592309
3560 0.475926
3561 0.644699
3562 0.80731
3563 0.767752
3564 0.906994
3565 0.404726
3566 0.18051
3567 0.392959
3568 0.42259
3569 0.350633
3573 0.019074
3578 0.02555
3579 0.329383
3580 0.5128
3581 0.411877
3582 0.390083
3593 0.009083
3594 0.844884
3595 0.848032
3596 0.814878
3597 0.911114
3598 0.804733
3599 0.570693
3600 0.757558
3601 0.599666
3602 0.807311
3603 0.524778
3604 0.743834
3605 0.740855
3606 0.761145
3607 0.810302
3609 0.513678
3610 0.622475
3611 0.6684
3612 0.664774
3613 0.787238
3614 0.585043
3615 0.61705
3616 0.808126
3617 0.762012
3619 0.93418
3620 0.720121
3621 0.955646
3622 0.997366
3623 0.966522
3624 0.921943
3625 1.051543
3626 1.128674
3627 1.126652
3628 1.220947
3629 1.210268
3630 1.307406
3631 1.113978
3632 1.0976
3633 1.083273
3634 0.830457
3635 0.992895
3636 1.263501
3638 0.890582
3639 1.147285
3640 1.212836
3641 1.210693
3642 1.21818
3643 1.132967
3644 1.232761
3645 0.856973
3646 1.071612
3647 1.261987
3648 1.338924
3649 1.134553
3650 0.743478
3651 1.248112
3652 1.185207
3653 0.897572
3654 1.18596
3655 1.240182
3657 0.91092
3658 1.071361
3659 0.941386
3660 0.87926
3661 0.935035
3662 0.812174
3663 0.793877
3664 1.218086
3665 1.066236
3666 1.071812
3668 0.886756
3669 1.093705
3670 1.174479
3671 0.797191
3672 0.497947
3673 0.850557
3674 1.007971
3675 1.170313
3676 0.900095
3677 1.259754
3678 0.899342
3679 1.133487
3680 0.840658
3681 0.878637
3682 0.957483
3683 0.85332
3684 0.779252
3685 0.566191
3686 0.375882
3687 0.573795
3688 0.918711
3690 1.162327
3691 0.973115
3692 0.971695
3693 1.000278
3694 1.040368
3695 1.008991
3696 0.967049
3697 1.097439
3698 0.915418
3699 1.032483
3700 0.888177
3702 0.922892
3703 1.051438
3704 0.910962
3705 0.880405
3706 1.094714
3707 1.1963
3708 1.19277
3709 1.134338
3710 1.156859
3711 1.145802
3712 1.266758
3713 1.024823
3714 0.99514
3715 1.29751
3716 0.978762
3717 1.409492
3718 1.816935
3719 1.248294
3720 1.232807
3722 0.542134
3723 1.023145
3724 0.942964
3724 1.043244
