3630 0.008145
3631 0.953844
3632 1.735992
3633 1.317151
3636 0.074197
3637 0.299411
3638 0.525029
3639 0.599438
3640 0.851525
3641 0.921846
3642 1.324369
3643 1.014854
3644 1.17878
3645 1.370422
3647 1.220695
3648 1.46175
3649 1.016261
3650 0.762714
3651 0.828285
3652 0.729069
3653 0.39607
3654 0.250373
3655 0.443667
3656 0.223647
3657 0.212299
3658 0.257156
3659 0.455634
3660 0.470763
3661 0.444261
3662 0.350954
3663 0.295193
3664 0.546878
3665 0.836594
3666 0.52486
3667 0.179737
3668 0.126382
3669 0.130645
3671 0.091116
3672 0.339733
3673 0.372245
3674 0.573897
3675 0.904895
3676 0.551041
3677 0.5472
3678 0.377257
3679 0.362372
3680 0.509204
3681 0.614986
3682 0.488768
3683 0.487042
3684 0.436165
3685 0.317232
3686 0.59962
3687 0.490743
3688 0.310339
3689 0.379748
3690 0.42639
3691 0.471318
3692 0.414726
3693 0.238329
3695 0.216908
3696 0.403258
3697 0.653138
3698 0.603181
3699 0.238938
3700 0.405669
3701 0.770406
3702 0.878476
3703 0.808517
3704 0.776848
3705 0.652945
3706 0.81036
3707 0.654479
3708 0.704594
3709 0.681867
3710 0.733027
3711 0.809921
3712 0.637702
3713 0.315692
3714 0.142747
3715 0.736349
3716 0.992539
3717 0.748665
3718 0.768618
3719 0.927137
3720 0.785505
3721 0.481872
3722 0.785645
3723 1.091373
3724 0.841935
3725 1.208214
3726 1.071353
3727 0.531465
3729 0.806156
3730 1.175113
3731 0.929362
3732 0.989727
3733 0.751899
3734 0.887724
3735 0.95825
3737 1.142366
3738 1.557341
3739 1.274994
3740 0.680335
3741 0.757014
3742 0.703969
3743 0.893258
3744 0.94577
3745 0.839025
3746 0.559694
3747 0.419636
3748 0.750589
3749 0.651142
3750 0.620725
3751 0.418704
3752 0.974852
3754 0.972693
3755 1.022717
3756 0.964507
3757 1.078741
3758 0.82419
3759 0.786139
3760 1.242431
3761 0.942517
3762 1.091117
3763 0.854254
3764 1.070503
3765 0.68984
3766 0.659244
3767 0.814822
3768 0.744555
3769 0.498079
3770 0.616745
3772 0.412058
3773 0.397239
3774 0.69938
3775 0.796588
3776 0.776967
3777 0.821428
3778 0.507392
3779 0.829828
3780 0.837168
3781 0.849132
3782 0.978348
3783 1.008341
3784 0.885271
3785 0.626384
3786 0.378816
3787 0.29184
3788 0.828772
3789 0.928657
3790 0.921971
3791 0.975572
3792 0.911674
3793 1.121013
3794 1.08937
3795 0.799009
3797 0.771779
3798 0.612
3799 0.8088
3800 0.58588
3801 0.425534
3802 0.844187
3803 0.972635
3804 0.862612
3805 0.572333
3806 0.6616
3807 0.441969
3808 0.27913
3809 0.265257
3810 0.527247
3811 0.679039
3812 0.747222
3813 0.795165
3814 0.620085
3815 0.763462
3817 0.776185
3818 0.83792
3819 0.984594
3820 0.884158
3821 0.907216
3822 0.88974
3823 0.859489
3824 0.529576
3825 0.873367
3826 0.87501
3827 0.90678
3828 0.746314
3829 0.888488
3830 0.604816
3831 0.975829
3832 0.941963
3833 0.848016
3834 1.015265
3835 0.932734
3836 1.082469
3837 1.103358
3838 1.192729
3839 1.162471
3840 0.937341
3842 0.911317
3843 0.874957
3844 0.578962
3845 0.360641
3846 0.54275
3847 0.500721
3848 0.4128
3849 0.578734
3850 0.45036
3851 0.347145
3852 0.495305
3853 0.231717
3854 0.859309
3855 0.771766
3856 0.567273
3857 0.382509
3858 0.287691
3859 0.786095
3860 1.126175
3861 1.084492
3862 0.871675
3863 1.149484
3865 1.186695
3866 1.105948
3867 1.153321
3868 1.056943
3869 1.068423
3870 0.78603
3871 0.818028
3872 0.77907
3873 1.006902
3874 1.004571
3875 0.886297
3876 1.017364
3878 1.305291
3879 1.161758
3880 1.046953
3881 1.049317
3882 1.066968
3883 0.989164
3884 0.890683
3885 1.135878
3886 0.70704
3887 0.912855
3888 0.727548
3889 0.776689
3890 0.626999
3891 0.371892
3892 0.981582
3893 1.04888
3894 0.986613
3895 0.988622
3896 0.882212
3897 0.680677
3898 0.817211
3899 1.089481
3900 0.973436
3901 0.709606
3903 0.212119
3910 0.019516
3911 0.06687
3912 0.964055
3913 1.181125
3914 1.099933
3915 0.938541
3916 1.367401
3917 1.367691
3918 1.096176
3920 0.745676
3921 0.873489
3922 0.849957
3923 0.655089
3924 0.570659
3925 0.493134
3926 0.469605
3927 0.642581
3928 0.914444
3929 0.578252
3930 0.879179
3931 0.997231
3932 0.725529
3933 1.11803
3934 0.963078
3935 1.165307
3936 1.054984
3937 0.897022
3939 0.832746
3940 0.775804
3941 0.600749
3942 0.314515
3943 0.334277
3944 0.475775
3945 0.379623
3947 0.011225
3948 0.44859
3949 0.474494
3951 0.390494
3952 0.4484
3953 1.264927
3954 1.353471
3955 1.136682
3956 1.111022
3957 1.452123
3958 1.370506
3959 1.059921
3961 1.403823
3962 1.261093
3963 0.778807
3964 0.701593
3965 0.035812
3966 0.085751
3967 0.629386
3969 0.321037
3970 0.598037
3971 0.42952
3972 0.764315
3973 1.08593
3974 1.176036
3975 1.304343
3976 1.538965
3977 1.050098
3978 1.628268
3979 1.349387
3980 1.151549
3981 1.100048
3982 1.261267
3984 1.040835
3985 1.345367
3986 1.152698
3987 1.262511
3988 1.201489
3989 1.272188
3990 0.972937
3991 1.15619
3992 0.715002
3993 0.328048
3994 0.160941
3995 0.646195
3997 1.110291
3998 1.359786
3999 1.433158
4000 1.106117
4001 0.769206
4002 0.827113
4003 0.828966
4004 0.569379
4005 0.467425
4006 0.472898
4007 0.55625
4008 0.580844
4009 0.559698
4011 0.401584
4012 0.39359
4013 0.278755
4014 0.266269
4015 0.396988
4016 0.514227
4017 0.552848
4018 0.369379
4019 0.370245
4020 0.10965
4021 1.083883
4022 1.270803
4023 1.0624
4025 0.942678
4026 1.015022
4027 0.794374
4028 0.863431
4029 0.960565
4030 1.178478
4031 0.572514
4032 0.779561
4033 0.880531
4034 0.792063
4035 0.516322
4036 0.417614
4037 0.480086
4038 0.236743
4039 0.225017
4040 0.198291
4041 0.563138
4042 0.455121
4043 0.29702
4044 0.379969
4045 0.415457
4046 0.284082
4047 0.272008
4048 0.268762
4049 0.164639
4050 0.222914
4051 0.208838
4053 0.336238
4054 0.226801
4055 0.216815
4056 0.17637
4057 0.236047
4058 0.177542
4059 0.241507
4060 0.09685
4061 0.091966
4062 0.117908
4063 0.076034
4064 0.28385
4065 0.160884
4066 0.114099
4068 0.072417
4069 0.07234
4071 0.020267
4072 0.086771
4074 0.032176
4075 0.068339
4076 0.031298
4080 0.008663
4081 0.276256
4082 0.066445
4083 0.216815
4084 0.171671
4085 0.1413
4086 0.210462
4087 0.177189
4088 0.10167
4089 0.110444
4091 0.0192
4092 0.263615
4093 0.063751
4094 0.0672
4095 0.112838
4096 0.432997
4097 0.292852
4098 0.211651
4099 0.308132
4100 0.288937
4101 0.343341
4103 0.154723
4104 0.108605
4105 0.140565
4106 0.066551
4107 0.124874
4109 0.126374
4110 0.201684
4111 0.149684
4112 0.278965
4113 0.219219
4114 0.498501
4115 0.554887
4116 0.492262
4117 0.523184
4118 0.577959
4119 0.487604
4121 0.25426
4122 0.365465
4123 0.636982
4124 0.708024
4125 0.332612
4126 0.208412
4127 0.21888
4128 0.120149
4129 0.205877
4130 0.179258
4131 0.396828
4132 0.534873
4134 0.523885
4135 0.473215
4136 1.043186
4137 0.950131
4138 0.763248
4139 0.932937
4140 1.053988
4141 1.313147
4142 1.2819
4144 1.296216
4145 1.202851
4146 1.141842
4147 1.012553
4148 0.876821
4149 0.992059
4150 0.758641
4151 1.14364
4152 0.902089
4153 1.162272
4154 1.409087
4155 1.560159
4156 1.251663
4157 1.396027
4158 1.274487
4159 1.138965
4160 1.232543
4161 1.188115
4162 1.1053
4163 0.967489
4164 0.879559
4166 0.906195
4167 1.06621
4168 1.14169
4169 0.998469
4170 1.532558
4171 1.297443
4172 1.118564
4173 1.26127
4174 1.233144
4175 1.485898
4176 1.072855
4177 1.399184
4178 1.29814
4179 1.323694
4180 1.239564
4181 1.123237
4182 1.385657
4183 1.146701
4184 0.877592
4185 0.966602
4186 1.128671
4187 1.097264
4188 0.863215
4189 0.916928
4190 0.950823
4191 0.940429
4192 1.143904
4193 1.016167
4195 1.328958
4196 1.038916
4197 1.281362
4198 0.813583
4199 1.138961
4200 0.767292
4201 1.029459
4202 1.190384
4203 1.044864
4204 1.363392
4205 1.342421
4206 1.107654
4208 1.11815
4209 1.374775
4210 1.263862
4211 1.284223
4212 0.538227
4213 0.330517
4214 0.279238
4215 0.377645
4216 1.0221
4217 1.339189
4218 1.293379
4219 1.079177
4220 1.212665
4221 1.013339
4222 1.037423
4223 1.142937
4224 0.963295
4225 1.128935
4226 1.23015
4228 1.044093
4229 0.789386
4230 1.090329
4231 0.96655
4232 0.921095
4233 1.157985
4234 1.511771
4235 1.15946
4236 0.952347
4237 0.918064
4238 0.956044
4239 0.998478
4240 0.736911
4242 1.016718
4243 0.942363
4244 1.018939
4245 0.528715
4246 0.455097
4247 0.353012
4248 0.242439
4249 0.20188
4250 0.195042
4251 0.340356
4252 0.671373
4253 0.856602
4254 1.094947
4255 0.742121
4256 1.210646
4257 0.909547
4258 0.787105
4259 0.838543
4260 1.039593
4261 1.268779
4263 1.003454
4264 0.762986
4265 1.092178
4266 0.840328
4267 1.058823
4268 0.866739
4269 1.032333
4270 0.43069
4271 0.561275
4272 0.435173
4273 0.716593
4274 0.677506
4275 0.826115
4276 0.682202
4277 0.463729
4278 0.400919
4279 0.089942
4280 0.270994
4281 0.426878
4282 0.543478
4283 0.963079
4284 1.115984
4285 1.080254
4286 1.119255
4287 1.07419
4288 1.436234
4289 1.424388
4290 1.18438
4291 0.904639
4292 0.902976
4294 0.796655
4295 1.056511
4296 0.900821
4297 1.332308
4298 0.801204
4299 1.048673
4300 0.917796
4301 0.695156
4302 0.888163
4303 0.929386
4304 0.724597
4305 0.941758
4306 0.83885
4307 0.835298
4308 0.979533
4310 0.859934
4311 0.74672
4312 0.472536
4313 0.6904
4314 0.637901
4315 0.380687
4316 0.587497
4317 0.805938
4318 0.794486
4319 0.581653
4320 0.665994
4322 0.539371
4323 0.752196
4324 0.409283
4326 0.2179
4327 0.20188
4328 0.256788
4329 0.325069
4330 0.191395
4331 0.57035
4332 0.707168
4333 0.946574
4334 0.944951
4335 0.771757
4336 0.908484
4337 0.869804
4339 1.048828
4340 1.096557
4341 1.058653
4342 1.052048
4343 1.065694
4344 1.063049
4345 1.071422
4346 1.214124
4347 0.876135
4348 1.241921
4349 1.216008
4350 1.036826
4351 1.337992
4352 1.316971
4353 0.90093
4354 1.287311
4355 1.261203
4356 1.314944
4357 1.261395
4358 1.419453
4359 1.503944
4360 0.94874
4361 1.437019
4362 1.291715
4363 1.024767
4364 1.294234
4365 1.309823
4366 1.410717
4367 1.514154
4368 1.380467
4369 1.044354
4370 1.365946
4372 1.047625
4373 1.369765
4374 1.062405
4375 1.37998
4376 1.312927
4377 1.341294
4378 1.323612
4379 1.075372
4380 1.015073
4381 1.394527
4382 1.366533
4383 0.900742
4384 1.045522
4385 0.637875
4386 1.041451
4387 1.039773
4388 1.087896
4389 0.823063
4390 1.032591
4391 1.014354
4392 0.763865
4393 1.018154
4394 0.721275
4396 0.874745
4397 0.867034
4398 0.808531
4399 0.95996
4400 1.0008
4401 1.045907
4402 1.127715
4403 1.139045
4404 1.327524
4405 1.284028
4406 1.083841
4407 1.362208
4408 0.885217
4409 1.105638
4410 1.139385
4411 1.293491
4412 0.9976
4413 1.241094
4414 1.285903
4415 1.2197
4416 1.312436
4418 1.012241
4419 1.075437
4420 0.98798
4421 1.017845
4422 1.216958
4423 0.889972
4424 1.086075
4425 0.987683
4426 1.048784
4427 0.909552
4428 0.747834
4429 0.830617
4430 0.957492
4431 1.003042
4432 0.913164
4433 0.871778
4434 0.835277
4436 1.065673
4437 1.125632
4438 0.61651
4439 1.05342
4440 1.252835
4441 1.14553
4442 1.235465
4443 1.036715
4444 1.01962
4445 0.669713
4446 0.999121
4447 1.008729
4448 0.867205
4449 0.934948
4450 1.135566
4451 1.059391
4452 1.159343
4453 1.052404
4454 1.023252
4455 1.34263
4456 1.214844
4457 1.018044
4458 0.836465
4459 1.227413
4460 1.238368
4461 1.190044
4462 1.297141
4463 1.200056
4464 1.18181
4465 1.325843
4466 1.098054
4467 1.071824
4469 0.992595
4470 1.365722
4471 1.166633
4472 0.917969
4473 1.222849
4474 1.289475
4475 1.449171
4476 1.19849
4477 1.268924
4478 1.296776
4479 0.963656
4480 1.183465
4481 0.933659
4482 1.082366
4484 0.973499
4485 1.112784
4486 1.238521
4487 1.188556
4488 0.953932
4489 0.837248
4490 0.810188
4491 1.0394
4492 1.405091
4493 0.911516
4494 0.998524
4495 1.018589
4496 0.945048
4497 1.06423
4498 0.997115
4500 0.944277
4501 0.787132
4502 0.822499
4503 1.034175
4504 1.194387
4505 0.719888
4506 0.789982
4507 0.803961
4508 0.245352
4509 0.757383
4510 0.786051
4512 0.638125
4513 0.762296
4514 0.531556
4515 0.378306
4516 0.405859
4517 0.449849
4518 0.58954
4519 0.277693
4520 0.796284
4521 0.462577
4522 0.40461
4523 0.540173
4524 0.718669
4525 0.303398
4526 0.467511
4527 0.229859
4528 0.199938
4529 0.242031
4530 0.322801
4531 0.200354
4532 0.546653
4534 0.229167
4535 0.624
4536 0.510709
4537 0.325902
4538 0.219337
4539 0.276525
4540 0.246776
4541 0.199223
4542 0.421755
4543 0.141333
4544 0.311153
4545 0.273521
4546 0.49844
4547 0.345733
4548 0.295535
4549 0.357576
4550 0.357576
4551 0.249471
4552 0.285389
4554 0.429176
4555 0.232306
4559 0.062466
4560 0.314234
4561 0.127675
4562 0.322515
4563 0.193353
4564 0.238384
4565 0.24922
4566 0.139619
4567 0.26187
4568 0.263838
4569 0.153277
4570 0.254265
4571 0.161416
4572 0.147214
4574 0.386751
4575 0.180533
4576 0.233755
4577 0.155186
4578 0.255006
4579 0.166766
4580 0.097386
4581 0.140863
4582 0.515661
4583 0.41638
4585 0.509498
4586 0.686856
4587 0.676563
4588 0.983554
4589 1.213159
4590 0.644746
4591 0.82259
4592 0.664459
4593 0.632535
4594 0.632929
4595 0.507338
4596 0.451472
4597 0.555316
4598 0.589788
4599 0.238015
4600 0.250316
4601 0.199938
4603 0.108773
4604 0.74056
4605 0.246813
4606 0.05172
4607 0.09647
4608 0.554052
4609 0.381958
4610 0.516086
4611 0.645112
4612 0.578117
4613 0.051455
4614 0.999736
4615 0.714006
4616 0.356397
4617 0.418991
4618 0.52185
4619 0.403615
4620 0.368412
4621 0.408475
4622 0.198211
4623 0.260313
4624 0.23724
4625 0.301941
4626 0.562796
4627 0.779406
4628 0.581719
4629 0.492821
4630 0.3648
4632 0.286745
4633 0.467078
4634 0.651837
4635 0.47876
4636 0.381378
4637 0.28719
4638 0.248727
4640 0.114739
4641 0.77588
4642 0.739027
4643 0.54809
4644 0.676616
4645 0.508343
4646 0.464706
4647 0.455946
4648 0.662664
4649 0.474369
4650 0.352087
4651 0.275052
4652 0.400919
4653 0.432657
4654 0.522413
4655 0.325457
4656 0.277926
4657 0.28426
4658 0.200153
4659 0.255254
4660 0.181931
4662 0.303098
4663 0.271537
4664 0.300129
4665 0.175423
4666 0.292562
4667 0.237199
4668 0.268235
4669 0.227774
4670 0.152308
4671 0.115643
4672 0.117677
4673 0.103245
4674 0.17401
4675 0.358118
4676 0.190942
4677 0.107294
4679 0.21888
4680 0.117427
4681 0.229085
4682 0.19389
4683 0.150973
4684 0.170169
4685 0.271292
4686 0.281727
4687 0.551089
4688 0.371353
4690 0.080668
4691 0.832249
4693 0.715133
4694 0.801545
4695 0.402923
4696 0.190767
4697 0.489509
4698 0.107864
4699 0.140863
4700 0.193907
4701 0.352518
4702 0.872557
4703 0.78233
4704 0.878059
4705 0.429473
4706 0.423749
4707 0.648502
4708 0.438288
4710 0.40165
4711 0.431826
4712 0.336298
4713 0.43638
4714 0.379905
4715 0.208976
4716 0.415457
4717 0.370355
4718 0.293837
4719 0.430685
4720 0.587692
4721 0.943691
4722 0.74603
4723 0.812606
4724 0.889259
4725 0.954854
4726 1.144871
4727 1.08823
4729 0.9841
4730 1.216879
4731 1.033143
4732 1.283069
4733 1.137269
4734 0.473608
4735 0.853123
4736 1.145895
4737 1.337719
4738 1.071105
4739 1.181822
4740 1.189921
4741 1.460668
4742 1.038737
4743 0.929445
4744 0.945587
4745 1.003029
4746 0.932081
4747 0.955731
4748 0.975096
4750 1.123987
4751 1.172349
4752 0.628372
4753 0.645812
4754 0.458469
4755 0.7112
4756 0.57006
4757 0.564409
4758 0.467692
4759 0.601752
4760 0.849271
4761 0.820594
4762 0.590708
4763 0.723279
4765 0.428083
4766 0.670329
4767 0.784863
4768 0.618115
4769 0.582773
4770 0.868952
4771 0.771966
4772 0.62989
4773 0.429598
4774 0.49632
4775 0.620012
4776 0.67615
4777 0.487193
4778 0.70823
4779 0.732116
4780 0.733645
4781 0.744738
4782 0.555592
4783 0.803347
4784 0.863873
4785 0.879802
4786 0.724099
4787 0.746433
4788 0.803248
4790 0.785867
4791 0.985673
4792 0.754459
4793 1.040603
4794 0.996955
4795 1.016515
4796 1.117729
4797 0.860224
4798 0.889374
4799 0.946511
4800 1.021181
4801 1.000794
4802 0.987152
4803 1.208262
4804 1.22004
4806 0.737103
4807 0.752567
4808 0.830105
4809 0.993384
4810 1.079667
4811 0.907069
4812 1.142448
4813 1.286298
4814 1.159992
4815 0.847647
4816 0.910815
4817 1.103927
4818 1.08126
4819 1.033472
4820 0.974839
4821 1.004526
4822 0.897279
4823 0.790816
4824 0.699159
4825 1.304639
4826 1.03962
4827 1.196385
4828 0.821911
4829 0.985252
4831 1.035376
4832 0.93237
4833 1.068879
4834 1.466321
4835 0.908754
4836 0.957738
4837 1.270519
4838 1.075165
4839 1.117058
4840 1.180436
4841 1.358817
4842 1.147646
4843 0.838121
4844 0.886162
4845 0.296277
4847 1.019993
4848 0.895486
4849 0.953259
4850 0.930846
4851 0.790077
4852 0.817843
4853 1.139909
4854 0.865407
4855 0.93592
4856 0.839818
4857 0.705271
4858 0.465275
4859 0.399877
4860 0.325275
4862 0.6244
4863 1.028562
4864 1.033069
4865 0.940831
4866 0.842875
4867 1.045905
4868 1.145244
4869 0.852301
4870 1.396517
4871 0.859469
4872 0.791328
4873 0.888063
4874 1.046133
4875 1.362118
4876 1.079
4877 1.279816
4878 1.12976
4879 1.13863
4880 1.168086
4881 1.201007
4882 1.100789
4883 0.597417
4884 1.071649
4885 1.230248
4886 0.797343
4888 1.226597
4889 0.880555
4890 1.228694
4891 1.229515
4892 1.191335
4893 1.296472
4894 1.107972
4895 1.162811
4896 1.174545
4897 1.09568
4898 1.314478
4899 1.043843
4900 1.405355
