3274 0.868424
3275 2.866467
3276 1.62443
3277 1.341903
3278 1.540891
3279 1.54187
3280 1.151978
3281 1.713869
3282 1.756416
3283 1.681353
3285 1.723322
3286 1.665574
3287 1.605
3288 1.602709
3289 0.993821
3290 1.079985
3291 0.948029
3292 0.430926
3293 0.995311
3294 1.237009
3295 0.864991
3296 0.83152
3298 1.088126
3299 0.743731
3300 0.732799
3301 0.864615
3302 1.003232
3303 1.050824
3304 1.178603
3305 1.063747
3306 0.971508
3307 1.063315
3308 1.184462
3309 1.426514
3310 1.402928
3311 1.224784
3312 1.177553
3313 0.368301
3314 0.662537
3315 0.984991
3316 1.008848
3317 0.857576
3318 1.122408
3319 1.425111
3320 1.393719
3321 1.442885
3322 1.09044
3323 0.88008
3325 0.697633
3326 0.897118
3327 0.953006
3328 0.923788
3329 1.303905
3330 0.922811
3331 1.075213
3332 1.637171
3333 0.936752
3334 1.233608
3335 0.690471
3336 1.090186
3337 1.277674
3338 0.79317
3339 0.661806
3340 0.366016
3341 0.862433
3343 1.061822
3344 0.918114
3345 0.781864
3346 0.975131
3347 0.96226
3348 1.01269
3349 0.80034
3350 0.426729
3351 0.515798
3352 0.47905
3353 0.212587
3354 0.822669
3355 1.113869
3356 0.817659
3357 1.027216
3358 1.062257
3359 0.81179
3360 1.101687
3361 0.791358
3362 0.892695
3364 0.957089
3365 1.163039
3366 0.96315
3367 0.915188
3368 1.006243
3369 1.047026
3370 1.084927
3371 1.066907
3372 0.999368
3373 0.842258
3375 1.036745
3376 1.166353
3377 1.061502
3378 1.112927
3379 0.98589
3380 1.138297
3381 0.796983
3382 0.794337
3383 0.800848
3384 0.735282
3385 0.724206
3386 0.400183
3387 0.68678
3388 1.052988
3389 0.836855
3390 0.899686
3391 1.175992
3392 0.880104
3393 1.151509
3394 1.098677
3395 0.848483
3396 0.846103
3398 0.873813
3399 0.864484
3400 0.822991
3401 0.988958
3402 1.362276
3403 0.830544
3404 0.841786
3405 0.631803
3406 0.631678
3407 0.60493
3408 0.516835
3409 0.661433
3410 0.951064
3411 0.744309
3412 0.660795
3413 0.80887
3414 0.391339
3415 0.505151
3416 0.613114
3417 0.600912
3419 0.67537
3420 0.758086
3421 0.811634
3422 0.702535
3423 0.392848
3424 0.195042
3425 0.085751
3426 0.788313
3427 1.268578
3428 1.241579
3429 1.12575
3430 1.064475
3431 1.116963
3432 1.066083
3433 1.07244
3434 1.008048
3435 0.506395
3437 0.918415
3438 0.666322
3439 0.620497
3440 1.076273
3441 1.052702
3442 1.221514
3443 1.20156
3444 0.827651
3445 0.97299
3446 0.476346
3447 0.459176
3448 0.664875
3449 1.170892
3450 1.217127
3451 1.315778
3452 1.282004
3453 0.405205
3454 1.315884
3455 0.975355
3456 1.304232
3457 1.344424
3458 1.439286
3459 1.318091
3460 1.0053
3462 0.955694
3463 0.949954
3464 0.69542
3465 0.687778
3466 0.38941
3467 0.461259
3468 0.483362
3470 0.306171
3471 0.172411
3472 0.622705
3473 0.552577
3474 0.441545
3475 0.534754
3476 0.43356
3477 0.657927
3478 0.795121
3479 0.208816
3480 0.915341
3481 0.846836
3482 1.066416
3483 0.693724
3484 0.67236
3485 0.6995
3486 0.588671
3487 0.806444
3488 0.604813
3489 0.544903
3490 0.46451
3491 0.775873
3492 0.936451
3493 0.852878
3494 1.083734
3495 0.548671
3496 0.245362
3497 0.439906
3498 0.456111
3499 0.70263
3500 1.061275
3501 1.075691
3502 0.683354
3503 1.105037
3504 0.875804
3505 0.836276
3506 0.956582
3507 0.548887
3508 0.378831
3509 0.345735
3511 0.617277
3512 0.50866
3513 0.519485
3514 0.581341
3515 0.571953
3516 0.612776
3517 0.618756
3518 0.621702
3519 0.486925
3520 0.566036
3521 0.635834
3522 0.59219
3523 0.415366
3524 0.51295
3525 0.658424
3526 0.542813
3527 0.562854
3528 0.641315
3529 0.597648
3530 0.652298
3531 0.541308
3533 0.482708
3534 0.510012
3535 0.400659
3536 0.172333
3537 0.521985
3538 0.574202
3539 0.486622
3540 0.726073
3541 0.596068
3542 0.536171
3543 0.632928
3544 0.741986
3545 0.708515
3546 0.700566
3547 0.64307
3548 0.745266
3549 0.516382
3550 0.514313
3551 0.455098
3552 0.608235
3553 0.725776
3554 0.425423
3555 0.0757
3556 0.609229
3557 0.580008
3558 0.901043
3559 1.162571
3560 1.152168
3561 0.790715
3562 1.14646
3563 0.731723
3564 0.745059
3565 0.989217
3566 0.62058
3567 0.572382
3568 0.639667
3569 0.413163
3570 0.427309
3571 0.304466
3573 0.128627
3574 0.541101
3575 0.351106
3576 0.268235
3577 0.367494
3578 0.278033
3580 0.100047
3581 0.507219
3582 0.815073
3583 0.67265
3584 1.184865
3585 0.708132
3586 1.282791
3587 0.90815
3588 1.047851
3589 0.964535
3590 0.712007
3591 0.722903
3592 0.42259
3596 0.096976
3597 0.702486
3598 0.755074
3599 0.324166
3601 0.481432
3602 1.256256
3603 1.231786
3604 0.839167
3605 1.07927
3606 0.973
3607 0.544436
3608 0.775992
3609 0.8448
3610 0.926018
3611 1.106553
3612 0.974178
3613 0.654282
3614 0.849077
3615 0.882004
3616 1.147325
3618 0.658321
3619 0.524941
3620 0.599042
3621 0.397024
3622 0.010846
3623 0.763918
3624 0.445998
3625 0.42374
3626 0.460786
3627 0.500894
3628 0.752024
3629 1.015576
3630 1.724059
3632 1.131006
3633 0.804079
3634 0.73407
3635 1.521518
3636 1.123645
3637 1.458989
3638 1.020372
3639 1.296659
3640 1.128975
3641 1.117812
3642 1.807659
3643 1.148185
3644 1.375431
3646 0.200511
3647 0.418856
3649 0.686163
3650 1.036565
3651 0.788532
3652 0.759305
3653 0.546416
3654 0.34605
3655 0.407318
3656 0.458842
3657 0.489669
3658 0.585125
3659 0.443301
3660 0.384369
3661 0.243012
3662 0.250149
3663 0.238384
3664 0.476087
3665 0.299192
3666 0.287613
3667 0.358474
3668 0.340947
3669 0.552618
3670 0.55338
3671 0.804319
3672 1.002102
3673 1.38727
3674 1.113141
3676 0.901029
3677 1.06999
3678 1.242471
3679 1.552447
3680 0.942938
3681 0.853055
3682 1.331717
3683 1.087316
3684 1.08819
3685 1.257629
3686 1.213666
3687 1.023311
3688 0.761521
3689 0.696927
3690 0.734322
3691 1.178605
3692 0.608325
3693 0.805096
3694 0.759004
3696 0.556793
3697 0.693545
3698 0.607397
3699 0.425214
3700 0.392505
3701 0.314545
3704 0.046678
3705 0.472032
3706 0.224437
3726 0.004316
3728 0.01152
3729 0.009128
3731 0.01152
3752 0.001043
3753 0.332408
3754 0.755596
3755 1.03257
3756 0.803834
3757 0.867725
3758 0.832965
3759 1.046041
3760 0.608831
3761 0.909368
3762 1.107269
3763 1.18295
3764 0.858168
3765 1.311915
3766 1.152895
3767 1.380737
3768 1.324587
3770 1.154402
3771 1.310423
3772 1.713119
3773 1.08188
3774 0.896793
3775 0.592554
3776 0.561165
3777 0.693624
3778 0.981765
3779 1.245328
3780 1.522359
3781 1.531548
3782 1.661156
3783 1.521348
3784 1.416975
3785 1.164878
3786 1.339693
3787 1.60579
3788 1.473578
3789 0.954053
3790 1.502772
3791 1.336509
3792 1.06871
3793 1.006561
3795 0.977668
3796 0.99215
3797 1.290424
3798 1.048188
3799 1.52631
3800 1.686409
3801 1.319912
3802 0.894579
3803 1.568384
3804 1.465355
3805 1.634294
3806 1.669818
3807 1.659714
3808 1.836241
3809 1.866505
3810 1.75337
3811 1.832891
3812 2.122574
3813 1.881806
3814 2.3133
3815 1.70947
3817 1.882262
3818 2.300423
3819 2.319714
3820 1.697923
3821 1.731225
3822 2.114034
3823 1.890476
3824 2.021727
3825 2.070607
3826 2.144513
3827 2.165053
3828 1.805078
3830 2.265504
3831 2.069351
3832 1.780889
3833 1.724031
3834 1.060526
3835 1.228792
3836 1.122302
3837 1.204118
3838 1.522828
3839 1.310705
3840 1.763628
3841 1.973884
3842 2.479041
3843 1.989234
3844 1.867002
3845 1.65013
3846 2.14209
3847 2.150905
3849 1.688845
3850 2.236325
3851 1.621129
3852 1.521616
3853 1.494004
3854 1.691395
3855 1.580842
3856 1.576835
3857 1.913013
3859 1.432104
3860 1.737718
3861 1.308533
3862 1.539203
3863 1.725497
3864 2.264567
3865 1.567515
3866 0.985127
3867 1.056991
3868 1.343094
3869 1.400953
3870 1.597591
3871 1.827564
3872 1.660707
3873 2.363229
3874 1.861522
3875 2.020811
3876 2.070273
3878 1.931549
3879 1.676482
3880 2.248448
3881 2.151659
3882 1.93715
3883 1.873407
3884 1.972263
3885 1.737568
3886 1.960024
3887 1.541012
3888 2.051564
3890 1.371115
3891 1.831426
3892 1.439545
3893 1.586621
3894 1.452776
3895 1.573056
3896 1.512237
3897 1.558314
3898 1.667059
3899 1.243374
3900 1.3898
3901 1.495634
3902 1.36558
3904 1.449469
3905 1.701483
3906 1.693252
3907 1.730329
3908 1.696335
3909 1.373663
3910 1.286954
3911 1.156814
3912 1.026709
3913 0.936126
3914 1.10171
3915 1.370773
3916 0.718527
3917 0.733439
3918 0.498789
3919 0.457114
3920 0.673505
3921 0.559678
3922 0.768982
3924 0.62573
3925 0.318122
3926 0.689903
3927 0.876022
3928 0.837172
3929 0.282749
3930 0.364739
3931 0.442081
3932 0.815057
3933 1.16346
3934 1.328792
3935 1.0512
3936 1.011494
3937 1.180124
3938 0.96368
3939 1.241814
3940 1.013984
3941 1.166498
3942 1.163703
3943 0.679914
3944 0.87385
3945 1.057291
3947 0.564493
3948 0.763247
3949 0.706
3950 0.641114
3951 0.636156
3952 1.003497
3953 0.797083
3954 1.088737
3955 0.800308
3956 0.909255
3957 0.837496
3958 0.958129
3959 1.087026
3960 1.003741
3962 0.9664
3963 1.036507
3964 0.864942
3965 1.222827
3966 0.756737
3967 0.865062
3968 0.570957
3969 0.887533
3970 1.117098
3971 0.560565
3972 0.58663
3973 0.58371
3974 0.461741
3975 0.292117
3976 0.549996
3977 0.477241
3978 0.382788
3979 0.460482
3980 0.500638
3981 0.481687
3982 0.572739
3983 0.444381
3984 0.309138
3985 0.280439
3986 0.520111
3987 0.352562
3989 0.254373
3990 0.361258
3991 0.232486
3992 0.510267
3993 0.711524
3994 0.944569
3995 1.172852
3996 1.084707
3997 1.250142
3998 1.190354
3999 0.990806
4000 1.250252
4001 1.292399
4002 1.366437
4003 1.268344
4004 1.226158
4005 1.029283
4006 0.962051
4007 1.130498
4008 0.997602
4009 0.93906
4010 0.910428
4011 1.031129
4012 1.217259
4013 1.146398
4015 0.980224
4016 1.067884
4017 0.969189
4018 1.080863
4019 1.105578
4020 1.037219
4021 1.083822
4022 0.833869
4023 0.848641
4024 0.928204
4025 1.017808
4026 1.117354
4027 0.762954
4028 0.861812
4029 0.876239
4030 1.01994
4031 0.859287
4032 0.922313
4033 0.734428
4034 0.766226
4036 0.856114
4037 0.954182
4038 0.586685
4039 0.674536
4040 0.844317
4041 0.81669
4042 0.480607
4043 0.414969
4044 0.604919
4045 0.652225
4046 1.026556
4047 0.775634
4048 0.781861
4049 0.794999
4050 0.742461
4051 0.996123
4052 1.097665
4053 0.877025
4054 0.958426
4055 0.876714
4056 0.677484
4057 0.472728
4058 0.652755
4059 0.759247
4060 0.422937
4061 0.51894
4062 0.64636
4063 0.504688
4064 0.83143
4066 0.630612
4067 0.618828
4068 1.100471
4069 0.944692
4070 1.213899
4071 0.956491
4072 1.168863
4073 0.916907
4074 1.019692
4075 1.04735
4076 1.020292
4077 0.88613
4078 0.639214
4079 0.708879
4080 0.903904
4081 1.093685
4082 1.10415
4083 1.017267
4084 1.245117
4085 0.981139
4086 1.096903
4087 1.102772
4088 1.223786
4089 1.194418
4090 0.639025
4092 1.025315
4093 1.314149
4094 1.130688
4095 0.834622
4096 0.585817
4097 0.687909
4098 0.535034
4099 0.701946
4100 0.718528
4101 0.897125
4102 0.953159
4103 0.884836
4104 0.903477
4105 0.786699
4106 0.818587
4107 0.721562
4108 0.442371
4110 0.615597
4111 0.708063
4112 0.887647
4113 1.0584
4114 0.788919
4115 0.821865
4116 0.835037
4117 1.034366
4118 0.57341
4119 0.619145
4120 0.475666
4121 0.644447
4122 0.669613
4123 0.833183
4124 0.713356
4125 0.658791
4126 0.361167
4127 0.361258
4128 0.177673
4129 0.153421
4130 0.198431
4131 0.431446
4133 0.3872
4134 0.40469
4135 0.231506
4136 0.409969
4137 0.479451
4138 0.523834
4139 0.534558
4140 0.699748
4141 0.860491
4142 0.690028
4143 0.911152
4144 0.64142
4145 0.97786
4146 0.766194
4147 0.726468
4148 0.553532
4149 0.771115
4150 0.720391
4151 0.736527
4152 0.592119
4153 0.702073
4154 0.411778
4155 0.692076
4157 0.574078
4158 0.74164
4159 0.500808
4160 0.280447
4161 0.478524
4162 0.650131
4163 0.489694
4164 0.587435
4165 0.40357
4166 0.834345
4167 0.821307
4168 0.509169
4169 0.515012
4170 0.491882
4171 0.414447
4172 0.520111
4173 0.395335
4174 0.288048
4175 0.396988
4176 0.468602
4177 0.422218
4178 0.335905
4179 0.417277
4180 0.666917
4181 0.388329
4182 0.463937
4183 0.490972
4184 0.375366
4185 0.202751
4186 0.389464
4187 0.507956
4188 0.561526
4189 0.904032
4190 0.767525
4192 0.757499
4193 0.722653
4194 0.376423
4195 0.628979
4196 0.595371
4197 0.327826
4198 0.384631
4199 0.411754
4200 0.32934
4201 0.337672
4202 0.319786
4203 0.387326
4204 0.452539
4205 0.563088
4206 0.76134
4207 0.550602
4208 0.436016
4209 0.322661
4210 0.253529
4211 0.19635
4212 0.265373
4213 0.213236
4214 0.302551
4215 0.227549
4216 0.232705
4217 0.299411
4218 0.189454
4220 0.187554
4221 0.265373
4222 0.208808
4223 0.245812
4224 0.162944
4225 0.335905
4226 0.523728
4227 0.698222
4228 0.540426
4229 0.489445
4230 0.305638
4231 0.21888
4232 0.214939
4233 0.303398
4234 0.195422
4235 0.29184
4236 0.267596
4237 0.390083
4238 0.28941
4239 0.420901
4241 0.383006
4242 0.300424
4243 0.241427
4244 0.21499
4245 0.1824
4246 0.206136
4247 0.236627
4248 0.150212
4249 0.130733
4250 1.017238
4251 1.096946
4252 0.832541
4254 0.689404
4255 0.901663
4256 0.982596
4257 0.699108
4258 0.748539
4259 1.032275
4260 1.055121
4261 0.987349
4262 1.07294
4263 1.311313
4264 1.001734
4265 0.587682
4266 0.159379
4267 0.244381
4268 0.289633
4269 0.986947
4270 0.559391
4271 0.579384
4273 0.918311
4274 0.978746
4275 0.690166
4276 1.200492
4277 1.35956
4278 1.036454
4279 0.907173
4280 0.736232
4281 0.849759
4282 0.583099
4283 0.518398
4284 0.609375
4285 0.496998
4286 0.577475
4287 0.551544
4288 0.623865
4289 0.493434
4291 0.49004
4292 0.589576
4293 0.739913
4294 0.99322
4295 0.758519
4296 1.003724
4297 1.019005
4298 1.265255
4299 0.859827
4300 1.018814
4301 0.747815
4302 0.56636
4303 0.325114
4304 0.512317
4305 0.575628
4306 0.825103
4307 0.642969
4308 0.787596
4309 0.682765
4310 0.67985
4311 0.535773
4312 0.898885
4313 1.248578
4314 1.142938
4315 1.170915
4316 1.120539
4318 1.110255
4319 1.110808
4320 1.255691
4321 1.368982
4322 0.863361
4323 0.750933
4324 1.121703
4325 1.050614
4326 1.044282
4327 1.012863
4328 1.393907
4329 1.508895
4330 1.335681
4332 1.196699
4333 1.294138
4334 1.529505
4335 1.216285
4336 1.324387
4337 1.503327
4338 0.891123
4339 0.869427
4340 1.167327
4341 1.626379
4342 0.89525
4343 1.272951
4344 1.430996
4345 0.873481
4346 0.602133
4347 0.728135
4348 0.816582
4350 0.786928
4351 0.926473
4352 1.107214
4353 1.123768
4354 1.13505
4355 1.116737
4356 1.071256
4357 0.802212
4358 0.89289
4359 1.076408
4360 0.814685
4361 0.876436
4362 0.758905
4363 0.586589
4364 0.661867
4365 0.678444
4366 0.649568
4367 0.781186
4368 1.001913
4369 0.94834
4370 0.67653
4371 1.072333
4372 0.562661
4374 0.47172
4375 0.528744
4376 0.371883
4377 0.340008
4378 0.0936
4379 0.414384
4380 0.244322
4382 0.214624
4383 0.282006
4384 0.150743
4385 0.430459
4386 0.584673
4387 0.560031
4389 0.847034
4390 0.974313
4391 0.328388
4392 0.464523
4393 0.369361
4394 0.446276
4395 0.420281
4396 0.416518
4397 0.401085
4398 0.400513
4399 0.31167
4400 0.329574
4401 0.236047
4402 0.209647
4403 0.177357
4404 0.32292
4405 0.314545
4406 0.260215
4407 0.255658
4408 0.131855
4409 0.134219
4410 0.161575
4411 0.159649
4412 0.278688
4413 0.437331
4414 0.389509
4415 0.312686
4416 0.274999
4418 0.553166
4419 0.360502
4420 0.306167
4421 0.214588
4422 0.225318
4423 0.197796
4424 0.238384
4425 0.383192
4426 0.519069
4427 0.377396
4428 0.616871
4429 0.933381
4430 0.548523
4431 0.680649
4432 0.67939
4433 0.833283
4434 0.460915
4435 0.547747
4436 0.480718
4437 0.285594
4438 0.212899
4439 0.22313
4440 0.150212
4441 0.109219
4442 0.336738
4443 0.20137
4444 0.23862
4445 0.163996
4446 0.103862
4447 0.180629
4449 0.216815
4460 0.005637
4461 0.785796
4463 1.118441
4464 1.055145
4465 0.826357
4466 0.954376
4467 0.7073
4468 1.060396
4469 0.936958
4470 1.159651
4471 1.158282
4472 1.037138
4473 1.106438
4474 0.851491
4475 1.216069
4476 1.159699
4477 1.087873
4478 0.745966
4479 0.780765
4480 0.996143
4481 1.060567
4483 1.020083
4484 1.049981
4485 0.953436
4486 0.887242
4487 0.971239
4488 1.04721
4489 0.620701
4491 0.431057
4492 0.503087
4493 1.027501
4494 1.259707
4495 1.040816
4496 0.897006
4497 1.303089
4498 0.911145
4499 0.897305
4500 1.296879
4501 0.916646
4502 1.144031
4503 0.884967
4504 0.850913
4505 0.823782
4506 0.9106
4507 0.954421
4508 1.033985
4509 1.027456
4511 0.871369
4512 1.034257
4513 1.072143
4514 1.04629
4515 1.057083
4516 1.080412
4517 0.81028
4518 1.041703
4519 1.076119
4520 0.980158
4521 1.117743
4522 1.195343
4523 1.101545
4524 0.763948
4525 0.891956
4526 0.913648
4527 1.230121
4528 1.046859
4530 1.067862
4530 1.368772
