331 0.06316
332 0.351178
333 0.52166
334 1.379782
335 1.669736
336 0.916
337 0.72447
338 1.371772
339 0.890127
340 0.961673
341 0.796372
342 1.191771
344 0.740566
345 1.492326
346 1.338406
347 0.759647
348 0.852432
349 0.605769
350 0.807413
351 0.813582
352 0.598564
353 0.409251
354 0.538883
355 0.497338
356 0.576333
357 0.500945
358 0.520111
359 0.394638
360 0.391952
361 0.343341
362 0.225694
363 0.239726
364 0.178717
366 0.235245
367 0.193129
368 0.270725
369 0.949101
370 1.10822
371 1.08155
372 1.09816
373 1.20004
374 0.934312
375 0.87838
376 1.085703
377 0.608087
378 1.013986
379 0.42614
380 0.578743
382 0.452965
383 0.484586
384 0.432513
385 0.67236
386 0.560891
387 0.739176
388 0.354418
389 0.326486
390 0.231508
391 0.202358
392 0.523391
393 0.5275
394 0.620016
395 0.82785
396 0.765289
397 0.336738
398 0.397276
399 0.667429
400 0.407318
401 0.245106
402 0.146059
404 0.049003
405 0.227323
406 0.429857
407 0.852149
408 1.12311
409 0.71545
410 1.073078
411 0.633947
412 0.67782
413 0.744111
414 1.014729
415 0.899373
416 0.779973
417 0.891085
418 0.959588
419 0.727281
420 0.402969
421 0.690709
422 0.939475
423 0.849031
424 0.812729
425 0.632722
426 0.774266
427 1.098548
428 0.925207
429 0.636295
430 0.375223
431 0.244397
432 0.893283
434 0.957787
435 0.93021
436 0.704092
437 0.737338
438 0.724396
439 0.694652
440 0.609631
441 0.608372
442 0.50481
443 0.418208
444 0.234504
445 0.126128
446 0.242527
447 0.314234
448 0.238384
449 0.214071
450 0.311153
451 0.312617
452 0.236065
453 0.311153
455 0.214588
456 0.230028
457 0.389686
458 0.450635
459 0.297161
460 0.321332
461 0.548396
462 0.651459
463 0.5472
464 0.513442
465 0.567961
466 0.37849
467 0.273863
468 0.293777
469 0.268235
470 0.207442
471 0.42639
472 0.418526
473 0.48345
475 0.664945
476 0.585125
477 0.367707
478 0.407718
479 0.270576
480 0.365158
481 0.271492
482 0.444261
483 0.57412
484 0.403085
485 0.455097
486 0.312832
487 0.371883
488 0.343192
489 0.300424
490 0.336078
491 0.412039
492 0.943565
493 0.484555
494 0.520314
495 0.545451
496 0.650984
497 0.704491
498 0.693263
499 0.52084
500 0.799464
501 0.794614
502 0.548044
503 0.435046
504 0.59596
505 0.504578
506 0.442633
507 0.690815
509 0.684065
510 0.856103
511 0.653095
512 0.725738
513 0.445986
514 0.403759
515 0.284123
516 0.199388
517 0.095165
518 0.160784
519 0.398977
520 0.499316
521 0.774216
522 0.64084
523 0.572486
524 0.409648
525 0.890303
526 0.562241
527 0.818737
528 0.589387
530 0.822802
531 0.754429
532 0.720714
533 0.890044
534 0.815113
535 0.670514
536 0.197711
537 0.415278
538 0.956971
539 1.133249
540 1.431707
541 0.990957
542 0.887242
544 0.794202
545 0.877883
546 0.787011
547 0.879035
548 1.202498
549 0.892943
550 0.98332
551 1.189267
552 1.061835
553 1.271915
554 1.41373
555 1.35618
556 0.950762
557 1.374785
558 0.888437
559 1.255201
560 1.332273
562 0.939615
563 1.19224
564 1.127009
565 1.258797
566 1.147762
567 0.885585
568 1.263656
569 1.083836
570 0.857899
571 0.830767
572 0.91581
573 0.470176
574 0.839145
575 0.782345
577 0.963327
578 0.755333
579 0.890871
580 0.890622
581 0.551338
582 0.712361
583 0.647921
584 0.402328
585 0.529261
586 0.435366
587 0.459498
588 0.48577
589 0.665224
590 0.3925
591 0.610392
592 0.627636
593 0.558359
594 0.232333
597 0.106659
598 0.769446
599 0.506245
600 0.938149
601 0.920705
602 0.872412
603 0.967541
604 1.051565
605 1.440128
606 1.08282
607 1.044083
608 1.23025
609 0.998652
610 0.713638
611 0.849142
612 0.378961
613 0.656792
614 0.625351
615 0.422803
616 0.660305
617 0.612499
618 0.737926
620 0.553074
621 0.450855
622 0.779584
623 0.640055
624 0.777156
625 0.785816
626 0.740204
627 0.599345
628 0.814139
629 0.63124
630 0.732182
631 0.764128
632 0.775408
634 0.83144
635 0.895834
636 0.731298
637 0.938675
638 0.704583
639 0.857808
640 0.739259
641 0.964428
642 0.590493
643 0.909012
644 0.680193
645 0.743187
646 0.370087
647 0.358117
648 0.654147
649 0.625418
650 0.573922
651 0.492667
652 0.530585
653 0.722257
654 0.379248
655 0.399913
656 0.740071
657 0.766883
658 0.659834
659 0.476874
660 0.884543
661 0.607921
662 0.573679
663 0.686788
665 0.640058
666 0.733053
667 0.761353
668 0.56382
669 0.506833
670 0.69072
671 0.78545
672 0.684657
673 0.535945
674 0.707247
675 0.605062
676 0.677441
677 0.42959
678 0.466394
679 0.452186
680 0.505201
681 0.619873
683 0.335564
684 0.496241
690 0.001335
691 0.675533
693 0.613569
694 0.265631
695 0.171502
696 0.184925
697 0.242031
698 0.336738
699 0.161625
700 0.139192
701 0.404152
702 0.39958
703 0.2776
704 0.255867
705 0.289694
706 0.266952
707 0.244381
708 0.17417
709 0.180629
711 0.1552
712 0.123894
713 0.187077
714 0.238175
715 0.855012
716 0.704824
717 0.50577
718 0.092654
719 0.29104
720 0.385547
721 0.453302
722 0.403016
723 0.530421
724 0.296021
725 0.354071
726 0.368777
727 0.314962
728 0.437323
729 0.344684
731 0.306707
732 0.354377
733 0.293204
734 0.372245
735 0.301038
736 0.379623
737 0.225662
738 0.318486
739 0.368412
740 0.333275
741 0.373938
742 0.435631
743 0.501381
744 0.595458
745 0.581938
746 0.525928
747 0.613286
748 0.56333
749 0.601455
750 0.573735
751 0.600188
752 0.631556
753 0.5473
754 0.679786
755 0.118725
756 0.970866
758 0.62807
759 0.605508
760 0.640381
761 0.668884
762 0.727533
763 0.649191
764 0.66389
765 0.671018
766 0.537157
767 0.684444
768 0.662946
769 0.474712
770 0.437238
771 0.502859
772 0.572534
773 0.314545
774 0.065421
775 0.139089
777 0.284123
778 0.249654
779 0.403759
780 0.532895
781 0.608055
782 0.43089
783 0.264808
784 0.269163
785 0.308431
786 0.335968
787 0.421521
788 0.476571
789 0.265889
790 0.22371
791 0.343954
792 0.202515
793 0.168369
794 0.141867
795 0.10228
796 0.088339
797 0.143461
798 0.385856
799 0.695564
800 0.562965
801 0.571673
802 0.391614
803 0.590386
804 0.427425
805 0.445683
807 0.452743
808 0.478856
809 0.562022
810 0.785294
811 0.412523
812 0.607397
813 0.395541
814 0.48465
815 0.18367
816 0.357981
817 0.331758
818 0.316668
819 0.322198
820 0.244788
821 0.303398
822 0.280024
823 0.329606
824 0.375292
825 0.354836
826 0.433097
827 0.488793
828 0.472094
830 0.396593
831 0.425235
832 0.43579
833 0.475619
834 0.529137
835 0.547196
836 0.572049
837 0.590559
838 0.559337
840 0.439571
841 0.171671
842 0.774928
843 1.044023
844 1.082423
845 0.951116
846 0.363323
847 0.400761
848 0.396599
849 0.362419
850 0.441141
851 0.91902
852 0.813782
853 0.824302
855 0.968339
856 0.599051
857 0.265631
858 0.13068
859 0.626924
860 0.919952
861 0.618441
862 0.717199
863 0.886075
864 0.724682
865 0.609455
866 0.677804
867 1.150689
868 0.881284
869 1.745504
870 1.541264
871 1.047086
872 1.162815
873 1.195093
874 1.103237
875 1.1232
876 1.16709
877 0.550045
878 0.210462
880 0.263675
881 0.385858
882 0.59651
883 0.700251
884 0.691715
885 0.588983
886 0.176058
887 0.658899
888 0.597475
889 0.392534
890 0.482351
891 0.315804
892 0.402376
893 0.42259
894 0.305829
895 0.371523
896 0.305115
897 0.356725
898 0.482824
899 0.312627
900 0.312248
901 0.363439
902 0.42259
903 0.17939
905 0.220985
906 0.241647
907 0.396988
908 0.330235
909 0.326998
910 0.265631
911 0.153063
918 0.001768
919 0.028714
920 0.901323
921 1.06839
922 1.108261
923 0.963929
924 1.048917
925 0.74832
926 1.12318
927 1.307157
928 1.10017
929 0.886996
930 0.897299
931 1.028322
932 1.214785
933 1.00818
934 1.103865
935 1.231433
936 0.981127
937 0.961049
938 1.086643
939 0.983459
940 1.011674
941 0.935208
943 0.919647
944 0.662725
945 0.427112
946 0.504432
947 0.654449
948 0.462339
949 0.432178
950 0.552513
951 0.326323
952 0.271723
953 0.314234
954 0.24922
956 0.092005
957 0.568519
958 0.304618
959 0.28426
960 0.247238
961 0.260055
962 0.310983
963 0.340435
964 0.247198
965 0.252069
966 0.257187
967 0.191231
968 0.062006
969 0.202667
970 0.166711
973 0.072637
974 0.329687
975 0.158609
976 0.25971
977 0.354071
978 0.161947
979 0.220985
980 0.123894
981 0.114332
983 0.022919
984 0.405333
985 0.145971
986 0.312388
987 0.212645
988 0.379248
989 0.399366
990 0.651457
992 0.539479
993 0.461817
994 0.468143
995 0.751059
996 0.578039
997 0.478998
998 0.618454
999 0.750421
1000 0.656206
1001 0.672665
1002 0.155176
1003 0.368777
1004 0.375529
1005 0.187993
1006 0.07296
1008 0.241031
1009 0.463898
1010 0.390083
1011 0.333711
1012 0.822903
1013 0.806863
1014 0.528259
1015 0.709248
1016 0.698685
1017 0.653395
1018 0.681213
1019 0.495842
1020 0.292295
1021 0.256
1022 0.167721
1023 0.216499
1024 0.233658
1025 0.340669
1026 0.232266
1027 0.364235
1028 0.524341
1029 0.601766
1030 0.688306
1031 0.787176
1032 1.286147
1033 1.142648
1034 1.306384
1035 1.008697
1037 0.507774
1038 0.911936
1039 0.846918
1040 0.687754
1041 1.045707
1042 1.410989
1043 1.205899
1044 0.643335
1045 0.856895
1046 0.407781
1047 0.70433
1048 0.261006
1049 0.365025
1050 0.444261
1051 0.585357
1052 0.918761
1053 0.94649
1055 0.952862
1056 1.336722
1057 1.261956
1058 1.060514
1059 0.781227
1060 1.106853
1061 1.036654
1062 1.071802
1063 1.088048
1064 1.074182
1065 1.635633
1066 1.593825
1067 1.259672
1068 1.674459
1069 1.418578
1070 0.825054
1071 1.292294
1072 1.332099
1073 1.32174
1074 1.469085
1075 1.321089
1076 1.215832
1078 1.477557
1079 1.514879
1080 1.475243
1081 1.545486
1082 1.483247
1083 1.886545
1084 1.525146
1085 1.775551
1086 1.405607
1087 1.600879
1089 1.387912
1090 1.218588
1091 1.516116
1092 1.568597
1093 0.944769
1094 1.099863
1095 1.141166
1096 1.046128
1097 1.146269
1098 1.165101
1099 1.366012
1100 1.210093
1101 1.63224
1103 1.555302
1104 1.504933
1105 1.758238
1106 1.33554
1107 1.170403
1108 1.176986
1109 1.640535
1110 1.577617
1111 1.130563
1112 1.199367
1113 0.878109
1114 1.504543
1115 1.166714
1116 1.44636
1117 0.976831
1118 1.150811
1119 1.166674
1121 1.300338
1122 1.188038
1123 1.40127
1124 1.407313
1125 1.319726
1126 1.589817
1127 1.537662
1128 1.962914
1129 1.095794
1130 1.4236
1131 1.685046
1132 1.867818
1133 1.555989
1134 1.625546
1135 1.569414
1136 1.281313
1137 1.444795
1139 1.465928
1140 1.346962
1141 1.830113
1142 1.518858
1143 1.592448
1144 1.394834
1145 0.974188
1146 1.352916
1147 1.654169
1148 1.345976
1149 1.499996
1150 1.405435
1151 1.157701
1152 1.136387
1153 1.497048
1154 1.510025
1155 1.589674
1156 1.225237
1157 1.087581
1159 1.292229
1160 1.431665
1161 1.407318
1162 1.472989
1163 1.163643
1164 0.948052
1165 1.137901
1166 0.953325
1167 0.802077
1168 1.209742
1169 1.263356
1170 0.979358
1171 0.7624
1172 0.81362
1173 1.173597
1174 0.972071
1175 0.789403
1176 1.078673
1177 1.266671
1179 0.917668
1180 1.175271
1181 1.479896
1182 1.582343
1183 1.178025
1184 1.438153
1185 1.158652
1186 1.438891
1187 1.552205
1188 1.665031
1189 1.146245
1190 1.356228
1191 1.213212
1192 1.251335
1193 1.359518
1194 1.501219
1195 1.244955
1196 1.316349
1197 1.038301
1198 1.235074
1199 1.259608
1200 1.376967
1202 0.936995
1203 1.016621
1204 1.220974
1205 1.223841
1206 1.054992
1207 1.234275
1208 0.909748
1209 0.865977
1210 0.734793
1211 0.77267
1212 0.973571
1213 0.697902
1214 0.604844
1215 0.524255
1216 0.930643
1217 0.467349
1218 0.537625
1219 0.389354
1220 0.13055
1224 0.014732
1225 0.270623
1227 0.249303
1228 0.515346
1229 0.520626
1230 0.118093
1231 0.374399
1232 0.528407
1233 1.11897
1234 0.975302
1235 0.775984
1237 0.735802
1238 0.565536
1239 0.571182
1240 0.504282
1242 0.155602
1261 0.016478
1262 0.193129
1263 0.477427
1265 0.491396
1266 0.546384
1267 0.573861
1268 0.635141
1269 0.457421
1270 0.604936
1271 0.731133
1272 0.774811
1273 0.811451
1274 0.560502
1275 0.754613
1276 0.738498
1277 0.771422
1278 0.70726
1279 0.585242
1280 0.724998
1281 0.562542
1282 0.100515
1283 0.524211
1284 0.654494
1285 0.5164
1286 0.452392
1287 0.590652
1288 0.683026
1290 0.4682
1291 0.365956
1292 0.556158
1293 0.443958
1294 0.594103
1295 0.515509
1296 0.571357
1297 0.581631
1298 0.534359
1299 0.699631
1300 0.675767
1301 0.70458
1302 0.699525
1303 0.789775
1304 0.579568
1305 0.848262
1306 0.660007
1307 0.796965
1308 0.811189
1309 0.584801
1310 0.857196
1311 0.641659
1312 0.745259
1313 0.612518
1314 0.476051
1315 0.683043
1316 0.819188
1317 0.770974
1318 1.067715
1320 0.827368
1321 0.984451
1322 0.76634
1323 0.906694
1324 0.796335
1325 0.809189
1326 0.569099
1327 0.713513
1328 0.69667
1330 0.795321
1331 0.546599
1332 0.747917
1333 0.768356
1334 0.597044
1335 0.859968
1336 0.58064
1337 0.773893
1338 0.568213
1339 0.727094
1340 0.661577
1341 0.903921
1342 0.555648
1343 0.237451
1344 0.815435
1345 0.519295
1346 0.567778
1348 0.490986
1349 0.645814
1350 0.286981
1351 0.564251
1352 0.689644
1353 0.671374
1354 0.701853
1355 0.677773
1356 0.502011
1357 0.687122
1358 0.777827
1359 0.560938
1360 0.762133
1361 0.440149
1362 0.631757
1364 0.511007
1365 0.605552
1366 0.608502
1367 0.619358
1368 0.627715
1369 0.674788
1370 0.650939
1371 0.585216
1372 0.398956
1373 0.551754
1374 0.456364
1375 0.433208
1376 0.453104
1377 0.460749
1378 0.455548
1379 0.343772
1380 0.366157
1381 0.52166
1382 0.445535
1383 0.427513
1384 0.417456
1385 0.44518
1386 0.310095
1387 0.415457
1388 0.372486
1389 0.530421
1390 0.432008
1392 0.455635
1393 0.520856
1394 0.509275
1395 0.352769
1396 0.433426
1397 0.322086
1398 0.396988
1399 0.211342
1400 0.346741
1401 0.354071
1402 0.211906
1403 0.263077
1404 0.264761
1405 0.933571
1406 0.772382
1407 1.189677
1408 0.508512
1409 1.036706
1410 0.683796
1411 0.322097
1412 0.642902
1413 1.028253
1415 0.510837
1416 0.747525
1417 0.680238
1418 0.742545
1419 0.69627
1420 0.525963
1421 0.963639
1422 0.609953
1423 0.402408
1424 0.376047
1425 0.60716
1426 0.718068
1427 0.451862
1428 0.62606
1429 0.369137
1430 0.228583
1431 0.23862
1433 0.166521
1434 0.130525
1435 0.116878
1436 0.104229
1437 0.096431
1438 0.131197
1439 0.189598
1440 0.161818
1441 0.274565
1442 0.371724
1443 0.325417
1444 0.328823
1445 0.456322
1446 0.358569
1447 0.292803
1448 0.292852
1449 0.260617
1450 0.352275
1451 0.486844
1452 0.520174
1453 0.655569
1454 0.473317
1455 0.582889
1456 0.432384
1457 0.511527
1458 0.520859
1459 0.353819
1461 0.554233
1462 0.438732
1463 0.519404
1464 0.658347
1465 0.550601
1466 0.454089
1467 0.424844
1468 0.482351
1469 0.154997
1470 0.442306
1471 0.521055
1472 0.316878
1473 0.294072
1474 0.461817
1475 0.198766
1476 0.292852
1477 0.146276
1478 0.90937
1480 0.539065
1481 0.605854
1482 0.74244
1483 1.017094
1484 0.811237
1485 0.963435
1486 1.051556
1487 0.719339
1488 0.853755
1489 0.489062
1490 0.61949
1491 0.583122
1492 0.448365
1493 0.420431
1494 0.368119
1495 0.371945
1496 0.427918
1497 0.318173
1498 0.486057
1499 0.579996
1500 0.652673
1501 0.770813
1502 0.283579
1503 0.601135
1504 0.484673
1505 0.561278
1506 0.658633
1508 0.695061
1509 0.759385
1510 0.55323
1511 0.866877
1512 0.872634
1513 0.91908
1514 0.879937
1515 0.624663
1516 0.734355
1517 0.958891
1518 0.612686
1519 0.667885
1520 0.518771
1521 0.418794
1522 0.330395
1523 0.339628
1524 0.314815
1525 0.361609
1527 0.14697
1528 0.238857
1529 0.192752
1530 0.368047
1531 0.357146
1532 0.379964
1533 0.429598
1534 0.188575
1535 0.275721
1536 0.164354
1537 0.424186
1538 0.270008
1539 0.29677
1540 0.399877
1541 0.262944
1542 0.222052
1543 0.15721
1544 0.184277
1545 0.112027
1546 0.559538
1548 0.473305
1549 0.409353
1550 0.505568
1551 0.466566
1552 0.297126
1553 0.348252
1554 0.403368
1555 0.234093
1556 0.299324
1557 0.400919
1558 0.273513
1559 0.252554
1560 0.160965
1561 0.195042
1562 0.168986
1563 0.237054
1564 0.170833
1565 0.166323
1566 0.200807
1567 0.116878
1568 0.042386
1570 0.148753
1571 0.216713
1572 0.262275
1573 0.262424
1574 0.400262
1575 0.296703
1576 0.654886
1577 0.47676
1578 0.421188
1579 0.32236
1580 0.365137
1581 0.384659
1582 0.489236
1583 0.410496
1584 0.736734
1585 0.846018
1586 0.556805
1587 0.403378
1588 0.22996
1589 0.130645
1590 0.143614
1592 0.069146
1593 0.437585
1595 0.170879
1596 0.254104
1597 0.255254
1598 0.400919
1599 0.481685
1600 0.31715
1601 0.421328
1602 0.317418
1603 0.332612
1604 0.420594
1605 0.356192
1606 0.570898
1607 0.541014
1608 0.513592
1609 0.635508
1610 0.593703
1611 0.613621
1612 0.674557
1613 0.748674
1614 0.502051
1615 0.375592
1616 0.376768
1617 1.169726
1618 0.889589
1619 1.130928
1620 0.875061
1621 0.925323
1622 0.603132
1623 0.651865
1625 0.707513
1626 0.744182
1627 0.644459
1628 0.314234
1629 0.202789
1630 0.467057
1631 0.341241
1632 0.334343
1633 0.371724
1634 0.633501
1635 0.566688
1636 0.806287
1637 0.759627
1638 1.049958
1639 0.839564
1640 0.961253
1641 1.067295
1642 1.075295
1643 1.091742
1644 1.07275
1645 1.135715
1646 1.177875
1648 1.277968
1649 1.004166
1650 1.102511
1651 0.977134
1652 1.208533
1653 1.230791
1654 1.509677
1655 1.133236
1656 1.024276
1657 0.965757
1658 0.930789
1660 1.031301
1661 0.795869
1662 1.20848
1663 0.855984
1664 0.852577
1665 0.607231
1666 0.760063
1667 0.728103
1668 0.524363
1669 0.582393
1670 0.523921
1671 0.411347
1672 0.365305
1673 0.48564
1674 0.576909
1676 0.359223
1677 0.530454
1678 0.505897
1679 0.345156
1680 0.350633
1681 0.140292
1682 0.77962
1683 0.987093
1684 0.761308
1685 0.716499
1686 0.928169
1687 1.008536
1688 0.783417
1689 0.968079
1690 0.72366
1691 0.750391
1692 0.691461
1693 0.745196
1694 0.782279
1695 0.741167
1696 0.892095
1697 0.885117
1698 0.891423
1699 0.838821
1700 1.174929
1701 0.868471
1703 0.747113
1704 0.91721
1705 1.09331
1706 0.961484
1707 0.948178
1708 0.969734
1709 0.764274
1710 0.964883
1711 0.687943
1712 0.823366
1713 0.856855
1714 0.725432
1715 0.913229
1716 0.78908
1717 1.022824
1719 0.606253
1720 1.059533
1721 0.745308
1722 0.781256
1723 0.887388
1724 0.868365
1725 0.914657
1726 1.054305
1727 1.06237
1728 1.023568
1729 1.21974
1730 0.793995
1731 0.857849
1732 1.034291
1733 1.07299
1734 1.04146
1735 0.946384
1736 1.116279
1738 1.08577
1739 1.441357
1740 1.008228
1741 0.844787
1742 1.266727
1743 0.851992
1744 0.441208
1745 0.813163
1746 0.678408
1747 0.707502
1748 0.940598
1749 1.090326
1750 0.819045
1751 1.11817
1752 0.719827
1753 0.91849
1755 0.770967
1756 0.821026
1757 0.843806
1758 0.586951
1759 0.857851
1760 0.544301
1761 0.388832
1762 0.476942
1763 0.70767
1764 0.649491
1765 0.676408
1766 0.679549
1767 0.826075
1768 0.723336
1769 0.740611
1770 0.83625
1772 0.628066
1773 0.884334
1774 1.23562
1775 0.887291
1776 1.114696
1777 0.654804
1778 0.804557
1779 0.559584
1780 0.847034
1781 0.577607
1783 0.595989
1784 0.993941
1785 0.62343
1786 0.708306
1787 0.479627
1788 0.533318
1789 0.4176
1790 0.80041
1791 0.993711
1792 1.074757
1793 1.019322
1794 0.948873
1795 1.075109
1796 0.950145
1797 0.990215
1799 0.95004
1800 0.83778
1801 0.856425
1802 0.970294
1803 1.10209
1804 0.987284
1806 0.834432
1807 0.688538
1808 0.68197
1809 0.45581
1810 0.5854
1811 0.763109
1812 0.740604
1813 0.456539
1814 0.720295
1815 0.705763
1816 0.643734
1817 0.409306
1818 0.767896
1819 0.660525
1820 0.744424
1821 0.732071
1822 0.671175
1824 0.548946
1825 0.700294
1826 1.035804
1827 0.948819
1828 1.081544
1829 1.013446
1830 1.198422
1831 1.112648
1832 1.176786
1833 1.16316
1834 1.228737
1835 1.028899
1836 1.318986
1837 1.015606
1838 1.285365
1839 1.298918
1840 1.300675
1841 1.416435
1841 2.155636
