1020 1.027037
1021 2.821697
1022 1.537407
1023 1.180048
1024 1.214375
1025 1.227563
1026 1.321081
1027 1.405961
1028 1.906651
1029 1.608248
1030 1.876647
1031 1.455674
1033 1.444612
1034 1.15387
1035 1.100824
1036 0.911477
1037 0.434471
1038 0.265631
1039 0.0735
1040 0.118024
1041 0.103096
1042 0.171671
1043 0.059157
1044 0.04122
1046 0.557479
1047 0.721942
1048 0.827845
1049 1.078721
1050 1.048557
1051 0.925441
1052 0.78917
1053 1.000196
1054 0.873467
1055 0.995758
1056 0.840272
1057 0.925772
1058 1.245698
1059 1.095607
1060 1.031484
1061 0.904904
1062 0.756613
1063 0.888349
1064 0.908739
1065 0.736824
1066 0.537272
1067 0.855066
1068 0.853011
1069 1.16366
1071 0.887041
1072 0.993537
1073 0.491895
1074 0.751677
1075 0.667448
1076 0.74985
1077 0.902962
1078 0.84811
1079 0.883644
1080 0.714305
1081 0.709774
1082 0.709418
1083 0.699129
1085 0.452565
1086 0.363015
1087 0.347262
1088 0.282352
1089 0.4799
1090 0.487604
1091 0.447537
1092 0.541196
1093 0.547255
1094 0.59371
1095 0.810115
1096 0.609196
1097 0.61835
1098 0.841299
1099 0.772689
1100 0.814059
1101 0.936626
1102 0.796827
1103 0.819252
1104 0.759422
1105 0.452155
1106 0.39755
1108 0.646525
1109 0.843488
1110 1.102471
1111 0.673184
1112 0.586352
1113 0.834565
1114 1.019489
1115 0.660713
1116 0.925407
1117 0.553196
1118 0.673537
1119 0.8124
1120 0.661864
1121 0.837787
1122 0.680174
1123 0.374424
1124 0.405996
1125 0.47703
1126 0.533074
1127 0.539593
1128 0.482311
1129 0.627846
1130 0.445644
1131 0.439859
1132 0.690627
1134 0.547963
1135 0.839272
1136 0.920539
1137 0.72244
1138 0.607608
1139 0.806314
1140 0.942579
1141 1.120984
1142 0.795778
1143 0.824088
1144 0.522724
1145 0.825076
1146 0.33684
1147 0.599137
1148 0.432538
1149 0.379374
1150 0.156343
1151 0.227667
1152 0.633918
1153 0.70994
1154 0.405315
1155 0.357973
1156 0.368071
1157 0.343341
1159 0.142877
1160 0.093672
1161 0.72005
1162 1.097772
1163 0.646349
1165 0.567202
1166 0.956563
1167 0.838254
1168 0.877834
1169 1.020309
1170 1.009521
1171 0.981403
1172 1.015776
1173 0.982761
1174 0.774573
1175 0.584629
1176 0.716673
1177 0.77381
1178 0.713063
1179 0.750057
1180 1.251354
1181 1.469988
1182 0.729132
1183 0.840983
1184 0.460913
1185 0.305592
1187 0.323345
1188 0.238384
1192 0.052601
1193 0.129828
1194 0.28113
1195 0.324175
1196 0.435712
1197 0.487912
1198 0.557341
1199 0.192927
1200 0.554888
1201 0.784635
1202 0.80117
1203 0.614401
1204 0.835976
1205 0.674918
1206 0.352301
1207 0.499577
1208 0.97577
1209 1.340586
1210 1.16708
1211 1.21795
1212 0.842856
1213 1.23257
1214 1.155084
1215 0.799166
1217 0.821331
1218 1.255504
1219 0.839622
1220 1.181307
1221 0.668456
1222 0.929513
1223 1.077043
1224 0.689239
1225 0.75303
1226 0.863255
1227 0.3474
1228 0.377547
1229 0.537434
1230 0.478546
1231 0.207487
1232 0.885914
1233 0.92957
1234 0.933117
1236 0.772846
1237 0.730216
1238 0.423429
1239 0.616586
1240 1.086729
1241 1.11865
1242 1.080269
1243 0.919065
1244 1.20513
1245 1.005984
1246 1.15187
1247 1.12235
1248 0.983333
1249 1.038051
1251 0.521627
1252 0.828863
1253 0.769006
1254 1.01516
1255 0.571145
1256 0.800687
1257 1.144055
1258 0.907184
1259 0.897663
1260 0.819651
1261 0.92682
1262 0.97459
1263 0.774484
1265 0.081665
1266 0.780595
1267 0.628004
1268 0.492895
1269 0.828594
1270 0.855099
1271 0.7856
1272 0.863529
1273 0.826083
1274 0.927248
1275 0.708923
1277 0.838581
1278 1.264554
1279 0.78278
1280 0.6644
1281 0.848658
1282 0.47818
1283 0.405495
1284 0.305169
1285 0.130912
1286 0.158916
1287 0.228221
1289 0.064376
1291 0.198965
1292 0.368781
1293 1.026008
1294 0.778146
1295 1.103231
1296 0.875597
1297 1.031969
1298 0.683709
1299 0.872212
1301 0.106261
1302 0.082596
1303 0.085835
1304 0.087943
1305 0.140469
1306 0.527279
1307 1.097226
1308 1.125274
1309 1.091725
1311 1.054505
1312 1.121485
1313 1.331778
1314 0.889323
1315 0.909351
1316 0.983663
1317 1.158419
1318 1.05918
1319 1.21007
1320 0.813227
1321 0.460069
1322 0.478886
1323 0.614186
1324 0.485705
1325 0.662986
1326 0.64099
1328 0.677463
1329 1.361439
1330 0.757745
1331 0.793471
1332 1.098879
1333 1.152063
1334 1.116992
1335 1.151503
1336 0.943043
1337 1.18332
1338 0.946679
1339 1.105912
1340 1.515955
1341 0.759721
1344 0.185574
1345 0.507453
1346 0.520637
1347 0.944492
1348 0.879482
1349 0.535775
1350 0.703796
1351 0.731227
1352 0.412486
1353 0.516681
1354 0.55587
1355 0.532087
1356 0.467423
1357 0.636439
1358 0.386345
1359 0.314598
1360 0.376974
1361 0.513053
1362 0.645761
1363 0.552484
1364 0.323238
1365 0.3648
1368 0.006381
1370 0.490093
1371 1.079403
1372 1.008
1373 0.40203
1374 0.302307
1375 0.750632
1376 0.911267
1377 0.687056
1378 0.844471
1379 1.162839
1380 0.673971
1382 0.500907
1383 0.410006
1384 0.417546
1385 0.503184
1386 0.504393
1387 0.482824
1388 0.465033
1389 0.504784
1390 0.320998
1391 0.385082
1392 0.378831
1393 0.304165
1394 0.473782
1395 0.618967
1396 0.339639
1397 0.194849
1398 0.249467
1399 0.211655
1400 0.252549
1401 0.340709
1403 0.057039
1404 0.216928
1405 0.177626
1406 0.455854
1407 0.461817
1408 0.312263
1409 0.294412
1410 0.132742
1411 0.135626
1412 0.019183
1414 0.119281
1415 0.102376
1416 0.067004
1417 0.09572
1418 0.041739
1419 0.072683
1420 0.053385
1421 0.09685
1422 0.115314
1423 0.279238
1424 0.203857
1425 0.163039
1427 0.097714
1428 0.092921
1429 0.081067
1430 0.052114
1431 0.039214
1433 0.089018
1434 0.265631
1435 0.155338
1436 0.27116
1438 0.112659
1439 0.0737
1440 0.005564
1442 0.02978
1443 0.276256
1444 0.086225
1445 0.169285
1446 0.282286
1447 0.115754
1449 0.041298
1450 0.446725
1451 0.386449
1452 0.308132
1454 0.14916
1455 0.143059
1458 0.024328
1459 0.198515
1460 0.420602
1461 0.315692
1462 0.329383
1463 0.175438
1464 0.160941
1465 0.085002
1466 0.114651
1467 0.140743
1469 0.210462
1470 0.250149
1471 0.287184
1472 0.452143
1473 0.365897
1474 0.543301
1475 0.615501
1476 0.588206
1477 0.518131
1478 0.540627
1479 0.07812
1481 0.318575
1482 0.334033
1483 0.419515
1484 1.052566
1485 1.114485
1486 1.253274
1487 1.39223
1488 1.224246
1489 1.039265
1491 1.139549
1492 1.103857
1493 0.957379
1494 1.023848
1495 1.126026
1496 0.946067
1497 1.118915
1498 1.062073
1499 1.448575
1500 1.072714
1501 1.379301
1502 1.345022
1503 1.403127
1504 1.13039
1505 1.298906
1506 1.383396
1507 1.595596
1508 1.107228
1509 1.50622
1510 1.507406
1511 1.086456
1512 1.384523
1514 1.174687
1515 1.23391
1516 1.207699
1517 1.133379
1518 1.287366
1519 1.212867
1520 1.105086
1521 1.169377
1522 1.060963
1523 1.010556
1524 1.044699
1525 1.247453
1526 1.05755
1527 1.468084
1528 1.038055
1529 1.084788
1530 1.14364
1531 0.934695
1532 1.129503
1533 1.442886
1534 1.354077
1536 1.247007
1537 1.202223
1538 1.350337
1539 0.651516
1540 1.236063
1541 1.163891
1542 1.288426
1543 1.454297
1544 0.67029
1545 1.336182
1546 0.956244
1547 1.440785
1548 1.187548
1549 1.411132
1550 1.4
1552 0.990682
1553 1.006569
1554 1.019561
1555 0.948618
1556 1.035424
1557 0.96241
1558 1.102669
1559 1.070066
1560 1.203667
1561 1.332008
1562 0.981808
1563 1.254691
1564 1.43839
1565 1.209196
1566 1.398342
1568 1.510862
1569 1.336364
1570 1.329552
1571 1.136729
1572 0.903587
1573 1.297175
1574 1.114984
1575 1.034107
1576 0.787732
1577 1.012388
1578 1.106476
1579 0.34015
1580 1.02231
1581 0.765587
1582 0.874488
1583 0.730976
1584 0.877818
1585 0.745892
1586 0.3834
1587 0.418246
1589 0.280447
1590 0.343341
1591 0.377423
1592 0.358811
1593 0.535865
1594 0.359105
1595 0.266017
1596 0.267348
1597 0.328412
1598 0.568589
1599 1.233807
1600 0.881319
1601 0.442005
1602 0.498206
1603 0.802769
1605 0.832297
1606 1.039765
1607 0.998986
1608 0.740342
1609 0.696071
1610 0.734154
1611 0.810749
1612 0.567741
1613 0.976527
1614 0.605891
1615 0.515656
1616 0.522725
1617 0.530947
1618 0.325082
1619 0.498439
1620 0.3406
1621 0.289978
1622 0.435023
1623 0.375529
1624 0.368777
1625 0.361534
1626 0.465933
1627 0.333224
1629 0.296378
1630 0.396988
1631 0.530651
1632 0.343022
1633 0.4104
1634 0.134346
1635 0.070283
1636 0.058621
1637 0.160941
1638 0.300424
1639 0.150185
1640 0.092921
1641 0.127574
1642 0.421188
1644 0.510741
1645 1.123126
1646 0.97569
1647 1.083761
1648 1.081449
1649 1.067549
1650 1.00321
1651 0.987604
1652 0.988404
1653 1.002305
1655 1.084659
1656 1.063671
1657 1.017909
1658 1.092432
1659 1.205617
1660 1.199596
1661 1.121231
1662 1.431341
1663 1.134625
1664 1.062525
1665 1.092087
1666 1.115012
1667 1.269746
1668 1.129166
1669 1.002509
1670 0.944641
1672 1.208598
1673 1.162639
1674 1.06814
1675 1.044512
1676 1.070995
1677 1.082662
1679 1.112886
1680 1.074664
1681 1.08726
1682 1.361135
1683 1.28306
1684 1.391249
1685 1.340369
1686 1.268078
1688 1.11401
1689 1.354944
1690 1.011251
1691 1.390092
1692 1.468715
1693 1.001274
1694 0.93527
1695 1.014408
1696 0.943018
1697 0.994675
1698 0.817069
1699 0.997988
1700 0.767628
1701 0.721086
1702 0.761914
1703 0.841176
1704 0.765437
1705 0.896839
1706 0.836746
1707 0.947901
1708 0.6982
1709 0.956571
1710 0.902684
1711 0.797299
1712 0.819744
1713 0.902406
1714 0.823216
1715 0.911868
1716 0.477133
1717 0.982558
1718 1.263794
1719 1.06432
1721 0.830493
1722 0.932895
1723 1.031477
1724 0.993676
1725 0.911401
1726 1.008717
1727 1.115956
1728 1.083432
1729 1.16876
1730 1.266182
1731 1.032027
1732 1.237954
1734 0.940357
1735 1.309565
1736 1.137972
1737 0.965022
1738 1.189138
1739 0.883449
1740 1.027389
1741 0.649839
1742 1.045186
1743 1.155984
1744 0.660776
1745 0.916732
1746 0.901578
1747 1.148897
1748 0.741882
1749 0.691369
1750 0.929392
1751 1.053772
1753 0.839015
1754 0.914527
1755 0.776008
1756 0.539085
1757 0.231097
1758 0.494884
1759 0.872504
1760 0.728206
1761 0.740172
1762 0.554127
1763 0.60243
1764 0.615992
1765 0.622386
1766 0.509663
1767 0.383675
1768 0.242552
1769 0.343005
1770 0.221339
1771 0.451627
1772 0.62495
1773 0.621404
1774 0.437764
1775 0.319001
1776 0.502352
1777 0.431583
1778 0.476768
1779 0.205817
1780 0.281727
1781 0.189305
1782 0.257759
1783 0.421578
1784 0.187611
1785 0.199247
1786 0.247261
1788 0.228837
1789 0.157346
1790 0.248023
1791 0.225097
1792 0.140454
1793 0.217225
1794 0.227549
1795 0.172389
1796 0.241566
1797 0.128782
1798 0.332938
1799 0.271492
1800 0.316743
1801 0.30284
1802 0.178471
1803 0.400919
1804 0.22143
1805 0.237464
1807 0.139414
1808 0.092404
1809 0.238148
1810 0.210648
1811 0.237464
1812 0.213442
1813 0.19144
1814 0.24922
1815 0.238478
1816 0.263077
1817 0.204561
1818 0.015788
1819 0.07296
1820 0.140863
1821 0.191254
1822 0.148753
1823 0.165192
1824 0.106915
1825 0.081824
1826 0.065014
1827 0.355731
1828 0.488761
1829 0.492475
1830 0.567544
1831 0.45026
1833 0.241911
1834 0.499386
1835 0.398521
1836 0.442527
1837 0.755917
1838 0.814875
1839 0.548686
1840 0.554913
1841 0.468688
1842 0.530947
1843 0.443232
1844 0.249573
1846 0.352014
1847 0.3648
1848 0.244221
1849 0.325391
1850 0.390383
1851 0.433268
1852 0.433855
1853 0.272219
1854 0.330924
1855 0.435635
1856 0.293164
1857 0.337223
1858 0.487604
1859 0.361954
1860 0.347925
1861 0.413359
1862 0.44459
1864 0.127256
1865 0.350675
1866 0.337576
1867 0.169043
1868 0.180454
1869 0.248632
1870 0.195981
1871 0.216928
1872 0.244508
1873 0.350732
1875 0.440341
1876 0.315389
1877 0.097802
1878 0.231223
1879 0.346055
1880 0.350063
1881 0.396511
1882 0.416833
1883 0.601204
1884 0.124535
1885 0.325902
1887 0.137747
1888 0.346741
1889 0.337199
1890 0.725411
1891 0.662353
1892 0.456241
1893 0.471194
1894 0.56273
1895 0.3424
1896 0.409694
1897 0.504721
1898 0.415319
1899 0.210462
1900 0.31582
1901 0.218123
1902 0.329383
1903 0.175549
1904 0.184206
1905 0.108454
1906 0.16278
1907 0.247789
1909 0.187187
1910 0.09405
1911 0.338715
1912 0.408166
1914 0.400847
1915 0.443135
1916 0.520626
1917 0.461822
1918 0.440166
1919 0.493834
1920 0.491963
1921 0.548905
1922 0.568314
1923 0.579757
1924 0.484527
1925 0.236858
1928 0.003981
1929 0.378358
1930 0.11842
1931 0.084919
1932 0.14592
1933 0.073662
1934 0.322423
1936 0.203693
1937 0.444261
1938 0.349088
1939 0.368412
1943 0.036939
1944 0.05417
1945 0.067928
1946 0.043343
1947 0.108249
1949 0.210397
1950 0.482489
1951 0.392
1952 0.538824
1953 0.532722
1954 0.503177
1955 0.695778
1956 0.677906
1957 0.853201
1958 0.432507
1960 0.04297
1961 0.776775
1962 0.756291
1963 0.885283
1964 1.183213
1965 0.872245
1966 0.918628
1967 1.052739
1968 0.598936
1969 1.23581
1970 1.04561
1980 0.120495
1981 1.096468
1982 1.042387
1983 1.285259
1984 1.323711
1985 1.388908
1986 1.075543
1987 1.412808
1988 1.022198
1989 1.464152
1990 1.194998
1991 1.411294
1992 1.368327
1994 1.207842
1995 1.369469
1996 1.608483
1997 0.919567
1998 1.284939
1999 1.107417
2000 0.866678
2001 1.018507
2002 0.811948
2003 0.891775
2004 0.970275
2005 1.122115
2006 0.708557
2007 0.908345
2009 0.572257
2010 0.79977
2011 0.815691
2012 0.607543
2013 0.889187
2014 0.716231
2015 0.85511
2016 0.849121
2017 1.002206
2018 0.991241
2019 0.786691
2020 1.035208
2021 0.81963
2022 1.061275
2023 0.67134
2024 0.908916
2025 0.706443
2026 0.400881
2027 0.840895
2028 0.699735
2029 0.678811
2030 0.819972
2031 0.84435
2032 0.96551
2034 0.967101
2035 0.874498
2036 0.886198
2037 0.843882
2039 0.610843
2040 0.671366
2041 0.778213
2042 0.860686
2043 1.003481
2044 0.761468
2045 0.860957
2046 0.835744
2048 0.761289
2049 0.900706
2050 0.716476
2051 0.912785
2052 0.833619
2053 1.024793
2054 0.616063
2055 1.075651
2056 0.848463
2058 1.032404
2059 1.001703
2060 1.078215
2061 1.178805
2062 1.0948
2063 1.257678
2064 1.156076
2065 0.788687
2066 1.336775
2067 1.352052
2068 1.627536
2069 1.116301
2070 1.172244
2071 1.32449
2072 1.048552
2073 1.128543
2074 0.937007
2075 1.08324
2076 1.176347
2077 1.10112
2078 1.049237
2080 0.9524
2081 1.074605
2082 1.182868
2083 1.114957
2084 1.016911
2085 0.642357
2086 0.947684
2087 0.840246
2088 0.933856
2089 1.070809
2090 0.80813
2092 0.979927
2093 0.942981
2094 1.212507
2095 0.92928
2096 0.923511
2097 0.586198
2098 0.344533
2099 0.320338
2100 0.785827
2101 0.933264
2102 0.860586
2103 0.984543
2104 1.015305
2105 0.925951
2106 0.889287
2107 0.514498
2108 0.981652
2109 0.804426
2110 0.770214
2111 0.576317
2113 0.972176
2114 0.985898
2115 1.102227
2116 0.984974
2117 1.070286
2118 1.086684
2119 0.797292
2120 1.054764
2121 1.041962
2122 1.005842
2123 1.053235
2124 1.099063
2126 1.023253
2127 1.178814
2128 1.051006
2129 0.984814
2130 1.134631
2131 1.267946
2132 1.195734
2133 1.141578
2134 1.243922
2135 0.91239
2136 1.111913
2137 1.228305
2139 0.688547
2140 1.369445
2141 1.118215
2142 1.303457
2143 1.078992
2144 1.385399
2145 0.984997
2146 1.393015
2147 1.031963
2149 1.121892
2150 1.268479
2151 0.80492
2152 0.768698
2153 1.747069
2154 1.348202
2155 1.306398
2156 1.289023
2157 1.338462
2158 1.290815
2159 1.479509
2160 1.075705
2161 1.285355
2163 1.107917
2164 1.502897
2165 1.408173
2166 1.045835
2167 1.070446
2168 1.157027
2169 1.102448
2170 1.314133
2171 1.36857
2172 1.390809
2173 1.038624
2174 1.367121
2175 1.323175
2176 1.054551
2177 1.394805
2179 1.022834
2180 1.328768
2181 1.251476
2182 1.267884
2183 1.232714
2184 1.200919
2185 1.190494
2186 1.149713
2187 1.132091
2188 1.129132
2189 1.353245
2190 1.354493
2191 1.457158
2192 1.296388
2198 0.019808
2200 0.215696
2201 0.153564
2202 0.332286
2203 0.380925
2204 0.502141
2205 0.85789
2206 1.198572
2207 1.208152
2208 1.264531
2209 1.005682
2209 1.66787
