3883 1.005171
3884 2.287321
3885 1.475528
3887 1.38097
3888 1.173956
3889 1.150827
3890 0.9518
3891 1.124811
3892 1.202839
3893 1.299747
3894 1.391493
3895 1.229524
3896 1.509706
3897 1.277053
3898 1.412945
3899 1.58939
3900 1.524924
3901 1.248606
3903 1.492683
3904 1.441254
3905 1.231319
3906 0.936567
3907 0.890569
3908 0.418209
3909 0.150655
3910 0.513161
3911 0.265625
3912 0.50691
3913 0.250099
3914 0.201375
3915 0.431059
3916 0.452225
3917 0.418447
3918 0.27931
3920 0.282986
3921 0.3648
3922 0.201768
3923 0.276256
3924 0.17526
3925 0.42501
3926 0.428515
3927 0.397735
3928 0.735192
3929 0.4502
3930 0.498934
3931 0.363647
3932 0.52476
3933 0.458078
3934 0.520111
3935 0.435153
3936 0.314059
3937 0.472094
3938 0.675516
3939 0.626604
3940 0.461639
3941 0.389729
3942 0.314131
3943 0.629598
3944 0.558544
3945 0.584055
3946 0.568659
3947 0.453212
3949 0.400444
3950 0.460903
3951 0.450194
3952 0.274874
3953 0.186413
3954 0.204249
3955 0.352032
3956 0.764217
3957 0.731761
3958 0.94175
3959 0.885851
3960 0.713125
3961 0.474851
3962 0.415835
3965 0.101647
3966 0.58611
3967 0.882788
3968 0.655786
3969 0.624188
3970 0.269249
3971 0.579089
3972 0.655565
3973 0.693097
3974 0.860542
3975 0.736551
3976 0.875996
3977 0.762123
3978 0.943321
3979 0.825047
3980 1.210006
3981 0.898313
3982 1.047192
3983 0.962717
3984 0.659212
3985 0.806668
3986 0.955379
3987 0.702836
3988 0.848801
3990 0.611318
3991 0.722821
3992 0.663471
3993 0.652274
3994 0.769804
3995 0.815152
3996 0.655301
3997 0.866783
3998 1.090214
3999 0.952219
4000 1.234014
4001 0.788459
4002 0.856016
4003 0.864846
4004 1.158345
4006 0.769626
4007 0.986408
4008 1.21935
4009 0.570393
4010 1.063758
4011 0.792215
4012 0.856758
4013 1.086257
4014 0.860792
4015 0.738218
4016 0.845984
4017 0.622638
4018 1.087176
4019 0.783113
4020 0.835603
4021 1.098638
4022 0.710601
4023 0.916451
4024 0.628095
4026 0.957735
4027 1.032705
4028 0.758373
4029 0.683992
4030 0.364054
4031 0.67727
4032 0.525149
4033 0.459586
4034 0.566573
4035 0.343678
4036 0.236595
4037 0.297687
4038 0.723064
4039 0.582378
4040 0.721812
4041 0.684945
4042 0.370395
4043 0.341576
4044 0.433599
4046 0.561994
4047 0.631245
4048 0.009868
4049 0.65355
4050 0.871113
4051 0.614698
4052 0.574858
4053 0.720895
4054 0.970816
4055 1.24903
4056 0.880665
4057 1.14541
4058 0.975373
4059 1.177228
4060 1.018337
4061 1.019189
4062 0.799733
4063 1.17936
4064 0.780906
4065 1.243446
4067 0.812486
4068 0.596215
4069 0.404523
4070 0.753463
4071 0.927851
4072 0.899675
4073 1.051259
4074 1.16555
4075 1.21731
4076 0.888575
4077 1.138799
4078 1.013664
4079 0.834498
4080 0.816902
4081 0.578528
4083 0.514525
4084 0.343954
4085 0.087165
4086 1.022042
4087 1.048397
4088 1.118853
4089 1.349943
4090 0.912617
4091 1.322363
4092 0.893736
4093 1.235888
4094 0.628778
4095 1.162299
4096 0.806953
4097 0.783576
4098 0.506361
4099 0.745102
4101 0.74488
4102 1.0852
4103 1.115802
4104 0.977996
4105 1.235933
4106 1.153875
4107 1.022586
4108 0.774471
4109 0.842196
4110 0.920705
4111 1.089125
4112 0.956705
4113 0.895105
4114 0.864698
4115 0.9604
4116 0.912048
4117 0.6657
4119 0.907446
4120 0.793679
4121 0.384762
4122 0.555676
4123 0.142715
4124 0.422507
4125 0.413359
4126 0.877059
4127 0.810187
4128 0.611576
4130 0.396973
4131 0.4512
4132 0.894488
4133 1.205141
4134 0.878107
4135 0.83898
4136 1.113918
4137 1.195719
4138 1.237051
4139 0.924284
4140 1.181423
4141 0.955996
4142 0.966311
4143 0.838952
4144 0.997734
4145 0.905813
4146 0.803576
4148 0.891303
4149 0.821653
4150 0.916848
4151 1.0588
4152 1.05104
4153 1.017601
4154 1.076803
4156 0.699
4157 1.33129
4158 0.823893
4159 1.022391
4160 1.002178
4161 0.895709
4162 1.122127
4163 0.708237
4164 1.035141
4165 0.93263
4166 0.717024
4167 1.057916
4168 0.904642
4169 1.065592
4170 0.558346
4171 0.781147
4172 0.700071
4173 0.567473
4174 0.860884
4175 1.161162
4176 0.978295
4177 0.844283
4179 0.759064
4180 0.908973
4181 0.887184
4182 0.726596
4183 0.963612
4184 0.676244
4185 0.853487
4186 0.458124
4187 0.535945
4188 0.342134
4189 0.334999
4190 0.371724
4191 0.232599
4192 0.941952
4193 1.193958
4194 0.880329
4196 0.929628
4197 0.445475
4198 0.715231
4199 0.918167
4200 0.954907
4201 0.863836
4202 0.823273
4203 0.893185
4204 0.52086
4205 0.846153
4206 0.646493
4207 1.055611
4208 0.671264
4210 0.368262
4211 0.092921
4212 0.301212
4213 0.332612
4214 0.120626
4216 0.034928
4217 0.073405
4218 0.981302
4219 1.304484
4220 1.298973
4221 1.271128
4222 1.179647
4223 1.429484
4224 1.085468
4225 1.015302
4226 1.116863
4227 1.365618
4229 0.910611
4230 1.429788
4231 1.091387
4232 1.380055
4233 0.888896
4234 0.267932
4235 0.009685
4236 0.63604
4237 1.257526
4238 1.183662
4239 0.612111
4240 0.66458
4241 0.56464
4242 0.606796
4243 0.384705
4244 0.308227
4245 0.445695
4246 0.650063
4247 0.485473
4248 0.417406
4249 0.609616
4250 0.369978
4251 0.306876
4252 0.292562
4254 0.087908
4255 0.443822
4256 0.354329
4257 0.249455
4258 0.124187
4259 0.819243
4260 1.119097
4261 1.011007
4262 1.39096
4264 1.132998
4265 1.215699
4266 0.947757
4267 1.146065
4268 1.212008
4269 1.001295
4270 1.186912
4271 0.77994
4272 0.881403
4273 0.923137
4274 0.756539
4275 0.524459
4276 0.881886
4277 0.942557
4278 0.882982
4279 0.66992
4280 0.664625
4281 0.476971
4282 0.768842
4283 0.424971
4284 0.433012
4285 0.385257
4286 0.346741
4287 0.216823
4289 0.378501
4290 0.569214
4291 0.375529
4292 0.124562
4293 0.212505
4296 0.019959
4297 0.059695
4301 0.0448
4304 0.062821
4305 0.162857
4306 0.066227
4308 0.435701
4309 0.552513
4310 0.354208
4311 0.298826
4312 0.284397
4313 0.139971
4314 0.014378
4315 0.07585
4316 0.080078
4318 0.185842
4319 0.104877
4320 0.173542
4321 0.109341
4322 0.139619
4323 0.064035
4324 0.199746
4325 0.290672
4326 0.162535
4327 0.157846
4328 0.170004
4329 0.1152
4331 0.0912
4332 0.134599
4333 0.429176
4334 0.179483
4335 0.275721
4336 0.204626
4337 0.297507
4356 0.002251
4357 0.151699
4358 0.087834
4360 0.064376
4385 0.000428
4386 0.277113
4387 0.461365
4388 0.513263
4389 0.588044
4390 0.607278
4391 0.463216
4392 0.547358
4394 0.469384
4395 0.995837
4396 1.293402
4397 1.02723
4398 1.099015
4399 1.080304
4400 1.537145
4401 1.135604
4402 1.442497
4403 1.389826
4405 1.391951
4406 1.500883
4407 1.194609
4408 1.688539
4409 1.562494
4410 1.831947
4411 1.461131
4412 1.914181
4413 1.415215
4414 1.413067
4415 0.752983
4416 1.584407
4417 1.721992
4418 1.595556
4419 1.727263
4420 1.448771
4421 1.674426
4422 1.878847
4423 2.051037
4424 2.041644
4426 1.595116
4427 1.938902
4428 2.507349
4429 1.294466
4430 1.040574
4431 1.634537
4432 1.356403
4433 1.443428
4434 2.02015
4435 1.44187
4436 1.750813
4437 1.564176
4438 1.249614
4439 1.3795
4440 1.495407
4441 1.065271
4442 1.477163
4443 1.666917
4444 1.51571
4445 2.00951
4446 1.63672
4447 1.695912
4449 1.420537
4450 2.06846
4451 1.39989
4452 1.496392
4453 1.887385
4454 1.632461
4455 1.690708
4456 2.150937
4457 1.598761
4458 1.688
4459 1.705662
4460 1.690262
4461 1.886914
4462 1.929245
4463 2.08406
4464 1.398753
4465 1.372729
4466 1.355838
4467 0.12045
4468 0.958608
4470 1.416376
4471 1.481703
4472 0.638753
4473 0.488946
4474 0.563284
4475 0.32006
4476 0.165683
4477 0.687375
4478 0.772071
4479 1.256772
4480 0.721681
4481 0.925188
4482 0.693024
4483 0.91022
4484 0.8973
4485 0.908004
4486 0.843125
4487 0.842826
4489 1.157563
4490 1.410569
4491 1.602998
4492 0.834616
4493 1.073867
4494 1.190177
4495 0.996078
4496 0.868324
4497 0.593028
4498 0.630925
4499 0.549431
4500 0.579089
4501 0.625943
4502 1.13799
4503 1.148547
4504 1.035547
4505 1.257424
4506 1.238844
4508 1.171146
4509 1.281331
4510 1.216886
4511 1.359968
4512 1.029412
4513 1.215105
4514 1.54982
4515 0.950733
4516 1.201553
4517 1.37713
4518 1.472705
4519 1.341268
4520 0.96732
4521 1.351762
4523 0.848533
4524 1.040014
4525 1.076463
4526 0.983509
4527 0.905925
4528 0.802736
4529 0.669744
4530 0.779332
4531 0.731101
4532 0.777275
4533 0.915541
4534 0.986549
4535 0.952294
4536 1.255321
4537 1.384048
4538 1.035287
4539 0.979873
4541 0.73964
4542 0.979121
4543 0.685128
4544 0.866502
4545 1.062409
4546 0.645229
4547 0.561447
4548 0.70174
4549 0.605722
4550 0.663968
4551 0.659669
4552 0.718099
4553 0.443105
4554 0.355856
4555 0.325714
4556 0.283937
4557 0.355469
4558 0.423009
4559 0.307302
4560 0.282124
4561 0.164765
4562 0.233983
4563 0.203643
4564 0.174039
4565 0.184206
4566 0.141394
4567 0.216713
4568 0.192172
4569 0.246776
4571 0.071895
4572 0.098683
4573 0.058931
4574 0.073732
4575 0.087165
4576 0.054268
4578 0.080323
4579 0.052615
4580 0.021046
4583 0.010075
4584 0.044524
4585 0.083383
4586 0.131855
4587 0.134092
4588 0.195254
4589 0.233283
4590 0.109451
4591 0.140863
4592 0.159379
4593 0.115467
4594 0.155014
4595 0.137994
4596 0.110194
4597 0.130157
4598 0.119074
4599 0.130157
4601 0.166766
4602 0.11059
4603 0.128753
4604 0.132964
4605 0.150212
4606 0.163649
4607 0.1152
4608 0.157846
4609 0.151859
4610 0.126629
4611 0.181865
4612 0.23721
4613 0.260048
4614 0.197473
4615 0.157894
4616 0.086685
4619 0.004326
4620 0.152111
4621 0.024
4623 0.029578
4624 0.071596
4625 0.023791
4626 0.015634
4637 0.012948
4644 0.06059
4645 0.906645
4646 1.403477
4647 1.362853
4648 0.741422
4650 1.059974
4651 1.128195
4652 0.968988
4653 0.789073
4654 1.119176
4655 0.961023
4656 1.043401
4657 1.061917
4658 1.221071
4659 1.171724
4660 1.344578
4661 1.394648
4662 1.355968
4663 0.965379
4664 0.874238
4665 1.280393
4666 0.938517
4667 1.059478
4669 0.915551
4670 1.334841
4671 1.168911
4672 1.287976
4673 1.385375
4674 1.313873
4675 1.250517
4676 0.916675
4677 1.113903
4678 1.155664
4679 0.866026
4680 0.981889
4681 1.096399
4682 1.071803
4683 1.086973
4684 1.098006
4685 1.196336
4686 1.162406
4687 0.965979
4689 1.031207
4690 1.054044
4691 1.188196
4692 1.266135
4693 1.099788
4694 1.089072
4695 1.152767
4696 0.947615
4697 1.174324
4698 0.816959
4699 0.801704
4700 1.05943
4701 1.095529
4702 1.132919
4703 0.873207
4704 1.190541
4705 0.977544
4707 1.283203
4708 1.336575
4709 1.386698
4710 1.26488
4711 1.269107
4712 0.965138
4713 1.437147
4714 0.573941
4715 1.318479
4716 1.14969
4717 1.258384
4718 1.194432
4719 0.914219
4720 1.376208
4722 0.708482
4723 1.159121
4724 1.135319
4725 1.307913
4726 0.863573
4727 1.306865
4728 1.36339
4729 0.994205
4730 1.12978
4731 1.097628
4732 1.084491
4734 0.841634
4735 1.186355
4736 0.889093
4737 0.870698
4738 0.926037
4739 0.878873
4740 0.938393
4741 1.106206
4742 1.033752
4743 0.774226
4744 1.056626
4745 0.803031
4746 0.942354
4747 0.723986
4748 0.902668
4749 0.975183
4750 0.985087
4751 0.395433
4752 0.42501
4753 0.129155
4754 0.484738
4756 0.283371
4757 0.101459
4758 0.078797
4759 0.290071
4760 0.292273
4761 0.395814
4762 0.399339
4763 0.509978
4764 0.499386
4765 0.270455
4766 0.343341
4767 0.298796
4768 0.421145
4769 0.444261
4770 0.283992
4771 0.428024
4772 0.44138
4773 0.465933
4774 0.240396
4775 0.263077
4776 0.171215
4777 0.184389
4778 0.205877
4779 0.327446
4780 0.463896
4781 0.481955
4782 0.401316
4784 0.310486
4785 0.624158
4786 0.249467
4787 0.11213
4788 0.286603
4789 0.342549
4790 0.648071
4791 0.518508
4792 0.461331
4793 0.434131
4794 0.257759
4795 0.162374
4796 0.072683
4797 0.083304
4798 0.125074
4799 0.23927
4800 0.180559
4801 0.255006
4803 0.135169
4804 0.147323
4805 0.162374
4806 0.147639
4807 0.240527
4808 0.157998
4809 0.061398
4810 0.160941
4811 0.227549
4812 0.043877
4813 0.407318
4814 0.222892
4815 0.314234
4816 0.238531
4817 0.300424
4818 0.082518
4819 0.039667
4821 0.568617
4822 0.390083
4823 0.626853
4824 0.872673
4825 0.794768
4826 1.125483
4827 1.061085
4828 0.674677
4829 0.826812
4830 0.622734
4831 0.747949
4832 0.412238
4834 0.326105
4835 0.389067
4836 0.42422
4837 0.331024
4838 0.25046
4839 0.007873
4859 0.001109
4861 0.133072
4862 0.204561
4863 0.269739
4864 0.22714
4865 0.09576
4867 0.066834
4870 0.065315
4871 0.399731
4872 0.343724
4874 0.178942
4875 0.14914
4876 0.295329
4877 0.30087
4879 0.455046
4880 0.397803
4881 0.562999
4882 0.435839
4883 0.244618
4884 0.161375
4885 0.217791
4886 0.180727
4888 0.055061
4889 0.137673
4890 0.203671
4891 0.2496
4892 0.359537
4893 0.434207
4894 0.515758
4895 0.382509
4896 0.255006
4897 0.19152
4899 0.400262
4900 0.335905
4901 0.256698
4902 0.244381
4903 0.135947
4904 0.22714
4905 0.210462
4906 0.147802
4907 0.387834
4908 0.46655
4909 0.536919
4910 0.464749
4911 0.541782
4912 0.576484
4913 0.598408
4914 0.597798
4916 0.246636
4919 0.209391
4920 0.438451
4921 0.710503
4922 0.520285
4923 0.33857
4924 0.450202
4925 0.273327
4926 0.348189
4927 0.585125
4928 0.31583
4929 0.296954
4931 0.134557
4932 0.080249
4933 0.147465
4934 0.088735
4935 0.191898
4936 0.375223
4937 0.202973
4938 0.455097
4939 0.231337
4940 0.357576
4941 0.136727
4942 0.381617
4943 0.513883
4944 0.478178
4945 0.429176
4946 0.309155
4947 0.361712
4948 0.599655
4949 0.650962
4950 0.72094
4952 0.68259
4953 0.612634
4954 0.50497
4955 0.748283
4956 0.773788
4957 0.362601
4958 0.239213
4959 0.553411
4960 0.336738
4961 0.257002
4962 0.32022
4963 0.865453
4964 0.44077
4965 0.357441
4966 0.270658
4967 0.690925
4968 0.792496
4969 1.159
4971 0.814565
4972 1.172276
4973 0.937007
4974 1.125778
4975 1.128793
4976 1.19256
4977 1.146696
4978 1.077576
4979 1.224763
4980 1.293083
4981 1.048404
4982 1.250901
4983 1.022454
4984 1.053172
4985 0.788961
4986 1.052519
4987 1.085741
4988 0.541405
4990 0.760487
4991 1.011604
4992 1.080776
4993 0.974202
4994 0.964345
4995 0.849094
4996 1.00125
4997 0.893921
4998 1.012567
4999 0.488939
5000 1.006257
5001 0.674815
5002 0.568055
5003 0.507786
5004 0.474575
5006 0.341453
5007 0.534045
5008 0.438813
5009 0.458876
5010 0.328078
5011 0.556922
5012 0.780851
5013 0.856246
5014 0.610735
5015 0.665061
5016 0.617505
5017 0.583018
5018 0.566267
5019 0.627374
5020 0.684943
5021 0.621985
5022 0.836133
5023 0.71018
5024 0.806343
5025 0.817939
5026 0.906448
5027 0.792039
5028 1.04379
5029 0.737407
5030 1.064527
5031 0.781391
5032 1.073657
5034 0.727016
5035 0.799159
5036 1.089938
5037 0.73653
5038 1.074978
5039 0.989365
5040 0.659817
5041 0.779669
5042 0.818415
5043 0.841427
5044 0.692474
5045 0.717254
5047 0.830494
5048 0.881645
5049 0.842511
5050 0.65237
5051 0.873988
5052 0.681062
5053 1.007216
5054 0.751353
5055 0.858458
5056 0.942947
5057 0.885272
5058 0.533493
5059 0.861652
5060 0.978166
5061 0.971932
5062 0.747914
5063 1.039033
5064 1.164797
5065 1.113886
5067 1.273722
5068 1.3402
5069 1.25679
5070 1.25233
5071 1.286054
5072 1.185447
5073 1.262984
5074 1.022106
5075 1.025365
5076 0.896095
5077 0.906749
5078 1.067184
5079 1.093195
5080 0.829185
5081 0.859619
5082 0.853465
5083 0.868118
5084 0.967041
5085 0.984256
5087 0.854732
5088 1.218749
5089 0.811385
5090 1.084075
5091 0.767001
5092 0.984831
5093 1.071663
5094 0.86077
5095 1.046868
5096 0.889506
5097 0.853954
5098 1.163968
5099 1.137469
5100 1.166706
5101 1.114044
5102 0.868297
5103 0.824171
5104 0.328381
5105 1.111656
5106 0.54422
5107 0.892894
5108 1.195758
5109 0.761838
5110 0.817375
5111 0.998846
5112 0.963723
5113 0.920945
5114 1.138938
5116 0.74473
5117 0.794598
5118 0.657723
5119 0.621877
5120 0.663916
5121 0.918591
5122 1.042995
5123 1.263097
5124 1.003885
5125 0.949149
5126 0.913877
5127 0.71909
5128 1.039596
5129 1.006521
5130 1.063449
5131 1.031326
5132 0.979277
5133 1.216136
5134 0.908333
5135 0.876843
5136 0.930688
5138 0.927786
5139 0.988048
5140 0.930124
5141 1.058183
5142 1.08016
5143 0.823192
5144 1.108293
5145 0.609533
5146 1.072182
5147 1.05372
5148 1.013279
5149 1.434997
5150 1.292678
5151 1.226222
5152 1.238381
5153 1.155341
5154 1.386849
5156 1.28303
5157 1.265695
5158 1.385191
5159 1.193499
5160 1.226765
5161 1.175302
5162 1.08499
5163 1.251341
5164 1.354379
5165 0.996552
5166 1.429243
5167 1.009454
5168 1.396523
5169 1.021151
5170 1.427469
5171 0.753714
5172 0.889048
5173 1.406789
5174 1.044889
5175 0.995685
5176 1.181851
5177 1.244412
5178 1.389874
5179 1.494411
