305 1.374712
306 1.142242
307 1.541562
308 1.507647
309 1.131406
310 1.427478
311 1.111937
312 0.942701
313 0.934375
314 0.118832
315 1.81971
316 1.159414
317 1.051057
318 1.022038
319 1.312412
320 1.185584
321 0.780166
322 1.029386
323 1.159414
324 0.806337
325 0.804706
326 0.67181
327 1.039193
328 0.715189
329 0.944571
331 0.988148
332 0.936364
333 1.408634
334 1.462812
335 1.207255
336 1.408634
337 1.358954
338 1.279169
339 1.183429
340 1.02305
341 0.81998
342 1.17025
343 1.227608
344 1.842059
345 1.284377
346 1.353116
347 1.079614
348 0.836074
349 0.807518
350 1.095485
351 1.162092
352 1.485954
353 1.088063
354 1.277341
355 1.363973
356 1.066392
357 1.49783
358 1.349463
359 1.558789
360 1.388253
361 1.626957
362 1.463294
363 1.607161
364 1.49783
365 1.201308
366 1.713069
367 1.458637
368 1.561879
369 1.434804
370 1.982923
371 1.535169
372 1.952349
373 1.589834
374 1.941502
375 1.250598
376 1.749291
377 1.381994
378 1.51699
379 1.271011
380 0.997867
381 1.040222
382 0.730487
383 0.84518
384 1.224503
385 1.239553
386 1.311113
387 1.071441
388 0.948139
389 0.622306
392 0.178449
393 2.00234
394 0.414384
396 0.049322
397 0.831874
398 0.595014
399 0.541782
400 0.562384
401 0.476768
402 0.834345
403 0.525741
404 0.279467
405 0.682139
407 0.741323
408 0.879812
409 0.680016
410 0.450635
411 0.420923
412 0.406099
413 0.568659
414 0.42639
415 0.430382
418 0.020323
419 2.165079
420 0.555191
421 0.823509
423 0.278457
424 1.372508
425 1.025659
426 1.173736
427 0.882186
428 0.715152
429 0.918378
430 0.829574
431 0.624305
432 0.298667
433 0.371523
435 0.018978
436 2.167129
437 0.903857
438 1.288166
439 1.074857
440 0.681076
441 0.809047
442 0.725988
444 0.0456
445 1.077561
446 0.287784
447 0.650139
448 0.564012
449 0.429176
450 0.541782
451 0.780008
452 1.161714
453 1.137743
454 0.849679
455 0.907445
456 0.802632
457 0.712331
458 0.484724
459 0.315608
461 0.112825
462 0.610926
463 0.233755
464 0.289234
467 0.025168
468 0.791786
469 0.340338
470 0.294646
476 0.048074
477 0.636154
478 0.658367
479 0.510792
480 0.529374
481 0.682646
482 0.611295
483 0.611576
484 0.292562
485 0.174329
498 0.000844
499 0.639303
500 0.690641
502 0.326662
503 0.403759
504 0.68197
505 0.889403
506 0.855422
507 0.404389
508 0.21888
509 0.227549
510 0.49844
511 0.84518
512 0.847624
513 0.578788
514 0.686487
515 1.040222
516 0.975208
517 0.741323
518 1.051057
519 1.116071
520 1.034478
521 1.255341
522 1.158905
523 1.078295
524 1.191921
525 1.159414
526 0.905725
527 0.929311
528 0.759247
529 0.783247
530 0.611295
531 0.769331
532 0.84518
533 0.801838
534 0.627724
535 0.868571
536 0.953982
537 0.994909
538 0.807136
539 1.07189
540 1.117177
541 0.925529
542 0.90025
543 0.826165
544 0.899358
545 0.916455
546 1.01855
547 1.093307
548 1.238345
549 1.538661
550 1.382106
551 1.376192
552 1.294569
553 1.131406
554 1.376127
555 1.174378
556 1.116071
557 1.128024
558 1.054114
559 1.29072
560 1.320641
561 1.055556
562 1.182256
563 1.157086
564 1.311968
565 1.388337
566 1.098899
567 1.443165
568 1.295223
569 1.484483
570 1.527826
571 1.21811
572 1.279873
573 1.173961
574 1.082374
576 1.323259
577 1.109735
578 1.462812
579 1.315612
580 1.300277
581 0.986044
582 0.910194
583 0.665473
584 0.606796
585 0.715152
586 0.769331
587 0.665473
588 0.769331
589 0.830913
590 0.846018
591 0.795501
592 0.823509
593 0.697412
594 0.49844
595 0.66939
596 0.762994
597 0.933459
598 1.072729
599 0.893022
600 1.126106
601 1.269027
602 1.098899
603 1.159414
604 1.311113
605 0.958036
606 1.061893
607 1.105236
608 0.726928
609 1.049574
610 1.008714
611 1.049574
612 0.969824
613 1.105129
614 1.0944
615 0.762994
616 1.115859
617 1.040222
618 0.893022
619 1.040753
620 0.824325
621 0.704317
622 0.599865
623 0.607397
624 0.877687
625 1.016775
626 0.660523
627 1.323259
628 1.202756
629 0.904753
630 1.114766
631 1.181394
632 0.911984
633 1.245833
634 1.309816
635 1.185584
636 1.236488
637 1.033885
638 1.354347
639 1.342493
640 1.130645
641 1.245833
642 1.335429
643 0.979707
644 1.105236
645 0.953537
646 0.730487
647 0.929311
648 0.846018
649 0.899358
650 0.708816
651 1.008565
652 0.888523
653 0.650139
654 0.427089
655 0.541782
656 0.509275
657 0.314234
658 0.265631
659 0.400919
660 0.552618
661 0.358705
662 0.769331
663 0.736824
664 0.758495
666 0.59596
667 0.311165
669 0.086534
670 0.639303
671 0.574289
672 0.439906
673 0.315692
674 0.265631
675 0.39047
676 0.356305
677 0.67181
678 0.579388
679 0.64814
680 0.42259
681 0.263309
682 0.380127
683 0.400958
684 0.617632
685 1.071441
686 1.416208
687 1.115587
688 1.051057
689 0.732515
690 0.355735
691 0.563453
692 0.617632
693 0.423009
700 0.020759
701 1.685102
702 0.414384
703 0.390083
704 0.244381
705 0.268235
706 0.595014
707 0.606796
708 0.467511
709 0.315616
710 0.42259
711 0.314234
712 0.354071
713 0.429176
714 0.403759
715 0.238384
716 0.321882
717 0.425864
718 0.694168
719 0.733411
720 0.605909
721 0.650139
722 0.536105
723 0.478136
724 0.541782
725 1.060507
726 1.106331
727 0.988515
728 1.12468
729 1.021585
730 0.546281
731 0.84518
732 0.758495
733 0.765315
734 0.713295
735 0.944188
736 0.996879
737 0.922729
738 0.783889
739 1.052099
740 0.986044
741 0.863078
742 0.94928
743 0.942701
744 0.552513
745 0.390083
746 0.401443
747 0.650139
748 0.504777
749 0.39359
750 0.382509
752 0.525741
753 0.492103
754 0.92103
755 1.062212
756 1.098351
757 1.278606
758 1.093307
759 0.850198
760 0.929311
761 1.126907
762 1.117177
763 0.890118
764 0.910194
765 0.835171
766 0.797649
767 0.584388
768 0.574289
769 0.526257
770 0.505108
773 0.056672
774 0.092921
775 0.096565
777 0.092921
778 0.098595
779 0.102376
780 0.095534
781 0.095627
782 0.427089
783 1.083564
784 1.115859
785 0.901051
786 0.824325
787 0.912
788 0.786268
789 0.611295
790 0.751059
791 0.84518
805 0.048109
806 0.754382
807 1.885027
808 2.534222
809 2.011684
810 2.410012
811 1.479611
812 1.809552
813 2.650334
814 2.718725
815 2.563566
816 2.7088
817 3.050326
818 2.912735
819 2.740508
820 2.694074
821 1.989391
822 2.77126
823 2.984727
824 2.745917
825 2.85807
826 2.567462
827 2.517503
828 2.297156
829 1.434804
830 1.386962
831 1.655433
832 2.242978
833 2.206319
834 2.442613
835 2.141241
836 2.329663
837 2.213019
838 2.165079
839 2.514605
840 1.89596
841 1.873217
842 2.633061
843 2.355834
844 2.420747
845 2.29309
846 1.707651
847 1.688232
848 2.451282
849 1.597339
850 1.63996
851 1.219298
852 1.703856
853 1.522997
854 2.051329
855 1.546102
856 1.665391
857 1.547758
858 1.798717
859 1.380626
860 1.541562
861 1.208452
862 1.376192
864 0.032451
869 0.023343
880 0.078496
881 0.405694
882 0.682646
883 0.487604
884 0.402587
886 0.024226
887 0.536471
888 1.069077
889 0.92918
890 0.986044
891 1.322901
892 1.121681
893 0.996879
894 0.910194
895 0.901051
896 1.136617
897 0.640571
898 0.718871
899 0.583843
900 0.791002
901 0.736824
902 0.844344
903 0.472381
914 0.020767
915 1.332784
916 1.365291
917 0.69798
918 1.92422
919 1.631461
920 1.03148
921 1.620614
922 1.831224
923 1.640681
924 1.836755
925 1.655433
926 1.986857
927 1.841295
928 1.941502
929 1.797562
930 1.642307
931 1.650893
932 0.13068
933 2.909392
934 1.605274
935 1.712032
936 1.433007
937 1.549497
938 1.598682
939 1.480503
940 1.541714
941 1.403972
942 1.51699
943 1.295223
944 1.504665
945 1.486571
946 1.45054
947 1.361846
948 1.354455
949 1.355798
950 1.153077
951 0.986044
952 0.812673
953 0.59596
954 0.253719
955 0.292562
956 0.513854
957 0.943635
958 0.972072
959 0.659596
960 1.073792
961 1.223217
962 1.302714
963 1.442569
964 1.247565
965 1.607161
966 1.525072
967 1.423968
968 1.169092
969 0.785443
970 0.910194
971 1.3885
972 1.357692
973 1.300277
974 1.191704
975 0.958985
976 1.083671
977 1.105236
978 0.948643
979 1.244612
980 1.278606
981 0.903857
982 1.213592
983 1.17025
984 0.903857
985 0.826165
986 0.758495
988 0.800058
989 0.84518
990 1.105236
991 0.877687
992 0.594573
993 0.595014
994 0.465933
997 0.136279
998 0.097714
999 0.097714
1000 0.108356
1001 0.10228
1008 0.009724
1009 0.779438
1010 1.836755
1011 1.051914
1012 1.263412
1013 1.454098
1014 0.969832
1015 1.386962
1016 0.13068
1018 2.116678
1019 0.574289
1020 0.525741
1021 0.491988
1022 0.737792
1023 0.709881
1024 0.682646
1025 0.343005
1026 0.973043
1027 0.753651
1028 0.524787
1029 0.965328
1030 0.844344
1031 0.893907
1032 0.856016
1033 1.191921
1034 1.033885
1035 0.645664
1036 0.414628
1037 0.552618
1038 1.126907
1039 0.806337
1040 0.780166
1041 0.49307
1042 0.311153
1043 0.444702
1044 0.76857
1045 0.40582
1046 0.335222
1047 0.270891
1048 0.493553
1052 0.005203
1053 0.812673
1054 0.909354
1055 1.300277
1056 1.657853
1057 1.345631
1058 1.126106
1059 1.067449
1060 1.508763
1061 1.442569
1062 0.861368
1063 0.909294
1064 0.987106
1065 1.283105
1066 1.278606
1068 1.284107
1069 1.59284
1070 1.508763
1071 1.229043
1072 1.476571
1073 1.230145
1074 1.563429
1075 1.371148
1076 1.441141
1077 1.353116
1078 1.067449
1079 1.353116
1080 1.143374
1081 1.421437
1082 1.630189
1083 1.269281
1084 1.672
1085 1.327441
1086 1.523576
1087 1.327441
1088 1.440566
1089 1.189807
1090 1.410366
1091 1.442569
1092 0.968871
1093 1.224503
1094 1.41003
1095 1.142242
1096 1.398036
1097 1.253079
1098 1.607161
1099 1.316916
1100 1.47219
1101 1.605265
1102 1.390085
1103 1.355798
1104 1.044721
1105 1.181085
1106 1.126907
1107 0.948643
1108 1.181085
1109 1.181085
1110 0.970794
1111 1.11406
1112 1.181085
1113 1.001378
1114 1.105236
1115 1.157749
1116 1.079365
1117 1.224428
1118 1.201932
1119 1.574362
1120 1.596
1121 1.293349
1122 1.508784
1123 0.626473
1124 1.328525
1125 1.301035
1126 1.067449
1127 1.115859
1128 1.398036
1129 1.296508
1130 1.224428
1131 0.958036
1132 1.235263
1133 1.180771
1134 0.981794
1135 1.182256
1136 1.377566
1137 1.141578
1138 1.323259
1139 1.01855
1140 0.742057
1141 0.951177
1142 0.889403
1143 0.812673
1144 0.665473
1145 0.594195
1146 0.660689
1147 0.84518
1148 0.827189
1149 0.891415
1150 0.765315
1151 0.633657
1153 0.595014
1154 0.44876
1155 0.866851
1156 0.791002
1157 0.783247
1158 0.809161
1159 1.10424
1160 0.954482
1161 0.784474
1162 1.027708
1163 0.780166
1164 0.531778
1165 0.42259
1166 0.416914
1183 0.003971
1185 0.018761
1186 0.130525
1187 0.128753
1188 0.407718
1189 0.725988
1190 0.628467
1191 0.743449
1192 0.698672
1193 1.716492
1194 1.479611
1195 1.495319
1196 0.754382
1197 1.240991
1198 1.038641
1199 1.236488
1200 0.817172
1201 0.628467
1202 0.617632
1203 1.159414
1204 1.206149
1205 0.834345
1206 0.693481
1207 0.643765
1209 0.848839
1210 1.431722
1211 1.235263
1212 0.483017
1213 0.24
1214 0.898469
1215 1.6565
1216 2.01543
1217 1.747308
1218 1.681189
1219 1.863161
1220 1.535812
1221 0.463461
1222 0.6605
1223 0.834345
1224 0.350633
1226 0.133181
1234 0.015567
1235 1.479889
1237 0.141267
1238 0.660574
1239 0.418858
1240 0.515012
1241 0.568659
1242 0.196693
1243 0.885134
1244 0.718871
1245 0.809047
1246 0.889403
1247 0.437925
1249 0.520111
1250 0.393134
1251 0.411754
1252 0.106891
1253 0.525226
1254 0.499429
1255 0.411754
1256 0.17337
1257 0.232048
1258 0.520111
1259 0.654494
1260 0.975208
1261 1.21811
1262 1.031034
1263 0.933459
1264 0.747659
1265 0.405418
1266 1.125485
1267 1.148223
1268 1.121413
1269 0.628467
1270 0.585125
1271 0.574289
1272 0.445827
1273 0.186017
1274 0.304878
1275 1.148578
1276 1.116071
1277 0.343341
1280 0.048948
1281 0.818947
1282 0.450635
1283 0.371883
1285 0.271179
1286 0.509275
1287 0.541782
1288 0.723325
1289 0.931865
1290 1.062945
1291 0.70362
1292 0.471632
1293 0.172518
1294 1.061893
1295 1.530629
1296 1.853572
1297 1.78209
1298 1.684024
1299 1.849914
1300 1.636182
1302 1.15243
1303 1.976149
1304 1.555457
1305 2.138857
1306 1.174772
1307 0.705015
1308 0.666917
1309 0.759247
1310 0.600259
1311 0.272431
1312 1.30182
1313 1.537139
1314 1.142893
1315 1.051057
1316 1.314311
1317 1.25818
1318 1.792229
1319 2.372476
1320 1.491437
1321 2.187153
1323 2.409412
1324 1.268729
1325 1.821281
1326 3.540424
1327 2.665568
1328 1.293941
1329 2.737806
1330 2.946794
1331 1.787881
1332 1.917826
1333 2.629328
1334 2.197546
1335 2.123433
1336 2.438928
1337 3.404723
1338 3.255192
1339 4.027908
1340 3.761079
1341 2.494227
1342 2.265358
1343 2.27774
1344 1.917826
1345 2.306222
1346 2.350609
1347 2.956468
1348 3.19334
1349 2.247477
1350 2.219413
1351 2.013079
1352 2.311417
1353 2.325629
1354 3.128233
1355 3.381871
1356 3.072192
1357 2.371365
1358 2.388341
1359 2.234885
1360 2.591137
1361 1.947937
1362 1.819429
1363 2.906831
1364 2.387948
1365 2.442613
1366 2.420747
1367 2.653651
1368 2.538054
1369 2.85807
1370 2.943881
1371 2.496697
1372 2.683141
1373 2.857102
1374 2.698075
1375 1.803216
1376 2.334162
1377 2.197546
1378 1.817651
1379 2.890869
1380 2.397114
1381 3.454229
1382 4.323101
1383 3.297494
1384 3.087664
1385 3.220143
1386 3.371924
1387 3.885068
1388 3.67805
1389 2.869003
1390 2.960849
1391 2.601412
1392 3.297422
1393 4.060779
1394 3.82018
1395 3.247572
1396 2.68356
1397 3.951377
1398 3.852979
1399 3.317706
1400 3.590585
1401 3.529578
1402 3.521469
1403 3.467937
1404 4.148172
1405 4.530829
1406 3.29106
1407 3.178274
1408 3.753632
1409 4.301235
1410 4.180971
1411 2.724152
1412 2.835797
1413 3.328192
1414 3.131397
1415 3.4305
1416 2.85807
1417 2.195473
1418 2.547405
1419 1.709946
1420 2.155687
1422 2.650796
1423 3.13779
1424 3.389719
1425 3.805445
1426 3.688739
1427 2.778424
1428 2.492739
1429 2.121651
1430 2.016224
1431 2.614265
1432 2.7442
1433 2.520864
1434 2.234885
1435 2.705007
1436 2.410286
1437 2.084943
1438 2.71594
1439 3.222685
1440 2.930123
1441 2.530078
1442 2.477887
1443 2.267684
1444 2.595676
1445 2.68356
1446 2.077283
1447 1.880928
1448 2.748739
1449 2.666028
1450 2.299433
1451 2.0416
1452 2.670067
1453 2.756752
1454 3.126857
1455 3.306326
1456 3.166517
1457 2.492739
1458 2.273651
1459 3.360222
1460 4.246569
1461 2.814338
1462 3.685079
1463 3.865794
1464 3.918577
1465 3.128262
1466 2.697537
1467 2.757714
1468 1.768957
1469 1.946478
1470 3.28446
1471 3.143269
1472 2.765828
1473 2.053773
1474 1.906893
1475 2.832479
1476 3.041391
1477 3.24388
1478 2.345766
1479 2.825271
1480 3.196484
1481 2.745941
1482 2.967401
1483 2.767588
1484 2.957651
1485 2.481362
1486 2.30911
1487 2.538467
1488 2.086424
1489 2.591137
1490 1.956852
1491 1.495319
1492 1.499818
1493 1.583713
1494 2.165079
1495 2.604008
1496 2.788841
1497 1.820388
1498 1.130645
1499 1.869554
1500 1.861079
1501 1.89249
1502 2.056508
1504 1.838341
1505 1.744539
1506 1.418747
1507 2.446563
1508 2.278617
