2079 2.809798
2080 2.542557
2081 2.410012
2082 2.541011
2084 2.560178
2085 2.831664
2086 2.455786
2087 2.562877
2088 2.541011
2089 2.458529
2090 2.733267
2091 2.28955
2092 2.358168
2093 2.334459
2094 2.623936
2095 2.584743
2096 2.629328
2097 2.822299
2098 2.239903
2099 2.656735
2100 2.967401
2101 2.870794
2102 2.396487
2103 2.813717
2104 2.890869
2105 2.846217
2106 3.247121
2107 2.879936
2108 2.870794
2109 2.923668
2110 2.892508
2111 2.781538
2112 2.869003
2113 2.555937
2114 2.845593
2115 3.214322
2116 2.879936
2117 2.859937
2118 2.661275
2119 2.61493
2120 2.678022
2121 2.497007
2122 2.919129
2123 2.114621
2124 2.256751
2125 2.764965
2126 3.013842
2127 2.654026
2128 2.585943
2129 2.551944
2130 2.393079
2131 2.643897
2132 2.301655
2133 2.333283
2134 2.282244
2135 1.784984
2136 1.710777
2137 2.589719
2138 2.333283
2139 2.281327
2140 2.245818
2141 2.266894
2142 2.145277
2143 2.295365
2144 2.339676
2145 1.447072
2146 1.484483
2147 1.292661
2148 1.111335
2149 1.121624
2150 1.380727
2151 1.726286
2152 1.688232
2153 1.941502
2154 1.846558
2155 1.917826
2156 2.028274
2157 1.447704
2158 1.77209
2159 1.413133
2160 1.787881
2161 1.132527
2162 1.715024
2163 1.655433
2164 1.670343
2165 1.718224
2166 2.164747
2167 1.557035
2169 2.082505
2170 1.819429
2171 1.994358
2172 2.138857
2173 1.651517
2174 1.64865
2175 1.358954
2177 0.31625
2178 1.563518
2179 1.269027
2180 1.683692
2181 1.677299
2182 1.811346
2183 1.348119
2184 1.508763
2185 1.634701
2186 1.900455
2187 1.774222
2188 1.705695
2189 2.058029
2190 1.863161
2191 2.107096
2192 2.030764
2193 1.716531
2194 1.809552
2195 1.567968
2196 1.80431
2197 1.75383
2198 1.778807
2199 1.228927
2201 1.373365
2208 0.017911
2241 0.044049
2242 0.28716
2243 0.262824
2244 0.173877
2245 0.104328
2246 0.0608
2256 0.002289
2257 0.520111
2258 0.654594
2259 0.793976
2260 0.611295
2261 0.552071
2262 0.737554
2263 0.901271
2264 0.692236
2265 0.715152
2266 0.92103
2267 0.964372
2268 0.862222
2269 1.157749
2270 0.996879
2271 0.990543
2272 0.786268
2273 0.877687
2274 0.964372
2275 0.854431
2276 0.933459
2277 0.888523
2278 0.834345
2279 0.69798
2280 0.866851
2281 0.805496
2283 0.081716
2284 1.645823
2285 0.867711
2286 0.58681
2287 0.688783
2288 1.001378
2289 1.159414
2290 1.268236
2291 0.934514
2292 0.982994
2293 1.186961
2294 0.784665
2295 0.780166
2296 0.763285
2297 0.895617
2298 0.671457
2299 0.963418
2300 0.924542
2301 0.888523
2302 0.795501
2303 1.029386
2304 0.552071
2305 0.848455
2306 0.709518
2307 0.682646
2308 0.471632
2309 0.455548
2310 0.454647
2311 0.504777
2312 0.102937
2313 0.192712
2314 1.158905
2315 1.180771
2316 0.731937
2317 1.029015
2318 0.866851
2319 0.965328
2320 0.624604
2321 1.187219
2322 1.116071
2323 0.857319
2324 1.224428
2325 1.334105
2326 0.857319
2327 0.946566
2328 0.869082
2330 0.944786
2331 1.290102
2332 1.34362
2333 0.841349
2334 1.386962
2335 1.51699
2336 1.15422
2337 1.311113
2338 1.098899
2339 1.082493
2340 1.038641
2341 0.662286
2342 0.528798
2343 0.705714
2344 0.877687
2345 0.087207
2346 2.004473
2347 0.877687
2348 1.007715
2349 0.766243
2350 1.08155
2351 1.096571
2352 0.769867
2354 1.007715
2355 1.125485
2356 0.954482
2360 0.049653
2364 0.020649
2365 0.541887
2366 0.986044
2367 0.931865
2368 0.637514
2369 0.986044
2370 1.060507
2371 1.095485
2372 0.970102
2373 1.311968
2374 1.250909
2375 1.292
2376 1.232674
2377 1.056974
2378 1.137743
2379 1.137743
2380 0.970102
2381 1.235263
2382 1.335429
2383 1.139984
2384 1.224428
2385 0.504282
2386 0.731211
2387 0.654494
2388 0.396599
2389 0.178892
2390 0.204059
2391 0.132964
2392 0.128753
2395 0.035677
2396 0.601551
2397 0.279238
2398 0.184132
2399 0.206491
2400 0.203859
2401 0.20188
2402 0.216611
2403 0.159534
2404 0.171671
2405 0.182875
2406 0.181934
2407 0.307833
2409 0.200131
2410 0.255006
2411 0.203859
2412 0.268356
2413 0.27855
2414 0.117131
2415 0.078876
2431 0.00202
2432 0.626889
2433 0.530947
2434 0.195042
2435 0.736824
2436 0.947963
2437 1.246099
2438 0.953537
2439 0.441776
2440 0.268235
2441 0.376272
2443 0.754392
2444 0.682646
2445 0.622306
2446 0.562896
2447 0.39047
2448 0.124675
2449 0.097714
2450 0.300424
2454 0.059524
2455 2.373527
2456 0.380797
2457 1.760224
2458 1.819429
2459 2.334286
2460 1.841295
2461 1.50285
2462 0.66077
2463 0.2736
2464 0.212711
2465 0.390083
2466 0.929311
2467 0.785467
2468 0.520111
2469 0.325069
2470 0.486907
2471 0.41616
2472 0.547737
2473 0.574289
2474 0.369247
2475 0.254758
2476 0.195235
2477 0.171839
2478 0.109331
2479 0.413371
2481 0.041298
2482 0.040874
2487 0.01838
2488 1.486897
2489 0.278164
2490 0.336737
2491 0.520111
2492 0.444702
2493 0.42639
2494 0.297796
2495 0.238148
2496 0.28716
2497 0.203859
2498 0.307833
2499 0.227542
2500 0.252797
2501 0.254758
2502 0.386259
2504 0.510507
2505 0.303398
2506 0.336738
2507 0.437834
2508 0.482795
2509 0.365331
2510 0.542319
2511 0.545882
2512 0.542576
2513 0.557786
2514 0.510695
2515 0.419996
2516 0.412163
2517 0.378831
2518 0.308132
2519 0.400919
2523 0.030418
2524 1.284656
2525 0.223208
2526 0.210462
2527 0.225097
2528 0.23862
2529 0.314234
2530 0.472094
2531 0.407718
2532 0.525741
2533 0.513854
2534 0.466277
2535 0.520132
2536 0.536997
2537 0.563453
2538 0.525741
2539 0.541782
2541 0.328461
2542 0.493553
2543 0.472094
2544 0.520111
2545 0.452738
2546 0.34309
2547 0.268486
2548 0.131862
2551 0.025621
2552 0.34528
2553 0.062006
2554 0.121251
2555 0.193307
2556 0.224877
2557 0.297507
2558 0.265631
2560 0.147892
2561 0.086599
2562 0.130157
2563 0.22714
2564 0.217209
2565 0.214588
2566 0.1064
2567 0.850411
2568 1.041774
2569 1.149717
2570 0.939433
2571 1.029386
2572 0.844344
2574 0.921943
2575 1.07598
2576 1.355798
2577 0.877687
2578 0.461297
2579 0.386259
2580 0.693481
2581 1.234042
2582 0.787181
2583 0.351937
2584 0.1824
2585 0.096201
2587 0.076875
2588 0.72654
2589 0.252554
2590 0.163506
2591 0.641845
2592 0.79172
2593 1.344951
2594 1.137039
2595 1.056603
2596 1.439715
2597 1.285262
2598 1.454098
2599 1.404752
2600 0.941023
2601 1.062945
2602 1.060843
2603 0.730487
2604 0.888523
2605 0.954482
2606 0.876819
2607 0.498497
2608 0.263077
2609 0.195042
2610 0.171671
2612 0.093538
2649 0.000292
2650 0.633657
2651 0.546694
2652 0.244381
2653 0.257506
2654 0.190767
2656 0.011831
2657 0.087552
2658 0.138262
2660 0.141998
2661 0.214588
2662 0.205877
2663 0.171839
2664 0.116878
2684 0.001048
2686 0.080801
2687 0.062537
2688 0.736095
2689 0.869082
2690 0.636028
2694 0.113945
2695 0.474888
2697 0.365789
2698 0.743449
2712 0.066273
2713 0.493553
2714 0.666917
2715 0.847624
2716 1.239762
2718 1.063716
2719 0.780166
2720 0.904967
2721 1.386962
2722 1.454098
2723 1.338609
2724 1.616111
2725 1.50237
2726 1.896238
2727 1.775696
2728 1.838334
2729 1.382106
2730 1.705558
2731 1.440218
2732 1.803956
2733 1.566383
2734 1.69036
2735 1.098855
2736 0.536997
2737 0.357576
2738 0.666251
2739 0.622917
2740 1.016313
2741 0.874645
2742 1.631461
2743 1.891421
2744 1.677299
2745 1.485954
2746 1.553996
2747 2.027859
2748 1.731964
2749 2.060813
2750 1.510653
2751 1.401241
2752 1.413133
2753 1.475108
2754 1.272775
2755 1.603675
2756 1.412404
2757 1.600251
2758 1.589692
2759 0.927184
2760 1.25818
2762 0.981207
2763 0.812673
2764 0.671145
2765 1.040753
2766 1.36979
2767 1.386962
2768 1.078914
2769 1.365291
2770 0.997867
2771 0.350633
2772 0.460344
2773 0.634576
2774 0.42259
2775 0.921943
2776 0.705015
2778 0.324428
2779 0.217143
2780 0.198034
2781 0.205877
2782 0.270891
2783 0.195042
2784 0.309835
2785 0.239715
2786 0.297507
2787 0.162133
2788 0.065598
2789 0.488087
2790 0.227549
2791 0.383367
2792 0.791002
2793 0.622917
2794 0.2736
2795 0.399877
2796 0.115754
2797 0.415457
2799 0.193944
2800 0.01471
2801 0.250985
2802 0.030149
2804 0.1368
2805 0.1824
2806 0.085002
2807 0.212505
2808 0.184206
2809 0.175517
2810 0.02074
2811 0.3617
2814 0.046422
2815 0.578769
2816 0.325391
2817 0.180629
2818 0.194333
2820 0.108954
2821 0.27674
2822 0.24922
2823 0.157846
2870 0.003037
2871 0.929311
2872 1.365291
2873 0.914693
2874 0.7484
2875 0.268235
2876 0.846018
2877 0.616627
2878 0.973043
2879 1.487429
2880 1.239976
2881 1.17025
2883 0.146388
2889 0.005528
2890 0.346741
2891 0.982392
2892 0.393943
2893 0.572097
2894 0.734974
2895 0.993272
2896 0.723053
2897 2.383409
2898 1.653154
2899 2.015939
2900 1.978885
2901 1.214548
2902 0.40892
2905 0.045088
2906 2.968762
2907 2.201816
2908 1.284377
2909 1.279169
2910 1.645002
2911 2.591713
2912 2.333283
2913 2.158282
2914 2.397051
2915 2.057972
2916 2.176063
2917 2.372476
2918 2.05447
2919 1.824887
2920 2.645802
2921 2.273651
2922 2.213019
2923 1.874566
2924 1.574183
2925 1.762354
2926 1.338609
2927 1.948487
2928 2.081822
2929 2.034308
2930 2.232727
2931 2.274078
2932 1.741651
2933 1.105129
2934 0.747659
2935 0.849679
2936 0.740329
2937 0.798114
2938 1.524236
2939 1.454857
2941 0.392783
2942 0.357931
2943 0.628467
2944 0.676309
2945 1.060507
2946 1.008565
2947 1.109735
2948 1.76796
2949 1.411735
2950 0.791786
2951 0.866851
2952 0.441969
2953 0.407718
2954 0.583992
2955 0.644396
2956 0.611641
2957 0.574879
2958 0.68197
2959 1.219298
2960 1.891421
2961 1.62619
2962 1.891421
2963 1.457919
2964 1.856766
2965 1.209643
2966 1.689562
2967 1.320843
2968 1.311968
2969 1.308431
2970 1.473648
2971 0.67785
2972 0.957626
2973 0.312994
2974 0.778667
2976 0.087149
2977 3.852012
2978 1.575667
2979 1.269027
2980 1.40724
2981 1.239976
2982 0.977335
2983 1.13887
2984 0.925529
2985 0.901271
2986 0.823509
2987 0.884267
2988 1.169838
2989 1.531522
2990 1.21811
2991 1.149717
2992 1.056662
2993 0.875686
2994 1.180771
2995 1.420876
2996 1.174749
2997 1.452185
2998 0.684427
2999 1.3557
3000 1.789653
3001 1.07598
3002 1.713728
3003 1.21811
3004 0.423705
3005 1.0944
3006 1.065901
3007 1.564949
3008 0.715152
3009 0.821658
3010 0.850845
3012 0.096362
3013 1.793023
3014 1.304776
3015 1.930656
3016 1.608174
3017 1.190965
3018 1.077228
3019 1.916012
3020 1.501304
3021 0.804706
3022 0.942701
3023 1.047941
3024 1.300277
3025 1.540024
3026 1.185584
3027 0.931404
3028 1.105025
3029 0.379984
3030 1.051057
3031 1.181085
3032 0.936364
3033 1.278606
3034 1.224428
3035 1.174749
3036 1.202756
3038 1.517996
3039 2.546376
3040 1.594182
3041 2.176882
3042 1.787881
3043 2.333283
3044 2.672714
3045 2.186613
3046 1.786629
3047 1.986857
3048 1.538761
3049 1.419469
3050 1.622633
3051 2.115768
3052 2.21497
3053 1.716531
3054 2.372476
3055 2.103688
3056 1.93516
3057 2.524705
3058 1.891774
3059 1.727366
3060 1.946086
3061 2.070889
3062 2.726873
3063 1.840142
3064 2.038098
3065 2.260551
3066 2.798865
3067 2.260551
3068 2.956468
3069 2.488325
3070 2.54004
3071 2.210471
3072 1.065047
3073 1.869554
3074 2.344216
3075 2.493267
3076 2.776999
3077 1.913467
3078 1.885027
3079 2.20848
3080 2.099937
3081 2.964439
3082 2.718794
3083 3.032999
3084 3.382833
3085 3.381103
3086 3.226571
3087 2.582065
3088 3.069126
3089 2.631937
3090 2.330248
3091 2.696916
3092 2.530078
3093 2.605148
3094 2.828838
3095 2.901802
3096 3.091003
3097 2.420747
3098 3.040743
3099 2.007953
3100 1.847688
3101 2.943873
3102 3.612452
3103 3.273526
3104 3.001079
3105 2.595676
3106 2.434093
3107 2.722334
3108 2.57381
3109 2.651021
3110 2.705007
3111 2.371365
3112 2.405513
3113 1.119712
3114 1.583572
3115 1.852228
3116 2.481806
3117 2.366082
3118 2.275909
3119 2.735081
3120 2.729725
3121 3.765514
3122 3.524987
3123 2.469079
3124 2.7442
3125 2.453546
3126 2.078222
3127 2.131948
3128 2.278617
3129 2.425651
3130 2.836204
3131 2.50621
3133 3.010755
3134 2.763305
3135 3.150116
3136 3.589132
3137 3.181522
3138 1.950625
3139 3.098597
3140 3.25166
3141 2.060596
3142 2.210471
3143 2.475026
3144 2.71594
3145 1.731059
3146 2.219413
3147 2.184626
3148 1.832627
3149 2.407897
3150 1.89596
3151 2.184667
3152 2.591137
3153 2.486346
3154 2.773079
3155 2.300484
3156 2.998105
3157 3.017526
3158 2.282244
3159 2.136488
3160 2.084437
3161 1.755374
3162 1.651517
3163 1.946086
3164 2.032777
3165 2.233959
3166 2.405513
3167 2.301655
3168 2.355149
3169 2.451448
3170 2.990638
3171 2.513391
3172 2.838222
3173 3.317267
3174 3.157671
3175 2.726873
3176 2.512508
3177 2.589719
3178 2.019929
3179 2.32235
3180 2.22688
3181 2.951928
3182 2.843438
3183 3.153263
3184 3.663365
3185 3.076731
3186 2.792472
3187 2.562877
3188 2.841041
3190 2.043695
3191 2.591137
3192 2.607635
3193 2.8731
3194 2.890869
3195 2.675365
3196 2.456474
3197 3.006239
3198 3.131185
3199 3.481255
3200 3.907644
3201 3.123607
3202 3.590585
3203 2.890869
3204 3.761079
3205 3.53592
3206 3.25166
3207 2.740508
3208 2.091279
3209 1.841295
3210 2.8298
3211 3.457079
3212 3.022066
3213 3.065798
3214 2.360508
3215 2.678601
3216 2.593086
3217 3.426589
3218 3.964374
3219 3.378801
3220 3.721774
3221 2.794794
3222 3.244206
3223 2.777078
3224 3.083125
3225 3.313948
3226 3.123607
3227 3.332606
3228 3.977242
3229 4.180971
3230 4.132652
3231 3.894495
3232 3.270527
3233 3.754581
3234 3.985126
3235 2.694074
3236 3.262593
3237 2.499572
3238 3.003483
3239 4.137239
3240 3.688991
3241 4.108508
3242 3.70312
3243 3.82018
3245 3.309074
3246 2.864464
3247 1.566403
3248 1.976
3249 2.28955
3250 1.870081
3251 2.38103
3252 3.131365
3253 3.173074
3254 3.699916
3255 2.867948
3256 3.688983
3257 3.360991
3258 3.351833
3259 3.186062
3260 3.732715
3261 3.58381
3262 3.685301
3263 3.619937
3264 3.341877
3265 2.095778
3266 1.985805
3267 3.328192
3268 3.218861
3269 3.065295
3270 3.568719
3271 3.356036
3272 3.207928
3273 3.634318
3274 3.533079
3275 3.732715
3276 4.410565
3277 3.616408
3278 4.176222
3279 3.754581
3280 4.016975
3281 3.968982
3282 3.787373
3283 3.39379
3284 3.645251
3285 3.927833
3286 3.656184
3287 3.854969
3288 3.417727
3289 3.236411
3290 3.091321
3291 3.251972
3292 3.486192
3293 3.175129
3294 3.013969
3295 3.743648
3296 3.630794
3297 2.494762
3298 3.30305
3299 3.855586
3300 3.255192
3301 3.038479
3302 3.052345
3303 2.842597
3304 2.352798
3305 2.979365
3306 2.803405
3307 2.759672
3308 2.979365
3309 3.164196
3310 2.925079
3311 2.613003
3312 1.622633
3314 2.475413
3315 2.585647
3316 3.17799
3317 3.164196
3318 3.433838
3319 3.054658
3320 3.514054
3321 3.14233
3322 3.177946
3323 3.105691
3324 3.016139
3325 3.069526
3326 1.721183
3327 3.67805
3328 4.03481
3329 2.876501
3330 2.312491
3331 2.119548
3332 2.747582
3333 2.925714
3334 2.954734
3335 3.281182
3336 3.192
3337 3.584192
3338 3.53592
3339 2.762222
3340 3.082006
3341 3.718068
3342 3.382857
3343 3.522222
3344 4.039358
3345 2.735074
3346 2.076499
3347 1.380226
3348 1.731112
3349 3.072192
3350 2.901802
3351 2.740508
3352 3.065798
3353 3.557786
3354 3.022794
3355 2.453546
3356 2.639385
3357 2.838246
3358 3.014515
3359 2.978334
3360 3.391937
3361 2.347322
3362 2.106614
3364 2.279976
3365 2.959266
3366 3.426589
3367 3.951377
3368 4.49803
3369 3.453074
3370 3.120464
3371 3.503121
3372 2.740508
3373 2.377015
3374 2.729651
3375 2.31781
3376 1.336212
3377 1.462812
3378 0.13068
3379 1.721899
3380 0.899358
3381 0.815435
3382 1.208519
3383 1.944144
3384 2.039581
3385 2.213019
3386 2.106286
