216 2.672579
217 2.88633
218 2.063271
219 2.03809
220 2.193143
221 1.863161
222 2.260551
223 2.831664
224 2.097855
225 2.71594
226 2.551944
227 2.548794
228 2.951928
229 2.551944
230 2.534214
231 2.362609
232 2.582045
233 2.78476
234 2.593086
235 2.023937
236 2.355834
237 2.711401
238 2.466632
239 2.594218
240 2.225806
241 2.123786
242 1.994358
243 2.195473
244 2.667668
245 2.57381
246 2.317079
247 2.29082
248 2.591137
249 2.217166
250 2.182463
251 2.31781
252 2.271397
253 2.691739
254 2.63756
255 2.606458
256 2.570593
257 1.044871
258 2.781117
259 2.500963
260 2.360508
261 2.639409
262 2.551944
263 2.491666
264 2.562877
265 2.542557
266 2.369015
267 2.580204
268 2.726873
269 2.697079
270 2.486346
271 2.639409
272 2.710924
273 2.951433
274 2.437743
275 2.46448
276 2.583382
277 2.030247
278 2.689534
279 2.354196
280 2.648396
281 2.519145
282 2.418743
283 2.206319
284 2.125554
285 2.323152
286 2.45994
287 2.271397
288 2.344216
290 2.537541
291 2.787932
292 2.403937
293 2.147421
294 2.169277
295 1.547973
296 1.454098
297 1.391277
298 1.202756
299 0.95502
300 1.474491
301 1.635782
302 2.099149
303 1.978545
304 2.220988
305 1.994358
306 1.880928
307 2.069608
308 1.759873
309 2.091674
310 2.339676
311 2.30046
312 2.199802
313 2.415078
314 2.079745
315 2.208314
316 2.492739
317 1.851729
318 2.11745
319 2.662932
320 2.369023
321 2.247477
322 1.957208
323 2.307992
324 2.081822
325 1.843885
326 1.849914
327 1.603877
328 2.503034
329 2.204135
330 2.258313
331 2.438074
332 1.837542
333 2.247477
334 2.416208
335 2.162934
336 2.234885
337 2.310279
338 2.032314
339 2.149956
340 2.383409
341 2.078222
342 2.070889
343 2.327306
344 2.613003
345 2.249705
346 2.17378
347 2.438074
348 2.158354
349 2.043623
351 2.1888
352 1.976578
353 2.011084
354 2.121015
355 1.961558
356 2.325629
357 2.7442
358 2.369015
359 2.161067
360 2.184786
361 1.989818
362 1.859235
363 2.121685
364 1.879065
365 2.145494
366 2.41139
367 2.217166
368 1.492872
369 1.105236
370 1.019294
371 0.108954
372 2.256668
373 1.859417
374 1.457182
375 1.096571
376 0.971309
377 1.51699
378 1.570949
379 1.716492
380 1.203948
381 1.163445
382 2.060813
383 1.976586
384 1.961558
385 2.245201
386 1.781545
387 1.863731
388 1.120314
389 1.037141
390 1.054189
391 1.045216
392 0.975208
393 1.051057
394 0.849679
395 0.772518
396 0.622306
397 0.704317
398 0.682646
399 0.439194
400 0.532
401 0.590118
402 0.996879
403 0.958036
404 1.200517
405 1.344951
406 1.077228
407 1.34362
408 1.213356
410 1.713728
411 1.662352
412 2.145457
413 1.863161
414 2.03912
415 1.533843
416 1.519696
417 0.968871
418 0.954482
419 0.605639
420 0.462571
421 0.423009
422 0.368776
423 0.901271
424 0.770093
425 0.868231
426 0.849679
427 1.182256
428 1.060843
429 1.024754
430 1.21357
431 1.256935
432 1.02305
433 1.11565
434 0.802632
435 0.781578
436 0.751796
437 0.768
438 0.763028
439 0.747659
440 0.578216
441 0.672476
442 0.704317
443 0.844344
444 0.709518
445 0.934642
446 1.003836
447 0.815435
448 0.762994
449 0.953537
450 0.942701
451 0.903922
452 1.40724
454 1.128024
455 1.120314
456 1.061893
457 0.67181
458 0.59596
459 0.513774
460 0.311153
474 0.000756
475 0.315692
476 0.639303
477 0.694168
478 0.708141
479 0.503798
480 0.74692
481 0.813479
482 0.953537
483 0.660974
484 0.210376
485 0.270891
486 0.244381
489 0.033941
490 0.697412
491 0.866851
492 0.812673
493 0.27539
494 0.563453
495 0.611576
496 0.456885
497 0.660974
498 1.120314
499 0.964372
500 0.600847
501 0.386259
502 0.718871
503 0.470432
504 0.758495
505 1.158905
506 1.121681
507 1.386962
508 1.083564
509 0.925529
510 0.732515
511 0.813479
512 0.96211
513 1.03491
514 1.289442
515 1.376127
516 1.207255
518 1.072729
519 1.088063
520 1.072729
521 1.311113
522 1.239762
523 1.21357
524 1.41003
525 1.153077
526 1.201694
527 1.056287
528 1.010382
529 1.298441
530 0.970367
531 0.976376
532 0.761788
533 0.472094
561 0.002741
562 0.379248
563 0.39992
564 0.458273
566 0.099491
567 0.109513
568 0.314234
569 0.338703
570 0.355388
571 0.656852
572 0.232177
573 0.429176
574 0.234134
575 0.375898
576 0.476768
578 0.299411
583 0.005556
584 0.129006
585 0.617632
586 0.830913
588 0.419203
589 0.595014
590 0.498902
591 0.776248
592 1.064
593 0.911984
594 1.419469
595 1.078909
596 0.567849
599 0.017966
600 2.694241
601 1.097597
602 0.418178
609 0.020429
610 0.935625
611 0.171703
620 0.004932
621 0.060242
622 0.0576
623 0.098595
624 0.123569
625 0.719863
626 0.317059
627 1.126106
628 1.285651
629 1.78209
630 1.718232
631 2.21911
632 1.874094
633 1.682857
634 1.467311
635 1.191921
636 0.760568
637 0.988
641 0.132843
642 1.969651
643 1.749546
644 1.717978
645 1.49783
646 0.824765
647 0.26486
648 0.218829
649 0.225861
651 0.18301
652 1.960969
653 2.056736
654 1.123302
655 2.368316
656 0.831033
660 0.034693
661 0.912885
662 0.108464
663 0.160784
666 0.041647
667 0.856269
669 0.286603
670 0.21499
671 0.120484
672 0.310665
673 0.618244
675 0.144939
676 0.694422
677 0.714445
678 1.433385
679 2.028274
680 1.738202
681 1.876424
682 1.261842
684 0.649522
685 0.337063
686 0.115606
687 0.22313
689 0.168154
690 0.379051
691 0.420519
692 0.244618
695 0.007061
696 0.509275
704 0.038081
705 0.465679
706 0.574289
707 0.922917
708 2.351335
709 2.390708
710 2.03809
711 2.353665
712 1.852228
713 1.744539
714 1.479611
715 2.541003
716 2.672208
717 3.007429
718 1.996281
719 2.076163
720 2.550875
721 2.964443
722 2.672208
723 2.716099
724 2.759672
725 2.813717
727 2.865109
728 2.726873
729 2.613003
730 2.751365
731 2.789259
732 2.792472
733 2.651021
734 2.536472
735 1.837542
736 1.731964
737 1.946086
743 0.01923
745 0.527653
746 1.682012
747 2.479937
748 2.475026
749 2.984727
750 2.398881
751 2.358168
752 2.737806
753 2.527553
754 2.784954
755 2.409814
756 2.016224
757 2.343607
758 1.885027
759 2.108702
760 0.878557
761 0.666917
762 0.815435
763 0.914693
764 1.225641
765 1.104142
766 0.87135
767 1.137743
768 1.351906
769 1.337038
770 1.391094
771 1.162762
772 1.062945
773 0.874645
775 1.00229
776 1.2768
777 1.266071
778 0.968871
779 0.987021
780 0.847624
781 0.72527
782 0.770177
783 0.856016
784 0.67785
785 0.311338
786 0.375898
787 0.362428
788 0.823509
789 1.158905
790 0.932789
791 0.921996
792 0.901143
793 0.858353
794 0.834345
795 0.846386
796 1.008714
797 1.005842
798 1.15422
799 0.874645
800 0.932789
801 0.791582
802 0.606796
803 0.827606
804 1.321949
805 1.238337
806 1.287529
807 1.163913
819 0.082644
820 0.414384
821 0.964372
822 0.833188
823 0.899358
824 1.051057
825 1.126907
826 1.174749
827 1.290102
828 1.15422
829 1.051057
831 0.100515
832 1.165915
833 0.610667
834 1.138434
835 1.030649
836 1.24
837 1.626957
838 1.46957
839 1.292
840 0.761042
841 0.830913
842 0.724747
843 0.804706
844 0.758495
845 1.21357
846 0.633594
847 0.765315
848 0.78248
849 0.553714
850 0.520111
851 0.748179
852 0.721582
853 0.617632
892 0.002839
893 0.899358
894 0.884267
895 1.495319
896 1.478147
897 1.527826
898 1.249067
899 0.986044
900 1.266516
901 1.250292
902 1.246099
903 1.01956
904 0.417003
905 0.467194
906 0.994909
907 1.082374
908 1.151913
909 1.453415
910 1.474875
911 1.277352
912 1.355798
913 0.741323
914 0.634118
915 0.317059
916 0.097021
917 0.88104
918 0.564012
919 0.626985
920 0.966595
922 0.00897
923 0.194514
924 0.30131
928 0.020781
1003 0.000733
1004 0.390337
1005 0.644795
1006 0.487553
1007 0.996879
1008 0.941769
1009 0.965328
1010 0.723302
1011 0.830234
1012 1.012728
1013 0.964491
1014 1.255691
1015 1.408634
1016 0.949566
1017 0.519596
1018 0.489236
1019 0.520111
1020 0.66939
1021 0.354667
1022 0.181333
1023 0.096027
1024 0.226205
1025 0.793976
1026 1.159414
1027 0.974792
1028 0.450034
1030 0.069363
1031 0.976376
1032 0.596551
1033 0.42639
1034 0.478601
1035 0.266933
1036 0.429176
1037 0.44626
1038 0.266178
1039 0.244618
1040 0.305169
1041 0.710905
1042 0.762741
1043 1.007715
1044 1.224428
1045 1.185584
1046 1.145177
1047 0.869434
1048 0.823509
1049 0.492103
1050 0.836894
1051 1.202637
1052 0.780253
1053 1.052099
1054 0.567849
1055 0.553166
1056 0.628467
1058 0.476549
1059 0.291556
1060 0.35687
1061 0.282006
1069 0.016169
1070 1.607161
1071 1.446259
1072 2.232437
1073 2.413958
1074 2.128285
1075 2.043623
1076 2.350609
1077 1.819429
1078 2.052
1079 1.75383
1080 2.0416
1081 2.494668
1082 2.43168
1083 2.626725
1084 2.680463
1085 2.504135
1086 2.99566
1087 2.702574
1088 2.680463
1089 2.449795
1090 1.907073
1091 0.704256
1092 0.803918
1093 0.423429
1094 0.49844
1095 0.718167
1096 0.427512
1097 0.67181
1098 0.787032
1099 0.617632
1100 0.755125
1101 0.65399
1103 0.912885
1104 1.452647
1105 2.471531
1106 2.125554
1107 2.243674
1108 2.318828
1109 2.021931
1110 2.225806
1111 2.678601
1112 2.325629
1113 2.377015
1114 2.517605
1115 2.613003
1116 2.119548
1117 2.136488
1118 2.331972
1119 1.944079
1120 1.826696
1121 1.672759
1122 1.480503
1123 1.226857
1124 0.472094
1125 0.448358
1126 2.42806
1127 0.846018
1128 0.954918
1129 0.189644
1130 2.070195
1131 1.36024
1132 1.372051
1133 1.460731
1134 2.099149
1135 1.817651
1136 1.460632
1137 1.086078
1138 1.605265
1139 1.750771
1140 2.088216
1141 2.128878
1142 2.088899
1143 2.349805
1144 1.99234
1145 1.540186
1146 0.958433
1147 1.546552
1148 1.662352
1149 2.820731
1150 1.935749
1151 1.353233
1152 0.944783
1153 1.298991
1154 1.208452
1155 2.190948
1156 1.608174
1157 1.574362
1158 1.880928
1159 2.011728
1160 1.77209
1162 1.478147
1163 1.49783
1164 0.118832
1165 3.366298
1166 1.900737
1167 2.20848
1168 1.631461
1169 1.560333
1170 1.456475
1171 1.332784
1172 1.358883
1173 1.298259
1174 0.476768
1175 0.284123
1176 0.704317
1177 1.414977
1178 1.941502
1179 1.597339
1180 1.760224
1181 1.535365
1182 1.618094
1183 1.327441
1184 2.141241
1185 2.121015
1186 2.245818
1187 1.976
1188 1.056603
1189 0.747659
1190 0.639303
1191 0.869702
1192 1.3557
1193 1.692036
1194 1.688232
1195 1.852228
1196 1.898117
1197 2.18022
1198 2.236571
1199 2.12618
1200 2.169287
1201 2.15843
1202 1.293349
1203 1.771472
1204 1.535169
1205 1.549497
1206 1.622633
1207 1.693714
1208 1.524236
1209 1.629027
1210 1.642307
1211 1.947026
1212 1.560175
1213 1.845293
1214 2.337341
1215 2.245818
1216 2.683965
1217 2.530078
1218 2.505514
1219 2.059956
1221 1.091418
1222 1.883537
1223 1.360301
1224 2.055417
1225 1.879065
1226 2.082505
1227 1.828535
1228 2.087009
1229 2.147584
1230 1.926834
1231 2.631937
1232 2.522208
1233 1.6117
1234 1.997714
1235 2.221733
1236 2.230222
1237 1.714778
1238 1.491937
1239 2.158354
1240 2.201816
1241 2.256751
1242 2.245818
1243 2.486286
1244 2.582647
1245 3.547456
1246 3.273526
1247 2.379861
1248 2.639409
1249 3.10953
1250 2.794794
1251 2.449007
1252 2.114621
1253 3.151262
1254 2.781538
1255 2.325629
1256 2.603132
1257 2.453546
1258 1.620614
1259 2.121015
1260 2.358168
1261 2.57381
1262 2.584743
1263 2.204
1264 1.994358
1265 2.596789
1266 3.128271
1267 2.971909
1268 1.848389
1269 1.817725
1270 2.361542
1271 2.152087
1272 3.240727
1273 3.174977
1274 1.917418
1275 2.645802
1276 2.301663
1277 2.442613
1278 2.86614
1279 2.490995
1280 3.072192
1281 2.735081
1282 2.519145
1283 2.512508
1284 3.164196
1285 3.518731
1286 2.737806
1287 2.705007
1288 2.573143
1289 2.236642
1290 2.912735
1291 3.557786
1292 2.887984
1293 3.181082
1294 3.262617
1295 3.366882
1296 3.984176
1297 3.707146
1298 3.819154
1299 2.803397
1300 3.28446
1301 3.467937
1302 2.803405
1303 3.041491
1304 3.306326
1305 2.314783
1306 2.496697
1308 2.790935
1309 3.258054
1310 2.759672
1311 2.792472
1312 2.927984
1313 2.759672
1314 3.240727
1315 3.503121
1316 3.482248
1317 3.47778
1318 2.783937
1319 2.572547
1320 2.770605
1321 2.790935
1322 2.514605
1323 2.256751
1324 2.599365
1325 2.639409
1326 2.925514
1327 2.864464
1328 2.781538
1329 2.425651
1330 2.661275
1331 2.46448
1332 2.877143
1333 2.967401
1334 2.867948
1335 2.301655
1336 3.317259
1337 3.350058
1338 3.533079
1339 2.85807
1340 2.314783
1341 2.503672
1342 2.814338
1343 3.196508
1344 2.57381
1345 2.420747
1346 2.357167
1347 3.026743
1348 3.503121
1349 2.745023
1350 2.806432
1351 2.890869
1352 2.890869
1353 2.859937
1354 2.847137
1355 2.847137
1356 2.606609
1357 2.983366
1358 3.011765
1359 3.125312
1360 3.229794
1361 2.553403
1362 2.147421
1363 2.070889
1364 2.323429
1365 2.825271
1366 3.19334
1367 2.659232
1368 2.575096
1369 2.372476
1370 2.724246
1371 2.594218
1372 2.267692
1373 2.675365
1374 2.361542
1375 2.518368
1376 2.770605
1377 1.871937
1378 3.061259
1379 3.439771
1380 3.075873
1381 3.148723
1382 3.260587
1383 4.738557
1384 3.866465
1385 3.295393
1386 3.885778
1387 3.674156
1389 2.68823
1390 2.875397
1391 3.467291
1392 4.344967
1393 3.794523
1394 3.426589
1395 3.953495
1396 3.808415
1397 4.132879
1398 4.749491
1399 3.983558
1400 4.224703
1401 4.657602
1402 2.979134
1403 4.443365
1404 5.011884
1405 4.33242
1406 4.907068
1407 4.2141
1408 4.92442
1409 4.401861
1410 4.399632
1411 4.468784
1412 4.00061
1413 4.683892
1414 4.798605
1415 3.988715
1416 4.482619
1417 4.356008
1418 3.895137
1419 4.191904
1420 3.783601
1421 4.160191
1422 3.859623
1423 4.191904
1424 3.973243
1426 3.895229
1427 3.360999
1428 3.776448
1429 2.640174
1430 2.672208
1431 2.519145
1432 2.694406
1433 2.842597
1434 2.950098
1435 2.814338
1436 2.530078
1437 3.098794
1438 3.168507
1439 3.098597
1440 3.39379
1441 2.836204
1442 3.240727
1443 3.565405
1444 3.765514
1445 4.410565
1446 3.772702
1447 3.710849
1448 3.874845
1449 4.455937
1450 4.007508
1451 3.173815
1452 2.776999
1453 2.901802
1454 3.062739
1455 2.683351
1456 2.759672
1457 2.541011
1458 2.42959
1459 2.442613
1460 2.967401
1461 3.185651
1462 2.927225
1463 3.28446
1464 3.156211
1465 3.339125
1466 3.114329
1467 2.978334
1468 3.688983
1469 4.49803
1470 4.003901
1471 3.032999
1472 3.087664
1473 2.726873
1474 2.571897
1475 2.57381
1476 2.814338
1477 2.64132
1478 2.78752
1479 2.551944
1480 3.087664
1481 3.590585
1482 3.744138
1483 3.108918
1484 4.490719
1485 4.596428
1486 3.904383
1487 4.282693
1488 3.42317
1489 3.076731
1490 3.091258
1491 3.260498
1492 3.696224
1493 4.138162
1494 4.164329
1495 4.045733
1496 3.710849
1497 3.482248
1498 2.814338
1499 3.011937
1500 3.339125
1501 3.281182
1502 3.131397
1503 2.767714
1504 2.953996
1505 3.203389
1506 2.398881
1507 3.186062
1508 3.00406
1509 2.387948
1510 2.379861
1511 2.842597
1512 2.618482
1513 2.486346
1514 2.401554
1515 2.550875
1516 2.96015
1517 3.001473
1518 3.022066
1519 2.561711
1520 2.512508
1521 2.617542
1522 3.125164
1523 3.120464
1524 3.262593
1525 3.315937
1526 3.131397
1527 3.470322
1528 3.19736
1529 2.729725
1530 2.897263
1531 2.759485
1532 2.46448
1533 2.636774
1534 2.645418
1536 2.605584
1537 2.711401
1538 2.29082
1539 3.131397
1540 3.685079
1541 3.831113
1542 3.371924
1543 3.646247
1544 3.236725
1545 3.247121
1546 3.011133
1547 2.680463
1548 2.930895
1549 2.767832
1550 2.360508
1551 2.401613
1552 2.7442
1553 2.631937
1554 3.002999
1555 2.803405
1556 2.661275
1557 2.482399
1558 2.722334
1559 2.325629
1560 2.344216
1561 2.312334
1562 2.708695
1563 2.420747
1564 2.471531
1565 2.562877
1566 2.85353
1567 2.705253
1568 2.43168
