1661 2.716476
1667 0.021435
1690 0.029066
1691 3.158202
1692 2.545917
1693 1.404182
1694 1.410973
1695 2.094601
1696 2.147683
1697 2.49426
1698 3.01823
1699 4.045273
1700 3.162356
1701 2.498371
1702 4.435349
1703 2.665262
1704 2.894786
1706 3.049258
1707 3.578565
1708 2.528747
1709 2.601822
1710 2.135329
1711 2.240855
1712 3.04897
1713 3.413674
1714 2.662369
1715 3.059939
1716 3.355365
1717 3.558543
1718 2.876988
1719 4.015768
1720 2.849405
1721 2.704768
1722 2.818813
1723 2.772177
1724 3.001522
1725 2.494668
1726 1.387715
1727 1.902354
1728 1.559611
1729 2.318721
1730 2.352817
1731 2.889679
1732 2.438074
1734 2.142953
1735 2.080887
1736 3.403537
1737 1.713605
1738 3.034034
1739 3.483021
1740 2.285281
1741 2.97977
1742 3.957083
1743 2.214838
1744 2.078234
1745 1.914487
1746 4.133986
1747 2.701861
1748 2.594206
1749 3.279342
1750 2.797271
1751 3.111326
1752 3.035612
1753 3.170646
1754 2.966402
1755 3.141238
1756 3.378845
1757 3.902138
1758 3.270152
1759 4.049662
1760 3.995149
1761 3.405638
1762 3.609061
1763 3.34272
1764 4.220611
1765 4.340884
1767 3.419745
1768 4.60038
1769 3.441948
1770 4.152855
1771 3.115821
1772 6.123481
1773 1.580647
1774 3.617988
1775 4.25513
1776 4.387865
1777 4.215904
1778 5.4884
1779 4.379002
1780 5.433887
1781 3.673934
1782 3.882523
1783 4.712152
1784 3.37954
1785 4.000056
1786 3.795384
1788 4.240744
1789 4.493491
1790 3.903337
1791 0.77694
1792 6.713502
1793 3.949742
1794 5.160408
1795 4.119207
1796 4.537223
1797 3.673411
1798 5.007345
1799 4.217786
1805 0.022152
1806 5.592331
1807 1.945839
1808 3.786209
1809 3.303201
1810 3.761299
1811 4.147429
1812 3.598585
1813 4.285762
1815 0.977111
1816 5.710775
1817 1.229782
1818 1.255114
1819 1.667837
1820 1.634733
1821 2.003604
1822 1.897759
1823 1.716031
1824 2.080259
1825 2.051897
1826 1.926114
1827 2.125299
1829 1.526636
1830 1.934021
1831 1.78282
1832 2.041686
1833 1.805325
1834 1.442057
1835 1.867267
1836 1.427722
1837 1.744064
1838 1.414035
1839 1.716412
1840 1.493123
1841 0.950863
1842 1.057493
1843 1.4788
1844 1.31156
1845 1.337996
1846 1.548785
1847 1.507837
1848 1.809325
1850 1.311986
1851 1.662777
1852 1.707607
1853 1.61922
1854 1.708415
1855 1.740826
1856 1.575634
1857 1.365921
1858 1.558614
1859 1.904472
1860 1.691365
1861 1.169439
1862 1.767872
1863 1.536007
1864 1.96792
1865 1.407105
1866 1.647811
1867 1.331375
1869 1.600765
1870 1.710772
1871 2.382537
1872 1.562303
1873 1.922046
1874 2.038581
1875 1.134044
1876 1.314511
1877 0.839747
1878 0.895063
1879 1.112911
1880 1.150446
1881 1.867345
1882 1.545222
1883 1.747637
1885 1.649378
1886 1.709651
1887 1.953261
1888 1.529526
1889 1.576095
1890 1.580531
1891 1.63234
1892 1.569854
1893 1.291611
1894 1.883325
1895 1.480063
1896 1.416214
1897 1.90415
1898 1.801892
1899 2.402874
1900 2.090762
1901 2.253189
1902 2.328677
1903 2.088862
1904 2.679056
1905 1.612811
1906 1.76796
1907 1.648895
1908 1.865855
1909 2.230273
1910 1.972194
1911 2.901469
1912 2.898669
1913 3.336453
1914 2.763453
1915 2.529879
1916 2.140444
1917 2.538054
1918 1.9083
1919 2.054949
1920 2.470873
1921 1.936817
1922 2.483822
1923 1.772447
1925 2.321126
1926 1.882909
1927 2.242978
1928 1.908932
1929 2.099149
1930 1.78358
1931 0.006363
1932 5.687627
1933 2.897263
1934 2.348723
1935 3.098597
1936 3.193335
1938 3.695528
1939 2.60191
1940 2.324673
1941 2.169277
1942 1.489087
1943 1.543516
1944 1.989818
1945 1.551445
1946 2.000751
1947 1.606771
1948 2.131948
1949 1.915814
1950 2.242653
1951 2.250688
1953 0.420359
1954 1.201451
1955 2.285011
1956 2.05738
1957 1.61116
1958 1.863731
1959 1.176974
1960 1.506154
1961 1.409327
1962 1.869075
1963 1.867429
1964 1.060123
1965 0.954482
1967 0.081665
1968 1.456584
1969 0.520132
1970 0.574858
1971 0.542947
1972 0.798114
1973 0.769331
1974 0.653694
1975 0.891415
1976 0.481017
1977 0.708836
1978 0.758495
1979 0.583396
1980 0.542857
1981 0.424626
1982 0.465933
1983 0.655686
1984 0.439906
1985 0.375898
1986 0.268507
1987 0.371883
1988 0.308132
1989 0.289694
1990 0.239573
1991 0.418447
1992 0.329383
1993 0.241491
1994 0.20984
1995 0.236279
1997 0.195869
1998 0.1632
1999 0.210462
2000 0.153095
2001 0.157668
2002 0.265631
2003 0.188404
2004 0.270891
2005 0.252554
2006 0.235327
2007 0.278965
2008 0.289694
2009 0.161196
2010 0.189415
2011 0.138118
2012 0.24922
2013 0.377592
2014 0.561893
2015 0.487347
2016 0.524547
2017 0.40692
2018 0.249998
2020 0.244618
2021 0.244144
2022 0.228055
2023 0.251461
2024 0.322198
2025 0.280776
2026 0.284123
2027 0.215401
2028 0.317212
2029 0.455097
2030 0.57878
2031 0.737679
2032 0.692935
2033 0.444261
2034 0.37284
2035 0.455548
2036 0.386118
2037 0.349725
2038 0.352687
2039 0.173126
2040 0.225318
2041 0.214168
2042 0.10814
2043 0.178892
2044 0.180454
2045 0.188074
2046 0.303098
2047 0.231401
2048 0.300424
2049 0.198257
2051 0.169543
2056 0.018733
2057 0.531113
2058 0.669885
2059 0.382509
2060 0.255701
2061 0.203859
2062 0.520111
2063 0.841006
2064 0.668642
2065 0.546653
2066 0.466394
2067 0.246776
2069 0.079883
2077 0.002782
2078 0.021046
2079 0.053647
2080 0.0342
2081 0.067259
2082 0.072204
2083 0.073662
2084 0.049113
2085 0.118024
2087 0.115754
2088 0.069541
2089 0.056364
2090 0.049032
2091 0.052666
2092 0.052565
2216 0.000265
