1968 3.022601
1969 2.231766
1970 1.591736
1971 1.242536
1972 2.668619
1973 2.299552
1974 2.228667
1975 3.371061
1976 3.382163
1977 3.247788
1978 3.248128
1979 3.142804
1980 4.407864
1981 3.230623
1982 3.150178
1983 3.383962
1984 4.218255
1985 3.383826
1986 3.338954
1987 4.17022
1988 3.36593
1989 3.253429
1990 3.307709
1991 3.618392
1992 3.325946
1993 3.826923
1995 1.548708
1996 2.795612
1997 2.783689
1998 3.099691
1999 3.804621
2000 2.762677
2001 3.15017
2002 3.806441
2003 2.767297
2004 3.180665
2005 4.517403
2006 2.945413
2007 3.68713
2008 2.89233
2009 3.676887
2010 4.150066
2011 3.563206
2012 3.373546
2013 3.521661
2014 4.246322
2015 3.181003
2017 2.614473
2018 3.261725
2019 3.508224
2020 4.160376
2021 2.615778
2022 2.332876
2023 3.595996
2024 3.632523
2025 2.414905
2026 2.272503
2027 3.052266
2028 3.638817
2029 3.823281
2030 3.077618
2031 3.222844
2032 3.384472
2033 3.443577
2034 3.880079
2035 4.278008
2036 4.355493
2038 3.411516
2039 3.346957
2040 3.537446
2041 3.912575
2042 3.230769
2043 3.277303
2044 3.558067
2045 4.627242
2046 3.135611
2047 4.076045
2048 4.121415
2049 3.105894
2050 4.145294
2051 3.282581
2053 2.994783
2054 3.19371
2055 3.189578
2056 4.277323
2057 3.897642
2058 3.750434
2059 2.867381
2060 3.552008
2061 4.504424
2062 3.199072
2063 3.187684
2064 2.839921
2065 2.619665
2066 2.574444
2067 2.591009
2068 2.431594
2069 3.224675
2070 3.842486
2071 3.464828
2072 4.076396
2073 2.892918
2074 2.911465
2075 4.552344
2076 2.905095
2077 3.8199
2078 3.613674
2080 1.214714
2081 6.192412
2082 2.416349
2083 2.468211
2084 2.400988
2085 2.945382
2086 3.304348
2087 3.355907
2088 4.010142
2089 4.223728
2090 4.312214
2091 3.754907
2092 3.48503
2093 2.71116
2094 2.76036
2095 3.46579
2096 3.677942
2097 3.134711
2099 3.0745
2100 3.450648
2101 3.377663
2102 2.920137
2103 3.579461
2104 3.738014
2105 3.680159
2106 1.404626
2107 2.689534
2108 2.438692
2109 2.662978
2110 2.587853
2111 3.711465
2112 3.706236
2113 4.471321
2114 4.215516
2115 3.607925
2116 4.011477
2117 4.27367
2118 3.924524
2119 3.383408
2120 4.017431
2121 3.381027
2122 3.578919
2123 3.520655
2124 3.907967
2126 2.571435
2127 4.985479
2128 4.294589
2129 3.579011
2130 4.242371
2131 4.29158
2132 4.374034
2133 3.586929
2134 4.458158
2135 4.608799
2136 4.385191
2137 3.585556
2138 3.764835
2139 3.094198
2140 4.123852
2141 2.947341
2142 2.571968
2143 2.142473
2144 2.360262
2145 2.848711
2146 3.31634
2147 2.805745
2148 3.06636
2149 2.581439
2155 0.023771
2156 0.703773
2157 1.851208
2158 1.415373
2159 2.03355
2160 1.983548
2161 2.067724
2162 2.0579
2163 2.210361
2164 2.586022
2165 2.940995
2166 2.624695
2167 2.706073
2168 2.334297
2169 2.512281
2170 3.165333
2171 3.618845
2172 2.920618
2173 2.784376
2174 2.442101
2175 1.677043
2177 1.802133
2178 1.691111
2179 2.395192
2180 2.657447
2181 2.973451
2182 1.564404
2183 2.482525
2184 2.505533
2185 1.952958
2186 1.88865
2187 2.34894
2188 1.427012
2189 1.057143
2190 1.968111
2191 2.7077
2192 2.189619
2193 2.766066
2194 2.277754
2195 2.33397
2196 3.312719
2197 2.606451
2198 2.708563
2199 2.153253
2200 2.241279
2201 1.645645
2202 1.794355
2203 0.631727
2204 2.563654
2205 1.831224
2206 1.662867
2207 0.975208
2208 0.88828
2209 1.847688
2210 1.458448
2211 1.871441
2212 2.366857
2214 1.634543
2215 1.907073
2216 2.558338
2217 1.802594
2218 1.843646
2219 1.840381
2220 2.5489
2221 2.331093
2222 2.124159
2223 2.232783
2224 2.591713
2225 0.495186
2226 1.235437
2227 1.443901
2228 1.964308
2229 0.912825
2230 0.974243
2231 1.095485
2232 0.801511
2233 1.160563
2234 1.072113
2235 1.538661
2236 1.13797
2237 1.290102
2238 1.074857
2239 0.857641
2240 1.325864
2241 1.639429
2242 1.136705
2243 1.479209
2244 1.334105
2245 1.124212
2246 1.128024
2247 1.038641
2250 0.059443
2251 2.66698
2252 1.159414
2253 0.80824
2254 0.923635
2255 0.856864
2256 0.607397
2257 0.528737
2258 0.877687
2259 0.67181
2260 0.815435
2261 1.337475
2262 1.668689
2263 1.107477
2264 1.733703
2265 2.085578
2266 1.984398
2267 1.982923
2268 1.722731
2269 2.099175
2270 1.383793
2271 1.149717
2272 1.16
2273 1.597585
2274 0.650139
2275 0.738931
2276 0.890541
2277 0.642859
2278 1.24637
2279 1.038165
2280 0.975208
2281 0.836894
2282 1.007776
2283 1.084734
2284 1.03783
2285 1.549497
2286 1.727425
2287 1.844516
2288 2.004594
2289 0.889934
2290 0.640571
2291 0.467057
2292 0.393516
2293 0.874645
2294 0.856016
2295 0.718338
2296 1.052514
2297 0.634279
2298 0.415832
2299 0.59596
2300 0.397378
2301 0.476768
2302 0.307866
2304 0.26333
2305 0.240527
2306 0.294646
2307 0.357785
2308 0.237464
2309 0.19144
2310 0.242031
2311 0.108954
2312 0.283505
2313 0.233983
2314 0.400919
2315 0.292562
2316 0.257506
2317 0.306052
2327 0.002287
2328 0.023121
2329 0.024141
2331 0.0228
2332 0.023791
2333 0.018724
2335 0.035275
2336 0.034227
2337 0.024892
2338 0.019543
2339 0.019543
2341 0.019543
2342 0.0304
2343 0.0342
2344 0.0228
2346 0.019543
2347 0.018549
2348 0.0192
2349 0.018549
2360 0.001025
2361 0.026016
2362 0.083401
2364 0.056773
2365 0.094799
2366 0.058748
2367 0.115402
2368 0.096565
2369 0.081067
2370 0.12652
2372 0.11157
2373 0.107032
2377 0.03531
2378 0.393978
2379 0.107678
2380 0.089505
2381 0.107611
2382 0.105332
2383 0.079241
2384 0.139541
2385 0.087465
2387 0.117572
2388 0.128627
2389 0.063535
2390 0.092833
2391 0.048
2392 0.094799
2393 0.039869
2394 0.070933
2395 0.039016
2397 0.015861
2398 0.048042
2428 0.000736
2429 0.008143
2430 0.24795
2431 0.221624
2433 0.044706
2447 0.002236
2448 0.422172
2449 0.373551
2450 0.802632
2451 0.771761
2452 0.852204
2453 1.071441
2454 1.755021
2455 2.016247
2456 2.241279
2457 1.531552
2458 2.241279
2459 1.495715
2461 1.451523
2462 1.441141
2463 1.52934
2464 1.851062
2465 1.820388
2466 1.452404
2467 1.935153
2468 2.105028
2469 1.896238
2475 0.189524
2476 5.266123
2477 0.708141
2478 1.475964
2479 1.143874
2481 0.07904
2482 0.557586
2483 1.106331
2484 0.912
2485 0.67181
2486 0.606796
2487 1.167708
2488 2.328743
2489 1.635681
2490 1.768399
2491 2.503672
2492 1.920821
2493 1.833039
2494 1.524806
2495 1.541714
2496 1.559848
2497 2.17568
2498 1.397798
2499 1.056095
2500 1.332784
2501 1.856766
2506 0.086548
2507 4.499115
2508 0.68197
2509 0.615408
2510 0.009592
2511 1.149717
2512 0.567386
2513 0.512673
2515 0.413918
2517 0.125844
2518 0.699018
2519 1.523301
2521 0.543692
2522 0.618244
2523 0.259221
2524 0.100515
2525 0.700007
2527 0.175729
2528 0.865922
2529 0.563453
2530 1.441725
2531 1.451157
2532 1.321949
2533 0.964372
2534 1.072941
2537 0.027398
2538 0.429176
2539 0.751059
2540 0.537133
2542 0.680016
2543 0.954918
2544 0.340008
2545 0.830913
2546 0.199163
2547 0.300424
2548 0.628467
2549 0.866851
2550 0.294826
2551 1.123869
2552 2.932207
2553 2.450149
2554 1.596412
2555 2.462129
2556 1.866918
2557 0.890541
2558 0.725114
2559 0.805496
2560 1.01855
2561 0.750323
2562 0.407718
2572 0.007775
2573 1.995734
2574 2.252212
2575 0.778876
2576 0.769331
2577 0.761788
2579 1.137318
2580 1.798717
2581 1.105025
2582 0.715152
2583 0.569776
2584 0.861131
2585 0.46842
2586 0.433426
2587 0.541782
2588 0.390083
2589 0.119389
2590 0.530421
2591 0.791002
2595 0.040557
2596 2.376503
2597 0.28716
2603 0.003672
2604 2.416487
2605 0.758828
2606 0.276256
2607 0.282006
2608 0.497947
2609 0.770857
2610 0.76781
2611 0.725988
2612 0.560325
2613 0.885578
2615 0.911096
2616 0.833519
2617 0.61422
2618 0.732515
2619 0.509275
2620 0.660974
2621 0.474788
2622 0.24922
2623 0.177189
2624 0.17872
2635 0.008026
2636 0.693481
2637 0.984276
2638 1.394824
2639 1.049188
2640 0.804706
2641 0.253568
2651 0.005197
2653 0.027824
2654 0.05134
2655 0.026036
2658 0.022519
2665 0.001611
2667 0.006141
2668 0.039226
2669 0.017047
2670 0.095391
2671 0.041533
2673 0.026802
2678 0.025732
2679 0.070004
2680 0.048
2681 0.048
2683 0.079738
2684 0.082518
2685 0.042954
2686 0.022383
2687 0.109222
2688 0.069329
2689 0.083066
2690 0.064376
2691 0.0672
2693 0.05472
2694 0.048042
2695 0.040805
2696 0.077003
2697 0.051525
2698 0.067141
2699 0.084266
2700 0.073875
2701 0.075106
2703 0.061772
2704 0.098675
2715 0.00678
2716 0.029902
2717 0.040533
2718 0.075106
2720 0.018129
2726 0.003722
2727 0.028475
2728 0.074197
2729 0.03976
2730 0.023468
2731 0.021459
2733 0.023451
2734 0.025255
2736 0.047459
2738 0.067556
2739 0.047172
2740 0.021459
2741 0.02565
2742 0.024634
2743 0.0608
2744 0.581412
2745 1.166912
2746 1.778006
2747 1.229292
2748 1.372787
2749 1.240007
2750 1.094146
2751 1.018022
2752 1.502061
2753 1.646598
2754 1.206319
2755 1.887824
2757 1.111884
2758 0.497907
2759 0.828834
2760 1.134906
2761 1.167953
2762 1.0944
2763 0.829064
2764 1.059416
2765 1.272469
2766 1.392681
2767 1.224105
2768 1.148578
2769 0.350329
2771 0.908628
2772 1.519659
2773 1.451976
2774 1.116325
2775 0.785234
2776 1.106331
2777 0.738965
2778 1.301566
2779 0.51147
2780 1.161443
2781 0.697861
2782 1.246099
2783 0.93017
2784 1.738358
2785 0.958838
2786 1.191921
2787 1.099081
2788 1.176283
2789 1.178816
2790 1.813271
2791 1.515192
2792 1.284943
2793 1.45848
2794 0.951523
2795 0.736824
2796 0.423009
2797 0.368047
2798 0.310125
2799 1.10424
2800 0.897825
2801 1.254112
2802 0.927361
2803 1.088222
2804 1.241323
2805 1.052099
2806 0.530086
2807 0.812673
2808 0.85859
2810 0.910194
2811 1.180235
2812 1.17299
2813 1.148578
2814 0.90396
2815 0.643765
2816 0.872032
2817 0.847698
2818 0.79032
2819 0.610374
2820 0.423009
2821 0.392753
2822 0.292852
2823 0.216713
2824 0.246776
2834 0.026514
2837 0.666157
2861 0.072848
2862 0.360791
2863 0.547516
2864 1.49117
2865 1.836408
2866 1.496575
2867 1.684148
2868 1.557014
2869 1.454187
2870 1.929988
2871 1.882078
2872 2.309226
2873 2.11216
2874 1.691762
2875 2.337726
2877 1.572912
2878 2.029522
2879 1.334932
2880 1.890925
2881 1.661553
2882 1.720346
2883 1.873268
2884 1.433962
2885 1.699422
2886 1.294985
2887 1.094443
2889 1.483447
2890 1.952983
2891 2.070649
2892 1.732801
2893 1.838845
2894 1.9207
2895 2.022186
2896 1.246027
2897 1.456967
2898 1.188321
2899 1.760737
2900 1.468468
2901 1.47695
2902 1.505495
2903 1.278798
2904 0.853392
2906 0.840423
2907 0.710649
2908 0.966497
2909 1.139917
2910 0.556515
2911 0.89807
2912 0.968623
2913 0.426312
2914 0.958815
2915 1.415145
2916 1.370859
2917 1.195314
2918 1.041087
2919 1.628543
2920 1.475208
2921 1.56842
2922 1.701637
2923 0.551332
2924 0.786944
2925 1.317172
2926 1.482946
2927 1.480556
2928 1.457014
2930 1.104389
2931 1.417832
2932 0.965812
2933 1.475246
2934 1.902061
2935 2.056306
2936 1.917714
2937 1.531657
2938 1.416397
2939 1.407048
2940 1.457679
2941 0.70345
2942 1.333839
2943 1.323188
2944 1.712671
2945 1.380323
2946 1.84788
2947 1.697005
2949 1.2103
2950 1.316739
2951 1.191077
2952 1.428293
2953 1.145123
2954 0.967723
2955 1.073231
2956 1.258329
2957 1.397923
2958 1.791714
2959 1.02389
2960 1.103524
2961 1.108243
2962 1.360464
2963 1.444377
2964 0.751955
2965 0.661521
2966 0.925786
2967 0.704974
2968 0.118725
2970 1.145462
2971 0.488573
2972 1.523896
2973 1.280825
2974 1.463369
2975 1.592181
2976 1.206641
2977 1.449142
2978 1.654427
2979 1.081386
2980 1.254102
2981 1.20928
2982 1.044716
2983 1.196807
2984 1.364364
2985 1.201543
2986 0.811533
2987 0.987049
2988 1.317027
2989 1.359477
2990 1.30595
2991 1.223552
2992 1.253582
2993 1.017624
2994 1.317642
2995 0.989514
2996 1.591944
2997 1.61853
2999 1.270237
3000 1.543532
3001 1.083184
3002 1.316958
3003 1.408927
3004 1.484771
3005 1.444236
3006 1.664575
3007 1.155277
3008 1.350047
3009 1.384182
3010 1.238647
3011 1.43311
3012 1.159208
3013 1.606985
3014 1.255017
3015 1.372691
3016 1.450513
3017 1.64824
3019 1.060071
3020 1.47965
3021 2.053962
3022 1.66242
3023 1.748509
3024 1.701615
3025 1.440695
3026 1.23987
3027 1.356334
3028 1.354122
3029 1.083141
3030 1.03204
3031 1.161289
3032 1.643173
3033 1.386247
3034 2.29921
3035 1.317728
3036 1.350378
3038 1.376629
3039 1.751592
3040 1.487856
3041 1.678274
3042 1.438904
3043 1.295289
3044 1.556327
3046 1.452529
3047 1.292747
3048 1.149438
3049 1.333928
3050 1.361145
3051 1.438601
3052 1.235279
3053 1.579919
3054 1.767113
3055 1.722555
3056 1.628846
3057 1.649789
3058 1.553015
3059 1.865557
3060 1.614155
3061 1.578427
3062 1.330616
3063 1.314364
3064 1.453931
3065 1.289534
3066 1.053082
3067 1.507676
3068 1.559659
3069 1.408231
3070 1.811261
3071 1.830511
3072 1.836235
3073 1.857957
3074 1.974451
3075 1.34423
3076 1.862474
3077 1.762119
3078 2.082749
3079 1.847235
3080 1.885283
3081 1.917347
3082 1.655082
3084 1.52103
3085 2.027572
3086 1.59273
3087 1.968623
3088 2.196084
3089 1.546443
3090 1.8236
3091 1.376555
3092 1.792152
3093 1.980692
3094 2.364971
3095 1.521221
3096 1.975696
3097 1.693387
3098 1.323334
3099 1.505976
3100 0.984281
3101 1.562273
3102 1.72579
3103 1.590314
3105 1.554915
3106 1.414497
3107 1.479936
3108 1.481343
3109 1.418291
3110 1.464594
3111 1.67462
3112 1.744172
3113 1.585633
3114 1.589168
3115 1.929264
3116 1.517756
3117 1.57119
3118 1.498557
3119 1.735888
3120 1.215881
3121 1.617661
3123 1.632333
3124 1.464144
3125 1.776888
3126 1.692649
3127 1.609916
3128 1.568126
3129 1.637707
3130 1.790683
3131 1.480541
3132 1.823441
3133 1.559222
3134 1.360192
3135 1.733839
3136 1.545007
3137 2.085911
3138 1.370191
3140 1.332284
3141 1.689971
3142 1.923804
3143 1.903097
3144 1.21142
3145 1.689517
3146 1.711423
3147 1.660718
3148 1.301064
3149 1.62792
3150 1.555311
3151 2.218022
3152 1.547724
3153 1.494817
3154 1.542138
3155 1.390905
3156 1.650941
3158 1.326127
3159 1.548616
3160 1.425074
3161 1.614758
3162 1.822794
3163 1.774816
3164 1.629587
3165 1.766164
3166 1.777468
3167 0.910361
3168 1.557938
3169 1.654167
3170 1.138486
3171 1.247329
3173 1.452197
3174 1.415393
3175 1.526365
3176 1.95084
3177 1.929879
3178 1.515288
3179 2.69035
3180 1.999473
3181 2.084595
3182 1.622945
3183 2.018166
3184 1.557714
3185 1.676128
3186 1.736308
3187 1.595263
3188 1.481156
3189 1.373655
3190 1.463018
3191 1.173872
3192 1.130147
3193 1.224511
3194 1.711802
3196 1.294421
3197 1.629131
3198 1.421781
3199 1.556467
3200 1.507753
3201 1.604554
3202 1.538463
3203 1.370101
3204 1.729175
3205 1.840706
3206 1.323639
3207 1.171752
3208 1.256926
3209 1.266326
3211 1.184081
3212 1.481611
3213 2.058598
3214 2.110537
3215 2.036111
3216 1.557804
3217 1.544721
3218 1.98589
3219 1.760029
3220 1.759221
3221 1.603504
3223 1.790915
3224 1.426892
3225 1.547173
3226 1.095624
3227 1.515029
3228 1.249335
3229 1.390878
3230 1.490605
3231 1.397442
3232 1.433108
3233 1.664584
3234 2.014961
3235 1.150582
3236 1.6578
3237 1.642811
3238 1.684207
3239 1.606788
3240 1.615778
3241 1.654833
3242 1.021315
3243 1.68958
3244 1.372252
3246 1.310619
3247 1.292113
3248 1.433443
3249 1.334237
3250 1.588348
3251 1.353585
3252 1.488609
3253 1.54516
3254 1.461328
3255 1.417933
3257 1.579508
3258 1.716771
3259 1.774269
3260 1.437499
3261 1.578462
3262 1.318044
3263 2.051381
3264 1.732689
3265 1.365798
3266 1.369298
3267 1.577526
3268 1.230336
3269 1.81378
3270 1.304815
3271 1.586706
3272 1.452705
3273 1.445649
3274 1.668766
3275 1.55399
3277 1.549446
3278 1.420568
3279 1.629451
3280 1.45148
3281 1.225357
3282 1.035686
3283 0.968754
3284 1.059903
3285 1.327672
3286 1.227902
3287 1.63024
3288 1.136181
3289 1.532603
3290 1.144378
3291 1.86104
3292 1.656032
3293 0.986476
3294 1.47387
3296 1.414212
3297 1.632074
3298 1.796947
3299 1.082714
3300 1.076034
3301 0.843024
3302 0.219059
3303 1.089502
3305 1.278068
3306 1.274236
3307 1.510625
3308 1.19385
3309 1.389214
3310 1.332396
3311 1.484044
3312 1.079961
3313 1.308587
3314 1.605203
3315 1.747631
3316 1.325869
3317 1.39471
3319 1.118325
3320 1.190738
3321 1.130627
3322 1.315716
3323 1.717099
3324 1.561895
3325 1.222659
3326 1.08211
3327 1.007054
3328 1.348919
3329 1.05901
3330 1.273771
3331 1.280793
3332 1.499635
3333 1.693554
3334 1.256649
3335 1.358638
3336 1.677461
3337 1.907764
3338 1.371164
3339 1.457654
3340 1.254681
3342 1.263505
3343 1.332915
3344 1.137121
3345 1.368428
3346 1.177403
3347 1.377253
3348 1.347497
3349 1.195905
3350 0.993007
3351 1.438178
3352 1.121364
3353 1.286887
3354 1.678809
3355 1.220977
3356 1.318319
3358 0.469826
3359 0.246265
3360 0.943336
3361 1.512887
3362 1.024892
3363 1.211243
3364 1.122648
3365 1.291858
3366 1.540939
3367 1.191711
3368 1.066867
3369 1.483058
3371 1.501772
3372 1.184387
3373 1.705383
3374 1.088105
3375 1.742138
3376 1.229956
3377 1.351519
3378 1.452532
3379 1.243153
3380 1.510227
3381 1.750257
3382 1.212204
3383 1.348531
3384 1.334779
3385 1.343224
3386 1.431185
3387 1.503841
3388 1.763179
3389 1.162998
3390 1.149244
3391 1.322253
3393 1.437811
3393 2.768188
