9807 3.448991
9808 0.51318
9809 1.281087
9810 1.55409
9811 1.355996
9812 1.696016
9813 2.381996
9814 2.551813
9815 3.258757
9816 4.350929
9818 2.501376
9819 3.168088
9820 4.162022
9821 3.155267
9822 3.10631
9823 4.211637
9824 3.276662
9825 4.187117
9826 3.341077
9827 3.362733
9828 3.699849
9829 3.798813
9830 3.258877
9831 3.663395
9833 3.433046
9834 3.590681
9835 3.40312
9836 3.571607
9837 3.458
9838 3.48046
9839 3.3323
9840 3.102595
9841 3.510882
9842 3.524956
9843 3.816216
9844 4.416983
9845 3.155548
9846 3.46441
9847 4.190242
9848 3.296857
9849 4.299165
9850 3.151353
9851 3.222272
9853 3.614436
9854 3.866871
9855 3.273565
9856 3.217135
9857 3.202783
9858 4.30961
9859 3.367619
9860 3.212024
9861 4.46574
9862 3.052587
9863 2.704048
9864 1.6888
9865 2.224737
9866 2.258986
9867 2.951262
9868 4.118474
9869 3.22996
9870 3.04476
9871 3.83487
9872 2.844119
9873 3.19459
9874 4.753578
9875 3.497166
9876 4.042677
9877 2.95009
9878 3.354248
9879 3.478872
9880 4.061117
9881 3.300859
9882 3.088915
9883 3.875836
9884 3.297891
9885 4.267333
9886 3.240663
9887 3.742085
9888 4.257878
9889 3.503556
9890 4.417806
9891 3.425151
9892 2.985982
9893 3.224914
9894 4.255457
9895 3.345431
9896 4.2351
9897 4.230694
9898 3.392611
9899 4.107345
9900 3.084501
9902 3.189169
9903 4.072408
9904 3.543792
9905 3.08881
9906 3.312472
9907 3.069562
9908 3.298024
9909 2.926873
9910 4.312206
9911 4.08685
9912 3.048357
9921 0.013208
9923 1.330427
9924 0.040571
9925 0.037098
9926 0.037098
9927 0.020267
9928 0.048042
9930 0.041559
9931 0.0304
9933 0.026078
9934 0.021459
9935 0.026057
9936 0.059695
9937 0.047514
9938 0.374729
9939 0.393134
9941 0.201567
9942 0.335905
9943 0.285248
9944 0.444702
9945 0.361258
9946 0.290951
9947 0.361258
9948 0.327992
9949 0.39359
9950 0.279513
9951 0.247625
9952 0.2736
9953 0.270891
9955 0.19397
9956 0.333265
9957 0.286882
9958 0.361258
9959 0.3648
9960 0.279804
9961 0.289087
9962 0.429176
9963 0.330385
9964 0.379623
9965 0.278965
9966 0.275988
9967 0.2736
9968 0.329703
9969 0.179804
9970 0.275721
9971 0.269027
9972 0.361258
9973 0.364443
9974 0.365158
9975 0.353724
9976 0.361258
9977 0.361609
9978 0.360791
9979 0.278979
9980 0.360791
9981 0.365158
9982 0.361258
9984 0.264722
9985 0.34139
9986 0.404545
9987 0.368412
9988 0.257513
9989 0.346741
9990 0.270891
9991 0.276256
9992 0.205966
9993 0.270089
9994 0.247261
9995 0.300718
9996 0.280087
9997 0.3648
9998 0.361258
9999 0.212221
10000 0.402657
10001 0.396988
10002 0.24694
10003 0.368412
10004 0.329383
10005 0.393134
10006 0.280586
10008 0.361258
10009 0.331028
10010 0.393516
10011 0.283501
10012 0.361258
10013 0.368412
10014 0.314133
10015 0.403759
10016 0.173362
10017 0.3648
10018 0.368412
10019 0.335905
10020 0.308547
10021 0.3648
10022 0.3648
10023 0.301211
10024 0.35047
10025 0.300718
10026 0.275988
10027 0.27116
10028 0.247215
10043 0.012296
10045 0.0228
10046 0.042214
10047 0.043732
10048 0.044852
10049 0.061889
10050 0.034655
10051 0.043689
10053 0.015872
10054 0.037224
10055 0.0288
10056 0.038366
10099 0.001295
10100 0.014534
10101 0.075625
10102 0.016142
10105 0.07611
10106 0.039016
10107 0.049836
10108 0.047254
10109 0.059317
10110 0.039942
10112 0.056778
10113 0.03917
11108 0.0
