6177 3.733251
6183 0.023766
6184 0.604839
6186 0.360678
6187 0.583815
6188 0.743057
6189 1.134505
6190 1.296444
6191 1.639193
6192 2.14549
6193 2.621035
6194 2.954541
6195 2.322125
6196 2.34261
6197 2.838687
6198 3.415618
6199 3.009598
6201 3.103424
6202 4.015888
6203 3.022422
6204 2.354685
6205 2.296296
6206 2.438431
6207 2.795277
6208 2.665087
6209 2.823066
6210 2.309472
6211 1.677251
6212 3.237395
6213 3.877451
6214 3.72731
6215 3.008496
6216 3.776381
6217 3.58677
6218 3.851165
6219 2.589893
6220 2.096863
6221 2.136737
6222 1.465942
6223 1.78143
6224 2.394342
6225 2.593986
6226 3.472048
6227 3.207404
6228 3.615297
6229 3.877291
6230 4.717152
6231 3.218154
6232 2.275356
6233 3.052779
6234 3.52597
6235 3.285429
6236 2.983588
6237 2.998729
6239 2.74412
6240 2.617629
6241 3.245522
6242 3.199608
6243 3.724015
6244 3.142734
6245 3.17814
6246 3.225782
6247 3.486681
6248 2.199968
6249 2.189349
6250 2.77798
6251 3.70631
6252 2.125594
6253 2.987159
6254 2.394627
6255 3.136791
6256 3.826797
6257 3.468132
6258 3.600144
6259 4.044913
6260 4.06229
6262 2.992632
6263 3.332875
6264 2.698075
6265 2.076252
6266 2.179498
6267 3.443916
6268 1.469051
6269 1.958804
6270 2.633061
6271 2.007169
6272 2.77798
6273 2.26465
6274 0.810378
6275 2.06635
6276 1.994032
6277 1.689562
6278 1.585295
6279 1.757996
6280 2.203018
6281 1.85097
6282 1.993902
6283 2.05425
6284 1.861339
6285 2.348263
6286 1.996163
6287 2.307346
6288 2.367928
6289 2.388132
6290 2.515929
6291 3.19517
6292 2.893421
6294 3.232663
6295 2.719747
6296 2.381267
6297 2.166975
6298 2.60207
6299 2.618488
6300 3.519453
6301 3.561705
6302 3.565315
6303 2.921639
6304 1.703507
6305 2.525538
6306 2.605762
6307 1.566389
6308 3.246769
6309 3.708048
6310 3.800368
6311 3.208999
6312 3.21588
6313 3.298835
6314 3.532236
6315 3.432333
6316 2.758044
6317 3.521087
6318 3.624879
6319 4.696527
6321 1.622458
6322 6.62404
6323 2.394342
6324 2.288587
6325 2.455872
6326 3.411117
6327 3.30585
6328 4.055093
6329 3.686945
6330 3.894034
6331 3.311429
6332 2.411988
6333 4.008431
6334 3.963734
6335 3.542314
6336 0.108954
6337 6.617128
6338 2.425956
6339 2.600406
6340 3.007696
6341 2.833714
6342 2.134258
6343 2.138857
6344 2.037101
6346 1.741443
6347 3.348335
6348 3.285063
6349 2.718789
6350 2.529333
6351 3.01295
6352 2.675864
6353 2.782123
6354 2.735552
6355 2.520385
6356 2.638865
6357 2.675969
6358 2.624246
6359 3.093922
6360 2.840837
6361 3.376273
6362 2.777369
6363 3.251381
6364 3.843269
6365 3.654291
6366 3.70459
6368 0.173136
6371 1.845587
6372 1.989818
6373 2.501227
6374 2.624999
6375 2.779772
6376 2.5966
6377 2.010202
6378 2.591137
6379 1.917534
6380 2.391952
6381 1.85109
6382 2.263145
6383 1.16755
6384 2.169179
6385 2.454833
6386 2.970952
6387 2.415502
6388 2.11726
6389 2.081321
6391 2.587777
6392 3.75719
6393 3.478326
6394 3.411341
6395 3.106501
6396 2.278519
6397 2.571861
6398 2.394677
6399 1.738012
6400 1.710947
6401 1.887271
6402 1.460954
6403 2.416208
6404 1.015548
6405 2.645802
6406 2.308535
6407 2.534442
6408 2.427141
6409 2.015111
6410 2.150566
6411 1.908589
6412 1.52934
6413 1.361015
6414 1.78209
6415 1.578473
6416 1.626957
6417 1.494843
6418 1.437513
6419 2.20848
6420 2.332963
6421 2.319827
6422 1.921341
6423 2.60207
6424 2.493518
6425 2.299964
6426 3.304871
6427 2.324284
6428 2.321682
6430 1.802717
6431 2.330257
6432 1.79357
6433 0.517394
6434 1.169838
6435 1.625633
6436 1.365586
6437 1.565289
6438 1.251043
6439 1.884262
6440 1.432382
6441 1.907073
6442 1.771157
6443 1.953706
6444 2.186613
6445 1.8005
6446 1.575041
6447 2.060813
6448 1.647616
6449 1.609808
6450 2.295944
6451 1.572204
6452 2.093352
6453 1.35212
6454 2.256048
6455 1.726961
6456 1.963195
6457 1.637545
6458 2.058772
6459 1.471137
6460 1.224428
6461 0.890541
6462 0.778384
6463 1.056662
6464 0.925612
6465 0.922729
6466 0.55364
6467 0.834345
6468 0.978472
6469 0.481172
6470 0.260055
6471 0.585125
6472 0.42259
6473 0.59596
6474 0.375643
6475 0.382657
6476 0.622917
6477 0.65198
6478 0.436137
6479 0.265631
6480 0.238384
6481 0.231508
6482 0.23097
6483 0.396599
6484 0.446735
6485 0.430442
6487 0.189415
6488 0.110351
6489 0.0608
6507 0.001206
6508 0.106252
6509 0.107084
6510 0.105434
6511 0.072456
6512 0.4651
6513 0.546159
6514 0.603747
6515 0.386803
6516 0.60362
6517 0.532923
6518 0.599144
6519 0.572507
6520 0.549443
6521 0.553382
6522 0.865901
6524 0.537993
6525 0.611839
6526 0.606305
6527 0.705591
6528 0.971313
6529 0.771921
6530 0.503623
6531 0.326215
6534 0.042172
6535 1.335585
6536 0.440479
6537 0.171664
6538 0.306126
6539 0.128879
6540 0.060052
6541 0.078805
6542 0.092138
6543 0.092138
6545 0.128617
6546 0.357931
6547 0.252515
6548 0.413142
6549 0.596539
6550 0.508585
6551 0.436772
6552 0.456644
6553 0.32829
6554 0.294725
6555 0.216499
6556 0.194715
6557 0.412456
6558 0.453743
6560 0.339349
6561 0.459578
6562 0.501582
6563 0.50755
6564 0.53572
6565 0.293185
6566 0.444008
6567 0.444261
6568 0.237203
6569 0.266178
6570 0.156343
6571 0.125208
6572 0.357576
6573 0.198909
6574 0.293143
6575 0.190933
6576 0.375529
6577 0.175035
6578 0.392872
6579 0.516933
6580 0.408813
6581 0.260571
6593 0.004599
6594 0.043602
6595 0.06463
6597 0.031722
6598 0.025973
6599 0.008831
6600 0.048382
6601 0.163649
6602 1.05453
6603 0.992048
6604 0.936531
6605 1.162486
6607 1.068849
6608 1.331572
6609 1.255865
6610 1.367889
6611 1.514139
6612 1.073222
6613 1.508763
6614 1.295303
6615 1.757114
6616 1.302737
6617 1.320753
6618 1.712032
6619 1.447329
6620 1.563646
6621 1.746495
6622 1.635756
6623 1.170262
6624 0.901271
6625 0.611806
6626 0.642583
6627 0.590729
6628 1.337459
6629 1.473648
6630 1.257159
6631 1.189867
6632 1.079509
6633 1.125792
6634 0.918232
6636 1.052617
6637 1.217208
6638 0.418485
6639 0.643765
6640 0.620103
6641 0.821362
6642 0.530947
6643 0.885109
6644 1.385606
6645 1.828547
6646 1.062857
6647 1.04588
6648 0.613402
6649 0.736824
6650 0.966419
6651 1.73923
6652 1.204697
6653 1.484483
6663 0.006406
6664 0.797317
6665 0.575503
6666 0.697608
6667 0.532699
6668 0.388138
6669 0.02125
6671 0.871671
6672 0.841758
6673 0.794012
6674 0.561302
6675 0.390083
6676 0.162163
6677 0.427674
6678 0.408118
6679 0.499365
6680 0.392725
6681 0.62229
6682 0.47049
6683 0.220713
6684 0.185855
6686 0.363906
6687 0.781109
6688 0.784755
6689 0.739853
6690 0.392658
6691 0.449965
6692 0.571837
6693 0.441783
6694 0.378437
6695 0.538646
6696 0.435374
6697 0.465933
6698 0.158566
6711 0.001743
6712 0.315692
6713 0.432679
6714 0.817838
6715 1.208679
6716 1.236837
6717 1.399001
6718 1.311929
6719 1.252746
6720 1.256817
6721 1.344344
6722 1.527656
6723 2.083237
6724 1.849426
6725 2.487752
6726 2.344889
6728 0.816586
6729 0.60933
6743 0.032729
6744 0.273327
6745 0.639303
6747 0.590426
6748 1.043972
6749 0.936492
6750 1.102115
6751 1.132594
6752 0.848833
6753 1.688285
6754 1.057019
6755 1.099293
6756 1.019294
6757 0.525106
6758 1.00957
6759 1.445842
6760 1.290717
6761 0.813479
6778 0.016292
6779 0.038333
6780 0.060969
6781 0.035882
6782 0.037098
6784 0.055647
6785 0.055229
6786 0.01845
6787 0.037098
6788 0.056607
6789 0.04657
6790 0.696631
6792 1.136151
6793 0.354071
6794 0.412361
6795 0.757683
6796 1.138439
6800 0.097787
6801 0.488595
6802 1.109806
6803 1.578638
6804 1.579413
6805 1.895668
6806 2.260309
6807 2.118437
6808 2.572178
6809 1.77181
6810 1.866517
6811 1.727611
6812 1.457982
6813 1.241538
6814 1.301923
6815 1.37826
6816 1.453481
6817 1.071441
6818 1.01029
6820 1.267313
6821 0.582978
6822 1.190965
6823 0.766075
6824 1.071441
6825 1.129197
6826 0.985068
6827 0.826165
6828 0.633166
6829 1.256935
6830 1.096847
6831 1.626957
6832 1.113654
6833 0.533144
6834 0.699716
6835 0.709812
6836 1.040222
6837 0.768793
6838 1.363941
6839 0.80953
6840 0.585125
6841 0.931865
6842 0.114735
6853 0.003119
6854 0.057854
6855 0.051623
6856 0.01915
6857 0.033988
6859 0.037447
6860 0.031269
6861 0.053595
6862 0.056656
6863 0.039796
6864 0.037098
6866 0.036389
6867 0.036571
6868 0.035303
6869 0.029314
6870 0.048
6871 0.066041
6873 0.043429
6874 0.033674
6875 0.06052
6876 0.04693
6877 0.02139
6878 0.289694
6879 0.361258
6880 0.268323
6882 0.238431
6883 0.306126
6884 0.224863
6885 0.308132
6886 0.231049
6887 0.303398
6888 0.357576
6889 0.279723
6890 0.294679
6891 0.357223
6892 0.275716
6893 0.325656
6894 0.219914
6895 0.433426
6896 0.269429
6897 0.314234
6899 0.212577
6900 0.272813
6901 0.20798
6902 0.276525
6903 0.114651
6904 0.111994
6906 0.201661
6907 0.155855
6908 0.045524
6909 0.329703
6910 0.161722
6911 0.316606
6912 0.204308
6914 0.361609
6915 0.204148
6916 0.404152
6917 0.233176
6918 0.305169
6919 0.239392
6920 0.303398
6921 0.254573
6922 0.269784
6923 0.3648
6924 0.2776
6925 0.228887
6926 0.429598
6927 0.275208
6928 0.279166
6929 0.284856
6930 0.370135
6931 0.362139
6932 0.277075
6934 0.210539
6935 0.446694
6936 0.274734
6937 0.305169
6938 0.337988
6939 0.268452
6940 0.368412
6941 0.283682
6942 0.280376
6943 0.370045
6944 0.3648
6945 0.238486
6946 0.294045
6947 0.346054
6948 0.33492
6949 0.282528
6950 0.28487
6952 0.192
6953 0.160388
6969 0.002042
6972 0.004549
6974 0.011928
6975 0.017694
6976 0.018471
6977 0.019578
6978 0.03648
6979 0.03163
6981 0.023451
6982 0.030806
6983 0.019934
6985 0.014779
6986 0.02569
6987 0.020267
6988 0.0288
6990 0.021903
6991 0.0288
6992 0.030944
6993 0.029874
6994 0.032799
6995 0.02567
6996 0.02736
6997 0.025429
6999 0.006819
7000 0.06384
7001 0.131197
7002 0.074886
7003 0.142262
7004 0.05755
7005 0.08592
7007 0.046989
7008 0.099672
7009 0.120264
7010 0.113784
7011 0.088116
7012 0.117257
7013 0.061329
7015 0.094508
7016 0.035794
7017 0.012883
7019 0.022588
7021 0.039016
7025 0.004561
7027 0.037974
7029 0.025345
7031 0.00493
7032 0.016082
7034 0.016876
7035 0.0304
7036 0.0288
7037 0.028346
7038 0.008998
7039 0.090947
7040 0.111881
7041 0.10944
7042 0.117677
7044 0.020204
7050 0.005206
7051 0.559293
7052 0.777988
7053 0.95642
7054 1.263352
7055 1.488691
7056 1.660609
7057 2.27439
7058 2.237745
7060 2.346471
7061 1.994478
7062 2.005584
7063 2.844196
7064 1.678676
7065 2.483358
7066 3.084703
7067 2.73223
7068 3.586611
7069 3.898204
7070 2.867429
7071 3.43972
7072 3.080639
7073 3.933948
7074 3.498669
7075 3.353015
7076 3.228616
7077 3.164761
7078 3.130813
7079 3.511369
7080 2.867972
7081 2.570505
7082 2.090901
7083 1.967952
7084 2.034965
7085 2.109524
7086 1.905894
7087 2.049267
7088 1.656008
7089 0.683261
7090 2.188955
7091 2.894904
7092 2.916923
7093 2.744365
7094 2.518636
7095 1.533879
7096 0.556026
7098 0.569341
7099 1.21357
7100 1.514787
7105 0.047712
7106 4.821075
7107 1.369348
7108 1.484959
7109 2.059472
7110 1.366633
7111 1.258085
7112 2.18919
7113 1.940934
7114 2.343349
7115 1.763826
7116 1.677368
7117 1.655221
7118 1.76796
7119 1.163716
7120 2.578973
7121 2.697871
7122 2.545463
7123 2.14936
7124 2.578883
7125 1.478473
7126 1.332035
7127 0.732515
7128 0.695192
7129 0.579388
7130 0.246962
7131 1.365291
7133 1.008714
7134 0.688096
7135 0.763449
7136 1.683692
7137 1.092608
7138 1.315464
7139 0.932545
7140 0.650139
7141 1.224293
7142 1.486897
7143 0.74308
7144 0.129844
7145 0.477241
7146 1.104142
7147 0.867314
7148 0.942701
7149 0.814172
7150 0.872117
7152 0.651462
7153 1.060507
7154 0.625354
7155 0.700157
7156 0.612252
7157 0.329312
7158 0.084837
7159 1.244612
7160 0.563263
7161 1.064349
7162 0.2556
7163 0.97185
7164 1.090885
7165 1.113364
7166 1.344578
7167 1.407778
7168 1.272719
7169 1.42042
7170 1.13888
7171 1.085984
7172 1.283173
7173 1.480629
7174 1.452336
7176 1.753543
7177 1.685579
7178 1.822465
7179 2.196803
7180 1.909669
7181 1.479636
7182 1.552
7183 1.782133
7184 1.684196
7186 0.76748
7187 1.775129
7188 2.165627
7189 2.06229
7190 2.185191
7191 2.171429
7192 1.878194
7193 2.470873
7194 1.461209
7195 2.232143
7196 1.96406
7197 2.299433
7198 1.723238
7199 2.121015
7200 1.802643
7201 2.427141
7202 2.32394
7203 2.074725
7204 1.965736
7205 2.26465
7206 0.814978
7207 1.418065
7208 1.483453
7209 1.313841
7210 0.954918
7211 1.124376
7212 2.52222
7213 1.826078
7214 1.867429
7215 1.429285
7216 1.795332
7217 1.490302
7218 2.071659
7219 1.545471
7220 2.199636
7221 1.6395
7223 1.950687
7224 2.619632
7225 2.40215
7226 2.242659
7227 2.421499
7228 1.841063
7229 2.372476
7230 1.906762
7231 1.766018
7232 2.411309
7233 1.733643
7234 2.17568
7235 1.375944
7236 2.110914
7237 3.083125
7238 2.990098
7239 2.134641
7240 3.814218
7241 3.176739
7242 2.569718
7243 3.549674
7244 3.598945
7245 4.373405
7246 3.584104
7247 3.422865
7248 2.333857
7249 3.264515
7250 2.999081
7251 2.61139
7252 2.457966
7253 2.564448
7254 3.139844
7255 3.226126
7256 2.809476
7257 3.746022
7258 3.069352
7259 3.36153
7260 2.455414
7261 2.284555
7262 3.541114
7264 0.991873
7265 6.266605
7266 1.987263
7268 2.397057
7269 2.855589
7270 3.03479
7271 4.045235
7272 1.968222
7273 2.047841
7274 2.523018
7275 2.09886
7276 2.024798
7277 2.464278
7278 2.507269
7279 2.283612
7280 2.765828
7281 2.326945
7282 2.099314
7283 2.438074
7284 1.9976
7285 2.297156
7286 1.848136
7287 2.525538
7288 2.253875
7289 2.30237
7290 2.15025
7291 1.830968
7292 2.002412
7293 2.701437
7294 3.317386
7295 2.760104
7296 2.750568
7297 2.92037
7299 2.570724
7300 2.665782
7301 2.443621
7302 2.948678
7303 3.729172
7304 3.134961
7305 2.11062
7306 1.535031
7307 2.162812
7308 2.536472
7309 2.423489
7310 2.20559
7311 2.995834
7312 2.259725
7313 2.809351
7314 3.031409
7315 3.195563
7316 3.347508
7317 3.898315
7318 3.439397
7319 2.303041
7320 2.453954
7321 2.407842
7322 2.201933
7323 2.558363
7324 2.992838
7325 2.59529
7326 3.222454
7327 3.44788
7329 2.23052
7330 3.076955
7331 2.738382
7332 2.571982
7333 2.861887
7334 2.699503
7335 2.768488
7336 3.415199
7337 2.952166
7338 2.14142
7339 1.866794
7340 1.915745
7341 2.365479
7342 2.941224
7343 2.78476
7344 1.976657
7345 3.160467
7346 3.126857
7347 2.747916
7348 2.955789
7349 2.195824
7351 2.853803
7352 2.497143
7353 1.658366
7354 1.883372
7355 2.897263
7356 2.270058
7357 2.255508
7358 2.997386
7359 2.156927
7360 2.99566
7361 1.73119
7362 2.049159
7363 1.768487
7364 2.164747
7365 2.044178
7366 2.471447
7367 2.675262
7368 3.208971
7369 3.56418
7371 0.904591
7372 6.012128
7373 2.14078
7374 2.613003
7375 1.833711
7377 1.965722
7378 1.399023
7379 2.494668
7380 1.806801
7381 3.640711
7382 2.854537
7383 2.185088
7384 2.45366
7385 3.378318
7386 2.354038
7387 2.397582
7388 3.050857
7389 1.652697
7390 2.156293
7391 1.86086
7392 2.449007
7393 2.276849
7394 2.31781
7395 1.893439
7396 2.308268
7397 3.072571
7398 2.00561
7399 2.19403
7400 2.503672
7401 1.999611
7402 2.318066
7403 2.707211
7404 2.624008
7405 2.279353
7406 1.844484
7407 2.082654
7408 2.328695
7409 2.905293
7410 2.502983
7411 2.647137
7412 2.197889
7413 2.746929
7414 3.335006
7415 3.213214
7416 2.856253
7417 2.402545
7418 2.549666
7419 2.629434
7421 2.804833
7422 3.45385
7423 3.258054
7424 2.465794
7425 2.381467
7426 2.733267
7427 2.372722
7428 2.967697
7429 3.821714
7430 3.295952
7431 3.488999
7432 3.032328
7433 2.16196
7434 1.663971
7435 2.250281
7436 2.430921
7437 3.402392
7438 3.144555
7439 2.886741
7440 3.006593
7441 2.733267
7442 2.036228
7443 2.790286
7444 2.381227
7445 3.760975
7446 2.961183
7447 3.04
7448 1.858621
7449 2.369524
7450 2.08087
7451 3.27992
7452 3.29771
7453 3.197259
7454 2.549601
7455 2.721423
7456 2.407596
7457 2.132158
7458 2.340642
7459 1.828531
7460 2.706142
7461 2.118122
7462 2.041742
7463 2.002487
7464 2.084523
7465 2.465095
7466 1.953974
7467 1.901307
7468 1.848609
7469 2.088758
7470 2.142556
7471 2.122382
7472 1.697903
7473 1.954366
7474 1.57041
7476 1.475342
7477 1.858621
7478 1.746476
7479 2.470873
7480 2.137556
7481 1.751784
7482 2.678601
7483 2.069569
7484 2.180563
7485 2.5489
7486 2.153934
7487 2.638286
7488 2.153814
7490 0.336649
7492 4.413877
7493 1.605265
7494 1.876792
7495 2.130685
7496 2.117946
7497 1.905598
7498 2.342819
7499 1.934582
7500 1.807612
7501 1.891421
7502 1.613786
7503 1.359104
7504 1.92422
7505 1.956044
7506 1.961341
7507 1.836805
7508 1.683692
7509 0.109524
7510 0.018628
7512 0.013428
7513 0.91644
7514 2.22812
7515 2.052856
7516 2.468407
7517 2.194476
7518 1.961274
7519 2.126329
7521 2.01704
7522 1.876983
7523 1.786108
7524 1.768806
7525 2.192864
7526 1.886442
7527 2.171382
7528 2.828469
7529 2.335936
7530 2.222394
7531 2.711401
7532 1.907194
