115 1.681189
116 1.688232
117 2.962861
118 2.661867
119 2.562877
120 2.740508
121 2.594218
122 2.683141
123 2.925624
124 2.814338
126 2.510018
127 1.894689
128 1.935153
129 1.891774
130 2.225087
131 2.241279
132 2.390708
133 2.366082
134 2.156293
135 1.879065
136 2.195473
137 2.656735
138 2.29309
139 1.917826
140 2.212662
141 1.781545
142 1.473648
143 1.677299
144 2.561711
145 2.847137
146 2.945635
147 2.647673
148 2.509352
149 2.491236
150 2.390708
151 2.864464
152 2.748638
153 2.583382
154 2.737806
155 2.607635
156 2.505813
157 2.831664
158 2.147421
159 2.132508
160 2.547405
161 2.551944
162 2.599365
163 2.551944
164 2.29309
165 2.557212
166 2.377505
167 2.530078
168 2.206147
169 2.503034
170 2.366082
171 2.032777
172 2.285011
173 2.065316
174 2.213019
175 2.451282
176 2.223952
177 2.223952
178 2.469079
179 2.383842
180 1.939692
181 1.984888
182 1.841295
183 2.023937
184 2.394342
185 2.279984
186 2.420747
187 2.455786
188 2.60207
189 2.325629
190 2.453546
191 2.835409
192 2.919287
193 2.849768
194 3.120762
195 3.052202
196 3.196515
197 2.672216
198 2.694406
199 2.470134
200 1.870995
201 2.766066
202 2.726873
203 2.627583
204 2.792472
205 2.832602
206 2.908451
207 2.679407
208 2.809798
209 2.512508
210 2.57381
211 2.519145
212 2.446222
213 2.449007
215 2.241079
216 2.344216
217 2.689903
218 2.606609
219 2.781177
220 2.792472
221 2.803405
222 2.317079
223 2.774228
224 2.490786
225 2.442613
226 1.90262
227 2.438074
228 2.097855
229 2.29082
230 2.547405
231 2.345766
232 2.355834
233 2.279984
234 2.449007
235 2.162934
236 2.420848
237 2.71594
238 2.883056
239 3.061259
240 2.783937
241 2.584743
242 2.488325
243 2.431683
244 2.7442
245 2.303937
246 2.486346
247 2.455786
248 2.394342
249 2.195322
250 1.586653
251 2.372476
252 2.206155
253 2.092755
254 1.822192
255 1.197606
256 1.738358
257 2.18022
258 2.488325
259 2.820731
260 2.281327
261 2.269149
262 1.856188
263 1.240991
264 0.841846
266 0.076875
267 2.71898
268 1.946086
269 1.694859
270 1.635446
271 1.865578
272 1.699165
273 2.219413
274 1.913467
275 2.047937
276 1.738202
277 1.613867
278 1.652329
279 1.347258
280 1.449892
281 1.657853
282 1.272775
283 1.214795
284 0.735368
285 0.655937
286 1.027708
287 1.182256
288 1.02305
289 1.213592
290 1.559744
291 1.546812
292 1.729078
293 1.748894
294 1.49981
295 1.630871
296 1.523821
297 1.629273
298 1.464262
299 1.163913
300 1.202637
301 0.915217
302 1.255341
303 1.256935
304 1.142242
305 1.34362
306 1.276618
307 0.884814
308 0.855169
309 0.889403
310 0.682646
311 0.583843
312 0.751059
313 0.856016
314 1.072729
315 1.12057
316 1.351906
317 1.174749
318 1.137743
319 0.888523
320 0.675291
321 0.633594
322 0.736095
323 0.504282
325 0.726708
326 0.854431
327 0.879812
328 0.839394
329 0.84518
330 0.81989
331 0.964372
332 1.019294
333 0.888523
334 0.578788
335 0.574289
336 0.7484
337 0.699716
338 0.654494
339 0.13068
340 0.166299
341 0.801045
342 0.732515
343 0.809089
344 1.086987
345 1.506154
346 1.388337
347 1.260162
348 1.235263
349 1.04578
350 1.245126
351 1.292
352 1.054114
353 1.41003
354 1.238337
355 1.508763
356 1.540186
357 1.425838
358 1.724575
359 1.467311
360 1.612914
361 1.143382
362 1.289442
363 1.115173
364 0.861368
365 0.751059
366 0.662954
367 0.551442
368 0.560913
369 0.516403
370 0.681339
371 0.711891
372 0.493553
373 0.429176
374 0.37593
375 0.455548
376 0.563453
377 0.371883
378 0.396988
395 0.018254
396 0.628467
397 0.592557
398 1.306746
399 1.574362
400 1.533843
401 1.924649
402 2.262409
403 2.228012
404 2.050406
405 2.210471
406 1.510653
407 1.431722
409 0.093356
410 1.72361
411 0.736824
412 0.252554
413 0.171671
414 0.255006
415 0.308132
417 0.049136
418 0.233755
419 0.292562
421 0.092384
422 0.054268
424 0.052356
425 0.284123
426 0.303398
427 0.278965
428 0.199938
429 0.238384
430 0.332612
431 0.3648
432 0.431861
433 0.317059
434 0.289694
435 0.326337
436 0.675953
437 0.595263
438 0.910891
439 0.725988
440 1.077228
441 1.008565
442 1.01855
443 0.653186
444 0.42639
445 0.488087
446 0.823509
447 0.578821
448 0.488087
449 0.440047
450 0.889669
451 1.574362
452 1.512151
453 1.863731
454 1.662352
455 1.864299
456 1.998754
457 1.750771
458 1.71962
459 1.413133
460 1.637804
461 1.436763
462 1.594418
463 1.480503
464 1.757114
465 1.396415
466 0.926446
467 1.169506
468 0.942701
469 0.882186
470 0.869082
471 0.418447
482 0.012693
483 0.152405
484 0.147323
485 0.148753
486 0.139482
487 0.1368
488 0.083023
489 0.064503
490 0.106047
491 0.097521
492 0.248792
493 0.736824
494 0.758495
511 0.020776
512 0.195042
513 0.862455
514 0.950228
515 0.277494
519 0.061037
520 1.476667
521 1.316916
522 1.749291
523 1.805003
524 2.081822
525 2.451282
526 2.125554
527 1.702882
528 1.716531
529 1.759873
530 1.798717
531 1.79238
532 1.733703
533 1.207255
534 1.650893
535 1.642307
536 2.295944
537 2.021931
538 1.69036
539 1.553996
540 1.410366
541 1.830249
542 2.420747
544 2.64132
545 2.306877
546 2.076163
547 2.00895
548 1.93958
549 1.976586
550 1.922299
551 1.600508
552 1.733703
553 1.44564
554 2.335396
555 1.95431
556 1.826696
557 2.058772
558 2.519145
559 2.021931
560 2.705007
561 3.069526
562 2.897616
563 2.879936
564 2.606609
565 2.382222
566 2.434093
567 2.285011
572 0.022935
575 0.315677
576 1.115173
577 2.420747
578 2.801143
579 2.726873
580 2.661275
581 2.898906
582 2.97441
583 2.901802
584 2.551944
585 3.007429
586 2.803405
587 2.726945
588 2.672208
589 2.434093
590 2.416342
591 3.148723
592 2.555937
593 1.928759
594 1.580439
595 1.491937
596 1.683692
597 1.772464
598 2.080444
599 2.070889
600 2.453546
601 2.618482
602 2.471505
603 2.20848
604 2.230222
605 2.46448
606 2.78515
607 2.724199
608 2.901802
609 2.767588
610 2.661275
611 2.327937
612 2.492739
613 2.152087
614 2.43168
615 2.197546
616 1.535365
617 1.289442
619 0.258221
620 0.351588
621 0.798114
622 1.605265
623 1.863161
624 2.238858
625 2.058772
626 1.486571
627 2.164747
628 2.398881
629 1.696539
630 2.047937
631 1.485114
632 2.011684
633 1.739925
634 2.135186
635 2.01543
636 1.608174
646 0.117319
647 0.321882
648 0.344215
649 0.242264
650 0.458933
651 0.547611
652 0.942701
663 0.09028
664 0.382657
665 0.433855
666 0.492103
667 1.244612
668 1.434408
669 0.916455
670 1.298259
671 1.17025
673 0.27622
674 1.016775
675 0.953537
676 1.066392
677 1.17025
678 0.813479
679 0.798114
680 0.752158
681 1.072941
682 0.863712
683 1.110834
684 0.951177
689 0.085325
690 0.055647
692 0.0384
693 0.027383
694 0.0342
695 0.032475
696 0.034496
697 0.032799
699 0.03404
700 0.032411
701 0.032031
702 0.034334
703 0.028062
704 0.034496
706 0.0342
707 0.032188
708 0.032188
709 0.0342
710 0.0304
711 0.03648
713 0.033164
714 0.0342
715 0.0342
716 0.034227
717 0.032571
719 0.034415
720 0.0342
721 0.033674
722 0.029847
724 0.0342
725 0.032188
726 0.031239
727 0.029605
728 0.031569
729 0.029314
731 0.0342
732 0.037004
733 0.034227
734 0.0342
736 0.0342
737 0.0823
738 0.008071
739 0.03648
748 0.001152
749 0.720862
750 1.074857
751 0.899358
752 0.708808
753 1.256935
754 0.847624
756 0.749983
757 1.626957
758 1.592408
759 1.798717
760 1.478147
761 1.126907
762 0.964372
763 0.639303
764 0.343341
765 0.44876
766 0.684
767 0.456885
768 0.335573
769 0.05802
772 0.124585
774 0.800999
775 0.822694
776 1.301566
777 1.622633
778 1.778807
779 1.488982
780 1.49783
781 1.128024
782 0.9472
783 0.987021
784 1.019294
785 1.261842
786 1.127694
787 1.082374
788 1.02305
789 1.149174
790 1.027708
791 0.981651
792 1.071441
793 1.0944
794 0.76375
795 1.244866
796 1.439152
797 0.676309
798 0.400919
799 0.481055
801 0.068804
802 2.882486
803 1.214795
804 0.9472
805 1.427478
806 1.247711
807 1.120824
808 1.169838
809 1.162092
810 1.566537
811 1.376127
812 1.045685
813 0.686682
814 0.693481
815 0.525226
816 0.536105
817 0.996879
818 1.24637
819 1.208452
820 1.902354
821 1.785079
822 2.088216
823 2.049023
824 2.349651
825 2.470873
826 2.064502
827 2.238858
828 2.17568
829 1.295223
830 1.574362
831 1.480503
832 2.160571
833 1.75383
834 1.750771
835 1.858621
836 1.447072
837 1.713069
838 0.215191
839 0.609722
841 0.133111
842 0.300718
843 0.174416
844 0.49844
845 0.682646
846 0.682646
847 0.786395
848 0.578216
849 0.640571
850 0.472557
851 0.557383
852 0.500358
853 0.3648
854 0.519083
855 0.568515
856 0.452928
857 0.43598
858 0.237365
859 0.639303
860 1.272775
862 1.6416
863 1.631461
864 2.416208
865 1.664
866 1.213592
867 0.813479
868 0.890118
869 1.115859
870 1.240474
871 0.568659
872 0.466394
876 0.031891
877 2.225336
878 0.0342
879 0.244381
882 0.103636
883 0.553436
884 0.224439
885 0.274222
886 0.343101
887 0.11931
888 0.375529
889 0.434308
890 0.36302
891 0.506767
892 0.678698
893 0.633657
894 0.389729
895 0.476768
896 0.427089
897 0.530947
898 0.326215
899 0.31024
900 0.404545
901 0.55305
902 0.487122
904 0.254295
905 0.587733
906 0.354071
907 0.419184
908 0.88547
909 0.990543
910 0.665224
911 1.072729
912 0.585125
913 0.559876
914 0.297927
915 0.951177
916 2.169277
917 2.344192
918 1.805027
919 2.33763
920 2.645802
921 2.141708
922 2.300484
923 2.071659
924 1.73189
925 1.354455
926 0.828008
927 1.191921
928 1.605265
929 1.196244
930 2.285099
931 2.547405
932 2.347322
933 2.518368
934 2.376991
935 2.483822
936 1.954939
937 2.012583
938 2.242978
940 2.108702
941 2.147421
942 1.896238
943 1.770685
944 1.946086
945 2.109511
946 1.916125
947 1.899106
948 1.153421
949 1.322901
950 1.650286
951 0.729765
952 0.536997
953 0.368308
954 0.900388
955 1.436226
956 1.322901
957 1.424985
958 1.567938
959 0.735368
960 1.047833
961 0.650139
962 0.611576
963 0.603807
964 1.123805
965 1.935153
966 1.797562
967 1.913287
968 1.069569
969 1.0944
970 1.376127
971 0.351413
972 0.433631
973 0.761788
974 0.541782
975 0.654676
976 0.63034
978 0.356697
979 1.486897
980 1.956852
981 2.197546
982 1.77655
983 1.982923
984 1.402297
985 1.399433
986 1.655433
987 2.214857
988 1.510653
989 1.0944
990 0.749763
991 1.354455
992 1.798717
993 1.46957
994 1.61132
995 1.439078
996 1.842059
997 1.608174
998 1.744539
999 1.488982
1000 1.235263
1001 0.988515
1002 1.334105
1003 1.530629
1004 1.522997
1005 1.582004
1006 1.131406
1007 1.060507
1008 1.041774
1009 0.979707
1010 1.149174
1011 0.671145
1013 0.062267
1014 0.859687
1015 0.399877
1016 0.869082
1017 0.429176
1018 0.583968
1019 0.48796
1020 0.67181
1021 0.509275
1022 0.530421
1023 1.214795
1024 0.548429
1026 0.356648
1027 0.780166
1028 1.005842
1029 0.926446
1030 0.265631
1031 0.552513
1032 0.59596
1033 0.611641
1034 1.041253
1035 0.69046
1036 0.890286
1037 1.49783
1038 1.850222
1039 1.540345
1040 1.731988
1041 2.108702
1042 2.306877
1043 1.764763
1044 1.790046
1045 1.858621
1046 1.566383
1047 2.427141
1048 2.158354
1049 2.056508
1050 2.503672
1051 2.442613
1052 2.523365
1053 2.258313
1054 1.982923
1055 1.814051
1056 2.405275
1057 2.141249
1058 1.586503
1059 1.455658
1060 0.718871
1061 0.580571
1062 1.869554
1063 1.989391
1064 2.069608
1065 2.18022
1066 1.805003
1067 1.952753
1068 1.506573
1069 2.03355
1070 1.772464
1071 1.744539
1072 0.681076
1073 0.617021
1074 1.427012
1075 1.403972
1076 2.049966
1077 2.453546
1078 1.805003
1079 2.547405
1080 1.470222
1081 2.20099
1082 2.481362
1083 1.883146
1084 2.295365
1085 2.260886
1086 2.436508
1087 2.683141
1088 1.75061
1089 2.43168
1090 1.557079
1091 2.197546
1092 2.715868
1093 3.929582
1094 2.792024
1095 3.175129
1096 3.022794
1097 3.120464
1098 3.098597
1099 3.232286
1100 2.32235
1101 2.78476
1102 2.923668
1103 3.514054
1104 2.762222
1105 2.584743
1106 2.900488
1107 3.514054
1108 3.339125
1109 2.933027
1110 2.585943
1111 2.314783
1112 2.733267
1113 3.448456
1114 3.345189
1115 2.648396
1116 2.505701
1118 2.047057
1119 2.56
1120 3.120665
1121 2.407409
1122 2.618482
1123 2.519145
1124 2.841041
1125 3.492188
1126 3.334343
1127 2.453354
1128 2.722334
1129 2.584743
1130 3.623385
1131 4.019101
1132 3.437522
1133 3.131273
1134 2.988075
1135 3.083125
1136 2.925723
1137 2.387948
1138 2.847137
1139 3.391937
1140 3.25166
1141 2.976412
1142 2.12618
1143 2.5489
1144 2.32235
1145 2.05447
1146 2.361542
1147 1.989396
1148 1.405403
1149 1.519696
1150 1.507647
1151 1.388549
1152 1.659497
1153 2.299928
1154 2.748689
1155 2.059956
1156 2.180123
1157 1.815849
1158 1.916012
1159 1.996281
1160 3.054865
1161 2.275909
1162 2.438074
1163 1.261032
1164 1.308988
1165 1.19642
1166 1.224428
1167 1.289442
1168 1.364443
1169 1.387114
1170 1.436226
1171 2.253176
1172 1.501304
1173 1.311968
1174 1.371148
1175 2.7442
1176 3.04394
1177 2.618482
1178 2.726873
1179 2.867798
1180 2.035469
1181 3.099366
1182 3.173815
1183 3.106754
1184 2.548352
1185 2.377986
1186 2.497279
1187 2.617542
1188 3.218861
1189 2.793057
1190 2.562877
1191 2.726945
1192 3.39379
1193 4.180947
1194 3.782373
1195 4.301235
1196 3.710849
1197 4.159105
1199 3.74669
1200 4.137239
1201 4.136975
1202 3.522222
1203 2.420747
1204 2.683141
1205 2.748739
1206 3.139228
1207 3.149795
1208 3.302839
1209 4.3559
1210 3.940444
1211 3.514054
1212 2.68889
1213 3.024649
1214 2.759485
1215 3.787381
1216 4.518489
1217 4.015302
1218 4.508963
1219 4.694825
1220 4.305774
1221 4.462367
1222 4.589004
1223 4.749491
1224 4.913487
1225 4.488563
1226 5.022817
1227 4.323321
1228 4.711984
1229 4.022766
1230 4.25657
1231 4.892778
1232 4.151924
1233 4.902553
1234 4.648672
1235 4.836955
1236 4.78229
1237 4.196444
1238 4.717813
1239 4.115261
1240 4.92442
1241 4.690141
1242 3.93405
1243 4.246569
1244 3.804508
1245 3.350058
1246 2.825271
1247 3.371924
1248 3.53592
1249 3.627133
1250 3.120472
1251 3.356036
1252 3.065798
1253 3.218861
1254 3.055365
1255 3.775303
1256 3.984176
