471 0.05659
481 0.00305
485 0.059163
486 0.017113
491 0.00233
492 0.016607
494 0.015147
495 0.032283
498 0.021501
505 0.001582
511 0.002065
512 0.01826
514 0.060758
515 0.07296
516 0.01768
518 0.072424
519 0.0672
520 0.065598
521 0.053542
522 0.068645
523 0.060576
524 0.109639
525 0.067141
526 0.052666
527 0.09477
528 0.076531
530 0.06977
531 0.034254
532 0.053647
533 0.062639
535 0.067514
536 0.102367
537 0.052464
538 0.058786
539 0.062836
540 0.054857
542 0.052073
543 0.049076
544 0.021823
553 0.008782
554 0.385907
555 0.132723
556 0.121939
557 0.070933
558 0.070933
559 0.072068
560 0.0912
561 0.101521
562 0.093096
563 0.082518
564 0.091116
565 0.06444
567 0.103869
568 0.107294
569 0.086493
570 0.123778
571 0.088179
573 0.093705
574 0.1216
575 0.118024
576 0.105693
577 0.127468
578 0.046704
579 0.109331
581 0.107774
584 0.014236
585 0.229589
586 0.099581
587 0.10739
588 0.105332
590 0.116426
591 0.07653
592 0.113463
593 0.105231
594 0.105535
595 0.080008
596 0.134473
597 0.094435
598 0.132708
599 0.097714
600 0.066457
601 0.123545
602 0.101333
604 0.067258
605 0.103538
606 0.092833
607 0.091116
608 0.096204
609 0.061285
610 0.096084
611 0.118024
612 0.101333
614 0.064261
615 0.114761
616 0.111295
618 0.010625
619 0.221677
620 0.067259
621 0.096094
622 0.108162
627 0.040206
645 0.014918
646 0.023809
647 0.033164
648 0.069644
649 0.065598
650 0.082909
652 0.082441
654 0.025901
655 0.031699
656 0.078171
657 0.050714
659 0.052912
660 0.051574
661 0.051769
662 0.052464
663 0.023077
665 0.084041
666 0.070493
667 0.042817
669 0.016742
670 0.040571
671 0.045553
