98 1.672759
99 1.848389
100 2.85353
101 2.282244
102 1.961558
103 2.386204
104 2.475413
105 1.991348
106 2.387948
107 2.394342
108 2.262794
109 2.352798
110 2.471531
111 1.421299
112 2.21497
113 2.7442
114 2.217166
115 1.521489
116 2.275485
117 2.070889
118 2.369015
119 2.206189
120 2.339541
121 2.245818
122 2.561711
123 2.624825
124 2.453354
125 2.009093
126 2.470873
127 2.011084
128 2.030764
129 2.263145
130 2.109464
131 2.442637
132 2.282244
133 2.533033
134 2.388726
135 2.366669
136 2.46448
137 2.475429
138 2.125554
139 2.378444
140 2.566179
141 2.321029
142 2.585943
143 2.070889
144 2.321126
145 2.604008
146 2.563081
147 2.32235
148 2.323429
149 1.819429
150 2.149956
151 2.405275
152 2.162934
153 1.946006
154 1.92422
155 1.337283
156 1.636182
157 1.566383
158 2.055417
159 1.797562
160 2.323429
161 2.526702
162 2.659232
163 2.579514
164 2.648396
165 2.740488
166 2.347892
167 2.497279
168 2.479937
169 2.497279
170 2.518857
171 2.245818
172 2.238858
173 2.416208
174 2.334162
175 2.629328
176 2.650342
177 2.551944
178 2.483822
179 2.282244
180 2.333283
181 2.364511
182 2.223952
184 2.152095
185 2.131948
186 2.05447
187 1.673188
188 1.863731
189 1.939692
190 2.088216
191 2.089079
192 2.485861
193 2.453546
194 2.462129
195 2.258313
196 1.96575
197 2.242978
198 1.478147
199 2.164747
200 2.065316
201 2.279984
202 2.197546
203 1.967699
204 1.79238
205 2.164747
206 2.217166
207 1.878653
208 2.071659
209 1.906893
210 2.082505
211 1.857394
212 2.0416
213 2.210471
214 1.283105
215 1.213592
216 1.256935
217 0.925529
218 1.722867
219 1.456467
220 2.522208
221 2.043623
222 2.068822
223 2.28
224 1.946478
225 2.030764
226 2.01543
227 2.063271
228 2.169287
229 2.225714
230 1.852228
231 2.026265
232 1.933244
233 1.933244
234 2.091279
235 1.92502
236 1.96355
237 2.013436
238 1.600767
239 1.628571
240 1.337283
241 1.563429
242 1.642307
243 1.683692
244 1.721031
245 1.867172
246 1.725071
247 2.004594
248 1.781545
249 1.836755
250 1.707386
251 1.870585
252 1.552309
253 1.612914
254 0.851516
255 1.189798
256 1.063199
257 0.682142
258 1.073792
259 0.963418
260 0.698452
261 1.593045
262 1.224428
263 0.903857
265 1.029386
266 1.180235
267 1.055556
268 1.072941
269 0.812673
270 0.787317
271 0.834345
272 0.996879
273 0.939305
274 0.623365
275 0.682646
276 0.715152
277 0.847624
278 0.751059
279 0.485594
280 0.488087
281 0.325069
282 0.390083
286 0.027811
287 2.113144
289 1.657853
290 1.819429
291 1.941502
292 1.597339
293 1.76621
294 1.564832
295 2.037101
296 1.684024
297 1.688232
298 1.664691
299 1.532325
300 1.571168
301 1.469771
302 1.852895
303 1.666366
304 1.702882
305 1.261032
306 1.179079
307 1.128024
308 0.924613
309 0.725988
310 0.599671
311 0.505273
312 0.386259
313 0.344282
314 0.378831
315 0.259166
316 0.425964
317 0.336906
318 0.368308
319 0.479618
320 0.522179
321 0.605639
322 0.429176
323 0.583271
324 0.612177
325 0.42501
326 0.482824
327 0.393134
328 0.465933
329 0.340404
330 0.444261
331 0.4104
332 0.455097
333 0.510012
334 0.418447
335 0.450635
336 0.429176
337 0.546273
338 0.579388
339 0.708141
340 0.563453
341 0.675953
342 0.578788
344 0.525741
345 0.487604
346 0.49844
347 0.450635
348 0.396988
349 0.461789
350 0.633035
351 0.600847
352 0.667063
353 0.585125
354 0.354071
355 0.405418
356 0.96211
357 1.312412
358 1.447704
359 2.060813
360 1.738202
361 2.03355
362 1.422132
363 1.51699
364 1.109735
365 1.072729
366 1.018296
367 0.584416
368 0.347262
383 0.01601
384 0.400919
385 0.606796
386 0.769331
387 0.63401
388 0.628467
389 0.823509
390 0.828769
391 0.899358
392 1.098855
393 0.922729
394 1.238337
395 1.332784
396 1.408634
397 1.21811
398 1.388337
399 1.414905
400 1.334105
401 1.721161
402 1.451976
403 1.105129
404 0.873056
405 0.692111
407 0.84518
408 0.59596
409 0.590118
410 0.318756
411 0.315692
412 0.150606
413 0.096659
414 0.125074
415 0.286603
416 0.400919
417 0.291171
418 0.025082
419 0.719576
420 0.619104
421 1.0944
422 0.848455
423 0.747659
424 0.680408
425 1.257303
426 1.030024
427 0.7936
428 0.907445
429 0.526774
430 0.329063
432 0.249467
433 0.236047
434 0.20346
435 0.153708
436 0.150212
437 0.100404
438 0.132964
478 0.002444
484 0.020069
488 0.002122
489 0.901143
490 1.191921
491 1.088426
492 1.419469
493 1.072729
494 1.293941
495 1.549593
496 1.335705
497 1.668689
498 1.313436
499 1.560333
500 1.410366
501 1.208452
502 1.126907
503 1.05703
504 0.919244
505 0.931865
506 1.041253
507 1.019278
508 0.924542
509 0.92103
510 1.089142
511 1.40724
512 1.51549
513 1.119712
514 1.228075
515 1.239976
516 1.49783
517 1.366644
518 0.88306
519 1.17025
520 1.169092
521 1.12057
522 1.594418
523 0.697412
524 0.519467
525 0.715152
526 1.115173
527 1.002371
528 1.300277
529 1.211236
530 1.132527
531 1.060843
532 0.694168
533 0.725988
534 0.79172
535 1.236488
536 1.256935
537 1.174749
538 1.831224
539 1.40091
540 1.583572
541 1.207255
542 1.126588
543 1.061893
544 0.726122
545 0.7484
546 0.455559
548 0.37297
549 0.473538
553 0.031133
554 1.035164
555 0.357576
556 0.375529
557 0.5472
558 0.393134
559 0.340008
560 0.375529
561 0.351034
562 0.300044
563 0.113138
564 0.240527
565 0.3648
566 0.42501
567 0.4104
568 0.42501
569 0.431291
570 0.41013
571 0.342669
572 0.176125
573 0.361609
574 0.423009
575 0.433426
576 0.411754
577 0.42259
578 0.412135
579 0.313853
580 0.24922
581 0.176125
582 0.260055
583 0.216611
585 0.127942
586 0.106563
587 0.114542
588 0.104229
589 0.086088
590 0.097328
591 0.141867
592 0.177189
593 0.151699
594 0.130028
595 0.063751
596 0.075106
597 0.204561
598 0.165192
599 0.210462
600 0.151549
601 0.136932
602 0.236047
603 0.186672
604 0.265889
605 0.246776
606 0.220985
607 0.191254
608 0.214378
609 0.325391
610 0.332612
611 0.311153
612 0.298377
613 0.324182
614 0.289694
615 0.162215
616 0.222933
618 0.084185
619 0.103245
620 0.195042
621 0.216815
622 0.22313
624 0.04646
625 0.064376
634 0.015029
635 0.075498
638 0.003209
640 0.446694
641 0.250149
642 0.18366
643 0.189963
644 0.156343
645 0.131197
646 0.101862
647 0.541782
648 0.541782
649 0.791002
650 0.899358
651 0.616791
652 0.889403
653 1.092216
654 0.860039
655 0.719651
656 1.51699
657 1.478147
658 1.430305
659 1.454098
660 1.271772
661 1.310659
662 1.090222
663 0.985068
664 1.26697
665 1.440509
666 1.78209
667 1.434804
668 1.616111
669 1.305574
670 1.395036
671 1.487429
672 1.013217
673 0.888798
674 0.365517
675 0.267973
676 0.520637
677 0.323483
678 0.472094
679 0.3648
680 0.270891
681 0.393134
682 0.579388
683 0.672063
684 0.701616
685 0.910215
687 0.954482
688 0.965328
689 0.676309
690 0.725988
691 0.699716
692 0.536997
703 0.028235
704 0.317618
705 0.240527
706 1.17025
707 1.0944
708 0.809161
710 0.100515
711 2.045455
712 0.737554
713 0.589041
714 1.148578
715 1.355798
716 0.922925
717 1.073792
718 0.816841
719 1.345805
720 1.365291
721 1.047941
722 1.300277
723 1.159414
724 1.324173
725 1.757114
726 1.488982
727 1.891421
728 1.566383
729 1.508763
730 1.197606
731 2.022617
732 1.880928
733 1.968422
734 1.689041
735 1.86575
736 2.164747
737 2.076163
738 1.825822
739 1.860643
740 2.011084
741 2.055417
742 1.283105
743 0.911096
744 1.657853
745 1.413133
746 0.986044
747 0.881895
748 0.355045
749 1.40724
750 1.784485
751 2.1888
752 1.731964
753 1.974042
754 1.906893
755 1.91981
756 1.710098
757 1.707386
758 1.858621
760 1.750771
761 2.253814
762 2.084943
763 2.070889
764 2.125891
765 1.998257
766 1.970082
767 2.208285
768 1.707386
769 2.026265
770 1.564832
771 1.596228
772 1.185853
773 1.136617
774 1.13887
775 0.936364
776 1.062212
777 1.137743
778 1.140862
779 0.931865
780 0.951177
781 0.742057
782 0.823509
783 1.029386
784 1.236526
785 1.618094
786 1.480865
787 1.950416
788 1.846558
789 1.093328
790 1.160563
791 1.381994
792 1.880488
793 1.02305
794 0.824325
795 0.983976
796 0.979707
797 1.17025
798 1.354455
799 1.19642
800 1.321949
801 1.182256
802 0.59399
803 0.423009
804 0.371163
805 0.537525
806 1.060507
807 0.396993
808 1.007715
809 1.277402
810 0.896552
811 0.839363
812 0.836894
813 0.650139
814 0.824765
815 0.407841
816 0.7296
817 0.626889
818 0.509275
820 0.510012
821 0.546281
822 0.725988
823 0.579388
824 0.49844
825 0.361258
826 0.227549
827 0.463637
828 0.636115
829 0.643765
830 0.330506
831 0.292562
832 0.151699
833 0.122736
835 0.018164
843 0.011966
854 0.000937
855 1.170838
856 2.164747
857 2.032777
858 2.182819
859 2.061771
860 0.747659
861 1.044721
863 0.588498
864 1.96575
865 2.134622
866 1.917826
867 2.056057
868 2.523886
869 2.472942
870 2.469079
871 2.355149
872 2.416208
873 2.490794
874 2.672208
875 2.455786
876 2.448855
877 2.496697
878 1.828535
879 2.504569
880 2.708911
881 2.551944
882 2.336476
883 2.002194
884 2.438074
885 2.076163
886 2.103688
887 2.547405
888 2.599365
889 2.650342
890 1.945057
891 2.67931
892 2.074107
893 2.320077
894 2.781357
895 2.919129
896 2.204135
897 2.536596
898 2.267684
899 2.681714
900 2.505052
901 2.645776
902 2.490794
903 2.453354
904 2.407897
905 1.881268
906 2.089079
907 2.002611
908 1.54469
909 2.589719
910 2.29309
911 2.311417
912 2.267684
913 2.343607
914 1.108637
915 1.64214
916 2.180262
917 1.722867
918 1.414905
919 1.688625
920 0.984581
921 0.804706
922 1.344767
923 1.6445
924 2.269143
925 2.29082
926 1.710098
927 2.121015
928 1.861079
929 1.946941
930 2.339676
931 1.285651
932 0.964372
933 1.625779
934 1.341267
935 0.953537
936 0.84518
937 1.578901
938 1.572725
939 1.163913
940 1.716706
941 1.841295
942 2.335026
943 2.766066
944 2.562877
946 2.664508
947 2.193299
948 0.850019
949 0.431736
950 0.340321
951 2.393079
952 2.103688
953 1.713728
954 1.560205
955 1.869283
956 1.742897
957 2.288587
958 2.106614
959 2.123409
960 1.834857
961 1.55402
962 1.180771
963 1.182256
964 0.587245
965 0.953537
966 0.931865
967 0.716762
968 0.657241
969 0.827965
970 0.733142
971 0.987021
972 0.498475
973 1.396192
975 0.248845
976 1.163445
977 1.355798
978 1.652329
979 0.817172
980 0.759863
981 1.071668
982 1.36024
983 1.507647
984 0.631796
986 0.252091
987 0.528852
988 0.966286
989 0.910215
990 0.863078
991 0.759247
992 0.671145
993 0.791786
994 1.098899
995 1.421299
996 0.654494
997 0.830913
998 0.766972
999 1.117177
1000 1.399433
1001 1.707409
1002 1.994358
1003 1.984888
1004 1.819429
1005 2.20848
1006 1.969651
1007 1.371417
1008 2.435896
1009 2.005315
1010 1.991341
1011 2.328743
1012 2.313547
1013 2.103688
1014 2.375358
1015 1.819429
1016 2.032777
1017 2.20848
1018 1.674846
1019 2.275485
1020 2.092755
1021 1.913467
1022 2.372476
1023 2.000238
1024 2.063271
1025 2.634869
1026 2.497279
1027 2.284508
1028 2.442613
1029 2.321126
1030 1.994358
1031 1.743284
1032 1.313714
1033 1.491388
1034 1.731964
1035 1.746268
1036 1.906893
1037 1.826696
1038 1.803956
1039 2.314783
1041 1.936411
1042 2.470186
1043 1.359034
1044 1.894362
1045 2.283568
1046 2.934601
1047 2.325629
1048 1.738358
1049 1.400652
1050 1.777046
1051 2.267684
1052 2.596789
1053 2.180123
1054 1.688232
1055 1.331753
1056 0.969152
1057 1.180771
1058 0.23114
1059 0.028062
1060 2.336476
1061 2.080444
1062 2.0579
1063 1.428413
1064 2.177964
1065 1.92502
1066 2.33134
1067 2.665568
1068 2.134355
1069 2.501651
1070 2.973465
1071 3.39379
1072 2.867948
1073 2.689534
1075 2.369015
1076 2.160792
1077 2.25017
1078 2.55562
1079 2.53423
1080 2.081822
1081 2.082505
1082 2.234885
1083 2.087009
1084 2.700468
1085 2.942584
1086 3.382857
1087 2.616571
1088 2.551944
1089 3.623385
1090 2.943873
1091 3.787381
1092 3.900605
1093 4.596428
1094 3.616349
1095 2.333283
1096 3.352713
1097 4.344967
1098 4.377766
1099 2.406324
1100 3.171888
1101 3.568791
1102 4.269251
1103 4.042192
1104 3.920048
1105 3.262593
1106 4.546583
1107 4.235636
1108 4.847888
1109 4.382306
1110 4.016975
1111 3.031817
1112 2.266088
1113 2.925624
1119 0.02109
1122 0.064716
1123 2.492739
1124 3.492188
1125 3.771599
1126 4.312168
1127 5.164947
1128 4.731865
1129 4.410565
1130 4.404172
1131 4.716691
1132 4.579268
1133 4.490455
1134 4.683892
1135 3.666916
1136 4.431889
1137 5.143081
1138 3.733016
1139 4.207889
1140 4.251447
1141 4.323321
1142 5.143081
1143 4.885227
1144 5.226306
1145 5.005491
1146 5.799065
1147 4.918026
1148 4.946286
1149 3.240858
1150 4.788439
1151 4.674076
1152 5.03375
1153 5.103888
1154 4.308211
1155 3.10953
1156 5.03375
1157 5.049231
1158 4.974677
1159 3.816367
1160 4.744373
1162 4.423034
1163 4.637563
1164 4.869754
1165 4.655632
1166 5.164947
1167 3.780195
1168 5.066549
1169 4.813954
1170 4.290302
1171 4.937649
1172 5.31801
1173 4.137231
1174 3.93405
1175 5.252412
1176 4.480191
1177 4.957219
1178 4.710298
1179 4.353903
1180 3.754581
1181 3.656135
1182 4.232854
1183 2.904991
1184 3.551521
1185 4.913487
1186 3.677606
1187 2.950572
1188 3.503121
1189 4.304895
1190 5.307077
1191 4.809188
1192 5.243306
1193 4.310749
1194 3.186062
1195 3.275758
1196 5.432846
1197 3.798865
1198 3.831113
1199 5.46014
1200 5.18042
1201 5.10664
