661 0.452723
662 0.077893
663 0.917396
664 0.340008
665 0.487604
666 0.552618
667 0.55098
668 0.403759
669 0.310028
670 0.292562
671 0.262511
672 0.270891
673 0.220985
674 0.222515
676 0.098299
682 0.012021
683 0.402503
684 1.330101
686 1.473451
687 1.453525
688 1.650073
689 2.80991
690 2.613222
691 2.866556
692 2.942002
693 2.923329
694 2.142484
695 2.629886
696 2.615033
697 2.201123
698 0.804992
699 2.728571
700 1.734857
701 1.973779
702 3.381698
703 2.733637
704 2.293804
705 2.747125
706 2.848254
707 2.406429
709 2.704504
710 3.028626
711 2.659374
712 2.01066
713 2.614753
714 3.281933
715 2.733877
716 2.938548
717 3.620028
718 2.777405
719 2.769705
720 3.831326
721 2.286751
722 2.999217
723 2.717411
724 3.169119
725 2.243325
726 2.828504
727 4.077506
728 2.246817
729 2.660683
730 3.446487
731 2.707132
732 1.618946
734 1.899864
735 3.085354
736 2.413716
737 2.764749
738 3.251413
739 2.616056
740 2.631784
741 2.425347
742 2.671129
743 2.307876
744 2.531683
745 2.116613
746 1.503786
747 1.650943
748 1.607161
749 1.422297
750 1.732729
751 1.508763
752 2.428575
753 2.234054
754 1.076024
755 1.408468
756 1.823847
757 2.210775
758 2.017129
759 1.596824
760 1.397798
761 0.690218
762 1.410366
763 2.759208
764 2.595988
765 2.644942
766 3.381211
767 2.921825
768 3.672639
769 0.11888
770 3.58157
771 4.541355
772 4.122757
773 3.256216
774 3.051829
776 2.785331
777 1.944623
778 1.886889
779 2.400016
780 2.618834
781 2.842226
782 1.754821
783 1.952303
784 1.993758
785 1.787469
786 1.691206
787 1.934456
788 1.984941
789 1.376817
790 1.420947
791 1.651072
792 2.074479
793 2.6287
794 2.758204
795 3.036228
796 3.260516
798 1.33274
799 0.615666
800 1.432687
801 2.357313
802 3.391744
803 3.242254
804 3.732449
805 3.612963
806 3.398314
807 2.893008
808 2.777614
809 3.149786
810 2.387555
811 2.37753
812 1.899616
813 1.796026
814 1.818555
815 1.702496
816 1.573763
817 2.472655
818 2.234845
819 3.066118
820 2.324435
821 2.6165
822 2.902466
823 2.866398
824 2.675464
825 2.051525
826 1.781054
828 1.506502
829 1.354455
830 1.624109
831 2.115652
832 2.387053
833 2.229171
834 2.288587
835 1.650629
836 1.66626
837 1.572689
838 1.645996
839 1.69356
840 1.750012
841 1.510392
842 1.494368
843 1.63415
844 1.498741
845 1.560333
846 1.427176
847 1.734305
848 1.621758
849 1.74678
850 1.848285
851 1.605164
852 1.483889
853 1.539572
854 1.421299
862 0.116911
863 1.63996
864 2.560831
865 2.536719
866 2.76634
867 1.77458
868 1.970756
869 1.969254
870 2.219413
871 1.382454
872 1.856766
873 1.670421
874 1.857933
875 2.502045
876 3.050337
877 3.185961
878 1.94601
879 2.71912
880 2.256583
881 2.92713
882 2.489772
883 2.582771
884 3.319245
885 3.558891
886 2.551611
887 3.521279
888 2.658108
889 2.510202
890 3.054778
891 3.22766
892 3.202622
894 2.3708
895 1.538661
896 1.150339
897 2.286238
898 2.442682
899 2.568714
900 2.428638
901 1.359707
902 1.91977
903 1.889387
904 3.306613
905 2.628614
906 2.195893
907 2.403532
908 2.200328
909 2.399333
910 1.999113
911 2.679287
912 2.387706
913 2.191409
914 2.735752
915 3.354558
916 2.882055
917 3.129736
919 2.444517
920 2.109411
921 1.617816
922 1.405155
923 2.098573
924 1.934061
925 3.175952
926 2.268172
927 2.588051
928 3.096705
929 2.627673
930 4.09105
931 3.419205
932 1.89421
933 2.189634
934 3.0839
935 3.091095
936 2.760609
937 2.840343
938 1.855854
939 2.722334
940 1.923614
941 2.81592
942 3.11288
943 2.413514
944 1.826821
945 1.848604
946 2.05158
947 2.099845
948 2.689031
949 2.271109
950 2.560829
951 3.525235
952 3.345255
953 3.116678
954 3.485059
955 2.761023
956 2.907313
957 2.09978
958 2.739996
959 2.434103
960 2.124127
962 2.076589
963 3.036132
964 2.728222
965 3.054545
966 2.02817
967 2.603429
968 2.087741
969 2.168071
970 2.252851
971 2.104471
972 1.784754
973 2.438074
974 2.101177
975 1.996095
976 1.976687
977 2.005842
978 1.774499
979 1.656673
980 1.438763
981 1.345907
982 1.68796
983 2.113431
984 1.800846
985 2.159199
986 2.39757
987 2.2253
988 1.998354
989 2.161546
990 2.006985
991 2.312571
992 1.421399
993 2.003678
994 1.52834
995 1.599429
996 1.654577
997 1.470992
998 1.604412
999 1.73937
1000 1.692947
1001 1.747446
1002 2.061613
1003 1.935057
1004 1.991945
1005 2.210259
1006 1.683628
1007 1.687412
1008 1.91674
1009 1.895659
1010 2.197308
1012 2.718683
1013 2.950257
1014 2.243564
1015 2.220715
1016 2.285011
1017 1.652921
1018 1.672759
1019 1.243124
1020 0.961126
1021 1.41003
1022 1.146157
1023 1.096665
1024 1.126106
1025 0.876414
1026 1.475964
1027 1.605106
1028 2.167129
1029 1.636659
1030 1.967952
1031 1.715901
1032 1.657853
1033 1.29405
1034 1.311113
1035 1.005842
1036 0.707162
1037 0.565132
1038 0.39047
1039 0.393134
1040 0.371883
1041 0.390083
1042 0.336738
1043 0.265934
1044 0.552618
1045 0.611576
1046 0.758495
1047 0.59596
1048 0.500329
1049 0.600847
1050 0.525741
1051 0.599815
1052 0.360791
1054 0.238096
1055 0.292852
1056 0.294363
1057 0.300718
1058 0.389697
1059 0.38288
1060 0.450635
1061 0.340338
1062 0.239736
1063 0.294646
1064 0.244381
1065 0.199938
1066 0.246776
1071 0.024651
1077 0.022936
1078 0.067795
1079 0.086514
1080 0.107505
1081 0.107294
1082 0.108356
1083 0.105231
1084 0.114651
1085 0.106535
1087 0.115754
1088 0.116878
1089 0.111467
1090 0.108356
1091 0.095627
1092 0.081824
1093 0.086685
1094 0.039483
1095 0.180629
1096 0.20188
1097 0.263077
1098 0.308431
1099 0.276256
1100 0.22313
1101 0.168369
1102 0.054178
1103 0.129221
1104 0.096659
1105 0.107294
1106 0.119192
1126 0.000567
1127 0.060856
1128 0.048318
1129 0.023451
1131 0.024141
1132 0.02565
1139 0.011075
1140 0.028674
1141 0.028851
1142 0.039191
1143 0.040533
1145 0.031038
1146 0.040533
1148 0.045037
1149 0.028134
1150 0.019666
1152 0.034656
1153 0.048945
1154 0.059478
1155 0.068707
1160 0.00232
1161 0.059104
1162 0.054232
1173 0.002858
1175 0.006374
1176 0.029766
1177 0.068584
1178 0.042876
1180 0.045632
1181 0.025197
1182 0.030806
1183 0.060744
1185 0.063947
1186 0.062006
1187 0.064376
1188 0.075106
1189 0.084023
1190 0.085584
1191 0.093538
1192 0.094435
1193 0.10954
1194 0.103148
1195 0.097977
1196 0.065468
1197 0.103148
1198 0.082909
1199 0.115421
1200 0.103538
1201 0.09647
1202 0.076531
1213 0.011776
1215 0.293816
1216 0.049386
1217 0.060744
1219 0.03648
1220 0.011761
1222 0.07426
1223 0.057651
1224 0.0497
1225 0.048
1226 0.048042
1228 0.046094
1230 0.029771
1231 0.03976
1232 0.0096
1236 0.009728
1237 0.439906
1239 0.076867
1240 0.059749
1241 0.14213
1242 0.141604
1243 0.096754
1244 0.067141
1245 0.139541
1246 0.067259
1248 0.076908
1249 0.08592
1250 0.107678
1251 0.119172
1252 0.082831
1253 0.042876
1254 0.045638
1255 0.024873
1257 0.023385
1259 0.021087
1260 0.008805
1262 0.048211
1263 0.023646
1264 0.053595
1265 0.085667
1266 0.058075
1267 0.115977
1269 0.151859
1270 0.056815
1271 0.113463
1272 0.107294
1273 0.095467
1275 0.098065
1276 0.01882
1277 0.075106
1278 0.107399
1280 0.030366
1287 0.018677
1288 0.334408
1289 0.040972
1290 0.109639
1291 0.168531
1292 0.203859
1293 0.188871
1294 0.139541
1295 0.157998
1296 0.14704
1297 0.084266
1298 0.128501
1299 0.210867
1300 0.082134
1301 0.207728
1302 0.199746
1303 0.158993
1305 0.194796
1306 0.244381
1307 0.159766
1308 0.25121
1309 0.128531
1310 0.214168
1317 0.009403
1318 0.988075
1319 0.111673
1323 0.040826
1324 0.029793
1326 0.065289
1333 0.002941
1334 0.084379
1336 0.103334
1337 0.014849
1338 0.052114
1340 0.031759
1341 0.089787
1342 0.065402
1343 0.086088
1344 0.096565
1345 0.101848
1347 0.065435
1348 0.026339
1357 0.014686
1358 0.629889
1360 0.061981
1361 0.020494
1362 0.061831
1363 0.068584
1365 0.009432
1367 0.0456
1368 0.0608
1369 0.06444
1370 0.059749
1371 0.035794
1372 0.049791
1377 0.010485
1379 0.02452
1407 0.001167
1408 0.007385
1409 0.041376
1411 0.053735
1412 0.089852
1413 0.058958
1414 0.103833
1415 0.039051
1417 0.058524
1418 0.082909
1423 0.026152
1424 0.208701
1425 0.034743
1426 0.0556
1427 0.050667
1428 0.03777
1430 0.037098
1438 0.003889
1439 0.117677
1440 0.053647
1442 0.079754
1444 0.084223
1445 0.041486
1447 0.073946
1448 0.089787
1449 0.050317
1450 0.08763
1451 0.104129
1452 0.054665
1453 0.04122
1454 0.029902
1456 0.024123
1457 0.00684
1459 0.005821
1460 0.017127
1461 0.010729
1463 0.005315
1467 0.002764
1469 0.022154
1470 0.042214
1471 0.034715
1473 0.010928
1474 0.030372
1475 0.042133
1477 0.123944
1478 0.071039
1479 0.069898
1482 0.008594
1483 0.142194
1484 0.052666
1485 0.084984
1486 0.075106
1487 0.082012
1488 0.092921
1489 0.086324
1491 0.10944
1492 0.092921
1493 0.118024
1494 0.049901
1495 0.073803
1496 0.059532
1497 0.0608
1500 0.050277
1501 0.108764
1502 0.0912
1503 0.081067
1504 0.058524
1505 0.08592
1507 0.044338
1508 0.055789
1509 0.032388
1510 0.050714
1512 0.073379
1513 0.106149
1514 0.106818
1515 0.141867
1516 0.054845
1517 0.115301
1518 0.09647
1519 0.07981
1520 0.055553
1521 0.009112
1522 0.065598
1524 0.049791
1525 0.010525
1527 0.024538
1528 0.03645
1529 0.028279
1530 0.039156
1531 0.037641
1535 0.002927
1537 0.226238
1538 0.053911
1539 0.09647
1540 0.052955
1541 0.0076
1543 0.0556
1544 0.042133
1545 0.060856
1546 0.044761
1547 0.072477
1548 0.084055
1549 0.089623
1550 0.075106
1551 0.081217
1552 0.07445
1562 0.005952
1563 0.050667
1564 0.06444
1565 0.038366
1566 0.02565
1572 0.024703
1584 0.002768
1585 0.341008
1586 1.466182
1587 1.39619
1589 0.33416
1590 0.438463
1591 0.473364
1592 0.960998
1593 1.48682
1595 1.243521
1596 1.676681
1597 1.863724
1598 1.829607
1599 2.011992
1600 1.152808
1601 1.289442
1602 1.234722
1603 1.41449
1604 1.867572
1605 1.306432
1606 1.633741
1607 1.51276
1608 2.423525
1609 2.385584
1611 1.772568
1612 2.211644
1613 2.243146
1614 2.340123
1615 2.126244
1616 2.06635
1617 0.828301
1618 0.923635
1619 0.491988
1620 1.246099
1621 1.041774
1622 1.10026
1623 2.427141
1624 2.159571
1625 1.652787
1626 1.686315
1627 1.85129
1628 1.8916
1629 1.980044
1630 2.082505
1631 1.666904
1632 1.851679
1633 1.928959
1634 2.024343
1635 0.472094
1636 0.856016
1637 1.788931
1638 2.010712
1639 2.452892
1640 2.473418
1641 2.159378
1642 2.254768
1643 2.508
1644 1.837496
1645 1.752047
1646 1.625347
1647 1.177231
1648 1.291926
1649 0.936501
1650 1.535676
1651 1.896295
1652 2.094548
1653 2.207741
1654 2.555851
1655 2.45994
1656 1.800856
1657 0.718871
1658 0.482824
1659 0.536997
1660 0.13068
1661 0.393868
1662 0.420923
1663 0.237913
1665 1.628523
1666 2.20848
1667 1.062176
1668 0.590118
1669 0.954918
1670 0.924404
1671 0.975208
1672 0.917461
1673 0.421734
1674 0.378872
1675 0.419269
1676 0.530947
1677 0.747659
1678 0.226967
1679 0.180105
1680 0.999849
1681 0.583256
1682 0.452016
1683 0.461817
1684 0.194849
1685 0.411343
1686 1.813271
1687 1.065785
1688 0.809047
1689 1.126106
1690 0.760389
1692 0.414384
1693 0.311458
1694 0.513854
1695 1.03788
1696 1.549497
1697 1.350692
1698 1.46953
1699 1.449892
1700 1.291549
1701 1.432565
1702 1.477898
1703 1.858621
1704 1.57466
1705 0.986334
1706 1.301566
1707 0.874851
1708 1.418065
1709 1.199241
1710 1.200691
1711 1.178704
1712 1.668689
1713 1.493443
1714 0.997905
1715 0.767909
1716 1.148578
1717 1.105473
1718 1.146091
1719 1.058278
1720 1.236488
1721 1.334105
1722 0.462962
1723 1.283754
1724 1.359094
1725 2.077283
1726 1.794981
1727 1.042286
1728 0.472094
1729 0.799177
1730 1.269027
1732 0.317436
1733 1.468333
1734 2.676404
1735 2.229842
1736 2.066273
1737 1.760224
1738 1.791429
1739 1.048182
1740 2.478908
1741 2.311247
1742 2.470527
1743 1.923125
1744 1.554363
1745 1.755374
1746 1.565727
1747 1.941978
1749 2.083775
1750 2.36217
1751 2.004911
1752 1.978448
1753 2.810821
1754 2.953143
1755 2.476814
1756 2.310012
1757 2.244939
1758 2.370429
1759 2.730253
1760 3.005594
1761 2.547623
1762 2.845616
1763 2.899077
1764 4.13443
1765 3.32374
1766 2.762629
1767 2.443698
1768 2.776575
1769 1.691721
1770 2.017307
1771 2.634869
1772 2.848161
1773 3.512655
1774 3.310836
1775 3.62026
1776 1.921746
1777 2.455048
1778 2.186954
1779 2.421618
1780 2.247524
1781 2.149867
1782 2.587533
1784 1.974272
1785 2.079576
1786 2.369743
1787 3.026141
1788 2.792935
1789 3.015294
1790 2.642022
1791 2.890997
1792 2.899119
1793 2.798967
1794 2.176959
1795 2.091279
1796 2.163298
1797 1.723292
1798 3.039393
1799 1.685082
1800 2.223508
1801 2.414905
1802 1.699528
1803 1.148047
1804 1.370721
1805 2.197546
1806 1.755893
1807 2.227343
1808 2.295944
1809 1.576063
1810 2.500558
1811 2.109192
1812 3.353102
1813 2.497358
1814 2.168983
1815 2.985686
1816 3.630506
1817 2.566707
1818 2.764092
1819 2.965978
1820 2.869883
1821 2.350282
1822 1.950416
1823 1.395189
1824 1.570799
1825 2.1456
1826 2.099149
1827 1.742319
1828 1.636182
1829 1.102331
1830 1.52
1831 2.058501
1832 2.867187
1833 2.406749
1834 2.903952
1835 2.146161
1836 1.275549
1837 2.199636
1838 1.484451
1839 2.303241
1840 2.976293
1841 2.643422
1842 2.254028
1843 1.73451
1844 2.470527
1845 1.349774
1846 1.571168
1847 1.57663
1849 2.124295
1850 1.893714
1851 2.842597
1852 2.854729
1853 2.598292
1854 2.517148
1855 2.256815
1856 2.855429
1857 2.35492
1858 1.54743
1859 1.666059
1860 1.680264
1861 2.121015
1862 1.892242
1863 2.104198
1864 2.015273
1865 2.964068
1866 2.222097
1867 2.35427
1868 2.498736
1870 0.078273
1871 5.98233
1872 2.842597
1873 1.918803
1874 1.938261
1875 2.07521
1876 2.103603
1877 1.855119
1878 2.361542
1879 2.412605
1880 2.529143
1881 1.782946
1882 2.164875
1883 1.907544
1884 2.87943
1885 1.812599
1886 2.525538
1887 2.033595
1888 3.542314
1889 2.744238
1890 2.634869
1891 1.792524
1892 2.391952
1893 2.383409
1894 1.870862
1896 0.054455
1897 5.952546
1898 1.902354
1899 1.891421
1900 1.628571
1901 1.614511
1902 2.126186
1903 3.427457
1904 2.402092
1905 1.954286
1906 2.346475
1907 3.42205
1908 2.239023
1909 2.383842
1910 1.235263
1911 1.26777
1914 0.165723
1915 5.485455
1916 1.257303
1917 1.007715
1918 0.893388
1919 0.84518
1920 1.179593
1921 0.639873
1922 0.867711
1923 0.902934
1924 1.363908
1925 1.260131
1926 1.008714
1927 1.072729
1928 1.153145
1929 0.786515
1930 1.26777
1931 1.377491
1932 2.882281
1933 2.398481
1934 2.841752
1935 2.199968
1936 1.507647
1937 1.038641
1938 1.950416
1940 0.358104
1941 5.996772
1942 2.288587
1943 1.642909
1944 2.435641
1945 2.03196
1946 1.51699
1947 1.148047
1948 0.588963
1949 0.932789
1951 0.081767
1952 3.696875
1953 0.78094
1954 0.343896
1955 1.077918
1956 2.45994
1957 1.979382
1958 1.578985
1959 1.538916
1960 2.838939
1961 2.027397
1962 2.245201
1963 1.307706
1964 1.117986
1965 2.263145
1966 1.759792
1967 1.948487
1968 1.602171
1969 1.809552
1970 1.525434
1971 2.078386
1972 1.863619
1973 2.377703
1974 2.461994
1975 2.054613
1976 2.037857
1976 1.621333
