929 3.013521
930 2.351649
931 1.486054
932 0.806722
933 1.276746
934 1.696721
935 2.441391
936 1.957267
937 2.916226
938 3.665649
939 2.683005
940 2.417547
941 2.084236
942 3.36674
943 1.862927
944 3.122677
945 1.680909
946 3.17479
947 3.629958
948 2.791065
949 3.447867
950 2.688855
951 3.884164
952 2.750242
954 3.205956
955 3.186489
956 3.973387
957 2.61966
958 3.436658
959 3.290192
960 3.332288
961 3.187374
962 1.767258
963 3.238764
964 2.567908
965 3.386463
966 2.671798
967 3.288527
968 2.618605
969 3.23746
970 3.279944
971 2.418805
972 3.267389
974 2.849033
975 3.58735
976 3.505015
977 2.801248
978 3.539485
979 2.467341
980 3.100987
981 2.626479
982 2.268627
983 2.501521
984 2.415552
985 1.901558
986 1.670796
987 3.065416
988 3.187333
989 2.709281
990 2.450174
991 2.905855
992 3.03837
993 3.042677
994 1.555873
995 1.929094
996 2.11638
997 2.108977
998 3.002569
999 2.675309
1000 3.291484
1001 2.501647
1002 2.90615
1003 2.919106
1004 1.646911
1005 1.781019
1006 3.129893
1007 3.669035
1008 3.186863
1009 3.595325
1011 3.165677
1012 3.228028
1013 3.706885
1014 2.393348
1015 2.795716
1016 3.111059
1017 3.381634
1018 2.288255
1019 3.128238
1020 2.758569
1021 2.724855
1022 3.20404
1023 2.713536
1024 3.92042
1025 2.304727
1026 3.227156
1027 2.936162
1028 2.784467
1029 1.940372
1030 1.545881
1031 2.733123
1032 1.846359
1034 2.74106
1035 3.547992
1036 3.536432
1037 3.857502
1038 3.333168
1039 2.635485
1040 3.204611
1041 2.39882
1042 3.446106
1043 2.909851
1044 3.034589
1045 3.432024
1046 2.84235
1047 2.719833
1048 2.733559
1049 3.034831
1050 3.30372
1051 3.55685
1052 3.31634
1053 2.713332
1054 2.045019
1055 2.065974
1056 2.776858
1057 1.595267
1058 1.894544
1059 2.340499
1060 2.058511
1061 2.291828
1062 1.879736
1063 2.639258
1064 1.94423
1065 2.437069
1066 2.670646
1067 2.097286
1069 2.591744
1070 2.141486
1071 2.444356
1072 2.376848
1073 2.831065
1074 1.948906
1075 2.038326
1076 2.656983
1077 2.205535
1078 2.752753
1079 2.817558
1080 3.976711
1081 4.06151
1082 3.022784
1083 4.256893
1084 3.529973
1085 3.1395
1086 3.157123
1087 3.104922
1088 3.392112
1089 3.133235
1091 1.619392
1092 4.582777
1093 3.32792
1094 3.514024
1095 3.760751
1096 2.957641
1097 4.076367
1098 3.01534
1099 4.117754
1100 3.175123
1101 3.374529
1102 3.021007
1103 3.08026
1104 3.180676
1105 3.099644
1106 3.852432
1107 3.067303
1108 3.381852
1109 3.077158
1111 3.554555
1112 4.108763
1113 3.240232
1114 4.354407
1115 3.653946
1116 2.123252
1117 2.953183
1118 2.999541
1119 3.066406
1120 3.350451
1121 3.007148
1122 3.259609
1123 2.9735
1124 3.524219
1125 4.215401
1126 3.464534
1127 3.377934
1128 3.64514
1130 2.691172
1131 3.187148
1132 3.886433
1133 3.749948
1134 2.863118
1135 3.07429
1136 2.644758
1137 1.935153
1138 1.883853
1139 1.861253
1140 2.805933
1141 2.827005
1142 2.908183
1143 4.02702
1144 4.177169
1146 3.426185
1147 3.139804
1148 3.01608
1149 2.974426
1150 3.004337
1151 2.727986
1152 2.758513
1153 1.31227
1154 2.052156
1155 2.095057
1156 2.004857
1157 1.589514
1158 2.5801
1159 2.68904
1160 2.890228
1161 1.941069
1162 2.499445
1163 2.544743
1164 2.585944
1165 2.227301
1166 2.234479
1167 2.796667
1168 2.708484
1169 1.969806
1170 3.166418
1171 3.151905
1172 2.447114
1173 3.294962
1174 1.781468
1175 3.375081
1176 1.761311
1177 2.388115
1178 2.542108
1179 2.866286
1180 2.747804
1181 3.037889
1182 3.990569
1183 3.328088
1184 3.21581
1185 3.429267
1186 3.490754
1187 3.430985
1188 1.9245
1189 2.628163
1190 2.243354
1191 2.215584
1192 3.188836
1193 3.018933
1194 2.774081
1195 3.293546
1196 4.215105
1198 3.492763
1199 3.584065
1200 4.654617
1201 4.222585
1202 3.924939
1203 3.680119
1204 0.238105
1205 6.190612
1206 2.18293
1207 2.261982
1208 2.420747
1209 2.305325
1210 2.449007
1211 1.627108
1212 1.204625
1213 2.06635
1214 2.93596
1215 2.243469
1216 3.933619
1217 4.18778
1219 3.544509
1220 4.150289
1221 4.089091
1222 3.021719
1227 0.023352
1229 1.780597
1230 2.700468
1231 2.577653
1232 3.42157
1233 3.134945
1234 3.259662
1235 3.187844
1236 3.31477
1237 1.328639
1238 2.640278
1239 2.86209
1240 3.010944
1241 3.037341
1242 3.202812
1243 3.180451
1244 3.118994
1245 2.938541
1246 3.190332
1247 3.008695
1248 3.209598
1249 3.187865
1250 2.916016
1251 2.900659
1252 2.90372
1253 2.520032
1254 2.463984
1255 2.385705
1256 2.452602
1257 2.645802
1258 1.943715
1259 2.232143
1260 1.664503
1261 1.531703
1262 1.946086
1263 1.441827
1264 1.63996
1265 1.419469
1266 0.888523
1267 0.586973
1268 0.793976
1273 0.019456
1274 4.385059
1275 1.935153
1276 2.169277
1277 1.696547
1278 1.717747
1279 2.230346
1280 2.059087
1281 1.397798
1282 0.797125
1283 1.462812
1284 1.097986
1285 0.7296
1286 1.01855
1287 0.628547
1288 0.856016
1289 0.885384
1290 0.520637
1291 0.423009
1292 0.965328
1293 1.554731
1294 2.122603
1296 2.100182
1297 1.853598
1298 1.818505
1299 1.63996
1300 1.303128
1301 0.721582
1302 0.599516
1303 0.508772
1304 0.325069
1305 0.429598
1306 0.931865
1307 0.727043
1308 0.997867
1309 1.033362
1310 0.801838
1311 0.433426
1312 0.418447
1313 0.428993
1314 0.568659
1315 0.437323
1316 0.489236
1317 0.585125
1318 0.439906
1319 0.301816
1320 0.401316
1321 0.525741
1322 0.21888
1323 0.220985
1324 0.292273
1325 0.255254
1326 0.257506
1327 0.357576
1329 0.324115
1330 0.595371
1331 0.931865
1332 0.858353
1333 0.670101
1334 0.665876
1335 0.633035
1336 0.563685
1337 0.379248
1338 0.244618
1339 0.200971
1340 0.281727
1341 0.357931
1342 0.360791
1343 0.28716
1344 0.414384
1345 0.335573
1346 0.411754
1347 0.402657
1348 0.361258
1349 0.256776
1350 0.440338
1351 0.67785
1352 0.827788
1354 0.081665
1355 1.387861
1356 0.343341
1357 0.382657
1358 0.759247
1359 0.736824
1360 0.704317
1361 0.28135
1362 0.347596
1363 0.299836
1364 0.293434
1365 0.407718
1366 0.278965
1367 0.276525
1376 0.009428
1377 0.107294
1378 0.105231
1379 0.10228
1380 0.096565
1381 0.105231
1383 0.110444
1384 0.108356
1385 0.097521
1386 0.083383
1387 0.070042
1388 0.040533
1402 0.004608
1403 0.444759
1404 0.5472
1405 0.390083
1406 0.314234
1407 0.446694
1408 0.329383
1410 0.087786
1420 0.006714
1421 0.203859
1422 0.343341
1423 0.2128
1424 0.216815
1425 0.289694
1426 0.196166
1427 0.127029
1432 0.031126
1435 0.21523
1436 0.081067
1437 0.147323
1438 0.077556
1451 0.001727
1452 0.606196
1453 0.544589
1454 0.321882
1455 0.222933
1456 0.138128
1457 0.11357
1459 0.118864
1460 0.196166
1461 0.276256
1462 0.216713
1463 0.270891
1464 0.28385
1465 0.184206
1466 0.008095
1467 0.244856
1468 0.314234
1469 0.407718
1470 0.585125
1471 0.429176
1472 0.325714
1474 0.08079
1475 0.389729
1476 0.229594
1477 0.234934
1478 0.210462
1479 0.925141
1481 0.170004
1482 0.358129
1483 0.346741
1484 0.552071
1485 0.332612
1486 0.203491
1487 0.255502
1488 0.3841
1489 0.515012
1490 0.31024
1491 0.38
1492 0.231508
1494 0.22974
1495 1.278257
1496 1.306084
1497 1.825822
1498 1.349842
1499 1.34362
1500 0.622306
1501 0.199938
1502 0.259798
1503 0.368308
1504 0.303699
1505 0.396988
1506 0.226518
1507 0.340008
1508 0.193129
1509 0.128627
1510 0.19144
1511 0.189415
1512 0.24922
1513 0.300424
1514 0.365158
1515 0.429176
1522 0.052536
1524 0.028303
1525 0.028303
1526 0.016582
1527 0.01824
1528 0.018549
1530 0.0192
1531 0.018549
1532 0.016837
1533 0.018549
1534 0.0192
1536 0.018869
1537 0.030428
1538 0.033164
1539 0.030944
1540 0.024854
1542 0.017956
1543 0.01824
1582 0.000281
1583 0.015568
1601 0.002787
1602 1.465031
1603 2.032392
1604 2.058772
1605 1.718974
1606 1.96905
1608 1.687459
1609 2.525538
1610 1.969718
1611 1.94317
1612 2.317553
1613 2.181506
1614 2.128785
1615 1.988934
1616 2.369208
1617 2.012204
1618 1.514006
1619 2.06635
1620 1.543802
1621 1.78209
1622 0.575282
1623 2.405275
1624 1.529151
1625 1.49267
1626 1.767912
1627 2.03355
1628 1.535453
1629 1.938487
1630 2.457035
1631 1.673119
1632 1.041253
1633 0.42639
1634 0.501354
1635 0.331356
1650 0.01299
1651 0.096565
1652 0.105231
1653 0.105231
1654 0.106252
1655 0.108356
1656 0.114651
1657 0.110444
1659 0.108454
1660 0.105231
1661 0.104229
1662 0.10944
1663 0.110444
1664 0.108356
1665 0.106252
1666 0.104229
1667 0.108356
1668 0.104229
1669 0.106252
1670 0.102376
1671 0.110343
1672 0.107294
1673 0.374921
1674 1.179917
1675 1.124292
1676 1.585143
1677 1.293506
1678 1.885402
1679 2.339676
1680 2.546244
1681 2.896847
1688 0.245132
1689 1.288814
1690 2.805849
1691 2.755777
1692 2.642026
1693 1.796276
1694 1.763237
1695 1.961251
1696 1.344697
1697 1.519747
1698 2.131948
1700 1.533301
1701 1.836755
1702 1.190254
1703 1.571168
1704 1.606633
1705 0.975208
1706 0.286882
1707 0.286882
1708 0.690641
1709 0.654494
1710 0.382835
1723 0.021079
1724 0.028303
1725 0.033164
1727 0.037415
1729 0.031165
1730 0.040421
1731 0.037738
1732 0.0342
1733 0.03648
1735 0.035303
1736 0.03648
1737 0.031269
1738 0.03077
1740 0.049745
1741 0.059695
1742 0.041455
1743 0.025255
1744 0.021046
1746 0.026477
1747 0.021046
1759 0.000894
1760 0.0608
1761 0.079665
1762 0.134092
1763 0.0912
1765 0.092817
1766 0.097627
1767 0.091048
1768 0.109331
1769 0.139414
1770 0.011899
1771 0.093184
1772 0.153063
1774 0.100866
1775 0.131855
1776 0.107084
1777 0.132197
1778 0.139756
1779 0.131066
1780 0.128879
1781 0.099401
1782 0.129692
1783 0.094021
1784 0.141867
1785 0.105434
1787 0.081794
1788 0.152
1789 0.092746
1790 0.100588
1800 0.013346
1801 0.341294
1802 0.040309
1803 0.021649
1804 0.098201
1805 0.12768
1806 0.137196
1807 0.15291
1808 0.185862
1809 0.119498
1811 0.064313
1812 0.139619
1813 0.0684
1814 0.017623
1815 0.056705
1816 0.075032
1817 0.051623
1819 0.058786
1828 0.001159
1840 0.002683
1841 0.698029
1842 1.738358
1843 1.910657
1844 2.224794
1845 2.105171
1846 2.363029
1847 1.799417
1848 1.806819
1849 1.990746
1850 2.251635
1851 2.102646
1853 2.147398
1854 2.104807
1855 1.676991
1856 1.388857
1857 1.847688
1858 2.037
1859 2.546376
1860 1.910074
1861 2.03912
1862 1.921167
1863 1.453415
1864 1.201694
1865 0.093356
1866 2.470696
1867 1.452647
1868 1.30177
1869 1.629027
1870 1.478438
1871 1.64865
1872 1.06595
1873 0.96115
1874 1.060973
1875 0.368047
1876 0.682646
1878 0.84518
1879 1.041902
1880 0.952573
1881 0.834345
1882 0.944502
1883 1.01855
1884 0.954482
1885 1.125776
1886 1.051482
1887 0.552071
1888 0.819966
1889 1.384094
1890 0.986044
1891 0.780166
1892 0.222662
1893 0.205877
1894 0.639303
1895 0.40412
1896 0.935293
1897 0.321882
1898 0.487604
1899 1.102789
1900 1.561879
1901 1.118833
1902 1.76796
1903 1.011279
1904 1.072729
1905 1.026683
1906 1.053962
1907 1.052514
1908 0.790012
1909 1.279169
1910 1.366722
1911 1.465031
1912 1.362482
1913 1.0944
1914 0.818646
1915 0.784829
1916 0.316032
1917 0.53572
1918 0.429598
1919 0.260055
1920 0.787181
1921 1.010672
1922 0.823509
1923 0.386259
1924 1.072729
1925 0.912086
1926 0.801838
1928 0.435635
1929 0.216713
1930 0.273863
1931 0.543579
1932 0.596551
1933 1.008565
1934 1.115859
1935 0.502419
1936 0.313582
1937 0.536567
1938 0.574289
1939 0.725988
1940 0.768185
1941 0.252554
1942 0.189598
1943 0.226926
1944 0.084185
1945 0.086265
1946 0.304997
1947 0.801838
1948 0.49844
1949 0.563685
1950 0.191069
1952 0.048857
1953 0.623528
1954 0.754382
1955 0.343341
1956 0.23344
1957 0.227549
1958 0.239498
1959 0.090634
1960 0.096565
1973 0.013403
1974 0.108571
1975 0.110749
1976 0.115421
1977 0.112508
1978 0.107294
1979 0.119192
1980 0.120484
1981 0.108356
1982 0.112614
1983 0.115754
1984 0.114542
1992 0.001377
1993 0.838339
1994 1.49218
1995 2.23622
1996 1.764586
1997 2.049011
1999 1.607488
2000 1.727248
2001 1.491556
2002 1.873554
2003 1.660878
2004 2.808881
2005 2.012699
2006 2.853538
2007 3.71363
2008 4.10396
2009 1.916276
2010 2.9079
2011 2.582188
2012 2.747062
2013 3.366082
2014 2.449007
2015 2.708242
2016 1.714826
2017 2.0677
2018 2.819914
2019 2.547405
2020 2.151492
2021 2.92273
2022 3.105283
2023 2.94965
2024 3.304778
2025 2.612341
2026 3.280543
2027 3.966729
2028 4.032921
2029 3.39574
2030 3.756878
2031 3.475038
2032 3.659066
2033 3.341538
2034 3.661729
2035 4.265131
2036 3.529348
2037 2.378749
2038 4.984408
2039 3.203903
2040 4.476044
2042 3.32464
2043 4.042541
2044 3.591896
2045 3.951273
2046 4.113894
2047 3.175387
2048 3.6322
2049 3.038644
2050 3.115147
2051 1.773583
2052 3.656838
2053 3.472112
2054 3.929982
2055 3.623918
2056 4.298798
2057 4.787561
2058 3.954693
2059 4.268311
2060 3.832814
2061 3.072551
2062 3.072936
2063 3.437924
2064 3.232249
2065 4.621243
2066 3.453546
2067 2.939224
2068 3.562661
2069 3.392655
2070 4.092875
2071 3.99154
2072 3.427996
2073 2.993468
2074 4.051365
2075 3.339077
2076 4.192755
2077 0.684
2078 0.063751
2079 0.064376
2080 0.278909
2081 2.739301
2082 4.085443
2084 3.169131
2085 3.001981
2086 2.588551
2087 1.400483
2088 2.189551
2089 2.645802
2090 1.9329
2091 2.7175
2092 3.716765
2093 3.090107
2094 2.580204
2095 2.205405
2096 3.023145
2097 1.607976
2098 2.547405
2099 1.801857
2100 2.88633
2101 2.277091
2102 2.983317
2103 1.534363
2104 2.142881
2105 1.404172
2106 2.306877
2107 2.20823
2108 2.264016
2109 2.158413
2110 2.682941
2111 3.84442
2112 3.640535
2113 2.691859
2114 3.891716
2115 4.356595
2116 4.668284
2117 4.070592
2119 3.113164
2120 2.727849
2121 2.969742
2122 3.348899
2123 2.116737
2124 3.288711
2125 3.848596
2126 4.235301
2127 3.223897
2128 3.0356
2129 4.193231
2130 4.576032
2131 4.292421
2132 4.525938
2133 3.905535
2134 4.249399
2135 3.891836
2136 3.60656
2137 4.410997
2138 4.291421
2139 3.936698
2140 3.359074
2141 4.058527
2142 3.583796
2143 4.381331
2144 3.484667
2145 4.620332
2146 3.506164
2147 4.223681
2148 3.142609
2149 3.858925
2150 3.288559
2151 4.539213
2152 4.279192
2153 3.74468
2154 4.564036
2155 4.24438
2156 3.535348
2157 4.613922
2158 3.181251
2159 3.907592
2160 3.592937
2162 3.787986
2163 4.427668
2164 4.134809
2165 3.140825
2166 4.109411
2167 3.498949
2168 3.68592
2169 4.019756
2170 4.523539
2171 3.721196
2172 3.561386
2173 4.532982
2174 4.580515
2175 1.779151
2176 3.510448
2177 4.071277
2178 4.77373
2179 4.525746
2180 3.622675
2181 4.450251
2182 3.896104
2183 3.561463
2184 3.215097
2185 3.12036
2186 3.815031
2187 3.793774
2188 3.368671
2189 4.653394
2190 4.31618
2191 3.982146
2192 3.107162
2193 2.670513
2194 3.417231
2195 3.006593
2196 2.512735
2197 4.05681
2198 3.206817
2199 3.687065
2200 3.701107
2201 3.582276
2202 0.21083
2203 6.146161
2204 2.112793
2205 2.875397
2206 2.880807
2207 3.776767
2208 3.174895
2209 3.597235
2211 3.663262
2212 3.645986
2213 2.840523
2214 2.69859
2215 2.437123
2216 3.644092
2217 4.285645
2218 3.656424
2219 4.068396
2220 2.609096
2221 2.130406
2222 2.245201
2223 2.768578
2224 2.331005
2225 3.751548
2226 3.414424
2227 3.147724
2228 2.183897
2229 2.337341
2230 1.364691
2231 1.804075
2232 1.935153
2233 2.848503
2234 2.106286
2237 0.049322
2238 6.123666
2239 3.084476
2240 2.821251
2241 3.771908
2242 1.646051
2243 1.855588
2244 1.975321
2245 2.627716
2246 2.895984
2247 1.786986
2248 1.978885
2249 1.667392
2250 2.088216
2252 0.116721
2253 0.929311
2254 1.160563
2255 1.049574
2256 0.958906
2257 1.448471
2258 1.256935
2259 1.290102
2260 1.605265
2261 0.982908
2262 1.778807
2263 1.760224
2267 0.14339
2268 6.297702
2269 2.733244
2270 2.728259
2271 1.757114
2272 1.191921
2273 1.395357
2274 2.267948
2275 2.812
2276 1.99859
2277 2.121966
2278 2.185702
2279 1.541413
2280 2.045473
2281 2.286463
2282 2.016298
2283 1.894788
2284 1.623768
2285 1.801063
2286 1.605728
2287 1.609966
2288 1.247334
2289 1.403548
2290 1.262458
2291 1.78209
2292 1.744976
2293 1.579862
2294 1.465714
2295 1.670282
2296 1.742564
2297 2.154517
2298 2.091272
2299 2.072288
2300 2.132309
2301 2.055343
2302 1.421299
2303 0.847108
2304 1.49783
2305 2.3165
2306 2.581439
2307 1.846359
2308 1.807763
2309 1.391461
2310 1.596201
2311 1.76796
2312 2.115045
2313 1.618214
2314 2.252212
2315 2.594857
2316 2.034669
2317 3.006593
2318 2.131822
2319 2.787932
2320 2.063041
2322 1.551317
2323 1.0197
2324 1.771157
2325 1.631794
2326 1.456372
2327 2.104198
2328 1.451473
2329 1.786113
2330 1.740618
2331 2.15089
2332 1.857646
2333 1.444544
2334 0.657937
2335 2.169554
2336 2.13839
2337 1.618094
2338 2.323429
2339 2.519041
2340 2.832272
