6412 1.526315
6413 1.585295
6414 1.307365
6415 1.332784
6416 1.12057
6417 1.300277
6418 1.365291
6419 1.244437
6420 1.546316
6421 1.338374
6422 1.309816
6423 1.248571
6424 1.001378
6425 1.191704
6426 1.018484
6427 1.126907
6428 1.190965
6429 0.958036
6430 0.975208
6431 0.801838
6432 0.866851
6433 0.708816
6434 0.718167
6435 0.585705
6436 0.482824
6437 0.476768
6438 0.414628
6440 0.301526
6441 0.292852
6442 0.379248
6443 0.357785
6444 0.349328
6445 0.443688
6446 0.396988
6447 0.339678
6448 0.483297
6449 0.415834
6450 0.596551
6451 0.439906
6452 0.477672
6453 0.457329
6454 0.368412
6455 0.390083
6456 0.318417
6457 0.499872
6458 0.450635
6459 0.39359
6460 0.305247
6461 0.621942
6462 0.322832
6463 0.467883
6464 0.485211
6465 0.542414
6479 0.017467
6480 0.655984
6481 1.115859
6482 0.981794
6483 1.301035
6484 1.185584
6485 1.277341
6486 1.14
6487 0.13055
6488 1.333301
6489 0.414384
6490 0.515012
6491 0.579453
6492 0.683322
6493 0.459596
6494 0.568659
6495 0.343341
6496 0.24922
6497 0.276256
6498 0.289694
6499 0.262394
6500 0.27116
6502 0.278965
6503 0.281727
6504 0.260055
6505 0.10202
6506 0.029552
6509 0.005917
6510 0.0757
6511 0.242497
6512 0.325069
6513 0.473538
6514 0.787181
6515 0.802632
6516 0.600459
6518 0.347262
6519 0.216713
6520 0.163649
6521 0.151699
6522 0.108356
6547 0.002115
6548 0.693481
6550 0.964372
6551 0.747988
6552 0.986756
6553 1.236779
6554 1.284377
6555 1.508763
6556 1.403687
6557 1.63996
6558 1.512151
6559 1.636182
6560 1.499818
6561 1.93958
6562 1.738202
6563 2.186613
6564 2.169287
6565 2.366082
6566 1.567908
6567 2.149956
6568 1.902354
6569 1.913467
6570 1.849914
6571 1.365291
6572 1.257303
6573 1.142893
6574 1.618094
6575 0.828829
6576 0.801838
6577 0.877687
6578 1.446031
6579 2.01543
6580 1.673188
6581 2.037101
6582 1.46957
6583 1.540186
6584 0.761788
6585 0.744784
6586 1.17025
6587 1.443165
6588 1.848389
6589 2.18022
6590 1.428412
6591 1.108875
6592 1.311113
6593 0.653853
6594 0.425423
6595 0.649496
6596 1.402297
6597 1.179917
6598 1.513651
6599 1.931294
6600 1.75383
6601 2.110259
6602 1.885402
6603 1.633566
6604 1.507647
6605 1.742897
6606 1.020571
6607 0.499386
6608 0.655984
6609 0.783077
6610 1.716492
6611 1.332784
6612 1.132527
6613 2.014961
6614 2.037101
6615 2.213019
6616 2.212662
6617 2.016224
6618 1.961558
6619 2.008571
6620 1.357692
6621 1.49783
6622 1.631469
6623 1.733703
6624 1.738202
6625 1.694625
6626 1.447704
6628 1.952349
6629 1.855557
6630 2.28955
6631 2.486286
6632 2.256751
6633 2.011084
6634 2.055417
6635 2.28955
6636 1.830324
6637 1.530629
6638 1.465031
6639 1.859235
6640 1.106331
6641 1.239976
6642 1.928745
6643 1.110673
6644 0.890541
6645 1.005842
6646 1.283708
6647 2.407897
6648 2.311417
6649 2.63756
6650 2.534222
6651 2.803405
6652 2.817267
6653 2.486346
6654 2.034794
6655 2.128285
6656 1.809552
6657 1.005842
6658 1.208452
6659 1.793023
6660 2.101589
6661 1.854753
6662 1.287393
6663 1.137743
6664 1.501304
6665 2.43852
6666 2.438074
6667 2.358168
6668 2.836204
6669 2.582164
6670 2.706649
6671 3.181522
6672 2.86614
6673 2.808437
6674 2.754169
6675 2.877062
6676 2.748689
6677 2.234385
6678 2.580204
6679 2.825271
6680 2.186794
6681 1.448471
6682 0.990543
6683 1.285654
6684 1.650893
6685 2.32235
6686 2.625005
6687 1.749038
6688 2.251276
6689 2.675124
6690 2.606601
6691 2.838222
6692 2.584743
6693 2.982755
6694 2.879936
6695 2.770605
6696 2.849079
6697 2.85145
6698 2.900488
6699 2.912735
6700 2.748739
6701 2.90421
6702 3.006593
6703 2.661867
6704 2.639409
6705 2.562877
6706 2.052
6707 1.326448
6708 2.055417
6709 1.815849
6710 1.877207
6711 2.169277
6712 1.558691
6713 2.028274
6714 2.28955
6715 2.46448
6716 2.479937
6717 2.470873
6718 2.021931
6719 2.030764
6720 2.576332
6721 2.541011
6722 2.512508
6723 2.940808
6724 1.879015
6725 2.012324
6726 1.988757
6727 1.967952
6728 2.097855
6729 1.552496
6731 1.221338
6732 0.130157
6733 0.736824
6734 1.213356
6735 1.789448
6736 2.027157
6737 1.628571
6738 1.478147
6739 1.670343
6740 1.6445
6741 1.814889
6742 1.819429
6743 1.92623
6744 1.719313
6745 1.661143
6746 1.023441
6747 1.614511
6748 1.227608
6749 1.803956
6750 1.448508
6751 0.851868
6752 1.704571
6753 1.567968
6754 1.78209
6755 1.002371
6756 0.996879
6757 1.235093
6758 1.250598
6759 1.24637
6760 1.546102
6761 1.834857
6762 0.902963
6763 1.203948
6764 1.322901
6765 1.02305
6766 1.020023
6767 1.334105
6768 1.271011
6769 1.126907
6770 1.399433
6771 0.896754
6772 0.92103
6773 1.071441
6774 1.175113
6775 0.944188
6776 1.061893
6777 0.907557
6778 1.465031
6779 1.29072
6780 0.818286
6781 0.867711
6782 0.968496
6783 0.867385
6784 0.7296
6785 0.411347
6786 0.672476
6788 0.100438
6789 1.757994
6790 0.690641
6791 0.590118
6806 0.007894
6807 0.191254
6809 0.1856
6810 0.396988
6811 0.11838
6812 0.227549
6813 0.343341
6814 0.292562
6815 0.325069
6816 0.390083
6817 0.456885
6818 0.172267
6820 0.197189
6821 0.332612
6822 0.0288
6823 0.418796
6824 0.190928
6825 0.978113
6826 0.718871
6827 0.435635
6828 0.493553
6829 0.323169
6830 0.508772
6831 0.595592
6832 0.393134
6833 0.371883
6834 0.335905
6835 0.457817
6836 0.776907
6837 1.256935
6838 1.256935
6839 1.010382
6840 1.679525
6841 1.674846
6842 1.527826
6843 1.153077
6844 1.256935
6845 1.354455
6846 1.239976
6847 1.583572
6849 1.44564
6850 1.462812
6851 1.666366
6852 1.681189
6853 1.467311
6854 1.480659
6855 1.051057
6856 0.643173
6857 0.841846
6858 1.172571
6859 0.118832
6860 2.07173
6861 1.359969
6862 1.155365
6863 1.007715
6864 1.016775
6865 0.969832
6866 1.235263
6867 1.722867
6868 1.646055
6869 1.874094
6870 2.212662
6871 1.987422
6872 2.080538
6873 2.275485
6874 1.708391
6875 1.932571
6876 1.933244
6877 2.300484
6878 2.652765
6879 2.377015
6880 2.238858
6881 1.931919
6882 2.03912
6883 1.577229
6884 2.078386
6885 1.954915
6886 1.69036
6887 0.752158
6888 0.974243
6889 0.709532
6890 0.940244
6891 1.651517
6892 1.726874
6893 2.03355
6894 1.617037
6895 1.353116
6896 1.28646
6897 1.755374
6898 1.419469
6899 1.119462
6900 1.202637
6901 0.691312
6902 0.788475
6904 0.746182
6905 0.618857
6906 0.761788
6907 0.83062
6908 0.68601
6909 0.440338
6910 0.456885
6911 0.278965
6912 0.150065
6913 0.114761
6914 0.21888
6915 0.260055
6916 0.303742
6917 0.407718
6918 0.270994
6919 0.198034
6920 0.184206
6921 0.297507
6922 0.418447
6923 0.414384
6924 0.444261
6925 0.325069
6926 0.229264
6927 0.286603
6928 0.28716
6929 0.250149
6934 0.050348
6935 0.322323
6936 0.335905
6939 0.045073
6940 0.916106
6941 0.159379
6943 0.20137
6944 0.276256
6945 0.203859
6946 0.187433
6947 0.267808
6948 0.354413
6949 0.531473
6950 0.43776
6951 0.533086
6952 0.626889
6953 0.300424
6954 0.238384
6955 0.210462
6956 0.233529
6957 0.268691
6958 0.126277
6959 0.852779
6960 1.12917
6961 1.67366
6962 1.830362
6963 1.778807
6964 1.46957
6965 2.180123
6966 1.705695
6967 1.597339
6968 0.866851
6969 0.660974
6970 0.563453
6971 0.689971
6972 0.394472
6973 0.378831
6974 0.212505
6975 0.335905
6976 0.171671
6977 0.641845
6978 0.566821
6979 0.885578
6980 1.165066
6981 1.41988
6982 1.253079
6983 1.321949
6984 1.354455
6985 1.088063
6986 1.289442
6987 0.894996
6989 1.008714
6990 1.224503
6991 1.152511
6992 1.377491
6993 1.63996
6994 1.830362
6995 1.774222
6996 2.177964
6997 1.742897
6998 1.49783
6999 1.666366
7000 2.293132
7001 1.633566
7002 1.736623
7003 1.569494
7004 2.11745
7005 2.274078
7006 1.826696
7007 1.876424
7008 1.768957
7009 1.874094
7010 1.778807
7011 1.922408
7012 1.847688
7013 1.600508
7014 0.470122
7015 1.987422
7016 1.91981
7017 1.920506
7018 2.17568
7019 1.950625
7020 2.091154
7021 2.000751
7022 1.185853
7023 0.772518
7024 0.210612
7025 0.438616
7026 0.577721
7027 0.435635
7028 0.32006
7029 0.1096
7030 0.314234
7031 0.557929
7032 0.529616
7033 0.337236
7034 0.300424
7035 1.18469
7036 1.51699
7037 0.611641
7038 0.622058
7039 0.400919
7040 0.383747
7041 0.276157
7042 0.601319
7043 1.672759
7045 1.828508
7046 2.081822
7047 2.591137
7048 2.219365
7049 1.677299
7050 1.979928
7051 2.197687
7052 2.011684
7053 0.781591
7054 1.010717
7055 0.680624
7056 0.76102
7057 1.49783
7058 0.878557
7059 1.163445
7060 2.341307
7061 1.65378
7062 1.845714
7063 1.775696
7064 2.03809
7065 1.870585
7066 1.6445
7067 2.121015
7068 2.477077
7069 2.606609
7070 2.390636
7071 2.478908
7072 2.060028
7073 2.393079
7074 2.464122
7075 2.621317
7076 2.067365
7077 1.852228
7078 1.704571
7079 0.830913
7080 0.691137
7081 1.694625
7082 1.285989
7083 1.657853
7084 1.844732
7085 1.974042
7086 1.163231
7087 1.506154
7088 1.023618
7089 1.082587
7090 1.279169
7091 0.798444
7092 0.780787
7093 1.628571
7094 1.50237
7095 1.51549
7096 0.891415
7097 0.890118
7098 0.70943
7099 0.42639
7100 1.083564
7101 1.337283
7102 1.530629
7103 1.263476
7104 1.299533
7105 0.898469
7107 0.878557
7108 0.905725
7109 0.898469
7110 0.574858
7111 1.207177
7112 1.52934
7113 1.721031
7114 1.908963
7115 1.272269
7116 1.596228
7117 1.246099
7118 1.731964
7119 1.682857
7120 1.535169
7121 1.061494
7122 0.623528
7123 0.600459
7124 1.061893
7126 0.195835
7127 0.608604
7128 0.566865
7129 0.872504
7130 0.983976
7131 0.83858
7132 0.787003
7133 0.986044
7134 1.311968
7135 1.600767
7136 1.66888
7137 1.605286
7138 2.173509
7139 2.000238
7140 2.301655
7141 1.952349
7142 1.575667
7143 1.0944
7144 0.574289
7145 0.583992
7146 1.030406
7147 0.611576
7148 0.856016
7149 0.762994
7151 0.956272
7152 1.105236
7153 1.227608
7154 1.419469
7155 0.769331
7156 0.747659
7157 0.535446
7158 0.541782
7159 0.675953
7160 0.841846
7161 1.165066
7162 1.341176
7163 0.888523
7164 0.849679
7165 1.040222
7166 0.888523
7167 1.088071
7168 1.42889
7169 1.557714
7170 1.843885
7171 0.912
7172 0.87135
7173 1.506154
7174 0.942701
7175 0.540925
7176 1.040753
7177 1.668689
7178 1.655433
7179 1.93195
7180 1.430305
7181 1.560333
7183 0.228598
7184 0.184206
7185 1.462812
7186 1.062945
7187 0.573137
7188 1.202756
7189 1.377566
7190 1.315588
7191 1.201694
7192 0.994909
7193 1.132551
7194 1.25818
7195 0.84518
7196 1.065047
7197 1.430305
7198 0.887721
7199 0.862892
7200 0.776248
7201 0.889403
7202 0.874395
7203 1.268236
7204 1.213592
7205 1.002371
7206 0.758495
7207 0.935021
7208 1.080355
7209 1.5433
7210 3.14233
7211 2.605053
7212 2.499171
7213 2.514605
7214 2.208411
7215 1.762354
7216 2.027157
7217 2.967401
7218 3.001079
7219 1.278606
7220 1.024063
7221 2.037101
7222 1.671533
7223 2.22688
7224 2.058772
7225 1.249067
7226 1.668689
7227 1.509159
7228 1.79357
7229 1.710098
7230 1.525072
7231 1.289442
7232 0.867385
7233 1.292
7235 1.138327
7236 1.278606
7237 1.254112
7238 0.817172
7239 0.987021
7240 1.061893
7241 1.633566
7242 1.75061
7243 1.467311
7244 1.519696
7245 1.182256
7246 0.990543
7247 1.137743
7248 1.544559
7249 1.596887
7250 1.589834
7251 1.724575
7252 2.705007
7253 3.399421
7254 3.28446
7255 3.437522
7256 3.207928
7257 3.254022
7258 2.530078
7259 1.984888
7260 2.256751
7261 3.098597
7262 1.786629
7263 2.866911
7264 2.951928
7265 2.520864
7266 2.355834
7267 3.196995
7268 3.590585
7269 2.617542
7270 3.340965
7271 3.25166
7272 2.585943
7273 2.372476
7274 3.269265
7275 3.10953
7276 2.753884
7277 2.63756
7278 2.519137
7279 2.565594
7280 2.440159
7281 2.409814
7282 1.928759
7283 2.442857
7284 2.486346
7285 2.027157
7286 2.476522
7287 3.041804
7288 2.420747
7289 1.980508
7290 2.134685
7291 2.864464
7292 2.333283
7293 2.271397
7294 2.477479
7295 2.503672
7296 1.961558
7297 2.541011
7298 2.518857
7299 2.234885
7300 2.162934
7301 2.344998
7302 2.99566
7303 2.334162
7304 1.994358
7305 2.312571
7306 2.485861
7307 2.191153
7308 2.453546
7309 2.925079
7310 2.820731
7311 2.423247
7312 2.956468
7313 3.645251
7314 3.927833
7315 2.80815
7316 2.92218
7317 2.672208
7318 3.25166
7319 3.055365
7320 2.551944
7321 2.897616
7322 2.722442
7323 2.595676
7324 2.143589
7325 2.672462
7326 2.536596
7327 2.31781
7328 2.586535
7329 2.169384
7330 2.613003
7331 2.258313
7332 2.65924
7333 2.152087
7334 2.755133
7335 2.312491
7336 2.256751
7337 2.672208
7338 2.591078
7339 2.803656
7340 2.868851
7341 1.631806
7342 3.667117
7343 3.404723
7344 3.873494
7345 3.579652
7346 3.287699
7347 3.164196
7348 2.847137
7349 2.938852
7350 3.514054
7351 4.410565
7352 3.704456
7353 3.569192
7354 2.814023
7355 3.244356
7356 3.623385
7357 4.082573
7358 4.301235
7359 4.344967
7360 4.152711
7361 4.273226
7362 3.098597
7363 3.951377
7365 3.795818
7366 4.187057
7367 4.465231
7368 4.048279
7369 4.334034
7370 1.863105
7371 2.427184
7372 2.836204
7373 2.520864
7374 3.61246
7375 2.206319
7376 2.186613
7377 1.761617
7378 2.442613
7379 3.507885
7380 4.235636
7381 4.115373
7382 3.868797
7383 4.180971
7384 3.667117
7385 4.159105
7386 4.191904
7387 3.798607
7388 4.220487
7389 4.640508
7390 4.021514
7391 4.530829
7392 3.809247
7393 3.995109
7395 2.390715
7396 4.421499
7397 3.442807
7398 2.875945
7399 2.29082
7400 4.672959
7401 4.522962
7402 3.681007
7403 4.257502
7404 3.503121
7405 3.605502
7406 3.765514
7407 2.89538
7408 2.377015
7409 2.488325
7410 2.940995
7411 3.437522
7412 3.09248
7413 3.083898
7414 2.429059
7415 2.306877
7416 2.276343
7417 2.547607
7418 2.555494
7419 2.830906
7420 2.497279
7421 4.027908
7422 3.846585
7423 4.907068
7424 4.435296
7425 4.607361
7426 4.552695
7427 3.811234
7428 4.745812
7429 4.653791
7430 4.552695
7431 4.21377
7433 4.094465
7434 4.836827
7435 2.278769
7436 2.960588
7437 3.732715
7438 3.514054
7439 3.590585
7440 3.040894
7441 3.322142
7442 2.553403
7443 3.0002
7444 3.204186
7445 2.899656
7446 4.236342
7447 2.770605
7448 2.533503
7449 2.932867
7450 3.146297
7451 3.034074
7452 2.919129
7453 1.826696
7454 2.71594
7455 2.519145
7456 2.799365
7457 3.236188
7458 2.923668
7459 2.794794
7460 2.756918
7461 2.642794
7462 2.71323
7463 2.621079
7464 3.050326
7466 3.149748
7467 3.973243
7468 3.382857
7469 3.348508
7470 3.798314
7471 3.087664
7472 3.275758
7473 2.726873
7474 2.781538
7475 2.864464
7476 2.797569
7477 2.923668
7478 2.90181
7479 3.459389
7480 3.819154
7481 3.292104
7482 3.131365
7483 3.186062
7484 3.10953
7485 3.995109
7486 2.938852
7487 3.449139
7488 3.666947
7489 3.612452
