164 0.0608
165 0.108954
166 2.280254
167 1.832047
168 1.78209
169 1.673188
170 2.03809
171 2.236571
172 2.258313
173 2.453546
174 2.569271
175 2.219365
176 2.158354
177 2.318828
178 2.05447
179 2.052436
180 2.285011
181 2.021931
182 2.213019
183 2.397051
184 2.084943
185 2.171628
186 2.269149
187 2.656735
188 2.369015
189 2.737806
190 2.737792
191 2.494625
192 2.54211
193 2.114621
194 2.021931
195 2.110082
196 1.696539
197 1.902354
198 2.119524
199 1.571168
200 1.130311
201 1.974042
202 2.245818
203 2.344229
204 2.642422
205 2.817267
206 2.529204
207 2.562877
208 2.434093
209 2.083491
210 2.842597
211 2.260551
212 2.267684
213 2.376148
214 2.667668
215 2.488325
216 2.508212
217 2.141708
218 2.318828
219 1.79238
220 1.722867
221 1.586503
222 1.885402
223 1.564832
224 1.803956
225 2.081822
226 2.338794
227 1.388337
228 0.977582
229 0.996879
230 1.419469
231 1.088063
232 1.388337
233 0.736824
234 0.937914
235 0.812673
236 1.019294
237 1.411735
238 0.904819
239 1.284355
240 1.631461
241 2.514605
242 2.410012
244 2.455786
245 1.571168
246 1.239762
247 1.506154
248 1.6117
249 1.735421
250 1.086987
251 2.177964
252 2.519145
253 2.588508
254 2.375153
255 2.481362
256 1.45578
257 1.793023
258 2.245818
259 2.401554
260 2.01409
261 1.694625
262 1.841295
263 2.388571
264 1.677307
265 2.061274
266 2.125891
267 1.814051
268 1.896238
269 1.819429
270 2.006581
271 1.781545
272 1.922408
273 2.156293
274 1.911572
275 2.171628
276 2.31781
277 2.011084
278 1.945298
279 2.069608
280 1.651517
281 1.636182
282 1.423968
283 1.321949
284 1.484483
285 1.250598
286 1.246099
287 1.019278
288 0.89117
289 0.791002
290 0.986044
291 0.860515
292 1.169506
293 1.451976
294 1.499818
295 1.668689
296 1.488982
297 0.987106
298 0.967157
299 0.644396
300 0.595014
301 0.770093
302 0.841846
303 0.69798
304 0.596551
305 0.450194
306 0.314234
307 0.24922
308 0.617632
309 0.672476
310 0.304878
311 0.468717
312 0.825962
313 0.813479
314 0.852078
315 1.071441
316 1.126907
318 0.936
319 1.366633
320 1.69036
321 1.54469
322 1.24637
323 0.622306
324 0.742057
325 1.104047
326 0.945115
327 0.762994
328 0.986044
329 1.169838
330 0.906614
331 0.769331
332 0.866851
333 0.830913
334 0.863655
335 1.63996
336 1.976586
337 2.145457
338 1.891774
339 1.844134
340 1.8005
341 1.485114
342 0.986044
343 1.051057
344 0.804706
345 0.988515
346 0.878557
347 0.680016
348 0.530947
349 0.708816
350 1.018296
351 1.030406
352 0.715152
353 0.622131
354 0.361258
355 0.233755
356 0.239726
357 0.196166
365 0.017677
366 1.68752
367 0.244381
368 0.281727
369 0.303398
370 0.244381
371 0.246776
372 0.303398
373 0.318757
374 0.4104
375 0.303398
376 0.276256
377 0.19165
378 0.314234
379 0.357576
380 0.33902
381 0.351032
382 0.307469
383 0.229521
384 0.248973
390 0.008375
400 0.101424
401 0.841343
402 1.244866
403 1.18469
404 1.431722
405 1.473648
406 1.546102
407 1.917909
408 1.414533
409 1.126106
410 0.830701
411 0.778244
412 0.721816
413 0.28716
414 0.321882
415 0.579453
416 0.622131
417 1.020294
418 1.277341
419 1.251845
420 0.987106
421 0.863712
422 1.131406
423 1.507647
424 1.188873
425 1.197606
426 0.888523
427 0.718871
428 0.444261
429 0.368412
431 0.078016
432 0.097811
435 0.004351
436 0.582242
439 0.036338
441 1.798897
442 1.386962
443 1.737007
444 2.121015
445 1.664
446 2.078386
447 2.011084
448 1.807482
449 1.824
450 1.378857
451 0.936364
452 0.931865
453 0.715152
454 0.600847
455 0.611295
456 0.747659
457 0.704317
458 0.812673
459 0.676309
460 0.721582
461 0.537193
462 0.332612
463 0.400919
464 0.715152
465 0.427089
466 0.456885
469 0.051623
470 0.5472
471 0.675291
472 0.687356
473 0.573167
474 0.710649
475 0.420923
476 0.308431
478 0.275988
479 0.263077
480 0.206686
481 0.218661
495 0.002955
496 0.904753
497 1.558789
498 1.181394
499 1.009373
500 1.476571
502 1.42256
503 0.791786
504 1.049574
505 0.553166
506 0.476768
507 0.860515
508 0.907445
509 1.236488
510 1.345455
511 1.084638
512 1.165066
513 0.896511
514 1.484483
515 1.37926
516 1.368
517 1.480496
518 2.037101
519 1.673188
520 1.213592
521 1.37875
522 0.975208
523 0.780166
525 0.06884
526 2.844119
527 1.640749
528 1.913287
529 1.566383
530 1.935153
531 1.685693
532 2.000751
533 1.27353
534 1.181085
535 1.710098
536 1.016775
537 1.096571
538 1.229043
539 1.538661
540 0.997389
541 1.824
542 1.749038
543 1.852895
544 1.846558
545 2.177964
546 2.046978
547 1.40521
548 1.907073
549 1.391438
550 1.235437
551 1.670343
552 1.868253
553 1.678243
554 2.045911
555 1.794157
556 1.694625
557 1.696539
558 2.488554
559 2.465098
560 2.551952
561 2.541011
562 2.588508
563 2.787932
564 2.617542
565 2.563081
566 1.749038
568 1.76621
569 1.688973
570 2.047937
571 1.742897
572 2.759672
573 2.627429
574 2.398881
575 2.271397
576 2.486346
577 2.759672
578 3.083429
579 2.869003
580 2.945534
581 2.859937
582 2.85807
583 2.68356
584 2.486346
585 2.588326
586 2.039581
587 2.158354
588 2.508
589 1.608166
590 1.551033
591 1.666366
592 2.225806
593 2.121015
594 2.303937
595 2.901396
596 2.951794
597 2.942595
598 2.912125
599 2.889463
600 3.236188
601 2.792024
602 2.650342
603 2.571305
604 2.247477
605 2.875945
606 2.86061
607 2.355149
608 2.889641
609 2.836204
610 2.814338
611 2.938852
612 2.653633
613 1.787881
614 1.546102
615 2.472975
616 2.191161
617 1.694444
618 2.633061
619 2.737806
620 2.718794
621 2.792472
622 2.705253
623 2.617043
624 1.947937
625 2.85807
626 2.825271
627 2.737792
628 2.855679
629 2.736
630 2.661275
631 2.158354
632 2.599365
633 2.849079
634 2.883449
635 2.497279
636 2.372806
637 1.993343
638 2.11295
639 2.081822
640 2.302807
641 2.513869
642 2.505052
643 2.83702
644 2.857102
645 2.890869
646 2.531711
647 3.03398
653 0.023766
655 0.029644
656 1.574362
657 1.90262
658 1.755374
659 1.749038
660 2.131948
661 2.17378
662 1.808496
663 2.197546
664 2.068558
665 2.024261
666 1.805003
667 1.624596
668 1.629027
669 1.837542
670 1.34362
671 1.631461
672 1.92422
673 1.578901
674 1.42046
675 1.463569
676 1.393039
677 1.235093
678 1.067449
679 1.202637
681 0.172482
682 0.415457
697 0.007119
698 0.715152
699 0.79172
700 1.01956
701 0.628467
702 0.620298
703 0.558913
704 0.922729
705 1.190027
706 0.92103
707 0.968204
708 0.629714
709 0.791002
710 0.461365
711 0.278762
712 0.154774
713 0.526154
714 0.461817
715 0.421059
716 0.890101
717 0.849804
718 0.877687
719 0.879812
720 0.921826
721 0.659596
723 0.977522
724 0.725988
725 0.563453
726 0.42259
727 0.341802
728 0.568659
729 0.761217
730 0.649445
731 0.317069
732 0.226196
733 0.374776
734 0.220518
737 0.00353
738 0.798114
739 1.009554
740 0.866754
741 1.034149
742 0.81998
743 0.805496
744 1.040753
745 0.922917
747 1.495319
748 1.349455
749 1.618094
750 1.447704
751 1.365312
752 1.232528
753 1.250909
754 1.682012
755 1.457211
756 1.831224
757 1.272775
758 1.616111
759 1.436771
760 1.626957
761 1.928759
762 2.339676
763 2.034794
764 1.961558
765 2.438074
766 2.002222
767 1.764763
768 1.984888
769 1.628233
770 1.803956
771 1.445029
772 1.733703
773 1.46957
774 1.605265
775 1.216878
776 1.473648
777 1.517071
778 1.683692
779 1.464764
780 1.760224
781 1.312412
782 1.337283
783 1.527826
784 1.19642
785 1.585295
786 1.295223
787 1.727425
788 1.295223
789 1.365291
790 0.965647
791 0.835141
792 1.907073
793 1.36979
794 1.495319
795 1.596228
796 1.414533
797 1.365291
798 1.358954
799 2.069608
800 1.874094
801 1.652112
802 2.01543
803 1.622633
804 1.943429
805 1.131043
806 1.376127
807 1.519696
808 1.294641
809 1.661143
810 1.606584
811 1.182343
812 0.988515
814 2.095429
815 1.731964
816 1.836755
817 2.152087
818 2.095778
819 2.296094
820 1.436226
821 2.050623
822 2.060813
823 1.688232
824 1.93958
825 1.6117
826 2.378656
827 1.805115
828 2.182463
829 2.492739
830 2.063271
831 1.924313
832 2.350609
833 1.841295
834 1.839365
835 2.037101
836 1.75383
837 1.668689
838 1.089142
839 1.126588
840 0.975208
841 0.13068
842 1.928389
843 1.105236
844 0.987141
845 1.180235
846 0.839394
847 1.083564
848 0.762994
849 0.765017
850 0.650139
851 0.403368
852 0.170169
853 0.258113
854 0.259285
855 0.12406
856 0.321882
857 0.254986
858 0.355115
859 0.412571
860 0.502419
861 0.396069
862 0.37859
863 0.346957
864 0.390714
865 0.365845
867 0.353368
868 0.263077
873 0.03303
874 0.39047
875 0.268235
876 0.270891
877 0.157594
878 0.465933
879 0.23363
880 0.259798
881 0.396211
882 0.120967
883 0.665876
885 0.70362
886 1.272775
887 2.147584
888 1.879065
889 2.121015
890 1.512151
891 0.834345
892 0.896511
893 1.219298
894 1.746268
895 1.23732
896 0.883611
897 0.3648
898 0.336738
899 0.3648
900 0.187255
901 0.102472
902 0.116347
903 0.108055
904 0.223554
905 0.04657
906 0.4104
907 0.145781
909 0.0456
910 0.367318
911 0.250677
912 0.386259
913 0.213002
914 0.172863
915 0.227549
916 0.187433
917 0.149372
918 0.416253
919 0.74692
920 0.637515
921 0.347596
922 0.410677
923 0.479269
924 0.495513
925 0.884146
926 1.339415
927 1.863185
928 1.952349
929 1.444818
930 0.804226
931 0.84518
932 0.669678
933 0.772518
934 0.791002
935 0.686682
936 0.815757
937 1.150857
938 1.560333
939 1.326448
940 1.555765
941 0.865056
942 1.289442
943 0.836894
944 1.228927
945 1.865827
946 1.993343
947 1.820388
948 0.87135
949 1.419469
950 1.637984
951 1.395113
952 1.814889
953 1.165043
954 1.722867
955 1.749061
956 1.724575
957 1.731964
958 1.566494
959 1.153077
960 1.496335
961 1.318222
962 1.843885
963 1.382082
965 1.338781
966 1.23784
967 1.733703
968 1.299533
969 1.108771
970 1.963195
971 1.557035
972 1.647018
973 1.848389
974 1.731167
975 2.285011
976 1.870081
977 2.03912
978 1.54316
979 1.731988
980 1.674846
981 1.40724
982 1.608174
983 1.880171
984 1.829412
985 1.566383
986 1.637804
987 1.354455
988 0.660523
989 0.986044
990 0.360072
991 0.848541
992 0.873537
993 0.954918
994 1.051057
995 0.769331
996 0.557117
997 0.983976
998 1.650789
999 1.622134
1000 0.902038
1001 0.541989
1002 0.232048
1003 0.628467
1004 1.332784
1005 1.040753
1006 1.001378
1007 1.202637
1008 1.371148
1009 1.365291
1010 1.607161
1011 1.837542
1012 1.54316
1013 1.661826
1014 1.674846
1015 1.722867
1016 1.367125
1017 1.928745
1018 1.535169
1019 1.73987
1020 1.234225
1021 1.907073
1022 1.575667
1024 1.712032
1025 1.584934
1026 1.626957
1027 1.176218
1028 1.825822
1029 1.911572
1030 2.131948
1031 1.826696
1032 1.59284
1033 0.450491
1034 0.39359
1035 0.423009
1036 0.360908
1037 0.568659
1038 0.869082
1039 0.498934
1040 0.165396
1041 0.833519
1042 0.812673
1043 0.780166
1044 0.705015
1045 0.372542
1046 0.542414
1047 0.368308
1048 0.590386
1049 1.247334
1050 0.636243
1051 0.650783
1052 0.835171
1053 0.689971
1054 0.705678
1055 0.705015
1056 0.79022
1057 0.899358
1058 1.12057
1059 1.149717
1060 1.310659
1061 1.197768
1062 0.130157
1063 1.310659
1064 1.349307
1065 1.164485
1066 1.320263
1067 0.849679
1068 1.105236
1069 0.715152
1070 0.583968
1071 0.509237
1072 0.479908
1073 0.313613
1074 0.477714
1075 0.445827
1076 0.437323
1077 0.770857
1078 0.63749
1079 1.320641
1080 1.321013
1081 0.776973
1082 1.17025
1084 1.319457
1085 1.917909
1086 1.185586
1087 1.57279
1088 1.623324
1089 0.730495
1090 0.869082
1091 0.681419
1092 0.336738
1093 0.520111
1094 0.422902
1095 1.007715
1096 1.300277
1097 0.851244
1098 0.627499
1099 0.379248
1100 0.812673
1101 0.841846
1102 1.044721
1103 2.147584
1104 1.532325
1105 1.930744
1106 2.031843
1107 1.781545
1108 1.961251
1109 1.961558
1110 2.206319
1111 2.186613
1112 1.815849
1113 2.182762
1114 2.151665
1115 1.611365
1116 2.102115
1117 1.578901
1118 1.757114
1119 1.391461
1120 1.3885
1121 1.360301
1122 2.047937
1123 1.699165
1124 2.128511
1125 2.350609
1126 1.65841
1127 1.972087
1128 1.564832
1129 1.798717
1130 1.578901
1131 2.041143
1132 1.699093
1134 1.532385
1135 2.102115
1136 1.841295
1137 2.353665
1138 2.420747
1139 2.079745
1140 1.738868
1141 3.032999
1142 2.650342
1143 2.080286
1144 1.911377
1145 2.016224
1146 3.240727
1147 2.952652
1148 2.396487
1149 3.065871
1150 2.533762
1151 2.002222
1152 1.824815
1153 2.733267
1154 1.794157
1155 2.147421
1156 3.026141
1157 3.135343
1158 2.842597
1159 2.979365
1160 2.628476
1161 2.945534
1162 1.8285
1163 1.585295
1164 1.497311
1165 1.736623
1166 1.389714
1167 2.18022
1168 3.568719
1169 3.001079
1170 1.629846
1171 2.20848
1172 2.021931
1173 1.833907
1174 2.613003
1175 3.207928
1176 3.938701
1177 4.017501
1178 3.489651
1179 2.268361
1180 3.06243
1181 3.710289
1182 3.652535
1183 4.268436
1184 4.082573
1185 4.108979
1186 3.82295
1187 3.461069
1188 3.022383
1189 2.683141
1190 2.834032
1191 3.06243
1192 3.044207
1193 3.568719
1194 3.507885
1195 3.612452
1196 3.645251
1197 2.911334
1198 2.640174
1199 2.791909
1201 2.915943
1202 4.21377
1203 4.108508
1204 4.049774
1205 3.461069
1206 3.201014
1207 3.095505
1208 2.851917
1209 2.726873
1210 2.789685
1211 2.178203
1212 2.571974
1213 2.820731
1214 2.566794
1215 3.623385
1216 3.838974
1217 4.609648
1218 3.459389
