2272 2.928597
2273 3.011133
2274 2.829064
2275 2.847137
2276 3.13779
2277 2.898906
2278 2.822107
2279 2.737806
2280 2.562877
2281 2.805651
2282 2.71594
2283 2.953007
2284 3.069526
2285 2.890869
2286 2.987259
2287 2.770605
2288 3.022066
2289 2.884512
2290 2.628476
2291 2.814338
2292 3.000903
2293 3.003593
2294 3.033651
2295 2.919287
2296 2.46419
2297 1.848389
2298 2.077283
2299 1.852228
2300 2.553403
2301 2.754883
2302 3.077323
2303 2.912735
2304 2.835409
2305 2.613302
2306 2.721664
2307 2.539085
2308 2.638797
2309 2.603132
2310 1.413141
2311 1.473648
2312 1.250598
2313 1.922299
2314 1.187937
2315 1.289442
2316 1.027708
2317 0.969832
2318 1.672759
2319 2.092755
2320 2.594857
2321 2.128285
2322 1.688232
2323 2.451282
2324 2.279984
2325 2.300484
2326 2.225806
2327 2.049966
2328 1.710431
2329 1.869554
2330 1.422132
2331 2.31781
2332 2.284508
2333 2.070889
2334 2.27774
2335 1.96575
2336 1.640681
2337 2.503034
2338 2.08288
2339 2.05447
2340 2.273234
2341 1.946006
2343 1.78405
2344 2.285011
2345 1.959529
2346 2.284579
2347 2.392659
2348 2.278617
2349 2.347322
2350 2.199636
2351 2.158354
2352 2.447365
2353 2.453354
2354 2.708695
2355 2.382222
2356 2.171796
2357 2.261177
2358 2.470873
2359 2.210701
2360 2.009093
2361 2.61139
2362 2.355149
2363 2.382222
2364 2.256751
2365 2.568048
2366 2.562877
2367 2.377015
2368 2.414794
2369 2.5536
2370 2.158354
2371 1.967699
2372 1.527826
2373 1.073792
2374 1.066392
2375 1.268236
2376 1.251837
2377 1.441141
2378 1.386962
2379 1.358947
2380 1.771157
2381 1.564832
2382 1.755374
2383 1.577229
2384 2.055417
2385 1.815849
2386 1.467077
2387 1.550946
2388 1.302857
2389 0.605302
2390 0.390083
2391 0.469791
2392 0.773158
2394 0.054477
2396 1.930306
2397 1.430305
2398 1.19542
2399 0.877687
2400 0.92103
2401 1.051057
2402 0.966649
2403 1.095474
2404 0.715152
2405 0.772518
2406 0.903857
2407 1.441141
2408 1.480503
2409 1.485954
2410 1.194626
2411 1.552496
2412 1.49783
2413 1.327762
2414 1.668689
2415 1.506573
2416 1.69036
2417 1.557035
2418 1.974042
2419 1.524236
2420 1.385452
2421 0.893022
2422 1.560333
2423 1.382106
2424 1.572725
2425 1.377491
2426 1.327441
2427 1.486488
2428 1.245665
2429 1.354455
2430 1.333834
2431 1.383365
2432 1.614511
2433 1.293349
2434 1.692036
2435 1.371148
2436 1.560333
2437 1.010382
2438 0.776397
2439 0.400919
2440 0.335905
2441 0.257506
2442 0.255701
2443 0.246776
2444 0.20188
2445 0.154868
2446 0.160941
2483 0.004232
2484 0.261961
2485 0.682646
2486 0.997835
2487 0.747659
2488 0.643765
2489 0.414769
2490 0.541887
2491 0.487604
2492 0.379248
2493 0.281727
2494 0.244381
2495 0.229594
2496 0.27116
2497 0.346741
2498 0.369255
2499 0.44626
2500 0.431446
2501 0.455097
2502 0.467511
2503 0.354071
2504 0.368412
2505 0.323679
2506 0.296356
2507 0.329383
2508 0.2736
2509 0.184206
2510 0.220985
2511 0.242264
2512 0.28426
2513 0.336738
2514 0.2736
2515 0.271253
2516 0.286882
2517 0.219043
2518 0.214588
2519 0.162535
2521 0.17702
2522 0.146059
2523 0.10228
2524 0.125074
2525 0.10228
2526 0.07296
2527 0.105231
2528 0.166766
2529 0.140863
2531 0.055064
2532 0.054268
2533 0.052615
2534 0.10742
2535 0.110327
2536 0.147323
2537 0.119389
2539 0.020389
2557 0.004872
2558 0.127751
2559 0.085835
2560 0.056607
2561 0.05705
2563 0.056656
2564 0.056123
2565 0.057099
2566 0.059695
2567 0.056123
2568 0.053647
2569 0.042501
2571 0.065445
2572 0.286882
2573 0.215264
2574 0.482824
2575 0.694168
2576 0.867711
2577 0.926446
2578 1.01855
2579 0.877687
2580 0.692795
2581 0.622747
2582 0.569217
2583 0.67181
2584 0.860039
2585 0.902071
2586 0.890541
2587 0.654494
2588 0.710649
2589 0.846018
2590 1.163231
2591 1.061893
2592 1.261434
2593 1.484483
2594 0.866851
2595 0.846386
2596 1.485954
2597 1.235437
2598 0.980678
2599 1.545035
2600 0.722517
2601 0.81989
2602 0.600847
2603 0.393516
2604 0.329383
2605 0.278762
2606 0.135497
2608 0.071374
2609 0.153564
2610 0.166766
2627 0.00446
2628 0.801053
2629 2.700468
2630 2.606609
2631 2.202086
2632 1.886911
2633 2.299433
2634 2.314791
2635 1.52934
2636 1.436771
2637 1.876424
2638 0.911984
2639 0.997867
2640 1.495319
2641 1.227711
2642 1.902354
2643 1.947937
2644 2.191153
2645 2.464059
2646 2.711596
2647 2.57381
2648 2.17378
2649 2.29309
2650 2.514605
2651 2.453354
2652 1.948679
2653 2.153988
2654 1.830362
2655 2.282244
2656 2.741418
2657 1.704008
2658 1.924289
2659 2.547405
2660 2.173804
2661 2.519145
2662 2.335677
2663 2.328743
2664 2.325629
2666 2.512674
2667 0.447709
2668 3.041483
2669 2.197313
2670 2.634869
2671 2.594218
2672 2.110794
2673 2.617542
2674 2.917677
2675 2.85807
2676 2.726873
2677 2.718794
2678 2.71594
2679 2.32235
2680 2.290857
2681 2.180305
2682 2.694074
2683 2.388571
2684 1.688232
2685 1.988472
2686 2.750892
2687 2.927138
2688 2.447365
2689 2.223952
2690 2.751365
2691 2.770605
2692 2.156453
2693 1.567905
2694 2.603569
2695 1.813078
2696 2.233541
2697 2.291488
2698 2.917863
2699 3.148723
2700 2.488325
2701 2.425651
2702 1.950625
2703 2.121015
2704 1.643937
2705 2.266894
2706 2.0579
2707 2.617542
2708 2.54158
2709 2.789259
2710 2.897263
2711 2.510018
2712 2.737806
2713 2.653651
2714 2.149389
2715 2.667668
2716 2.595676
2717 2.482399
2718 2.377015
2719 2.372476
2720 1.676508
2721 1.563429
2722 1.121681
2724 0.308005
2725 0.863712
2726 1.323259
2727 0.968871
2732 0.118877
2733 0.036663
2734 0.03648
2735 0.03645
2736 0.03651
2738 0.03648
2739 0.035911
2740 0.035303
2741 0.03648
2742 0.034743
2744 0.035882
2745 0.03648
2746 0.03648
2747 0.032188
2748 0.026911
2750 0.035853
2751 0.03651
2752 0.034743
2753 0.03648
2754 0.0342
2756 0.032669
2757 0.02565
2758 0.02565
2760 0.02565
2761 0.024873
2762 0.02565
2764 0.024816
2765 0.02571
2766 0.02565
2767 0.025255
2769 0.026078
2770 0.02563
2771 0.0228
2773 0.02452
2774 0.026036
2775 0.02567
2777 0.02565
2778 0.02565
2779 0.02565
2780 0.024873
2782 0.026477
2783 0.02565
2784 0.024854
2786 0.024873
2787 0.021319
2788 0.025275
2790 0.026477
2791 0.02565
2792 0.02565
2794 0.014849
2795 0.037098
2797 0.031179
2798 0.043172
2800 0.03648
2801 0.033674
2802 0.037098
2803 0.033164
2805 0.035303
2806 0.035882
2807 0.0288
2808 0.037738
2809 0.03648
2811 0.035882
2812 0.03648
2813 0.03648
2814 0.047172
2815 0.059695
2816 0.556475
2817 1.9091
2818 0.79131
2819 1.760224
2820 1.240991
2821 1.202756
2822 1.322901
2823 0.948139
2824 1.202756
2826 0.354492
2827 0.165348
2828 0.073662
2829 0.150212
2830 0.592557
2831 1.711363
2832 1.382106
2833 1.583572
2834 1.386962
2835 1.186759
2836 1.203948
2837 1.131406
2838 1.443165
2839 1.299533
2840 1.054114
2841 1.431722
2842 1.36979
2843 1.607161
2844 1.449892
2845 1.420737
2846 1.636182
2847 1.403972
2848 1.377491
2849 1.055556
2850 1.63996
2851 1.600508
2852 1.749291
2853 1.228927
2854 1.614511
2855 1.418025
2856 2.000751
2857 1.633566
2858 2.204
2859 2.081822
2860 1.904508
2861 2.067561
2862 1.456475
2867 0.187754
2872 0.002018
2873 1.467834
2874 1.255571
2875 2.06635
2876 1.59893
2877 0.6797
2878 2.672716
2879 2.123433
2880 2.214857
2881 1.819429
2883 2.276999
2884 2.470186
2885 1.961558
2886 2.29309
2887 2.449007
2888 1.948389
2889 1.961558
2890 1.847688
2891 1.491937
2892 1.308988
2893 1.009398
2894 0.882186
2895 1.116071
2896 0.856864
2897 0.863712
2898 0.589041
2899 0.924542
2900 0.997867
2901 0.655984
2902 0.477017
2903 0.636896
2904 0.629714
2905 0.439475
2906 0.520111
2909 0.120424
2910 0.106723
2911 0.26161
2912 0.243365
2913 0.378498
2914 0.332286
2915 0.430442
2916 0.321882
2917 0.273054
2918 0.192563
2919 0.196599
2920 0.259285
2921 0.208457
2922 0.270891
2923 0.219029
2924 0.143193
2926 0.092927
2927 0.611576
2928 0.442395
2929 0.509275
2930 0.411347
2931 0.200131
2932 0.311153
2933 0.361258
2934 0.183215
2935 0.701266
2936 0.611576
2937 0.139119
2938 0.314234
2939 0.156343
2940 0.13068
2941 2.486299
2942 1.703856
2943 1.324952
2944 1.684518
2945 1.283105
2947 1.561911
2948 1.75383
2949 1.268558
2950 0.67181
2951 0.405418
2952 0.404523
2953 0.571544
2954 0.402913
2955 0.478664
2956 0.43395
2957 0.42259
2958 0.328474
2959 0.5472
2960 0.412163
2961 0.465472
2962 0.852779
2963 0.874447
2964 1.255691
2965 0.965328
2966 1.014899
2967 0.799944
2968 1.244866
2969 1.040222
2970 0.616636
2971 0.357441
2972 0.220985
2973 0.332938
2974 0.225318
2975 0.409726
2976 0.947391
2977 1.119712
2978 2.197546
2979 2.143811
2980 2.355149
2981 2.125891
2982 1.479611
2983 1.311113
2984 1.239976
2985 1.737143
2986 1.759873
2987 1.485954
2988 0.801838
2989 0.578788
2990 0.370445
2991 0.826783
2992 1.524236
2993 2.373006
2994 1.946478
2995 2.475026
2996 2.78752
2997 1.775696
2998 1.593971
2999 1.749291
3000 1.78331
3001 1.876424
3002 1.077561
3003 0.7296
3004 0.488287
3010 0.02421
3011 2.303621
3012 0.761788
3013 0.707117
3014 0.729776
3015 0.806882
3016 1.008714
3017 2.249705
3018 2.539885
3019 2.684582
3020 2.333283
3021 2.023937
3022 2.241279
3023 2.049023
3024 1.700921
3025 1.779373
3026 2.213019
3027 1.368
3028 1.478147
3029 2.831664
3030 1.65841
3031 1.527826
3032 1.564832
3034 1.381386
3035 0.632529
3036 0.815435
3037 0.90025
3038 1.285115
3039 0.967837
3040 0.382657
3041 0.848455
3042 1.578901
3043 2.134622
3044 1.79238
3045 1.896238
3046 1.61901
3047 1.73189
3048 1.789653
3049 1.768957
3050 2.026265
3051 1.852228
3052 2.136737
3053 1.961558
3054 1.967699
3055 1.621731
3056 1.174749
3057 1.747545
3058 1.520578
3059 1.658512
3060 0.890541
3061 0.565581
3062 1.01855
3063 0.988075
3064 0.858353
3065 1.033885
3066 1.630871
3067 1.375179
3068 1.011722
3069 0.877687
3070 0.716403
3071 1.430305
3072 0.829574
3073 0.841846
3074 1.761617
3075 1.808496
3076 1.256573
3077 0.931865
3079 0.814874
3080 1.099791
3081 0.90571
3082 1.06111
3083 0.982758
3084 1.462812
3085 1.173587
3086 1.507647
3087 1.321949
3088 0.654638
3089 0.994909
3090 1.281143
3091 1.158814
3092 1.426531
3093 1.575667
3094 1.647018
3095 1.229043
3096 1.605265
3097 1.759873
3098 1.69036
3099 1.597339
3100 1.127694
3101 1.01576
3102 1.306069
3103 1.69036
3104 1.456475
3105 1.582004
3106 0.585125
3107 0.482824
3108 0.632966
3109 0.877687
3110 0.84518
3111 1.141773
3112 2.037101
3113 1.685693
3114 1.856766
3115 1.546222
3116 1.212424
3117 1.235263
3118 0.687145
3119 1.614511
3120 1.041253
3121 1.065047
3122 1.333834
3123 1.057651
3124 1.421299
3125 1.423783
3126 0.969832
3127 1.128024
3128 1.266071
3129 1.627065
3130 2.574456
3131 2.327306
3132 2.305709
3133 1.729078
3134 1.476571
3135 1.490458
3136 1.793023
3137 1.230145
3138 1.76796
3139 1.983425
3140 1.814889
3141 2.230222
3142 1.593665
3143 1.475108
3144 0.983976
3145 1.218073
3146 1.930656
3147 1.917826
3148 1.921714
3149 1.07598
3150 1.605265
3151 1.54316
3152 1.995734
3153 2.278617
3154 2.529204
3155 2.29309
3156 1.937662
3157 1.924313
3158 2.438404
3159 1.867689
3160 1.437651
3162 0.930024
3163 1.411429
3164 1.731964
3165 2.225131
3166 2.416349
3167 2.258313
3168 2.520864
3169 2.595676
3170 3.050326
3171 2.241079
3172 2.461753
3173 1.894473
3174 2.689534
3175 3.229794
3176 2.818324
3177 1.924313
3178 2.328857
3179 2.244648
3180 3.207928
3181 3.809247
3182 3.446198
3183 3.366458
3184 3.951377
3185 4.148172
3186 4.465239
3187 3.501983
3188 3.232958
3189 3.10953
3190 3.239814
3191 3.459389
3192 2.856965
3193 2.986144
3194 3.131501
3195 2.729651
3196 2.559177
3197 2.847137
3198 2.923668
3199 2.848929
3200 2.175742
3201 2.645802
3202 3.153263
3203 3.568719
3204 3.350058
3205 2.038839
3206 0.899358
3207 0.813586
3208 1.366644
3209 1.722867
3210 1.981445
3211 2.295365
3212 2.519145
3213 2.766066
3214 2.545079
3215 2.705007
3216 2.726873
3217 2.245818
3218 3.083429
3219 2.792024
3220 1.92502
3221 1.21357
3222 1.589834
3223 2.71594
3225 2.800262
3226 2.06364
3227 2.217166
3228 2.172123
3229 2.17568
3230 1.481079
3231 2.676929
3232 3.17799
3233 2.442519
3234 2.628476
3235 2.751365
3236 3.120464
3237 2.519145
3238 2.649143
3239 2.312491
3240 1.764763
3241 2.136737
3242 1.998257
3243 2.147421
3244 3.39379
3245 3.218222
3246 2.638874
3247 2.908196
3248 2.562853
3249 2.93596
3250 3.175129
3251 2.846256
3252 2.967401
3253 3.14233
3254 2.81433
3255 2.797569
3256 2.297156
3257 2.106614
3258 2.11745
3259 2.514605
3260 2.975361
3261 2.930895
3262 2.617542
3263 3.721782
3264 2.097855
3265 1.702882
3266 1.478147
3267 2.022617
3268 1.012214
3269 1.679525
3270 1.095485
3271 1.130645
3272 2.497279
3273 2.887421
3274 1.900455
3275 2.090059
3276 2.383409
3277 1.426331
3278 1.900794
3279 3.317259
3280 3.1192
3281 3.356036
3282 3.230322
3283 2.942881
3284 2.831664
3285 2.497279
3286 2.420747
3287 3.995109
3288 3.848533
3289 3.218861
3290 2.63675
3291 2.145517
3292 2.026265
3293 2.213019
3294 2.475413
3295 3.255192
3296 2.499171
3297 2.662652
3299 3.034074
3300 3.06243
3301 3.295393
3302 2.863445
3303 2.897616
3304 2.486346
3305 2.789259
3306 2.694074
3307 2.269143
3308 2.518368
3309 2.978326
3310 3.572963
3311 3.787381
3312 3.313948
3313 3.412561
3314 3.153802
3315 3.295393
3316 3.05868
3317 2.537527
3318 2.162934
3319 2.103688
3320 2.353665
3321 1.922408
3322 2.084943
3323 2.569271
3324 2.390708
3325 1.983425
3326 2.453714
3327 1.491437
3328 1.787881
3329 1.786629
3330 2.097855
3331 2.459691
3332 2.136336
3333 1.591222
3334 2.274078
3335 1.795768
3336 2.24966
3337 1.358954
3338 1.833039
3339 1.414905
3340 1.986596
3341 2.242447
3342 2.05447
3343 1.923986
3344 2.763089
3345 1.93516
3346 2.084943
3347 2.798865
3348 2.379861
3349 2.321029
3350 2.517605
3351 2.560366
3352 2.727881
3353 1.956852
3354 1.830362
3355 2.405275
3356 1.557079
3357 2.554661
3358 2.134042
3359 2.092755
3361 1.809013
3362 2.645802
3363 2.314783
3364 2.068822
3365 2.711401
3366 1.841192
3367 1.764763
3368 1.41003
3369 1.480702
3370 1.572725
3371 1.255691
3372 1.228813
3373 1.760224
3374 1.349455
3375 2.002611
3376 1.555536
3377 1.51699
3378 1.023749
3379 1.427012
3380 1.841295
3381 2.274078
3382 2.110794
3383 1.657853
3384 1.640681
3385 1.67686
3386 1.908963
3387 1.557035
3388 1.865578
3389 1.835723
3390 1.759243
3391 1.60369
3392 2.295944
3393 2.011084
3394 1.89596
3395 2.321126
3396 2.202086
3397 2.287265
3398 2.399717
3399 1.655162
3400 1.806794
3401 1.847688
3402 1.742897
3403 2.722334
3404 2.230222
3405 1.956852
3406 2.508212
3407 2.180123
3408 2.049023
3409 2.377015
3410 2.538054
3411 1.944079
3412 1.93516
3413 2.142881
3414 1.96575
3415 2.106056
3416 2.755133
3417 1.403972
3418 1.962509
3419 2.405275
3420 2.260551
3422 1.795018
3423 2.252212
3424 2.213019
3425 1.897909
3426 2.318828
3427 2.119548
3428 2.136488
3429 2.451282
3430 2.409814
3431 2.184626
3432 2.470873
3433 2.134355
3434 2.05855
