204 2.738342
205 2.409261
206 1.619495
207 1.49242
208 1.75138
209 2.011463
210 2.492074
211 2.829469
212 2.766985
214 2.899377
215 2.254024
216 2.937353
217 2.570924
218 2.774366
219 2.844283
220 2.135081
221 3.407761
222 2.977799
223 3.676891
224 3.108252
225 3.932316
226 3.063309
227 3.205988
228 3.247944
230 3.517435
231 3.403193
232 4.13445
233 3.232349
234 3.616554
235 3.382266
236 3.030683
237 3.336883
238 3.741682
239 3.251796
240 3.205619
241 3.681779
242 3.773954
243 2.979972
244 3.388723
245 3.205426
246 2.518553
247 2.961816
248 2.812808
249 2.093727
250 2.301403
251 2.838945
252 2.663503
253 3.770821
254 3.068839
255 3.279329
256 2.660389
257 2.222881
258 2.497199
259 3.413099
260 3.02789
261 3.018612
262 2.318499
264 3.599984
265 3.436268
266 1.631873
267 2.622362
268 2.595578
269 3.195506
270 3.539021
271 3.03814
272 2.635657
273 2.764042
274 3.41401
275 2.756396
276 3.585175
277 3.100535
278 3.724408
279 3.980627
280 3.013471
281 3.414162
282 3.398188
283 4.086834
284 2.830737
285 2.981672
286 4.149163
287 3.303409
288 4.059604
289 3.094684
290 3.349408
292 2.555606
293 3.779509
294 3.526274
295 2.821937
296 3.607616
297 2.406529
298 2.230268
299 2.283548
300 2.940995
306 0.020752
308 0.305327
309 2.4272
310 3.984687
311 4.513487
312 3.32
313 4.002118
314 2.628024
315 3.324058
316 3.782945
317 3.54086
318 3.398937
319 2.617241
320 3.003663
321 2.405139
322 2.791201
323 3.109302
324 3.568838
325 2.922873
326 3.375596
327 3.843804
328 4.798857
329 4.036883
330 3.225079
331 4.041373
332 4.082282
333 3.00625
335 2.822899
336 4.245594
337 4.58802
338 2.918829
339 3.155572
340 2.724694
341 2.704919
342 2.421913
343 2.274086
344 2.442685
345 3.14854
346 3.482733
347 3.527575
348 4.29361
349 2.960345
350 3.809055
351 2.841502
352 3.662077
353 2.163121
354 3.923213
355 3.890142
356 4.237682
357 3.736533
358 2.591291
359 2.678601
360 2.88198
361 3.359417
362 3.74418
363 3.891452
364 3.835785
365 3.930046
366 3.670732
367 3.558777
368 3.011224
369 2.343124
370 3.052935
371 2.666334
372 2.410307
373 3.54922
374 3.757283
375 3.957187
376 4.108751
377 3.790498
378 4.10448
379 3.865191
380 3.691535
381 3.498118
382 3.276971
383 3.132091
384 2.903241
385 2.997456
387 2.521094
388 3.520448
393 0.007006
395 0.006122
396 2.773925
397 2.213939
398 2.639921
399 2.692865
400 2.430747
401 2.425958
402 2.44285
403 2.507964
404 2.794046
405 3.12735
406 3.007421
407 2.788036
408 2.853403
409 2.46834
410 1.992861
411 2.200361
412 2.677766
413 2.612091
414 2.470859
415 2.337854
416 2.037101
417 1.256935
418 1.203509
419 1.923033
420 1.479507
421 1.126867
422 1.644693
423 2.164747
424 2.572302
425 2.273725
426 2.095429
427 1.21357
429 0.803193
430 1.399433
431 2.299433
432 0.907568
433 1.28732
434 1.787881
435 1.963876
436 2.155417
437 2.18517
438 2.897974
439 3.203045
440 2.576
441 3.07238
442 3.419156
443 2.696223
444 3.243756
445 3.23021
446 2.769638
447 2.774068
448 2.919129
449 2.171275
450 2.407897
452 1.648356
453 1.550946
454 1.670918
455 0.998857
456 1.24637
457 1.665166
458 1.481481
459 1.902354
460 1.837756
461 2.121015
462 1.221542
463 1.321949
464 1.174897
465 1.519696
466 1.438801
467 2.114868
469 0.926415
470 5.772123
471 2.973794
472 2.424417
473 3.017966
474 3.468132
475 3.123016
476 3.074629
477 2.091348
478 2.831664
479 2.518248
480 3.397261
481 2.947077
482 2.33202
483 3.234977
484 3.221123
485 2.137724
486 4.045235
487 2.928628
488 3.80091
489 3.739109
490 2.318927
493 0.701602
494 6.954059
495 3.378318
496 3.039327
497 3.893851
498 3.083804
499 3.531381
500 3.061625
501 3.387842
502 4.088967
503 3.466334
505 0.946604
506 6.093479
507 1.946086
508 1.116071
509 0.391246
510 0.428756
511 0.618857
512 0.801838
513 0.899358
514 1.083564
515 1.099197
516 1.643211
517 1.778807
518 0.678274
519 0.910194
522 0.059416
523 1.798821
524 0.403759
525 0.368412
526 0.303398
527 0.336738
528 0.314234
529 0.314234
530 0.22171
537 0.036379
538 0.04206
540 0.034227
541 0.031269
542 0.034173
544 0.034227
545 0.034173
546 0.0304
548 0.03648
549 0.031569
550 0.0342
551 0.030176
552 0.052114
554 0.049003
555 0.02563
556 0.023137
557 0.048857
559 0.053823
560 0.186697
561 0.193129
562 0.255254
563 0.268235
564 0.270994
565 0.324748
578 0.010342
579 0.007286
580 0.04095
581 0.059264
582 0.118725
584 0.065626
585 0.116089
586 0.065758
587 0.105637
588 0.069376
589 0.105415
590 0.073946
591 0.104928
593 0.099672
594 0.061731
595 0.073662
596 0.056205
597 0.105535
599 0.115985
600 0.141998
601 0.091062
602 0.111389
603 0.115301
605 0.043639
606 0.057651
607 0.070999
609 0.057348
610 0.089623
611 0.107294
612 0.126156
613 0.096945
614 0.069486
615 0.058839
616 0.070778
618 0.055459
619 0.03713
620 0.041455
621 0.009754
632 0.004169
633 0.006415
634 0.139473
635 0.222267
637 0.182231
638 0.1824
639 0.160941
640 0.154722
641 0.15815
642 0.157392
643 0.155307
644 0.150212
645 0.154722
646 0.15815
647 0.154576
648 0.163996
652 0.031883
653 0.65751
654 0.12286
655 0.151399
656 0.098774
657 0.160784
658 0.115532
659 0.107774
680 0.006788
682 0.715459
683 0.056509
700 0.009721
701 0.129257
702 0.101146
703 0.134855
704 0.109222
705 0.082148
706 0.067082
707 0.050714
708 0.058524
712 0.008008
715 0.050258
716 0.180097
717 0.147607
718 0.144543
719 0.150212
720 0.15815
721 0.144135
722 0.15815
723 0.150212
724 0.153063
725 0.120264
