9450 1.865187
9451 2.730038
9452 1.613415
9453 1.265023
9454 1.588883
9455 1.452634
9456 1.062561
9457 1.655611
9458 1.808931
9459 2.122334
9460 2.332044
9461 2.798434
9462 2.365414
9463 2.442574
9464 1.764714
9465 2.914278
9466 2.489862
9467 2.116437
9468 1.816344
9469 1.844345
9470 1.705558
9471 1.687145
9472 1.829566
9473 1.539688
9474 1.224428
9475 0.933914
9476 1.17025
9478 0.865891
9479 1.290102
9480 0.999762
9481 1.636182
9482 1.524269
9483 1.216491
9484 1.552496
9485 1.854242
9486 1.892385
9487 1.906757
9488 2.02909
9489 1.485311
9490 2.199636
9491 2.004084
9492 1.506154
9493 1.039768
9494 1.572725
9495 1.190226
9496 1.158776
9497 0.714988
9498 1.301035
9499 1.603996
9500 1.660803
9501 1.862432
9502 1.344951
9503 1.49259
9504 2.02739
9505 2.014887
9506 2.766066
9507 2.630202
9508 3.345966
9509 2.612421
9510 2.553695
9511 2.539949
9512 1.940911
9513 2.405275
9514 1.187802
9515 1.650893
9516 1.547933
9518 1.804997
9519 2.809798
9520 1.708012
9521 1.558018
9522 2.657364
9523 1.902796
9524 1.862442
9525 2.091279
9526 2.124084
9527 2.106286
9528 1.938917
9529 1.752238
9530 1.856801
9531 2.459691
9532 1.734577
9533 2.022617
9534 1.611909
9535 2.394342
9536 2.4501
9537 2.269419
9538 2.274179
9539 2.618675
9540 2.639245
9541 2.07521
9542 1.600889
9543 1.841183
9544 2.418743
9545 1.823235
9546 2.035306
9547 2.141234
9548 2.121015
9549 2.329542
9550 2.141882
9551 2.335087
9552 2.210915
9553 2.068699
9554 2.962861
9555 2.389344
9556 2.411373
9557 2.262121
9558 2.417701
9559 2.608304
9560 2.142881
9561 1.791313
9562 2.464571
9563 1.89039
9564 1.952349
9565 1.537455
9566 1.995734
9568 1.242108
9569 1.596228
9570 1.877299
9571 2.199529
9572 2.050901
9573 1.79338
9574 2.307992
9575 1.821908
9576 2.513869
9577 1.958576
9578 1.464262
9579 1.343773
9580 1.373365
9581 1.17025
9582 0.766785
9583 1.093307
9584 1.203948
9585 0.863207
9586 1.277341
9587 0.941545
9588 1.0944
9589 1.057149
9590 1.300277
9591 0.934733
9592 0.890113
9593 0.863712
9594 0.728684
9595 1.191921
9596 0.911145
9597 1.473648
9598 1.725727
9599 2.054165
9600 2.241279
9601 1.791976
9602 2.60207
9603 1.855715
9604 2.974598
9605 2.669067
9606 2.899026
9607 1.982755
9608 2.33779
9609 2.350609
9610 1.671469
9611 1.650533
9612 2.169277
9613 1.899595
9614 2.292974
9615 2.307992
9616 1.682479
9617 2.328392
9618 2.201816
9619 1.540919
9620 1.519696
9621 1.302457
9622 1.410366
9623 1.279873
9625 0.886538
9626 0.783247
9627 1.007715
9628 0.704317
9629 0.411754
9630 0.308132
9631 0.343341
9632 0.332798
9633 0.305211
9634 0.284123
9635 0.220985
9636 0.216713
9637 0.130028
9638 0.108536
9639 0.180629
9641 0.044548
9642 0.009949
9659 0.000668
9660 0.337263
9661 1.020268
9662 1.018989
9663 1.104991
9664 1.250799
9665 1.293674
9666 1.356372
9667 1.454222
9668 1.841249
9670 1.6989
9671 1.953401
9672 2.075339
9673 1.805292
9674 1.589261
9675 2.252212
9676 1.584794
9677 1.706174
9678 1.778257
9679 1.857481
9680 1.950874
9681 2.026429
9682 2.656735
9683 1.694729
9684 1.948373
9685 1.987886
9686 2.117388
9687 2.159586
9689 2.150559
9690 2.041346
9691 2.08607
9692 2.139744
9693 2.60207
9694 2.115828
9695 2.15435
9696 2.067087
9697 2.050246
9698 2.578883
9699 2.061714
9700 2.631286
9701 2.645802
9702 2.215223
9703 1.981155
9704 2.570102
9705 2.042038
9706 1.899288
9707 2.367263
9708 2.122954
9709 2.286457
9710 2.622226
9711 2.134462
9712 2.656735
9713 2.086042
9714 2.645802
9715 2.008507
9716 2.039377
9717 2.173917
9718 2.163671
9719 2.04846
9720 2.087245
9722 2.027026
9723 2.252212
9724 1.479683
9725 1.679525
9726 0.5374
9727 0.106891
9728 2.974644
9729 2.536695
9730 2.581714
9731 2.808937
9732 2.829011
9733 2.691552
9734 2.016032
9735 2.230346
9736 2.276654
9737 2.022354
9738 1.908963
9739 1.415311
9740 1.989818
9741 1.747169
9742 1.659497
9743 1.594198
9744 2.296094
9745 1.963604
9746 1.767899
9747 2.093352
9748 1.764428
9749 2.312192
9751 2.417589
9752 2.973794
9753 2.200511
9754 2.350609
9755 1.915048
9756 2.589719
9757 1.792064
9758 2.359186
9759 1.725135
9760 2.452841
9761 2.88633
9762 2.421922
9763 2.26814
9764 2.474341
9765 2.79364
9766 2.158386
9767 2.991337
9768 2.792698
9769 3.176607
9770 3.117006
9771 2.951928
9773 0.462706
9774 5.904535
9775 2.109584
9776 2.490421
9777 2.612591
9778 3.487648
9779 2.577258
9780 2.166778
9781 2.959493
9782 2.729271
9783 3.13779
9784 2.126841
9785 1.919685
9786 1.333834
9787 2.153814
9788 1.914656
9789 1.793483
9790 2.186613
9791 1.561608
9793 1.888301
9794 2.201452
9795 2.519784
9796 2.048614
9797 2.478148
9798 3.063611
9799 2.497031
9800 2.619117
9801 2.631024
9802 2.749523
9803 2.709014
9804 3.465654
9805 2.079992
9806 2.031848
9807 2.200896
9808 1.418131
9809 2.21172
9810 1.96128
9811 2.438769
9812 3.069877
9813 3.077426
9814 4.121766
9815 2.4599
9816 2.458476
9817 1.792176
9818 2.280459
9819 2.820731
9820 2.313221
9821 2.492739
9822 1.98136
9823 2.251641
9824 2.324667
9825 2.290113
9826 1.928208
9827 2.624456
9828 2.646513
9829 2.552056
9830 2.189432
9831 2.741835
9832 2.6921
9833 2.34017
9834 1.89759
9836 1.901948
9837 2.421259
9838 2.156179
9839 1.813078
9840 1.404825
9841 1.49783
9842 0.584213
9843 0.698096
9844 0.338925
9845 0.585125
9846 1.10948
9847 0.98731
9848 2.044484
9849 1.907013
9850 1.778999
9851 2.184518
9852 2.540659
9854 2.584927
9855 1.636182
9856 0.320997
9857 0.539113
9858 0.046177
9859 1.111041
9860 2.148337
9861 2.354268
9862 2.093914
9863 2.467175
9864 2.733267
9865 1.935937
9866 0.834345
9867 2.539796
9868 2.037537
9869 2.339676
9870 1.83719
9871 2.52167
9872 2.304815
9873 2.414118
9874 1.076729
9875 1.244612
9876 0.780166
9877 0.855089
9878 1.814889
9879 0.724027
9880 0.281448
9881 0.346741
9882 0.304
9884 0.225318
9885 0.246776
9886 0.476768
9887 0.683113
9888 0.536677
9889 0.335573
9890 0.244502
9891 0.09759
9892 0.349953
9894 0.020767
9895 0.451965
9896 0.444357
9897 0.49844
9898 0.63371
9899 0.719572
9900 1.138217
9901 1.136016
9902 1.035482
9903 1.051057
9904 0.932165
9905 0.637917
9906 0.804849
9907 0.859826
9908 0.871604
9909 0.889411
9911 1.066211
9912 1.179065
9913 1.3418
9914 1.337087
9915 1.30563
9916 0.990057
9917 1.110542
9918 1.036092
9919 1.073399
9920 1.430305
9921 1.229056
9922 1.351976
9923 1.270242
9924 0.98969
9925 1.082493
9926 0.60218
9927 0.995893
9928 1.153917
9929 1.21068
9930 1.258102
9932 1.235263
9933 0.397765
9934 1.255341
9935 0.885209
9936 1.301035
9937 1.091762
9938 1.117131
9939 1.530629
9940 1.23469
9941 1.591264
9942 1.085901
9943 1.290102
9944 1.039072
9945 1.223153
9946 0.926817
9947 1.323259
9948 0.902376
9949 0.893517
9950 0.983976
9951 1.058796
9952 1.136487
9953 1.29072
9954 1.070329
9955 0.746797
9956 0.963402
9957 1.051057
9958 0.819501
9959 1.160182
9960 1.475964
9961 0.989244
9962 1.053891
9963 1.744539
9964 1.274967
9965 1.63996
9966 1.678516
9967 1.722725
9968 1.713728
9969 1.663059
9970 1.250885
9971 1.11652
9972 0.597988
9973 0.863712
9974 0.563453
9975 1.141164
9976 2.213794
9977 2.544655
9978 2.431121
9979 1.955532
9980 2.854338
9981 2.980164
9983 1.609377
9984 3.103593
9985 3.402659
9986 2.945354
9987 2.768443
9988 2.095064
9989 2.758587
9990 2.483822
9991 1.750407
9992 2.232143
9993 1.734386
9994 1.713728
9995 1.863731
9996 1.193273
9997 1.529102
9998 1.157749
10003 0.210086
10004 4.968641
10006 0.232836
10007 0.697412
10008 1.905187
10009 1.253666
10010 1.223257
10011 1.798722
10012 1.550227
10013 1.25818
10014 0.953862
10015 0.93593
10016 0.373545
10017 0.422172
10018 0.425423
10019 0.289087
10022 0.033346
10023 1.60758
10024 1.296047
10025 1.078784
10026 1.201567
10028 1.133529
10029 1.334053
10030 1.295335
10031 1.225608
10032 0.530747
10033 0.289978
10034 0.202193
10035 1.426385
10036 1.895617
10037 1.936087
10038 2.008272
10039 1.776681
10040 1.809814
10041 1.590719
10042 2.332967
10043 1.999256
10044 1.919584
10045 1.820388
10046 0.858353
10047 0.966753
10048 1.668947
10049 2.639289
10050 2.376016
10051 2.504208
10052 2.804523
10053 1.156431
10054 2.18416
10055 2.531561
10056 2.849774
10057 2.571373
10058 2.390367
10059 1.112949
10061 1.91221
10062 2.234233
10063 2.56887
10064 2.357079
10065 2.669384
10066 2.945039
10067 4.015549
10068 3.810831
10069 3.136817
10070 2.32018
10071 2.046865
10072 1.885402
10073 1.285846
10074 0.888523
10075 0.863712
10076 0.514902
10077 0.470122
10078 1.323259
10079 1.199433
10080 1.3885
10081 1.236488
10082 0.792423
10083 0.640571
10084 0.552513
10085 0.619852
10086 1.095485
10087 0.874645
10088 0.767078
10089 0.944188
10090 0.470912
10091 0.601437
10092 0.38002
10093 0.911096
10094 1.026883
10095 1.170004
10096 1.113953
10097 1.314975
10098 0.832404
10099 1.042038
10100 1.144269
10101 1.073792
10102 0.664769
10103 0.96211
10104 0.83444
10106 0.466575
10107 0.563453
10108 0.489375
10109 0.371298
10110 0.550109
10111 1.060525
10112 0.643898
10113 0.456885
10114 0.246625
10115 0.201733
10116 0.140188
10117 0.293376
10119 0.822802
10120 0.538114
10121 0.594588
10122 0.885578
10123 0.671921
10124 0.651853
10125 0.96211
10126 0.647017
10128 0.592168
10129 0.710649
10130 0.590297
10131 0.50978
10132 0.42259
10133 0.186969
10134 0.579388
10135 0.390083
10136 0.377404
10137 0.257506
10138 0.281727
10139 0.53412
10140 0.478189
10141 0.304434
10142 0.705421
10143 0.861418
10144 0.852428
10145 0.602369
10146 0.776261
10147 0.970869
10149 1.048397
10150 1.014421
10151 1.020733
10152 1.095485
10153 0.695081
10154 0.614319
10155 0.889669
10156 0.77179
10157 0.765236
10158 0.696166
10159 0.336238
10160 0.184206
10161 0.873548
10162 0.957299
10163 0.520637
10164 0.318827
10165 0.455548
10166 0.740198
10167 1.090645
10168 1.356271
10170 0.631407
10171 0.749391
10172 0.771397
10173 0.85784
10174 0.928909
10175 0.929006
10176 1.364729
10177 1.341163
10178 1.777046
10179 1.355232
10180 1.398439
10181 1.120618
10182 1.571168
10183 1.485228
10184 1.090857
10185 0.400919
10186 0.606196
10187 1.290102
10188 1.198842
10189 0.773969
10190 0.855471
10191 1.0944
10192 0.874635
10194 0.779395
10195 0.781515
10196 1.137743
10197 0.614
10198 0.326455
10199 0.540711
10200 0.783383
10201 1.265246
10202 1.383185
10203 1.373711
10204 1.580739
10205 1.861082
10206 1.739715
10207 1.705798
10208 1.850408
10209 2.638301
10210 1.859729
10211 2.408695
10213 2.171153
10214 2.535273
10215 3.356452
10216 2.197043
10217 2.122704
10218 4.012436
10219 3.298733
10220 3.47769
10221 3.510885
10222 3.246734
10223 3.407009
10224 2.80629
10225 1.735595
10226 1.858621
10227 1.546553
10228 1.952349
10229 1.224303
10230 1.769714
10231 1.426398
10232 1.386962
10233 0.996879
10234 0.758495
10235 0.474944
10236 0.835171
10237 0.420923
