1067 2.063271
1066 2.331972
1065 2.234885
1064 2.032777
1063 2.801143
1062 2.71594
1061 3.14233
1060 1.566533
1059 2.678601
1058 3.054915
1057 2.423897
1056 2.386384
1055 2.591652
1054 2.588508
1053 2.912735
1052 3.609195
1051 2.776674
1050 2.291063
1049 2.803405
1048 2.508212
1047 2.401554
1046 2.679056
1045 2.28955
1044 2.621079
1043 2.890869
1042 3.96231
1041 4.902553
1040 4.916444
1039 4.869754
1038 5.009189
1037 4.718004
1036 5.078171
1035 4.3559
1034 3.568719
1033 3.710557
1032 3.334343
1031 3.471905
1030 3.404723
1029 3.359365
1028 3.57608
1027 4.308203
1026 4.115373
1025 3.155225
1024 3.204962
1023 3.05957
1021 3.048348
1020 3.347325
1019 3.893027
1018 2.770605
1017 2.798367
1016 2.530078
1015 2.984301
1014 2.927984
1013 3.054865
1012 3.229794
1011 2.689076
1010 3.460512
1009 3.852979
1008 3.688983
1007 3.399421
1006 3.67805
1005 3.312658
1004 3.925589
1003 3.752552
1002 3.53592
1001 3.543937
1000 3.350058
999 3.287699
998 3.289893
997 3.259337
996 4.030788
995 4.436569
994 4.119912
993 3.907644
992 4.202837
991 4.180971
990 2.739825
989 2.645662
988 3.28446
987 2.912735
986 2.108702
985 2.191153
984 2.66821
983 2.29082
982 2.125554
981 2.516361
980 2.101387
979 2.234885
978 2.243305
977 2.394342
976 2.398881
975 2.136488
974 2.431714
973 2.325067
972 1.841295
971 2.770331
970 2.842597
969 2.740287
968 2.171628
967 2.358168
966 2.890869
965 2.711596
964 2.578224
963 3.011133
962 3.258418
961 3.514054
960 2.821766
959 3.462712
958 2.945534
957 2.773079
956 2.344216
955 2.558338
954 1.857545
953 2.034159
952 2.60207
951 2.312037
949 2.072055
948 2.049023
947 2.117143
946 1.961558
945 2.002611
944 1.643937
943 1.825822
942 1.917826
941 2.097855
940 2.164747
939 1.478147
938 1.724575
937 1.688232
936 1.563429
935 1.305574
934 1.51549
933 1.93516
932 2.000751
931 1.142242
930 2.418743
929 2.775676
928 2.078222
927 2.037565
926 2.505514
925 2.38802
924 2.225735
923 3.13759
922 3.787381
921 4.858821
920 3.802853
919 4.613685
918 4.081275
917 4.089421
916 3.325483
915 4.078889
914 3.120464
913 3.115833
912 3.204727
911 3.645251
910 4.150441
909 3.67796
908 3.076731
907 3.546853
906 3.656192
905 3.918577
904 4.241788
903 4.268436
902 4.476164
901 3.947829
900 4.290302
899 4.104436
898 3.415656
897 3.743648
896 4.218616
895 3.995109
894 3.978222
893 3.896711
892 3.161901
891 3.765514
890 3.940444
889 3.524987
888 3.569192
887 3.699916
886 3.707146
885 3.903618
884 4.220487
883 4.366833
882 4.312168
881 4.304174
880 4.583438
879 4.178159
878 4.165876
877 3.837644
876 4.421499
875 4.294841
874 4.301235
873 4.268436
872 3.96749
871 3.376464
870 3.973243
869 4.429828
868 4.407835
867 3.944983
866 3.355165
865 4.022649
864 4.176222
863 3.984176
862 4.227272
861 4.78229
860 4.016975
859 3.582162
858 4.209541
857 3.696224
856 2.453546
855 1.246099
854 0.585125
853 0.000988
819 0.065015
818 0.07748
817 0.138128
816 0.107294
815 0.129787
814 0.11884
813 0.160941
812 0.195042
811 0.762868
810 0.068804
808 0.204547
807 0.119192
806 0.094799
805 0.214378
804 0.17337
803 0.140863
802 0.21888
801 0.253719
800 0.340008
799 0.336738
798 0.407718
797 0.357576
796 0.379248
795 0.399877
794 0.318757
793 0.260313
792 0.315996
791 0.218844
789 0.321567
788 0.319067
787 0.423429
786 0.370983
785 0.542319
784 0.600847
783 0.426667
782 0.478601
781 0.509517
780 0.600847
779 0.557929
778 0.50978
777 0.454647
776 0.359047
775 0.286603
774 0.21702
773 0.205674
772 0.206686
771 0.24922
770 0.25787
769 0.314857
768 0.315692
767 0.317059
766 0.368412
765 0.321598
764 0.397378
763 0.332286
762 0.27116
761 0.268235
759 0.257506
758 0.263077
757 0.240527
756 0.247019
755 0.246776
754 0.252554
753 0.216713
752 0.120123
751 0.177357
750 0.168207
749 0.203859
748 0.242031
747 0.2736
746 0.265631
745 0.25852
744 0.243435
743 0.205877
742 0.206491
741 0.246776
740 0.18779
739 0.169839
738 0.139482
737 0.108556
736 0.140863
735 0.156492
734 0.220985
733 0.257506
732 0.294363
731 0.297507
730 0.303398
729 0.332612
728 0.455097
727 0.389354
726 0.427089
725 0.693481
723 0.611576
722 0.682646
721 0.780166
720 0.546281
719 0.704317
718 0.725988
717 0.520111
716 0.611576
715 0.514283
714 0.863712
713 0.84518
712 0.682646
711 0.715152
710 0.709518
709 0.823509
708 0.940244
707 0.889403
706 0.756502
705 0.965328
704 1.071441
703 0.806337
702 0.954482
701 0.81998
700 0.736824
699 0.64444
698 0.787181
697 0.78094
696 0.72527
695 0.76375
694 0.686682
693 0.67181
692 0.718871
691 0.682646
690 0.687145
689 0.650139
688 0.954918
687 0.953537
686 0.957088
685 1.119396
684 1.277892
683 0.990543
682 1.029386
681 0.932789
680 0.999449
679 0.964372
678 1.137039
677 1.143374
676 1.324571
675 1.26697
674 1.044721
673 1.072729
672 0.977335
671 1.196244
670 1.132513
669 1.306746
668 1.173961
667 1.25818
666 1.238536
665 1.17025
664 1.235263
663 1.122794
662 1.432232
661 1.447704
660 1.713728
659 1.382106
658 1.159414
657 1.01855
656 0.869082
655 0.9472
654 0.866851
653 0.867711
652 0.802653
651 0.92103
650 0.803429
649 0.756996
648 0.9156
647 0.801045
646 1.12737
645 1.261434
644 1.21357
643 1.041774
642 0.798431
641 1.322901
640 1.26777
639 0.979707
638 1.073994
637 1.202637
626 1.299533
625 1.137743
624 1.055556
622 1.137743
621 1.158776
620 1.260186
619 1.301566
618 1.089193
617 1.060507
616 0.942701
615 1.109735
614 1.007715
613 1.040222
612 0.772518
611 0.611287
610 0.682646
609 0.67181
608 0.701266
607 0.693481
606 0.632966
605 0.901271
604 1.01956
603 1.272775
602 1.041253
601 0.81735
600 0.846687
599 0.600173
598 0.783247
597 1.342493
596 1.097846
595 1.116071
594 0.98006
593 0.975842
592 1.244866
591 1.062212
590 0.968871
589 1.136901
588 1.062212
587 0.643802
586 0.899358
585 1.160563
584 1.151937
583 1.266071
582 0.954482
581 0.951177
580 1.311317
579 1.064
578 0.851928
577 0.588008
576 0.590697
575 0.013674
572 0.628467
571 0.113143
570 0.245333
569 0.661629
568 0.34803
567 0.791002
566 0.990992
565 1.58947
564 4.648351
563 0.13068
562 0.369893
560 0.601437
559 0.358877
558 0.643134
557 1.202637
556 1.246099
555 0.893907
554 0.654494
553 1.525072
552 1.498334
551 2.01543
550 2.063271
549 1.93516
548 2.405275
547 2.217166
546 2.169287
545 2.167341
544 1.589802
543 2.070737
542 2.427141
541 2.078222
540 1.994358
539 2.361542
538 2.336476
537 2.442613
536 2.420848
535 2.708803
534 2.537527
533 2.341876
532 2.43168
531 2.725143
530 2.956468
529 3.776448
528 3.148934
527 3.247121
526 2.663536
525 2.781177
524 2.558055
523 2.603525
522 2.387948
521 2.703812
520 2.661275
519 3.427909
518 3.401325
517 3.645275
516 2.71594
515 2.756752
514 3.174794
513 2.847137
512 2.792472
511 2.102115
510 0.200453
509 1.686936
508 2.516631
507 2.70513
506 2.819637
505 3.192456
504 2.921235
503 3.726322
502 3.459389
501 3.273526
500 3.427909
499 3.273526
498 2.558338
497 2.238367
496 2.169287
495 2.110082
494 2.231587
493 2.442621
492 2.628476
491 2.45994
490 2.017861
489 2.034794
488 2.398881
487 2.667668
486 2.213019
485 2.023937
484 2.558338
483 2.095778
482 1.47219
481 0.721121
479 1.01855
478 0.994909
477 0.568515
476 0.994909
475 0.998857
474 0.404377
473 0.687826
