10584 2.486881
10585 2.761615
10586 1.679201
10587 1.536152
10588 1.779909
10589 2.07001
10590 1.635843
10591 2.186725
10592 2.072967
10593 2.024332
10594 1.192674
10595 1.191921
10596 0.368047
10597 0.381402
10598 0.869082
10599 0.406753
10600 0.39047
10602 0.253333
10603 0.352049
10604 1.563339
10605 1.240293
10606 1.49783
10607 1.372182
10608 1.436333
10609 1.657039
10610 1.866545
10611 0.791815
10612 1.368862
10613 1.050466
10614 1.137039
10615 0.934693
10616 1.01219
10617 1.383261
10618 1.59284
10619 1.109685
10620 1.473648
10621 1.530981
10622 1.883397
10623 2.489151
10624 1.772619
10625 1.941706
10626 1.827306
10627 1.456341
10628 1.288166
10629 1.652496
10630 1.890883
10631 1.571168
10632 1.502513
10633 1.442569
10634 1.14274
10635 1.310641
10636 1.236998
10637 1.827626
10638 1.283694
10639 0.740329
10640 0.294243
10641 0.515135
10642 0.639937
10643 0.626548
10644 0.942701
10645 0.810277
10646 0.256518
10647 0.546653
10648 1.247224
10650 0.68601
10651 0.544777
10652 1.149717
10653 1.215541
10654 1.701842
10655 0.970379
10656 1.049343
10657 1.570949
10658 1.36142
10659 1.694625
10660 1.202838
10661 1.381123
10662 2.042158
10663 1.840056
10664 1.408634
10665 0.829443
10666 1.107137
10667 1.76621
10668 1.289465
10669 2.780124
10670 3.014771
10671 1.51488
10672 1.739793
10673 2.555462
10674 1.978885
10675 2.084436
10676 2.301714
10677 1.449862
10678 1.712032
10679 1.249608
10680 1.26777
10681 1.105236
10682 1.156721
10683 1.353758
10684 1.804484
10685 1.729131
10686 1.407675
10687 1.656453
10688 1.506154
10689 1.459021
10690 1.621731
10691 1.185199
10692 1.833039
10693 1.268236
10694 1.047978
10695 1.379636
10696 1.718772
10697 1.310853
10698 1.02109
10699 1.676228
10700 1.975517
10701 2.01642
10702 2.210462
10703 2.372476
10704 2.00377
10705 2.203668
10706 2.648864
10707 2.214713
10708 2.60036
10709 3.444141
10710 2.361149
10711 2.07843
10712 2.623936
10714 1.570759
10715 1.373282
10716 0.915633
10717 0.739556
10718 1.115859
10719 1.465873
10720 2.180123
10721 1.921632
10722 2.403082
10723 2.295944
10724 1.887883
10725 2.361542
10726 1.866352
10727 2.351335
10728 2.024088
10729 2.529622
10730 2.439278
10731 2.21558
10732 2.159512
10733 2.17616
10735 2.019435
10736 2.295944
10737 1.819612
10738 2.125697
10739 2.383842
10740 1.98198
10741 1.982923
10742 1.45054
10743 1.365291
10744 0.960959
10745 0.833519
10746 0.715152
10747 0.3648
10748 0.465933
10749 0.343341
10750 0.315692
10751 0.216713
10752 0.225318
10753 0.229594
10754 0.220985
10755 0.292562
10756 0.214588
10763 0.016089
10764 0.083224
10765 0.091116
10766 0.092052
10767 0.071086
10768 0.660769
10769 1.280958
10770 1.063808
10771 1.258997
10772 1.432991
10774 1.409108
10775 1.873558
10776 1.877514
10777 1.722982
10778 2.187837
10779 1.952719
10780 1.28975
10781 1.395203
10782 1.29628
10783 1.098222
10784 1.171409
10785 1.1239
10786 2.000751
10787 1.853514
10788 1.732281
10789 1.945377
10790 1.912366
10791 2.00155
10792 1.979341
10793 2.055088
10794 1.997826
10795 2.584443
10796 1.828594
10797 2.634869
10798 1.998346
10799 2.073714
10800 1.907461
10801 2.525538
10802 2.056519
10803 2.459447
10804 1.970262
10805 2.472975
10806 1.986022
10808 0.031091
10809 4.696794
10810 1.125233
10811 1.377447
10812 0.951067
10813 1.207134
10814 1.322281
10816 1.069377
10817 1.104515
10818 1.367441
10819 1.332626
10820 1.12004
10821 1.393598
10822 1.549067
10823 0.98799
10824 1.090176
10825 1.171389
10826 0.909656
10827 1.239358
10828 0.969733
10829 1.234059
10830 0.867497
10831 1.162871
10832 0.489125
10833 0.271604
10835 1.054679
10836 1.19427
10837 1.415162
10838 1.792503
10839 1.535115
10840 1.306129
10841 0.689609
10842 0.932449
10843 0.948995
10844 1.405413
10845 1.403892
10846 1.674022
10848 1.375718
10849 1.557497
10850 1.426732
10851 1.328421
10852 1.338925
10853 1.270605
10854 1.717483
10855 0.971297
10856 1.235111
10857 1.597722
10859 0.878281
10860 1.411806
10861 1.24179
10862 1.018238
10863 0.770581
10864 1.038034
10865 1.213642
10866 0.931524
10867 1.152612
10868 1.061115
10869 1.255215
10870 1.017354
10871 1.191422
10872 0.998059
10873 1.256665
10874 1.041455
10875 1.386238
10876 1.283271
10877 0.798889
10878 1.037133
10879 1.006155
10880 1.437842
10881 1.113314
10883 1.427021
10884 1.461907
10885 1.511616
10886 0.976108
10887 0.927552
10888 0.942469
10889 1.348079
10890 0.921369
10891 1.41897
10892 1.507804
10893 1.780164
10894 1.856167
10895 1.832488
10896 1.547433
10897 1.845571
10898 2.202167
10899 2.389277
10900 1.987968
10902 1.91095
10903 2.359302
10904 2.291086
10905 1.933986
10906 2.101257
10907 1.723929
10908 1.966922
10909 1.82985
10910 2.153814
10911 1.724188
10912 1.522952
10913 1.944031
10914 2.755133
10915 2.511848
10916 2.413865
10917 2.755133
10918 1.976759
10919 2.700749
10920 2.752253
10921 1.808392
10922 2.18571
10923 2.221307
10924 1.530659
10925 1.744539
10926 1.547213
10927 1.419469
10928 0.737554
10929 0.533722
10930 0.332286
10931 0.021417
10932 0.860885
10933 0.458606
10934 1.13802
10935 2.152499
10936 2.146671
10937 1.918159
10938 2.01543
10940 0.62051
10941 0.67181
10942 0.879812
10943 1.008502
10944 1.332784
10945 1.009591
10946 1.213592
10947 0.954265
10948 1.298259
10949 1.092723
10950 2.121015
10951 1.790278
10952 1.476548
10953 1.869554
10954 1.584966
10955 1.620722
10956 2.17568
10957 1.250537
10958 1.332784
10959 1.40585
10960 0.915501
10961 1.105236
10962 0.608978
10964 0.305449
10965 0.071374
10966 0.216815
10967 0.165192
10980 0.000869
10992 0.00271
10993 0.268604
10994 2.85353
10995 4.049501
10996 4.285709
10997 4.434395
10998 4.174477
10999 4.207864
11000 4.34423
11001 5.477467
11002 4.107884
11003 4.977574
11004 4.546206
11006 4.52914
11007 4.770447
11008 4.560983
11009 2.218813
11010 2.523133
11011 3.115924
11012 2.721455
11013 4.783904
11014 4.761686
11015 4.689385
11016 4.622955
11017 4.744743
11018 4.270298
11019 4.799848
11020 4.974545
11021 3.721787
11023 2.165589
11025 2.447022
11026 3.389251
11027 2.712111
11029 1.922372
11030 1.856321
11031 2.346324
11032 1.520822
11033 2.231117
11034 2.143012
11035 2.479393
11036 1.798873
11037 1.84788
11038 1.754896
11039 1.829607
11041 1.990637
11042 2.60844
11043 1.800954
11044 2.132238
11045 2.367568
11046 1.765677
11047 2.112847
11048 1.561832
11049 1.820045
11050 1.322131
11051 1.327125
11052 1.731074
11053 1.513558
11054 1.809683
11055 2.088618
11056 1.406733
11057 1.700126
11058 1.896281
11059 2.343976
11060 1.714782
11062 1.948004
11063 2.20354
11064 1.695108
11065 1.791025
11066 1.917227
11067 1.64454
11068 1.45451
11069 1.263431
11070 1.106427
11071 1.692971
11073 1.299567
11074 2.100011
11075 1.909988
11076 1.985902
11077 1.745167
11078 1.938068
11079 1.496715
11080 1.530342
11081 1.66404
11082 1.53405
11083 1.216479
11084 1.288198
11085 1.301323
11086 1.123086
11087 1.544847
11088 1.032679
11089 1.068335
11090 0.934114
11091 0.902384
11092 0.894761
11093 0.664872
11094 0.588854
11095 0.813546
11096 1.303201
11097 1.279722
11098 1.603612
11099 1.681237
11100 0.921949
11101 1.174068
11102 1.21027
11103 1.12141
11104 1.074952
11105 1.267658
11107 1.418085
11108 1.409777
11109 0.580838
11110 0.505569
11111 0.599311
11112 0.921417
11113 1.472999
11114 0.87987
11115 1.042908
11116 1.569662
11117 3.304682
11118 2.05501
11119 2.653043
11120 1.400571
11121 1.367976
11122 1.512847
11123 1.998657
11124 2.827045
11125 2.998769
11126 2.595035
11127 1.966267
11128 1.694625
11129 1.939892
11130 1.963195
11131 0.977244
11132 1.126907
11133 0.934579
11134 1.365269
11135 0.798024
11136 1.366633
11137 1.6443
11138 1.669
11139 1.355798
11140 0.87581
11141 1.865089
11142 0.67315
11144 0.428243
11145 0.49844
11146 1.057862
11147 1.926993
11148 1.209095
11149 1.096571
11150 0.436451
11151 0.701069
11152 0.53342
11153 1.845844
11154 1.776786
11155 1.890494
11156 1.575604
11157 1.820388
11158 1.515708
11159 1.277212
11160 1.269027
11161 1.155601
11162 1.46717
11163 1.195652
11164 2.080444
11165 1.649301
11166 1.781564
11167 1.652388
11168 1.795189
11169 1.883537
11170 1.259076
11171 1.629027
11172 1.385113
11173 1.898117
11174 1.302939
11175 1.869554
11176 1.49783
11177 1.268212
11178 1.902354
11179 1.978885
11180 1.790833
11181 1.732516
11182 1.199225
11183 1.582004
11184 1.753359
11185 1.839516
11186 1.568021
11187 2.089211
11188 1.119841
11189 1.668689
11190 1.513734
11191 1.941502
11192 1.487146
11193 2.03355
11194 1.145401
11196 0.351091
11197 0.152645
11198 0.994909
11199 0.785876
11200 1.235437
11201 1.072063
11202 1.25818
11203 0.869898
11205 0.800358
11206 1.697082
11207 1.215921
11208 1.458749
11209 1.350116
11210 1.406213
11211 1.320729
11212 0.732515
11213 0.891415
11214 0.696615
11215 1.008565
11216 1.065495
11217 1.002947
11218 1.483291
11219 1.561633
11220 1.325972
11221 1.178835
11222 1.92422
11223 2.10618
11224 2.141347
11225 1.635639
11226 1.528663
11227 1.329805
11228 1.941502
11229 1.504871
11230 1.38429
11231 1.598154
11232 1.593718
11233 1.589511
11235 0.431129
11236 1.028368
11237 1.127873
11238 1.144131
11239 1.365291
11240 0.678745
11241 0.834345
11242 0.537851
11243 0.863712
11244 0.370957
11245 0.338925
11246 0.639303
11247 0.93023
11248 0.364486
11249 0.491988
11250 0.265889
11251 0.281727
11252 0.08462
11253 0.332286
11254 0.282006
11255 0.468507
11256 0.552618
11257 0.370558
11258 0.725988
11259 0.372447
11260 0.845233
11261 0.800054
11262 0.531262
11263 0.171671
11264 0.360478
11265 0.759592
11266 0.602808
11267 0.812673
11268 0.733843
11269 0.424886
11270 0.524787
11271 0.579453
11272 0.304491
11273 0.219079
11274 1.286357
11275 2.086889
11276 1.720374
11277 0.797102
11279 0.242399
11280 0.736824
11281 0.478136
11282 0.57539
11283 0.778513
11284 0.699716
11285 0.420923
11286 0.040533
11287 1.226701
11287 1.213304
