1480 2.700468
1481 3.612452
1482 4.18551
1483 4.760424
1484 4.200222
1485 4.946286
1486 4.716691
1487 4.393239
1488 4.776315
1489 4.36044
1490 4.89162
1491 4.252022
1492 4.508963
1493 4.366833
1494 3.842155
1495 3.645275
1496 4.279345
1497 4.137263
1498 4.145192
1499 3.452995
1501 3.883659
1502 3.786139
1503 4.229668
1504 3.623458
1505 3.786523
1506 2.961932
1507 3.244356
1508 3.809247
1509 2.978334
1510 3.674222
1511 4.126306
1512 3.918577
1513 3.743648
1514 3.729849
1515 4.21377
1516 4.672959
1517 4.081169
1518 3.869651
1519 3.514054
1520 3.481255
1521 3.250794
1522 3.01905
1523 3.032999
1524 3.076731
1525 2.708803
1526 2.748739
1527 2.621079
1528 2.781538
1529 2.247769
1530 2.721886
1531 2.973794
1532 2.553403
1533 2.486354
1534 2.553403
1535 2.370316
1536 2.03355
1537 1.893651
1538 1.896238
1539 1.874094
1540 1.931329
1541 1.978885
1542 1.501304
1543 1.981899
1544 2.258659
1545 1.858621
1546 1.231365
1547 1.900455
1548 1.393039
1549 1.784348
1550 1.571054
1551 1.847688
1552 3.406891
1553 2.934601
1554 2.311417
1555 1.988414
1556 2.621317
1557 2.256751
1558 1.655795
1559 2.43926
1560 1.824887
1561 1.795768
1562 2.914457
1563 2.232143
1564 1.326448
1565 2.558338
1566 2.335019
1567 2.29082
1568 2.099149
1569 1.566383
1570 1.721163
1571 1.933244
1572 1.566383
1573 1.836755
1574 2.059956
1575 2.28663
1576 2.055417
1577 2.249705
1578 2.182525
1579 2.317553
1580 1.293941
1581 1.275549
1583 1.535938
1584 1.957019
1585 1.327762
1586 2.274078
1587 2.067365
1588 1.672759
1589 1.510653
1590 1.993758
1591 1.900737
1592 1.694859
1593 1.989818
1594 1.642307
1595 2.449007
1596 2.28955
1597 2.631937
1598 2.497127
1599 2.176788
1600 2.503034
1601 2.680911
1602 1.956852
1603 2.055417
1604 2.149956
1605 1.903561
1606 2.286321
1607 1.819429
1608 2.115045
1609 2.063271
1610 2.314783
1611 2.158655
1612 2.286321
1613 2.355149
1614 2.531711
1615 2.36217
1616 1.533843
1617 1.793023
1618 1.662352
1619 1.956852
1620 2.252212
1621 2.070889
1622 2.336476
1623 2.934601
1624 2.377714
1625 2.053107
1626 2.389333
1627 2.035086
1628 1.577229
1629 1.26777
1630 1.557035
1631 1.930656
1632 1.801432
1633 1.995734
1634 1.895952
1635 1.948389
1636 2.131948
1637 1.533843
1638 1.727425
1639 1.271772
1640 1.582004
1641 1.495843
1642 1.340964
1643 1.074857
1644 1.044721
1645 1.289442
1646 1.083564
1647 0.806337
1648 0.740329
1649 0.866851
1650 0.711891
1651 0.599425
1652 0.725988
1653 0.954918
1654 0.478136
1655 0.308431
1656 0.357441
1658 0.284123
1659 0.199541
1660 0.308132
1680 0.008392
1681 0.845965
1682 2.141241
1683 2.678601
1684 2.204135
1685 1.721031
1686 2.644621
1687 2.300484
1688 2.542557
1689 2.377015
1691 2.679056
1692 2.374619
1693 2.423271
1694 1.828508
1695 1.51699
1696 1.422532
1697 2.252468
1698 1.151937
1699 1.551033
1700 1.79238
1701 2.013436
1702 1.817733
1703 2.252392
1704 2.030841
1705 2.249705
1706 2.267973
1707 2.684377
1708 2.273651
1709 2.175872
1710 2.345011
1711 2.589719
1712 2.355834
1713 2.406324
1714 1.933398
1715 2.613003
1716 2.46202
1717 2.338794
1718 2.4124
1719 2.684582
1720 2.409814
1721 2.401554
1722 2.388341
1723 2.656735
1724 2.002222
1725 2.351178
1726 2.443086
1727 2.645802
1728 2.375655
1729 2.420747
1730 2.317071
1731 2.645802
1732 2.108702
1733 2.103688
1734 2.299433
1735 1.673188
1737 1.609412
1739 0.315304
1740 4.067865
1741 1.809552
1742 1.452925
1744 0.687356
1745 0.814286
1750 0.02254
1753 0.152208
1754 1.191704
1755 3.623385
1756 4.224703
1757 4.240176
1758 4.323372
1759 4.738557
1760 3.988715
1761 4.027908
1762 3.831113
1763 4.051404
1764 3.656184
1765 3.863912
1766 3.203399
1767 3.742796
1768 3.276863
1769 2.951794
1770 3.008951
1771 3.128206
1772 3.594656
1773 3.437522
1774 3.077079
1775 3.273526
1776 3.831113
1777 3.940444
1778 3.902222
1779 3.920048
1780 3.448456
1781 3.294993
1782 3.471905
1783 4.038841
1784 3.465043
1785 3.289893
1786 3.984176
1787 3.918577
1788 3.95709
1789 4.421499
1790 3.874845
1791 4.260508
1792 4.119912
1793 4.162794
1794 3.973243
1795 3.412248
1796 4.10172
1797 3.47451
1798 4.126306
1799 4.060707
1800 4.097651
1801 3.612452
1802 3.216705
1803 4.388699
1804 4.607937
1805 3.981737
1806 4.191207
1807 4.596428
1809 4.649909
1810 4.850372
1811 3.852979
1812 3.82858
1813 3.568719
1814 3.28446
1815 3.831113
1816 4.541762
1817 4.284115
1818 3.616991
1819 4.399632
1820 4.314786
1821 4.235944
1822 4.564508
1823 4.672959
1824 4.36701
1825 4.960286
1826 4.46977
1827 4.41479
1828 4.305895
1829 3.77594
1830 4.016975
1831 4.468784
1832 4.359138
1833 4.716691
1834 4.740773
1835 4.655632
1836 4.739675
1837 3.359316
1838 3.406891
1839 4.519896
1840 4.399632
1841 3.724111
1842 3.995109
1843 4.344967
1844 3.984176
1845 3.362701
1846 3.861988
1847 3.50766
1848 3.247572
1849 4.344967
1850 3.721125
1851 3.348508
1852 3.371046
1853 3.47033
1854 3.402794
1855 3.39379
1856 4.006795
1857 4.480727
1858 4.465231
1859 3.360991
1860 3.670648
1861 1.835723
1862 1.0944
1863 0.741323
1864 1.289442
1865 1.038641
1867 0.078209
1868 0.795501
1869 0.693481
1870 0.660974
1871 0.622306
1872 0.631385
1873 0.281727
1874 0.294149
1875 0.390083
1876 0.222933
1877 0.823509
1878 0.650139
1879 0.877687
1880 0.611295
1881 0.606796
1883 1.007715
1884 0.227236
1885 1.575644
1886 2.699782
1887 3.350058
1888 3.481255
1889 3.424508
1890 3.218837
1891 3.233545
1892 2.998097
1893 2.926378
1894 2.686024
1895 2.735081
1896 2.344998
1897 3.434092
1898 3.776448
1899 3.427909
1900 3.120464
1901 2.672714
1902 2.595676
1903 3.568719
1904 2.718794
1905 2.253814
1906 1.989396
1907 1.807482
1908 1.560333
1909 1.484483
1910 1.219298
1911 1.549497
1912 1.952981
1913 1.919569
1914 2.524705
1915 2.204135
1916 2.85807
1917 3.907644
1918 3.131365
1919 2.726873
1920 2.523365
1921 2.849774
1922 2.070889
1923 2.267684
1924 2.262794
1925 2.142881
1926 2.092755
1927 2.639409
1928 2.746857
1929 2.497279
1930 3.294222
1931 3.579652
1932 2.420747
1933 2.045651
1934 2.361542
1940 0.023343
1943 0.063818
1944 0.986139
1945 3.25166
1946 4.169514
1947 4.231409
1948 3.554746
1949 3.273526
1950 4.159105
1951 3.92951
1952 4.221275
1953 3.666194
1954 4.33221
1955 4.191904
1956 4.082573
1957 3.79192
1958 3.813884
1959 3.863912
1960 3.883659
1961 3.952587
1962 3.601518
1963 3.59916
1964 3.798314
1965 4.07164
1966 3.793651
1967 4.030788
1968 3.867067
1969 3.71814
1970 4.043365
1971 4.148172
1972 4.235636
1973 3.993437
1974 3.885778
1975 3.995109
1976 3.699607
1977 4.075357
1978 4.111265
1979 4.049774
1980 4.177795
1981 3.741727
1982 4.100343
1983 4.122188
1984 4.014777
1985 3.860056
1986 2.726056
1988 3.837079
1989 2.464059
1990 2.959266
1991 2.773925
1992 1.815849
1993 2.396803
1994 2.125891
1995 1.841295
1996 2.10742
1997 2.670844
1998 3.247572
1999 3.710849
2000 1.843885
2001 1.294641
2002 1.420876
2003 1.502511
2004 1.460854
2005 1.771642
2006 1.626957
2007 1.507257
2008 1.830362
2009 2.156522
2010 2.549221
2011 2.15843
2012 2.897616
2013 2.505709
2014 2.697079
2015 2.730582
2016 3.032999
2017 3.290957
2018 3.371924
2019 2.311417
2020 1.958794
2021 2.407409
2022 2.985714
2023 2.781538
2024 2.890869
2025 2.956468
2026 2.656286
2027 2.243577
2028 2.605714
2029 2.231796
2030 2.327937
2031 2.836204
2032 3.798314
2033 2.012369
2034 1.847688
2035 1.851729
2036 2.405275
2037 2.045651
2038 1.344767
2039 1.186759
2040 1.585295
2041 1.131406
2042 1.202637
2043 1.248571
2044 0.578216
2045 0.397378
2046 0.688783
2047 0.977335
2048 0.764787
2049 0.582247
2050 1.137039
2051 1.430305
2053 1.395397
2054 0.913813
2055 0.479066
2056 0.317059
2057 0.488087
2058 0.122407
2059 0.24922
2060 0.433426
2061 0.525741
2062 0.53572
2063 0.478136
2064 0.62909
2065 0.355045
2066 0.666917
2067 1.0336
2068 0.867837
2069 0.298958
2070 1.208452
2071 0.397768
2072 0.371353
2073 0.396988
2074 0.300424
2075 0.354071
2076 0.357223
2077 0.195856
2078 0.340709
2079 0.064313
2081 0.145489
2082 0.629714
2083 1.212392
2084 1.837542
2085 2.344998
2086 2.339676
2087 2.206233
2088 1.914002
2089 1.854915
2090 1.522997
2091 1.705558
2092 1.303992
2093 1.825822
2094 1.479611
2095 1.618094
2096 2.049023
2097 2.547405
2098 2.102022
2099 2.106614
2100 2.431656
2101 2.88633
2102 2.414817
2103 2.584743
2104 2.108702
2105 2.817267
2106 2.300484
2107 2.021931
2108 2.102965
2109 1.9224
2110 2.561711
2112 2.07031
2113 1.701295
2114 1.952981
2115 1.702882
2116 0.911096
2117 0.332531
2118 0.596551
2119 1.694625
2120 2.497279
2121 2.119548
2122 2.424847
2123 1.186759
2124 1.784348
2125 1.578794
2126 1.948487
2127 1.588248
2128 1.78234
2129 1.316507
2130 1.473648
2131 1.218091
2132 1.465031
2133 1.219269
2134 1.343425
2135 1.355798
2136 0.917354
2137 1.029386
2138 0.563453
2139 0.611576
2140 0.893022
2141 1.616479
2142 1.859235
2143 1.454098
2144 1.274794
2145 2.787932
2146 2.106614
2147 1.837542
2148 1.126588
2149 1.852228
2150 1.856188
2151 1.555536
2152 2.022617
2153 1.699165
2154 2.464571
2155 2.092755
2156 2.258313
2157 1.724575
2158 1.458637
2159 2.123786
2160 2.639409
2161 2.045651
2162 2.300484
2163 2.483822
2164 2.311417
2165 1.808496
2166 2.479329
2167 2.321686
2168 1.961558
2169 2.164747
2170 1.90262
2171 1.624086
2172 2.230346
2173 2.228012
2174 1.157749
2175 1.239976
2176 2.456151
2177 1.928759
2178 2.043623
2179 2.513869
2180 2.737806
2181 2.562877
2182 2.32657
2183 2.611702
2184 2.285011
2185 1.880928
2186 2.299464
2187 2.547405
2188 2.213019
2189 2.219365
2190 2.654733
2191 2.193299
2192 1.803216
2193 1.913287
2194 1.841295
2195 2.128
2196 2.254499
2197 2.241079
2198 1.982708
2199 2.373006
2200 2.409814
2201 2.369015
2202 2.672208
2203 3.115924
2204 2.724152
2206 2.323996
2207 2.333283
2208 2.297156
2209 2.508212
2210 2.759485
2211 2.96263
2212 3.153263
2213 2.707937
2214 2.672216
2215 2.527207
2216 1.828535
2217 2.195473
2218 2.78476
2219 2.869003
2220 3.448456
2221 3.598663
2222 3.573259
2223 3.874845
2224 3.579652
2225 2.4124
2226 2.715068
2227 3.572963
2228 2.852599
2229 1.909682
2230 1.826696
2231 1.540024
2232 1.915365
2233 2.55447
2234 3.199503
2235 3.973243
2236 3.174794
2237 2.436067
2238 2.689534
2239 1.251988
2240 2.327359
2241 1.93516
2242 1.797562
2243 2.125891
2244 1.906893
2245 2.212662
2246 2.010855
2247 1.835723
2248 2.011684
2249 1.761617
2250 2.044484
2251 2.191153
2252 2.230222
2253 2.650342
2254 2.557212
2255 2.191153
2256 2.773079
2257 2.708267
2258 2.71341
2259 3.149954
2260 3.022066
2261 2.981749
2262 3.412248
2263 2.88738
2264 2.333283
2265 2.325629
2266 2.453354
2267 2.295944
2268 1.644492
2269 2.444825
2270 2.470873
2271 2.303937
2272 3.270259
2273 3.49494
2274 4.410565
2275 3.736723
2276 4.388699
2277 3.721782
2278 4.75131
2279 4.90221
2280 4.026653
2281 5.044683
2282 4.472097
2283 4.869754
2284 4.242331
2285 4.043389
2286 4.699456
2287 4.158668
2288 3.710849
2289 3.301804
2290 3.500946
2292 2.892508
2293 2.656601
2294 2.640174
2295 2.541011
2296 3.798314
2297 4.049774
2298 3.438777
2299 2.978334
2300 3.907644
2301 4.18551
2302 4.148172
2303 3.743078
2304 3.557786
2305 4.134703
2306 4.875816
2307 4.552695
2308 4.004444
2309 4.148172
2310 5.121215
2311 4.471302
2312 5.411002
2313 4.388854
2314 4.952271
2315 4.61822
2316 5.55299
2317 4.458837
2318 4.982993
2319 5.153405
2320 5.155294
2321 5.7444
2322 4.792262
2323 4.749491
2324 4.293328
2325 4.006042
2326 3.670581
2327 4.148172
2328 4.433774
2329 4.465231
2330 4.417086
2331 4.736397
2332 3.240903
2333 5.116104
2334 4.197344
2335 5.055624
2336 4.863361
2337 4.946286
2338 4.6931
2339 5.208679
2340 4.928959
2341 5.230545
2342 4.775896
2343 5.307077
2344 4.528207
2345 4.99596
2346 4.410699
2347 4.823793
2348 4.757375
2349 4.683892
2350 4.810283
2351 4.823515
2352 5.085752
2353 5.072415
2354 4.961758
2355 5.121215
2356 4.178558
2357 3.039393
2358 2.672208
2359 4.563609
2360 5.052247
2361 4.458837
2362 4.892778
2363 4.127555
2364 3.826934
2365 4.344967
2366 4.082573
2367 4.334034
2368 3.733016
2369 4.038817
2370 3.194245
2371 3.011133
2372 3.066222
2373 2.956468
2374 2.982755
2375 2.311417
2376 2.791357
2377 2.870794
2378 2.748739
2379 2.683141
2380 2.787908
2381 2.754981
2382 3.011133
2383 3.14233
2384 2.98235
2385 4.187721
2386 3.044508
2387 2.266904
2388 2.945534
2389 3.920048
2390 4.093506
2391 3.336724
2392 3.5334
2393 3.439398
2394 2.8456
2395 2.022617
2396 1.805003
2397 3.022066
2398 4.197901
2399 3.366882
2400 3.339125
2401 3.852979
2402 3.587365
2403 3.973243
2404 3.95709
2405 3.82018
2406 3.688618
2407 3.724813
2408 3.612452
2409 3.92951
2410 3.624444
2411 3.515248
2412 4.410565
2413 4.642154
2414 4.010581
2415 3.739365
2416 3.710689
2417 2.184777
2418 3.849134
2419 4.651365
2420 3.798314
2421 3.67805
2422 3.657016
2423 3.448456
2424 3.404723
2425 3.503121
2426 3.557786
2427 3.072318
2428 2.550875
2429 2.88633
2430 3.224939
2431 4.451888
2432 4.624607
2434 3.511365
2435 2.978334
2436 3.043932
2437 2.997206
2438 3.543626
2439 3.054865
2440 2.572547
2441 3.215649
2442 2.726873
2443 2.996167
2444 3.065798
2445 3.492188
2446 3.656184
2447 3.739365
2448 3.237493
2449 3.036663
2450 2.650342
2451 2.660722
2452 3.382857
2453 2.908503
2454 2.998949
2455 3.371924
2456 4.154954
2457 3.254022
2458 2.497287
2459 3.004448
2460 2.29082
2461 2.854273
2462 3.590585
2463 3.345189
2464 3.011133
2465 3.800737
2466 3.065798
2467 3.590585
2468 3.565651
2469 3.262593
2470 3.273526
2471 2.726945
2472 2.748739
2473 3.164196
2474 3.82018
2475 3.13759
2476 2.672208
2477 2.398881
2478 2.469079
2479 2.897263
2480 3.011937
2481 2.726873
2482 3.011133
2483 3.174794
2484 2.85145
2485 3.475346
2486 3.53592
2487 3.128262
2488 1.651517
2489 1.701196
2490 1.950625
2491 2.748638
2492 3.104991
2493 3.192397
2494 3.360991
2495 3.442807
2496 3.240727
2497 2.926353
2498 3.156297
2499 3.182882
2500 2.869003
2501 3.196995
2502 2.996167
2503 2.737806
2504 3.098589
2505 3.533079
2506 3.612452
2507 4.061051
2508 3.595125
2509 3.083429
2510 2.705007
2511 2.957651
2512 3.043932
2513 2.661275
2514 2.223952
2515 2.649143
2516 2.429302
2517 2.46448
2518 2.390708
2519 2.650342
2520 2.917892
2521 2.230346
2522 2.300484
2523 2.628324
2524 2.216495
2525 2.798865
2526 3.579652
2527 2.901802
2528 2.667154
2529 3.032999
2530 2.650342
2531 3.120508
2532 3.014928
2533 2.991235
2534 4.082573
2535 5.022817
2536 3.139194
2537 4.163644
2538 3.842046
2539 3.834385
2541 3.248415
2542 3.630794
2543 3.255192
2544 2.737806
2545 3.043932
2546 4.716691
2547 3.156211
2548 3.229794
2549 3.10953
2550 3.648888
2551 3.273526
2552 3.022794
2553 2.908451
2554 2.745996
2555 3.153263
2556 3.032999
2557 2.767714
2558 2.934601
2559 1.309295
2560 0.594925
2561 1.793023
2562 1.332784
2563 1.6117
2564 2.31938
2565 2.361542
2566 2.366082
2567 2.596789
2568 2.978334
2569 3.641651
2570 2.081822
2571 3.546853
2572 3.67805
2573 4.016975
2574 3.004068
2575 3.382857
2576 2.606609
2577 3.054865
2578 3.098597
2579 3.892092
2580 3.098597
2581 3.861988
2582 4.454298
2583 4.207377
2584 3.536588
2585 4.180971
2586 4.585495
2587 4.775896
2588 4.10444
2589 4.344967
2590 4.530842
2591 4.473689
2592 2.934601
2593 3.918577
2594 4.026159
2595 4.465231
2596 3.428562
2597 3.370222
2598 4.902553
2599 4.07618
2600 4.410565
2601 4.366833
2602 3.491052
2603 2.978334
2604 3.550692
2605 3.094887
2606 3.098722
2607 3.036987
2608 2.737806
2609 3.590585
2610 3.429699
2611 3.481255
2612 3.153263
2613 3.083429
2615 3.260148
2616 4.100343
2617 3.500508
2618 3.437522
2619 4.607361
2620 4.196444
2621 4.563628
2622 3.920859
2623 3.021914
2624 2.005443
2625 2.824563
2626 2.813746
2627 3.148723
2628 2.311417
2629 2.265041
2630 3.196995
2631 2.911334
2632 2.250016
2633 2.110082
2634 1.577325
2635 2.543094
2636 2.572547
2637 1.917826
2638 1.867429
2639 1.817613
2640 2.267684
2641 2.282264
2642 2.19113
2643 1.781545
2644 2.7442
2645 2.230222
2646 2.245818
2647 1.967952
2648 1.891703
2649 1.946077
2650 1.913287
2651 1.413133
2652 1.661826
2653 1.633079
2654 1.569614
2655 1.651517
2656 1.052308
2657 1.453415
2658 1.065047
2659 1.105236
2660 1.052099
2661 1.239762
2662 1.048527
2663 1.161053
2664 0.828008
2665 0.870425
2666 1.236488
2667 1.294641
2668 1.377491
2669 1.191921
2670 0.698892
2671 0.563453
2672 0.526551
2673 0.268235
2674 0.68197
2675 0.785443
2676 1.027708
2677 1.399183
2678 1.393039
2679 1.426678
2680 1.589834
2681 1.778807
2682 1.552459
2683 1.963195
2684 1.830362
2685 1.71531
2687 1.478038
2688 1.5494
2689 0.882186
2690 0.818345
2691 0.618064
2692 1.216878
2693 1.163801
2694 1.099845
2695 0.3648
2696 0.573114
2697 1.025325
2698 1.43263
2699 1.358954
2700 1.722867
2701 1.348119
2702 1.950416
2703 1.841295
2704 1.388337
2705 1.098855
2706 2.022617
2707 1.067449
2708 0.719863
2709 0.590118
2710 1.301035
2711 1.872224
2712 1.842798
2713 0.973043
2715 0.315645
2716 1.96575
2717 2.733267
2718 2.223952
2719 2.147421
2720 2.884512
2721 2.832602
2722 2.908196
2723 2.869003
2724 2.661275
2725 2.917116
2726 2.43168
2727 2.052
2728 1.142242
2729 1.432232
2730 1.143382
2731 1.475964
2732 1.269027
2733 1.293941
2734 0.79381
2735 0.672656
2736 0.371724
2737 0.407718
2738 0.502939
2740 0.381648
2741 0.332938
2742 0.585125
2743 1.430305
2744 1.666366
2745 1.75507
2746 1.948487
2747 1.685693
2748 2.623936
2749 2.322326
2750 1.814075
2751 0.664231
2752 0.585125
2753 1.48048
2754 2.950216
2755 2.134379
2756 1.535365
2757 1.831224
2758 0.352434
2759 1.326448
2760 2.474545
2761 2.448855
2762 0.948643
2763 1.224428
2764 1.498377
2765 1.760604
2766 1.557035
2767 1.713728
2768 1.738202
2769 1.845844
2770 1.263937
2771 1.738358
2772 1.74433
2773 2.102115
2774 1.764763
2775 1.941502
2776 1.402297
2777 2.130031
2778 2.20848
2779 2.366082
2780 2.197651
2781 2.295944
2782 1.978545
2783 1.940615
2784 2.361542
2785 1.710431
2786 2.190969
2787 1.239762
2788 1.716492
2789 1.577229
2790 1.733703
2791 1.729078
2792 1.96601
2793 1.950416
2795 1.532325
2796 2.07521
2797 1.946006
2798 2.327937
2799 1.803956
2800 1.344951
2801 0.81193
2802 0.193699
2803 1.607161
2804 1.742897
2805 1.769714
2806 1.393039
2807 1.594418
2808 1.642858
2809 1.9
2810 1.633566
2811 1.863346
2812 1.786113
2813 1.487509
2814 1.357143
2815 1.571168
2816 1.229043
2817 1.63996
2818 1.283772
2819 1.34362
2820 0.856016
2821 1.488982
2822 1.977886
2823 1.180771
2824 1.878494
2825 3.146297
2826 2.416208
2827 1.707386
2828 1.987854
2829 1.917267
2830 2.03809
2831 2.603132
2832 1.987422
2833 2.352798
2834 2.184431
2835 2.234656
2836 2.628476
2837 2.92218
2838 2.170896
2839 2.212662
2840 1.614215
2841 1.388177
2842 1.380626
2843 2.131948
2844 1.742897
