712 2.080967
713 2.052161
714 2.796819
715 3.298254
717 3.860586
718 4.279296
719 2.790386
720 3.080039
721 3.249279
722 3.691668
723 3.416476
724 2.937477
725 3.120622
726 2.484818
727 2.149283
728 2.310873
729 2.713614
730 2.494071
731 2.318626
732 2.950588
733 2.789834
734 2.527947
735 2.142881
736 2.730234
737 2.940879
738 3.504623
739 3.219579
740 2.902825
741 2.731573
742 3.044711
743 3.044029
744 2.678601
745 2.247169
746 2.312921
747 2.343185
748 2.631286
749 2.07984
750 2.572292
751 2.30947
752 2.476409
753 2.456626
754 2.205037
755 2.077283
756 1.47135
757 2.360991
758 1.656214
759 1.187219
760 1.88726
761 3.333107
762 2.392424
763 2.398649
764 2.269143
765 2.072309
766 2.731297
767 1.713159
768 2.274078
769 1.888174
770 2.205275
771 2.358733
772 2.589719
773 2.66966
774 1.880935
775 2.237099
776 2.599611
777 2.665333
778 2.711401
779 1.823524
780 1.996146
782 2.227431
783 2.285011
784 2.016745
785 1.810192
786 2.101428
787 2.131948
788 1.86595
789 2.451282
790 1.949906
791 2.237399
792 2.634869
793 2.20555
794 2.174828
795 2.089695
796 2.110735
797 2.613003
798 1.734122
799 2.613003
800 2.383595
801 2.149155
802 2.657263
803 2.406938
804 3.253994
805 2.467013
806 2.474438
807 3.13779
808 2.016264
809 2.116488
810 2.6911
811 2.690334
812 2.524539
813 2.961863
814 2.722781
815 2.529538
816 2.419373
817 2.85353
818 2.112341
819 2.114092
820 2.03062
821 2.165057
822 2.255671
823 2.223508
824 2.240248
825 2.645802
826 2.390386
828 2.735212
829 2.115834
830 2.383409
831 2.674086
832 2.715157
833 2.236262
834 3.454849
835 2.776256
836 3.172913
837 2.43461
838 2.86061
839 2.20163
840 1.831881
841 1.834139
842 2.243406
843 2.111744
844 2.093352
845 1.911509
846 1.830545
847 2.204
848 1.866605
849 2.36217
850 2.087265
851 2.471851
852 2.041551
853 3.203389
854 2.764841
855 2.741195
856 3.292252
857 2.665921
858 2.620095
859 2.358809
860 2.212428
861 1.691485
862 2.101758
863 2.633061
864 1.061489
865 1.451976
866 0.947812
867 1.300277
868 1.01855
869 0.678878
870 0.941769
871 1.311113
872 1.928396
873 1.839033
874 2.514605
875 2.004262
876 2.253814
877 1.846146
878 2.201816
879 1.92838
880 2.072551
881 2.657364
882 2.155007
883 1.816222
884 2.296094
885 1.99566
886 2.32176
887 3.063828
888 3.514625
889 2.037518
891 2.334682
892 2.134622
893 1.798222
894 1.735692
895 2.26465
896 1.940008
897 1.945752
898 1.769575
899 1.746366
900 2.581439
901 2.0128
902 2.326419
903 1.756468
904 1.311113
905 2.158196
906 2.055417
907 1.688658
908 1.789653
909 1.880488
910 2.03586
911 2.219413
912 1.715429
913 1.535828
914 1.551033
915 1.419469
916 0.970742
917 1.224428
918 1.14468
919 1.016929
920 1.117177
921 0.973043
922 0.544999
923 0.442395
924 0.530947
925 0.53572
926 0.759247
927 0.719846
928 0.313923
929 0.553714
930 0.448256
931 0.631385
932 0.384
940 0.02339
941 1.825822
942 1.904272
943 1.940119
944 2.622226
945 2.038529
946 1.844476
947 2.004747
948 2.122162
949 2.190209
951 2.011482
952 2.058883
953 2.120552
954 2.60207
955 2.088206
956 2.167659
957 1.943802
958 2.115844
959 2.331972
960 1.893518
961 2.580204
962 2.509994
963 2.055944
964 2.094827
965 2.492198
966 1.823377
967 1.77514
968 2.197546
969 1.807034
970 1.86685
971 1.926203
972 2.580204
973 2.156155
974 2.580204
975 0.817015
976 2.342819
977 2.024559
978 2.516361
979 2.236172
980 2.013376
981 2.03582
982 2.076075
983 2.071537
984 2.037109
985 2.174526
986 2.5536
987 2.11005
988 2.090548
990 2.099068
991 2.613003
992 1.968596
993 1.757139
994 2.092794
995 2.067162
996 2.432
997 1.985266
998 1.999656
999 2.051738
1000 2.624825
1001 2.195327
1002 1.530154
1003 1.967952
1004 2.308266
1005 2.580204
1006 1.177943
1007 2.381929
1008 1.962174
1009 1.981141
1010 2.272167
1011 2.628706
1012 2.2449
1013 2.637142
1014 2.115214
1015 1.900455
1016 1.893333
1017 2.164985
1018 1.962244
1019 1.781082
1020 1.201608
1021 1.363973
1023 0.313639
1024 1.554582
1025 1.235093
1026 1.441141
1027 1.121735
1028 1.159414
1029 0.916052
1030 2.099996
1031 2.015847
1032 2.42774
1033 1.594548
1034 2.531711
1035 2.382362
1036 2.736743
1037 2.190435
1038 1.876795
1039 2.230346
1040 1.801706
1041 1.896238
1042 1.993758
1043 1.793702
1044 2.345007
1045 2.449007
1046 1.729118
1048 1.38439
1049 1.935153
1050 1.547791
1051 1.625347
1052 1.583713
1053 1.530397
1054 0.965647
1055 0.863712
1056 0.129774
1057 1.239333
1058 0.780166
1059 1.377566
1060 0.942626
1061 0.70362
1062 0.770093
1063 0.761788
1064 0.847624
1065 0.629273
1066 1.054189
1067 1.0944
1068 0.996879
1069 0.773529
1070 0.92103
1071 1.126907
1072 1.013402
1073 1.169838
1074 1.64865
1075 0.744118
1076 0.837715
1077 1.191704
1078 1.919184
1079 1.731465
1080 1.491388
1081 0.920464
1082 2.060813
1083 1.381259
1084 1.301434
1085 1.594635
1086 1.214825
1087 1.701196
1088 1.110162
1089 1.332503
1090 0.88369
1091 1.58982
1092 1.509143
1093 1.206345
1094 1.552496
1095 1.171401
1096 1.316924
1098 2.523345
1099 2.752253
1100 1.232752
1101 2.261443
1102 2.30595
1103 2.680373
1104 2.209854
1105 2.175976
1106 2.472913
1107 2.474294
1108 1.861664
1109 0.999848
1110 2.027859
1111 1.729131
1112 0.852739
1113 1.607161
1114 1.729332
1115 1.949576
1116 2.464794
1117 3.695377
1118 1.613904
1119 2.011684
1120 2.567064
1121 2.634725
1122 2.740124
1123 2.26411
1124 2.1762
1125 2.254519
1126 1.984547
1127 2.00556
1128 2.088216
1129 1.476683
1131 1.361655
1132 1.191921
1133 1.038641
1134 0.70756
1135 1.820388
1136 1.702889
1137 1.642297
1138 1.4398
1139 1.98384
1140 2.149545
1141 2.338706
1142 2.576634
1143 2.438074
1144 0.966595
1145 0.998875
1146 2.908196
1147 2.13489
1148 3.19156
1149 2.362585
1150 2.465654
1151 3.003564
1152 3.117629
1153 2.972764
1154 2.587879
1155 2.298211
1156 2.591137
1157 2.629302
1158 2.461203
1159 3.358306
1160 0.928222
1161 1.629027
1162 2.771451
1163 3.127297
1164 2.795392
1165 2.040615
1166 2.093352
1167 1.686282
1168 1.770059
1170 1.610656
1171 1.989818
1172 1.785399
1173 0.461365
1174 0.439906
1175 0.647048
1176 0.530947
1177 0.294363
1178 0.11157
1179 0.688096
1180 0.659405
1181 0.314545
1183 0.15463
1184 0.212711
1185 0.454647
1186 0.382509
1187 0.109331
1188 1.324321
1189 1.92422
1190 1.935936
1191 2.531446
1192 1.805053
1193 2.372476
1194 2.5489
1195 1.234842
1196 1.982923
1197 1.809552
1198 1.874566
1199 1.907073
1200 1.871161
1201 2.558338
1203 0.750504
1204 6.201705
1205 2.153814
1206 3.247121
1207 2.330609
1208 3.142337
1209 2.527881
1210 3.236188
1211 2.567469
1212 2.667668
1213 2.377285
1214 2.714286
1215 1.880031
1216 2.153814
1217 2.970906
1218 3.463429
1219 3.080919
1220 2.99916
1221 3.810708
1222 3.373225
1223 2.741658
1224 3.192456
1225 3.259029
1226 2.715327
1227 2.634869
1228 2.347695
1229 3.279083
1230 4.176432
1231 2.506236
1232 2.820059
1234 0.329349
1235 5.088652
1236 2.919129
1237 2.25271
1238 2.742977
1239 3.169399
1240 1.863373
1241 1.984888
1242 2.471247
1243 3.546767
1244 2.788875
1245 2.255388
1246 1.025497
1247 1.354455
1248 1.278606
1249 0.786268
1250 1.142122
1251 2.5489
1253 2.384099
1254 1.543576
1255 1.404986
1256 1.370134
1257 1.292625
1258 1.223664
1259 0.909543
1260 1.354885
1261 1.670178
1262 1.365128
1263 1.461948
1264 1.38397
1265 1.554374
1267 1.514638
1268 3.487648
1269 3.069126
1270 1.294618
1271 4.056168
1272 3.069348
1273 1.34362
1274 0.846018
1275 1.289442
1276 0.53572
1277 2.185903
1278 1.322901
1279 2.416208
1280 3.115924
1281 2.210786
1282 1.729686
1283 1.679572
1284 1.267828
1285 1.05161
1286 0.914587
1287 0.820078
1288 0.838787
1289 0.624972
1290 1.066006
1291 1.232944
1292 0.788553
1294 0.797908
1295 0.69569
1296 0.689826
1297 0.593701
1298 0.349969
1299 0.49786
1299 0.990421
