17653 1.367856
17654 1.659497
17655 1.478838
17656 1.571122
17657 1.364451
17658 1.299547
17659 1.769655
17660 1.723227
17661 1.817223
17663 1.689432
17664 2.451282
17665 2.120583
17666 1.269115
17667 1.964364
17668 1.845633
17669 1.652273
17670 2.164747
17671 1.442402
17672 2.395317
17673 2.062827
17674 1.784559
17675 2.211632
17676 2.15249
17677 2.339429
17679 1.863697
17680 1.958194
17681 1.893754
17682 1.629027
17683 1.133451
17684 1.966097
17685 1.91984
17686 2.052348
17687 2.141106
17688 2.056783
17689 2.363972
17690 2.660214
17691 2.605403
17692 2.367865
17693 2.661468
17694 2.709483
17695 2.783706
17696 2.68724
17697 2.272263
17698 1.848302
17699 2.195353
17700 1.89773
17701 1.898577
17702 1.79064
17703 2.634869
17704 1.948908
17705 2.097489
17706 1.839318
17707 2.427184
17708 1.892095
17709 1.7952
17710 2.186613
17711 1.666426
17713 2.069608
17714 1.84339
17715 2.247343
17716 2.448824
17717 2.907508
17718 2.342819
17719 1.478418
17720 1.838517
17721 2.36217
17722 1.480206
17723 1.809552
17724 1.512583
17725 1.813078
17726 1.623984
17727 1.044567
17728 1.782541
17729 3.254889
17730 2.471389
17731 2.552393
17732 3.225255
17733 2.379173
17734 2.118557
17735 2.413796
17736 2.123373
17737 1.961774
17738 1.86477
17739 2.340499
17740 1.838036
17741 2.115005
17742 1.966132
17743 2.847396
17744 1.739462
17745 1.959207
17746 1.182256
17747 1.171045
17748 1.311113
17749 0.997671
17750 0.877687
17751 0.558477
17752 0.899133
17753 0.733142
17754 0.775643
17755 0.509275
17756 0.47892
17757 0.617632
17758 0.568659
17759 0.490548
17760 0.644396
17761 0.563453
17762 0.215569
17764 0.1824
17765 0.171671
17766 0.160941
17767 0.016082
17821 0.000202
17822 0.865994
17823 0.551808
17824 1.310383
17825 1.088415
17826 1.250527
17827 1.364004
17828 1.148586
17829 2.024967
17830 1.579895
17831 2.105901
17832 1.707814
17834 1.150079
17835 0.691807
17836 0.969933
17837 1.755437
17838 1.927772
17839 1.507376
17840 2.632301
17841 2.209553
17842 2.03468
17843 2.698075
17844 1.512895
17845 2.286684
17847 2.224319
17848 2.772099
17849 2.977946
17850 3.387788
17851 2.57942
17852 3.20561
17853 2.393118
17854 2.403993
17855 2.4464
17856 3.170589
17857 2.906653
17858 2.084052
17859 2.353121
17860 2.983724
17861 3.261529
17862 2.650717
17863 1.894944
17864 1.673399
17865 2.634869
17866 2.133992
17867 2.503672
17868 1.571124
17870 1.831224
17871 1.554421
17872 2.252212
17873 2.03857
17874 1.811596
17875 1.820816
17876 1.802962
17877 2.574434
17878 2.513459
17879 2.623936
17880 1.884638
17881 2.263145
17882 1.89334
17883 2.219413
17884 1.771548
17885 1.834857
17886 1.599765
17888 0.113867
17889 5.348835
17890 2.083549
17891 1.831224
17892 1.021608
17893 2.242447
17894 2.356771
17895 2.851906
17896 2.328048
17897 1.589809
17898 1.879683
17899 2.275485
17900 1.830053
17901 2.819832
17902 2.369311
17903 2.143687
17904 2.428652
17905 2.347442
17906 2.340048
17907 2.324928
17908 2.290722
17909 2.132366
17910 1.802156
17911 1.336935
17912 1.254796
17913 1.207539
17914 1.077187
17915 1.786643
17916 2.065039
17917 2.550619
17918 3.300571
17919 2.017982
17920 3.156297
17921 2.904302
17922 2.817372
17924 2.504945
17925 2.973794
17926 2.569447
17927 2.239325
17928 2.371636
17929 2.937562
17930 3.201095
17931 3.228819
17932 3.305815
17933 3.079347
17934 3.035309
17935 2.966254
17936 1.732425
17937 1.896669
17938 1.237257
17939 1.025391
17940 1.158267
17941 1.259852
17942 1.92422
17943 1.495287
17944 2.285437
17946 1.971659
17947 1.344767
17948 1.667702
17949 1.847688
17950 0.664807
17951 1.224503
17952 1.168777
17953 2.066827
17954 2.254323
17956 2.172914
17957 2.66158
17958 3.527185
17959 3.069896
17960 3.214322
17961 3.801299
17962 2.208349
17963 2.246434
17964 2.232571
17965 2.355924
17966 3.115924
17967 2.208176
17968 2.325736
17969 1.883453
17970 1.357477
17971 1.6512
17973 0.477612
17974 0.585525
17975 0.631385
17976 0.725988
17977 0.865901
17978 1.679525
17979 0.947863
17980 0.343341
17981 0.396988
17982 0.697412
17983 0.834345
17984 1.533347
17985 2.502352
17986 1.810046
17987 1.65085
17988 1.642622
17989 1.421685
17990 1.643516
17991 1.89623
17992 1.924768
17993 1.59783
17994 1.608503
17995 2.305543
17996 2.416349
17998 2.087663
17999 2.011611
18000 1.975608
18001 2.607675
18002 2.279896
18003 2.85353
18004 2.653812
18005 2.54844
18006 2.47538
18007 2.809213
18008 2.107548
18009 2.500599
18010 3.185679
18011 2.772202
18012 3.603121
18013 3.99443
18014 2.929974
18015 2.900929
18016 2.673348
18017 2.352491
18018 2.141698
18019 3.06623
18020 2.94675
18021 2.972554
18022 3.017518
18023 3.367489
18024 3.870178
18025 2.473676
18026 3.377391
18027 3.001987
18028 3.161012
18029 3.209686
18030 3.108412
18031 3.558351
18033 1.637151
18034 5.751331
18035 1.966004
18036 2.798018
18037 2.904786
18038 2.962861
18039 2.703691
18040 2.763089
18041 2.076919
18042 1.778709
18043 2.202204
18044 2.95805
18045 2.978302
18046 3.098066
18047 2.447058
18048 2.862652
18049 2.500567
18050 2.97636
18051 3.802038
18052 2.432369
18053 2.792887
18054 2.805542
18055 3.156108
18057 2.270541
18058 2.051329
18059 1.125338
18060 1.933189
18061 3.159656
18062 2.960999
18063 2.639254
18064 2.784903
18065 3.114543
18066 2.849399
18067 2.648708
18068 3.072998
18069 2.544381
18070 2.100036
18071 0.636156
18072 1.997714
18073 1.558789
18074 1.774504
18075 2.754758
18076 2.715559
18077 1.796938
18078 1.084638
18079 1.094827
18080 1.377566
18081 0.939449
18082 1.395251
18083 0.950228
18084 0.857078
18085 1.061893
18086 1.224428
18087 1.183361
18088 1.095485
18089 0.487604
18090 0.638154
18092 1.129334
18093 1.261166
18094 0.450654
18095 0.557929
18096 0.472094
18098 0.022035
18099 0.774768
18100 0.395052
18101 0.658765
18102 0.437631
18103 0.53572
18104 1.494578
18105 2.013898
18106 2.387262
18107 1.254112
18108 0.517134
18109 0.32315
18110 1.102038
18111 0.92103
18112 0.754382
18113 1.271533
18114 1.541875
18115 1.415494
18116 1.353845
18118 1.233561
18119 1.300277
18120 1.093069
18121 0.833223
18122 1.5908
18123 2.206154
18124 2.029185
18125 2.722994
18126 2.022096
18127 2.599144
18129 2.052192
18130 1.999385
18131 2.092815
18132 2.329119
18133 3.503704
18134 2.582689
18135 2.513535
18136 2.576515
18137 2.480792
18138 2.596867
18139 3.552288
18140 3.460071
18141 2.727461
18142 2.492739
18143 1.774281
18144 1.762719
18145 1.390165
18146 1.416282
18147 1.17025
18148 0.989537
18149 1.59284
18150 0.90301
18151 0.801045
18152 1.117177
18153 0.925767
18154 0.841846
18155 0.44626
18156 0.624333
18157 0.412627
18158 0.644407
18159 0.317853
18160 0.649496
18161 0.555927
18162 0.761788
18163 0.510218
18164 0.824325
18165 0.568063
18166 0.48009
18168 0.965647
18169 0.595504
18170 0.673141
18171 0.799754
18172 0.669169
18173 0.84518
18174 0.758495
18175 0.432769
18176 0.509275
18177 0.476297
18178 0.416812
18179 0.524569
18180 1.061893
18181 0.718337
18182 0.912
18183 0.219857
18184 0.155112
18185 0.396988
18186 0.538677
18187 1.082493
18188 1.116513
18189 1.157072
18190 1.013404
18192 0.864055
18193 1.004857
18194 0.958924
18195 1.408634
18196 0.709354
18197 0.675953
18198 0.403759
18199 0.418447
18200 0.661584
18201 0.634749
18202 0.29184
18203 0.747659
18204 0.620134
18205 0.655686
18206 0.890541
18207 0.744127
18208 0.71988
18209 0.747774
18210 0.819857
18211 0.897119
18212 1.335873
18213 0.780166
18214 0.622018
18215 0.408427
18216 0.476768
18217 0.487604
18218 1.144977
18219 1.660092
18220 1.526811
18221 1.299129
18222 1.413155
18223 1.414862
18224 1.415385
18225 1.68597
18226 1.980028
18227 2.079477
18228 2.007417
18230 1.552107
18231 1.805121
18232 2.051746
18233 2.768815
18234 2.929766
18235 2.334354
18236 0.751527
18237 2.153814
18238 2.132274
18239 2.294905
18240 2.103722
18241 1.635234
18242 1.547964
18243 0.96798
18244 1.563429
18245 1.663005
18246 2.097054
18247 1.720008
18248 2.145457
18249 1.378847
18250 1.128024
18251 0.525483
18252 0.888523
18253 1.494446
18254 1.891421
18255 1.586384
18256 1.419588
18257 1.733815
18258 2.134622
18259 1.121679
18260 0.681003
18262 1.002559
18263 0.988075
18264 1.168392
18265 1.619949
18266 1.843149
18267 2.537183
18268 2.33035
18269 2.418864
18270 2.507069
18271 2.526062
18272 2.087687
18273 2.131948
18274 1.883462
18275 1.541059
18276 1.898117
18277 1.232973
18278 0.807984
18279 1.366633
18280 1.629169
18281 1.989818
18282 1.755374
18283 1.343613
18284 1.140308
18285 1.321949
18286 0.631385
18287 0.422237
18288 1.050018
18289 2.219634
18290 2.448855
18291 2.155732
18292 2.459447
18293 2.307796
