2284 0.145219
2285 0.276256
2286 0.202076
2287 0.497947
2288 0.697412
2289 1.213592
2290 0.508737
2291 0.526154
2292 0.66939
2293 0.769331
2294 1.182372
2295 2.149714
2296 2.134355
2297 2.046453
2298 1.673169
2299 2.398881
2300 1.704571
2301 1.108779
2305 0.112692
2306 2.145915
2307 0.336238
2308 0.008686
2309 1.257303
2310 1.913467
2311 2.230346
2312 2.530762
2313 2.542557
2314 2.407409
2315 2.459326
2316 2.343467
2317 1.89596
2318 1.780571
2319 1.863161
2321 2.08347
2322 2.26465
2323 1.727366
2324 2.035086
2325 2.46448
2326 2.647697
2327 2.830173
2328 3.710849
2329 3.131397
2330 3.371924
2331 3.080135
2332 3.295393
2333 2.640174
2334 1.933189
2335 1.915912
2336 2.479937
2337 3.076731
2338 3.150116
2339 2.776354
2340 3.032999
2341 3.371924
2342 3.251112
2343 3.262593
2344 3.323497
2345 2.426832
2346 2.601946
2347 2.628476
2348 2.482503
2349 3.023941
2350 4.476164
2351 4.869754
2352 4.371373
2353 4.764663
2354 3.765514
2355 3.175121
2356 2.737792
2357 2.303937
2358 2.130031
2359 2.973794
2360 1.913467
2361 2.683141
2362 2.669541
2363 2.665006
2364 2.846695
2365 2.617542
2366 2.387948
2367 2.827365
2368 3.128271
2369 3.011133
2370 2.714991
2371 3.098994
2372 2.672208
2373 2.245818
2374 3.001079
2375 1.932556
2376 2.410286
2377 1.742897
2378 1.874566
2379 1.837623
2380 2.449795
2381 2.624623
2382 2.547405
2383 2.398881
2384 1.926222
2385 2.03355
2386 1.447704
2387 1.732531
2388 1.742897
2389 2.233937
2390 3.192456
2391 2.238367
2392 2.890869
2393 2.398881
2394 3.009764
2395 2.852371
2396 2.802234
2397 3.38522
2398 2.299433
2399 1.983425
2400 2.549397
2401 1.365312
2402 1.190965
2403 0.416253
2404 2.908196
2405 2.945534
2406 2.56425
2407 2.46448
2408 2.175937
2409 2.919129
2411 3.094198
2412 3.044207
2413 3.08682
2414 3.098994
2415 2.978334
2416 3.475798
2417 3.794523
2418 2.555784
2419 2.618014
2420 2.453546
2421 2.344998
2422 1.760224
2423 1.532325
2424 2.323429
2425 2.562877
2426 2.466482
2427 1.635592
2428 1.516166
2429 1.041046
2430 1.01302
2431 1.831224
2432 1.358954
2433 1.647018
2434 1.532325
2435 1.684518
2436 1.37782
2437 1.105129
2438 0.965328
2439 0.994909
2440 1.481079
2441 1.66187
2442 2.088216
2443 0.938951
2444 1.229043
2445 1.009554
2446 1.007577
2447 0.5365
2448 0.664572
2449 0.622306
2450 0.67181
2451 0.520626
2452 0.469966
2453 0.404152
2454 0.220985
2455 0.907445
2456 1.214795
2457 0.829806
2459 0.472557
2460 0.793199
2462 0.30411
2463 1.089342
2464 1.256935
2465 0.977335
2466 0.418037
2467 0.301918
2468 0.444261
2469 0.808303
2472 0.029453
2473 1.900737
2477 0.203596
2478 1.399433
2479 0.411347
2480 0.497515
2481 0.655136
2482 0.639303
2483 1.419469
2484 0.922917
2485 0.984875
2486 0.379248
2487 0.294646
2488 0.896511
2489 0.412577
2490 0.994909
2491 1.811346
2492 1.583368
2493 1.672
2494 1.608174
2495 1.635446
2496 1.931294
2498 1.4305
2499 0.892291
2500 0.303398
2501 0.444261
2502 1.168459
2503 2.492739
2504 2.599365
2505 1.522715
2506 2.866286
2507 2.223952
2508 1.468741
2509 2.242978
2510 1.882125
2511 2.047937
2512 2.213019
2513 2.694406
2514 2.046978
2515 2.508
2516 2.191153
2517 2.520864
2518 2.803405
2519 3.019798
2520 3.503121
2521 2.847137
2522 3.215033
2523 2.958751
2524 2.828838
2525 2.453546
2526 2.02796
2527 1.787881
2528 1.261434
2529 1.49783
2530 0.108773
2531 1.839527
2532 0.126277
2533 0.546653
2534 0.988075
2535 0.343929
2537 0.261398
2538 0.368412
2539 0.295193
2540 0.564012
2541 0.725523
2542 0.61799
2543 0.533854
2544 0.505441
2545 0.682646
2546 0.896511
2547 1.266071
2548 1.066392
2549 0.365158
2550 0.473953
2551 0.81753
2552 0.546281
2553 0.633035
2554 0.632415
2555 0.660974
2556 0.650783
2557 0.358167
2558 0.816364
2559 1.410664
2560 1.145266
2561 1.247334
2562 1.125792
2563 0.596551
2565 0.257536
