310 2.290857
311 1.359113
312 2.923668
313 2.592285
314 2.399176
315 1.781545
316 2.253814
317 2.182463
318 2.516631
319 2.458222
320 2.212662
321 2.147421
322 2.854273
323 2.203984
324 2.536472
325 1.871937
326 1.978885
327 3.222685
328 3.25166
329 3.388575
330 2.508212
331 2.510018
332 2.409814
333 2.115045
334 1.640681
335 2.119548
336 2.766066
337 2.778424
338 2.355834
339 1.989384
340 2.206275
341 2.047057
342 2.377015
344 1.974042
345 1.710098
346 1.760224
347 1.752508
348 1.957019
349 1.653154
350 1.863161
351 2.275485
352 2.085961
353 1.980608
354 2.022617
355 1.819429
356 2.084571
357 1.770709
358 1.744539
359 1.6445
360 1.735421
361 1.557035
362 1.905316
363 1.73564
364 1.731964
365 1.791429
366 1.803192
367 2.199636
368 2.030788
369 2.0416
370 2.167129
371 1.775696
372 2.082505
373 2.059956
374 2.05447
375 2.269593
376 2.689534
377 2.325629
378 2.486346
379 2.737806
380 2.64377
381 2.689534
382 2.401554
383 2.407628
384 2.759485
385 2.536472
386 2.336476
387 2.161067
388 2.204135
389 2.295944
390 1.522997
391 2.123786
392 2.21497
393 3.885778
394 4.055789
395 3.039393
396 2.892508
397 2.756752
398 3.032999
399 2.813717
400 2.366669
401 2.136737
402 2.344208
403 1.994358
404 1.878286
405 1.819429
406 1.995734
407 1.852228
408 1.889901
409 2.210471
410 2.256751
411 2.260551
412 2.722334
413 2.191153
414 1.509532
415 1.930656
416 1.725658
417 1.952349
418 1.808496
419 1.876424
420 1.830362
421 1.785537
422 2.093352
423 1.886166
424 2.041143
425 1.705695
426 1.519696
427 1.436226
428 1.701196
429 1.557035
430 1.653951
431 1.337283
432 1.408634
433 1.410008
434 1.397798
435 1.105236
436 0.838844
437 1.24637
438 0.997867
439 0.784665
440 0.736824
441 0.643765
442 0.499386
444 0.44626
445 0.321458
446 0.482824
451 0.068414
452 0.2592
454 0.0399
455 0.332612
460 0.02575
461 0.311458
462 0.019738
465 0.110444
468 0.091808
472 0.158595
473 0.791786
475 0.5888
476 0.662305
477 0.595371
478 0.574321
479 0.013352
480 0.612252
481 0.672476
482 0.357785
483 0.926031
485 0.347722
486 0.834345
487 0.909294
488 0.719576
489 0.541782
490 0.52461
491 1.029386
492 0.931865
493 0.917001
494 1.040222
495 0.933714
496 1.040222
497 1.250598
498 0.753629
499 0.673143
500 0.087091
501 1.363295
502 0.769331
503 0.568519
504 0.698096
505 0.535674
506 0.643765
508 0.637515
509 0.569217
510 0.349509
511 0.393899
512 0.476768
513 0.253719
514 0.476768
515 0.347262
516 0.404523
517 0.315996
518 0.26588
519 0.254757
520 0.276256
521 0.260055
522 0.178892
523 0.180805
524 0.181343
525 0.38288
526 0.248973
527 0.249467
528 0.229594
529 0.248143
530 0.224186
531 0.184105
532 0.166925
533 0.140436
534 0.159185
548 0.00082
549 1.02305
550 3.973243
551 4.749491
552 4.147866
553 4.646451
554 4.334034
555 4.547302
556 5.258092
559 0.244434
560 3.114829
561 4.771357
562 4.668295
563 4.506428
564 4.694825
565 4.065079
566 3.306097
567 3.255467
568 3.376464
569 3.786139
570 3.549228
571 5.497327
572 5.016435
573 4.918026
574 5.471073
575 4.272975
576 4.847888
577 4.696101
578 5.252412
579 4.97665
580 5.064745
581 4.533808
582 5.389814
583 5.235085
584 5.146504
585 5.087178
586 4.52131
587 4.880687
588 4.654611
589 3.204954
590 4.847888
592 4.623362
593 4.979085
594 4.673419
595 5.121215
596 4.538025
597 4.082743
598 4.89162
599 4.415105
600 4.968152
601 4.280681
602 4.618294
603 4.586222
604 4.382306
605 4.944508
606 4.173918
607 4.727624
608 4.64016
609 4.119912
610 4.810283
611 4.514591
612 5.110282
613 4.365748
614 4.727624
615 4.377766
616 3.964949
617 4.541762
618 5.186813
619 3.618154
620 5.022825
621 4.288498
622 4.787734
623 4.891644
624 4.316555
625 2.751516
626 3.973243
627 3.885778
628 4.184508
629 3.920665
630 4.027908
631 4.891596
632 4.165299
633 4.804156
634 4.537745
635 4.618318
636 4.776307
637 4.188076
638 4.432432
639 4.778
640 4.316072
641 4.3559
642 4.334034
643 3.79192
644 4.704127
645 4.027908
646 4.21831
647 4.418981
648 4.148172
649 3.926613
650 4.530829
651 4.607361
652 3.339125
653 3.847937
654 4.098046
655 4.690141
656 4.248158
657 4.651365
658 4.193741
659 4.480703
660 4.643471
661 4.445416
662 3.93405
663 4.957219
664 4.363433
665 5.208679
666 4.825741
667 5.313344
668 4.75403
669 5.389158
670 4.688432
671 5.334547
672 4.246384
673 5.121215
674 4.319302
675 5.230545
676 4.038827
677 4.301235
678 4.880687
679 4.065247
680 4.488508
681 4.241164
682 4.082645
683 3.923117
684 4.036512
685 4.126306
686 4.10444
687 3.989629
688 4.530829
689 4.07164
691 3.567234
692 4.28034
693 3.874845
694 3.648888
695 3.973243
696 3.645251
697 3.954081
698 4.371295
699 4.399523
700 3.74818
701 4.342906
702 2.412551
703 3.809247
704 3.350058
705 3.800737
706 4.180971
707 3.323497
708 3.215033
709 2.059956
710 3.306326
711 3.685079
712 4.15455
713 3.902858
714 3.20182
715 3.131185
716 4.935353
717 4.33221
718 3.645275
719 3.191539
720 3.168768
721 3.070672
722 3.126857
723 1.893651
724 2.661275
725 3.146836
726 2.453546
727 1.902354
728 1.928802
729 2.197546
730 1.882794
731 1.610867
732 1.265518
733 1.49783
734 1.750771
735 1.902354
736 1.250292
737 2.256751
738 2.801143
739 1.521489
740 2.032314
741 2.077283
742 1.631461
743 2.17568
744 1.885437
745 2.188965
746 3.018286
747 2.213019
748 2.081822
749 1.813119
750 2.326002
751 2.312491
752 2.195473
753 2.131948
754 2.03809
755 2.412574
756 2.722334
757 2.585943
758 2.409814
759 2.737806
760 2.631937
761 2.86614
762 2.768571
763 2.453546
764 2.626725
765 2.781177
766 2.43168
767 2.973794
768 3.142222
770 3.301748
771 3.214322
772 2.488325
773 2.518368
774 3.146836
775 3.240727
776 2.637552
777 2.661275
778 2.806206
779 3.225255
780 2.642794
781 3.237493
782 3.533079
783 2.967401
784 2.923668
785 2.756589
786 3.754581
787 3.945326
788 4.100343
789 5.154014
790 3.988715
791 4.395154
792 3.42317
793 3.424508
794 3.376922
795 3.754263
796 3.331042
797 3.765514
798 3.60057
799 4.563628
800 4.267132
801 4.064031
802 3.842046
803 4.016975
804 2.990163
805 4.574561
