1707 2.42959
1708 1.883146
1709 2.672208
1710 3.368544
1711 4.015873
1712 3.772679
1713 3.497486
1714 2.869003
1715 2.977369
1716 3.061891
1717 3.590585
1718 4.160191
1719 3.179343
1720 3.207928
1721 3.481255
1722 3.853746
1723 3.339709
1724 3.158677
1725 3.101645
1726 3.13779
1727 3.350058
1728 3.032999
1729 2.547583
1731 2.661655
1732 3.764814
1733 3.06015
1734 2.989267
1735 3.623385
1736 3.370222
1737 3.317259
1738 2.978334
1739 3.109651
1740 3.579652
1741 3.106569
1742 3.027644
1743 2.8298
1744 2.577651
1745 2.223604
1746 2.741418
1747 3.120464
1748 3.779634
1749 4.126306
1750 3.876662
1751 3.339125
1752 3.470322
1753 2.569343
1754 3.229794
1755 3.601518
1756 3.377728
1757 3.529578
1758 2.967401
1759 2.271397
1760 0.364488
1761 1.76796
1762 2.092755
1763 1.805003
1764 1.825822
1765 1.588075
1766 1.92422
1767 1.371148
1768 1.333834
1769 1.764763
1770 1.541714
1771 1.083775
1772 0.859753
1773 1.574362
1774 1.403687
1775 1.585295
1776 1.518494
1777 1.293941
1778 1.448471
1779 0.824527
1780 1.071441
1781 1.312412
1782 1.27353
1783 1.202756
1784 1.321024
1785 1.519696
1786 1.224428
1787 1.371148
1788 1.51549
1789 1.143374
1790 0.620862
1791 0.787181
1792 1.505219
1793 1.880488
1794 1.577229
1795 0.770093
1796 1.311968
1797 1.972492
1798 2.104198
1799 1.622633
1800 1.848389
1801 1.789653
1802 1.710098
1803 2.110082
1804 1.967699
1805 2.097584
1806 2.180123
1808 1.682358
1809 2.26465
1810 1.928759
1811 2.186813
1812 2.518961
1813 2.321126
1814 1.819429
1815 2.131948
1816 1.870081
1817 1.750771
1818 2.285011
1819 2.228012
1820 1.731105
1821 1.917909
1822 1.894068
1823 1.954286
1824 1.608174
1825 1.93958
1826 1.693183
1827 1.659497
1828 1.666366
1829 1.898117
1830 1.532325
1831 1.664965
1832 1.83653
1833 1.533637
1834 2.03912
1835 1.73359
1836 2.123786
1837 1.899303
1838 1.775096
1839 1.930656
1840 1.710098
1841 1.952349
1842 1.86823
1843 2.052675
1844 1.939003
1845 1.928759
1846 1.930656
1847 1.694859
1848 2.01543
1849 1.808496
1850 1.868751
1851 2.069608
1852 1.917826
1853 2.049966
1854 1.882994
1855 1.459449
1856 1.825822
1857 1.805011
1858 2.088216
1859 1.577229
1860 1.116071
1862 0.100515
1863 3.010293
1864 2.125554
1865 2.306824
1866 1.764763
1867 1.815849
1868 2.071659
1869 2.016224
1870 2.329969
1871 1.629027
1872 1.882794
1873 2.011684
1874 2.005291
1875 1.824
1876 1.458637
1877 2.011684
1878 1.589651
1879 1.987448
1880 1.952349
1881 0.562592
1882 0.828829
1883 0.791002
1884 0.509275
1885 0.585125
1886 0.67181
1887 0.477908
1888 1.692934
1889 1.828508
1890 2.011684
1891 1.552534
1892 2.099149
1893 2.081822
1894 1.913467
1895 2.328743
1896 2.119548
1897 2.016224
1898 1.941502
1899 1.532317
1900 1.159414
1901 0.780166
1902 1.249067
1903 2.787932
1904 2.510018
1905 2.377015
1906 3.699916
1907 2.870794
1908 2.800095
1909 2.883925
1910 2.625852
1911 2.956075
1912 3.196995
1913 2.519145
1914 3.522222
1915 3.503121
1916 2.943873
1917 2.169575
1918 2.446191
1919 2.415546
1920 3.134675
1922 2.886629
1923 2.514605
1924 2.206319
1925 2.854273
1926 2.161075
1927 2.831664
1928 2.672714
1929 2.584743
1930 2.336476
1931 2.449007
1932 2.195473
1933 1.989391
1934 2.089211
1935 2.106614
1936 2.388341
1937 2.57381
1938 2.330567
1939 2.095778
1940 2.149956
1941 2.11295
1942 2.065316
1943 1.935537
1944 2.256048
1945 2.398881
1946 2.223952
1947 2.654084
1948 2.938852
1949 2.0579
1950 2.460663
1951 2.44889
1952 1.730462
1953 2.193299
1954 2.44494
1955 2.569271
1956 2.300476
1957 2.360508
1958 2.297356
1959 2.45994
1960 1.826696
1961 2.099149
1962 1.863161
1963 2.078222
1964 2.186613
1965 1.924313
1966 2.147421
1967 2.375358
1968 2.223952
1969 2.314783
1970 2.266509
1971 2.006026
1972 2.29309
1973 2.123786
1974 1.937756
1975 2.251937
1976 2.097054
1977 1.893651
1978 2.366669
1979 2.004594
1980 1.75383
1981 1.967952
1982 1.567937
1983 1.760224
1984 1.089142
1985 1.256935
1986 1.283708
1987 1.589511
1988 1.651517
1989 1.618094
1990 1.355798
1991 0.936372
1992 1.6416
1993 1.54316
1994 2.011684
1995 2.068558
1996 1.432232
1997 1.37782
1998 1.820388
1999 1.402297
2000 1.225641
2001 1.368435
2002 1.420876
2003 0.887644
2005 0.626761
2006 0.802632
2007 0.918378
2008 0.901271
2009 0.937292
2010 0.996879
2011 1.24637
2012 2.158354
2013 2.453546
2014 2.179565
2015 3.010138
2016 2.15405
2017 2.030764
2018 2.43802
2019 2.223952
2020 2.270587
2021 2.162934
2022 2.525538
2023 1.976586
2024 2.076163
2025 2.12982
2026 1.969651
2027 2.197546
2028 2.202086
2029 1.699165
2030 1.686171
2031 2.143365
2032 2.234885
2033 2.85353
2034 2.761712
2035 2.027157
2036 1.853297
2037 2.722334
2038 2.130394
2039 2.084943
2040 2.077283
2041 2.184667
2042 1.676207
2043 2.047937
2044 1.68808
2045 1.89856
2046 1.255722
2047 2.088216
2048 2.072055
2049 2.175937
2050 2.45994
2051 2.030764
2052 2.246902
2053 2.383409
2054 2.059956
2055 2.178097
2056 2.17568
2057 2.114621
2058 2.794794
2059 3.0002
2060 2.743229
2061 2.130403
2062 1.44564
2063 2.569271
2064 2.541011
2065 2.945534
2066 2.280438
2067 2.06248
2068 2.536472
2069 2.300484
2070 2.358168
2071 2.585943
2072 2.700468
2073 2.355834
2074 2.149956
2075 2.479677
2076 1.891421
2077 1.598922
2078 2.15416
2079 2.114621
2080 2.143365
2081 2.20848
2082 1.555536
2083 1.657853
2084 1.731964
2085 1.891421
2086 1.687365
2087 2.377015
2088 1.822192
2089 1.710431
2090 1.92422
2091 1.983425
2092 2.11156
2093 1.967952
2094 1.808488
2095 1.910857
2096 1.817613
2097 2.225714
2098 1.906893
2099 2.005291
2100 2.364511
2101 2.236173
2102 1.906893
2104 1.935088
2105 1.622633
2106 2.011684
2107 1.969651
2108 1.781545
2109 2.449007
2110 1.967699
2111 1.880488
2112 1.457919
2113 1.683692
2114 1.447704
2115 1.784582
2116 1.402297
2117 1.563429
2118 1.27353
2119 1.278606
2120 1.0944
2121 0.868252
2122 1.117177
2123 1.030406
2124 0.573059
2125 1.061893
2126 1.040222
2127 0.568659
2128 0.372911
2129 0.611576
2130 0.493553
2131 0.595371
2132 0.310028
2133 0.239954
2134 0.26232
2135 0.22974
2190 0.003558
2191 0.231426
2192 0.863712
2193 1.041253
2194 0.931865
2195 1.044721
2196 1.213592
2197 1.202756
2198 0.991561
2199 1.212424
2200 1.137743
2201 0.752158
2202 0.866851
2203 0.682646
2205 0.255171
2206 0.862222
2207 0.666917
2208 0.758495
2209 1.126106
2210 0.885134
2211 0.846018
2212 1.071441
2213 1.19642
2215 1.370656
2216 1.421299
2217 1.021315
2218 1.216
2219 1.15422
2220 1.114967
2221 1.235263
2222 0.852915
2223 1.224428
2224 1.289442
2225 1.578901
2226 1.657853
2227 1.012214
2228 1.236488
2229 1.672759
2230 1.141578
2231 0.848455
2232 0.824325
2233 0.852078
2234 1.256935
2235 1.202756
2236 0.769854
2237 1.031034
2238 0.899358
2239 0.834629
2240 1.126276
2241 0.740329
2242 0.725988
2243 0.587245
2244 0.701266
2245 0.682646
2246 0.536471
2247 0.655984
2248 0.676979
2249 0.906539
2250 0.904903
2251 0.996879
2252 0.884267
2253 1.072729
2254 1.016775
2255 0.850521
2256 0.834345
2257 0.704317
2258 0.675953
2259 0.735283
2260 0.631092
2261 0.908395
2262 0.933714
2264 0.68222
2265 1.549497
2266 1.514874
2267 1.89023
2268 1.324173
2269 1.574362
2270 1.485954
2271 1.293941
2272 1.657853
2273 1.175921
2274 1.705558
2275 1.315194
2276 1.302857
2277 1.062945
2278 0.589624
2279 0.765315
2280 0.90025
2281 0.798114
2282 0.87219
2283 1.191704
2284 1.202756
2285 1.04578
2286 1.202756
2287 1.027708
2288 1.012214
2289 0.953537
2290 0.931865
2291 1.132527
2292 1.224428
2293 1.268236
2294 1.02305
2295 1.289442
2296 1.29072
2297 1.185584
2298 1.519696
2299 1.598922
2300 1.45054
2301 1.251837
2302 1.235437
2303 1.171409
2304 1.19542
2305 1.978885
2306 1.284377
2307 1.376127
2308 1.23694
2309 1.278606
2310 1.408634
2311 1.30555
2312 1.377491
2313 1.207279
2314 2.285011
2315 1.721031
2316 2.149714
2317 1.283708
2318 1.561879
2319 1.153077
2320 1.652329
2321 1.478123
2322 1.78209
2323 2.000262
2324 1.727425
2325 1.110827
2326 1.545035
2327 1.478147
2328 1.480659
2329 1.257303
2330 0.659596
2331 1.188391
2332 1.054584
2333 0.654638
2334 0.639303
2335 0.791002
2336 0.666917
2337 0.660047
2338 0.71894
2339 0.830913
2340 0.824325
2341 1.181085
2342 1.239762
2343 1.475108
2344 1.819429
2345 2.084943
2346 1.917909
2347 1.243001
2348 0.869082
2349 0.541782
2350 0.456442
2351 0.541782
2353 1.142893
2354 1.377566
2355 1.465031
2356 1.75383
2357 1.55425
2358 1.842059
2359 1.375068
2360 1.475108
2361 1.0944
2362 1.349307
2363 1.560333
2364 1.089142
2365 1.353116
2366 1.171409
2367 0.893022
2368 1.24637
2369 1.095485
2370 0.734055
2371 0.685339
2372 1.0858
2373 0.622306
2374 0.622689
2375 0.279025
2376 0.171297
2377 0.038366
2378 0.425423
2380 0.091131
2381 0.579957
2382 0.525741
2383 0.654494
2384 0.286882
2385 0.082969
2387 0.043527
2388 0.758495
2389 1.290102
2390 1.126106
2391 1.307365
2392 1.376127
2393 0.784665
2394 1.34362
2395 1.488529
2396 1.677864
2397 1.060507
2398 0.829651
2399 1.946086
2400 2.016224
2401 2.008571
2402 2.009093
2403 2.407409
2404 2.338794
2405 2.339676
2406 2.141241
2407 2.486346
2408 2.44956
2409 2.951928
2410 1.414533
2411 2.267684
2412 2.577629
2413 2.512508
2414 2.716099
2415 3.081822
2416 3.0002
2417 2.968683
2418 3.065798
2419 3.410268
2420 3.201014
2421 3.426589
2422 2.618482
2423 2.894371
2424 3.001087
2425 2.726873
2426 2.453546
2427 1.862928
2428 2.511383
2429 2.234885
2430 1.978545
2431 1.442569
2432 1.386962
2433 1.524236
2434 2.287265
2435 2.808909
2436 3.223278
2437 3.916166
2438 2.86614
2439 2.898857
2440 2.550875
2441 2.803405
2442 2.925723
2443 2.778424
2444 1.989391
2445 1.777046
2446 1.438819
2447 1.016775
2448 0.909294
2449 0.688031
2450 0.838844
2451 1.92422
2452 1.761617
2453 1.181085
2454 1.402521
2455 2.197546
2456 1.546294
2458 1.168777
2459 0.682646
2460 0.817439
2461 1.441141
2462 1.722867
2463 1.511792
2464 1.737143
2465 1.89596
2466 1.696539
2467 2.307992
2468 1.19642
2469 1.376127
2470 1.257716
2471 1.777046
2472 1.310659
2473 1.230145
2474 1.583572
2475 1.575667
2476 2.626725
2477 2.51349
2478 2.664065
2479 3.240646
2480 2.417192
2481 2.46448
2482 2.206319
2483 2.416349
2484 1.983425
2485 2.108702
2486 2.372476
2487 2.087009
2488 2.572547
2489 1.867689
2490 2.382222
2491 2.333283
2492 2.617534
2493 1.74158
2494 1.229043
2495 2.041143
2496 1.474384
2497 0.953537
2498 1.017543
2499 0.796289
2500 1.443165
2501 2.027157
2502 2.657364
2503 2.366082
2504 1.939692
2505 2.521038
2506 2.186613
2507 2.595676
2508 2.241079
2510 2.651733
2511 1.699513
2512 1.236306
2513 0.433207
2514 1.408958
2515 1.717599
2516 2.114677
2517 2.28955
2518 2.390708
2519 2.131948
2520 2.103688
2521 1.961559
2522 3.073661
2523 1.899303
2524 2.079745
2525 2.062857
2526 2.525033
2527 3.237493
2528 1.4855
2529 4.312168
2530 4.43893
2531 3.841466
2532 3.411496
2533 3.091321
2534 3.150769
2535 3.126857
2536 2.420747
2537 1.991365
2538 2.705007
2539 2.908451
2540 3.029842
2541 3.565006
2542 2.990373
2543 3.039134
2544 4.016975
2545 4.193036
2546 4.454298
2547 3.948028
2548 2.906129
2549 5.088416
2550 4.27851
2551 4.651093
2552 4.582693
2553 3.713238
2554 3.710849
2555 2.835409
2556 4.049774
2557 5.285211
2558 1.79772
2559 1.555752
2560 2.006581
2561 1.479611
2562 1.793023
2563 1.499794
2564 2.503672
2565 3.095746
2566 2.052436
2568 2.119548
2569 2.252212
2570 1.742897
2571 2.153821
2572 2.416208
2573 2.425643
2574 4.777517
2575 4.323321
2576 4.606219
2577 3.896711
2578 3.448456
2579 3.381079
2580 3.660723
2581 4.476164
2582 3.898355
2583 3.909201
2584 3.153263
2585 3.001079
2586 3.782394
2587 3.459389
2588 3.218861
2589 3.283365
2590 3.378883
2591 3.601933
2592 2.897616
2593 2.930062
2594 2.545079
2595 2.442613
2596 1.728475
2597 2.055417
2598 1.976586
2599 2.71341
2600 2.082505
2601 1.970523
2602 2.197564
2603 2.569271
2604 1.772464
2605 2.171628
2606 2.697772
2607 2.349651
2608 1.808496
2609 2.722334
2610 2.46419
2611 2.934601
2612 2.599365
2613 2.759672
2614 2.661867
2615 2.470873
2616 2.125554
2617 1.939003
2618 1.852895
2619 1.850379
2620 1.976
2621 1.413133
2622 1.63996
2623 1.387495
2624 1.885769
2625 1.651517
2626 1.869554
2627 1.620614
2628 1.712032
2629 1.08706
2630 0.878557
2631 0.998815
2632 0.729755
2633 0.672476
2634 1.060843
2635 1.007715
2636 1.207255
2637 1.453415
2638 0.732515
2639 0.69798
2640 1.287529
2641 0.378437
2642 0.743046
2643 0.394815
2644 1.397798
2645 0.754382
2646 0.632415
2647 0.623365
2648 0.660974
2650 0.230928
2651 1.235437
2652 2.204135
2653 1.997075
2654 1.659109
2655 1.42729
2656 2.372476
2657 1.015229
2658 1.288166
2659 1.441725
2660 1.439078
2661 1.126106
2662 0.999743
2663 0.470432
2664 0.579388
2665 0.493553
2666 0.368412
2667 0.439906
2668 0.461365
2669 0.379408
2670 0.557586
2671 0.268499
2672 0.214588
2673 0.281727
2674 0.798114
2675 1.535169
2676 2.106286
2677 1.131406
2678 0.509275
2679 0.401898
2680 0.298086
2681 0.639303
2682 0.654494
2683 0.64822
2684 1.395036
2685 1.501454
2686 1.080871
2687 1.758467
2688 1.466538
2690 1.919117
2691 2.478494
2692 1.592408
2693 1.009554
2694 0.610977
2695 0.693274
2696 0.856864
2697 0.866851
2698 1.397004
2699 1.399183
2700 1.638323
2701 1.741651
2702 1.287529
2703 0.925529
2704 1.803956
2705 2.32235
2706 1.878286
2707 1.885027
2708 1.89596
2709 1.930656
2710 1.561727
2711 1.767625
2712 1.494378
2713 1.0944
2714 1.191921
2715 2.043623
2716 1.781545
2717 1.727425
2718 1.555536
2719 2.06635
2720 2.377015
2721 2.227819
2722 2.603698
2723 2.385978
2724 2.485386
2725 1.981445
2726 2.656735
2727 2.382222
2728 2.278617
2729 2.241079
2730 2.306877
2731 2.147421
2732 2.045651
2733 1.877647
2734 2.016224
2735 2.492739
2736 1.926222
2737 1.770709
2738 1.650893
2739 1.116954
2740 1.196244
2741 2.28955
2742 2.481806
2743 2.199833
2744 2.333283
2745 3.659734
2746 2.54004
2747 2.93806
2748 2.358821
2749 1.304776
2750 2.055417
2751 1.987422
2752 3.065798
2753 2.903365
2754 2.201815
2755 2.307992
2756 1.764763
2757 1.930656
2759 1.581678
2760 1.694625
2761 1.393031
2762 1.889143
2763 1.89596
2764 2.065316
2765 1.618094
2766 1.339729
2767 1.311113
2768 0.856864
2769 0.617632
2770 0.174567
2771 0.481267
2772 0.568519
2773 0.867711
2774 0.239498
2775 0.297796
2776 0.39047
2777 0.314234
2779 0.186912
2780 0.59596
2781 0.913523
2782 0.384409
2783 0.488087
2784 0.911984
2785 1.02567
2786 1.316734
2787 0.838844
2788 0.996879
2789 0.951177
