7351 1.479129
7353 1.494086
7354 1.371232
7355 1.341964
7356 1.196299
7357 1.422418
7358 1.708258
7359 1.713622
7360 1.838993
7361 1.343405
7362 2.455587
7363 2.938925
7364 2.381076
7365 2.777735
7366 2.953323
7367 2.812202
7368 3.205732
7369 3.626809
7370 2.746279
7371 3.716995
7372 2.400404
7373 2.438426
7374 0.361175
7375 0.231508
7376 0.482351
7377 1.105236
7378 0.343524
7379 0.863712
7380 0.997867
7381 0.593311
7382 0.303699
7384 0.170686
7385 0.244381
7386 0.170686
7387 0.153134
7388 0.634346
7389 2.01543
7390 1.732579
7391 1.555401
7392 1.399152
7393 1.505616
7394 1.512782
7395 1.687508
7396 2.248078
7397 2.146268
7398 2.341427
7399 1.972773
7400 1.005842
7401 1.089237
7402 1.709041
7403 2.89311
7404 2.544222
7405 2.413003
7406 2.292476
7407 2.27311
7408 2.262127
7409 2.833714
7410 2.000451
7411 0.842982
7412 2.667668
7413 0.661998
7414 2.11295
7417 0.293976
7418 2.020599
7419 2.664373
7420 1.278606
7421 1.061861
7422 0.910194
7423 0.686682
7425 0.233968
7426 0.095165
7427 0.108356
7428 0.082596
7429 0.206491
7430 0.157846
7431 0.107486
7432 0.546664
7434 0.267237
7435 1.047412
7436 1.427012
7437 1.027708
7438 0.84065
7439 1.836679
7440 2.014277
7441 1.016775
7442 0.76781
7443 0.983017
7444 1.290102
7445 1.145543
7446 0.902155
7447 1.256935
7448 1.313543
7449 2.020599
7450 1.411085
7451 1.401962
7452 0.848637
7453 1.311968
7454 1.344767
7455 0.994117
7456 1.223153
7457 1.137743
7458 1.311113
7459 1.012539
7460 1.256573
7461 0.934313
7462 1.105236
7463 0.756416
7464 1.008565
7465 0.766527
7466 0.988148
7467 0.86626
7468 1.410366
7469 1.320831
7470 1.777728
7471 1.491705
7472 2.416208
7474 1.642659
7475 2.696336
7476 2.033942
7477 1.621159
7478 1.545023
7479 1.635553
7480 1.967111
7481 2.044484
7482 1.750297
7483 2.182721
7484 1.972306
7485 2.05819
7486 2.337966
7487 2.093352
7488 1.650611
7489 2.449007
7490 1.712384
7491 2.616571
7492 1.742567
7493 2.182412
7494 2.497403
7495 2.499157
7496 2.944751
7497 1.422944
7498 2.836131
7499 1.5567
7500 2.85353
7503 0.354975
7504 2.056736
7505 2.114408
7506 2.48541
7507 2.152647
7509 1.147831
7510 2.676404
7511 0.73003
7513 1.211425
7515 1.191216
7517 1.233703
7518 2.075774
7519 1.622424
7520 2.080444
7521 2.232143
7522 1.868603
7523 2.440436
7524 2.313407
7526 2.646517
7527 1.854513
7528 2.170113
7529 2.199636
7530 2.122414
7531 1.928306
7533 0.853488
7534 2.142881
7535 1.092773
7537 1.504681
7539 1.528679
7541 1.682641
7543 1.654265
7550 0.436378
7551 0.396069
7553 0.7296
7554 0.889839
7555 1.358371
7556 2.659013
7557 4.309916
7558 4.850378
7559 4.484116
7560 2.42241
7561 1.151181
7563 1.667036
7565 1.530721
7566 2.9576
7567 4.23852
7569 1.810004
7572 1.674576
7573 1.911296
7575 1.420491
7577 1.282545
7580 0.793518
7585 0.368745
7586 0.368412
7587 0.667063
7588 0.805496
7589 1.276244
7590 2.828103
7591 2.771295
7592 2.68724
7593 1.709648
7594 2.240792
7595 3.139228
7596 2.300527
7598 2.676404
7599 1.237552
7600 1.891421
7601 2.104198
7602 1.391584
7603 1.496801
7604 1.527826
7605 1.338891
7606 0.86285
7607 0.651429
7608 0.488761
7609 0.510012
7622 0.007624
7623 0.093008
7624 0.08946
7625 0.147057
7626 1.332784
7627 1.301489
7628 1.205775
7629 1.781844
7630 1.878071
7631 1.966672
7632 1.984776
7633 1.858442
7634 1.3167
7636 1.450424
7637 1.893203
7638 1.963127
7639 1.971397
7640 1.983744
7641 1.925738
7642 1.767412
7643 1.700682
7644 2.60207
7645 1.022454
7646 1.334105
7647 1.601869
7648 1.993758
7649 1.665447
7650 1.751041
7651 1.717027
7652 1.993183
7653 1.974283
7654 2.115652
7655 1.656131
7657 0.914059
7658 1.667039
7659 1.164099
7660 1.569614
7661 1.69036
7662 1.302202
7663 1.908963
7664 1.62392
7665 1.68051
7666 2.021593
7667 2.120141
7668 2.097473
7669 2.117239
7670 2.156702
7671 1.24637
7672 1.681158
7673 1.957019
7674 1.350922
7675 2.142881
7676 1.670565
7677 1.728918
7678 2.492739
7680 1.697978
7681 2.68724
7682 1.73535
7683 1.600575
7684 2.03912
7685 1.212507
7686 2.201186
7687 2.580204
7688 1.285283
7689 1.716492
7690 2.015683
7693 0.783278
7694 2.78476
7697 0.324302
7698 2.557212
7700 0.441131
7701 2.167129
7702 0.993111
7703 1.714554
7704 2.391952
7705 2.051698
7706 1.982923
7707 2.044484
7708 2.421685
7709 2.639089
7710 3.556662
7713 1.016343
7714 2.318828
7715 1.700282
7716 2.123786
7718 1.473443
7719 1.742813
7720 1.765219
7721 2.463484
7722 1.375592
7723 0.978469
7725 1.192012
7727 0.995234
7729 0.852682
7732 0.899392
7733 1.279285
7735 1.330728
7736 3.13779
7737 1.942293
7738 2.440436
7739 2.31781
7740 2.023297
7741 1.768871
7743 1.385542
7744 2.383409
7745 0.612562
7746 2.31781
7747 1.361743
7748 2.295944
7751 0.390442
7752 2.569271
7753 1.42224
7754 2.503672
7755 0.854351
7756 2.806432
7757 1.305709
7758 2.974857
7759 0.503952
7760 2.982755
7761 2.519556
7762 2.040927
7765 0.873712
7766 2.600554
7767 0.173554
7769 1.134516
7770 0.933459
7771 0.531262
7772 0.42259
7773 0.991176
7774 1.79419
7775 1.557291
7776 0.314234
7778 0.077617
7779 1.671576
7780 2.512937
7781 2.268903
7782 2.064832
7783 1.574756
7784 1.008714
7785 0.836058
7786 1.69877
7787 2.086236
7788 2.252084
7789 2.771321
7791 1.726818
7792 2.196619
7795 0.487252
7796 1.126907
7797 1.333834
7799 0.081873
7800 1.431722
7802 0.898593
7803 1.333834
7804 1.704504
7805 1.959555
7806 2.722334
7807 2.449766
7808 2.453714
7809 0.493344
7811 1.272796
7812 2.68685
7813 0.07442
7814 1.749291
7815 1.738853
7816 2.236571
7817 2.438074
7818 1.564821
7819 2.427184
7820 1.428675
7821 1.183042
7822 0.78094
7823 0.974243
7824 0.678606
7825 1.148578
7827 1.394788
7828 1.200704
7829 1.023618
7830 0.063052
7831 0.094708
7832 0.573763
7833 0.314749
7834 0.292469
7836 0.401898
7838 0.164078
7840 0.005022
7841 0.008167
7846 0.007119
7847 1.710368
7848 1.901801
7849 1.716905
7851 0.705191
7852 2.081552
7853 1.802949
7854 2.121031
7856 1.589713
7857 1.843537
7858 2.250111
7859 1.895081
7860 2.411445
7861 2.822857
7862 2.087615
7863 2.81415
7864 2.315475
7865 2.327321
7866 2.820731
7867 0.231967
7869 1.43879
7870 2.665568
7871 0.189033
7872 2.617976
7873 2.230026
7874 2.543001
7877 0.130972
7878 3.728176
7879 0.978575
7880 3.236188
7881 2.106406
7882 2.077016
7884 2.224386
7885 1.743794
7886 3.311317
7887 2.812388
7889 1.314443
7890 2.798865
7891 0.226622
7893 1.392491
7895 1.401068
7897 1.41482
7899 1.386056
7901 1.297256
7903 1.119692
7904 2.726845
7905 2.863445
7906 2.82977
7909 0.831467
7910 2.733267
7911 2.85353
7912 2.252695
7915 0.504389
7922 0.422582
7923 0.775643
7924 1.019294
7925 1.112535
7926 1.496335
7927 1.459004
7928 1.735421
7929 1.177798
7930 1.583572
7931 1.698398
7932 2.379213
7933 2.416703
7935 2.857496
7936 3.616311
7942 0.233678
7943 0.416914
7944 0.677486
7945 0.951177
7946 1.390912
7947 2.702251
7948 4.180787
7949 2.439635
7950 2.110458
7951 2.267482
7952 2.232024
7953 1.055171
7955 1.270592
7957 0.940665
7958 0.7484
7960 0.789231
7961 0.426268
7962 0.300424
7963 2.197546
7964 1.652697
7965 1.779188
7966 1.297147
7967 1.427426
7968 1.574362
7969 1.278606
7970 0.73079
7971 1.257303
7972 1.203948
7973 0.444261
7974 1.00495
7975 2.164747
7976 2.244274
7977 2.674858
7978 2.876208
7979 1.966174
7980 2.68393
7982 1.811702
7983 1.190112
7985 1.038806
7987 1.122789
7989 1.124472
7991 1.162753
7993 1.237545
7995 1.327769
7996 3.148723
7997 0.3799
7998 2.736
7999 1.195343
8000 1.202637
8001 1.182256
8002 1.454098
8003 0.594004
8004 0.737554
8005 1.365291
8006 1.738358
8007 2.091279
8008 2.333179
8009 3.316714
8010 2.631153
8011 2.708911
8012 2.21413
8014 1.609028
8015 1.446437
8016 0.634398
8017 2.029637
8018 1.919226
8019 2.208285
8020 1.135072
8021 0.42501
8022 0.242264
8023 0.450194
8024 0.286228
8025 0.898628
8026 1.380254
8027 2.078386
8028 1.625976
8029 1.712032
8030 1.161598
8031 1.457771
8032 1.305637
8033 1.506154
8034 0.890541
8035 0.634118
8036 0.99585
8037 1.019294
8038 0.791002
8039 0.699716
8040 1.140583
8042 1.777046
8043 1.069232
8044 0.943635
8045 0.5472
8046 1.791812
8047 1.134899
8048 1.787881
8049 1.351759
8050 2.047236
8051 1.306746
8052 1.213538
8053 1.872712
8054 1.370284
8055 0.940244
8059 0.081076
8060 4.701959
8061 1.49783
8062 1.514908
8063 1.854731
8064 1.912655
8065 1.781545
8066 1.546552
8067 0.947243
8068 1.029386
8069 0.99703
8070 1.92422
8071 1.333674
8072 1.85801
8074 1.376127
8075 0.927794
8076 1.09544
8077 1.569614
8078 0.940607
8079 1.3006
8080 0.852779
8081 1.789738
8082 2.026854
8083 1.593744
8084 1.859312
8085 1.90678
8086 1.527826
8087 0.491741
8088 1.290102
8089 1.46086
8090 1.437427
8091 1.52934
8092 1.289734
8093 1.4597
8094 1.390746
8095 1.45421
8096 1.545479
8097 1.733703
8098 0.898701
8099 1.267313
8100 0.908931
8101 1.084638
8102 0.840456
8103 0.888523
8104 0.86222
8105 0.988075
8106 1.125485
8107 1.10778
8108 1.257303
8109 1.380226
8110 1.174709
8111 1.2768
8112 1.301035
8113 1.087135
8114 1.658512
8115 1.121412
8116 1.204205
8117 1.530629
8118 1.170135
8119 1.072729
8120 1.029386
8121 0.910194
8122 0.694849
8123 0.846018
8124 0.920119
8125 0.7071
8126 0.890541
8127 0.869082
8128 0.96211
8129 1.01855
8130 0.552311
8132 0.703315
8133 1.176742
8134 0.904985
8135 0.7296
8136 0.511733
8137 0.747659
8138 0.423793
8139 0.39359
8140 0.542319
8141 1.22689
8142 1.768411
8143 1.320286
8144 1.632877
8145 1.910857
8146 1.293463
8147 1.609998
8148 2.049966
8149 1.427716
8150 1.820949
8151 1.354933
8152 1.73987
8153 1.280192
8154 1.399183
8155 1.116071
8156 0.850409
8157 1.190965
8158 1.235437
8159 0.814639
8160 1.005842
8161 0.660974
8162 0.676721
8163 1.537926
8164 2.069608
8165 1.543697
8166 0.59624
8167 0.51283
8168 2.03123
8169 1.588499
8170 1.191065
8171 1.289442
8172 1.733001
8173 1.394518
8174 1.20812
8175 1.061505
8176 1.144993
8177 1.554543
8178 2.260886
8179 1.858349
8180 1.855035
8181 1.793284
8182 1.836909
8183 2.153814
8184 1.386544
8185 0.476768
8186 0.929311
8187 1.373676
8188 1.159414
8189 0.686682
8190 0.563453
8191 0.793584
8192 1.232528
8193 0.715152
8195 0.603253
8196 0.504282
8197 0.856016
8198 0.862892
8199 0.314234
8200 0.368412
8201 0.255701
8202 0.17798
8203 0.216713
8204 0.238384
8205 0.28385
8206 0.303699
8207 0.233755
8217 0.002264
8218 0.107294
8219 0.106252
8220 0.101994
8221 0.076331
8222 0.092052
8237 0.005871
8238 1.04557
8239 1.211083
8240 2.196924
8241 2.423456
8242 1.975139
