549 1.968802
550 1.419985
551 2.24239
552 1.778364
553 1.846939
555 1.54098
556 1.508274
557 1.452534
558 1.298352
559 1.235394
560 1.814889
561 1.374436
562 1.730147
563 1.721087
564 2.081119
565 2.26519
566 1.871393
567 2.358665
569 0.907087
570 2.147423
571 1.706022
572 2.03912
573 1.851141
574 2.373123
575 2.725714
576 2.990986
577 2.654435
579 2.313521
580 3.094058
581 2.254769
582 1.957286
583 2.339676
584 0.736167
585 2.14438
586 1.834166
587 2.350609
588 1.921007
589 1.667305
590 1.952349
591 1.608571
592 2.011684
593 1.14042
594 1.521777
595 1.563429
596 1.191199
597 1.869554
598 2.162704
599 1.818588
600 1.087342
601 1.421299
602 1.235501
603 1.603675
604 1.716148
605 1.7148
606 1.487808
607 1.787881
608 1.702354
609 2.417698
610 2.578061
611 3.466327
612 0.253901
613 3.147152
614 2.121015
615 1.568579
616 1.984287
617 2.214857
618 1.97901
619 2.179295
620 2.06635
621 2.017427
622 1.253779
623 0.424323
625 0.333885
626 3.239826
627 1.9472
628 2.340499
629 2.025071
630 1.545665
631 2.383409
632 2.646517
633 1.802669
634 2.197546
635 1.922429
636 1.749312
637 2.568048
638 2.168511
639 2.592285
640 1.822877
641 2.497143
642 2.14946
643 2.481806
644 2.21756
645 2.687619
646 3.236188
647 2.059736
648 2.386609
650 1.071689
651 3.217078
652 1.82635
653 2.128
654 2.121015
655 2.117724
656 2.237219
657 1.996308
658 2.539793
659 2.188814
660 2.733288
661 1.771157
662 2.000751
663 2.537546
664 3.012309
665 2.246298
666 1.928745
667 2.61421
668 2.01822
669 1.998754
670 1.78953
671 2.03912
672 1.822993
673 2.295944
674 1.51818
675 1.244192
676 2.033679
677 2.809798
678 2.299109
679 2.870561
680 3.676924
681 1.859652
682 2.801143
683 1.846375
684 1.937662
685 1.878867
686 1.438292
687 2.247429
688 1.680919
689 2.164747
690 2.295944
691 0.129646
692 4.102999
693 2.055417
694 1.643097
695 2.790071
697 2.096727
698 2.145882
699 2.26465
700 2.277911
701 2.177964
702 1.804226
703 1.552496
704 1.587953
705 1.831224
706 1.548252
707 1.341176
708 1.540186
709 1.754638
710 1.970136
711 1.49545
712 1.682868
713 1.666135
714 1.78209
715 1.533391
716 1.580439
717 1.689204
718 1.402101
719 1.607161
720 1.354883
721 1.430305
722 0.860755
723 1.52934
724 1.099589
725 1.406932
726 1.152119
727 1.095485
728 1.016775
729 0.759247
730 0.484202
731 0.574858
732 0.371523
733 0.297507
734 0.308132
735 0.190767
736 0.126277
745 0.001271
809 0.001528
810 0.600259
811 0.856016
812 0.81474
813 2.184838
815 2.191802
816 1.845634
817 1.64103
818 2.144761
819 2.03497
820 1.984919
821 2.448064
822 3.04369
823 2.313286
824 2.731638
825 2.027342
826 2.590993
827 2.976288
828 3.35755
829 3.011373
830 3.183001
831 3.157786
832 3.244052
833 3.401311
834 3.403034
835 3.241788
836 3.706957
837 2.507417
838 3.695481
839 3.893773
840 4.657487
841 3.514754
842 2.141598
843 3.626156
844 3.948766
845 4.540088
846 4.745783
847 3.02234
848 3.414209
849 4.589769
850 4.174812
851 3.759465
852 4.130214
853 4.041311
854 4.52629
856 3.237802
857 2.373006
858 2.275485
859 2.744135
860 3.662577
861 2.534042
862 4.028
863 3.140771
864 3.883485
865 3.37847
866 3.926738
867 4.468827
868 4.223429
869 3.471792
870 3.97186
871 4.896571
872 3.962147
873 4.365461
874 4.930813
875 4.778028
876 4.465953
877 4.679353
878 3.654355
879 3.492131
880 3.691516
881 4.464285
882 4.114805
883 4.092684
884 2.620827
885 3.159656
886 3.615327
887 3.701384
888 4.570022
889 3.661123
890 3.571738
891 3.42205
892 2.607929
893 3.006593
894 1.942486
896 1.496794
897 2.608564
898 2.36217
899 2.338454
900 3.695377
901 3.251908
902 3.789143
903 3.249343
904 3.499217
905 4.38416
906 2.646349
907 1.74089
908 2.617043
909 3.179229
910 5.193207
911 4.188059
912 4.018925
913 2.634869
914 4.354621
915 4.067615
916 4.196814
917 3.176262
918 2.339676
919 2.487273
920 2.445283
921 1.997139
922 2.45994
923 0.580642
924 4.820027
925 3.517714
927 3.015074
928 5.171341
929 3.734646
930 4.231097
931 3.300675
932 0.73047
933 4.162446
934 2.755133
935 3.306086
936 3.091511
937 3.749737
938 0.935078
939 2.524705
940 2.24199
941 3.039393
942 2.691376
943 1.149174
944 0.910194
945 0.698096
946 0.976816
947 1.057339
948 0.892056
949 0.423306
951 0.106149
952 1.097838
953 1.670343
954 1.49474
955 1.965143
956 1.803956
957 1.734657
958 2.634869
959 1.706727
960 1.92422
963 0.763354
964 6.334891
965 1.963195
966 2.708695
967 2.388571
968 2.536472
976 0.016206
977 0.573276
978 2.38103
979 4.100787
980 4.734808
981 5.100012
983 3.310748
984 4.958098
985 3.202487
986 4.54368
987 5.820119
988 4.687696
989 4.676699
990 5.640119
991 4.67665
992 4.613658
993 4.901338
993 0.7296
