497 2.375358
498 2.278617
499 2.262794
500 2.325112
501 2.623936
502 2.369015
504 2.269149
505 2.393441
506 2.500558
507 2.420747
508 2.325629
509 2.369138
510 2.60207
511 2.387948
512 2.355149
513 2.366655
514 2.634869
515 2.123409
516 2.362876
517 2.645802
518 2.366082
519 2.379861
520 2.325629
521 2.591137
522 2.169287
523 2.15423
524 2.234385
525 2.525538
526 2.184626
527 2.245254
528 2.266894
529 2.199888
530 2.114621
531 2.136737
536 0.023352
540 0.156077
541 1.946561
542 4.248082
543 4.541762
544 5.129758
545 4.390945
546 3.787381
547 3.732715
548 4.399632
549 3.823666
550 4.428008
551 4.587043
552 3.286272
553 6.153964
554 4.415105
555 4.410565
556 4.503873
557 5.263345
558 4.542795
559 4.705758
560 4.126306
561 4.294841
562 4.065079
563 4.067865
564 3.883659
565 3.918577
566 3.450828
567 3.55859
568 3.000208
569 3.149483
570 3.113304
571 3.28446
572 3.437522
573 3.793651
574 4.290302
575 3.442807
576 3.39379
577 3.475346
578 3.776448
579 3.098794
580 2.016224
581 2.238858
582 3.415656
583 4.246569
584 3.470322
585 3.670381
586 3.861354
587 3.547112
588 4.515385
589 4.202837
590 4.076848
591 0.975208
592 1.336431
593 1.495843
594 2.469204
595 2.416349
596 2.595676
597 2.878795
598 2.125554
599 2.979423
600 3.863912
601 4.364749
602 4.042192
603 3.996515
604 3.091321
605 4.191207
606 3.973243
607 4.443365
608 4.28673
609 4.454298
610 4.235636
611 4.316707
612 4.585495
614 4.530068
615 3.682589
616 4.716691
617 4.336508
618 3.14233
619 2.423247
620 2.650342
621 2.477479
622 3.481255
623 3.31265
624 2.383736
625 3.590585
626 2.837806
627 3.470322
628 3.918577
629 4.727616
630 3.905946
631 2.202238
632 3.659734
633 3.526083
634 2.781538
635 3.546853
636 4.119365
637 3.573259
638 3.667117
639 3.294222
640 2.528345
641 1.563429
643 0.072616
644 2.180517
645 0.860039
646 1.159414
647 2.191153
648 2.553403
649 2.519145
650 2.603132
651 2.311417
652 1.956852
653 1.272307
654 0.96917
655 1.510653
656 2.214462
657 2.547405
658 2.772643
659 2.814338
660 3.196508
661 4.572613
662 3.350058
663 3.573259
664 3.012041
665 3.67805
666 2.661605
667 1.735421
668 1.453105
669 1.722867
670 1.464262
671 1.229043
672 1.683692
673 1.067449
674 1.541562
675 1.036628
676 0.685339
677 0.548753
678 0.300424
679 0.846793
680 1.001378
681 0.536997
682 0.819162
683 0.694168
685 0.125793
686 0.591853
687 1.324571
688 1.377491
689 0.69798
690 0.660974
691 1.771157
692 2.519145
693 2.336476
694 2.213503
695 2.645802
696 2.813717
697 3.218869
698 2.661867
699 2.629328
700 2.743177
701 2.719346
702 2.93806
703 2.475413
704 2.515003
705 2.550875
706 2.547405
707 2.303937
708 3.374384
709 3.417727
710 3.547754
711 2.865109
712 2.398881
713 2.26277
714 2.519408
715 2.569271
716 2.295365
717 2.213019
718 2.418743
719 2.508212
720 2.243553
721 2.797593
722 3.623377
723 2.858478
724 3.259337
725 4.246569
726 4.666852
727 3.616991
728 3.25166
729 3.455936
730 3.412951
731 3.335273
732 2.587499
733 3.754581
734 3.630691
735 2.869003
736 3.072318
737 3.01385
739 2.369758
740 2.989267
741 4.151937
742 3.432038
743 3.191984
744 3.170734
745 3.612452
746 4.038841
747 5.009651
748 3.415656
749 3.218222
750 3.573259
751 4.082573
752 3.756385
753 2.940958
754 3.084583
755 3.163937
756 2.825271
757 3.415656
758 3.860056
759 3.692406
760 4.476164
761 3.008951
762 2.407409
763 2.460671
764 2.219413
765 2.989267
766 3.157671
767 3.186062
768 3.42317
769 3.366044
770 3.508589
771 2.274078
772 1.862469
773 1.978885
774 1.557079
775 1.885402
776 1.963806
777 1.976586
778 1.76796
779 1.803216
780 1.738358
781 1.510653
782 2.241279
783 2.366082
784 3.303026
785 3.170227
786 2.836204
787 2.710726
788 3.177946
789 2.890797
790 2.618553
791 3.361849
792 3.014724
793 3.026743
794 3.091321
795 3.203389
796 2.683141
797 2.555937
798 2.203984
799 2.2984
800 2.667668
801 2.792472
802 2.1975
803 2.047352
804 2.210471
805 2.584743
806 2.46448
807 2.453714
808 2.387948
809 2.097855
810 2.705007
811 2.726873
812 2.809798
813 2.558475
814 3.623385
815 3.985126
816 3.262376
817 2.30416
818 2.271397
819 1.954915
820 3.24388
821 1.960739
822 2.803405
823 3.160801
824 4.69014
825 4.196444
826 5.143081
827 4.888723
828 4.72268
829 3.968
830 4.869754
831 4.093506
832 3.938904
833 3.313948
835 4.176798
836 4.497431
837 3.92951
838 3.579652
839 3.80998
840 4.100343
841 4.096255
842 4.193741
843 3.350058
844 3.019798
845 2.889641
846 2.387948
847 2.300484
848 1.515819
849 0.84518
850 1.283708
851 2.390708
852 2.752383
853 2.259847
854 2.639409
855 2.295365
856 2.099149
857 1.640681
858 1.371988
859 0.879812
860 1.076162
861 1.377491
862 2.41002
863 1.92502
864 2.088216
865 2.065316
866 2.486346
867 2.712319
868 3.083125
869 2.553403
870 2.171628
871 2.803405
872 2.305555
873 2.366857
874 1.889901
875 2.409814
876 3.339125
877 2.826508
878 2.905674
879 3.305079
880 3.387627
881 3.809271
882 2.792024
883 2.329663
884 3.350058
885 3.623604
886 3.631691
887 3.645251
888 3.765514
889 4.498169
890 2.705007
891 3.193804
892 2.036814
893 2.689534
894 1.937079
895 1.590848
896 3.113304
897 3.161292
898 3.120762
899 3.244356
900 3.524987
901 2.82983
902 3.202857
903 2.049023
904 2.027157
905 2.201816
906 2.931673
907 1.84461
908 1.63996
909 1.379172
911 2.089739
912 1.997629
913 1.34796
914 1.558821
915 1.541562
916 1.600767
917 1.730794
918 2.427141
919 2.03809
920 2.555937
921 3.437522
922 2.726795
923 1.814889
924 1.137917
925 1.092258
926 1.171409
927 1.185311
928 1.574286
929 1.451976
930 1.054114
931 0.997867
932 1.169838
933 1.057337
934 1.26777
935 1.162283
936 0.875088
937 0.463637
938 0.732515
939 1.447072
940 1.560333
941 1.170958
942 1.344767
943 1.464262
944 1.349307
945 1.718391
946 1.564832
947 1.820388
948 1.54316
949 1.93958
950 1.731964
951 1.659497
952 1.250909
953 1.312412
954 0.865897
955 1.070371
956 1.552571
957 1.705695
958 1.636182
959 0.911984
960 0.846018
961 0.64877
962 0.929311
963 1.436771
964 1.8005
965 1.250909
966 1.321949
967 0.9301
969 0.491969
970 0.563453
971 1.290102
972 1.759873
973 2.069608
974 2.323327
975 1.956852
976 1.158776
977 0.929311
978 1.205064
979 1.344767
980 0.979882
981 2.7442
982 2.377015
983 3.819154
984 2.213019
985 1.571168
986 0.584416
987 0.350633
988 0.283693
989 0.923774
990 1.306274
991 3.055057
992 3.188888
993 2.962861
994 2.141241
995 2.628476
996 2.005852
997 1.694625
998 1.431722
999 1.250598
1000 0.979257
1001 1.045933
1002 1.060843
1003 1.453415
1004 0.852086
1005 0.890541
1006 0.68197
1007 1.073792
1008 0.968871
1009 1.257303
1010 1.308853
1011 1.278606
1012 1.81127
1013 1.962981
1014 1.824887
1015 2.219413
1016 2.021931
1017 1.814889
1018 0.76375
1019 1.311968
1020 1.826696
1021 2.523018
1022 1.56937
1024 1.549497
1025 0.867986
1026 1.803956
1027 2.025134
1028 0.306996
1029 1.828508
1030 1.814889
1031 1.718232
1032 2.394342
1033 1.959601
1034 1.678173
1035 1.930656
1036 1.906893
1037 1.791429
1038 1.518482
1039 1.637804
1040 1.520283
1041 1.736623
1042 1.598922
1043 2.099149
1044 1.797562
1045 1.944144
1046 1.775984
1047 1.640681
