1112 2.230346
1113 3.579652
1114 3.541375
1115 3.722159
1116 4.733828
1117 4.697325
1118 4.705758
1119 5.106605
1120 4.375049
1121 5.03375
1122 3.675165
1123 4.629227
1124 4.651093
1125 4.519694
1126 4.793223
1127 4.176016
1128 4.651069
1129 5.000975
1130 3.908279
1131 4.019876
1132 5.072415
1133 4.491636
1134 5.263345
1135 4.371373
1136 5.514805
1137 4.458837
1138 5.361962
1139 3.740714
1140 5.541375
1141 4.934962
1142 5.471073
1143 5.045036
1144 4.68549
1145 5.066549
1146 5.011417
1147 5.197746
1148 4.502569
1149 4.476164
1150 4.794576
1151 5.131561
1152 5.158553
1153 5.345469
1154 4.385023
1155 4.53825
1156 4.946286
1157 3.966849
1158 4.624607
1159 4.795674
1160 5.252412
1161 5.426459
1162 5.438274
1163 4.480703
1164 4.618294
1165 3.913871
1166 4.217403
1167 4.771357
1168 4.304887
1169 4.913487
1170 4.928959
1171 5.197746
1172 4.403029
1173 5.164947
1174 3.011133
1175 5.071089
1176 5.077483
1177 4.473831
1178 5.110282
1179 4.377766
1180 4.786829
1181 5.020508
1182 3.451485
1183 3.630853
1184 5.465663
1185 4.661908
1186 5.055616
1187 3.847111
1188 4.858821
1189 4.972691
1190 4.421499
1191 4.421499
1192 4.508346
1193 5.154014
1194 4.093306
1195 5.438274
1196 4.524436
1197 3.459389
1198 4.53006
1200 4.570085
1201 5.252412
1202 5.016424
1203 5.041368
1204 4.535369
1205 5.053909
1206 4.744174
1207 5.066549
1208 4.546302
1209 4.65596
1210 4.815549
1211 3.495969
1212 3.538448
1213 5.459886
1214 5.208679
1215 4.235636
1216 4.790912
1217 4.89162
1218 4.786829
1219 4.727624
1220 3.876187
1221 4.869754
1222 4.530829
1223 4.21831
1224 4.864894
1225 4.743097
1226 4.501906
1227 4.657602
1228 3.667984
1229 5.842058
1230 4.590034
1231 4.766595
1232 4.388854
1233 4.769691
1234 5.035873
1235 4.913487
1236 4.683798
1237 5.569471
1238 4.808695
1239 5.498379
1240 4.989573
1241 4.558405
1242 3.961248
1243 5.518056
1244 5.116104
1245 4.716519
1246 4.816399
1247 4.953534
1248 4.479912
1249 4.432432
1250 4.624982
1251 5.001594
1252 4.213888
1253 3.328344
1254 4.223746
1255 5.471073
1256 5.071089
1257 4.444913
1258 5.238115
1259 4.494954
1260 5.46014
1261 4.764963
1262 5.044683
1263 4.485538
1264 5.032238
1265 4.863366
1266 4.78229
1267 4.527492
1268 5.285211
1269 4.455937
1270 4.546302
1271 5.181637
1272 4.660497
1273 4.979085
1274 4.294841
1275 5.178228
1276 4.436971
1277 4.312168
1278 4.202837
1279 3.868259
1280 5.265409
1281 4.655632
1283 4.516599
1284 4.598812
1285 3.770054
1286 5.492939
1287 4.818722
1288 5.471073
1289 4.6119
1290 5.411002
1291 4.814818
1292 5.103326
1293 5.183937
1294 4.622833
1295 4.935353
1296 4.639236
1297 5.580404
1298 5.060156
1299 5.197746
1300 4.612444
1301 5.077483
1302 4.262042
1303 4.3559
1304 4.753887
1305 5.124684
1306 4.727183
1307 4.718004
1308 4.709364
1309 5.110282
1310 4.916444
1311 5.307077
1312 4.585453
1313 4.268436
1314 4.629227
1315 3.787389
1316 4.816127
1317 4.143691
1318 4.332886
1319 4.968152
1320 4.519896
1321 4.530842
1322 4.813168
1323 3.28785
1324 3.707146
1325 5.232436
1326 4.830585
1327 4.318786
1328 4.646451
1329 4.530842
1330 5.110274
1331 4.161644
1332 5.011884
1333 3.878316
1334 4.913487
1335 4.589004
1336 5.143081
1337 4.599387
1338 4.919123
1339 4.239767
1340 4.524436
1341 4.836955
1342 4.436971
1343 4.958245
1344 4.301235
1345 4.816553
1346 4.811615
1347 5.011884
1348 4.672959
1349 4.677499
1350 5.115271
1351 3.824719
1353 4.076665
1354 5.313829
1355 4.771357
1356 4.115615
1357 3.885778
1358 5.143081
1359 4.00811
1360 5.077491
1361 4.487561
1362 2.20848
1363 4.169363
1364 4.832411
1365 4.670854
1366 5.383608
1367 4.950825
1368 5.123305
1369 4.644016
1370 5.197746
1371 4.907093
1372 4.953307
1373 4.61822
1374 5.140523
1375 4.808767
1376 5.307077
1377 4.395302
1378 5.088416
1379 4.570804
1380 5.274278
1381 4.607873
1382 5.283325
1383 4.971723
1384 4.788439
1385 4.600967
1386 5.066549
1387 4.51992
1388 5.164947
1389 3.346707
1390 4.032448
1391 4.886536
1392 4.420114
1393 5.000951
1394 3.521217
1395 3.47778
1396 5.000951
1397 4.597027
1398 3.73829
1399 5.077483
1400 4.338573
1401 4.840739
1402 4.78229
1403 4.032448
1404 4.054222
1405 4.388699
1406 4.257127
1407 5.328943
1408 4.482159
1409 3.659734
1410 5.285211
1411 4.858507
1413 5.064858
1414 5.263345
1415 4.852428
1416 5.121215
1417 4.530081
1418 5.498379
1419 3.699916
1420 4.356096
1421 5.648819
1422 5.103888
1423 5.117653
1424 5.755333
1425 4.846494
1426 5.46014
1427 4.568168
1428 4.947655
1429 5.558513
1430 4.889903
1431 5.307077
1432 4.748876
1433 5.481919
1434 5.14762
1435 5.14762
1436 5.416848
1437 4.668325
1438 5.252412
1439 3.435365
1440 3.835652
1441 4.364749
1442 3.96231
1443 4.115373
1444 3.895873
1445 4.159105
1446 4.180971
1447 3.476872
1448 4.096317
1449 4.240176
1450 4.115373
1451 4.273432
1452 4.762039
1453 5.208679
1454 4.541764
1455 5.279936
1456 4.30105
1457 5.154014
1458 4.710298
1459 4.826022
1460 3.941017
1461 5.100925
1462 4.536722
1463 5.438274
1464 4.480703
1465 4.239615
1466 2.770757
1467 5.06136
1468 3.595125
1469 5.258092
1470 4.130004
1471 5.132148
1472 4.775896
1473 5.324508
1474 4.323858
1475 5.127026
1476 4.488611
1477 5.36369
1478 4.393247
1479 5.127026
1480 4.643372
1481 5.263345
1482 4.416249
1483 5.011884
1484 4.632824
1485 5.290858
1486 4.767241
1487 5.438475
1488 4.699365
1489 4.59184
1490 4.551817
1491 5.241479
1492 4.547302
1493 4.78229
1494 4.859877
1495 5.154014
1496 4.907093
1497 5.259365
1498 5.109717
1499 5.099349
1500 4.272975
1501 4.752366
1503 4.160971
1504 5.285211
1505 4.137239
1506 4.786829
1507 4.957211
1508 3.660425
1509 4.453539
1510 4.421499
1511 5.022339
1512 4.844303
1513 4.640064
1514 4.92442
1515 4.045227
1516 5.000951
1517 4.089537
1518 3.892957
1519 5.503872
1520 4.743097
1521 5.161651
1522 4.163179
1523 5.416408
1524 5.060156
1525 4.815089
1526 5.060156
1527 4.345129
1528 4.402205
1529 4.78229
1530 4.130222
1531 4.568168
1532 5.077483
1533 5.125754
1534 5.394541
1535 3.550982
1536 2.817898
1537 3.05957
1538 5.449207
1539 4.341016
1540 4.618294
1541 4.350136
1542 3.861988
1543 4.513502
1544 5.252412
1545 4.595289
1546 4.64016
1547 4.087113
1548 4.49803
1549 4.810833
1550 4.815089
1551 4.531937
1552 3.122065
1553 3.522466
1554 3.885778
1555 4.09359
1556 3.874845
1557 3.96231
1558 4.847585
1559 5.356391
1560 4.745998
1561 4.432432
1562 3.768198
1563 3.759121
1564 3.991098
1565 3.14632
1566 4.738557
1567 3.366044
1568 3.546853
1569 3.623827
1570 3.452995
1571 4.629227
1572 4.766065
1573 3.868452
1574 3.96231
1575 3.315937
1576 4.016975
1577 4.180971
1578 3.765587
1579 5.438274
1580 4.983624
1581 5.394541
1583 3.666916
1584 5.274278
1585 4.600967
1586 5.165559
1587 4.61822
1588 5.350809
1589 4.710298
1590 5.323625
1591 4.14295
1592 5.252412
1593 5.103888
1594 5.733467
1595 5.002069
1596 4.692935
1597 4.727624
1598 4.637032
1599 3.801473
1600 4.651093
1601 4.455342
1602 5.427341
1603 4.814794
1604 4.75948
1605 4.886397
1606 5.298227
1607 4.700897
1608 5.509153
1609 4.918026
1610 5.146184
1611 2.519297
1612 4.546302
1613 4.961443
1614 4.089694
1615 4.432432
1616 5.221613
1617 3.944983
1618 5.395156
1619 4.065247
1620 4.508963
1621 4.023888
1622 4.640072
1623 4.964207
1624 4.440776
1625 5.110282
1626 4.902172
1627 5.563936
1628 4.847585
1629 4.876888
1630 4.841495
1631 4.826022
1632 4.126191
1633 4.935353
1634 3.412248
1635 5.060156
1636 4.651093
1637 4.796272
1638 4.519896
1639 5.118222
1640 4.662105
1641 5.194772
1642 4.705597
1643 4.990018
1644 4.415105
1645 5.197746
1646 4.650986
1647 5.134004
1648 5.383608
1649 4.775896
1650 5.646002
1651 4.743097
1652 5.30178
1653 5.060156
1654 5.043427
1655 5.339876
1656 4.423034
1657 5.40065
1658 4.885227
1659 5.536671
1660 4.927302
1661 5.031872
1662 5.197746
1663 4.959873
1664 5.64601
1665 5.092955
1666 5.069565
1667 5.46014
1668 4.792974
1669 5.350809
1670 4.904461
1671 5.094259
1672 4.579873
1673 4.738557
1674 4.644699
1675 5.328943
1676 4.069858
1677 5.14887
1678 4.444929
1679 2.746148
1680 5.109717
1681 5.367313
1682 4.974679
1683 4.841695
1684 5.624136
1685 4.994557
1686 5.580404
1687 4.579101
1688 5.361742
1689 5.088637
1690 5.158553
1691 5.449207
1692 4.896152
1693 5.427341
1694 4.969734
1695 4.92298
1696 5.285211
1697 5.166764
1698 5.482006
1699 4.847585
1700 5.100092
1701 4.705597
1702 5.105432
1703 4.968152
1704 4.826022
1705 3.868452
1707 4.64016
1708 4.415511
1709 4.679218
1710 2.188965
1711 4.92442
1712 4.433228
1713 5.083337
1714 4.394152
1715 5.285211
1716 4.557235
1717 5.324508
1718 4.524436
1719 5.048071
1720 4.551914
1721 4.810283
1722 4.741681
1723 5.296144
1724 4.352617
1725 5.17588
1726 4.373397
1727 4.6119
1728 4.699456
1729 4.436971
1730 5.274278
1731 4.319302
1732 5.405475
1733 4.042964
1734 5.252412
1735 4.600975
1736 5.225325
1737 4.582655
1738 4.843236
1739 4.672959
1740 4.443465
1741 4.399632
1742 4.323973
1743 4.651093
1744 4.421499
1745 4.388854
1746 5.055616
1747 4.375602
1748 3.087777
1749 3.809247
1750 5.173101
1751 4.516626
1752 5.044683
1753 4.819628
1754 5.055616
1755 4.749285
1756 5.465625
1757 4.830561
1758 4.013687
1759 4.39008
1760 4.815089
1761 4.864559
1762 4.836955
1763 4.318786
1764 3.608182
1765 4.585495
1766 5.125754
1767 4.950454
1768 4.519939
1769 4.979085
1770 4.705181
1771 4.662026
1772 4.830413
1773 5.230545
1775 4.386255
1776 4.038841
1777 5.197746
1778 4.610736
1779 4.651093
1780 5.344408
1781 5.378236
1782 4.866987
1783 4.895878
1784 4.683892
1785 4.815089
1786 3.504528
1787 5.21954
1788 4.342813
1789 4.016461
1790 5.449125
1791 5.077483
1792 4.477217
1793 4.886739
1794 4.614216
1795 4.775896
1796 5.154014
1797 3.98273
1798 5.241479
1799 4.150463
1800 4.801057
1801 4.629566
1802 5.121215
1803 4.268436
1804 4.983624
1805 5.044683
1806 4.646349
1807 5.219612
1808 4.454387
1809 4.990018
1810 4.765846
1811 4.881551
1812 4.601595
1813 4.78229
1814 4.42216
1815 5.124684
1816 3.928204
1817 5.558513
1818 3.850477
1819 3.13723
1820 5.307077
1821 4.978651
1822 4.733228
1823 4.913118
1824 5.46014
1825 4.874294
1826 5.077483
1827 4.600967
1828 4.012966
1829 4.771357
1830 4.148567
1831 5.110282
1832 4.61872
1833 5.274278
1834 4.412638
1835 5.03375
1836 3.892822
1837 4.863361
1838 4.941349
1840 3.021496
1841 3.977782
1842 4.727624
1843 4.524436
1844 4.944508
1845 4.918026
1846 5.022817
1847 4.398823
1848 4.204566
1849 5.273709
1850 4.957219
1851 4.687001
1852 4.750511
1853 4.707555
1854 5.066549
1855 4.574561
1856 4.650986
1857 5.263345
1858 4.797762
1859 4.930414
1860 5.416408
1861 5.197094
1862 5.17588
1863 4.262616
1864 4.727624
1865 4.434147
1866 4.598173
1867 4.775686
1868 4.629227
1869 5.03375
1870 4.502569
1871 4.482097
1872 4.081169
1873 4.224703
1874 4.880687
1875 4.021514
1876 5.110282
1877 4.817431
1878 4.158882
1879 5.170017
1880 5.350809
1881 4.271604
1882 5.292301
1883 4.808695
1884 5.044683
1885 4.89616
1886 5.08747
1887 5.103888
1888 5.164795
1889 2.759824
1890 4.546302
1891 5.416518
1892 4.947976
1893 5.166777
1894 4.513502
1895 5.17588
1896 4.316699
1897 4.563986
1898 5.17009
1899 5.04051
1900 4.836663
1901 5.19367
1902 4.18551
1903 5.143737
1904 4.574531
1905 3.805445
1906 4.903689
1907 4.521102
1908 4.295414
1909 4.273743
1910 4.371434
1911 4.727632
1912 4.388854
1913 4.618294
1914 4.996666
1915 4.174577
1916 4.78229
1917 4.449587
1918 4.64016
1919 4.301235
1920 3.412248
1921 4.37793
1922 5.000951
1923 4.127968
1924 4.847888
1926 4.608948
1927 3.973243
1928 3.96231
1929 4.711984
1930 4.012406
1931 4.696333
1932 3.437522
1933 4.137239
1934 3.649743
1935 3.92951
1936 3.880508
1937 4.290302
1938 4.082743
1939 3.324298
1940 4.049774
1941 4.421499
1942 4.002044
1943 4.414918
1944 3.892814
1945 4.049774
1946 3.460512
1947 3.371924
1948 3.907644
1949 3.835652
1950 3.58006
1951 4.793223
1952 3.732715
1953 3.482248
1954 2.789259
1955 2.778424
1956 2.726873
1957 2.629328
1958 2.648396
1959 2.645802
1960 2.245818
1961 2.251913
1962 2.558338
1963 2.152111
1964 2.059956
1965 2.68356
1966 2.492198
1967 2.626725
1968 2.748715
1969 2.541035
1970 2.166824
1971 2.714372
1972 2.197651
1973 1.490875
1974 1.652329
1975 1.27428
1976 1.78209
1977 1.553996
1978 2.787932
1979 2.325629
1980 1.775696
1981 1.313714
1982 1.415716
1983 1.530629
1984 1.453415
1985 1.885027
1986 3.504412
1987 3.002999
1988 3.106569
1989 3.175129
1990 3.798314
1991 2.957651
1992 1.775696
1993 1.462067
1994 1.898857
1995 2.798865
1996 1.850222
1997 2.570002
1998 2.29309
1999 3.094058
2000 2.836204
2001 2.284508
2002 1.998257
2003 2.733267
2004 2.206147
2005 1.888032
2006 2.394342
2007 1.488031
2008 2.256751
2010 2.353665
2011 1.970523
2012 2.338794
2013 2.372476
2014 2.477479
2015 2.672208
2016 2.363721
2017 2.616571
2018 2.225806
2019 2.336476
2020 2.333283
2021 2.491666
2022 2.541011
2023 2.333283
2024 2.414794
2025 2.578883
2026 2.074107
2027 2.156208
2028 2.54777
2029 2.719624
2030 2.759485
2031 2.561711
2032 2.550875
2033 2.989267
2034 3.371924
2035 2.903365
2036 2.812558
2037 3.02846
2038 2.618482
2039 2.661275
2040 2.4124
2041 2.453546
2042 2.121015
2043 2.295365
2044 2.128285
2045 2.741418
2046 1.987422
2047 2.092755
2048 2.321126
2049 1.972492
2050 2.43168
2051 2.672208
2052 2.793057
2053 2.595676
2054 3.925922
2055 5.121215
2056 4.683892
2057 3.671656
2058 3.885778
2059 3.238718
2060 2.508212
2061 2.576332
2062 1.828508
2063 3.208673
2064 2.387948
2065 2.171599
2066 1.699165
2067 2.002202
2068 2.173509
2069 2.092114
2070 2.385978
2071 2.383842
2072 2.202086
2073 2.889641
2074 2.900488
2075 2.326011
2076 2.733267
2077 1.983425
2078 1.902628
2079 1.972087
2080 1.787289
2081 2.153814
2082 1.775696
2083 1.923268
2084 1.705558
2085 1.515642
2086 1.563429
2087 1.639429
2088 1.349307
2089 1.245833
2090 0.77383
2091 1.223153
2092 1.394824
2093 0.687145
2094 0.665224
2095 0.643765
2096 0.563453
2097 0.499386
2099 0.626889
2100 0.307897
2101 0.327992
2102 0.249467
2103 0.257506
2104 0.242031
2105 0.073855
2139 0.004513
2140 1.377566
2141 1.130645
2142 2.366857
2143 2.103688
2144 1.786629
2145 2.616571
2146 2.32235
2147 2.398881
2148 2.32235
2149 2.66
2150 2.409814
2151 2.401554
2152 2.385978
2153 2.532096
2154 2.578883
2155 2.434093
2156 2.158354
2157 2.372015
2158 2.623936
2159 2.43168
2160 2.330248
2162 2.21305
2164 0.635751
2165 2.251722
2166 1.668689
2167 2.691739
2168 3.580261
2169 3.601933
2170 2.325629
2171 1.624961
2172 2.328743
2173 2.206319
2174 2.18022
2175 1.715429
2176 1.567968
2177 1.52934
2178 1.509159
2179 1.863731
2180 1.664703
2181 1.717132
2182 1.640681
2183 2.249964
2184 2.425651
2185 2.584743
2186 2.10742
2187 2.190969
2188 2.147421
2189 2.562877
2190 2.27774
2191 2.011076
2192 1.857394
2193 2.297156
2194 1.75383
2195 2.318828
2196 1.848389
2197 1.987422
2198 1.831224
2199 1.61901
2200 2.219413
2201 1.89596
2202 2.284508
2203 2.20848
2204 2.162934
2205 1.885027
2206 2.755133
2207 2.653651
2208 2.541011
2209 2.778424
2210 2.520864
2211 2.36217
2212 2.203984
2213 2.223952
2214 2.640174
2215 2.851674
2216 2.925714
2217 2.622226
2218 1.770709
2219 2.680463
2220 2.529714
2221 2.005299
2222 2.119548
2223 2.942595
2225 2.761221
2226 2.610395
2227 2.358821
2228 2.409814
2229 2.194926
2230 3.148723
2231 2.442613
2232 2.650997
2233 2.705031
2234 2.284508
2235 3.233521
2236 2.547405
2237 2.705007
2238 2.71323
2239 2.47645
2240 2.20848
2241 1.987422
2242 1.954915
2243 1.77209
2244 1.303486
2245 1.621731
2246 1.289442
2247 0.708816
2248 1.744539
2249 0.927365
2250 2.127697
2251 1.846558
2252 2.245223
2253 2.678601
2254 1.772464
2255 1.946561
2256 0.981651
2257 1.040222
2258 1.600767
2259 2.578883
2260 2.025134
2261 2.069418
2262 2.634869
2263 2.344216
2264 2.740508
2265 2.125554
2266 2.418743
2267 2.451098
2268 2.555937
2269 2.003289
2270 2.7442
2271 2.580211
2272 2.518368
2273 2.234885
2274 1.475108
2275 1.34362
2276 1.097846
2277 1.540186
2278 1.48255
2279 1.047482
2280 0.276256
2281 0.22313
2282 0.437343
2283 0.282286
2284 0.145219
2285 0.276256
2286 0.202076
2287 0.497947
2288 0.697412
2289 1.213592
2290 0.508737
2291 0.526154
2292 0.66939
2293 0.769331
2294 1.182372
2295 2.149714
2296 2.134355
2297 2.046453
2298 1.673169
2299 2.398881
2300 1.704571
2301 1.108779
2305 0.112692
2306 2.145915
2307 0.336238
2308 0.008686
2309 1.257303
2310 1.913467
2311 2.230346
2312 2.530762
2313 2.542557
2314 2.407409
2315 2.459326
2316 2.343467
2317 1.89596
2318 1.780571
2319 1.863161
2321 2.08347
2322 2.26465
2323 1.727366
2324 2.035086
2325 2.46448
2326 2.647697
2327 2.830173
2328 3.710849
2329 3.131397
2330 3.371924
2331 3.080135
2332 3.295393
2333 2.640174
2334 1.933189
2335 1.915912
2336 2.479937
2337 3.076731
2338 3.150116
2339 2.776354
2340 3.032999
2341 3.371924
2342 3.251112
2343 3.262593
2344 3.323497
2345 2.426832
2346 2.601946
2347 2.628476
2348 2.482503
2349 3.023941
2350 4.476164
2351 4.869754
2352 4.371373
2353 4.764663
2354 3.765514
2355 3.175121
2356 2.737792
2357 2.303937
2358 2.130031
2359 2.973794
2360 1.913467
2361 2.683141
2362 2.669541
2363 2.665006
2364 2.846695
2365 2.617542
2366 2.387948
2367 2.827365
2368 3.128271
2369 3.011133
2370 2.714991
2371 3.098994
2372 2.672208
2373 2.245818
2374 3.001079
2375 1.932556
2376 2.410286
2377 1.742897
2378 1.874566
2379 1.837623
2380 2.449795
2381 2.624623
2382 2.547405
2383 2.398881
2384 1.926222
2385 2.03355
2386 1.447704
2387 1.732531
2388 1.742897
2389 2.233937
2390 3.192456
2391 2.238367
2392 2.890869
2393 2.398881
2394 3.009764
2395 2.852371
2396 2.802234
2397 3.38522
2398 2.299433
2399 1.983425
2400 2.549397
2401 1.365312
2402 1.190965
2403 0.416253
2404 2.908196
2405 2.945534
2406 2.56425
2407 2.46448
2408 2.175937
2409 2.919129
2411 3.094198
2412 3.044207
2413 3.08682
2414 3.098994
2415 2.978334
2416 3.475798
2417 3.794523
2418 2.555784
2419 2.618014
2420 2.453546
2421 2.344998
2422 1.760224
2423 1.532325
2424 2.323429
2425 2.562877
2426 2.466482
2427 1.635592
2428 1.516166
2429 1.041046
2430 1.01302
2431 1.831224
2432 1.358954
2433 1.647018
2434 1.532325
2435 1.684518
2436 1.37782
2437 1.105129
2438 0.965328
2439 0.994909
2440 1.481079
2441 1.66187
2442 2.088216
2443 0.938951
2444 1.229043
2445 1.009554
2446 1.007577
2447 0.5365
2448 0.664572
2449 0.622306
2450 0.67181
2451 0.520626
2452 0.469966
2453 0.404152
2454 0.220985
2455 0.907445
2456 1.214795
2457 0.829806
2459 0.472557
2460 0.793199
2462 0.30411
2463 1.089342
2464 1.256935
2465 0.977335
2466 0.418037
2467 0.301918
2468 0.444261
2469 0.808303
2472 0.029453
2473 1.900737
2477 0.203596
2478 1.399433
2479 0.411347
2480 0.497515
2481 0.655136
2482 0.639303
2483 1.419469
2484 0.922917
2485 0.984875
2486 0.379248
2487 0.294646
2488 0.896511
2489 0.412577
2490 0.994909
2491 1.811346
2492 1.583368
2493 1.672
2494 1.608174
2495 1.635446
2496 1.931294
2498 1.4305
2499 0.892291
2500 0.303398
2501 0.444261
2502 1.168459
2503 2.492739
2504 2.599365
2505 1.522715
2506 2.866286
2507 2.223952
2508 1.468741
2509 2.242978
2510 1.882125
2511 2.047937
2512 2.213019
2513 2.694406
2514 2.046978
2515 2.508
2516 2.191153
2517 2.520864
2518 2.803405
2519 3.019798
2520 3.503121
2521 2.847137
2522 3.215033
2523 2.958751
2524 2.828838
2525 2.453546
2526 2.02796
2527 1.787881
2528 1.261434
2529 1.49783
2530 0.108773
2531 1.839527
2532 0.126277
2533 0.546653
2534 0.988075
2535 0.343929
2537 0.261398
2538 0.368412
2539 0.295193
2540 0.564012
2541 0.725523
2542 0.61799
2543 0.533854
2544 0.505441
2545 0.682646
2546 0.896511
2547 1.266071
2548 1.066392
2549 0.365158
2550 0.473953
2551 0.81753
2552 0.546281
2553 0.633035
2554 0.632415
2555 0.660974
2556 0.650783
2557 0.358167
2558 0.816364
2559 1.410664
2560 1.145266
2561 1.247334
2562 1.125792
2563 0.596551
2565 0.257536
