1333 2.443149
1334 2.731492
1335 1.687377
1336 1.195907
1338 1.632023
1339 1.339636
1340 2.063651
1341 2.267005
1342 2.376839
1343 2.851501
1344 2.152373
1345 2.420803
1346 1.916905
1347 2.212711
1348 1.869822
1349 0.951874
1350 0.654494
1351 0.214168
1352 0.135756
1353 0.150212
1354 0.336415
1355 0.122736
1356 0.07635
1357 1.527826
1358 1.573786
1359 1.224809
1360 1.574362
1361 1.294145
1362 1.34715
1363 1.083564
1364 0.997621
1365 1.040222
1366 0.930476
1367 0.585125
1369 0.171839
1370 0.168369
1371 0.214588
1372 0.10228
1373 0.476768
1374 1.04057
1375 1.311347
1376 2.351937
1377 2.000838
1378 2.199961
1379 1.908559
1380 2.705998
1381 3.219005
1382 2.544658
1383 2.942745
1384 2.081237
1385 1.688328
1386 1.484654
1387 1.594965
1388 1.671469
1389 2.408088
1390 3.098624
1391 2.36838
1392 2.623936
1393 2.187061
1394 2.330135
1395 2.91558
1396 2.889204
1397 2.393638
1399 2.587494
1400 1.800067
1402 1.389544
1404 1.48414
1406 1.287077
1407 2.711401
1408 2.590571
1409 2.102969
1411 2.052817
1412 3.017526
1414 0.167904
1415 2.593833
1416 2.612919
1418 1.803991
1419 2.623936
1422 0.533335
1423 2.766066
1424 0.632603
1425 2.11295
1426 1.602501
1428 0.95716
1429 2.503034
1430 2.036143
1432 0.815984
1434 1.281974
1436 1.063406
1437 2.253814
1438 0.630058
1440 0.607654
1442 0.711967
1444 0.692352
1446 0.727122
1448 0.53001
1450 0.594009
1452 0.570462
1453 1.699513
1454 0.177658
1456 1.020791
1458 0.913423
1460 0.914335
1462 0.634566
1464 0.69268
1466 1.137349
1472 0.267224
1473 0.375529
1474 0.671094
1475 0.926031
1476 1.215321
1477 3.304543
1478 3.367906
1479 2.712634
1480 3.6404
1481 3.271628
1484 0.968448
1485 3.454849
1488 1.06678
1489 2.721167
1490 1.719592
1492 1.68185
1494 1.221965
1496 1.202103
1498 1.27276
1500 1.751749
1501 3.894515
1502 5.040144
1503 4.095497
1504 1.673354
1506 1.502355
1508 1.370671
1510 1.446487
1512 1.534049
1518 0.570245
1519 0.4104
1520 0.704317
1521 0.780166
1522 1.290566
1523 2.530479
1524 4.000862
1525 3.853224
1526 1.416192
1530 0.811479
1531 2.110082
1532 1.187003
1538 0.103195
1539 0.390083
1540 0.489223
1542 0.100768
1544 1.033451
1545 0.232784
1546 0.19767
1547 0.730594
1548 0.532627
1550 0.331586
1556 0.127929
1557 0.361358
1558 0.432791
1559 0.495361
1560 0.695074
1563 0.060425
1564 0.326454
1566 0.277194
1567 0.473538
1568 0.201678
1569 0.325069
1570 0.354071
1571 0.1183
1572 0.281448
1573 0.170335
1588 0.005402
1589 0.107239
1590 1.585295
1591 1.732476
1592 2.321126
1593 1.977015
1594 1.981843
1595 1.913287
1596 1.911026
1597 2.088177
1598 2.072872
1599 1.989486
1600 2.07897
1601 2.050107
1602 2.054566
1603 2.055873
1604 1.637011
1605 1.973578
1606 1.796517
1607 1.937568
1608 2.226926
1609 2.003609
1610 2.056935
1611 2.063389
1612 2.00301
1613 2.104911
1614 2.494114
1615 2.240603
1616 2.5536
1617 2.641282
1618 1.716289
1619 1.800598
1620 2.230346
1621 1.816166
1622 2.020438
1624 2.60207
1625 2.069123
1626 2.061244
1627 2.008214
1633 0.372322
1634 2.011214
1636 1.986701
1638 0.26984
1640 0.499974
1642 0.225031
1644 0.232952
1646 0.231212
1648 0.233528
1650 0.24272
1652 0.257407
1654 0.262687
1656 0.229392
1658 0.271851
1660 0.231508
1662 0.448204
1664 0.245976
1668 0.133329
1670 0.273993
1672 0.277209
1674 0.31226
1680 0.105986
1681 0.379248
1683 0.526424
1684 0.733323
1685 0.888119
1686 0.240192
1688 0.391041
1690 0.391732
1697 0.112794
1698 0.375898
1699 0.559454
1700 0.664458
1701 0.97831
1702 1.275413
1703 1.400333
1704 0.538778
1706 0.230989
1708 0.260491
1710 0.39998
1712 0.360008
1714 0.289548
1716 0.278909
1718 0.266798
1720 0.307756
1722 0.28371
1725 0.286407
1730 0.114266
1731 0.3648
1732 0.489464
1733 0.696272
1734 0.313504
1736 0.307965
1738 0.273552
1740 0.251976
1742 0.22097
1748 0.089608
1749 0.357576
1750 0.471865
1751 0.592551
1752 0.038852
1754 0.21101
1756 0.224578
1757 0.836626
1758 0.106533
1760 0.545141
1761 0.698258
1762 0.597067
1765 0.091615
1770 0.087619
1771 0.464742
1774 0.147432
1776 0.252804
1778 0.248247
1780 0.308838
1782 0.319943
1784 0.246318
1786 0.264698
1788 0.272033
1790 0.354026
1792 0.319975
1794 0.243266
1796 0.25924
1798 0.223537
1800 0.22579
1802 0.196195
1804 0.463644
1806 0.235608
1808 0.254159
1810 0.233772
1812 0.250257
1814 0.457256
1816 0.212724
1823 0.068059
1824 0.317217
1825 0.158963
1826 0.483297
1828 0.488539
1829 0.965976
1830 0.181501
1832 0.308012
1834 0.252027
1835 0.911744
1838 0.070203
1841 0.249036
1842 0.309579
1845 0.227457
1847 0.240478
1853 0.087008
1854 0.415457
1855 0.598581
1856 0.792723
1857 0.487113
1858 0.143328
1860 0.609967
1862 0.258941
1864 0.534849
1870 0.092404
1871 0.401316
1872 0.635277
1873 0.636785
1874 0.259814
1880 0.091251
1881 0.346741
1882 0.578463
1883 0.863712
1884 1.535812
1885 2.559961
1886 4.239525
1887 4.824535
1888 2.902288
1894 0.552343
1895 0.39359
1896 0.650783
1897 0.951177
1898 1.298398
1899 2.382447
1900 4.413986
1901 2.220966
1902 0.506821
1904 1.279861
1905 2.838235
1906 1.508288
1912 0.4412
1913 0.39047
1914 0.696729
1915 0.901271
1916 0.792919
1917 2.087754
1918 3.439896
1919 3.601335
1920 2.096604
1922 1.01117
1924 1.0581
1926 1.053684
1928 1.276
1929 2.337341
1930 0.26273
1931 1.777443
1932 1.826671
1934 2.481362
1935 0.256934
1936 2.019429
1937 1.687739
1938 1.744539
1939 0.993529
1940 1.626957
1941 0.705735
1942 1.634086
1943 2.842597
1955 0.019998
1956 3.039393
1957 3.347287
1958 0.780051
1960 1.370441
1961 3.190002
1962 1.821692
1963 1.967952
1964 0.610727
1966 0.981626
1968 1.044486
1970 1.139091
1972 1.107771
1975 1.017368
1976 1.430372
1978 0.889989
1980 1.189064
1982 1.33018
1983 1.898117
1984 1.111414
1985 1.148578
1986 1.198012
1987 1.316326
1988 0.946239
1990 0.948784
1991 2.252212
1992 1.858361
1993 1.985217
1994 0.606473
1996 0.905545
1998 0.77626
1999 0.776248
2000 0.869758
2002 0.922736
2003 2.145457
2004 0.25278
2005 1.443165
2006 1.147901
2007 0.911096
2008 1.277341
2009 1.701133
2012 0.245833
2013 1.885402
2014 1.048745
2016 0.259588
2018 0.336914
2020 0.261279
2022 0.315492
2024 0.367727
2026 0.426984
2027 0.861243
2028 0.275405
2031 0.214901
2036 0.077942
2037 0.357981
2038 0.552687
2039 0.622552
2042 0.260544
2044 0.283406
2046 0.311711
2048 0.306058
2050 0.246032
2052 0.235972
2054 0.536455
2056 0.277332
2058 0.292684
2060 0.273123
2062 0.275877
2068 0.082727
2069 0.357223
2070 0.514118
2072 0.297875
2073 0.834805
2074 1.339149
2076 0.768861
2078 0.254973
2080 0.214217
2082 0.523778
2084 0.255472
2086 0.435026
2088 0.340841
2090 0.447172
2093 0.203588
2098 0.075199
2099 0.335241
2100 0.33974
2101 0.390722
2102 0.477087
2103 1.008222
2104 0.587536
2107 0.141548
2108 0.328889
2110 0.401178
2111 0.786268
2112 0.152554
2113 0.791002
2114 0.090844
2116 0.333419
2118 0.295268
2120 0.351275
2122 0.306743
2124 0.230916
2126 0.245039
2128 0.251642
2130 0.270648
2132 0.269555
2134 0.25585
2136 0.219244
2138 0.234702
2140 0.224438
2142 0.26576
2145 0.20385
2151 0.06883
2152 0.150467
2153 0.207728
2154 0.516258
2155 0.833125
2156 0.689122
2157 0.804238
2158 0.095145
2160 0.302379
2161 0.505108
2163 0.095975
2164 0.400522
2165 0.327992
2166 0.073839
2167 0.491988
2168 0.373067
2169 0.515012
2170 0.514677
2176 0.027935
2177 0.64084
2178 0.590118
2179 0.284123
2180 0.884471
2181 0.882932
2182 0.940583
2183 1.040753
2184 1.180235
2185 1.063105
2186 0.995893
2187 1.128024
2188 1.392419
2189 1.01855
2190 1.390912
2191 1.011104
2192 1.181085
2193 1.279169
2194 1.162329
2195 1.420876
2196 1.351906
2197 1.287321
2198 1.51699
2199 1.431722
2200 0.411873
2201 1.244866
2202 1.084734
2203 0.738885
2204 1.126907
2205 0.922638
2206 1.419469
2207 1.517996
2208 1.723659
2209 1.172444
2210 1.465031
2211 1.615453
2212 2.067157
2213 2.044329
2214 2.054474
2215 1.759616
2216 2.535833
2217 2.400578
2218 2.142881
2219 1.636539
2220 1.963195
2221 0.899046
2222 0.325589
2223 0.601319
2224 2.083089
2225 1.911377
2227 1.405083
2228 1.881667
2229 1.190742
2230 0.399877
2231 0.878557
2232 1.867689
2233 1.819536
2234 1.778394
2235 1.847688
2236 1.355554
2237 1.625347
2238 1.974042
2239 1.349506
2240 1.983419
2241 2.427141
