175 2.004594
176 2.070889
177 2.436508
178 2.656735
179 2.606609
180 2.68356
181 2.699901
182 2.946794
183 2.802084
184 2.667668
185 2.382222
186 2.46419
187 2.311417
188 2.787932
189 2.694406
190 2.607635
191 2.814338
192 2.661867
193 2.469468
194 2.831664
195 2.519145
196 2.675365
197 2.745917
198 2.945534
199 2.640174
200 2.958131
201 2.672208
202 2.564226
203 2.20211
204 2.245201
205 1.109584
207 0.466466
208 1.998257
209 2.60207
210 2.553403
211 2.030764
212 2.037101
213 1.163913
214 2.102115
215 1.852228
216 1.913467
217 2.416208
218 2.458222
219 2.591652
220 2.398881
221 2.88633
222 2.393079
223 2.258313
224 2.43168
225 2.60207
226 2.360508
227 2.420747
228 2.249705
229 1.712032
230 1.696539
231 1.822214
232 1.510653
233 1.605265
234 1.314311
235 2.136737
236 1.736483
237 2.022617
238 1.761617
239 1.888
240 2.121015
241 1.989391
242 2.069608
243 1.911572
244 2.171628
245 1.984941
246 1.879065
247 2.09669
248 2.253814
249 1.721031
250 2.060813
251 1.772464
252 1.78437
253 2.138857
254 1.994358
255 2.297356
256 2.505514
257 2.125554
258 2.770331
259 2.387948
260 2.746857
261 2.475413
262 2.497287
263 2.705253
264 2.618482
265 1.592037
266 1.622962
267 1.932571
268 1.779782
269 2.044484
270 2.158655
271 2.339541
272 2.465154
273 1.814889
274 2.46448
275 2.594218
276 2.306877
277 1.928135
278 1.961558
279 2.42959
280 2.46419
281 2.497279
282 2.561711
283 2.809798
284 2.333283
285 2.069418
286 2.131948
287 2.520864
288 2.399176
289 2.43168
291 2.536189
292 2.711401
293 2.311409
294 2.130394
295 2.342241
296 2.809798
297 2.353503
298 2.367246
299 2.398881
300 2.744135
301 2.497279
302 1.994358
303 2.44494
304 2.722334
305 2.607635
306 2.85807
307 2.976412
308 2.80287
309 2.836204
310 2.92218
311 2.811141
312 3.13779
313 2.110794
314 2.010199
315 2.271396
316 1.694859
317 1.996131
318 2.17568
325 0.119219
326 1.49251
327 1.969039
328 2.197546
329 2.030764
330 1.507647
331 1.216886
332 1.084638
333 1.115173
334 1.099988
335 1.560333
336 0.622306
337 0.546281
339 0.615035
340 2.241279
341 2.398881
342 2.382222
343 2.027157
344 2.266894
345 2.169287
346 2.238858
347 2.210471
348 1.874094
349 2.169287
350 1.769714
351 0.751059
352 1.088063
353 2.156612
354 0.541683
355 2.014567
356 1.463721
357 1.625347
358 1.557035
359 2.008369
360 2.030764
361 2.121015
362 1.240991
363 1.902354
364 1.739925
365 1.922408
366 2.153814
367 1.90262
368 2.080444
369 1.42396
370 1.867429
371 1.424415
372 1.0944
373 0.693481
374 0.849679
375 0.9576
376 0.300424
377 0.456885
378 0.912885
379 0.727429
380 0.318757
381 0.292852
382 0.59596
383 0.72527
384 0.573114
385 0.953537
386 0.866851
387 0.787156
389 0.460313
390 0.682906
391 1.0944
392 0.943635
393 1.173587
394 1.148578
395 1.083564
396 0.926446
397 0.918378
398 0.876317
399 1.238536
400 1.616111
401 1.012027
402 1.506154
403 1.874094
404 2.559746
405 2.855218
406 3.446222
407 2.847137
408 2.531711
409 2.453331
410 2.353665
411 2.134379
412 2.710726
413 2.156361
414 3.094058
415 3.10953
416 3.402794
417 2.934609
418 2.724246
419 2.325629
420 2.070889
421 1.965409
422 1.024435
423 1.694625
425 1.296538
426 1.92422
427 1.707386
428 1.787881
429 1.153077
430 1.47219
431 2.748739
432 2.520864
433 2.566707
434 2.099937
435 2.000238
436 2.022617
437 1.46957
438 1.237714
439 0.834345
440 0.118832
441 1.908549
442 1.961558
443 1.41003
444 1.496335
445 1.491937
446 1.560333
447 1.382106
448 2.245818
449 2.236571
450 2.027157
451 2.32235
452 2.645802
453 2.938852
454 2.063263
455 1.967952
456 1.65841
457 1.852228
458 2.321126
459 2.344216
460 1.950625
461 1.986857
462 1.781545
463 2.199636
464 2.377505
465 1.976586
466 1.874566
467 0.42751
468 2.820394
469 2.659232
470 1.880928
471 1.534306
472 0.779395
473 0.687826
474 0.404377
475 0.998857
476 0.994909
477 0.568515
478 0.994909
479 1.01855
481 0.721121
482 1.47219
483 2.095778
484 2.558338
485 2.023937
486 2.213019
487 2.667668
488 2.398881
489 2.034794
490 2.017861
491 2.45994
492 2.628476
493 2.442621
494 2.231587
495 2.110082
496 2.169287
497 2.238367
498 2.558338
499 3.273526
500 3.427909
501 3.273526
502 3.459389
503 3.726322
504 2.921235
505 3.192456
506 2.819637
507 2.70513
508 2.516631
509 1.686936
510 0.200453
511 2.102115
512 2.792472
513 2.847137
514 3.174794
515 2.756752
516 2.71594
517 3.645275
518 3.401325
519 3.427909
520 2.661275
521 2.703812
522 2.387948
523 2.603525
524 2.558055
525 2.781177
526 2.663536
527 3.247121
528 3.148934
529 3.776448
530 2.956468
531 2.725143
532 2.43168
533 2.341876
534 2.537527
535 2.708803
536 2.420848
537 2.442613
538 2.336476
539 2.361542
540 1.994358
541 2.078222
542 2.427141
543 2.070737
544 1.589802
545 2.167341
546 2.169287
547 2.217166
548 2.405275
549 1.93516
550 2.063271
551 2.01543
552 1.498334
553 1.525072
554 0.654494
555 0.893907
556 1.246099
557 1.202637
558 0.643134
559 0.358877
560 0.601437
562 0.369893
563 0.13068
564 4.648351
565 1.58947
566 0.990992
567 0.791002
568 0.34803
569 0.661629
570 0.245333
571 0.113143
572 0.628467
575 0.013674
576 0.590697
577 0.588008
578 0.851928
579 1.064
580 1.311317
581 0.951177
582 0.954482
583 1.266071
584 1.151937
585 1.160563
586 0.899358
587 0.643802
588 1.062212
589 1.136901
590 0.968871
591 1.062212
592 1.244866
593 0.975842
594 0.98006
595 1.116071
596 1.097846
597 1.342493
598 0.783247
599 0.600173
600 0.846687
601 0.81735
602 1.041253
603 1.272775
604 1.01956
605 0.901271
606 0.632966
607 0.693481
608 0.701266
609 0.67181
610 0.682646
611 0.611287
612 0.772518
613 1.040222
614 1.007715
615 1.109735
616 0.942701
617 1.060507
618 1.089193
619 1.301566
620 1.260186
621 1.158776
622 1.137743
624 1.055556
625 1.137743
626 1.299533
627 0.968871
628 1.0944
629 1.235437
630 1.077228
631 1.191704
632 1.020571
633 0.922917
634 1.203948
635 1.224503
636 0.991524
637 1.202637
638 1.073994
639 0.979707
640 1.26777
641 1.322901
642 0.798431
643 1.041774
644 1.21357
645 1.261434
646 1.12737
647 0.801045
648 0.9156
649 0.756996
650 0.803429
651 0.92103
652 0.802653
653 0.867711
654 0.866851
655 0.9472
656 0.869082
657 1.01855
658 1.159414
659 1.382106
660 1.713728
661 1.447704
662 1.432232
663 1.122794
664 1.235263
665 1.17025
666 1.238536
667 1.25818
668 1.173961
669 1.306746
670 1.132513
671 1.196244
672 0.977335
673 1.072729
674 1.044721
675 1.26697
676 1.324571
677 1.143374
678 1.137039
679 0.964372
680 0.999449
681 0.932789
682 1.029386
683 0.990543
684 1.277892
685 1.119396
686 0.957088
687 0.953537
688 0.954918
689 0.650139
690 0.687145
691 0.682646
692 0.718871
693 0.67181
694 0.686682
695 0.76375
696 0.72527
697 0.78094
698 0.787181
699 0.64444
700 0.736824
701 0.81998
702 0.954482
703 0.806337
704 1.071441
705 0.965328
706 0.756502
707 0.889403
708 0.940244
709 0.823509
710 0.709518
711 0.715152
712 0.682646
713 0.84518
714 0.863712
715 0.514283
716 0.611576
717 0.520111
718 0.725988
719 0.704317
720 0.546281
721 0.780166
722 0.682646
723 0.611576
725 0.693481
726 0.427089
727 0.389354
728 0.455097
729 0.332612
730 0.303398
731 0.297507
732 0.294363
733 0.257506
734 0.220985
735 0.156492
736 0.140863
737 0.108556
738 0.139482
739 0.169839
740 0.18779
741 0.246776
742 0.206491
743 0.205877
744 0.243435
745 0.25852
746 0.265631
747 0.2736
748 0.242031
749 0.203859
750 0.168207
751 0.177357
752 0.120123
753 0.216713
754 0.252554
755 0.246776
756 0.247019
757 0.240527
758 0.263077
759 0.257506
761 0.268235
762 0.27116
763 0.332286
764 0.397378
765 0.321598
766 0.368412
767 0.317059
768 0.315692
769 0.314857
770 0.25787
771 0.24922
772 0.206686
773 0.205674
774 0.21702
775 0.286603
776 0.359047
777 0.454647
778 0.50978
779 0.557929
780 0.600847
781 0.509517
782 0.478601
783 0.426667
784 0.600847
785 0.542319
786 0.370983
787 0.423429
788 0.319067
789 0.321567
791 0.218844
792 0.315996
793 0.260313
794 0.318757
795 0.399877
796 0.379248
797 0.357576
798 0.407718
799 0.336738
800 0.340008
801 0.253719
802 0.21888
803 0.140863
804 0.17337
805 0.214378
806 0.094799
807 0.119192
808 0.204547
810 0.068804
811 0.762868
812 0.195042
813 0.160941
814 0.11884
815 0.129787
816 0.107294
817 0.138128
818 0.07748
819 0.065015
853 0.000988
854 0.585125
855 1.246099
856 2.453546
857 3.696224
858 4.209541
859 3.582162
860 4.016975
861 4.78229
862 4.227272
863 3.984176
864 4.176222
865 4.022649
866 3.355165
867 3.944983
868 4.407835
869 4.429828
870 3.973243
871 3.376464
872 3.96749
873 4.268436
874 4.301235
875 4.294841
876 4.421499
877 3.837644
878 4.165876
879 4.178159
880 4.583438
881 4.304174
882 4.312168
883 4.366833
884 4.220487
885 3.903618
886 3.707146
887 3.699916
888 3.569192
889 3.524987
890 3.940444
891 3.765514
892 3.161901
893 3.896711
894 3.978222
895 3.995109
896 4.218616
897 3.743648
898 3.415656
899 4.104436
900 4.290302
901 3.947829
902 4.476164
903 4.268436
904 4.241788
905 3.918577
906 3.656192
907 3.546853
908 3.076731
909 3.67796
910 4.150441
911 3.645251
912 3.204727
913 3.115833
914 3.120464
915 4.078889
916 3.325483
917 4.089421
918 4.081275
919 4.613685
920 3.802853
921 4.858821
922 3.787381
923 3.13759
924 2.225735
925 2.38802
926 2.505514
927 2.037565
928 2.078222
929 2.775676
930 2.418743
931 1.142242
932 2.000751
933 1.93516
934 1.51549
935 1.305574
936 1.563429
937 1.688232
938 1.724575
939 1.478147
940 2.164747
941 2.097855
942 1.917826
943 1.825822
944 1.643937
945 2.002611
946 1.961558
947 2.117143
948 2.049023
949 2.072055
951 2.312037
952 2.60207
953 2.034159
954 1.857545
955 2.558338
956 2.344216
957 2.773079
958 2.945534
959 3.462712
960 2.821766
961 3.514054
962 3.258418
963 3.011133
964 2.578224
965 2.711596
966 2.890869
967 2.358168
968 2.171628
969 2.740287
970 2.842597
971 2.770331
972 1.841295
973 2.325067
974 2.431714
975 2.136488
976 2.398881
977 2.394342
978 2.243305
979 2.234885
980 2.101387
981 2.516361
982 2.125554
983 2.29082
984 2.66821
985 2.191153
986 2.108702
987 2.912735
988 3.28446
989 2.645662
990 2.739825
991 4.180971
992 4.202837
993 3.907644
994 4.119912
995 4.436569
996 4.030788
997 3.259337
998 3.289893
999 3.287699
1000 3.350058
1001 3.543937
1002 3.53592
1003 3.752552
1004 3.925589
1005 3.312658
1006 3.67805
1007 3.399421
1008 3.688983
1009 3.852979
1010 3.460512
1011 2.689076
1012 3.229794
1013 3.054865
1014 2.927984
1015 2.984301
1016 2.530078
1017 2.798367
1018 2.770605
1019 3.893027
1020 3.347325
1021 3.048348
1023 3.05957
1024 3.204962
1025 3.155225
1026 4.115373
1027 4.308203
1028 3.57608
1029 3.359365
1030 3.404723
1031 3.471905
1032 3.334343
1033 3.710557
1034 3.568719
1035 4.3559
1036 5.078171
1037 4.718004
1038 5.009189
1039 4.869754
1040 4.916444
1041 4.902553
1042 3.96231
1043 2.890869
1044 2.621079
1045 2.28955
1046 2.679056
1047 2.401554
1048 2.508212
1049 2.803405
1050 2.291063
1051 2.776674
1052 3.609195
1053 2.912735
1054 2.588508
1055 2.591652
1056 2.386384
1057 2.423897
1058 3.054915
1059 2.678601
1060 1.566533
1061 3.14233
1062 2.71594
1063 2.801143
1064 2.032777
1065 2.234885
1066 2.331972
1067 2.063271
