2056 2.976703
2057 2.004226
2058 1.726519
2059 1.1603
2060 1.366531
2061 1.378652
2062 2.174975
2063 2.173775
2064 2.843229
2065 2.733339
2066 2.000286
2068 2.322312
2069 2.701357
2070 3.491114
2071 2.897573
2072 3.210537
2073 2.840849
2074 3.873758
2075 2.996227
2076 3.184903
2077 1.487249
2078 1.805719
2079 1.070371
2080 3.10613
2081 2.513151
2082 2.423781
2083 2.024261
2084 2.513518
2085 2.375228
2086 2.762069
2087 0.227323
2088 3.434801
2089 2.781451
2090 0.437323
2091 2.932091
2092 3.278002
2093 2.143135
2095 2.738393
2096 2.206633
2097 2.720062
2098 1.406675
2099 2.264056
2100 2.289537
2101 3.156188
2102 3.286186
2103 3.517381
2104 4.478378
2105 3.403761
2106 4.024711
2107 4.253118
2108 3.36065
2109 4.032727
2110 2.852886
2111 2.493295
2112 3.578933
2113 3.436052
2114 2.842669
2115 3.507612
2116 2.368511
2118 1.971403
2119 2.705994
2120 2.777978
2121 3.138196
2122 2.877663
2123 2.64633
2124 4.164531
2125 2.658606
2126 3.492571
2127 3.481143
2128 3.115966
2129 3.41984
2130 3.500705
2131 2.863255
2132 3.061706
2133 4.021701
2134 4.245195
2135 1.095029
2136 1.869554
2137 2.159936
2138 1.921171
2139 0.606196
2140 0.931865
2142 0.525429
2143 2.899387
2144 3.170072
2145 3.268987
2146 0.9196
2147 1.349966
2148 1.763081
2149 1.089085
2150 0.472094
2151 0.791002
2152 1.050018
2153 0.425744
2154 1.774416
2155 0.665224
2156 0.346741
2157 0.218742
2159 0.192988
2160 0.156343
2161 0.381426
2162 0.243948
2163 0.148753
2165 0.075766
2166 0.062537
2167 0.101333
2169 0.054044
2170 0.07138
2171 0.0912
2172 0.030121
2174 0.107823
2175 0.114761
2176 0.194442
2177 0.387018
2178 0.201829
2179 0.368047
2180 0.346796
2181 0.389354
2182 0.175263
2183 0.3648
2184 0.158408
2185 0.412981
2186 0.200952
2188 0.340381
2189 0.354377
2190 0.350223
2191 0.321882
2192 0.520871
2193 0.529431
2194 0.378379
2199 0.016457
2200 0.344853
2202 0.479539
2203 0.157394
2204 0.482824
2205 0.475314
2206 0.628467
2210 0.0576
2211 0.344853
2213 0.079153
2214 0.176516
2215 1.076962
2216 1.455944
2217 1.327816
2218 1.285119
2219 1.603145
2220 1.709285
2221 1.966437
2222 2.149514
2223 2.099004
2224 2.171668
2225 1.134024
2226 1.820421
2227 1.51699
2228 1.142278
2229 1.585295
2230 2.085051
2231 2.205025
2232 1.603382
2233 1.673558
2234 0.939432
2235 0.773158
2236 0.587435
2237 1.386962
2238 0.635938
2239 0.910194
2240 1.180771
2241 0.195768
2242 0.975208
2243 1.51699
2244 1.492963
2245 1.377491
2246 0.893259
2247 0.868231
2248 1.149717
2249 1.065558
2250 1.51699
2252 0.805513
2253 1.865578
2254 1.061893
2255 1.253893
2256 2.001153
2257 1.495319
2258 1.051667
2259 0.826165
2260 0.783247
2261 0.449479
2262 0.612177
2263 0.268235
2264 0.882622
2265 1.376192
2266 0.633224
2267 0.692795
2268 0.682534
2269 0.664572
2270 0.679659
2271 0.773276
2272 0.655984
2273 0.420871
2274 0.751059
2275 0.543976
2276 0.682646
2277 0.447042
2278 0.545294
2279 0.671263
2280 0.579388
2281 0.329703
2282 0.882773
2283 1.023549
2284 0.801465
2285 0.70358
2286 1.068325
2287 1.088135
2288 1.020468
2289 1.056507
2290 1.213592
2291 0.922133
2292 0.94551
2293 1.171409
2294 0.575489
2295 1.134432
2296 0.685448
2297 0.840571
2298 1.105025
2299 1.182978
2300 0.905566
2301 1.030875
2302 0.804706
2303 0.664468
2304 1.880488
2305 0.438004
2306 1.137743
2308 0.755145
2309 0.918378
2310 1.579494
2311 1.178543
2312 1.189091
2313 1.126383
2314 0.297404
2315 1.517043
2316 1.704408
2317 1.832998
2318 1.85618
2319 1.273431
2320 1.690165
2321 1.059106
2322 1.589735
2323 1.828875
2324 1.660827
2325 1.738056
2326 1.513127
2327 1.341176
2328 1.366409
2329 1.876424
2331 0.283593
2332 1.017543
2333 1.544531
2334 1.848792
2335 1.722629
2336 1.49263
2337 2.055417
2338 1.412027
2339 1.912649
2340 2.088216
2341 1.320372
2342 1.394824
2343 1.321949
2344 1.029082
2345 2.080444
2346 1.543065
2347 1.816872
2348 2.470873
2349 1.398498
2350 1.534321
2351 1.600356
2352 1.658661
2353 1.982442
2354 1.867747
2355 1.816364
2356 2.040547
2357 1.470232
2358 1.552496
2359 1.318289
2360 1.777046
2361 1.451976
2363 0.551352
2364 1.418065
2365 1.657853
2366 1.484483
2367 1.093986
2368 1.495319
2369 1.229244
2370 1.128719
2371 1.49783
2372 0.911921
2373 1.495319
2374 0.676082
2375 1.082493
2376 1.342069
2377 1.702882
2378 1.131412
2379 1.148841
2380 0.846548
2381 1.311968
2382 0.915258
2383 1.519696
2384 1.443094
2385 1.041361
2386 1.148578
2387 1.645238
2388 1.686349
2389 1.126106
2390 1.33901
2391 1.67135
2392 2.116212
2393 1.74039
2394 1.769412
2395 1.684776
2396 1.600525
2397 1.117817
2398 1.311968
2399 0.987774
2400 1.021602
2401 1.449892
2402 1.122486
2403 1.76621
2405 1.057301
2406 1.235263
2407 0.90457
2408 0.944376
2409 1.13887
2410 1.010304
2411 1.139036
2412 1.384094
2413 0.879952
2414 0.715861
2415 0.641845
2416 0.704784
2417 1.083564
2418 0.793885
2419 1.016775
2420 1.366644
2421 1.016499
2422 0.886911
2423 0.940244
2424 0.946101
2425 1.211236
2426 0.829853
2427 0.965328
2428 0.765555
2429 0.929311
2430 0.930863
2431 1.181085
2432 0.901109
2433 0.976626
2434 0.84981
2435 0.944581
2436 0.995057
2437 0.890133
2438 0.935648
2440 1.178766
2441 0.986044
2442 0.422313
2443 0.868231
2444 0.702652
2445 1.072941
2446 1.000071
2447 0.717553
2448 0.746549
2449 0.70362
2450 0.457476
2451 0.708141
2452 0.6336
2453 0.755837
2454 0.826165
2455 0.708317
2456 1.074249
2457 0.996879
2458 0.884768
2459 1.125792
2460 1.214795
2461 0.582593
2462 1.182256
2463 0.919265
2464 0.807717
2465 0.974243
2466 0.791207
2467 0.952593
2468 0.799255
2469 0.920871
2471 1.054023
2472 1.137743
2473 0.818137
2474 0.586002
2475 0.638671
2476 0.714757
2477 0.965328
2478 0.582998
2479 0.680369
2481 0.321024
2482 0.198261
2483 0.859419
2484 0.701033
2485 0.815053
2486 0.86285
2487 0.225822
2488 1.03458
2489 0.617554
2490 0.405085
2491 0.268235
2492 0.092052
2493 0.177189
2495 0.18343
2496 0.522831
2497 0.49844
2498 0.109379
2499 0.419492
2500 0.35404
2501 0.14264
2502 0.28426
2503 0.249262
2504 0.429176
2505 0.518226
2506 0.479174
2507 0.545964
2508 0.699794
2509 0.874677
2510 0.789307
2511 0.891482
2512 0.640184
2513 0.629864
2514 0.585705
2516 0.1534
2517 0.227774
2518 0.382509
2519 0.258987
2520 0.450957
2521 0.485268
2522 0.229654
2523 0.198214
2524 0.260055
2525 0.5252
2527 0.144757
2528 0.348119
2529 0.577136
2530 0.00793
2531 0.510204
2532 0.86213
2533 0.641241
2534 0.638828
2535 0.612368
2536 0.546379
2537 0.723764
2538 0.510229
2539 0.559511
2540 0.541346
2541 0.543155
2542 0.667159
2543 1.082374
2544 0.869284
2545 0.816176
2546 0.488761
2547 0.852919
2549 1.049897
2550 2.116253
2551 1.849265
2552 2.01916
2553 2.001031
2554 1.681315
2555 1.73596
2556 1.954669
2557 1.194845
2558 1.021685
2559 1.019294
2560 0.753838
2561 0.910194
2562 0.606796
2563 0.769331
2564 1.015322
2565 1.0944
2566 0.987106
2567 0.712695
2568 0.943635
2569 0.866851
2570 0.725872
2571 0.707448
2572 0.610972
2573 0.791002
2574 0.682984
2575 0.942701
2576 0.769648
2577 0.930996
2578 0.975208
2579 0.216991
2580 0.813479
2582 0.75181
2583 0.918378
2584 0.462054
2585 0.690641
2586 1.158905
2587 0.276392
2588 1.388337
2589 0.197895
2590 1.137039
2591 0.665536
2592 0.665876
2593 0.476124
2594 0.813479
2595 0.830812
2596 0.801838
2597 0.199331
2599 0.396988
2600 0.796181
2601 1.591865
2602 1.270795
2603 1.224831
2604 0.856936
2605 1.385974
2606 0.952761
2607 0.704919
2608 0.796955
2609 1.510414
2610 1.451237
2611 1.306545
2612 1.315458
2613 1.126907
2614 0.804279
2615 1.376127
2616 1.394772
2617 1.382733
2618 1.563429
2619 1.113727
2620 0.747659
2622 0.454289
2623 0.732515
2624 1.104982
2625 1.34362
2626 0.317961
2627 1.062212
2628 0.243184
2629 1.108528
2630 0.433492
2632 0.011544
2633 2.497234
2634 2.377697
2635 1.880239
2636 2.402205
2637 3.11357
2638 2.804781
2639 4.687912
2640 3.234505
2641 2.195433
2642 2.349722
2643 4.313287
2644 2.798145
2645 2.831664
2646 1.950204
2648 0.669382
2649 0.431491
2650 0.785239
2651 1.970136
2652 0.974208
2653 0.562592
2654 0.483297
2655 0.541246
2657 0.097802
2658 0.06369
2659 2.586973
2660 2.629578
2661 2.541637
2662 0.974112
2663 0.985441
2664 1.182256
2665 0.680378
2666 0.524787
2667 0.921943
2668 0.899358
2669 0.214052
2670 0.354071
2671 0.627846
2672 0.564012
2673 0.693691
2674 2.014567
2675 0.868366
2676 1.580629
2677 3.544719
2678 4.399097
2679 3.061056
2680 2.862778
2682 3.802983
2683 4.617542
2684 2.673167
2685 3.014129
2686 3.430753
2687 2.424048
2688 3.826756
2689 3.319325
2690 2.580578
2691 3.017526
2692 0.640404
2693 1.444283
2694 0.62554
2695 1.060507
2696 1.423783
2697 0.46425
2698 0.710649
2700 0.324213
2701 0.493496
2702 0.180971
2703 0.157408
2704 0.826975
2705 0.368558
2706 0.725988
2708 0.176279
2710 0.018967
2711 1.116954
2712 0.728055
2713 0.57505
2714 0.084185
2715 0.107294
2717 0.138532
2718 0.783247
2719 0.673703
2720 1.119825
2721 0.234966
2722 0.934375
2723 0.428607
2724 0.347262
2725 0.872094
2727 0.707945
2728 0.500403
2729 0.883279
2730 0.377067
2731 0.53572
2732 1.250374
2733 0.935269
2735 0.937474
2736 1.162809
2737 1.32779
2738 1.062529
2739 1.235437
2740 0.531465
2741 0.877626
2742 1.486897
2743 1.4238
2744 0.254939
2745 0.39359
2746 2.789545
2747 2.832
2748 1.335677
2749 2.508076
2751 2.060763
2752 2.607804
2753 1.107878
2754 1.665391
2755 1.199039
2756 2.031619
2757 1.16285
2759 1.122287
2760 1.290102
2761 1.279873
2762 0.425224
2763 1.550946
2764 1.016354
2765 1.289442
2766 0.487452
2767 0.360791
2768 0.866851
2769 0.536997
2771 0.098595
2772 1.10119
2773 1.846289
2774 2.141051
2775 1.324725
2776 1.528607
2777 1.392719
2778 1.014202
2779 1.234042
2780 1.530273
2781 1.891267
2782 1.302121
2783 2.002392
2784 1.868377
2785 1.27321
2786 1.451097
2787 1.071441
2788 1.23487
2789 1.355788
2790 0.872288
2791 1.38627
2792 1.542012
2793 0.584032
2794 1.545758
2795 1.712032
2797 0.382123
2798 1.596228
2799 0.316945
2800 0.954918
2801 1.044664
2802 1.060843
2803 1.778166
2804 1.851245
2805 1.591264
2806 0.939359
2807 0.513854
2808 1.793023
2809 0.943849
2810 1.457771
2811 0.799034
2812 1.583572
2813 1.832332
2814 1.410533
2815 1.603084
2816 1.595739
2817 1.149616
2818 2.052189
2820 1.620655
2821 1.563429
2822 0.808056
2823 1.49783
2824 1.433228
2825 1.819365
2826 1.970414
2827 1.811245
2828 1.85477
2829 1.707247
2830 2.340499
2831 1.810693
2832 1.832762
2833 2.438074
2834 1.72202
2835 1.804044
2836 2.099149
2837 2.101223
2838 2.169585
2839 2.557212
2840 1.834499
2841 2.62312
2842 2.026573
2843 2.10685
2844 1.430305
2845 1.8891
2846 2.120854
2847 2.587157
2848 2.066783
2849 2.112261
2850 2.107433
2851 1.910582
2852 1.884866
2853 1.639959
2854 2.104436
2855 2.117678
2856 1.907073
2857 1.430026
2858 1.840179
2859 1.485413
2860 1.609135
2861 1.724132
2862 1.898117
2863 2.035086
2864 0.724775
2865 1.93958
2866 2.110861
2867 1.380384
2868 1.93958
2869 2.547405
2871 1.144729
2872 2.098726
2873 2.489733
2874 2.305332
2875 1.842725
2876 1.388337
2877 1.695224
2878 1.342825
2879 2.427184
2880 1.822473
2881 1.63506
2882 1.947932
2883 2.479329
2884 1.428369
2885 1.59284
2886 0.754185
2887 0.84518
2888 0.659668
2889 0.697412
2890 1.549812
2891 1.91598
2892 2.071096
2893 2.044484
2894 1.664127
2895 1.793554
2896 1.946346
2897 1.840237
2898 0.291838
2899 1.76388
2900 2.021822
2901 2.350609
2902 1.81156
2903 1.901954
2904 2.328743
2905 2.131604
2906 2.045857
2907 1.907073
2908 1.421443
2910 2.179278
2911 2.613003
2912 2.057972
2913 2.211564
2914 2.331972
2915 1.271509
2916 1.749291
2917 2.105435
2918 2.148092
2919 2.126755
2920 1.914089
2921 2.033518
2922 2.05178
2923 2.104023
2924 2.31781
2925 1.367524
2926 1.353116
2927 0.568589
2928 2.171342
2929 1.110105
2930 1.169789
2931 0.633788
2932 2.022617
2933 1.882965
2934 1.980506
2936 0.184029
2937 2.774363
2938 2.602698
2939 2.594269
2940 3.269698
2941 2.129774
2942 1.569697
2944 1.24307
2945 1.468247
2946 1.429692
2947 2.328743
2948 2.015273
2949 1.941141
2950 2.718337
2951 3.064919
2952 2.96603
2953 0.8074
2954 2.301714
2955 3.216231
2956 3.312719
2957 1.358982
2958 2.694254
2962 0.943035
2963 0.162284
2964 1.625779
2965 1.892482
2966 1.3332
2967 1.62492
2968 1.302038
2969 1.866918
2970 1.566204
2972 0.723003
2973 0.522099
2974 1.481598
2975 1.426589
2976 1.229988
2977 0.736824
2978 0.392348
2979 0.553411
2980 0.163802
2981 1.967952
2982 1.85226
2984 1.326297
2985 0.423714
2986 1.711363
2987 0.848447
2988 0.816445
2989 1.269027
2990 0.251017
2991 0.964372
2993 0.230027
2996 0.018234
2997 0.208656
3000 0.006476
3002 0.02038
3023 0.002082
3024 0.245094
3025 0.332491
3026 0.443822
3029 0.154948
3030 0.282648
3031 0.752296
3032 1.219148
3033 1.494327
3034 1.499929
3035 1.811437
3036 2.375992
3037 2.166746
3038 1.6756
3039 3.186406
3040 3.40008
3041 2.972757
3042 0.371447
3043 0.416914
3044 0.018869
3045 0.642636
3046 0.9235
3047 0.811021
3048 0.92103
3049 0.281685
3051 0.089698
3052 2.621665
3053 3.032614
3054 3.087505
3055 4.19458
3056 3.046234
3057 3.203335
3058 2.849774
3059 4.413457
3060 3.230915
3061 3.70579
3062 2.308804
3063 2.855696
3064 2.541621
3065 2.20777
3066 2.263145
3067 1.052474
3074 0.005064
3075 0.126277
3076 0.055594
3078 0.14379
3079 0.071882
3081 0.075693
3082 0.149188
3083 0.054178
3084 0.138032
3085 0.087943
3086 0.038066
3087 0.06369
3088 0.045317
3089 0.525226
3090 1.436333
3092 0.557161
3093 0.679356
3095 0.145808
3096 0.086249
3097 0.223564
3098 0.177415
3099 0.618244
3100 0.520274
3101 0.115754
3109 0.013061
3112 0.006971
3113 0.134346
3115 0.029229
3116 0.061289
3118 0.782593
3119 0.490513
3120 0.81808
3121 1.254679
3122 1.235687
3123 0.90503
3124 0.961071
3125 0.837584
3126 1.163742
3127 0.496515
3128 0.476768
3131 0.0921
3132 0.314716
3133 0.088815
3134 0.139287
3135 0.144303
3136 0.278828
3137 0.085379
3138 0.155479
3141 0.009638
3142 0.17447
3143 0.191231
3144 0.537984
3145 0.156225
3147 0.236867
3149 0.073614
3159 0.00919
3218 0.000373
3289 0.000152
3309 0.0011
3311 0.03536
3341 0.001774
3343 0.071235
3345 0.123443
3346 0.04877
3348 0.039016
3349 0.053169
3350 0.046177
3351 0.078171
3352 0.062123
3353 0.0672
3354 0.065598
3356 0.02715
3357 0.065598
3358 0.074576
3359 0.051477
3360 0.083401
3362 0.046741
3363 0.060049
3364 0.058667
3365 0.00899
3366 0.054665
3367 0.042834
3369 0.061981
3370 0.052114
3371 0.089298
3372 0.041455
3373 0.062359
3375 0.05409
3376 0.097398
3378 0.052785
3379 0.11357
3380 0.084428
3381 0.098299
3382 0.058021
3383 0.105434
3384 0.112922
3385 0.097241
3387 0.121407
3388 0.059839
3389 0.121263
3392 0.030035
3393 0.311871
3394 0.128879
3395 0.134227
3396 0.157846
3397 0.130528
3401 0.05519
3402 0.322226
3403 0.209655
3404 0.22141
3405 0.133281
3406 0.225539
3413 0.031128
3414 0.050918
3415 0.141846
3416 0.154868
3417 0.179665
3418 0.107785
3419 0.241335
3421 0.120204
3422 0.168694
3423 0.175919
3424 0.087103
3425 0.128879
3426 0.141555
3427 0.141988
3428 0.04505
3429 0.14213
3430 0.0768
3431 0.085835
3433 0.039557
3434 0.056461
3436 0.033164
3437 0.046531
3438 0.044852
3440 0.030742
3441 0.097294
3442 0.00853
3444 0.027319
3445 0.060632
3446 0.103833
3447 0.074959
3449 0.035275
3450 0.074311
3452 0.031216
3453 0.039869
3454 0.035736
3466 0.00631
3467 0.095534
3468 0.10228
3469 0.100496
3470 0.271812
3471 1.299584
3472 0.910137
3474 1.365421
3475 1.45699
3476 1.418492
3477 1.808368
3478 1.976072
3479 2.081197
3480 2.761366
3481 2.785162
3482 1.659333
3483 2.538474
3484 2.395271
3485 2.808799
3486 2.315338
3487 1.872712
3488 1.546006
3489 1.156439
3490 1.506154
3491 1.585295
3492 2.234743
3493 2.722334
3494 1.440416
3495 2.634869
3496 2.408415
3497 1.563429
3498 2.489838
3499 2.565723
3500 2.864464
3501 1.377794
3502 2.711401
3503 2.405717
3505 2.378809
3506 0.25121
3507 2.480926
3508 1.147709
3509 2.110082
3510 2.250059
3511 2.504754
3512 1.783536
3513 2.291187
3514 3.465782
3515 2.400072
3516 2.51456
3517 2.000751
3518 3.052507
3519 3.301786
3520 2.717764
3521 2.103493
3522 1.647026
3523 1.894362
3524 2.072665
3525 2.297792
3526 2.306877
3527 2.212916
3528 1.826844
3529 1.3174
3530 1.668689
3531 1.197149
3532 2.197546
3533 1.786653
3534 2.088735
3535 2.398484
3536 2.667668
3537 2.06973
3538 2.342618
3539 2.486585
3541 3.023733
3542 3.181522
3543 2.701267
3544 2.701897
3545 2.280974
3546 1.722867
3547 2.201749
3548 1.964372
3549 2.820731
3550 1.604871
3551 2.027282
3552 2.427141
3553 1.717722
3554 2.538054
3555 1.623422
3556 1.542157
3557 1.457771
3558 0.846906
3559 1.488906
3560 1.825822
3561 0.670443
3562 1.430802
3563 2.505514
3564 0.803754
3565 2.968966
3566 0.879026
3567 3.150053
3568 2.45284
3569 2.447529
3570 2.22213
3571 2.068123
3572 1.290581
3573 1.385591
3574 1.957019
3576 1.614378
3577 1.950416
3578 1.742037
3579 1.235437
3580 1.907073
3581 1.856188
3582 0.899594
3583 2.110082
3584 2.714286
3585 1.751478
3586 2.080444
3588 1.530632
3589 2.503672
3590 2.88633
3591 0.749143
3592 1.465031
3593 1.583289
3594 1.600764
3595 1.609011
3596 2.589719
3597 1.250728
3598 2.176794
3599 2.893117
3600 0.857654
3601 3.084076
3602 2.672604
3603 2.240459
3604 2.12132
3605 2.569752
3606 2.674467
3607 1.958991
3608 2.238537
3609 2.700855
3610 2.561141
3611 0.847153
3612 1.943041
3613 2.420563
3614 1.940653
3616 1.470105
3617 2.387133
3618 1.605962
3619 2.422122
3620 3.242126
3621 2.13233
3622 2.405275
3623 2.305343
3624 1.600534
3625 2.503672
3626 1.721929
3627 2.778574
3628 2.278007
3629 3.367385
3630 2.668329
3631 3.378318
3632 1.903473
3633 2.931429
3634 2.229532
3635 2.925107
3636 2.236114
3637 2.163485
3638 1.61545
3639 2.495984
3640 1.731392
3641 2.940995
3642 2.27212
3643 0.625786
3644 2.130729
3646 1.394629
3647 2.069608
3648 2.0008
3649 2.022897
3650 1.111641
3651 1.421299
3652 2.684582
3653 2.347219
3654 2.755133
3655 2.012577
3656 2.047937
3657 2.664496
3658 1.944144
3659 1.530612
3660 1.122731
3661 2.125365
3662 1.92422
3663 1.579061
3665 1.419036
3666 1.038641
3667 1.805921
3668 0.623185
3669 1.978255
3670 2.042443
3671 1.014374
3672 1.571168
3673 1.07182
3674 2.099149
3675 1.807312
3676 1.471554
3678 1.553965
3679 0.601319
3680 2.220988
3681 0.615201
3682 1.52934
3683 1.367359
3684 1.935153
3685 0.950322
3686 0.6664
3687 0.841846
3688 0.418379
3690 0.043457
3691 0.23862
3692 0.29184
3693 0.126277
3694 0.220455
3695 0.365426
3696 0.442965
3697 0.472094
3698 0.158102
3700 0.506084
3701 0.10513
3702 0.496032
3703 0.484527
3704 0.415916
3705 0.257506
3706 0.259526
3707 0.292562
3708 0.238753
3709 0.264508
3710 0.2488
3711 0.288705
3713 0.310657
3714 0.467723
3715 0.566076
3716 0.528149
3717 0.476887
3718 0.29249
3719 0.282044
3720 0.378054
3721 0.346741
3722 0.228031
3723 0.325069
3725 0.089957
3726 0.357576
3727 0.107485
3728 0.022739
3730 0.0342
3732 0.142748
3733 0.006148
3735 0.048764
3737 0.015785
3738 0.016582
3740 0.064853
3741 0.409283
3742 0.518734
3743 0.541719
3744 0.435085
3745 0.275236
3746 0.295193
3747 0.353773
3748 0.578297
3749 0.30029
3750 0.246535
3751 0.248036
3752 0.465933
3753 0.306885
3754 0.300159
3755 0.379743
3756 0.350633
3757 0.601867
3759 0.213732
3760 0.473459
3761 0.294646
3762 0.451343
3763 0.410694
3764 0.292562
3765 0.270541
3766 0.361258
3767 0.358041
3768 0.233869
3769 0.2052
3771 0.308
3772 0.105332
3773 0.032507
3774 0.08074
3777 0.044587
3778 0.009868
3779 0.109333
3780 1.19351
3781 1.241663
3782 1.287914
3783 0.722905
3784 0.764335
3785 0.977695
3787 1.123302
3788 1.422281
3789 0.828721
3790 1.345537
3791 1.083317
3792 1.310414
3793 1.257046
3794 1.650893
3795 0.649554
3796 1.366633
3797 0.845804
3798 1.946086
3799 1.416832
3800 1.356444
3801 2.297534
3802 1.884627
3803 2.019553
3804 2.072285
3805 2.336721
3806 1.941772
3807 1.663184
3808 2.274078
3809 1.718243
3810 2.17568
3811 1.409562
3812 1.607161
3813 2.328743
3814 1.861685
3815 1.667512
3816 2.388571
3817 1.525093
3818 2.153814
3819 1.927722
3820 1.696926
3821 2.088216
3822 1.769307
3823 1.711382
3824 1.913287
3825 1.659435
3826 1.558789
3827 0.764377
3828 0.791002
3829 2.232143
3830 0.912655
3831 2.392309
3832 1.454857
3833 0.601937
3835 0.658765
3836 0.509275
3837 0.721582
3838 0.541887
3839 0.368479
3840 0.433426
3841 0.546664
3842 0.618244
3843 0.628467
3844 0.475097
3845 0.444261
3846 0.71345
3847 0.292562
3848 0.64814
3849 0.600847
3850 0.49425
3851 0.733545
3852 1.131397
3853 1.408634
3854 0.329898
3855 0.963418
3856 0.976669
3857 0.791002
3858 1.042036
3859 1.087628
3860 1.151553
3861 1.297463
3862 1.346846
3863 1.073616
3865 0.821273
3866 1.477738
3867 0.799913
3868 1.387143
3869 1.883117
3870 1.840182
3871 2.361616
3872 1.310763
3873 1.729806
3874 1.421475
3875 1.321581
3876 1.657614
3877 1.570423
3878 1.364583
3879 1.212359
3880 1.038222
3881 0.524263
3882 1.908963
3883 0.407153
3884 1.771157
3885 0.838633
3886 1.099046
3887 1.780571
3888 1.170788
3889 1.169774
3890 1.616111
3891 0.815921
3893 1.099104
3894 1.553204
3895 1.650893
3896 1.304863
3897 1.339722
3898 1.407179
3899 1.352997
3900 1.244657
3901 1.144758
3902 1.726778
3903 1.845799
3904 2.144396
3905 3.021099
3906 2.758977
3907 1.886854
3908 2.689534
3909 2.33882
3910 1.29814
3911 2.121685
3912 1.100125
3913 0.874645
3914 1.538661
3915 2.04605
3916 1.851281
3917 0.918378
3918 1.842059
3919 1.141772
3920 2.580204
3921 1.769678
3922 2.073714
3923 0.722528
3924 0.973043
3925 1.946086
3926 0.149506
3927 1.863731
3929 0.79332
3930 1.836755
3931 0.53469
3932 2.028274
3933 0.149462
3934 1.721163
3935 0.777303
3936 1.404176
3937 0.228343
3938 1.475964
3939 1.103183
3940 1.10424
3941 0.363639
3942 1.137039
3943 0.580554
3944 0.899358
3945 0.562617
3946 0.856673
3947 0.827379
3948 0.49844
3950 0.827426
3951 0.964372
3952 0.686416
3953 1.082217
3954 1.227969
3955 1.043592
3956 1.366213
3957 0.906278
3958 1.239363
3959 1.037605
3960 1.548169
3961 1.425396
3962 1.786113
3963 1.488647
3964 1.226545
3965 1.684121
3966 1.705558
3967 0.45349
3968 1.627832
3970 1.522098
3971 0.601319
3972 1.515862
3973 1.64577
3974 2.236942
3975 1.781278
3976 1.804196
3977 0.844304
3978 1.423021
3979 1.609918
3980 1.446327
3981 1.498629
3982 1.493098
3983 1.21357
3984 0.539615
3985 1.668689
3986 1.247461
3987 0.661341
3988 1.404176
3989 0.56594
3990 1.354455
3991 0.467451
3992 1.397798
3993 0.487341
3994 0.830913
3996 0.987041
3997 0.708141
3998 0.823899
3999 0.784048
4000 0.95275
4001 0.530947
4002 1.29962
4003 0.552618
4005 1.037038
4006 1.288814
4007 0.476496
4008 1.226818
4009 1.63506
4010 0.313025
4011 1.390791
4012 1.420876
4013 0.285658
4014 1.016775
4015 0.559283
4016 0.994909
4017 0.268431
4018 1.213592
4019 0.437188
4020 0.808607
4021 1.298259
4022 0.441838
4023 0.73201
4024 0.332551
4025 0.834345
4026 1.017718
4027 0.340859
4028 0.874616
4029 0.541782
4031 0.314656
4032 0.175352
4033 0.865269
4034 0.737437
4035 0.522556
4036 0.82159
4037 0.197053
4038 0.504777
4039 0.260133
4040 0.479618
4041 0.19166
4042 0.530421
4043 0.619774
4044 0.541199
4045 0.596305
4046 0.531463
4047 0.29123
4048 0.366513
4049 0.33738
4050 0.278691
4051 0.352418
4052 0.174759
4054 0.188845
4055 0.156129
4056 0.311251
4057 0.189331
4058 0.218661
4059 0.233005
4060 0.551561
4061 0.3776
4062 0.42501
4063 0.280023
4068 0.045532
4069 0.563827
4070 0.526209
4071 0.770834
4072 0.917811
4073 1.085038
4074 0.862002
4075 0.870208
4076 1.171644
4077 0.875216
4078 0.941961
4079 0.826975
4081 0.638414
4082 0.141099
4083 1.082374
4084 0.890175
4085 0.732515
4086 1.007319
4087 1.454159
4088 1.167542
4089 1.587953
4090 0.224602
4091 1.0944
4092 0.887042
4093 1.856711
4094 0.706696
4096 1.063003
4097 1.559831
4098 1.456875
4099 1.386962
4100 0.817244
4101 1.147972
4102 0.691784
4103 0.714445
4104 0.834345
4105 0.896511
4110 0.094063
4111 2.201816
4112 1.237522
4113 1.481208
4114 1.184623
4115 1.42909
4116 1.503341
4117 1.403956
4118 1.989818
4119 0.151309
4120 1.23666
4121 1.355385
4122 1.643772
4123 1.277623
4124 1.397798
4125 0.793898
4127 1.76226
4128 1.664691
4129 0.3724
4130 1.636182
4131 1.105996
4132 0.885578
4133 0.892999
4134 0.838496
4135 1.095822
4136 1.652329
4137 1.313111
4138 1.215722
4139 1.266516
4140 0.863335
4141 1.58846
4142 0.986167
4143 0.789933
4144 0.826165
4145 1.854527
4146 1.827498
4148 1.475529
4149 1.673983
4150 1.843988
4151 1.558795
4152 1.763758
4153 2.274078
4154 1.368871
4155 1.7484
4156 2.011533
4157 1.895166
4158 2.153615
4159 2.135153
4160 1.305043
4161 1.0944
4163 1.506154
4164 0.879237
4165 1.625347
4166 1.34937
4167 1.809894
4168 0.874645
4169 1.127163
4170 1.105236
4171 1.019809
4172 1.790057
4173 0.837214
4174 1.629027
4175 2.058533
4176 1.910178
4177 2.547405
4178 1.806569
4179 1.804532
4180 1.902147
4181 2.015936
4182 2.000751
4183 1.821071
4184 1.231929
4185 1.766291
4186 1.988841
4187 1.547013
4189 1.259919
4190 1.614511
4191 1.349697
4192 1.82678
4193 2.315497
4194 1.664373
4195 1.729511
4196 0.740162
4197 0.252554
4198 1.126907
4199 1.415584
4200 1.069391
4201 1.258318
4202 1.824751
4203 1.892852
4204 1.919388
4205 1.794939
4206 1.991808
4207 1.977766
4208 1.344738
4209 1.26002
4210 1.78209
4211 1.579996
4212 1.704571
4213 1.372859
4214 1.582004
4215 1.617055
4216 1.74622
4217 1.618661
4218 1.952349
4219 1.063608
4220 1.172633
4221 2.1888
4222 1.439644
4223 1.863731
4224 1.171208
4225 2.032483
4226 2.328743
4227 2.494668
4228 1.552974
4229 1.202637
4230 1.718391
4232 2.416349
4233 1.622988
4234 2.153814
4235 2.127136
4236 2.31781
4237 1.71646
4238 1.96632
4239 1.91154
4240 2.06551
4241 2.093352
4242 1.861403
4243 1.410366
4244 1.787869
4245 1.92155
4246 1.388337
4247 1.524423
4248 1.651314
4249 1.34559
4250 2.158728
4251 0.172054
4252 2.004594
4253 1.340848
4254 1.163809
4255 1.546316
4256 1.654185
4257 1.851833
4258 1.451108
4259 1.894362
4260 1.87699
4261 1.842111
4262 2.113742
4263 1.993166
4264 1.718839
4265 1.499421
4266 2.020452
4267 1.87579
4269 1.669145
4270 1.93958
4271 1.464792
4272 1.935153
4273 1.810844
4274 1.830371
4275 1.63996
4276 1.547564
4277 2.223168
4278 1.708718
4279 2.667668
4280 2.029786
4281 1.842624
4282 1.971675
4283 1.581909
4284 2.239042
4285 1.534968
4286 1.76621
4287 1.48709
4288 2.269143
4289 1.946653
4290 1.97691
4291 1.596004
4292 1.798717
4293 0.294046
4294 1.325887
4295 1.780082
4296 0.525741
4297 2.711401
4298 2.035774
4299 2.578883
4300 0.978181
4301 1.880679
4302 1.177653
4303 1.657204
4304 1.191704
4305 1.295584
4306 0.547333
4307 1.116071
4308 1.290102
4309 1.811346
4311 0.739313
4312 0.920119
4313 1.672
4314 0.957357
4315 0.812673
4316 1.249224
4317 1.541562
4318 1.135347
4319 1.257303
4320 1.136208
4321 1.561249
4322 1.859343
4323 2.004594
4324 1.665875
4325 2.700749
4326 2.012603
4327 1.557885
4328 2.201688
4329 1.760224
4330 1.625347
4331 1.607169
4332 2.544862
4333 2.151849
4334 1.478891
4335 2.177964
4336 1.495319
4337 1.908779
4338 2.082505
4339 2.110082
4340 1.709083
4341 2.041143
4342 1.708958
4343 2.340499
4344 1.881726
4345 1.758713
4346 2.03912
4347 1.222257
4348 2.232143
4349 1.402934
4350 1.027708
4352 0.970955
4353 0.579388
4354 1.257303
4355 1.166115
4356 1.242883
4357 1.672759
4358 1.40907
4359 0.804063
4360 1.476665
4361 1.397798
4362 1.275357
4363 1.184666
4364 1.187309
4365 1.306696
4366 1.345028
4367 1.41003
4368 1.057875
4369 0.544795
4370 0.841846
4371 0.927081
4373 0.663134
4374 0.844344
4375 0.663659
4376 0.628048
4377 0.747659
4378 0.398577
4379 0.865396
4380 0.66939
4382 0.107917
4383 1.614416
4384 1.313239
4385 0.311899
4386 0.756251
4387 1.140915
4388 0.699084
4389 0.759125
4390 0.983976
4391 0.30422
4393 0.891305
4394 0.975208
4395 0.7484
4396 0.470197
4397 1.211418
4398 0.97939
4399 1.111417
4400 1.531452
4401 1.175049
4402 0.996925
4403 0.553818
4404 0.900796
4405 1.791248
4406 1.350175
4407 1.758566
4408 1.917109
4409 1.705976
4410 0.912317
4411 1.085831
4412 1.377566
4413 1.480484
4414 1.767808
4415 1.267108
4416 1.623307
4417 1.596228
4419 1.810172
4420 0.784467
4421 1.967952
4422 1.836119
4423 1.404958
4424 1.592665
4425 1.105129
4426 0.783469
4427 1.416634
4428 0.885686
4429 1.389032
4430 1.306631
4431 1.258469
4432 1.585295
4433 1.173027
4434 0.880285
4436 1.306082
4437 1.77644
4438 1.935202
4439 1.859429
4440 1.195466
4441 2.165598
4442 1.592436
4443 1.538099
4444 2.118701
4445 1.851906
4446 0.411427
4447 1.469623
4448 1.223281
4449 0.927746
4450 1.963413
4451 2.13577
4452 2.148224
4453 2.357502
4454 2.14593
4455 2.146891
4456 1.939026
4457 2.14087
4458 1.942389
4459 2.272356
4460 1.807403
4461 2.460787
4462 2.166215
4463 2.591137
4464 0.446438
4465 2.134352
4466 1.552222
4467 1.820388
4468 1.529956
4469 1.071441
4470 1.705558
4471 1.378331
4472 1.978885
4473 2.366857
4474 1.068859
4475 1.861598
4476 2.140743
4477 0.700503
4478 0.865994
4479 0.389354
4481 0.052797
4482 0.234096
4483 0.387862
4484 0.079698
4485 0.311153
4486 0.267973
4487 0.536997
4488 0.633035
4489 0.431422
4490 0.588088
4491 0.541782
4492 0.362388
4493 0.541246
4494 0.42061
4495 0.725988
4497 0.129083
4498 0.292273
4499 0.0672
4500 0.450635
4501 0.198603
4502 0.238384
4503 0.43638
4504 0.635495
4505 0.53619
4506 0.394558
4507 0.493553
4508 0.533081
4509 0.396288
4510 0.270947
4512 0.30283
4513 0.347486
4514 0.577909
4516 0.344761
4517 0.659822
4518 0.29015
4519 0.731897
4520 0.660326
4522 0.864692
4523 0.838305
4524 0.438612
4525 0.787181
4526 0.625154
4527 0.855193
4528 0.637138
4529 0.817064
4530 0.886625
4531 0.920015
4532 1.175624
4533 1.134893
4534 1.789431
4535 2.030286
4536 0.986374
4537 1.996906
4538 2.394342
4539 1.655813
4540 2.508
4541 1.409655
4542 0.680016
4544 0.030742
4545 0.519596
4546 0.302226
4547 1.235437
4548 0.653117
4549 0.660974
4550 0.225318
4552 0.230442
4553 0.060187
4554 0.065078
4555 0.260055
4556 0.1824
4557 0.346055
4558 0.629714
4559 0.620615
4560 0.568519
4561 1.295184
4562 0.573721
4563 0.447669
4564 0.259798
4565 0.400522
4566 0.321882
4567 0.204755
4568 0.461365
4569 0.719723
4570 0.571589
4571 0.318757
4573 0.365472
4574 0.430879
4575 0.588297
4576 0.484553
4577 0.281727
4579 0.096525
4580 0.943122
4581 0.869804
4583 0.543122
4584 0.898674
4585 0.39631
4586 0.763119
4587 1.01045
4588 0.811913
4589 0.720404
4590 0.576245
4591 1.038641
4592 1.163277
4593 1.318002
4594 0.847414
4595 1.397363
4596 1.056662
4597 0.38361
4598 0.787032
4599 0.439906
4600 0.259798
4601 0.517732
4602 0.610977
4603 0.7542
4604 0.889759
4605 0.848444
4606 1.272745
4608 1.426334
4609 0.758636
4610 0.833519
4611 0.194061
4612 0.407718
4613 0.411754
4614 0.694053
4616 0.599522
4617 1.362525
4618 1.441919
4619 0.863383
4620 1.344767
4621 1.850465
4622 1.240583
4623 1.126383
4624 1.083423
4625 1.322901
4626 1.697118
4627 0.868655
4628 1.580439
4629 1.410198
4630 1.290059
4631 0.613631
4632 1.486897
4633 1.299668
4634 1.595075
4635 1.854581
4636 1.57472
4637 1.123869
4638 1.683692
4639 1.293247
4640 1.978885
4641 1.5715
4642 1.173607
4643 1.201567
4644 0.73523
4645 1.613949
4647 1.192114
4648 0.447445
4649 1.201567
4650 0.465401
4651 0.684
4652 0.822694
4653 0.428756
4654 0.294139
4655 0.236288
4656 0.236769
4657 0.220888
4658 0.024873
4660 0.146434
4661 0.193822
4663 0.157998
4665 0.140432
4666 0.134557
4667 0.270891
4668 0.28895
4669 0.46619
4670 0.636091
4671 1.041806
4672 0.422288
4674 0.244135
4675 0.322198
4676 0.093321
4678 0.123627
4679 0.174329
4680 0.504282
4681 0.156393
4682 0.804453
4683 0.491497
4684 0.550976
4685 1.020161
4686 0.727459
4688 0.185702
4689 1.021181
4690 0.89576
4691 1.188037
4692 1.130087
4693 1.088247
4694 0.94083
4695 0.643543
4696 0.748341
4699 0.02759
4700 0.009354
4701 0.054178
4702 0.083304
4703 0.180629
4705 0.412444
4706 0.175457
4707 0.03559
4709 0.062086
4710 0.026245
4909 0.000551
4910 0.032799
4911 0.020728
4912 0.054665
4913 0.064376
4914 0.120024
4915 0.146834
4916 0.096465
4917 0.152141
4918 0.136922
4919 0.126561
4920 0.008341
4923 0.048135
4925 0.286425
4926 0.113667
4927 0.152606
4928 0.141785
4929 0.160173
4930 0.085445
4931 0.155307
4933 0.168065
4934 0.098718
4935 0.172952
4936 0.167885
4937 0.101732
4938 0.178549
4940 0.169183
4941 0.124042
4942 0.158752
4943 0.200807
4944 0.096518
4945 0.242264
4947 0.117007
4948 0.167244
4949 0.160499
4950 0.100783
4951 0.171167
4952 0.186017
4953 0.128753
4954 0.105875
4955 0.152758
4956 0.192712
4958 0.132105
4959 0.150212
4960 0.101053
4961 0.124129
4962 0.086415
4964 0.141395
4965 0.185342
4966 0.163996
4967 0.079326
4968 0.157998
4969 0.119498
4970 0.1346
4971 0.136015
4972 0.066404
4977 0.041278
4978 0.292376
4979 0.054044
4980 0.109222
4981 0.107189
4982 0.1824
4983 0.023754
4985 0.155307
4986 0.165818
4987 0.103087
4988 0.182221
4989 0.163631
4990 0.09191
4991 0.207728
4992 0.161734
4993 0.13384
4994 0.120324
4995 0.134165
4996 0.096659
4997 0.098398
4998 0.11157
5000 0.072351
5001 0.141639
5002 0.184996
5003 0.1152
5004 0.088047
5005 0.141604
5006 0.169019
5007 0.126802
5009 0.061078
5010 0.085667
5011 0.147323
5012 0.119498
5013 0.123661
5014 0.031878
5015 0.078102
5016 0.067193
5017 0.091369
5019 0.078311
5020 0.076867
5021 0.072068
5022 0.042419
5023 0.103148
5024 0.222933
5025 0.179237
5026 0.059343
5027 0.189598
5028 0.199363
5029 0.12
5031 0.188509
5032 0.126764
5033 0.020889
5034 0.161099
5035 0.1152
5036 0.077935
5037 0.118255
5038 0.1368
5040 0.099137
5041 0.153063
5042 0.109898
5043 0.098201
5044 0.047025
5045 0.0912
5046 0.0864
5047 0.072477
5048 0.082441
5049 0.031495
5050 0.090947
5052 0.134473
5053 0.077548
5054 0.14468
5055 0.147607
5056 0.094347
5057 0.12652
5058 0.128627
5060 0.05234
5061 0.120264
5062 0.086088
5063 0.092746
5064 0.074548
5066 0.095391
5067 0.103245
5068 0.05884
5069 0.116736
5070 0.132311
5071 0.139619
5072 0.063842
5074 0.150562
5075 0.18978
5076 0.129954
5077 0.080955
5078 0.12768
5079 0.0912
5080 0.107399
5081 0.089623
5082 0.024671
5083 0.11157
5085 0.080992
5086 0.098756
5087 0.079368
5088 0.111158
5089 0.023835
5090 0.109839
5091 0.085751
5093 0.112089
5094 0.146198
5095 0.040285
5097 0.027404
5098 0.155161
5099 0.128375
5100 0.126764
5101 0.107189
5102 0.073621
5103 0.139541
5104 0.136435
5105 0.171335
5106 0.12926
5107 0.053198
5108 0.118024
5110 0.1056
5111 0.128627
5112 0.097087
5113 0.171502
5114 0.1824
5115 0.158609
5116 0.067641
5117 0.165037
5118 0.167368
5120 0.105144
5121 0.161983
5122 0.144407
5123 0.115643
5124 0.082002
5125 0.157695
5126 0.113507
5127 0.112922
5129 0.109639
5130 0.030053
5131 0.088258
5132 0.113249
5133 0.079738
5134 0.131611
5135 0.077747
5136 0.018491
5137 0.065598
5138 0.068461
5139 0.073591
5141 0.047916
5145 0.030341
5146 0.182822
5147 0.056656
5148 0.034715
5149 0.029288
5151 0.00702
5152 0.032157
5154 0.03648
5155 0.012748
5156 0.030944
5158 0.038508
5159 0.030379
5168 0.003919
5169 0.065533
5172 0.026159
5174 0.023771
5175 0.064977
5176 0.0304
5178 0.038617
5179 0.022442
5180 0.0384
5181 0.0316
5183 0.024579
5185 0.024626
5187 0.036071
5188 0.017127
5190 0.021855
5192 0.043228
5193 0.019934
5195 0.020035
5196 0.035446
5198 0.017181
5200 0.05573
5201 0.03222
5203 0.008278
5218 0.00532
5221 0.011722
5223 0.00541
5224 0.015469
5229 0.005256
5232 0.003546
5233 0.076455
5234 0.038366
5236 0.059586
5237 0.056171
5239 0.030698
5240 0.075541
5241 0.081875
5242 0.086004
5243 0.098201
5244 0.036692
5245 0.109639
5247 0.069266
5248 0.07981
5249 0.082054
5250 0.074323
5251 0.028328
5252 0.066693
5260 0.019072
5261 0.446673
5263 0.065928
5264 0.063875
5265 0.107611
5266 0.082831
5268 0.027443
5269 0.075476
5270 0.085751
5271 0.12652
5272 0.124972
5273 0.097659
5275 0.129574
5276 0.130805
5277 0.121826
5278 0.105786
5279 0.117677
5280 0.107399
5281 0.083444
5282 0.073875
5283 0.064867
5284 0.089485
5296 0.01
5298 0.026542
5299 0.012283
5301 0.026435
5310 0.002369
5311 0.039709
5312 0.05172
5314 0.047583
5315 0.083119
5316 0.082286
5317 0.02569
5318 0.087465
5319 0.052666
5321 0.013154
5330 0.002557
5331 0.019934
5332 0.026956
5333 0.021163
5335 0.033754
5336 0.148178
5337 0.106771
5338 0.150803
5339 0.110178
5340 0.141343
5341 0.155299
5342 0.161099
5343 0.157846
5344 0.060385
5345 0.182758
5346 0.131197
5347 0.154722
5349 0.089725
5350 0.168531
5351 0.128753
5352 0.136932
5353 0.112297
5354 0.141639
5355 0.150212
5357 0.125279
5358 0.1368
5359 0.041506
5360 0.103148
5361 0.075032
5362 0.10513
5363 0.10944
5364 0.113892
5365 0.055515
5366 0.107294
5367 0.096565
5368 0.102857
5369 0.107505
5370 0.080801
5371 0.087227
5372 0.113311
5374 0.116089
5375 0.126156
5376 0.107294
5377 0.061062
5378 0.103869
5379 0.097787
5380 0.161257
5381 0.119281
5382 0.114735
5383 0.115977
5384 0.112825
5385 0.137045
5387 0.094043
5388 0.134557
5389 0.152
5390 0.149781
5391 0.15291
5392 0.054938
5393 0.139756
5394 0.119172
5395 0.131197
5396 0.103869
5397 0.077504
5398 0.10369
5400 0.126277
5401 0.084764
5402 0.088337
5403 0.087236
5404 0.080471
5405 0.10954
5406 0.105434
5416 0.002176
5417 0.02736
5419 0.056831
5420 0.116235
5421 0.131733
5422 0.17487
5423 0.122191
5425 0.120774
5426 0.188509
5427 0.080146
5428 0.195778
5429 0.168694
5430 0.110639
5431 0.111107
5432 0.175022
5433 0.193319
5434 0.140243
5435 0.164881
5437 0.162025
5438 0.151719
5439 0.174754
5440 0.107255
5441 0.226205
5442 0.182043
5443 0.110837
5444 0.225539
5445 0.129237
5446 0.166114
5447 0.1368
5448 0.064376
5450 0.085756
5451 0.115532
5452 0.105434
5453 0.117793
5454 0.089852
5455 0.060856
5456 0.052512
5457 0.061831
5459 0.066213
5460 0.099491
5461 0.055553
5462 0.084347
5463 0.082518
5464 0.077963
5465 0.080376
5466 0.06958
5468 0.07695
5469 0.066155
5470 0.0608
5471 0.09922
5472 0.047932
5473 0.116529
5474 0.186722
5475 0.171
5476 0.138784
5478 0.133031
5479 0.125914
5480 0.087042
5481 0.196795
5482 0.192563
5483 0.109186
5484 0.096659
5486 0.082455
5487 0.128879
5488 0.085835
5490 0.03582
5491 0.0556
5497 0.003834
5498 0.440926
5499 0.091285
5500 0.099581
5501 0.096565
5502 0.098299
5503 0.073803
5504 0.054556
5505 0.050098
5506 0.084347
5508 0.07677
5509 0.095907
5510 0.093716
5511 0.091285
5512 0.072331
5513 0.09489
5514 0.094435
5515 0.09489
5516 0.103051
5517 0.083639
5518 0.109639
5519 0.099672
5520 0.09647
5521 0.104928
5522 0.067504
5523 0.109222
5525 0.082148
5526 0.10954
5527 0.082518
5528 0.058716
5529 0.107189
5530 0.103245
5531 0.10344
5532 0.098398
5537 0.017726
5538 0.107399
5539 0.111261
5540 0.067082
5541 0.082286
5542 0.077595
5543 0.08729
5545 0.117362
5546 0.115643
5547 0.136607
5548 0.076375
5549 0.12652
5550 0.150507
5551 0.134557
5552 0.088966
5553 0.168856
5554 0.157392
5555 0.15815
5556 0.136537
5557 0.091711
5558 0.151719
5560 0.141152
5561 0.150655
5562 0.094282
5563 0.14213
5564 0.129456
5565 0.108748
5566 0.164063
5567 0.107114
5570 0.056789
5571 0.174929
5572 0.214588
5573 0.115289
5574 0.185842
5575 0.263077
5576 0.190147
5577 0.171671
5578 0.09437
5579 0.189963
5580 0.205908
5581 0.185492
5582 0.12737
5583 0.168621
5584 0.161983
5585 0.225539
5586 0.187161
5587 0.187302
5589 0.215433
5590 0.221197
5591 0.214168
5592 0.14306
5593 0.225539
5594 0.163471
5595 0.213959
5596 0.158553
5597 0.218661
5598 0.207521
5599 0.150968
5600 0.218661
5601 0.152901
5602 0.181895
5603 0.151059
5604 0.185492
5605 0.178223
5606 0.221838
5608 0.220349
5609 0.15051
5610 0.225097
5611 0.171335
5612 0.137798
5613 0.162284
5614 0.165671
5615 0.165661
5616 0.175849
5617 0.082866
5618 0.162133
5619 0.165192
5620 0.136922
5622 0.091275
5623 0.207728
5624 0.163832
5625 0.257506
5626 0.120161
5627 0.157998
5628 0.188509
5629 0.189963
5630 0.119707
5631 0.158179
5632 0.180031
5633 0.163996
5634 0.115098
5635 0.203859
5636 0.214588
5637 0.214168
5638 0.139819
5639 0.225982
5641 0.118386
5642 0.152758
5643 0.159041
5644 0.186193
5645 0.064015
5646 0.12286
5647 0.152606
5648 0.131978
5649 0.139482
5651 0.040637
5652 0.076531
5653 0.091116
5654 0.06384
5655 0.06977
5656 0.082441
5657 0.075106
5658 0.065143
5660 0.050472
5661 0.019985
5662 0.035911
5664 0.02106
5677 0.00163
5678 0.020285
5679 0.021087
5681 0.029288
5682 0.029393
5683 0.02823
5684 0.035911
5685 0.029902
5686 0.033139
5688 0.0278
5689 0.028303
5690 0.03222
5691 0.033648
5693 0.021272
5694 0.115532
5695 0.142262
5696 0.120144
5697 0.08732
5698 0.151579
5699 0.182221
5701 0.122152
5702 0.15291
5703 0.141395
5704 0.124032
5705 0.22141
5706 0.193699
5707 0.157647
5708 0.214168
5714 0.014237
5715 0.212151
5716 0.62796
5717 0.169903
5718 0.479792
5719 0.897617
5720 1.247028
5721 1.443574
5722 1.635084
5723 1.389361
5724 1.230986
5726 0.460199
5727 0.298473
5728 0.28285
5729 0.47025
5730 0.423849
5731 0.838828
5732 1.121223
5733 1.505455
5734 1.335079
5735 1.548974
5736 1.507921
5737 0.846028
5738 0.682646
5739 0.565179
5740 0.812673
5741 0.742502
5742 0.612252
5744 0.742716
5745 0.617021
5746 0.959401
5747 0.996879
5748 0.529175
5749 0.791002
5750 0.855294
5751 0.801838
5752 0.621679
5753 0.701711
5754 1.034075
5755 1.331221
5756 0.947837
5757 0.96951
5758 1.141368
5759 1.334085
5760 0.920687
5761 1.119121
5762 0.559168
5763 0.443822
5764 0.862111
5765 0.68197
5766 0.489102
5767 0.93077
5768 0.953537
5769 0.623945
5770 1.657853
5771 0.241687
5772 1.17025
5773 0.814333
5774 0.743449
5776 0.791361
5777 0.448256
5778 0.981064
5779 1.212392
5780 0.630763
5781 1.595165
5782 0.631163
5783 1.399433
5784 0.543382
5785 0.994804
5786 0.655984
5787 0.477352
5788 0.972595
5789 0.571147
5790 0.493251
5791 0.954065
5792 0.721582
5793 0.476752
5795 0.694114
5796 0.940244
5797 0.623372
5798 0.584388
5799 0.267228
5800 0.499386
5802 0.683566
5803 1.093307
5804 0.443152
5805 0.466503
5807 0.772518
5809 0.107682
5810 0.439806
5814 0.122714
5815 0.313923
5816 0.15528
5817 1.03203
5818 1.452616
5819 1.34851
5821 0.43133
5822 0.531262
5823 0.283404
5824 0.682646
5826 0.309104
5827 0.19676
5828 0.303102
5829 0.42259
5830 0.063783
5832 0.335573
5871 0.002221
5872 0.015826
5874 0.023574
5875 0.016544
5880 0.022943
5881 0.039156
5882 0.021844
5883 0.0556
5884 0.0608
5885 0.017127
5887 0.015645
5888 0.053647
5889 0.027064
5899 0.001189
5900 0.007812
5901 0.075106
5902 0.100404
5904 0.046294
5905 0.042214
5906 0.038981
5907 0.042173
5908 0.039652
5909 0.038434
5912 0.018164
5913 0.042092
5914 0.026956
5915 0.04122
5916 0.038434
5917 0.0384
5919 0.035275
5920 0.042133
5921 0.039016
5922 0.0384
5923 0.037705
5924 0.041298
5925 0.038333
5926 0.038467
5928 0.025676
5929 0.042052
5930 0.042012
5931 0.035911
5932 0.048901
5933 0.037803
5935 0.0384
5936 0.039016
5937 0.041259
5938 0.038535
5939 0.04122
5940 0.0384
5941 0.0384
5943 0.024419
5944 0.042092
5945 0.041971
5946 0.041455
5947 0.042876
5948 0.041259
5949 0.03777
5950 0.041971
5951 0.042133
5953 0.0384
5954 0.037738
5955 0.042052
5956 0.037574
5957 0.008341
5958 0.042173
5959 0.032165
5961 0.027871
5962 0.042012
5963 0.042092
5964 0.041143
5965 0.027777
5966 0.040571
5967 0.041182
5969 0.039905
5970 0.040533
5971 0.033139
5974 0.015191
5975 0.062845
5976 0.118024
5977 0.10124
5978 0.104928
5979 0.101333
5980 0.060791
5982 0.074071
5987 0.003921
5988 0.17993
5989 1.003005
5990 1.445235
5991 1.635469
5992 1.470113
5993 0.85745
5994 1.098606
5995 0.455224
5997 0.201029
5998 0.344584
5999 0.470122
6000 0.158356
6001 0.518286
6002 0.297218
6003 0.217977
6004 0.321882
6005 0.25011
6006 0.47517
6007 0.465964
6009 0.250626
6010 0.165554
6011 0.212505
6012 0.094716
6013 0.134518
6014 0.183145
6015 0.140863
6017 0.110148
6018 0.107486
6019 0.077053
6020 0.0433
6021 0.105231
6022 0.091285
6023 0.065598
6024 0.065365
6026 0.056963
6063 0.000293
6066 0.010027
6067 0.019234
6068 0.061889
6070 0.029963
6071 0.056371
6073 0.025766
6074 0.094799
6075 0.073884
6076 0.099945
6077 0.054176
6078 0.093096
6080 0.092746
6081 0.0912
6082 0.082518
6083 0.079738
6084 0.084266
6085 0.061158
6086 0.091369
6087 0.091116
6088 0.092921
6089 0.0912
6090 0.088179
6091 0.062276
6096 0.030574
6097 0.376252
6098 0.103735
6100 0.104828
6101 0.10513
6102 0.103343
6103 0.106979
6104 0.070877
6105 0.109331
6106 0.109113
6107 0.105434
6108 0.105434
6109 0.107189
6110 0.107294
6111 0.103051
6112 0.109639
6113 0.104828
6114 0.07683
6115 0.109222
6116 0.109222
6117 0.107399
6118 0.10954
6119 0.089705
6120 0.104828
6122 0.103636
6123 0.107294
6124 0.072151
6125 0.109739
6126 0.109222
6127 0.108356
6128 0.098773
6129 0.073309
6130 0.065891
6131 0.103245
6132 0.105231
6133 0.107294
6134 0.075106
6135 0.032382
6136 0.087377
6138 0.067259
6139 0.07133
6140 0.106667
6141 0.103148
6142 0.071175
6143 0.108896
6144 0.105637
6145 0.105029
6146 0.099491
6147 0.103148
6148 0.105434
6149 0.075638
6150 0.107505
6151 0.108896
6152 0.109839
6153 0.102857
6154 0.105535
6155 0.075491
6156 0.109222
6158 0.109839
6159 0.109113
6160 0.109739
6161 0.073849
6162 0.109341
6163 0.109739
6164 0.096659
6165 0.107294
6166 0.072146
6167 0.10954
6168 0.111467
6169 0.107399
6170 0.109113
6171 0.105434
6172 0.105434
6173 0.06
6174 0.085835
6175 0.111467
6176 0.062897
6177 0.064376
6179 0.056656
6180 0.087465
6181 0.060357
6182 0.107189
6183 0.109341
6184 0.081733
6185 0.131197
6186 0.107189
6187 0.092824
6189 0.056459
6190 0.120264
6191 0.10954
6192 0.107294
6193 0.109331
6194 0.10944
6195 0.101146
6196 0.052731
6205 0.009838
6206 0.054665
6211 0.00695
6212 0.423357
6214 0.084266
6215 0.087377
6216 0.079738
6218 0.104928
6219 0.079665
6220 0.097627
6221 0.089352
6222 0.092571
6223 0.086628
6224 0.098398
6225 0.088021
6226 0.109241
6227 0.079738
6228 0.082286
6230 0.076935
6231 0.029242
6232 0.082441
6233 0.050433
6234 0.0912
6235 0.096565
6236 0.076531
6237 0.052972
6238 0.054665
6240 0.03903
6241 0.057701
6252 0.001944
6253 0.010133
6255 0.030872
6256 0.044129
6257 0.030915
6259 0.017611
6260 0.035929
6261 0.048
6263 0.027895
6264 0.081067
6265 0.051429
6266 0.059912
6267 0.065598
6268 0.035111
6269 0.058576
6270 0.048988
6271 0.048683
6272 0.084428
6276 0.045529
6277 0.057221
6278 0.042783
6280 0.058036
6281 0.048894
6282 0.04904
6287 0.029961
6288 0.051729
6289 0.028352
6290 0.032766
6291 0.03648
6293 0.044236
6294 0.029578
6295 0.037738
6296 0.040533
6297 0.028825
6299 0.043394
6300 0.04701
6301 0.043317
6302 0.063199
6303 0.051477
6304 0.059912
6305 0.042876
6306 0.0497
6307 0.063138
6309 0.041963
6311 0.049728
6312 0.007621
6313 0.015861
6314 0.028328
6316 0.0304
6317 0.032188
6318 0.033648
6319 0.03648
6321 0.033139
6322 0.042222
6323 0.028825
6324 0.041995
6326 0.042918
6327 0.035941
6328 0.039652
6331 0.011556
6332 0.01888
6334 0.019508
6335 0.038434
6336 0.030372
6337 0.034743
6338 0.042834
6340 0.028098
6341 0.0384
6342 0.0304
6343 0.039156
6344 0.0278
6346 0.026057
6347 0.033164
6349 0.01434
6360 0.003139
6361 0.02736
6362 0.029902
6363 0.029288
6365 0.021046
6366 0.044889
6367 0.031938
6368 0.030548
6369 0.01882
6371 0.0057
6373 0.011394
6414 0.001063
6425 0.003139
6426 0.036942
6428 0.025889
6430 0.049836
6431 0.078171
6432 0.054629
6433 0.06326
6434 0.061714
6435 0.053752
6436 0.04122
6437 0.041455
6438 0.031588
6440 0.046491
6441 0.075106
6442 0.070933
6443 0.076227
6444 0.067318
6445 0.055513
6446 0.087786
6447 0.037801
6449 0.113463
6450 0.100153
6451 0.155307
6452 0.080357
6453 0.105693
6454 0.085667
6455 0.084428
6456 0.075032
6458 0.115532
6459 0.052234
6460 0.038501
6461 0.065758
6462 0.088337
6463 0.091116
6464 0.096565
6465 0.076588
6466 0.126642
6467 0.109222
6468 0.073803
6469 0.082518
6470 0.101762
6472 0.080765
6473 0.115977
6474 0.054611
6475 0.063199
6476 0.076455
6477 0.057651
6478 0.040477
6480 0.050628
6481 0.074134
6482 0.033164
6483 0.008658
6484 0.137594
6486 0.082745
6487 0.052236
6488 0.062897
6490 0.005633
6491 0.064313
6492 0.089705
6493 0.07296
6494 0.115865
6495 0.047489
6496 0.103959
6498 0.087864
6499 0.073803
6500 0.068278
6501 0.046177
6502 0.0608
6507 0.009728
6513 0.001686
6516 0.006482
6517 0.037479
6519 0.023843
6520 0.034115
6521 0.024575
6523 0.048042
6524 0.026414
6525 0.040206
6526 0.034254
6528 0.039016
6529 0.02452
6530 0.021436
6531 0.041415
6533 0.033164
6534 0.043645
6535 0.0288
6536 0.040571
6537 0.043394
6538 0.082441
6539 0.098065
6540 0.049422
6541 0.087552
6543 0.069962
6544 0.008367
6545 0.015657
6546 0.101333
6548 0.071955
6549 0.075541
6550 0.086324
6551 0.06326
6552 0.098398
6554 0.065195
6555 0.052514
6556 0.093184
6557 0.051692
6558 0.086249
6560 0.015414
6561 0.04717
6563 0.035246
6564 0.091285
6565 0.018225
6566 0.082518
6577 0.00402
6590 0.005153
6591 0.032157
6594 0.015202
6595 0.062232
6597 0.040483
6598 0.073082
6599 0.055473
6600 0.072204
6602 0.037944
6604 0.006445
6621 0.001245
6622 0.094435
6623 0.105231
6624 0.128879
6626 0.078314
6627 0.115643
6628 0.124011
6629 0.10747
6630 0.108126
6631 0.129574
6632 0.131197
6633 0.092833
6634 0.161416
6636 0.093147
6637 0.131733
6638 0.1216
6639 0.092295
6640 0.130935
6641 0.12652
6642 0.133714
6643 0.086774
6644 0.131197
6645 0.134473
6646 0.105824
6647 0.096565
6649 0.047013
6650 0.033206
6651 0.058786
6652 0.039002
6661 0.002599
6662 0.021107
6663 0.055553
6664 0.107486
6665 0.107582
6666 0.060738
6668 0.094101
6669 0.186369
6670 0.118024
6671 0.082739
6672 0.150065
6673 0.139346
6674 0.148134
6675 0.089668
6677 0.143646
6678 0.144271
6679 0.102786
6680 0.161257
6681 0.150212
6682 0.153063
6683 0.097237
6684 0.171502
6685 0.164297
6686 0.12493
6687 0.160941
6688 0.174406
6689 0.172177
6690 0.10367
6691 0.163996
6692 0.159621
6693 0.140147
6695 0.148142
6696 0.175186
6697 0.119815
6698 0.150507
6699 0.163996
6700 0.112751
6702 0.175886
6703 0.148645
6704 0.095522
6705 0.166801
6706 0.155161
6707 0.124811
6708 0.143622
6709 0.157846
6710 0.089111
6711 0.171
6712 0.146408
6713 0.153702
6714 0.08519
6715 0.175683
6717 0.113311
6718 0.121919
6719 0.115865
6720 0.133966
6721 0.141988
6722 0.096186
6723 0.107084
6724 0.127484
6726 0.11157
6727 0.073536
6728 0.084266
6729 0.07352
6730 0.111467
6731 0.113892
6732 0.068164
6733 0.12652
6734 0.15291
6735 0.068971
6736 0.139482
6737 0.139034
6738 0.119607
6740 0.0893
6741 0.131611
6742 0.124955
6743 0.128
6744 0.125733
6745 0.131855
6746 0.14704
6747 0.171106
6748 0.086291
6749 0.206686
6750 0.175022
6752 0.109136
6753 0.247992
6754 0.138675
6755 0.207521
6756 0.151467
6757 0.19294
6758 0.152839
6759 0.214799
6760 0.129951
6762 0.210462
6763 0.161416
6764 0.096475
6765 0.148519
6766 0.189233
6767 0.055493
6768 0.134518
6771 0.08738
6772 0.165482
6773 0.068278
6774 0.109331
6775 0.073732
6776 0.082518
6777 0.082325
6778 0.050705
6779 0.055647
6780 0.109331
6781 0.103636
6782 0.060752
6783 0.078102
6785 0.055977
6786 0.070933
6787 0.058368
6788 0.076733
6789 0.059586
6790 0.063138
6791 0.061772
6793 0.041787
6794 0.06157
6795 0.087864
6796 0.076531
6798 0.048901
6799 0.082596
6800 0.018413
6802 0.036
6803 0.027871
6804 0.024123
6806 0.017371
6808 0.004334
6810 0.039226
6811 0.009267
6815 0.013337
6817 0.004211
6819 0.12459
6820 0.087786
6821 0.118024
6822 0.085835
6823 0.118024
6824 0.101333
6825 0.057426
6826 0.111364
6828 0.094508
6829 0.085835
6830 0.127468
6831 0.056588
6832 0.109222
6833 0.096565
6834 0.139119
6835 0.125484
6836 0.07713
6838 0.126277
6839 0.115421
6840 0.094426
6841 0.087871
6842 0.115643
6843 0.107678
6844 0.113892
6845 0.128375
6846 0.07623
6847 0.084347
6848 0.109113
6850 0.058839
6851 0.105231
6852 0.105637
6853 0.056159
6854 0.0684
6856 0.094345
6857 0.069898
6858 0.091116
6859 0.089379
6860 0.055125
6861 0.082674
6862 0.07518
6863 0.11157
6864 0.084691
6866 0.049076
6875 0.00512
6880 0.032233
6881 0.327711
6882 0.073662
6884 0.07426
6885 0.052666
6886 0.053542
6887 0.068339
6888 0.075106
6889 0.090551
6890 0.1368
6891 0.121151
6892 0.141998
6893 0.066153
6894 0.159475
6895 0.139482
6897 0.09098
6898 0.10344
6899 0.073732
6900 0.06444
6901 0.028775
6904 0.013566
6906 0.067556
6907 0.019667
6908 0.039724
6911 0.010951
6913 0.043115
6914 0.144954
6915 0.085835
6916 0.067119
6917 0.111467
6918 0.074562
6919 0.152141
6920 0.08498
6921 0.157998
6923 0.10171
6924 0.089485
6925 0.05969
6927 0.039628
6928 0.040206
6929 0.063199
6930 0.061831
6931 0.056705
6933 0.033113
6934 0.057701
6935 0.044593
6936 0.073803
6937 0.107294
6938 0.15291
6939 0.141274
6940 0.143898
6941 0.171335
6942 0.174754
6944 0.141014
6945 0.124364
6946 0.2128
6947 0.142394
6948 0.089439
6949 0.104928
6950 0.076867
6952 0.040295
6953 0.096565
6954 0.060752
6955 0.11089
6956 0.081142
6958 0.04
6960 0.008817
6970 0.00114
6971 0.028825
6972 0.042876
6973 0.054838
6975 0.051727
6976 0.05755
6977 0.049565
6978 0.059858
6979 0.076733
6980 0.052666
6982 0.041738
6983 0.054502
6984 0.114108
6985 0.051477
6986 0.105434
6988 0.082596
6989 0.030915
6990 0.055513
6992 0.013023
7001 0.001605
7004 0.003441
7005 0.007702
7019 0.0008
7020 0.024195
7036 0.003326
7038 0.031569
7039 0.053911
7040 0.038535
7041 0.047958
7042 0.041415
7044 0.02921
7045 0.054838
7046 0.06524
7047 0.073732
7048 0.059762
7050 0.078296
7051 0.079304
7052 0.096659
7053 0.066041
7054 0.049369
7055 0.093184
7056 0.152454
7057 0.119825
7058 0.066651
7060 0.156203
7061 0.129006
7062 0.084185
7063 0.154286
7064 0.151343
7065 0.084894
7066 0.17328
7069 0.068809
7070 0.246272
7071 0.097909
7072 0.186193
7073 0.134282
7074 0.136932
7075 0.067357
7076 0.126398
7077 0.129133
7078 0.126802
7079 0.096376
7081 0.066712
7082 0.12652
7083 0.10007
7084 0.182758
7085 0.139482
7086 0.11029
7087 0.181865
7088 0.168694
7089 0.18
7091 0.076338
7092 0.215221
7093 0.185342
7094 0.145533
7095 0.215221
7109 0.008068
7110 0.11357
7111 0.132964
7112 0.113674
7116 0.439993
7117 1.913614
7118 2.123413
7119 1.634721
7120 2.249405
7121 2.104216
7122 2.174473
7123 2.590386
7124 2.925146
7125 3.031729
7126 2.675657
7127 3.357618
7128 2.844396
7129 2.001357
7130 1.69036
7131 1.395369
7133 1.940239
7134 1.850842
7135 1.74633
7136 3.64689
7137 2.711289
7138 3.316563
7139 2.691064
7140 2.945023
7141 3.252388
7142 2.325478
7143 1.673788
7144 3.011694
7145 3.381195
7146 2.73988
7147 2.924295
7148 2.803511
7150 1.932456
7151 3.006593
7152 1.386824
7153 2.610395
7154 1.396159
7155 2.186613
7156 1.100729
7157 0.798114
7158 1.577319
7159 1.516775
7160 0.474844
7161 1.451976
7162 0.499232
7163 0.89252
7164 0.818243
7165 0.778807
7166 0.90743
7167 1.014713
7169 0.552618
7170 1.199928
7171 1.348865
7172 0.620452
7173 1.398313
7174 1.3885
7175 0.120491
7176 1.569614
7177 0.522874
7178 1.027708
7179 0.661788
7180 0.650139
7181 0.103869
7182 0.786664
7183 0.976362
7184 0.7296
7185 0.584884
7186 1.21608
7187 1.40362
7188 0.967396
7189 1.486897
7190 1.304719
7191 0.92182
7192 1.017543
7193 0.913714
7194 1.016775
7195 0.492464
7197 1.195695
7198 1.158905
7199 0.837938
7200 1.299732
7201 0.944723
7202 1.088885
7203 0.866303
7204 1.17462
7205 0.953537
7206 0.937046
7207 1.018511
7208 1.030406
7209 0.81985
7210 1.317443
7211 0.945498
7212 1.138434
7214 0.888927
7215 0.833519
7216 1.26697
7217 0.537245
7218 1.682012
7219 0.648511
7220 0.711891
7221 0.722886
7222 0.541782
7223 0.718167
7224 0.356381
7225 0.638671
7226 0.387376
7227 0.307833
7228 1.008042
7229 0.817037
7230 0.422031
7231 0.294081
7232 0.250387
7233 0.029578
7235 0.343021
7236 0.22035
7237 0.059695
7238 0.094716
7239 0.28426
7240 0.386382
7241 0.276669
7242 0.511207
7243 0.893625
7244 1.262455
7246 1.087117
7247 0.722827
7248 1.057576
7249 1.213861
7250 0.878557
7251 0.855073
7252 0.714796
7253 0.601188
7254 0.665224
7255 0.114938
7256 0.568519
7257 0.897051
7258 0.411615
7259 0.371163
7260 0.670199
7261 1.314908
7262 0.81384
7263 0.104307
7264 0.874645
7265 0.873642
7266 0.655329
7267 0.456439
7269 1.022902
7270 0.930944
7271 1.100696
7272 0.36419
7273 1.116016
7274 0.91444
7275 1.03017
7276 0.730814
7277 1.51549
7278 0.455203
7279 0.764035
7280 0.607397
7281 0.727335
7282 1.551118
7283 0.388625
7284 1.202637
7285 1.495377
7286 1.282867
7287 0.702733
7288 1.157123
7289 1.060135
7290 0.973344
7291 1.145683
7292 0.445853
7293 1.299607
7294 0.780166
7296 0.727934
7297 0.951177
7298 1.048031
7299 0.461365
7300 1.152798
7301 1.512263
7302 1.804735
7303 0.428316
7304 2.384631
7305 1.621175
7306 1.595553
7307 1.158267
7308 1.722949
7309 0.916844
7310 2.256469
7311 2.472892
7312 1.515397
7313 2.113227
7314 1.637956
7315 1.255691
7316 1.357143
7317 0.26899
7318 1.778807
7319 2.241367
7320 0.745823
7321 0.396988
7322 0.530947
7323 0.693481
7324 0.352251
7326 0.579388
7327 0.101146
7328 0.802166
7329 0.529897
7330 0.44077
7331 0.396211
7332 0.125171
7333 0.333593
7334 0.476768
7335 0.514507
7336 0.387469
7337 0.476768
7338 0.487604
7339 0.2128
7340 0.014374
7342 0.108454
7343 0.396988
7344 0.325391
7345 0.3648
7346 0.134735
7347 0.242264
7348 0.282006
7349 0.600791
7350 0.662743
7351 0.640337
7352 0.239726
7353 0.187579
7354 0.205674
7355 0.182756
7357 0.343341
7358 0.144063
7359 0.444261
7360 0.407058
7361 0.663049
7362 0.231331
7363 0.443311
7364 0.687049
7365 0.533949
7366 0.561338
7367 0.810411
7368 0.682561
7369 0.92402
7370 0.796063
7371 0.366303
7372 0.682829
7373 0.400766
7374 1.012578
7375 0.237011
7376 0.917378
7377 0.449718
7378 0.698358
7379 1.303318
7380 0.711271
7382 0.957359
7383 0.727655
7384 0.855849
7385 0.890541
7386 0.721293
7387 0.86079
7388 0.094567
7389 1.760094
7390 1.528136
7391 2.157435
7393 1.561477
7394 0.668689
7395 1.049574
7396 0.842505
7397 0.675014
7398 0.68601
7399 1.019211
7400 0.779424
7401 1.257303
7402 0.369446
7403 0.327992
7404 1.682248
7405 2.313002
7406 2.986415
7407 3.30583
7408 3.123563
7409 3.158765
7410 3.063722
7411 0.864083
7412 1.0944
7413 1.181085
7414 0.973043
7415 0.187678
7416 0.712583
7417 0.772518
7418 0.70362
7419 0.465933
7420 0.633649
7421 0.930944
7423 0.940141
7424 0.265373
7425 0.50978
7426 0.573721
7427 0.343341
7428 0.176844
7429 0.206491
7430 0.116878
7432 0.112984
7433 0.184389
7434 0.119281
7436 0.077702
7438 0.019
7443 0.004395
7446 0.014739
7451 0.014871
7452 0.053823
7453 0.075106
7454 0.139482
7464 0.001088
7469 0.002224
7470 0.019033
7473 0.019971
7475 0.028952
7476 0.016094
7481 0.003459
7482 0.03911
7483 0.303398
7484 0.130222
7485 0.147465
7487 0.049425
7488 0.108249
7489 0.033189
7490 0.007702
7506 0.000692
7553 0.000381
7554 0.061772
7555 0.094799
7556 0.096084
7557 0.076531
7559 0.081494
7560 0.165192
7561 0.124011
7562 0.143293
7563 0.139473
7564 0.12459
7565 0.136914
7566 0.165348
7567 0.175849
7568 0.130935
7570 0.101499
7571 0.188348
7572 0.162284
7573 0.151343
7574 0.155299
7575 0.089506
7576 0.147465
7577 0.193319
7578 0.139216
7579 0.071877
7580 0.179237
7581 0.119785
7583 0.088578
7584 0.196351
7585 0.147465
7586 0.167885
7587 0.144069
7588 0.165661
7589 0.143059
7591 0.064408
7592 0.175919
7593 0.139923
7594 0.131066
7595 0.038847
7596 0.098065
7597 0.075023
7598 0.1321
7599 0.073803
7600 0.086313
7602 0.007049
7603 0.118363
7604 0.161416
7605 0.157091
7606 0.098704
7607 0.206901
7608 0.159766
7609 0.153807
7610 0.174929
7611 0.179237
7612 0.129678
7613 0.178378
7614 0.189415
7615 0.129027
7616 0.168856
7618 0.178207
7619 0.186545
7620 0.134183
7621 0.182738
7622 0.189598
7623 0.123843
7624 0.167885
7625 0.178036
7626 0.155161
7627 0.130596
7628 0.175517
7629 0.139756
7630 0.164571
7631 0.10608
7632 0.190515
7633 0.141988
7634 0.154576
7635 0.082374
7636 0.160156
7637 0.172177
7638 0.163996
7640 0.108709
7641 0.131978
7642 0.149236
7643 0.139894
7644 0.105605
7645 0.124581
7646 0.123561
7647 0.151579
7649 0.078755
7650 0.149508
7651 0.153063
7652 0.139482
7653 0.089705
7654 0.09315
7655 0.116878
7656 0.129515
7657 0.131855
7658 0.090907
7659 0.136537
7660 0.10954
7661 0.131066
7662 0.1216
7664 0.08907
7665 0.120264
7666 0.126915
7667 0.153063
7668 0.133593
7669 0.063443
7670 0.107678
7671 0.107103
7672 0.11157
7674 0.100404
7675 0.054665
7676 0.058726
7677 0.107399
7678 0.114697
7679 0.121939
7680 0.117153
7681 0.06977
7682 0.066296
7683 0.123778
7684 0.086857
7686 0.103959
7687 0.078102
7688 0.03987
7689 0.075106
7690 0.079376
7691 0.020708
7693 0.071271
7694 0.096754
7695 0.047874
7696 0.089542
7697 0.0212
7698 0.055742
7699 0.101427
7701 0.045411
7702 0.063199
7703 0.081067
7704 0.08946
7705 0.036562
7706 0.061889
7707 0.054556
7709 0.064125
7710 0.0608
7711 0.04967
7712 0.070663
7714 0.044023
7716 0.015218
7717 0.030707
7718 0.042792
7720 0.027794
7722 0.028026
7723 0.032251
7724 0.013503
7727 0.0228
7730 0.009475
7731 0.033164
7732 0.074959
7734 0.062064
7736 0.028822
7737 0.04961
7739 0.066277
7740 0.073803
7741 0.069834
7742 0.05755
7743 0.070933
7744 0.068278
7745 0.06977
7746 0.045868
7747 0.072136
7749 0.079738
7750 0.072204
7751 0.066098
7752 0.068278
7753 0.064376
7754 0.069707
7755 0.048328
7756 0.075106
7757 0.073803
7758 0.076455
7759 0.073803
7760 0.076455
7761 0.070933
7762 0.044974
7763 0.075106
7764 0.07518
7765 0.075032
7766 0.075106
7767 0.073803
7769 0.046615
7770 0.0684
7771 0.075476
7772 0.076531
7773 0.073875
7774 0.072068
7775 0.04685
7776 0.07518
7777 0.07345
7778 0.076733
7779 0.075032
7780 0.070999
7781 0.075032
7782 0.073803
7783 0.048437
7784 0.075106
7785 0.117908
7786 0.214378
7788 0.108631
7789 0.229137
7790 0.207666
7791 0.121143
7792 0.207728
7793 0.200517
7794 0.178996
7796 0.176374
7797 0.210664
7798 0.181069
7799 0.172426
7800 0.239809
7801 0.162
7802 0.161974
7803 0.210664
7804 0.21107
7805 0.209655
7806 0.124004
7807 0.214799
7808 0.169821
7809 0.207616
7811 0.100465
7812 0.181823
7813 0.197283
7814 0.116349
7815 0.150359
7817 0.139482
7818 0.176015
7819 0.165376
7820 0.082604
7821 0.161983
7822 0.136556
7823 0.089954
7824 0.137064
7825 0.185677
7827 0.171688
7828 0.10808
7829 0.182221
7830 0.172107
7831 0.106158
7832 0.182738
7833 0.172426
7834 0.163669
7835 0.091533
7836 0.174406
7837 0.146571
7839 0.185823
7840 0.106516
7841 0.165818
7842 0.165523
7843 0.176043
7844 0.103279
7845 0.17972
7846 0.171948
7847 0.185641
7849 0.130251
7850 0.189598
7851 0.151859
7852 0.168531
7853 0.110574
7854 0.157534
7856 0.189233
7857 0.117601
7858 0.171671
7859 0.163996
7860 0.087607
7861 0.161983
7862 0.172008
7863 0.125918
7864 0.161099
7865 0.14213
7866 0.172008
7867 0.074448
7868 0.161257
7869 0.185307
7870 0.098354
7871 0.125129
7872 0.152249
7874 0.139575
7875 0.131969
7876 0.1536
7877 0.157998
7878 0.089083
7879 0.136914
7880 0.107294
7881 0.097627
7882 0.084507
7883 0.130935
7884 0.139482
7885 0.147892
7887 0.062412
7888 0.115532
7889 0.1321
7890 0.089631
7892 0.083868
7893 0.075032
7894 0.119825
7895 0.098299
7896 0.118659
7897 0.087953
7898 0.136932
7899 0.125914
7900 0.126156
7901 0.069318
7902 0.129221
7904 0.109349
7905 0.140051
7906 0.063526
7907 0.087786
7908 0.091285
7909 0.094426
7910 0.071983
7912 0.092833
7913 0.124129
7914 0.109113
7915 0.126642
7916 0.107294
7917 0.09394
7918 0.094982
7919 0.065533
7920 0.041115
7921 0.101427
7922 0.073379
7923 0.06326
7924 0.073803
7926 0.057949
7927 0.068339
7936 0.004532
7938 0.047254
7939 0.040533
7940 0.041971
7941 0.03645
7942 0.033373
7946 0.001985
7947 0.042918
7949 0.005938
7950 0.028775
7952 0.018902
7953 0.019766
7955 0.02563
7956 0.019778
7958 0.033113
7959 0.021671
7960 0.032117
7962 0.038434
7963 0.042133
7964 0.03222
7968 0.034295
7969 0.08058
7970 0.010143
7971 0.068278
7972 0.019508
7973 0.114
7974 0.074008
7975 0.087864
7977 0.092982
7978 0.045702
7979 0.076867
7980 0.072136
7981 0.040866
7982 0.084023
7984 0.069486
7985 0.063138
7986 0.068339
7987 0.0608
7988 0.082831
7989 0.055638
7990 0.041182
7992 0.075606
7993 0.065533
7994 0.047213
7995 0.029558
7996 0.032188
7998 0.052543
7999 0.010276
8000 0.02573
8001 0.021972
8002 0.069454
8003 0.06326
8005 0.078171
8006 0.025217
8007 0.017652
8009 0.0432
8010 0.027895
8011 0.010719
8018 0.007186
8019 0.054674
8020 0.097889
8021 0.03648
8023 0.040775
8024 0.1361
8026 0.053503
8027 0.168531
8028 0.085835
8029 0.089298
8031 0.085697
8032 0.126764
8033 0.0912
8034 0.109241
8035 0.107678
8036 0.059621
8037 0.139756
8038 0.160784
8040 0.08676
8041 0.1368
8042 0.133589
8044 0.099692
8045 0.044757
8046 0.107294
8047 0.107189
8048 0.093184
8050 0.080473
8051 0.146899
8052 0.128627
8053 0.112785
8054 0.13384
8055 0.1536
8056 0.085257
8057 0.053595
8059 0.144543
8060 0.081612
8061 0.124364
8062 0.096565
8063 0.094435
8064 0.093513
8065 0.111673
8066 0.117908
8068 0.107558
8069 0.069584
8070 0.089379
8071 0.115754
8072 0.080668
8073 0.089869
8074 0.076455
8075 0.020157
8076 0.092833
8077 0.094426
8079 0.094182
8080 0.099401
8081 0.107505
8082 0.060743
8084 0.117362
8085 0.141846
8086 0.149236
8087 0.105998
8088 0.136537
8089 0.150212
8090 0.156064
8091 0.099722
8092 0.139894
8093 0.141988
8094 0.139541
8095 0.137083
8096 0.070379
8097 0.131197
8098 0.118255
8099 0.179237
8101 0.081509
8102 0.082518
8103 0.10954
8104 0.10202
8105 0.111467
8106 0.049076
8107 0.047958
8109 0.037246
8110 0.023791
8111 0.064503
8122 0.002038
8123 0.6848
8124 1.308955
8125 0.972121
8126 1.356032
8127 1.166971
8128 1.338462
8129 0.957243
8130 1.046067
8131 1.533079
8132 1.797336
8133 1.965859
8134 1.98603
8135 2.175576
8136 1.573222
8137 0.446576
8138 1.184231
8139 0.776248
8141 0.929437
8142 1.382247
8143 1.960192
8144 1.014977
8145 1.213283
8146 1.590137
8147 0.943525
8148 0.259635
8149 0.992389
8150 0.780246
8151 0.422172
8152 1.323259
8153 0.348122
8154 0.965959
8155 0.541605
8156 0.448256
8158 0.743712
8159 0.396599
8160 0.536471
8161 0.388015
8162 1.087121
8163 1.533389
8164 1.132595
8165 1.750471
8166 1.455896
8167 1.321673
8168 1.273918
8169 1.493204
8171 1.424317
8172 1.10424
8173 1.246224
8174 1.259421
8175 0.940244
8176 1.495438
8177 1.564523
8178 2.094771
8179 2.000152
8180 2.10814
8181 1.357454
8182 1.767271
8183 1.508763
8184 1.723338
8185 1.613451
8186 2.112335
8187 2.074749
8188 1.587892
8189 2.138094
8190 2.733288
8191 1.82381
8192 1.797388
8193 1.384351
8194 1.277617
8195 1.443165
8196 0.343731
8197 1.062945
8198 0.7296
8199 1.102338
8200 0.327285
8201 1.585295
8202 1.187933
8203 1.441141
8204 0.559435
8205 1.211236
8206 1.089806
8207 0.800253
8208 0.795473
8210 0.900363
8211 1.462812
8212 0.35028
8213 1.636182
8214 1.438023
8215 1.814576
8216 1.89255
8217 2.493091
8218 2.159199
8219 2.072816
8220 0.918378
8221 0.390616
8222 1.311968
8223 1.2275
8224 1.737941
8225 2.099149
8226 1.095907
8227 2.585788
8229 0.619328
8230 2.645802
8231 1.627964
8232 2.548484
8233 1.90497
8234 2.331972
8235 0.656547
8236 1.547964
8237 0.801457
8238 1.760224
8239 0.148397
8240 0.715861
8241 1.047803
8242 1.508763
8243 0.380879
8244 2.8476
8246 2.828353
8247 3.255786
8248 3.238002
8249 2.856615
8250 2.011369
8251 0.55703
8252 1.911377
8253 2.912984
8254 3.972555
8255 2.637455
8256 2.064502
8257 2.855248
8258 4.093091
8259 4.286562
8260 4.0999
8261 1.999712
8262 3.243068
8263 0.570094
8265 0.381938
8266 1.107301
8267 1.24637
8268 1.393942
8269 1.060507
8270 2.035086
8271 0.923267
8272 2.153814
8273 1.125766
8274 1.279873
8275 0.616797
8276 0.601319
8277 1.317636
8278 0.608959
8279 1.186075
8280 0.945647
8281 0.354418
8282 0.553834
8283 3.378973
8284 0.4645
8285 2.863952
8286 2.265046
8287 2.467372
8288 1.76621
8289 1.976621
8290 1.949266
8292 1.791572
8293 1.049574
8294 2.136479
8295 1.51549
8296 0.725988
8297 0.682646
8298 0.765771
8299 1.756432
8300 0.80405
8301 1.124532
8302 3.196884
8303 2.290705
8304 2.701798
8305 1.635718
8306 0.379248
8307 1.842073
8308 2.411429
8310 2.177399
8311 1.10424
8312 2.145457
8313 1.668012
8314 2.005971
8315 2.295944
8316 0.957898
8317 2.313188
8318 3.19131
8319 1.466931
8320 0.699018
8321 1.755374
8322 1.143937
8323 2.26935
8324 2.725186
8325 2.656013
8326 3.341746
8328 2.029511
8329 1.070371
8330 2.149706
8331 0.840167
8332 0.914706
8333 1.268236
8334 2.73229
8335 3.123149
8336 2.470946
8337 2.7548
8338 3.083856
8339 2.613003
8340 0.929943
8341 0.983976
8342 1.041253
8343 0.635794
8344 0.637642
8345 1.475964
8346 1.978885
8347 0.812698
8348 1.622134
8349 1.472096
8350 1.677077
8351 0.804341
8352 1.323259
8353 1.289442
8355 0.202339
8356 0.262394
8357 0.592101
8358 2.334474
8359 2.175345
8360 2.596112
8361 1.921368
8362 2.174228
8363 1.692204
8364 1.732824
8365 1.785784
8366 2.341642
8367 2.887778
8368 3.277982
8369 1.482337
8370 0.81998
8371 2.876084
8372 2.897263
8373 2.159088
8374 2.338925
8375 2.864464
8376 1.489501
8377 1.10424
8378 3.596979
8379 1.505902
8380 3.04
8381 2.47614
8382 1.24637
8383 3.56418
8384 2.38981
8385 2.31781
8387 1.750696
8388 0.918378
8389 2.457457
8390 1.49384
8391 2.02903
8392 1.679098
8393 1.948932
8394 0.782665
8395 1.553503
8396 1.682012
8397 0.837022
8398 0.680016
8399 1.300277
8400 1.328655
8401 1.679525
8402 0.808732
8403 0.579453
8404 1.596228
8406 0.840378
8407 1.526315
8408 0.799661
8409 1.483015
8410 0.873218
8411 0.710649
8412 1.458676
8413 1.217146
8414 0.839016
8415 0.798114
8416 0.942701
8417 0.469615
8418 0.776248
8419 1.063254
8420 0.612275
8421 1.051057
8422 0.451525
8423 1.213592
8424 0.703138
8425 0.859195
8426 0.202934
8427 0.965647
8428 0.783311
8429 1.007577
8430 0.385815
8431 1.159414
8432 0.375827
8434 0.964372
8435 0.487936
8436 1.10145
8437 0.718871
8438 0.240654
8439 1.380491
8440 1.431882
8441 0.552301
8442 0.894313
8443 1.66469
8444 0.903945
8445 0.880471
8446 0.882446
8447 1.177364
8448 0.584719
8449 1.101004
8450 0.748654
8451 1.038641
8452 0.58465
8453 0.452492
8454 0.552618
8456 0.186849
8457 0.189033
8458 0.307833
8459 0.064376
8460 0.331481
8461 0.113214
8462 0.21888
8464 0.111891
8465 0.239584
8467 0.134165
8469 0.962497
8470 1.385598
8471 0.925026
8472 1.198129
8473 1.845903
8474 1.339653
8475 1.815616
8476 1.445974
8477 2.099365
8478 1.367271
8479 1.104047
8480 1.581574
8481 2.032495
8482 2.032698
8483 1.785942
8484 1.186333
8485 2.161471
8486 2.192775
8487 1.929158
8488 2.154658
8489 2.689903
8490 1.643916
8491 1.497782
8492 2.381929
8493 1.056174
8494 1.574362
8496 0.024338
8497 0.825143
8498 0.635588
8499 1.147442
8500 1.217839
8501 1.385591
8502 0.685174
8503 1.872712
8504 1.168111
8505 1.50532
8506 1.475964
8507 0.456488
8508 1.92282
8509 1.591264
8510 0.564356
8511 2.028442
8512 1.077165
8513 0.808184
8514 1.61116
8515 1.40724
8516 0.63289
8517 2.391952
8518 1.0361
8520 0.858693
8521 1.281607
8522 1.560333
8523 0.276554
8524 1.180771
8525 1.040755
8526 0.801045
8527 1.287759
8528 1.569614
8529 0.462818
8530 1.007715
8531 0.797707
8532 2.197546
8533 1.161278
8534 1.266325
8535 0.459189
8536 1.516403
8537 2.730539
8538 1.00561
8539 1.606111
8540 2.627858
8541 1.325123
8543 2.357355
8544 1.511667
8545 2.40179
8546 1.760224
8547 0.757299
8548 2.645802
8549 1.170142
8550 1.761016
8551 0.568519
8552 2.446306
8553 1.943549
8554 1.177173
8555 2.568048
8556 0.37771
8557 2.263145
8558 1.983256
8559 1.68413
8560 1.995415
8562 1.82526
8563 2.573163
8564 0.775817
8565 2.659308
8566 2.296599
8567 1.446468
8568 1.716492
8569 1.188994
8570 1.344951
8571 0.518315
8572 1.399433
8573 1.042704
8574 1.159414
8575 0.612175
8576 1.321949
8577 0.742131
8578 0.823509
8579 1.083671
8580 0.780166
8581 0.440931
8582 0.787181
8583 0.705015
8584 0.504282
8585 0.525741
8586 0.270863
8587 0.43533
8588 0.914659
8590 0.322625
8591 0.251009
8592 0.620862
8593 0.343341
8594 0.4152
8595 0.248727
8596 0.450034
8597 0.501926
8598 0.775643
8599 0.581646
8600 0.5472
8601 0.67181
8602 0.309869
8603 0.437323
8604 0.504777
8605 0.193615
8606 0.509517
8608 0.291131
8609 0.423647
8610 0.395973
8611 0.414938
8612 0.515012
8613 0.12869
8614 0.407718
8615 0.150491
8617 0.157609
8618 0.271253
8619 0.13127
8620 0.258567
8622 0.537661
8623 0.543393
8624 0.39359
8625 0.518659
8626 0.310533
8627 0.502921
8628 0.253637
8629 0.379912
8630 0.346741
8631 0.204
8632 0.325925
8633 0.493842
8634 0.558896
8635 0.587382
8636 0.537883
8637 0.385186
8638 0.443822
8639 0.543247
8640 0.573495
8641 0.376768
8643 0.326739
8644 0.422172
8645 0.185354
8646 0.257908
8647 0.450665
8648 0.42259
8649 0.288381
8650 0.379036
8652 0.234966
8653 0.228715
8654 0.127503
8655 0.136693
8656 0.168225
8657 0.097521
8658 0.129456
8659 0.316411
8660 0.244563
8662 0.5285
8663 0.616264
8664 0.143054
8665 0.163649
8666 0.009354
8667 0.067795
8669 0.020566
8670 0.032507
8672 0.026693
8676 0.005187
8677 0.086685
8678 0.119192
8679 0.144282
8680 0.195042
8681 0.233529
8682 0.161117
8683 0.318757
8684 0.391385
8686 0.283312
8687 0.422212
8688 0.569877
8689 0.365715
8690 0.237856
8691 0.520111
8692 0.31447
8693 0.678532
8694 0.24736
8695 0.880308
8696 0.516445
8697 0.883329
8698 0.999759
8699 0.914214
8700 0.807659
8701 1.051057
8702 0.284087
8703 0.530947
8704 0.650139
8705 0.378653
8706 1.106214
8708 0.454999
8709 1.008626
8710 0.92103
8711 0.097988
8712 0.590386
8713 0.548031
8714 0.418447
8715 0.472094
8716 0.420396
8717 0.536471
8718 0.531566
8719 0.197875
8720 0.478136
8721 0.590118
8722 0.138895
8723 0.576618
8724 0.515012
8725 0.661972
8726 0.576494
8727 0.470453
8728 0.289694
8729 0.272774
8731 0.378872
8732 0.225983
8733 0.15378
8734 0.308889
8735 0.289694
8736 0.13363
8737 0.334168
8738 0.19206
8739 0.343341
8740 0.250712
8741 0.403759
8743 0.170664
8744 0.118314
8745 0.148609
8746 0.289978
8747 0.2944
8748 0.231285
8749 0.169953
8750 0.300424
8751 0.341192
8752 0.297507
8753 0.267037
8754 0.321882
8755 0.291116
8756 0.243545
8757 0.345003
8758 0.540925
8759 0.302711
8761 0.286882
8762 0.139221
8763 0.048425
8764 0.05705
8766 0.098892
8767 0.238384
8768 0.078551
8770 0.028537
8773 0.019336
8775 0.017941
8777 0.034611
8778 0.032188
8779 0.035706
8781 0.099491
8782 0.086262
8784 0.017652
8785 0.139287
8786 0.087465
8787 0.075761
8788 0.221679
8789 0.008419
8848 0.000375
8849 0.030288
8850 0.006849
8851 0.021107
8853 0.009418
8854 0.050714
8855 0.024892
8856 0.04296
8857 0.029262
8859 0.045006
8860 0.032571
8861 0.04904
8921 0.002208
8922 0.071957
8923 0.049836
8925 0.057
8926 0.050761
8927 0.047958
8929 0.027411
8930 0.027777
8931 0.007696
8937 0.00773
8938 0.036602
8939 0.040571
8940 0.018902
8942 0.019971
8943 0.02452
8944 0.034715
8946 0.014438
8948 0.020254
8958 0.002062
8959 0.010729
8961 0.01289
8962 0.0109
8963 0.069834
8965 0.011774
8966 0.039016
8967 0.01824
8968 0.010523
8969 0.019508
8971 0.009259
8976 0.004828
8978 0.027724
8979 0.007506
8981 0.02569
8982 0.039869
8983 0.0304
8984 0.030004
8985 0.021866
8987 0.024873
8989 0.015769
8993 0.008214
8994 0.02432
8995 0.017208
8997 0.026435
8999 0.015494
9000 0.031814
9002 0.037803
9003 0.023089
9005 0.023523
9006 0.015458
9008 0.005812
9010 0.011394
9011 0.034771
9014 0.002747
9016 0.017912
9019 0.010879
9020 0.009243
9021 0.015221
9023 0.013029
9024 0.0192
9025 0.009443
9027 0.023089
9028 0.01074
9029 0.027337
9031 0.011406
9032 0.030698
9034 0.022274
9035 0.016094
9036 0.0288
9037 0.019916
9039 0.042028
9040 0.011649
9042 0.030974
9043 0.019862
9044 0.026336
9050 0.001394
9052 0.016359
9053 0.021844
9054 0.008819
9055 0.023154
9056 0.030915
9058 0.020494
9059 0.029419
9060 0.031478
9061 0.02565
9063 0.024593
9064 0.041376
9065 0.018518
9066 0.0304
9068 0.030944
9069 0.031032
9070 0.039016
9071 0.052768
9072 0.027337
9073 0.016621
9075 0.048211
9076 0.053647
9077 0.071882
9078 0.047583
9080 0.050472
9081 0.05472
9082 0.036419
9083 0.023809
9085 0.031745
9086 0.030026
9087 0.044889
9088 0.070933
9090 0.04693
9091 0.047071
9092 0.047958
9093 0.039869
9095 0.040684
9096 0.060913
9097 0.075106
9098 0.027821
9107 0.017062
9108 0.308609
9109 0.018902
9110 0.040571
9111 0.032157
9112 0.0192
9113 0.039016
9115 0.039156
9116 0.024892
9117 0.05118
9118 0.027895
9119 0.032157
9120 0.031448
9121 0.049032
9123 0.032571
9124 0.042918
9125 0.04285
9126 0.043407
9129 0.004023
9130 0.032552
9131 0.029929
9133 0.029499
9135 0.010428
9137 0.010955
9138 0.021614
9140 0.030806
9141 0.021292
9143 0.015807
9145 0.02736
9146 0.017637
9147 0.021614
9149 0.024873
9150 0.020267
9154 0.009249
9155 0.039114
9156 0.041455
9157 0.054665
9159 0.040866
9160 0.051525
9161 0.042173
9162 0.059077
9164 0.048324
9165 0.086324
9166 0.078102
9167 0.063199
9168 0.072839
9169 0.082518
9170 0.040197
9171 0.092833
9172 0.085584
9174 0.060038
9175 0.052514
9176 0.049745
9177 0.088567
9178 0.025775
9179 0.084185
9181 0.04104
9183 0.020276
9185 0.022109
9186 0.008291
9188 0.013322
9189 0.020248
9191 0.020044
9192 0.019508
9193 0.021046
9195 0.011922
9197 0.011508
9198 0.018225
9200 0.009682
9211 0.000857
9213 0.006286
9214 0.008438
9215 0.008497
9217 0.010868
9219 0.013827
9220 0.021614
9221 0.0096
9224 0.008898
9225 0.027292
9226 0.025294
9227 0.019578
9229 0.048
9230 0.023385
9231 0.041455
9233 0.027343
9234 0.022846
9235 0.040533
9236 0.040272
9237 0.031179
9241 0.012868
9245 0.00567
9249 0.005233
9250 0.073143
9252 0.012572
9253 0.010729
9254 0.008978
9255 0.02063
9256 0.02736
9257 0.021459
9259 0.017151
9260 0.046294
9261 0.052717
9262 0.030372
9264 0.026644
9265 0.033189
9266 0.039796
9267 0.008412
9269 0.0096
9270 0.039191
9271 0.018533
9273 0.019066
9274 0.026956
9276 0.008678
9286 0.002318
9287 0.05755
9288 0.06326
9289 0.054611
9290 0.074386
9291 0.057992
9292 0.054665
9295 0.018482
9296 0.033596
9297 0.038434
9298 0.037974
9300 0.030421
9301 0.029874
9302 0.037036
9303 0.029929
9305 0.032571
9306 0.040897
9307 0.032693
9309 0.025422
9310 0.013281
9312 0.026802
9313 0.029902
9314 0.05134
9315 0.047132
9316 0.049745
9318 0.039652
9319 0.044852
9324 0.031603
9325 0.027307
9326 0.04904
9328 0.046803
9329 0.046491
9330 0.037067
9331 0.029902
9332 0.02061
9333 0.029262
9334 0.048988
9336 0.0288
9337 0.039016
9338 0.02875
9339 0.060085
9341 0.012758
9342 0.047213
9343 0.045568
9345 0.027824
9346 0.009592
9347 0.02736
9348 0.056705
9349 0.046334
9350 0.047958
9352 0.052114
9353 0.063417
9354 0.066067
9355 0.032764
9356 0.075106
9357 0.019166
9358 0.091369
9360 0.039869
9361 0.039652
9363 0.032904
9364 0.050667
9365 0.03597
9366 0.046294
9367 0.034743
9369 0.025419
9370 0.072204
9371 0.065468
9372 0.061197
9373 0.05287
9375 0.037505
9376 0.0576
9377 0.05062
9378 0.0109
9379 0.071131
9380 0.032799
9381 0.020211
9382 0.012087
9383 0.040458
9384 0.039724
9386 0.02736
9387 0.044926
9388 0.030944
9389 0.035953
9391 0.034307
9392 0.014524
9393 0.029472
9394 0.021438
9395 0.0288
9397 0.0608
9398 0.042133
9401 0.008495
9403 0.037048
9404 0.059586
9405 0.086324
9406 0.072477
9407 0.091285
9408 0.09728
9409 0.054248
9410 0.147607
9411 0.098201
9412 0.131197
9413 0.068386
9414 0.104928
9416 0.058891
9417 0.065814
9418 0.042876
9419 0.0672
9420 0.061981
9422 0.024104
9424 0.027039
9425 0.008438
9427 0.024816
9428 0.026978
9430 0.01607
9431 0.025496
9433 0.02304
9434 0.021866
9435 0.016915
9437 0.011394
9438 0.026078
9440 0.011883
9442 0.005757
9445 0.011565
9446 0.009958
9448 0.0057
9453 0.002112
9455 0.007291
